[2024-10-15 02:15:14,229][INFO] Step 1: size: 1, coverage: 2.50%, cost: 1.0
[2024-10-15 02:15:14,232][INFO] Step 2: size: 2, coverage: 7.00%, cost: 3.0
[2024-10-15 02:15:14,235][INFO] Step 3: size: 3, coverage: 9.00%, cost: 4.0
[2024-10-15 02:15:14,238][INFO] Step 4: size: 4, coverage: 12.50%, cost: 6.0
[2024-10-15 02:15:14,242][INFO] Step 5: size: 5, coverage: 14.00%, cost: 7.0
[2024-10-15 02:15:14,245][INFO] Step 6: size: 6, coverage: 15.50%, cost: 8.0
[2024-10-15 02:15:14,248][INFO] Step 7: size: 7, coverage: 19.50%, cost: 11.0
[2024-10-15 02:15:14,251][INFO] Step 8: size: 8, coverage: 20.50%, cost: 12.0
[2024-10-15 02:15:14,255][INFO] Step 9: size: 9, coverage: 22.50%, cost: 14.0
[2024-10-15 02:15:14,258][INFO] Step 10: size: 10, coverage: 24.50%, cost: 16.0
[2024-10-15 02:15:14,261][INFO] Step 11: size: 11, coverage: 27.00%, cost: 19.0
[2024-10-15 02:15:14,264][INFO] Step 12: size: 12, coverage: 29.50%, cost: 22.0
[2024-10-15 02:15:14,268][INFO] Step 13: size: 13, coverage: 31.00%, cost: 24.0
[2024-10-15 02:15:14,271][INFO] Step 14: size: 14, coverage: 33.00%, cost: 27.0
[2024-10-15 02:15:14,274][INFO] Step 15: size: 15, coverage: 35.00%, cost: 30.0
[2024-10-15 02:15:14,278][INFO] Step 16: size: 16, coverage: 35.50%, cost: 31.0
[2024-10-15 02:15:14,281][INFO] Step 17: size: 17, coverage: 36.50%, cost: 33.0
[2024-10-15 02:15:14,284][INFO] Step 18: size: 18, coverage: 37.50%, cost: 35.0
[2024-10-15 02:15:14,288][INFO] Step 19: size: 19, coverage: 38.50%, cost: 37.0
[2024-10-15 02:15:14,291][INFO] Step 20: size: 20, coverage: 40.00%, cost: 40.0
[2024-10-15 02:15:14,294][INFO] Step 21: size: 21, coverage: 41.50%, cost: 43.0
[2024-10-15 02:15:14,298][INFO] Step 22: size: 22, coverage: 43.50%, cost: 47.0
[2024-10-15 02:15:14,301][INFO] Step 23: size: 23, coverage: 45.50%, cost: 51.0
[2024-10-15 02:15:14,304][INFO] Step 24: size: 24, coverage: 48.00%, cost: 56.0
[2024-10-15 02:15:14,308][INFO] Step 25: size: 25, coverage: 50.00%, cost: 61.0
[2024-10-15 02:15:14,311][INFO] Step 26: size: 26, coverage: 52.00%, cost: 66.0
[2024-10-15 02:15:14,314][INFO] Step 27: size: 27, coverage: 54.00%, cost: 71.0
[2024-10-15 02:15:14,318][INFO] Step 28: size: 28, coverage: 55.00%, cost: 74.0
[2024-10-15 02:15:14,321][INFO] Step 29: size: 29, coverage: 56.00%, cost: 77.0
[2024-10-15 02:15:14,324][INFO] Step 30: size: 30, coverage: 57.50%, cost: 82.0
[2024-10-15 02:15:14,328][INFO] Step 31: size: 31, coverage: 59.00%, cost: 87.0
[2024-10-15 02:15:14,331][INFO] Step 32: size: 32, coverage: 60.50%, cost: 92.0
[2024-10-15 02:15:14,335][INFO] Step 33: size: 33, coverage: 62.50%, cost: 99.0
[2024-10-15 02:15:14,338][INFO] Step 34: size: 34, coverage: 63.00%, cost: 101.0
[2024-10-15 02:15:14,342][INFO] Step 35: size: 35, coverage: 64.00%, cost: 105.0
[2024-10-15 02:15:14,345][INFO] Step 36: size: 36, coverage: 65.00%, cost: 109.0
[2024-10-15 02:15:14,349][INFO] Step 37: size: 37, coverage: 66.00%, cost: 113.0
[2024-10-15 02:15:14,352][INFO] Step 38: size: 38, coverage: 68.00%, cost: 123.0
[2024-10-15 02:15:14,356][INFO] Step 39: size: 39, coverage: 71.50%, cost: 141.0
[2024-10-15 02:15:14,359][INFO] Step 40: size: 40, coverage: 72.00%, cost: 144.0
[2024-10-15 02:15:14,363][INFO] Step 41: size: 41, coverage: 72.50%, cost: 147.0
[2024-10-15 02:15:14,366][INFO] Step 42: size: 42, coverage: 73.00%, cost: 150.0
[2024-10-15 02:15:14,370][INFO] Step 43: size: 43, coverage: 74.00%, cost: 156.0
[2024-10-15 02:15:14,373][INFO] Step 44: size: 44, coverage: 75.00%, cost: 162.0
[2024-10-15 02:15:14,377][INFO] Step 45: size: 45, coverage: 76.50%, cost: 172.0
[2024-10-15 02:15:14,380][INFO] Step 46: size: 46, coverage: 78.00%, cost: 182.0
[2024-10-15 02:15:14,384][INFO] Step 47: size: 47, coverage: 79.50%, cost: 193.0
[2024-10-15 02:15:14,387][INFO] Step 48: size: 48, coverage: 80.00%, cost: 197.0
[2024-10-15 02:15:14,391][INFO] Step 49: size: 49, coverage: 80.50%, cost: 201.0
[2024-10-15 02:15:14,395][INFO] Step 50: size: 50, coverage: 81.00%, cost: 205.0
[2024-10-15 02:15:14,398][INFO] Step 51: size: 51, coverage: 82.00%, cost: 213.0
[2024-10-15 02:15:14,402][INFO] Step 52: size: 52, coverage: 83.00%, cost: 222.0
[2024-10-15 02:15:14,406][INFO] Step 53: size: 53, coverage: 85.00%, cost: 240.0
[2024-10-15 02:15:14,409][INFO] Step 54: size: 54, coverage: 85.50%, cost: 245.0
[2024-10-15 02:15:14,413][INFO] Step 55: size: 55, coverage: 86.00%, cost: 250.0
[2024-10-15 02:15:14,417][INFO] Step 56: size: 56, coverage: 86.50%, cost: 255.0
[2024-10-15 02:15:14,420][INFO] Step 57: size: 57, coverage: 87.00%, cost: 261.0
[2024-10-15 02:15:14,424][INFO] Step 58: size: 58, coverage: 87.50%, cost: 267.0
[2024-10-15 02:15:14,428][INFO] Step 59: size: 59, coverage: 88.50%, cost: 279.0
[2024-10-15 02:15:14,432][INFO] Step 60: size: 60, coverage: 89.00%, cost: 286.0
[2024-10-15 02:15:14,435][INFO] Step 61: size: 61, coverage: 89.50%, cost: 294.0
[2024-10-15 02:15:14,439][INFO] Step 62: size: 62, coverage: 90.50%, cost: 310.0
[2024-10-15 02:15:14,443][INFO] Step 63: size: 63, coverage: 91.00%, cost: 319.0
[2024-10-15 02:15:14,447][INFO] Step 64: size: 64, coverage: 91.50%, cost: 328.0
[2024-10-15 02:15:14,451][INFO] Step 65: size: 65, coverage: 92.50%, cost: 346.0
[2024-10-15 02:15:14,454][INFO] Step 66: size: 66, coverage: 93.00%, cost: 356.0
[2024-10-15 02:15:14,458][INFO] Step 67: size: 67, coverage: 93.50%, cost: 366.0
[2024-10-15 02:15:14,462][INFO] Step 68: size: 68, coverage: 94.50%, cost: 388.0
[2024-10-15 02:15:14,466][INFO] Step 69: size: 69, coverage: 95.00%, cost: 400.0
[2024-10-15 02:15:14,470][INFO] Step 70: size: 70, coverage: 95.50%, cost: 412.0
[2024-10-15 02:15:14,474][INFO] Step 71: size: 71, coverage: 96.00%, cost: 426.0
[2024-10-15 02:15:14,478][INFO] Step 72: size: 72, coverage: 96.50%, cost: 441.0
[2024-10-15 02:15:14,482][INFO] Step 73: size: 73, coverage: 97.00%, cost: 456.0
[2024-10-15 02:15:14,486][INFO] Step 74: size: 74, coverage: 97.50%, cost: 472.0
[2024-10-15 02:15:14,490][INFO] Step 75: size: 75, coverage: 98.00%, cost: 488.0
[2024-10-15 02:15:14,494][INFO] Step 76: size: 76, coverage: 98.50%, cost: 506.0
[2024-10-15 02:15:14,498][INFO] Step 77: size: 77, coverage: 99.00%, cost: 525.0
[2024-10-15 02:15:14,502][INFO] Step 78: size: 78, coverage: 99.50%, cost: 547.0
[2024-10-15 02:15:14,506][INFO] Step 79: size: 79, coverage: 100.00%, cost: 577.0
[2024-10-15 02:15:14,617][INFO] Redundancy elimination: [np.int64(61), np.int64(102), np.int64(75), np.int64(22), np.int64(57), np.int64(35), np.int64(26), np.int64(31), np.int64(24), np.int64(28), np.int64(4), np.int64(14), np.int64(16)] -> cost: 54.0
[2024-10-15 02:15:14,617][INFO] Redundancy elimination: [np.int64(10), np.int64(102), np.int64(61), np.int64(75), np.int64(26), np.int64(57), np.int64(35), np.int64(31), np.int64(14), np.int64(9), np.int64(24), np.int64(28), np.int64(22), np.int64(16), np.int64(3), np.int64(4)] -> cost: 59.0
[2024-10-15 02:15:14,617][INFO] Redundancy elimination: [np.int64(57), np.int64(102), np.int64(61), np.int64(50), np.int64(22), np.int64(35), np.int64(26), np.int64(24), np.int64(28), np.int64(12), np.int64(31), np.int64(14), np.int64(16), np.int64(4), np.int64(3)] -> cost: 54.0
[2024-10-15 02:15:14,617][INFO] Redundancy elimination: [np.int64(102), np.int64(75), np.int64(61), np.int64(57), np.int64(28), np.int64(35), np.int64(24), np.int64(31), np.int64(10), np.int64(26), np.int64(14), np.int64(22), np.int64(16), np.int64(9), np.int64(3), np.int64(4)] -> cost: 59.0
[2024-10-15 02:15:14,617][INFO] Redundancy elimination: [np.int64(75), np.int64(61), np.int64(57), np.int64(35), np.int64(26), np.int64(28), np.int64(31), np.int64(102), np.int64(9), np.int64(24), np.int64(10), np.int64(22), np.int64(0)] -> cost: 54.0
[2024-10-15 02:15:14,617][INFO] Size: 79 -> 63
[2024-10-15 02:15:14,617][INFO] Cost: 577.0 -> 518.0
[2024-10-15 02:15:15,543][INFO] Explored 34846 neighbors, found 327 feasible (0.94%)
[2024-10-15 02:15:15,545][INFO] Step 0: cost -> 518.0
[2024-10-15 02:15:16,471][INFO] Explored 34846 neighbors, found 327 feasible (0.94%)
[2024-10-15 02:15:16,473][INFO] Step 1: cost -> 518.0
[2024-10-15 02:15:17,400][INFO] Explored 34846 neighbors, found 327 feasible (0.94%)
[2024-10-15 02:15:17,401][INFO] Step 2: cost -> 518.0
[2024-10-15 02:21:45,158][INFO] Step 1: size: 1, coverage: 2.50%, cost: 1.0
[2024-10-15 02:21:45,161][INFO] Step 2: size: 2, coverage: 7.00%, cost: 3.0
[2024-10-15 02:21:45,165][INFO] Step 3: size: 3, coverage: 9.00%, cost: 4.0
[2024-10-15 02:21:45,168][INFO] Step 4: size: 4, coverage: 12.50%, cost: 6.0
[2024-10-15 02:21:45,171][INFO] Step 5: size: 5, coverage: 14.00%, cost: 7.0
[2024-10-15 02:21:45,174][INFO] Step 6: size: 6, coverage: 15.50%, cost: 8.0
[2024-10-15 02:21:45,178][INFO] Step 7: size: 7, coverage: 19.50%, cost: 11.0
[2024-10-15 02:21:45,181][INFO] Step 8: size: 8, coverage: 20.50%, cost: 12.0
[2024-10-15 02:21:45,184][INFO] Step 9: size: 9, coverage: 22.50%, cost: 14.0
[2024-10-15 02:21:45,187][INFO] Step 10: size: 10, coverage: 24.50%, cost: 16.0
[2024-10-15 02:21:45,191][INFO] Step 11: size: 11, coverage: 27.00%, cost: 19.0
[2024-10-15 02:21:45,194][INFO] Step 12: size: 12, coverage: 29.50%, cost: 22.0
[2024-10-15 02:21:45,197][INFO] Step 13: size: 13, coverage: 31.00%, cost: 24.0
[2024-10-15 02:21:45,201][INFO] Step 14: size: 14, coverage: 33.00%, cost: 27.0
[2024-10-15 02:21:45,204][INFO] Step 15: size: 15, coverage: 35.00%, cost: 30.0
[2024-10-15 02:21:45,207][INFO] Step 16: size: 16, coverage: 35.50%, cost: 31.0
[2024-10-15 02:21:45,210][INFO] Step 17: size: 17, coverage: 36.50%, cost: 33.0
[2024-10-15 02:21:45,214][INFO] Step 18: size: 18, coverage: 37.50%, cost: 35.0
[2024-10-15 02:21:45,217][INFO] Step 19: size: 19, coverage: 38.50%, cost: 37.0
[2024-10-15 02:21:45,220][INFO] Step 20: size: 20, coverage: 40.00%, cost: 40.0
[2024-10-15 02:21:45,224][INFO] Step 21: size: 21, coverage: 41.50%, cost: 43.0
[2024-10-15 02:21:45,227][INFO] Step 22: size: 22, coverage: 43.50%, cost: 47.0
[2024-10-15 02:21:45,230][INFO] Step 23: size: 23, coverage: 45.50%, cost: 51.0
[2024-10-15 02:21:45,234][INFO] Step 24: size: 24, coverage: 48.00%, cost: 56.0
[2024-10-15 02:21:45,237][INFO] Step 25: size: 25, coverage: 50.00%, cost: 61.0
[2024-10-15 02:21:45,240][INFO] Step 26: size: 26, coverage: 52.00%, cost: 66.0
[2024-10-15 02:21:45,244][INFO] Step 27: size: 27, coverage: 54.00%, cost: 71.0
[2024-10-15 02:21:45,247][INFO] Step 28: size: 28, coverage: 55.00%, cost: 74.0
[2024-10-15 02:21:45,251][INFO] Step 29: size: 29, coverage: 56.00%, cost: 77.0
[2024-10-15 02:21:45,254][INFO] Step 30: size: 30, coverage: 57.50%, cost: 82.0
[2024-10-15 02:21:45,257][INFO] Step 31: size: 31, coverage: 59.00%, cost: 87.0
[2024-10-15 02:21:45,261][INFO] Step 32: size: 32, coverage: 60.50%, cost: 92.0
[2024-10-15 02:21:45,264][INFO] Step 33: size: 33, coverage: 62.50%, cost: 99.0
[2024-10-15 02:21:45,268][INFO] Step 34: size: 34, coverage: 63.00%, cost: 101.0
[2024-10-15 02:21:45,271][INFO] Step 35: size: 35, coverage: 64.00%, cost: 105.0
[2024-10-15 02:21:45,275][INFO] Step 36: size: 36, coverage: 65.00%, cost: 109.0
[2024-10-15 02:21:45,278][INFO] Step 37: size: 37, coverage: 66.00%, cost: 113.0
[2024-10-15 02:21:45,282][INFO] Step 38: size: 38, coverage: 68.00%, cost: 123.0
[2024-10-15 02:21:45,285][INFO] Step 39: size: 39, coverage: 71.50%, cost: 141.0
[2024-10-15 02:21:45,289][INFO] Step 40: size: 40, coverage: 72.00%, cost: 144.0
[2024-10-15 02:21:45,292][INFO] Step 41: size: 41, coverage: 72.50%, cost: 147.0
[2024-10-15 02:21:45,296][INFO] Step 42: size: 42, coverage: 73.00%, cost: 150.0
[2024-10-15 02:21:45,299][INFO] Step 43: size: 43, coverage: 74.00%, cost: 156.0
[2024-10-15 02:21:45,303][INFO] Step 44: size: 44, coverage: 75.00%, cost: 162.0
[2024-10-15 02:21:45,306][INFO] Step 45: size: 45, coverage: 76.50%, cost: 172.0
[2024-10-15 02:21:45,310][INFO] Step 46: size: 46, coverage: 78.00%, cost: 182.0
[2024-10-15 02:21:45,313][INFO] Step 47: size: 47, coverage: 79.50%, cost: 193.0
[2024-10-15 02:21:45,317][INFO] Step 48: size: 48, coverage: 80.00%, cost: 197.0
[2024-10-15 02:21:45,321][INFO] Step 49: size: 49, coverage: 80.50%, cost: 201.0
[2024-10-15 02:21:45,324][INFO] Step 50: size: 50, coverage: 81.00%, cost: 205.0
[2024-10-15 02:21:45,328][INFO] Step 51: size: 51, coverage: 82.00%, cost: 213.0
[2024-10-15 02:21:45,332][INFO] Step 52: size: 52, coverage: 83.00%, cost: 222.0
[2024-10-15 02:21:45,335][INFO] Step 53: size: 53, coverage: 85.00%, cost: 240.0
[2024-10-15 02:21:45,339][INFO] Step 54: size: 54, coverage: 85.50%, cost: 245.0
[2024-10-15 02:21:45,343][INFO] Step 55: size: 55, coverage: 86.00%, cost: 250.0
[2024-10-15 02:21:45,346][INFO] Step 56: size: 56, coverage: 86.50%, cost: 255.0
[2024-10-15 02:21:45,350][INFO] Step 57: size: 57, coverage: 87.00%, cost: 261.0
[2024-10-15 02:21:45,354][INFO] Step 58: size: 58, coverage: 87.50%, cost: 267.0
[2024-10-15 02:21:45,357][INFO] Step 59: size: 59, coverage: 88.50%, cost: 279.0
[2024-10-15 02:21:45,361][INFO] Step 60: size: 60, coverage: 89.00%, cost: 286.0
[2024-10-15 02:21:45,365][INFO] Step 61: size: 61, coverage: 89.50%, cost: 294.0
[2024-10-15 02:21:45,369][INFO] Step 62: size: 62, coverage: 90.50%, cost: 310.0
[2024-10-15 02:21:45,373][INFO] Step 63: size: 63, coverage: 91.00%, cost: 319.0
[2024-10-15 02:21:45,376][INFO] Step 64: size: 64, coverage: 91.50%, cost: 328.0
[2024-10-15 02:21:45,380][INFO] Step 65: size: 65, coverage: 92.50%, cost: 346.0
[2024-10-15 02:21:45,384][INFO] Step 66: size: 66, coverage: 93.00%, cost: 356.0
[2024-10-15 02:21:45,388][INFO] Step 67: size: 67, coverage: 93.50%, cost: 366.0
[2024-10-15 02:21:45,392][INFO] Step 68: size: 68, coverage: 94.50%, cost: 388.0
[2024-10-15 02:21:45,396][INFO] Step 69: size: 69, coverage: 95.00%, cost: 400.0
[2024-10-15 02:21:45,399][INFO] Step 70: size: 70, coverage: 95.50%, cost: 412.0
[2024-10-15 02:21:45,403][INFO] Step 71: size: 71, coverage: 96.00%, cost: 426.0
[2024-10-15 02:21:45,407][INFO] Step 72: size: 72, coverage: 96.50%, cost: 441.0
[2024-10-15 02:21:45,411][INFO] Step 73: size: 73, coverage: 97.00%, cost: 456.0
[2024-10-15 02:21:45,415][INFO] Step 74: size: 74, coverage: 97.50%, cost: 472.0
[2024-10-15 02:21:45,419][INFO] Step 75: size: 75, coverage: 98.00%, cost: 488.0
[2024-10-15 02:21:45,423][INFO] Step 76: size: 76, coverage: 98.50%, cost: 506.0
[2024-10-15 02:21:45,427][INFO] Step 77: size: 77, coverage: 99.00%, cost: 525.0
[2024-10-15 02:21:45,431][INFO] Step 78: size: 78, coverage: 99.50%, cost: 547.0
[2024-10-15 02:21:45,435][INFO] Step 79: size: 79, coverage: 100.00%, cost: 577.0
[2024-10-15 02:21:45,546][INFO] Redundancy elimination: [np.int64(61), np.int64(102), np.int64(75), np.int64(22), np.int64(57), np.int64(35), np.int64(26), np.int64(31), np.int64(24), np.int64(28), np.int64(4), np.int64(14), np.int64(16)] -> cost: 54.0
[2024-10-15 02:21:45,546][INFO] Redundancy elimination: [np.int64(10), np.int64(102), np.int64(61), np.int64(75), np.int64(26), np.int64(57), np.int64(35), np.int64(31), np.int64(14), np.int64(9), np.int64(24), np.int64(28), np.int64(22), np.int64(16), np.int64(3), np.int64(4)] -> cost: 59.0
[2024-10-15 02:21:45,546][INFO] Redundancy elimination: [np.int64(57), np.int64(102), np.int64(61), np.int64(50), np.int64(22), np.int64(35), np.int64(26), np.int64(24), np.int64(28), np.int64(12), np.int64(31), np.int64(14), np.int64(16), np.int64(4), np.int64(3)] -> cost: 54.0
[2024-10-15 02:21:45,546][INFO] Redundancy elimination: [np.int64(102), np.int64(75), np.int64(61), np.int64(57), np.int64(28), np.int64(35), np.int64(24), np.int64(31), np.int64(10), np.int64(26), np.int64(14), np.int64(22), np.int64(16), np.int64(9), np.int64(3), np.int64(4)] -> cost: 59.0
[2024-10-15 02:21:45,546][INFO] Redundancy elimination: [np.int64(75), np.int64(61), np.int64(57), np.int64(35), np.int64(26), np.int64(28), np.int64(31), np.int64(102), np.int64(9), np.int64(24), np.int64(10), np.int64(22), np.int64(0)] -> cost: 54.0
[2024-10-15 02:21:45,546][INFO] Size: 79 -> 63
[2024-10-15 02:21:45,546][INFO] Cost: 577.0 -> 518.0
[2024-10-15 02:21:46,474][INFO] Explored 34846 neighbors, found 327 feasible (0.94%)
[2024-10-15 02:21:46,476][INFO] Step 0: cost -> 518.0
[2024-10-15 02:21:47,476][INFO] Explored 34846 neighbors, found 327 feasible (0.94%)
[2024-10-15 02:21:47,477][INFO] Step 1: cost -> 518.0
[2024-10-15 02:21:48,433][INFO] Explored 34846 neighbors, found 327 feasible (0.94%)
[2024-10-15 02:21:48,435][INFO] Step 2: cost -> 518.0
