[2024-10-15 02:15:24,243][INFO] Step 1: size: 1, coverage: 3.50%, cost: 1.0
[2024-10-15 02:15:24,246][INFO] Step 2: size: 2, coverage: 6.50%, cost: 2.0
[2024-10-15 02:15:24,249][INFO] Step 3: size: 3, coverage: 9.00%, cost: 3.0
[2024-10-15 02:15:24,253][INFO] Step 4: size: 4, coverage: 11.50%, cost: 4.0
[2024-10-15 02:15:24,256][INFO] Step 5: size: 5, coverage: 13.50%, cost: 5.0
[2024-10-15 02:15:24,259][INFO] Step 6: size: 6, coverage: 15.50%, cost: 6.0
[2024-10-15 02:15:24,262][INFO] Step 7: size: 7, coverage: 17.50%, cost: 7.0
[2024-10-15 02:15:24,266][INFO] Step 8: size: 8, coverage: 19.00%, cost: 8.0
[2024-10-15 02:15:24,269][INFO] Step 9: size: 9, coverage: 22.00%, cost: 10.0
[2024-10-15 02:15:24,272][INFO] Step 10: size: 10, coverage: 23.00%, cost: 11.0
[2024-10-15 02:15:24,275][INFO] Step 11: size: 11, coverage: 26.00%, cost: 15.0
[2024-10-15 02:15:24,279][INFO] Step 12: size: 12, coverage: 29.00%, cost: 19.0
[2024-10-15 02:15:24,282][INFO] Step 13: size: 13, coverage: 31.00%, cost: 22.0
[2024-10-15 02:15:24,285][INFO] Step 14: size: 14, coverage: 33.50%, cost: 26.0
[2024-10-15 02:15:24,289][INFO] Step 15: size: 15, coverage: 34.00%, cost: 27.0
[2024-10-15 02:15:24,292][INFO] Step 16: size: 16, coverage: 34.50%, cost: 28.0
[2024-10-15 02:15:24,295][INFO] Step 17: size: 17, coverage: 35.50%, cost: 30.0
[2024-10-15 02:15:24,298][INFO] Step 18: size: 18, coverage: 36.50%, cost: 32.0
[2024-10-15 02:15:24,302][INFO] Step 19: size: 19, coverage: 37.50%, cost: 34.0
[2024-10-15 02:15:24,305][INFO] Step 20: size: 20, coverage: 39.00%, cost: 37.0
[2024-10-15 02:15:24,308][INFO] Step 21: size: 21, coverage: 41.00%, cost: 41.0
[2024-10-15 02:15:24,312][INFO] Step 22: size: 22, coverage: 43.00%, cost: 46.0
[2024-10-15 02:15:24,315][INFO] Step 23: size: 23, coverage: 45.00%, cost: 51.0
[2024-10-15 02:15:24,318][INFO] Step 24: size: 24, coverage: 48.00%, cost: 59.0
[2024-10-15 02:15:24,322][INFO] Step 25: size: 25, coverage: 51.50%, cost: 69.0
[2024-10-15 02:15:24,325][INFO] Step 26: size: 26, coverage: 53.50%, cost: 75.0
[2024-10-15 02:15:24,328][INFO] Step 27: size: 27, coverage: 55.50%, cost: 81.0
[2024-10-15 02:15:24,332][INFO] Step 28: size: 28, coverage: 58.50%, cost: 90.0
[2024-10-15 02:15:24,335][INFO] Step 29: size: 29, coverage: 60.50%, cost: 97.0
[2024-10-15 02:15:24,339][INFO] Step 30: size: 30, coverage: 63.50%, cost: 108.0
[2024-10-15 02:15:24,342][INFO] Step 31: size: 31, coverage: 64.50%, cost: 112.0
[2024-10-15 02:15:24,345][INFO] Step 32: size: 32, coverage: 65.50%, cost: 116.0
[2024-10-15 02:15:24,349][INFO] Step 33: size: 33, coverage: 67.00%, cost: 122.0
[2024-10-15 02:15:24,352][INFO] Step 34: size: 34, coverage: 69.00%, cost: 130.0
[2024-10-15 02:15:24,355][INFO] Step 35: size: 35, coverage: 69.50%, cost: 133.0
[2024-10-15 02:15:24,359][INFO] Step 36: size: 36, coverage: 70.00%, cost: 136.0
[2024-10-15 02:15:24,362][INFO] Step 37: size: 37, coverage: 71.00%, cost: 142.0
[2024-10-15 02:15:24,366][INFO] Step 38: size: 38, coverage: 72.00%, cost: 148.0
[2024-10-15 02:15:24,369][INFO] Step 39: size: 39, coverage: 73.00%, cost: 154.0
[2024-10-15 02:15:24,373][INFO] Step 40: size: 40, coverage: 74.50%, cost: 163.0
[2024-10-15 02:15:24,376][INFO] Step 41: size: 41, coverage: 75.50%, cost: 170.0
[2024-10-15 02:15:24,380][INFO] Step 42: size: 42, coverage: 76.50%, cost: 177.0
[2024-10-15 02:15:24,383][INFO] Step 43: size: 43, coverage: 78.00%, cost: 188.0
[2024-10-15 02:15:24,387][INFO] Step 44: size: 44, coverage: 79.50%, cost: 199.0
[2024-10-15 02:15:24,390][INFO] Step 45: size: 45, coverage: 80.00%, cost: 203.0
[2024-10-15 02:15:24,394][INFO] Step 46: size: 46, coverage: 80.50%, cost: 207.0
[2024-10-15 02:15:24,398][INFO] Step 47: size: 47, coverage: 81.50%, cost: 215.0
[2024-10-15 02:15:24,401][INFO] Step 48: size: 48, coverage: 82.50%, cost: 224.0
[2024-10-15 02:15:24,405][INFO] Step 49: size: 49, coverage: 84.00%, cost: 238.0
[2024-10-15 02:15:24,408][INFO] Step 50: size: 50, coverage: 84.50%, cost: 243.0
[2024-10-15 02:15:24,412][INFO] Step 51: size: 51, coverage: 85.00%, cost: 248.0
[2024-10-15 02:15:24,416][INFO] Step 52: size: 52, coverage: 85.50%, cost: 253.0
[2024-10-15 02:15:24,419][INFO] Step 53: size: 53, coverage: 87.00%, cost: 268.0
[2024-10-15 02:15:24,423][INFO] Step 54: size: 54, coverage: 88.50%, cost: 284.0
[2024-10-15 02:15:24,427][INFO] Step 55: size: 55, coverage: 90.00%, cost: 300.0
[2024-10-15 02:15:24,430][INFO] Step 56: size: 56, coverage: 90.50%, cost: 306.0
[2024-10-15 02:15:24,434][INFO] Step 57: size: 57, coverage: 91.50%, cost: 319.0
[2024-10-15 02:15:24,438][INFO] Step 58: size: 58, coverage: 92.50%, cost: 332.0
[2024-10-15 02:15:24,441][INFO] Step 59: size: 59, coverage: 93.00%, cost: 339.0
[2024-10-15 02:15:24,445][INFO] Step 60: size: 60, coverage: 94.00%, cost: 353.0
[2024-10-15 02:15:24,449][INFO] Step 61: size: 61, coverage: 94.50%, cost: 361.0
[2024-10-15 02:15:24,453][INFO] Step 62: size: 62, coverage: 95.00%, cost: 369.0
[2024-10-15 02:15:24,456][INFO] Step 63: size: 63, coverage: 95.50%, cost: 379.0
[2024-10-15 02:15:24,460][INFO] Step 64: size: 64, coverage: 96.00%, cost: 391.0
[2024-10-15 02:15:24,464][INFO] Step 65: size: 65, coverage: 96.50%, cost: 405.0
[2024-10-15 02:15:24,468][INFO] Step 66: size: 66, coverage: 97.50%, cost: 434.0
[2024-10-15 02:15:24,472][INFO] Step 67: size: 67, coverage: 98.00%, cost: 449.0
[2024-10-15 02:15:24,476][INFO] Step 68: size: 68, coverage: 98.50%, cost: 467.0
[2024-10-15 02:15:24,479][INFO] Step 69: size: 69, coverage: 99.00%, cost: 485.0
[2024-10-15 02:15:24,483][INFO] Step 70: size: 70, coverage: 99.50%, cost: 504.0
[2024-10-15 02:15:24,487][INFO] Step 71: size: 71, coverage: 100.00%, cost: 533.0
[2024-10-15 02:15:24,510][INFO] Redundancy elimination: [np.int64(1), np.int64(37), np.int64(7)] -> cost: 7.0
[2024-10-15 02:15:24,510][INFO] Redundancy elimination: [np.int64(3), np.int64(37), np.int64(7), np.int64(1)] -> cost: 8.0
[2024-10-15 02:15:24,510][INFO] Redundancy elimination: [np.int64(7), np.int64(37), np.int64(1), np.int64(3)] -> cost: 8.0
[2024-10-15 02:15:24,510][INFO] Redundancy elimination: [np.int64(37), np.int64(1), np.int64(3), np.int64(7)] -> cost: 8.0
[2024-10-15 02:15:24,510][INFO] Size: 71 -> 67
[2024-10-15 02:15:24,510][INFO] Cost: 533.0 -> 525.0
[2024-10-15 02:15:25,552][INFO] Explored 37368 neighbors, found 314 feasible (0.84%)
[2024-10-15 02:15:25,554][INFO] Step 0: cost -> 519.0
[2024-10-15 02:15:26,597][INFO] Explored 37368 neighbors, found 314 feasible (0.84%)
[2024-10-15 02:15:26,599][INFO] Step 1: cost -> 519.0
[2024-10-15 02:15:27,643][INFO] Explored 37368 neighbors, found 314 feasible (0.84%)
[2024-10-15 02:15:27,644][INFO] Step 2: cost -> 519.0
[2024-10-15 02:21:55,238][INFO] Step 1: size: 1, coverage: 3.50%, cost: 1.0
[2024-10-15 02:21:55,241][INFO] Step 2: size: 2, coverage: 6.50%, cost: 2.0
[2024-10-15 02:21:55,244][INFO] Step 3: size: 3, coverage: 9.00%, cost: 3.0
[2024-10-15 02:21:55,248][INFO] Step 4: size: 4, coverage: 11.50%, cost: 4.0
[2024-10-15 02:21:55,251][INFO] Step 5: size: 5, coverage: 13.50%, cost: 5.0
[2024-10-15 02:21:55,254][INFO] Step 6: size: 6, coverage: 15.50%, cost: 6.0
[2024-10-15 02:21:55,257][INFO] Step 7: size: 7, coverage: 17.50%, cost: 7.0
[2024-10-15 02:21:55,260][INFO] Step 8: size: 8, coverage: 19.00%, cost: 8.0
[2024-10-15 02:21:55,264][INFO] Step 9: size: 9, coverage: 22.00%, cost: 10.0
[2024-10-15 02:21:55,267][INFO] Step 10: size: 10, coverage: 23.00%, cost: 11.0
[2024-10-15 02:21:55,270][INFO] Step 11: size: 11, coverage: 26.00%, cost: 15.0
[2024-10-15 02:21:55,274][INFO] Step 12: size: 12, coverage: 29.00%, cost: 19.0
[2024-10-15 02:21:55,277][INFO] Step 13: size: 13, coverage: 31.00%, cost: 22.0
[2024-10-15 02:21:55,280][INFO] Step 14: size: 14, coverage: 33.50%, cost: 26.0
[2024-10-15 02:21:55,284][INFO] Step 15: size: 15, coverage: 34.00%, cost: 27.0
[2024-10-15 02:21:55,287][INFO] Step 16: size: 16, coverage: 34.50%, cost: 28.0
[2024-10-15 02:21:55,290][INFO] Step 17: size: 17, coverage: 35.50%, cost: 30.0
[2024-10-15 02:21:55,294][INFO] Step 18: size: 18, coverage: 36.50%, cost: 32.0
[2024-10-15 02:21:55,297][INFO] Step 19: size: 19, coverage: 37.50%, cost: 34.0
[2024-10-15 02:21:55,300][INFO] Step 20: size: 20, coverage: 39.00%, cost: 37.0
[2024-10-15 02:21:55,303][INFO] Step 21: size: 21, coverage: 41.00%, cost: 41.0
[2024-10-15 02:21:55,307][INFO] Step 22: size: 22, coverage: 43.00%, cost: 46.0
[2024-10-15 02:21:55,310][INFO] Step 23: size: 23, coverage: 45.00%, cost: 51.0
[2024-10-15 02:21:55,313][INFO] Step 24: size: 24, coverage: 48.00%, cost: 59.0
[2024-10-15 02:21:55,317][INFO] Step 25: size: 25, coverage: 51.50%, cost: 69.0
[2024-10-15 02:21:55,320][INFO] Step 26: size: 26, coverage: 53.50%, cost: 75.0
[2024-10-15 02:21:55,324][INFO] Step 27: size: 27, coverage: 55.50%, cost: 81.0
[2024-10-15 02:21:55,327][INFO] Step 28: size: 28, coverage: 58.50%, cost: 90.0
[2024-10-15 02:21:55,330][INFO] Step 29: size: 29, coverage: 60.50%, cost: 97.0
[2024-10-15 02:21:55,334][INFO] Step 30: size: 30, coverage: 63.50%, cost: 108.0
[2024-10-15 02:21:55,337][INFO] Step 31: size: 31, coverage: 64.50%, cost: 112.0
[2024-10-15 02:21:55,340][INFO] Step 32: size: 32, coverage: 65.50%, cost: 116.0
[2024-10-15 02:21:55,344][INFO] Step 33: size: 33, coverage: 67.00%, cost: 122.0
[2024-10-15 02:21:55,347][INFO] Step 34: size: 34, coverage: 69.00%, cost: 130.0
[2024-10-15 02:21:55,351][INFO] Step 35: size: 35, coverage: 69.50%, cost: 133.0
[2024-10-15 02:21:55,354][INFO] Step 36: size: 36, coverage: 70.00%, cost: 136.0
[2024-10-15 02:21:55,358][INFO] Step 37: size: 37, coverage: 71.00%, cost: 142.0
[2024-10-15 02:21:55,361][INFO] Step 38: size: 38, coverage: 72.00%, cost: 148.0
[2024-10-15 02:21:55,364][INFO] Step 39: size: 39, coverage: 73.00%, cost: 154.0
[2024-10-15 02:21:55,368][INFO] Step 40: size: 40, coverage: 74.50%, cost: 163.0
[2024-10-15 02:21:55,371][INFO] Step 41: size: 41, coverage: 75.50%, cost: 170.0
[2024-10-15 02:21:55,375][INFO] Step 42: size: 42, coverage: 76.50%, cost: 177.0
[2024-10-15 02:21:55,379][INFO] Step 43: size: 43, coverage: 78.00%, cost: 188.0
[2024-10-15 02:21:55,382][INFO] Step 44: size: 44, coverage: 79.50%, cost: 199.0
[2024-10-15 02:21:55,386][INFO] Step 45: size: 45, coverage: 80.00%, cost: 203.0
[2024-10-15 02:21:55,389][INFO] Step 46: size: 46, coverage: 80.50%, cost: 207.0
[2024-10-15 02:21:55,393][INFO] Step 47: size: 47, coverage: 81.50%, cost: 215.0
[2024-10-15 02:21:55,396][INFO] Step 48: size: 48, coverage: 82.50%, cost: 224.0
[2024-10-15 02:21:55,400][INFO] Step 49: size: 49, coverage: 84.00%, cost: 238.0
[2024-10-15 02:21:55,403][INFO] Step 50: size: 50, coverage: 84.50%, cost: 243.0
[2024-10-15 02:21:55,407][INFO] Step 51: size: 51, coverage: 85.00%, cost: 248.0
[2024-10-15 02:21:55,411][INFO] Step 52: size: 52, coverage: 85.50%, cost: 253.0
[2024-10-15 02:21:55,414][INFO] Step 53: size: 53, coverage: 87.00%, cost: 268.0
[2024-10-15 02:21:55,418][INFO] Step 54: size: 54, coverage: 88.50%, cost: 284.0
[2024-10-15 02:21:55,422][INFO] Step 55: size: 55, coverage: 90.00%, cost: 300.0
[2024-10-15 02:21:55,425][INFO] Step 56: size: 56, coverage: 90.50%, cost: 306.0
[2024-10-15 02:21:55,429][INFO] Step 57: size: 57, coverage: 91.50%, cost: 319.0
[2024-10-15 02:21:55,433][INFO] Step 58: size: 58, coverage: 92.50%, cost: 332.0
[2024-10-15 02:21:55,436][INFO] Step 59: size: 59, coverage: 93.00%, cost: 339.0
[2024-10-15 02:21:55,440][INFO] Step 60: size: 60, coverage: 94.00%, cost: 353.0
[2024-10-15 02:21:55,444][INFO] Step 61: size: 61, coverage: 94.50%, cost: 361.0
[2024-10-15 02:21:55,448][INFO] Step 62: size: 62, coverage: 95.00%, cost: 369.0
[2024-10-15 02:21:55,451][INFO] Step 63: size: 63, coverage: 95.50%, cost: 379.0
[2024-10-15 02:21:55,455][INFO] Step 64: size: 64, coverage: 96.00%, cost: 391.0
[2024-10-15 02:21:55,459][INFO] Step 65: size: 65, coverage: 96.50%, cost: 405.0
[2024-10-15 02:21:55,463][INFO] Step 66: size: 66, coverage: 97.50%, cost: 434.0
[2024-10-15 02:21:55,467][INFO] Step 67: size: 67, coverage: 98.00%, cost: 449.0
[2024-10-15 02:21:55,471][INFO] Step 68: size: 68, coverage: 98.50%, cost: 467.0
[2024-10-15 02:21:55,475][INFO] Step 69: size: 69, coverage: 99.00%, cost: 485.0
[2024-10-15 02:21:55,478][INFO] Step 70: size: 70, coverage: 99.50%, cost: 504.0
[2024-10-15 02:21:55,482][INFO] Step 71: size: 71, coverage: 100.00%, cost: 533.0
[2024-10-15 02:21:55,505][INFO] Redundancy elimination: [np.int64(1), np.int64(37), np.int64(7)] -> cost: 7.0
[2024-10-15 02:21:55,505][INFO] Redundancy elimination: [np.int64(3), np.int64(37), np.int64(7), np.int64(1)] -> cost: 8.0
[2024-10-15 02:21:55,505][INFO] Redundancy elimination: [np.int64(7), np.int64(37), np.int64(1), np.int64(3)] -> cost: 8.0
[2024-10-15 02:21:55,505][INFO] Redundancy elimination: [np.int64(37), np.int64(1), np.int64(3), np.int64(7)] -> cost: 8.0
[2024-10-15 02:21:55,505][INFO] Size: 71 -> 67
[2024-10-15 02:21:55,505][INFO] Cost: 533.0 -> 525.0
[2024-10-15 02:21:56,538][INFO] Explored 37368 neighbors, found 314 feasible (0.84%)
[2024-10-15 02:21:56,539][INFO] Step 0: cost -> 519.0
[2024-10-15 02:21:57,571][INFO] Explored 37368 neighbors, found 314 feasible (0.84%)
[2024-10-15 02:21:57,573][INFO] Step 1: cost -> 519.0
[2024-10-15 02:21:58,636][INFO] Explored 37368 neighbors, found 314 feasible (0.84%)
[2024-10-15 02:21:58,637][INFO] Step 2: cost -> 519.0
