[2024-10-15 02:15:27,649][INFO] Step 1: size: 1, coverage: 3.50%, cost: 1.0
[2024-10-15 02:15:27,652][INFO] Step 2: size: 2, coverage: 6.50%, cost: 2.0
[2024-10-15 02:15:27,655][INFO] Step 3: size: 3, coverage: 8.00%, cost: 3.0
[2024-10-15 02:15:27,658][INFO] Step 4: size: 4, coverage: 9.50%, cost: 4.0
[2024-10-15 02:15:27,662][INFO] Step 5: size: 5, coverage: 11.00%, cost: 5.0
[2024-10-15 02:15:27,665][INFO] Step 6: size: 6, coverage: 12.50%, cost: 6.0
[2024-10-15 02:15:27,668][INFO] Step 7: size: 7, coverage: 14.00%, cost: 7.0
[2024-10-15 02:15:27,671][INFO] Step 8: size: 8, coverage: 15.00%, cost: 8.0
[2024-10-15 02:15:27,675][INFO] Step 9: size: 9, coverage: 16.00%, cost: 9.0
[2024-10-15 02:15:27,678][INFO] Step 10: size: 10, coverage: 18.00%, cost: 11.0
[2024-10-15 02:15:27,681][INFO] Step 11: size: 11, coverage: 20.00%, cost: 13.0
[2024-10-15 02:15:27,685][INFO] Step 12: size: 12, coverage: 23.50%, cost: 17.0
[2024-10-15 02:15:27,688][INFO] Step 13: size: 13, coverage: 26.00%, cost: 20.0
[2024-10-15 02:15:27,691][INFO] Step 14: size: 14, coverage: 27.50%, cost: 22.0
[2024-10-15 02:15:27,695][INFO] Step 15: size: 15, coverage: 29.00%, cost: 24.0
[2024-10-15 02:15:27,698][INFO] Step 16: size: 16, coverage: 31.00%, cost: 27.0
[2024-10-15 02:15:27,701][INFO] Step 17: size: 17, coverage: 33.00%, cost: 30.0
[2024-10-15 02:15:27,705][INFO] Step 18: size: 18, coverage: 33.50%, cost: 31.0
[2024-10-15 02:15:27,708][INFO] Step 19: size: 19, coverage: 34.00%, cost: 32.0
[2024-10-15 02:15:27,712][INFO] Step 20: size: 20, coverage: 35.00%, cost: 34.0
[2024-10-15 02:15:27,715][INFO] Step 21: size: 21, coverage: 36.00%, cost: 36.0
[2024-10-15 02:15:27,718][INFO] Step 22: size: 22, coverage: 37.00%, cost: 38.0
[2024-10-15 02:15:27,722][INFO] Step 23: size: 23, coverage: 38.50%, cost: 41.0
[2024-10-15 02:15:27,725][INFO] Step 24: size: 24, coverage: 40.00%, cost: 44.0
[2024-10-15 02:15:27,729][INFO] Step 25: size: 25, coverage: 41.50%, cost: 47.0
[2024-10-15 02:15:27,732][INFO] Step 26: size: 26, coverage: 43.50%, cost: 51.0
[2024-10-15 02:15:27,735][INFO] Step 27: size: 27, coverage: 45.00%, cost: 55.0
[2024-10-15 02:15:27,739][INFO] Step 28: size: 28, coverage: 46.50%, cost: 59.0
[2024-10-15 02:15:27,742][INFO] Step 29: size: 29, coverage: 47.50%, cost: 62.0
[2024-10-15 02:15:27,746][INFO] Step 30: size: 30, coverage: 49.50%, cost: 68.0
[2024-10-15 02:15:27,749][INFO] Step 31: size: 31, coverage: 51.00%, cost: 73.0
[2024-10-15 02:15:27,753][INFO] Step 32: size: 32, coverage: 52.50%, cost: 78.0
[2024-10-15 02:15:27,756][INFO] Step 33: size: 33, coverage: 54.00%, cost: 83.0
[2024-10-15 02:15:27,760][INFO] Step 34: size: 34, coverage: 55.50%, cost: 88.0
[2024-10-15 02:15:27,763][INFO] Step 35: size: 35, coverage: 56.00%, cost: 90.0
[2024-10-15 02:15:27,767][INFO] Step 36: size: 36, coverage: 57.00%, cost: 94.0
[2024-10-15 02:15:27,770][INFO] Step 37: size: 37, coverage: 60.00%, cost: 107.0
[2024-10-15 02:15:27,774][INFO] Step 38: size: 38, coverage: 60.50%, cost: 110.0
[2024-10-15 02:15:27,777][INFO] Step 39: size: 39, coverage: 61.00%, cost: 113.0
[2024-10-15 02:15:27,781][INFO] Step 40: size: 40, coverage: 62.00%, cost: 119.0
[2024-10-15 02:15:27,784][INFO] Step 41: size: 41, coverage: 63.00%, cost: 125.0
[2024-10-15 02:15:27,788][INFO] Step 42: size: 42, coverage: 64.00%, cost: 131.0
[2024-10-15 02:15:27,791][INFO] Step 43: size: 43, coverage: 65.50%, cost: 141.0
[2024-10-15 02:15:27,795][INFO] Step 44: size: 44, coverage: 67.00%, cost: 151.0
[2024-10-15 02:15:27,799][INFO] Step 45: size: 45, coverage: 69.50%, cost: 168.0
[2024-10-15 02:15:27,802][INFO] Step 46: size: 46, coverage: 70.50%, cost: 175.0
[2024-10-15 02:15:27,806][INFO] Step 47: size: 47, coverage: 71.50%, cost: 183.0
[2024-10-15 02:15:27,809][INFO] Step 48: size: 48, coverage: 72.50%, cost: 191.0
[2024-10-15 02:15:27,813][INFO] Step 49: size: 49, coverage: 74.00%, cost: 203.0
[2024-10-15 02:15:27,817][INFO] Step 50: size: 50, coverage: 76.50%, cost: 227.0
[2024-10-15 02:15:27,820][INFO] Step 51: size: 51, coverage: 77.00%, cost: 232.0
[2024-10-15 02:15:27,824][INFO] Step 52: size: 52, coverage: 78.00%, cost: 242.0
[2024-10-15 02:15:27,828][INFO] Step 53: size: 53, coverage: 79.00%, cost: 253.0
[2024-10-15 02:15:27,831][INFO] Step 54: size: 54, coverage: 81.00%, cost: 276.0
[2024-10-15 02:15:27,835][INFO] Step 55: size: 55, coverage: 81.50%, cost: 282.0
[2024-10-15 02:15:27,839][INFO] Step 56: size: 56, coverage: 82.00%, cost: 288.0
[2024-10-15 02:15:27,843][INFO] Step 57: size: 57, coverage: 82.50%, cost: 294.0
[2024-10-15 02:15:27,846][INFO] Step 58: size: 58, coverage: 83.00%, cost: 300.0
[2024-10-15 02:15:27,850][INFO] Step 59: size: 59, coverage: 84.00%, cost: 313.0
[2024-10-15 02:15:27,854][INFO] Step 60: size: 60, coverage: 84.50%, cost: 320.0
[2024-10-15 02:15:27,858][INFO] Step 61: size: 61, coverage: 85.00%, cost: 327.0
[2024-10-15 02:15:27,861][INFO] Step 62: size: 62, coverage: 85.50%, cost: 334.0
[2024-10-15 02:15:27,865][INFO] Step 63: size: 63, coverage: 86.50%, cost: 348.0
[2024-10-15 02:15:27,869][INFO] Step 64: size: 64, coverage: 87.50%, cost: 362.0
[2024-10-15 02:15:27,873][INFO] Step 65: size: 65, coverage: 89.00%, cost: 384.0
[2024-10-15 02:15:27,877][INFO] Step 66: size: 66, coverage: 89.50%, cost: 393.0
[2024-10-15 02:15:27,881][INFO] Step 67: size: 67, coverage: 90.50%, cost: 412.0
[2024-10-15 02:15:27,884][INFO] Step 68: size: 68, coverage: 91.00%, cost: 423.0
[2024-10-15 02:15:27,888][INFO] Step 69: size: 69, coverage: 91.50%, cost: 434.0
[2024-10-15 02:15:27,892][INFO] Step 70: size: 70, coverage: 92.00%, cost: 446.0
[2024-10-15 02:15:27,896][INFO] Step 71: size: 71, coverage: 92.50%, cost: 458.0
[2024-10-15 02:15:27,900][INFO] Step 72: size: 72, coverage: 93.00%, cost: 472.0
[2024-10-15 02:15:27,904][INFO] Step 73: size: 73, coverage: 93.50%, cost: 486.0
[2024-10-15 02:15:27,908][INFO] Step 74: size: 74, coverage: 94.00%, cost: 500.0
[2024-10-15 02:15:27,912][INFO] Step 75: size: 75, coverage: 94.50%, cost: 514.0
[2024-10-15 02:15:27,916][INFO] Step 76: size: 76, coverage: 95.00%, cost: 529.0
[2024-10-15 02:15:27,920][INFO] Step 77: size: 77, coverage: 95.50%, cost: 544.0
[2024-10-15 02:15:27,924][INFO] Step 78: size: 78, coverage: 96.50%, cost: 574.0
[2024-10-15 02:15:27,928][INFO] Step 79: size: 79, coverage: 97.00%, cost: 590.0
[2024-10-15 02:15:27,932][INFO] Step 80: size: 80, coverage: 97.50%, cost: 608.0
[2024-10-15 02:15:27,937][INFO] Step 81: size: 81, coverage: 98.00%, cost: 626.0
[2024-10-15 02:15:27,941][INFO] Step 82: size: 82, coverage: 98.50%, cost: 647.0
[2024-10-15 02:15:27,945][INFO] Step 83: size: 83, coverage: 99.00%, cost: 673.0
[2024-10-15 02:15:27,949][INFO] Step 84: size: 84, coverage: 99.50%, cost: 704.0
[2024-10-15 02:15:27,953][INFO] Step 85: size: 85, coverage: 100.00%, cost: 747.0
[2024-10-15 02:15:28,078][INFO] Redundancy elimination: [np.int64(77), np.int64(115), np.int64(101), np.int64(46), np.int64(56), np.int64(31), np.int64(54), np.int64(45), np.int64(21), np.int64(24), np.int64(23), np.int64(14), np.int64(2)] -> cost: 78.0
[2024-10-15 02:15:28,078][INFO] Redundancy elimination: [np.int64(47), np.int64(115), np.int64(101), np.int64(56), np.int64(77), np.int64(31), np.int64(54), np.int64(46), np.int64(20), np.int64(14), np.int64(24), np.int64(12), np.int64(23), np.int64(10), np.int64(2), np.int64(4)] -> cost: 82.0
[2024-10-15 02:15:28,078][INFO] Redundancy elimination: [np.int64(45), np.int64(101), np.int64(115), np.int64(77), np.int64(56), np.int64(46), np.int64(54), np.int64(31), np.int64(20), np.int64(24), np.int64(23), np.int64(12)] -> cost: 77.0
[2024-10-15 02:15:28,078][INFO] Redundancy elimination: [np.int64(54), np.int64(101), np.int64(56), np.int64(115), np.int64(45), np.int64(77), np.int64(46), np.int64(24), np.int64(31), np.int64(21), np.int64(12), np.int64(23), np.int64(2), np.int64(10), np.int64(14)] -> cost: 81.0
[2024-10-15 02:15:28,078][INFO] Redundancy elimination: [np.int64(115), np.int64(77), np.int64(47), np.int64(56), np.int64(101), np.int64(46), np.int64(54), np.int64(20), np.int64(31), np.int64(23), np.int64(24), np.int64(12), np.int64(7), np.int64(14), np.int64(2)] -> cost: 81.0
[2024-10-15 02:15:28,078][INFO] Size: 85 -> 69
[2024-10-15 02:15:28,079][INFO] Cost: 747.0 -> 665.0
[2024-10-15 02:15:29,239][INFO] Explored 41067 neighbors, found 979 feasible (2.38%)
[2024-10-15 02:15:29,242][INFO] Redundancy elimination: [np.int64(7)] -> cost: 1.0
[2024-10-15 02:15:29,242][INFO] Size: 69 -> 68
[2024-10-15 02:15:29,242][INFO] Cost: 665.0 -> 664.0
[2024-10-15 02:15:29,242][INFO] Step 0: cost -> 663.0
[2024-10-15 02:15:30,361][INFO] Explored 40402 neighbors, found 313 feasible (0.77%)
[2024-10-15 02:15:30,363][INFO] Step 1: cost -> 664.0
[2024-10-15 02:15:31,482][INFO] Explored 40402 neighbors, found 313 feasible (0.77%)
[2024-10-15 02:15:31,483][INFO] Step 2: cost -> 664.0
[2024-10-15 02:21:58,647][INFO] Step 1: size: 1, coverage: 3.50%, cost: 1.0
[2024-10-15 02:21:58,650][INFO] Step 2: size: 2, coverage: 6.50%, cost: 2.0
[2024-10-15 02:21:58,653][INFO] Step 3: size: 3, coverage: 8.00%, cost: 3.0
[2024-10-15 02:21:58,656][INFO] Step 4: size: 4, coverage: 9.50%, cost: 4.0
[2024-10-15 02:21:58,660][INFO] Step 5: size: 5, coverage: 11.00%, cost: 5.0
[2024-10-15 02:21:58,663][INFO] Step 6: size: 6, coverage: 12.50%, cost: 6.0
[2024-10-15 02:21:58,666][INFO] Step 7: size: 7, coverage: 14.00%, cost: 7.0
[2024-10-15 02:21:58,669][INFO] Step 8: size: 8, coverage: 15.00%, cost: 8.0
[2024-10-15 02:21:58,673][INFO] Step 9: size: 9, coverage: 16.00%, cost: 9.0
[2024-10-15 02:21:58,676][INFO] Step 10: size: 10, coverage: 18.00%, cost: 11.0
[2024-10-15 02:21:58,679][INFO] Step 11: size: 11, coverage: 20.00%, cost: 13.0
[2024-10-15 02:21:58,683][INFO] Step 12: size: 12, coverage: 23.50%, cost: 17.0
[2024-10-15 02:21:58,686][INFO] Step 13: size: 13, coverage: 26.00%, cost: 20.0
[2024-10-15 02:21:58,689][INFO] Step 14: size: 14, coverage: 27.50%, cost: 22.0
[2024-10-15 02:21:58,693][INFO] Step 15: size: 15, coverage: 29.00%, cost: 24.0
[2024-10-15 02:21:58,696][INFO] Step 16: size: 16, coverage: 31.00%, cost: 27.0
[2024-10-15 02:21:58,700][INFO] Step 17: size: 17, coverage: 33.00%, cost: 30.0
[2024-10-15 02:21:58,703][INFO] Step 18: size: 18, coverage: 33.50%, cost: 31.0
[2024-10-15 02:21:58,706][INFO] Step 19: size: 19, coverage: 34.00%, cost: 32.0
[2024-10-15 02:21:58,710][INFO] Step 20: size: 20, coverage: 35.00%, cost: 34.0
[2024-10-15 02:21:58,713][INFO] Step 21: size: 21, coverage: 36.00%, cost: 36.0
[2024-10-15 02:21:58,716][INFO] Step 22: size: 22, coverage: 37.00%, cost: 38.0
[2024-10-15 02:21:58,720][INFO] Step 23: size: 23, coverage: 38.50%, cost: 41.0
[2024-10-15 02:21:58,723][INFO] Step 24: size: 24, coverage: 40.00%, cost: 44.0
[2024-10-15 02:21:58,727][INFO] Step 25: size: 25, coverage: 41.50%, cost: 47.0
[2024-10-15 02:21:58,730][INFO] Step 26: size: 26, coverage: 43.50%, cost: 51.0
[2024-10-15 02:21:58,733][INFO] Step 27: size: 27, coverage: 45.00%, cost: 55.0
[2024-10-15 02:21:58,737][INFO] Step 28: size: 28, coverage: 46.50%, cost: 59.0
[2024-10-15 02:21:58,740][INFO] Step 29: size: 29, coverage: 47.50%, cost: 62.0
[2024-10-15 02:21:58,744][INFO] Step 30: size: 30, coverage: 49.50%, cost: 68.0
[2024-10-15 02:21:58,747][INFO] Step 31: size: 31, coverage: 51.00%, cost: 73.0
[2024-10-15 02:21:58,751][INFO] Step 32: size: 32, coverage: 52.50%, cost: 78.0
[2024-10-15 02:21:58,754][INFO] Step 33: size: 33, coverage: 54.00%, cost: 83.0
[2024-10-15 02:21:58,758][INFO] Step 34: size: 34, coverage: 55.50%, cost: 88.0
[2024-10-15 02:21:58,761][INFO] Step 35: size: 35, coverage: 56.00%, cost: 90.0
[2024-10-15 02:21:58,765][INFO] Step 36: size: 36, coverage: 57.00%, cost: 94.0
[2024-10-15 02:21:58,768][INFO] Step 37: size: 37, coverage: 60.00%, cost: 107.0
[2024-10-15 02:21:58,772][INFO] Step 38: size: 38, coverage: 60.50%, cost: 110.0
[2024-10-15 02:21:58,775][INFO] Step 39: size: 39, coverage: 61.00%, cost: 113.0
[2024-10-15 02:21:58,779][INFO] Step 40: size: 40, coverage: 62.00%, cost: 119.0
[2024-10-15 02:21:58,782][INFO] Step 41: size: 41, coverage: 63.00%, cost: 125.0
[2024-10-15 02:21:58,786][INFO] Step 42: size: 42, coverage: 64.00%, cost: 131.0
[2024-10-15 02:21:58,790][INFO] Step 43: size: 43, coverage: 65.50%, cost: 141.0
[2024-10-15 02:21:58,793][INFO] Step 44: size: 44, coverage: 67.00%, cost: 151.0
[2024-10-15 02:21:58,797][INFO] Step 45: size: 45, coverage: 69.50%, cost: 168.0
[2024-10-15 02:21:58,800][INFO] Step 46: size: 46, coverage: 70.50%, cost: 175.0
[2024-10-15 02:21:58,804][INFO] Step 47: size: 47, coverage: 71.50%, cost: 183.0
[2024-10-15 02:21:58,807][INFO] Step 48: size: 48, coverage: 72.50%, cost: 191.0
[2024-10-15 02:21:58,811][INFO] Step 49: size: 49, coverage: 74.00%, cost: 203.0
[2024-10-15 02:21:58,815][INFO] Step 50: size: 50, coverage: 76.50%, cost: 227.0
[2024-10-15 02:21:58,818][INFO] Step 51: size: 51, coverage: 77.00%, cost: 232.0
[2024-10-15 02:21:58,822][INFO] Step 52: size: 52, coverage: 78.00%, cost: 242.0
[2024-10-15 02:21:58,826][INFO] Step 53: size: 53, coverage: 79.00%, cost: 253.0
[2024-10-15 02:21:58,829][INFO] Step 54: size: 54, coverage: 81.00%, cost: 276.0
[2024-10-15 02:21:58,833][INFO] Step 55: size: 55, coverage: 81.50%, cost: 282.0
[2024-10-15 02:21:58,837][INFO] Step 56: size: 56, coverage: 82.00%, cost: 288.0
[2024-10-15 02:21:58,841][INFO] Step 57: size: 57, coverage: 82.50%, cost: 294.0
[2024-10-15 02:21:58,844][INFO] Step 58: size: 58, coverage: 83.00%, cost: 300.0
[2024-10-15 02:21:58,848][INFO] Step 59: size: 59, coverage: 84.00%, cost: 313.0
[2024-10-15 02:21:58,852][INFO] Step 60: size: 60, coverage: 84.50%, cost: 320.0
[2024-10-15 02:21:58,856][INFO] Step 61: size: 61, coverage: 85.00%, cost: 327.0
[2024-10-15 02:21:58,859][INFO] Step 62: size: 62, coverage: 85.50%, cost: 334.0
[2024-10-15 02:21:58,863][INFO] Step 63: size: 63, coverage: 86.50%, cost: 348.0
[2024-10-15 02:21:58,867][INFO] Step 64: size: 64, coverage: 87.50%, cost: 362.0
[2024-10-15 02:21:58,871][INFO] Step 65: size: 65, coverage: 89.00%, cost: 384.0
[2024-10-15 02:21:58,875][INFO] Step 66: size: 66, coverage: 89.50%, cost: 393.0
[2024-10-15 02:21:58,879][INFO] Step 67: size: 67, coverage: 90.50%, cost: 412.0
[2024-10-15 02:21:58,883][INFO] Step 68: size: 68, coverage: 91.00%, cost: 423.0
[2024-10-15 02:21:58,887][INFO] Step 69: size: 69, coverage: 91.50%, cost: 434.0
[2024-10-15 02:21:58,890][INFO] Step 70: size: 70, coverage: 92.00%, cost: 446.0
[2024-10-15 02:21:58,894][INFO] Step 71: size: 71, coverage: 92.50%, cost: 458.0
[2024-10-15 02:21:58,898][INFO] Step 72: size: 72, coverage: 93.00%, cost: 472.0
[2024-10-15 02:21:58,902][INFO] Step 73: size: 73, coverage: 93.50%, cost: 486.0
[2024-10-15 02:21:58,906][INFO] Step 74: size: 74, coverage: 94.00%, cost: 500.0
[2024-10-15 02:21:58,910][INFO] Step 75: size: 75, coverage: 94.50%, cost: 514.0
[2024-10-15 02:21:58,914][INFO] Step 76: size: 76, coverage: 95.00%, cost: 529.0
[2024-10-15 02:21:58,918][INFO] Step 77: size: 77, coverage: 95.50%, cost: 544.0
[2024-10-15 02:21:58,922][INFO] Step 78: size: 78, coverage: 96.50%, cost: 574.0
[2024-10-15 02:21:58,927][INFO] Step 79: size: 79, coverage: 97.00%, cost: 590.0
[2024-10-15 02:21:58,931][INFO] Step 80: size: 80, coverage: 97.50%, cost: 608.0
[2024-10-15 02:21:58,935][INFO] Step 81: size: 81, coverage: 98.00%, cost: 626.0
[2024-10-15 02:21:58,939][INFO] Step 82: size: 82, coverage: 98.50%, cost: 647.0
[2024-10-15 02:21:58,943][INFO] Step 83: size: 83, coverage: 99.00%, cost: 673.0
[2024-10-15 02:21:58,947][INFO] Step 84: size: 84, coverage: 99.50%, cost: 704.0
[2024-10-15 02:21:58,952][INFO] Step 85: size: 85, coverage: 100.00%, cost: 747.0
[2024-10-15 02:21:59,077][INFO] Redundancy elimination: [np.int64(77), np.int64(115), np.int64(101), np.int64(46), np.int64(56), np.int64(31), np.int64(54), np.int64(45), np.int64(21), np.int64(24), np.int64(23), np.int64(14), np.int64(2)] -> cost: 78.0
[2024-10-15 02:21:59,077][INFO] Redundancy elimination: [np.int64(47), np.int64(115), np.int64(101), np.int64(56), np.int64(77), np.int64(31), np.int64(54), np.int64(46), np.int64(20), np.int64(14), np.int64(24), np.int64(12), np.int64(23), np.int64(10), np.int64(2), np.int64(4)] -> cost: 82.0
[2024-10-15 02:21:59,077][INFO] Redundancy elimination: [np.int64(45), np.int64(101), np.int64(115), np.int64(77), np.int64(56), np.int64(46), np.int64(54), np.int64(31), np.int64(20), np.int64(24), np.int64(23), np.int64(12)] -> cost: 77.0
[2024-10-15 02:21:59,077][INFO] Redundancy elimination: [np.int64(54), np.int64(101), np.int64(56), np.int64(115), np.int64(45), np.int64(77), np.int64(46), np.int64(24), np.int64(31), np.int64(21), np.int64(12), np.int64(23), np.int64(2), np.int64(10), np.int64(14)] -> cost: 81.0
[2024-10-15 02:21:59,077][INFO] Redundancy elimination: [np.int64(115), np.int64(77), np.int64(47), np.int64(56), np.int64(101), np.int64(46), np.int64(54), np.int64(20), np.int64(31), np.int64(23), np.int64(24), np.int64(12), np.int64(7), np.int64(14), np.int64(2)] -> cost: 81.0
[2024-10-15 02:21:59,077][INFO] Size: 85 -> 69
[2024-10-15 02:21:59,077][INFO] Cost: 747.0 -> 665.0
[2024-10-15 02:22:00,231][INFO] Explored 41067 neighbors, found 979 feasible (2.38%)
[2024-10-15 02:22:00,234][INFO] Redundancy elimination: [np.int64(7)] -> cost: 1.0
[2024-10-15 02:22:00,234][INFO] Size: 69 -> 68
[2024-10-15 02:22:00,234][INFO] Cost: 665.0 -> 664.0
[2024-10-15 02:22:00,234][INFO] Step 0: cost -> 663.0
[2024-10-15 02:22:01,356][INFO] Explored 40402 neighbors, found 313 feasible (0.77%)
[2024-10-15 02:22:01,357][INFO] Step 1: cost -> 664.0
[2024-10-15 02:22:02,479][INFO] Explored 40402 neighbors, found 313 feasible (0.77%)
[2024-10-15 02:22:02,480][INFO] Step 2: cost -> 664.0
