[2024-10-15 02:15:31,492][INFO] Step 1: size: 1, coverage: 3.00%, cost: 1.0
[2024-10-15 02:15:31,499][INFO] Step 2: size: 2, coverage: 6.00%, cost: 2.0
[2024-10-15 02:15:31,505][INFO] Step 3: size: 3, coverage: 8.50%, cost: 3.0
[2024-10-15 02:15:31,511][INFO] Step 4: size: 4, coverage: 11.00%, cost: 4.0
[2024-10-15 02:15:31,518][INFO] Step 5: size: 5, coverage: 13.50%, cost: 5.0
[2024-10-15 02:15:31,524][INFO] Step 6: size: 6, coverage: 16.00%, cost: 6.0
[2024-10-15 02:15:31,531][INFO] Step 7: size: 7, coverage: 18.00%, cost: 7.0
[2024-10-15 02:15:31,537][INFO] Step 8: size: 8, coverage: 20.00%, cost: 8.0
[2024-10-15 02:15:31,543][INFO] Step 9: size: 9, coverage: 22.00%, cost: 9.0
[2024-10-15 02:15:31,550][INFO] Step 10: size: 10, coverage: 24.00%, cost: 10.0
[2024-10-15 02:15:31,557][INFO] Step 11: size: 11, coverage: 26.00%, cost: 11.0
[2024-10-15 02:15:31,563][INFO] Step 12: size: 12, coverage: 27.50%, cost: 12.0
[2024-10-15 02:15:31,570][INFO] Step 13: size: 13, coverage: 29.00%, cost: 13.0
[2024-10-15 02:15:31,576][INFO] Step 14: size: 14, coverage: 32.00%, cost: 15.0
[2024-10-15 02:15:31,583][INFO] Step 15: size: 15, coverage: 34.50%, cost: 17.0
[2024-10-15 02:15:31,590][INFO] Step 16: size: 16, coverage: 37.00%, cost: 19.0
[2024-10-15 02:15:31,596][INFO] Step 17: size: 17, coverage: 38.00%, cost: 20.0
[2024-10-15 02:15:31,603][INFO] Step 18: size: 18, coverage: 39.00%, cost: 21.0
[2024-10-15 02:15:31,609][INFO] Step 19: size: 19, coverage: 40.00%, cost: 22.0
[2024-10-15 02:15:31,616][INFO] Step 20: size: 20, coverage: 42.00%, cost: 24.0
[2024-10-15 02:15:31,622][INFO] Step 21: size: 21, coverage: 44.00%, cost: 26.0
[2024-10-15 02:15:31,629][INFO] Step 22: size: 22, coverage: 46.00%, cost: 28.0
[2024-10-15 02:15:31,636][INFO] Step 23: size: 23, coverage: 49.00%, cost: 31.0
[2024-10-15 02:15:31,642][INFO] Step 24: size: 24, coverage: 50.50%, cost: 33.0
[2024-10-15 02:15:31,649][INFO] Step 25: size: 25, coverage: 52.00%, cost: 35.0
[2024-10-15 02:15:31,656][INFO] Step 26: size: 26, coverage: 54.00%, cost: 38.0
[2024-10-15 02:15:31,663][INFO] Step 27: size: 27, coverage: 56.00%, cost: 41.0
[2024-10-15 02:15:31,669][INFO] Step 28: size: 28, coverage: 58.00%, cost: 44.0
[2024-10-15 02:15:31,676][INFO] Step 29: size: 29, coverage: 60.50%, cost: 48.0
[2024-10-15 02:15:31,683][INFO] Step 30: size: 30, coverage: 63.50%, cost: 53.0
[2024-10-15 02:15:31,690][INFO] Step 31: size: 31, coverage: 64.00%, cost: 54.0
[2024-10-15 02:15:31,696][INFO] Step 32: size: 32, coverage: 64.50%, cost: 55.0
[2024-10-15 02:15:31,703][INFO] Step 33: size: 33, coverage: 65.50%, cost: 57.0
[2024-10-15 02:15:31,710][INFO] Step 34: size: 34, coverage: 66.50%, cost: 59.0
[2024-10-15 02:15:31,717][INFO] Step 35: size: 35, coverage: 67.50%, cost: 61.0
[2024-10-15 02:15:31,724][INFO] Step 36: size: 36, coverage: 68.50%, cost: 63.0
[2024-10-15 02:15:31,731][INFO] Step 37: size: 37, coverage: 69.50%, cost: 65.0
[2024-10-15 02:15:31,738][INFO] Step 38: size: 38, coverage: 71.00%, cost: 68.0
[2024-10-15 02:15:31,745][INFO] Step 39: size: 39, coverage: 72.50%, cost: 72.0
[2024-10-15 02:15:31,752][INFO] Step 40: size: 40, coverage: 74.00%, cost: 76.0
[2024-10-15 02:15:31,759][INFO] Step 41: size: 41, coverage: 75.50%, cost: 80.0
[2024-10-15 02:15:31,766][INFO] Step 42: size: 42, coverage: 77.00%, cost: 84.0
[2024-10-15 02:15:31,773][INFO] Step 43: size: 43, coverage: 78.00%, cost: 87.0
[2024-10-15 02:15:31,780][INFO] Step 44: size: 44, coverage: 80.00%, cost: 94.0
[2024-10-15 02:15:31,787][INFO] Step 45: size: 45, coverage: 80.50%, cost: 96.0
[2024-10-15 02:15:31,794][INFO] Step 46: size: 46, coverage: 81.00%, cost: 98.0
[2024-10-15 02:15:31,801][INFO] Step 47: size: 47, coverage: 82.00%, cost: 102.0
[2024-10-15 02:15:31,809][INFO] Step 48: size: 48, coverage: 83.00%, cost: 107.0
[2024-10-15 02:15:31,816][INFO] Step 49: size: 49, coverage: 84.50%, cost: 115.0
[2024-10-15 02:15:31,823][INFO] Step 50: size: 50, coverage: 85.00%, cost: 118.0
[2024-10-15 02:15:31,830][INFO] Step 51: size: 51, coverage: 85.50%, cost: 121.0
[2024-10-15 02:15:31,838][INFO] Step 52: size: 52, coverage: 86.00%, cost: 124.0
[2024-10-15 02:15:31,845][INFO] Step 53: size: 53, coverage: 86.50%, cost: 127.0
[2024-10-15 02:15:31,852][INFO] Step 54: size: 54, coverage: 87.00%, cost: 130.0
[2024-10-15 02:15:31,860][INFO] Step 55: size: 55, coverage: 87.50%, cost: 133.0
[2024-10-15 02:15:31,867][INFO] Step 56: size: 56, coverage: 88.00%, cost: 136.0
[2024-10-15 02:15:31,875][INFO] Step 57: size: 57, coverage: 88.50%, cost: 140.0
[2024-10-15 02:15:31,882][INFO] Step 58: size: 58, coverage: 89.00%, cost: 144.0
[2024-10-15 02:15:31,890][INFO] Step 59: size: 59, coverage: 89.50%, cost: 148.0
[2024-10-15 02:15:31,897][INFO] Step 60: size: 60, coverage: 90.00%, cost: 152.0
[2024-10-15 02:15:31,905][INFO] Step 61: size: 61, coverage: 90.50%, cost: 156.0
[2024-10-15 02:15:31,913][INFO] Step 62: size: 62, coverage: 91.50%, cost: 165.0
[2024-10-15 02:15:31,920][INFO] Step 63: size: 63, coverage: 92.50%, cost: 174.0
[2024-10-15 02:15:31,928][INFO] Step 64: size: 64, coverage: 93.00%, cost: 179.0
[2024-10-15 02:15:31,936][INFO] Step 65: size: 65, coverage: 93.50%, cost: 184.0
[2024-10-15 02:15:31,943][INFO] Step 66: size: 66, coverage: 94.00%, cost: 189.0
[2024-10-15 02:15:31,951][INFO] Step 67: size: 67, coverage: 95.00%, cost: 199.0
[2024-10-15 02:15:31,959][INFO] Step 68: size: 68, coverage: 95.50%, cost: 206.0
[2024-10-15 02:15:31,967][INFO] Step 69: size: 69, coverage: 96.00%, cost: 213.0
[2024-10-15 02:15:31,975][INFO] Step 70: size: 70, coverage: 96.50%, cost: 220.0
[2024-10-15 02:15:31,983][INFO] Step 71: size: 71, coverage: 97.00%, cost: 227.0
[2024-10-15 02:15:31,991][INFO] Step 72: size: 72, coverage: 97.50%, cost: 234.0
[2024-10-15 02:15:31,999][INFO] Step 73: size: 73, coverage: 98.00%, cost: 242.0
[2024-10-15 02:15:32,007][INFO] Step 74: size: 74, coverage: 98.50%, cost: 251.0
[2024-10-15 02:15:32,015][INFO] Step 75: size: 75, coverage: 99.00%, cost: 261.0
[2024-10-15 02:15:32,023][INFO] Step 76: size: 76, coverage: 99.50%, cost: 275.0
[2024-10-15 02:15:32,031][INFO] Step 77: size: 77, coverage: 100.00%, cost: 289.0
[2024-10-15 02:15:32,096][INFO] Redundancy elimination: [np.int64(14), np.int64(78), np.int64(62), np.int64(48), np.int64(7), np.int64(10)] -> cost: 13.0
[2024-10-15 02:15:32,096][INFO] Redundancy elimination: [np.int64(8), np.int64(62), np.int64(54), np.int64(35), np.int64(78), np.int64(48), np.int64(10), np.int64(14), np.int64(15), np.int64(7)] -> cost: 20.0
[2024-10-15 02:15:32,096][INFO] Redundancy elimination: [np.int64(48), np.int64(62), np.int64(54), np.int64(8), np.int64(78), np.int64(35), np.int64(10), np.int64(15)] -> cost: 18.0
[2024-10-15 02:15:32,096][INFO] Redundancy elimination: [np.int64(35), np.int64(62), np.int64(78), np.int64(15), np.int64(54), np.int64(48)] -> cost: 16.0
[2024-10-15 02:15:32,096][INFO] Redundancy elimination: [np.int64(78), np.int64(62), np.int64(54), np.int64(48), np.int64(35), np.int64(7), np.int64(8), np.int64(10), np.int64(15), np.int64(14)] -> cost: 20.0
[2024-10-15 02:15:32,096][INFO] Size: 77 -> 67
[2024-10-15 02:15:32,096][INFO] Cost: 289.0 -> 269.0
[2024-10-15 02:15:34,342][INFO] Explored 79647 neighbors, found 826 feasible (1.04%)
[2024-10-15 02:15:34,344][INFO] Step 0: cost -> 269.0
[2024-10-15 02:15:36,596][INFO] Explored 79647 neighbors, found 826 feasible (1.04%)
[2024-10-15 02:15:36,597][INFO] Step 1: cost -> 269.0
[2024-10-15 02:15:38,858][INFO] Explored 79647 neighbors, found 826 feasible (1.04%)
[2024-10-15 02:15:38,859][INFO] Step 2: cost -> 269.0
[2024-10-15 02:22:02,489][INFO] Step 1: size: 1, coverage: 3.00%, cost: 1.0
[2024-10-15 02:22:02,495][INFO] Step 2: size: 2, coverage: 6.00%, cost: 2.0
[2024-10-15 02:22:02,502][INFO] Step 3: size: 3, coverage: 8.50%, cost: 3.0
[2024-10-15 02:22:02,508][INFO] Step 4: size: 4, coverage: 11.00%, cost: 4.0
[2024-10-15 02:22:02,514][INFO] Step 5: size: 5, coverage: 13.50%, cost: 5.0
[2024-10-15 02:22:02,521][INFO] Step 6: size: 6, coverage: 16.00%, cost: 6.0
[2024-10-15 02:22:02,527][INFO] Step 7: size: 7, coverage: 18.00%, cost: 7.0
[2024-10-15 02:22:02,534][INFO] Step 8: size: 8, coverage: 20.00%, cost: 8.0
[2024-10-15 02:22:02,540][INFO] Step 9: size: 9, coverage: 22.00%, cost: 9.0
[2024-10-15 02:22:02,547][INFO] Step 10: size: 10, coverage: 24.00%, cost: 10.0
[2024-10-15 02:22:02,553][INFO] Step 11: size: 11, coverage: 26.00%, cost: 11.0
[2024-10-15 02:22:02,560][INFO] Step 12: size: 12, coverage: 27.50%, cost: 12.0
[2024-10-15 02:22:02,566][INFO] Step 13: size: 13, coverage: 29.00%, cost: 13.0
[2024-10-15 02:22:02,573][INFO] Step 14: size: 14, coverage: 32.00%, cost: 15.0
[2024-10-15 02:22:02,580][INFO] Step 15: size: 15, coverage: 34.50%, cost: 17.0
[2024-10-15 02:22:02,586][INFO] Step 16: size: 16, coverage: 37.00%, cost: 19.0
[2024-10-15 02:22:02,593][INFO] Step 17: size: 17, coverage: 38.00%, cost: 20.0
[2024-10-15 02:22:02,599][INFO] Step 18: size: 18, coverage: 39.00%, cost: 21.0
[2024-10-15 02:22:02,606][INFO] Step 19: size: 19, coverage: 40.00%, cost: 22.0
[2024-10-15 02:22:02,612][INFO] Step 20: size: 20, coverage: 42.00%, cost: 24.0
[2024-10-15 02:22:02,619][INFO] Step 21: size: 21, coverage: 44.00%, cost: 26.0
[2024-10-15 02:22:02,626][INFO] Step 22: size: 22, coverage: 46.00%, cost: 28.0
[2024-10-15 02:22:02,632][INFO] Step 23: size: 23, coverage: 49.00%, cost: 31.0
[2024-10-15 02:22:02,639][INFO] Step 24: size: 24, coverage: 50.50%, cost: 33.0
[2024-10-15 02:22:02,646][INFO] Step 25: size: 25, coverage: 52.00%, cost: 35.0
[2024-10-15 02:22:02,652][INFO] Step 26: size: 26, coverage: 54.00%, cost: 38.0
[2024-10-15 02:22:02,659][INFO] Step 27: size: 27, coverage: 56.00%, cost: 41.0
[2024-10-15 02:22:02,666][INFO] Step 28: size: 28, coverage: 58.00%, cost: 44.0
[2024-10-15 02:22:02,673][INFO] Step 29: size: 29, coverage: 60.50%, cost: 48.0
[2024-10-15 02:22:02,679][INFO] Step 30: size: 30, coverage: 63.50%, cost: 53.0
[2024-10-15 02:22:02,686][INFO] Step 31: size: 31, coverage: 64.00%, cost: 54.0
[2024-10-15 02:22:02,693][INFO] Step 32: size: 32, coverage: 64.50%, cost: 55.0
[2024-10-15 02:22:02,700][INFO] Step 33: size: 33, coverage: 65.50%, cost: 57.0
[2024-10-15 02:22:02,707][INFO] Step 34: size: 34, coverage: 66.50%, cost: 59.0
[2024-10-15 02:22:02,713][INFO] Step 35: size: 35, coverage: 67.50%, cost: 61.0
[2024-10-15 02:22:02,720][INFO] Step 36: size: 36, coverage: 68.50%, cost: 63.0
[2024-10-15 02:22:02,727][INFO] Step 37: size: 37, coverage: 69.50%, cost: 65.0
[2024-10-15 02:22:02,734][INFO] Step 38: size: 38, coverage: 71.00%, cost: 68.0
[2024-10-15 02:22:02,741][INFO] Step 39: size: 39, coverage: 72.50%, cost: 72.0
[2024-10-15 02:22:02,748][INFO] Step 40: size: 40, coverage: 74.00%, cost: 76.0
[2024-10-15 02:22:02,755][INFO] Step 41: size: 41, coverage: 75.50%, cost: 80.0
[2024-10-15 02:22:02,762][INFO] Step 42: size: 42, coverage: 77.00%, cost: 84.0
[2024-10-15 02:22:02,770][INFO] Step 43: size: 43, coverage: 78.00%, cost: 87.0
[2024-10-15 02:22:02,777][INFO] Step 44: size: 44, coverage: 80.00%, cost: 94.0
[2024-10-15 02:22:02,784][INFO] Step 45: size: 45, coverage: 80.50%, cost: 96.0
[2024-10-15 02:22:02,791][INFO] Step 46: size: 46, coverage: 81.00%, cost: 98.0
[2024-10-15 02:22:02,798][INFO] Step 47: size: 47, coverage: 82.00%, cost: 102.0
[2024-10-15 02:22:02,805][INFO] Step 48: size: 48, coverage: 83.00%, cost: 107.0
[2024-10-15 02:22:02,813][INFO] Step 49: size: 49, coverage: 84.50%, cost: 115.0
[2024-10-15 02:22:02,820][INFO] Step 50: size: 50, coverage: 85.00%, cost: 118.0
[2024-10-15 02:22:02,827][INFO] Step 51: size: 51, coverage: 85.50%, cost: 121.0
[2024-10-15 02:22:02,835][INFO] Step 52: size: 52, coverage: 86.00%, cost: 124.0
[2024-10-15 02:22:02,842][INFO] Step 53: size: 53, coverage: 86.50%, cost: 127.0
[2024-10-15 02:22:02,849][INFO] Step 54: size: 54, coverage: 87.00%, cost: 130.0
[2024-10-15 02:22:02,857][INFO] Step 55: size: 55, coverage: 87.50%, cost: 133.0
[2024-10-15 02:22:02,864][INFO] Step 56: size: 56, coverage: 88.00%, cost: 136.0
[2024-10-15 02:22:02,872][INFO] Step 57: size: 57, coverage: 88.50%, cost: 140.0
[2024-10-15 02:22:02,879][INFO] Step 58: size: 58, coverage: 89.00%, cost: 144.0
[2024-10-15 02:22:02,887][INFO] Step 59: size: 59, coverage: 89.50%, cost: 148.0
[2024-10-15 02:22:02,894][INFO] Step 60: size: 60, coverage: 90.00%, cost: 152.0
[2024-10-15 02:22:02,902][INFO] Step 61: size: 61, coverage: 90.50%, cost: 156.0
[2024-10-15 02:22:02,910][INFO] Step 62: size: 62, coverage: 91.50%, cost: 165.0
[2024-10-15 02:22:02,917][INFO] Step 63: size: 63, coverage: 92.50%, cost: 174.0
[2024-10-15 02:22:02,925][INFO] Step 64: size: 64, coverage: 93.00%, cost: 179.0
[2024-10-15 02:22:02,933][INFO] Step 65: size: 65, coverage: 93.50%, cost: 184.0
[2024-10-15 02:22:02,940][INFO] Step 66: size: 66, coverage: 94.00%, cost: 189.0
[2024-10-15 02:22:02,948][INFO] Step 67: size: 67, coverage: 95.00%, cost: 199.0
[2024-10-15 02:22:02,956][INFO] Step 68: size: 68, coverage: 95.50%, cost: 206.0
[2024-10-15 02:22:02,964][INFO] Step 69: size: 69, coverage: 96.00%, cost: 213.0
[2024-10-15 02:22:02,972][INFO] Step 70: size: 70, coverage: 96.50%, cost: 220.0
[2024-10-15 02:22:02,980][INFO] Step 71: size: 71, coverage: 97.00%, cost: 227.0
[2024-10-15 02:22:02,988][INFO] Step 72: size: 72, coverage: 97.50%, cost: 234.0
[2024-10-15 02:22:02,996][INFO] Step 73: size: 73, coverage: 98.00%, cost: 242.0
[2024-10-15 02:22:03,004][INFO] Step 74: size: 74, coverage: 98.50%, cost: 251.0
[2024-10-15 02:22:03,012][INFO] Step 75: size: 75, coverage: 99.00%, cost: 261.0
[2024-10-15 02:22:03,020][INFO] Step 76: size: 76, coverage: 99.50%, cost: 275.0
[2024-10-15 02:22:03,028][INFO] Step 77: size: 77, coverage: 100.00%, cost: 289.0
[2024-10-15 02:22:03,093][INFO] Redundancy elimination: [np.int64(14), np.int64(78), np.int64(62), np.int64(48), np.int64(7), np.int64(10)] -> cost: 13.0
[2024-10-15 02:22:03,093][INFO] Redundancy elimination: [np.int64(8), np.int64(62), np.int64(54), np.int64(35), np.int64(78), np.int64(48), np.int64(10), np.int64(14), np.int64(15), np.int64(7)] -> cost: 20.0
[2024-10-15 02:22:03,093][INFO] Redundancy elimination: [np.int64(48), np.int64(62), np.int64(54), np.int64(8), np.int64(78), np.int64(35), np.int64(10), np.int64(15)] -> cost: 18.0
[2024-10-15 02:22:03,093][INFO] Redundancy elimination: [np.int64(35), np.int64(62), np.int64(78), np.int64(15), np.int64(54), np.int64(48)] -> cost: 16.0
[2024-10-15 02:22:03,093][INFO] Redundancy elimination: [np.int64(78), np.int64(62), np.int64(54), np.int64(48), np.int64(35), np.int64(7), np.int64(8), np.int64(10), np.int64(15), np.int64(14)] -> cost: 20.0
[2024-10-15 02:22:03,093][INFO] Size: 77 -> 67
[2024-10-15 02:22:03,093][INFO] Cost: 289.0 -> 269.0
[2024-10-15 02:22:05,322][INFO] Explored 79647 neighbors, found 826 feasible (1.04%)
[2024-10-15 02:22:05,323][INFO] Step 0: cost -> 269.0
[2024-10-15 02:22:07,551][INFO] Explored 79647 neighbors, found 826 feasible (1.04%)
[2024-10-15 02:22:07,553][INFO] Step 1: cost -> 269.0
[2024-10-15 02:22:09,803][INFO] Explored 79647 neighbors, found 826 feasible (1.04%)
[2024-10-15 02:22:09,805][INFO] Step 2: cost -> 269.0
