[2024-10-15 02:18:00,721][INFO] Step 1: size: 1, coverage: 8.00%, cost: 1.0
[2024-10-15 02:18:00,731][INFO] Step 2: size: 2, coverage: 15.33%, cost: 2.0
[2024-10-15 02:18:00,742][INFO] Step 3: size: 3, coverage: 22.33%, cost: 3.0
[2024-10-15 02:18:00,752][INFO] Step 4: size: 4, coverage: 28.33%, cost: 4.0
[2024-10-15 02:18:00,762][INFO] Step 5: size: 5, coverage: 33.67%, cost: 5.0
[2024-10-15 02:18:00,772][INFO] Step 6: size: 6, coverage: 38.33%, cost: 6.0
[2024-10-15 02:18:00,783][INFO] Step 7: size: 7, coverage: 42.00%, cost: 7.0
[2024-10-15 02:18:00,793][INFO] Step 8: size: 8, coverage: 45.67%, cost: 8.0
[2024-10-15 02:18:00,803][INFO] Step 9: size: 9, coverage: 49.00%, cost: 9.0
[2024-10-15 02:18:00,813][INFO] Step 10: size: 10, coverage: 52.00%, cost: 10.0
[2024-10-15 02:18:00,824][INFO] Step 11: size: 11, coverage: 54.67%, cost: 11.0
[2024-10-15 02:18:00,834][INFO] Step 12: size: 12, coverage: 57.33%, cost: 12.0
[2024-10-15 02:18:00,844][INFO] Step 13: size: 13, coverage: 59.67%, cost: 13.0
[2024-10-15 02:18:00,854][INFO] Step 14: size: 14, coverage: 62.00%, cost: 14.0
[2024-10-15 02:18:00,864][INFO] Step 15: size: 15, coverage: 64.33%, cost: 15.0
[2024-10-15 02:18:00,874][INFO] Step 16: size: 16, coverage: 66.33%, cost: 16.0
[2024-10-15 02:18:00,884][INFO] Step 17: size: 17, coverage: 68.00%, cost: 17.0
[2024-10-15 02:18:00,894][INFO] Step 18: size: 18, coverage: 69.67%, cost: 18.0
[2024-10-15 02:18:00,904][INFO] Step 19: size: 19, coverage: 71.33%, cost: 19.0
[2024-10-15 02:18:00,914][INFO] Step 20: size: 20, coverage: 74.33%, cost: 21.0
[2024-10-15 02:18:00,924][INFO] Step 21: size: 21, coverage: 75.67%, cost: 22.0
[2024-10-15 02:18:00,934][INFO] Step 22: size: 22, coverage: 77.00%, cost: 23.0
[2024-10-15 02:18:00,944][INFO] Step 23: size: 23, coverage: 78.33%, cost: 24.0
[2024-10-15 02:18:00,954][INFO] Step 24: size: 24, coverage: 79.33%, cost: 25.0
[2024-10-15 02:18:00,964][INFO] Step 25: size: 25, coverage: 81.00%, cost: 27.0
[2024-10-15 02:18:00,975][INFO] Step 26: size: 26, coverage: 81.67%, cost: 28.0
[2024-10-15 02:18:00,985][INFO] Step 27: size: 27, coverage: 82.33%, cost: 29.0
[2024-10-15 02:18:00,995][INFO] Step 28: size: 28, coverage: 83.00%, cost: 30.0
[2024-10-15 02:18:01,006][INFO] Step 29: size: 29, coverage: 84.33%, cost: 32.0
[2024-10-15 02:18:01,016][INFO] Step 30: size: 30, coverage: 85.67%, cost: 34.0
[2024-10-15 02:18:01,026][INFO] Step 31: size: 31, coverage: 87.33%, cost: 37.0
[2024-10-15 02:18:01,037][INFO] Step 32: size: 32, coverage: 89.00%, cost: 40.0
[2024-10-15 02:18:01,047][INFO] Step 33: size: 33, coverage: 90.00%, cost: 42.0
[2024-10-15 02:18:01,058][INFO] Step 34: size: 34, coverage: 91.00%, cost: 44.0
[2024-10-15 02:18:01,069][INFO] Step 35: size: 35, coverage: 91.67%, cost: 46.0
[2024-10-15 02:18:01,079][INFO] Step 36: size: 36, coverage: 92.33%, cost: 48.0
[2024-10-15 02:18:01,090][INFO] Step 37: size: 37, coverage: 93.00%, cost: 50.0
[2024-10-15 02:18:01,100][INFO] Step 38: size: 38, coverage: 94.00%, cost: 53.0
[2024-10-15 02:18:01,111][INFO] Step 39: size: 39, coverage: 95.33%, cost: 58.0
[2024-10-15 02:18:01,122][INFO] Step 40: size: 40, coverage: 96.33%, cost: 62.0
[2024-10-15 02:18:01,133][INFO] Step 41: size: 41, coverage: 97.00%, cost: 65.0
[2024-10-15 02:18:01,144][INFO] Step 42: size: 42, coverage: 97.67%, cost: 68.0
[2024-10-15 02:18:01,155][INFO] Step 43: size: 43, coverage: 98.33%, cost: 71.0
[2024-10-15 02:18:01,166][INFO] Step 44: size: 44, coverage: 98.67%, cost: 73.0
[2024-10-15 02:18:01,177][INFO] Step 45: size: 45, coverage: 99.33%, cost: 78.0
[2024-10-15 02:18:01,188][INFO] Step 46: size: 46, coverage: 99.67%, cost: 81.0
[2024-10-15 02:18:01,199][INFO] Step 47: size: 47, coverage: 100.00%, cost: 86.0
[2024-10-15 02:18:01,220][INFO] Redundancy elimination: [np.int64(23), np.int64(48), np.int64(8)] -> cost: 4.0
[2024-10-15 02:18:01,221][INFO] Redundancy elimination: [np.int64(8), np.int64(32), np.int64(48), np.int64(38), np.int64(23)] -> cost: 8.0
[2024-10-15 02:18:01,221][INFO] Redundancy elimination: [np.int64(38), np.int64(48), np.int64(23), np.int64(32), np.int64(8)] -> cost: 8.0
[2024-10-15 02:18:01,221][INFO] Redundancy elimination: [np.int64(48), np.int64(38), np.int64(8), np.int64(23), np.int64(32)] -> cost: 8.0
[2024-10-15 02:18:01,221][INFO] Redundancy elimination: [np.int64(32), np.int64(48), np.int64(23), np.int64(38), np.int64(8)] -> cost: 8.0
[2024-10-15 02:18:01,221][INFO] Size: 47 -> 42
[2024-10-15 02:18:01,221][INFO] Cost: 86.0 -> 78.0
[2024-10-15 02:18:02,864][INFO] Explored 63290 neighbors, found 1236 feasible (1.95%)
[2024-10-15 02:18:02,865][INFO] Step 0: cost -> 78.0
[2024-10-15 02:18:04,508][INFO] Explored 63290 neighbors, found 1236 feasible (1.95%)
[2024-10-15 02:18:04,509][INFO] Step 1: cost -> 78.0
[2024-10-15 02:18:06,149][INFO] Explored 63290 neighbors, found 1236 feasible (1.95%)
[2024-10-15 02:18:06,150][INFO] Step 2: cost -> 78.0
[2024-10-15 02:24:30,923][INFO] Step 1: size: 1, coverage: 8.00%, cost: 1.0
[2024-10-15 02:24:30,934][INFO] Step 2: size: 2, coverage: 15.33%, cost: 2.0
[2024-10-15 02:24:30,944][INFO] Step 3: size: 3, coverage: 22.33%, cost: 3.0
[2024-10-15 02:24:30,955][INFO] Step 4: size: 4, coverage: 28.33%, cost: 4.0
[2024-10-15 02:24:30,965][INFO] Step 5: size: 5, coverage: 33.67%, cost: 5.0
[2024-10-15 02:24:30,975][INFO] Step 6: size: 6, coverage: 38.33%, cost: 6.0
[2024-10-15 02:24:30,985][INFO] Step 7: size: 7, coverage: 42.00%, cost: 7.0
[2024-10-15 02:24:30,996][INFO] Step 8: size: 8, coverage: 45.67%, cost: 8.0
[2024-10-15 02:24:31,006][INFO] Step 9: size: 9, coverage: 49.00%, cost: 9.0
[2024-10-15 02:24:31,016][INFO] Step 10: size: 10, coverage: 52.00%, cost: 10.0
[2024-10-15 02:24:31,026][INFO] Step 11: size: 11, coverage: 54.67%, cost: 11.0
[2024-10-15 02:24:31,036][INFO] Step 12: size: 12, coverage: 57.33%, cost: 12.0
[2024-10-15 02:24:31,046][INFO] Step 13: size: 13, coverage: 59.67%, cost: 13.0
[2024-10-15 02:24:31,056][INFO] Step 14: size: 14, coverage: 62.00%, cost: 14.0
[2024-10-15 02:24:31,066][INFO] Step 15: size: 15, coverage: 64.33%, cost: 15.0
[2024-10-15 02:24:31,076][INFO] Step 16: size: 16, coverage: 66.33%, cost: 16.0
[2024-10-15 02:24:31,086][INFO] Step 17: size: 17, coverage: 68.00%, cost: 17.0
[2024-10-15 02:24:31,096][INFO] Step 18: size: 18, coverage: 69.67%, cost: 18.0
[2024-10-15 02:24:31,106][INFO] Step 19: size: 19, coverage: 71.33%, cost: 19.0
[2024-10-15 02:24:31,116][INFO] Step 20: size: 20, coverage: 74.33%, cost: 21.0
[2024-10-15 02:24:31,126][INFO] Step 21: size: 21, coverage: 75.67%, cost: 22.0
[2024-10-15 02:24:31,136][INFO] Step 22: size: 22, coverage: 77.00%, cost: 23.0
[2024-10-15 02:24:31,147][INFO] Step 23: size: 23, coverage: 78.33%, cost: 24.0
[2024-10-15 02:24:31,157][INFO] Step 24: size: 24, coverage: 79.33%, cost: 25.0
[2024-10-15 02:24:31,167][INFO] Step 25: size: 25, coverage: 81.00%, cost: 27.0
[2024-10-15 02:24:31,177][INFO] Step 26: size: 26, coverage: 81.67%, cost: 28.0
[2024-10-15 02:24:31,187][INFO] Step 27: size: 27, coverage: 82.33%, cost: 29.0
[2024-10-15 02:24:31,198][INFO] Step 28: size: 28, coverage: 83.00%, cost: 30.0
[2024-10-15 02:24:31,208][INFO] Step 29: size: 29, coverage: 84.33%, cost: 32.0
[2024-10-15 02:24:31,218][INFO] Step 30: size: 30, coverage: 85.67%, cost: 34.0
[2024-10-15 02:24:31,229][INFO] Step 31: size: 31, coverage: 87.33%, cost: 37.0
[2024-10-15 02:24:31,239][INFO] Step 32: size: 32, coverage: 89.00%, cost: 40.0
[2024-10-15 02:24:31,250][INFO] Step 33: size: 33, coverage: 90.00%, cost: 42.0
[2024-10-15 02:24:31,260][INFO] Step 34: size: 34, coverage: 91.00%, cost: 44.0
[2024-10-15 02:24:31,271][INFO] Step 35: size: 35, coverage: 91.67%, cost: 46.0
[2024-10-15 02:24:31,281][INFO] Step 36: size: 36, coverage: 92.33%, cost: 48.0
[2024-10-15 02:24:31,292][INFO] Step 37: size: 37, coverage: 93.00%, cost: 50.0
[2024-10-15 02:24:31,302][INFO] Step 38: size: 38, coverage: 94.00%, cost: 53.0
[2024-10-15 02:24:31,313][INFO] Step 39: size: 39, coverage: 95.33%, cost: 58.0
[2024-10-15 02:24:31,324][INFO] Step 40: size: 40, coverage: 96.33%, cost: 62.0
[2024-10-15 02:24:31,335][INFO] Step 41: size: 41, coverage: 97.00%, cost: 65.0
[2024-10-15 02:24:31,346][INFO] Step 42: size: 42, coverage: 97.67%, cost: 68.0
[2024-10-15 02:24:31,357][INFO] Step 43: size: 43, coverage: 98.33%, cost: 71.0
[2024-10-15 02:24:31,368][INFO] Step 44: size: 44, coverage: 98.67%, cost: 73.0
[2024-10-15 02:24:31,379][INFO] Step 45: size: 45, coverage: 99.33%, cost: 78.0
[2024-10-15 02:24:31,390][INFO] Step 46: size: 46, coverage: 99.67%, cost: 81.0
[2024-10-15 02:24:31,401][INFO] Step 47: size: 47, coverage: 100.00%, cost: 86.0
[2024-10-15 02:24:31,422][INFO] Redundancy elimination: [np.int64(23), np.int64(48), np.int64(8)] -> cost: 4.0
[2024-10-15 02:24:31,422][INFO] Redundancy elimination: [np.int64(8), np.int64(32), np.int64(48), np.int64(38), np.int64(23)] -> cost: 8.0
[2024-10-15 02:24:31,422][INFO] Redundancy elimination: [np.int64(38), np.int64(48), np.int64(23), np.int64(32), np.int64(8)] -> cost: 8.0
[2024-10-15 02:24:31,422][INFO] Redundancy elimination: [np.int64(48), np.int64(38), np.int64(8), np.int64(23), np.int64(32)] -> cost: 8.0
[2024-10-15 02:24:31,422][INFO] Redundancy elimination: [np.int64(32), np.int64(48), np.int64(23), np.int64(38), np.int64(8)] -> cost: 8.0
[2024-10-15 02:24:31,422][INFO] Size: 47 -> 42
[2024-10-15 02:24:31,422][INFO] Cost: 86.0 -> 78.0
[2024-10-15 02:24:33,055][INFO] Explored 63290 neighbors, found 1236 feasible (1.95%)
[2024-10-15 02:24:33,056][INFO] Step 0: cost -> 78.0
[2024-10-15 02:24:34,690][INFO] Explored 63290 neighbors, found 1236 feasible (1.95%)
[2024-10-15 02:24:34,691][INFO] Step 1: cost -> 78.0
[2024-10-15 02:24:36,324][INFO] Explored 63290 neighbors, found 1236 feasible (1.95%)
[2024-10-15 02:24:36,325][INFO] Step 2: cost -> 78.0
