[2024-10-15 02:20:50,420][INFO] Step 1: size: 1, coverage: 7.25%, cost: 1.0
[2024-10-15 02:20:50,436][INFO] Step 2: size: 2, coverage: 13.75%, cost: 2.0
[2024-10-15 02:20:50,451][INFO] Step 3: size: 3, coverage: 20.00%, cost: 3.0
[2024-10-15 02:20:50,466][INFO] Step 4: size: 4, coverage: 25.50%, cost: 4.0
[2024-10-15 02:20:50,481][INFO] Step 5: size: 5, coverage: 30.75%, cost: 5.0
[2024-10-15 02:20:50,496][INFO] Step 6: size: 6, coverage: 36.00%, cost: 6.0
[2024-10-15 02:20:50,511][INFO] Step 7: size: 7, coverage: 40.50%, cost: 7.0
[2024-10-15 02:20:50,526][INFO] Step 8: size: 8, coverage: 44.75%, cost: 8.0
[2024-10-15 02:20:50,541][INFO] Step 9: size: 9, coverage: 48.75%, cost: 9.0
[2024-10-15 02:20:50,555][INFO] Step 10: size: 10, coverage: 52.50%, cost: 10.0
[2024-10-15 02:20:50,570][INFO] Step 11: size: 11, coverage: 55.75%, cost: 11.0
[2024-10-15 02:20:50,585][INFO] Step 12: size: 12, coverage: 59.00%, cost: 12.0
[2024-10-15 02:20:50,599][INFO] Step 13: size: 13, coverage: 62.00%, cost: 13.0
[2024-10-15 02:20:50,613][INFO] Step 14: size: 14, coverage: 64.25%, cost: 14.0
[2024-10-15 02:20:50,628][INFO] Step 15: size: 15, coverage: 66.50%, cost: 15.0
[2024-10-15 02:20:50,642][INFO] Step 16: size: 16, coverage: 68.50%, cost: 16.0
[2024-10-15 02:20:50,656][INFO] Step 17: size: 17, coverage: 70.50%, cost: 17.0
[2024-10-15 02:20:50,670][INFO] Step 18: size: 18, coverage: 72.50%, cost: 18.0
[2024-10-15 02:20:50,685][INFO] Step 19: size: 19, coverage: 74.50%, cost: 19.0
[2024-10-15 02:20:50,699][INFO] Step 20: size: 20, coverage: 76.00%, cost: 20.0
[2024-10-15 02:20:50,713][INFO] Step 21: size: 21, coverage: 77.50%, cost: 21.0
[2024-10-15 02:20:50,727][INFO] Step 22: size: 22, coverage: 79.00%, cost: 22.0
[2024-10-15 02:20:50,742][INFO] Step 23: size: 23, coverage: 80.50%, cost: 23.0
[2024-10-15 02:20:50,756][INFO] Step 24: size: 24, coverage: 81.50%, cost: 24.0
[2024-10-15 02:20:50,770][INFO] Step 25: size: 25, coverage: 82.50%, cost: 25.0
[2024-10-15 02:20:50,785][INFO] Step 26: size: 26, coverage: 83.50%, cost: 26.0
[2024-10-15 02:20:50,799][INFO] Step 27: size: 27, coverage: 84.50%, cost: 27.0
[2024-10-15 02:20:50,814][INFO] Step 28: size: 28, coverage: 85.50%, cost: 28.0
[2024-10-15 02:20:50,828][INFO] Step 29: size: 29, coverage: 86.25%, cost: 29.0
[2024-10-15 02:20:50,843][INFO] Step 30: size: 30, coverage: 87.00%, cost: 30.0
[2024-10-15 02:20:50,857][INFO] Step 31: size: 31, coverage: 87.75%, cost: 31.0
[2024-10-15 02:20:50,872][INFO] Step 32: size: 32, coverage: 88.50%, cost: 32.0
[2024-10-15 02:20:50,886][INFO] Step 33: size: 33, coverage: 89.75%, cost: 34.0
[2024-10-15 02:20:50,901][INFO] Step 34: size: 34, coverage: 90.25%, cost: 35.0
[2024-10-15 02:20:50,916][INFO] Step 35: size: 35, coverage: 90.75%, cost: 36.0
[2024-10-15 02:20:50,931][INFO] Step 36: size: 36, coverage: 91.75%, cost: 38.0
[2024-10-15 02:20:50,946][INFO] Step 37: size: 37, coverage: 93.25%, cost: 41.0
[2024-10-15 02:20:50,961][INFO] Step 38: size: 38, coverage: 94.00%, cost: 43.0
[2024-10-15 02:20:50,976][INFO] Step 39: size: 39, coverage: 94.75%, cost: 45.0
[2024-10-15 02:20:50,991][INFO] Step 40: size: 40, coverage: 95.50%, cost: 47.0
[2024-10-15 02:20:51,006][INFO] Step 41: size: 41, coverage: 96.25%, cost: 49.0
[2024-10-15 02:20:51,021][INFO] Step 42: size: 42, coverage: 96.75%, cost: 51.0
[2024-10-15 02:20:51,036][INFO] Step 43: size: 43, coverage: 97.25%, cost: 53.0
[2024-10-15 02:20:51,051][INFO] Step 44: size: 44, coverage: 97.75%, cost: 55.0
[2024-10-15 02:20:51,067][INFO] Step 45: size: 45, coverage: 98.25%, cost: 58.0
[2024-10-15 02:20:51,082][INFO] Step 46: size: 46, coverage: 98.50%, cost: 60.0
[2024-10-15 02:20:51,098][INFO] Step 47: size: 47, coverage: 98.75%, cost: 62.0
[2024-10-15 02:20:51,113][INFO] Step 48: size: 48, coverage: 99.00%, cost: 64.0
[2024-10-15 02:20:51,129][INFO] Step 49: size: 49, coverage: 99.50%, cost: 68.0
[2024-10-15 02:20:51,145][INFO] Step 50: size: 50, coverage: 99.75%, cost: 71.0
[2024-10-15 02:20:51,161][INFO] Step 51: size: 51, coverage: 100.00%, cost: 74.0
[2024-10-15 02:20:51,175][INFO] Redundancy elimination: [np.int64(20), np.int64(27), np.int64(9)] -> cost: 3.0
[2024-10-15 02:20:51,175][INFO] Redundancy elimination: [np.int64(27), np.int64(21), np.int64(20)] -> cost: 3.0
[2024-10-15 02:20:51,175][INFO] Redundancy elimination: [np.int64(9)] -> cost: 1.0
[2024-10-15 02:20:51,175][INFO] Redundancy elimination: [np.int64(21), np.int64(20)] -> cost: 2.0
[2024-10-15 02:20:51,175][INFO] Size: 51 -> 48
[2024-10-15 02:20:51,175][INFO] Cost: 74.0 -> 71.0
[2024-10-15 02:20:54,205][INFO] Explored 93851 neighbors, found 1677 feasible (1.79%)
[2024-10-15 02:20:54,206][INFO] Step 0: cost -> 71.0
[2024-10-15 02:20:57,238][INFO] Explored 93851 neighbors, found 1677 feasible (1.79%)
[2024-10-15 02:20:57,239][INFO] Step 1: cost -> 71.0
[2024-10-15 02:21:00,277][INFO] Explored 93851 neighbors, found 1677 feasible (1.79%)
[2024-10-15 02:21:00,278][INFO] Step 2: cost -> 71.0
[2024-10-15 02:27:18,975][INFO] Step 1: size: 1, coverage: 7.25%, cost: 1.0
[2024-10-15 02:27:18,990][INFO] Step 2: size: 2, coverage: 13.75%, cost: 2.0
[2024-10-15 02:27:19,005][INFO] Step 3: size: 3, coverage: 20.00%, cost: 3.0
[2024-10-15 02:27:19,021][INFO] Step 4: size: 4, coverage: 25.50%, cost: 4.0
[2024-10-15 02:27:19,036][INFO] Step 5: size: 5, coverage: 30.75%, cost: 5.0
[2024-10-15 02:27:19,051][INFO] Step 6: size: 6, coverage: 36.00%, cost: 6.0
[2024-10-15 02:27:19,065][INFO] Step 7: size: 7, coverage: 40.50%, cost: 7.0
[2024-10-15 02:27:19,080][INFO] Step 8: size: 8, coverage: 44.75%, cost: 8.0
[2024-10-15 02:27:19,095][INFO] Step 9: size: 9, coverage: 48.75%, cost: 9.0
[2024-10-15 02:27:19,110][INFO] Step 10: size: 10, coverage: 52.50%, cost: 10.0
[2024-10-15 02:27:19,124][INFO] Step 11: size: 11, coverage: 55.75%, cost: 11.0
[2024-10-15 02:27:19,139][INFO] Step 12: size: 12, coverage: 59.00%, cost: 12.0
[2024-10-15 02:27:19,153][INFO] Step 13: size: 13, coverage: 62.00%, cost: 13.0
[2024-10-15 02:27:19,167][INFO] Step 14: size: 14, coverage: 64.25%, cost: 14.0
[2024-10-15 02:27:19,182][INFO] Step 15: size: 15, coverage: 66.50%, cost: 15.0
[2024-10-15 02:27:19,196][INFO] Step 16: size: 16, coverage: 68.50%, cost: 16.0
[2024-10-15 02:27:19,210][INFO] Step 17: size: 17, coverage: 70.50%, cost: 17.0
[2024-10-15 02:27:19,224][INFO] Step 18: size: 18, coverage: 72.50%, cost: 18.0
[2024-10-15 02:27:19,238][INFO] Step 19: size: 19, coverage: 74.50%, cost: 19.0
[2024-10-15 02:27:19,253][INFO] Step 20: size: 20, coverage: 76.00%, cost: 20.0
[2024-10-15 02:27:19,267][INFO] Step 21: size: 21, coverage: 77.50%, cost: 21.0
[2024-10-15 02:27:19,281][INFO] Step 22: size: 22, coverage: 79.00%, cost: 22.0
[2024-10-15 02:27:19,295][INFO] Step 23: size: 23, coverage: 80.50%, cost: 23.0
[2024-10-15 02:27:19,310][INFO] Step 24: size: 24, coverage: 81.50%, cost: 24.0
[2024-10-15 02:27:19,324][INFO] Step 25: size: 25, coverage: 82.50%, cost: 25.0
[2024-10-15 02:27:19,339][INFO] Step 26: size: 26, coverage: 83.50%, cost: 26.0
[2024-10-15 02:27:19,353][INFO] Step 27: size: 27, coverage: 84.50%, cost: 27.0
[2024-10-15 02:27:19,368][INFO] Step 28: size: 28, coverage: 85.50%, cost: 28.0
[2024-10-15 02:27:19,382][INFO] Step 29: size: 29, coverage: 86.25%, cost: 29.0
[2024-10-15 02:27:19,397][INFO] Step 30: size: 30, coverage: 87.00%, cost: 30.0
[2024-10-15 02:27:19,411][INFO] Step 31: size: 31, coverage: 87.75%, cost: 31.0
[2024-10-15 02:27:19,426][INFO] Step 32: size: 32, coverage: 88.50%, cost: 32.0
[2024-10-15 02:27:19,441][INFO] Step 33: size: 33, coverage: 89.75%, cost: 34.0
[2024-10-15 02:27:19,455][INFO] Step 34: size: 34, coverage: 90.25%, cost: 35.0
[2024-10-15 02:27:19,470][INFO] Step 35: size: 35, coverage: 90.75%, cost: 36.0
[2024-10-15 02:27:19,485][INFO] Step 36: size: 36, coverage: 91.75%, cost: 38.0
[2024-10-15 02:27:19,500][INFO] Step 37: size: 37, coverage: 93.25%, cost: 41.0
[2024-10-15 02:27:19,515][INFO] Step 38: size: 38, coverage: 94.00%, cost: 43.0
[2024-10-15 02:27:19,530][INFO] Step 39: size: 39, coverage: 94.75%, cost: 45.0
[2024-10-15 02:27:19,545][INFO] Step 40: size: 40, coverage: 95.50%, cost: 47.0
[2024-10-15 02:27:19,560][INFO] Step 41: size: 41, coverage: 96.25%, cost: 49.0
[2024-10-15 02:27:19,576][INFO] Step 42: size: 42, coverage: 96.75%, cost: 51.0
[2024-10-15 02:27:19,591][INFO] Step 43: size: 43, coverage: 97.25%, cost: 53.0
[2024-10-15 02:27:19,606][INFO] Step 44: size: 44, coverage: 97.75%, cost: 55.0
[2024-10-15 02:27:19,622][INFO] Step 45: size: 45, coverage: 98.25%, cost: 58.0
[2024-10-15 02:27:19,637][INFO] Step 46: size: 46, coverage: 98.50%, cost: 60.0
[2024-10-15 02:27:19,652][INFO] Step 47: size: 47, coverage: 98.75%, cost: 62.0
[2024-10-15 02:27:19,668][INFO] Step 48: size: 48, coverage: 99.00%, cost: 64.0
[2024-10-15 02:27:19,684][INFO] Step 49: size: 49, coverage: 99.50%, cost: 68.0
[2024-10-15 02:27:19,700][INFO] Step 50: size: 50, coverage: 99.75%, cost: 71.0
[2024-10-15 02:27:19,716][INFO] Step 51: size: 51, coverage: 100.00%, cost: 74.0
[2024-10-15 02:27:19,730][INFO] Redundancy elimination: [np.int64(20), np.int64(27), np.int64(9)] -> cost: 3.0
[2024-10-15 02:27:19,730][INFO] Redundancy elimination: [np.int64(27), np.int64(21), np.int64(20)] -> cost: 3.0
[2024-10-15 02:27:19,730][INFO] Redundancy elimination: [np.int64(9)] -> cost: 1.0
[2024-10-15 02:27:19,730][INFO] Redundancy elimination: [np.int64(21), np.int64(20)] -> cost: 2.0
[2024-10-15 02:27:19,730][INFO] Size: 51 -> 48
[2024-10-15 02:27:19,730][INFO] Cost: 74.0 -> 71.0
[2024-10-15 02:27:22,744][INFO] Explored 93851 neighbors, found 1677 feasible (1.79%)
[2024-10-15 02:27:22,745][INFO] Step 0: cost -> 71.0
[2024-10-15 02:27:25,763][INFO] Explored 93851 neighbors, found 1677 feasible (1.79%)
[2024-10-15 02:27:25,764][INFO] Step 1: cost -> 71.0
[2024-10-15 02:27:28,808][INFO] Explored 93851 neighbors, found 1677 feasible (1.79%)
[2024-10-15 02:27:28,809][INFO] Step 2: cost -> 71.0
