[2024-10-15 02:21:22,977][INFO] Step 1: size: 1, coverage: 6.75%, cost: 1.0
[2024-10-15 02:21:22,992][INFO] Step 2: size: 2, coverage: 13.25%, cost: 2.0
[2024-10-15 02:21:23,008][INFO] Step 3: size: 3, coverage: 19.25%, cost: 3.0
[2024-10-15 02:21:23,023][INFO] Step 4: size: 4, coverage: 24.50%, cost: 4.0
[2024-10-15 02:21:23,038][INFO] Step 5: size: 5, coverage: 29.75%, cost: 5.0
[2024-10-15 02:21:23,053][INFO] Step 6: size: 6, coverage: 35.00%, cost: 6.0
[2024-10-15 02:21:23,068][INFO] Step 7: size: 7, coverage: 39.50%, cost: 7.0
[2024-10-15 02:21:23,082][INFO] Step 8: size: 8, coverage: 43.75%, cost: 8.0
[2024-10-15 02:21:23,097][INFO] Step 9: size: 9, coverage: 47.75%, cost: 9.0
[2024-10-15 02:21:23,112][INFO] Step 10: size: 10, coverage: 51.50%, cost: 10.0
[2024-10-15 02:21:23,127][INFO] Step 11: size: 11, coverage: 55.00%, cost: 11.0
[2024-10-15 02:21:23,141][INFO] Step 12: size: 12, coverage: 58.25%, cost: 12.0
[2024-10-15 02:21:23,155][INFO] Step 13: size: 13, coverage: 61.00%, cost: 13.0
[2024-10-15 02:21:23,170][INFO] Step 14: size: 14, coverage: 63.75%, cost: 14.0
[2024-10-15 02:21:23,184][INFO] Step 15: size: 15, coverage: 66.00%, cost: 15.0
[2024-10-15 02:21:23,198][INFO] Step 16: size: 16, coverage: 68.25%, cost: 16.0
[2024-10-15 02:21:23,213][INFO] Step 17: size: 17, coverage: 70.50%, cost: 17.0
[2024-10-15 02:21:23,227][INFO] Step 18: size: 18, coverage: 72.50%, cost: 18.0
[2024-10-15 02:21:23,241][INFO] Step 19: size: 19, coverage: 74.25%, cost: 19.0
[2024-10-15 02:21:23,255][INFO] Step 20: size: 20, coverage: 76.00%, cost: 20.0
[2024-10-15 02:21:23,269][INFO] Step 21: size: 21, coverage: 77.50%, cost: 21.0
[2024-10-15 02:21:23,283][INFO] Step 22: size: 22, coverage: 80.25%, cost: 23.0
[2024-10-15 02:21:23,297][INFO] Step 23: size: 23, coverage: 81.50%, cost: 24.0
[2024-10-15 02:21:23,312][INFO] Step 24: size: 24, coverage: 82.75%, cost: 25.0
[2024-10-15 02:21:23,326][INFO] Step 25: size: 25, coverage: 85.00%, cost: 27.0
[2024-10-15 02:21:23,340][INFO] Step 26: size: 26, coverage: 86.00%, cost: 28.0
[2024-10-15 02:21:23,355][INFO] Step 27: size: 27, coverage: 86.75%, cost: 29.0
[2024-10-15 02:21:23,369][INFO] Step 28: size: 28, coverage: 87.50%, cost: 30.0
[2024-10-15 02:21:23,383][INFO] Step 29: size: 29, coverage: 88.25%, cost: 31.0
[2024-10-15 02:21:23,398][INFO] Step 30: size: 30, coverage: 89.00%, cost: 32.0
[2024-10-15 02:21:23,412][INFO] Step 31: size: 31, coverage: 89.75%, cost: 33.0
[2024-10-15 02:21:23,427][INFO] Step 32: size: 32, coverage: 91.00%, cost: 35.0
[2024-10-15 02:21:23,441][INFO] Step 33: size: 33, coverage: 91.50%, cost: 36.0
[2024-10-15 02:21:23,456][INFO] Step 34: size: 34, coverage: 92.00%, cost: 37.0
[2024-10-15 02:21:23,471][INFO] Step 35: size: 35, coverage: 92.50%, cost: 38.0
[2024-10-15 02:21:23,485][INFO] Step 36: size: 36, coverage: 93.50%, cost: 40.0
[2024-10-15 02:21:23,500][INFO] Step 37: size: 37, coverage: 94.50%, cost: 42.0
[2024-10-15 02:21:23,515][INFO] Step 38: size: 38, coverage: 95.25%, cost: 44.0
[2024-10-15 02:21:23,530][INFO] Step 39: size: 39, coverage: 96.00%, cost: 46.0
[2024-10-15 02:21:23,545][INFO] Step 40: size: 40, coverage: 96.25%, cost: 47.0
[2024-10-15 02:21:23,560][INFO] Step 41: size: 41, coverage: 96.50%, cost: 48.0
[2024-10-15 02:21:23,575][INFO] Step 42: size: 42, coverage: 96.75%, cost: 49.0
[2024-10-15 02:21:23,591][INFO] Step 43: size: 43, coverage: 97.00%, cost: 50.0
[2024-10-15 02:21:23,606][INFO] Step 44: size: 44, coverage: 97.25%, cost: 51.0
[2024-10-15 02:21:23,621][INFO] Step 45: size: 45, coverage: 97.75%, cost: 53.0
[2024-10-15 02:21:23,637][INFO] Step 46: size: 46, coverage: 98.75%, cost: 58.0
[2024-10-15 02:21:23,653][INFO] Step 47: size: 47, coverage: 99.00%, cost: 60.0
[2024-10-15 02:21:23,668][INFO] Step 48: size: 48, coverage: 99.25%, cost: 62.0
[2024-10-15 02:21:23,684][INFO] Step 49: size: 49, coverage: 99.50%, cost: 64.0
[2024-10-15 02:21:23,700][INFO] Step 50: size: 50, coverage: 99.75%, cost: 66.0
[2024-10-15 02:21:23,716][INFO] Step 51: size: 51, coverage: 100.00%, cost: 69.0
[2024-10-15 02:21:23,729][INFO] Redundancy elimination: [np.int64(9), np.int64(26), np.int64(21)] -> cost: 3.0
[2024-10-15 02:21:23,729][INFO] Redundancy elimination: [np.int64(26), np.int64(9), np.int64(21)] -> cost: 3.0
[2024-10-15 02:21:23,729][INFO] Redundancy elimination: [np.int64(21), np.int64(26), np.int64(9)] -> cost: 3.0
[2024-10-15 02:21:23,729][INFO] Size: 51 -> 48
[2024-10-15 02:21:23,729][INFO] Cost: 69.0 -> 66.0
[2024-10-15 02:21:27,430][INFO] Explored 118820 neighbors, found 2307 feasible (1.94%)
[2024-10-15 02:21:27,432][INFO] Step 0: cost -> 66.0
[2024-10-15 02:21:31,138][INFO] Explored 118820 neighbors, found 2307 feasible (1.94%)
[2024-10-15 02:21:31,139][INFO] Step 1: cost -> 66.0
[2024-10-15 02:21:34,853][INFO] Explored 118820 neighbors, found 2307 feasible (1.94%)
[2024-10-15 02:21:34,854][INFO] Step 2: cost -> 66.0
[2024-10-15 02:27:51,607][INFO] Step 1: size: 1, coverage: 6.75%, cost: 1.0
[2024-10-15 02:27:51,622][INFO] Step 2: size: 2, coverage: 13.25%, cost: 2.0
[2024-10-15 02:27:51,638][INFO] Step 3: size: 3, coverage: 19.25%, cost: 3.0
[2024-10-15 02:27:51,653][INFO] Step 4: size: 4, coverage: 24.50%, cost: 4.0
[2024-10-15 02:27:51,668][INFO] Step 5: size: 5, coverage: 29.75%, cost: 5.0
[2024-10-15 02:27:51,683][INFO] Step 6: size: 6, coverage: 35.00%, cost: 6.0
[2024-10-15 02:27:51,698][INFO] Step 7: size: 7, coverage: 39.50%, cost: 7.0
[2024-10-15 02:27:51,713][INFO] Step 8: size: 8, coverage: 43.75%, cost: 8.0
[2024-10-15 02:27:51,727][INFO] Step 9: size: 9, coverage: 47.75%, cost: 9.0
[2024-10-15 02:27:51,742][INFO] Step 10: size: 10, coverage: 51.50%, cost: 10.0
[2024-10-15 02:27:51,757][INFO] Step 11: size: 11, coverage: 55.00%, cost: 11.0
[2024-10-15 02:27:51,771][INFO] Step 12: size: 12, coverage: 58.25%, cost: 12.0
[2024-10-15 02:27:51,786][INFO] Step 13: size: 13, coverage: 61.00%, cost: 13.0
[2024-10-15 02:27:51,800][INFO] Step 14: size: 14, coverage: 63.75%, cost: 14.0
[2024-10-15 02:27:51,815][INFO] Step 15: size: 15, coverage: 66.00%, cost: 15.0
[2024-10-15 02:27:51,829][INFO] Step 16: size: 16, coverage: 68.25%, cost: 16.0
[2024-10-15 02:27:51,843][INFO] Step 17: size: 17, coverage: 70.50%, cost: 17.0
[2024-10-15 02:27:51,857][INFO] Step 18: size: 18, coverage: 72.50%, cost: 18.0
[2024-10-15 02:27:51,872][INFO] Step 19: size: 19, coverage: 74.25%, cost: 19.0
[2024-10-15 02:27:51,886][INFO] Step 20: size: 20, coverage: 76.00%, cost: 20.0
[2024-10-15 02:27:51,900][INFO] Step 21: size: 21, coverage: 77.50%, cost: 21.0
[2024-10-15 02:27:51,914][INFO] Step 22: size: 22, coverage: 80.25%, cost: 23.0
[2024-10-15 02:27:51,929][INFO] Step 23: size: 23, coverage: 81.50%, cost: 24.0
[2024-10-15 02:27:51,943][INFO] Step 24: size: 24, coverage: 82.75%, cost: 25.0
[2024-10-15 02:27:51,957][INFO] Step 25: size: 25, coverage: 85.00%, cost: 27.0
[2024-10-15 02:27:51,972][INFO] Step 26: size: 26, coverage: 86.00%, cost: 28.0
[2024-10-15 02:27:51,986][INFO] Step 27: size: 27, coverage: 86.75%, cost: 29.0
[2024-10-15 02:27:52,000][INFO] Step 28: size: 28, coverage: 87.50%, cost: 30.0
[2024-10-15 02:27:52,015][INFO] Step 29: size: 29, coverage: 88.25%, cost: 31.0
[2024-10-15 02:27:52,029][INFO] Step 30: size: 30, coverage: 89.00%, cost: 32.0
[2024-10-15 02:27:52,044][INFO] Step 31: size: 31, coverage: 89.75%, cost: 33.0
[2024-10-15 02:27:52,059][INFO] Step 32: size: 32, coverage: 91.00%, cost: 35.0
[2024-10-15 02:27:52,073][INFO] Step 33: size: 33, coverage: 91.50%, cost: 36.0
[2024-10-15 02:27:52,088][INFO] Step 34: size: 34, coverage: 92.00%, cost: 37.0
[2024-10-15 02:27:52,103][INFO] Step 35: size: 35, coverage: 92.50%, cost: 38.0
[2024-10-15 02:27:52,118][INFO] Step 36: size: 36, coverage: 93.50%, cost: 40.0
[2024-10-15 02:27:52,133][INFO] Step 37: size: 37, coverage: 94.50%, cost: 42.0
[2024-10-15 02:27:52,148][INFO] Step 38: size: 38, coverage: 95.25%, cost: 44.0
[2024-10-15 02:27:52,163][INFO] Step 39: size: 39, coverage: 96.00%, cost: 46.0
[2024-10-15 02:27:52,178][INFO] Step 40: size: 40, coverage: 96.25%, cost: 47.0
[2024-10-15 02:27:52,193][INFO] Step 41: size: 41, coverage: 96.50%, cost: 48.0
[2024-10-15 02:27:52,208][INFO] Step 42: size: 42, coverage: 96.75%, cost: 49.0
[2024-10-15 02:27:52,223][INFO] Step 43: size: 43, coverage: 97.00%, cost: 50.0
[2024-10-15 02:27:52,239][INFO] Step 44: size: 44, coverage: 97.25%, cost: 51.0
[2024-10-15 02:27:52,254][INFO] Step 45: size: 45, coverage: 97.75%, cost: 53.0
[2024-10-15 02:27:52,270][INFO] Step 46: size: 46, coverage: 98.75%, cost: 58.0
[2024-10-15 02:27:52,286][INFO] Step 47: size: 47, coverage: 99.00%, cost: 60.0
[2024-10-15 02:27:52,301][INFO] Step 48: size: 48, coverage: 99.25%, cost: 62.0
[2024-10-15 02:27:52,317][INFO] Step 49: size: 49, coverage: 99.50%, cost: 64.0
[2024-10-15 02:27:52,333][INFO] Step 50: size: 50, coverage: 99.75%, cost: 66.0
[2024-10-15 02:27:52,349][INFO] Step 51: size: 51, coverage: 100.00%, cost: 69.0
[2024-10-15 02:27:52,362][INFO] Redundancy elimination: [np.int64(9), np.int64(26), np.int64(21)] -> cost: 3.0
[2024-10-15 02:27:52,362][INFO] Redundancy elimination: [np.int64(26), np.int64(9), np.int64(21)] -> cost: 3.0
[2024-10-15 02:27:52,362][INFO] Redundancy elimination: [np.int64(21), np.int64(26), np.int64(9)] -> cost: 3.0
[2024-10-15 02:27:52,362][INFO] Size: 51 -> 48
[2024-10-15 02:27:52,362][INFO] Cost: 69.0 -> 66.0
[2024-10-15 02:27:56,079][INFO] Explored 118820 neighbors, found 2307 feasible (1.94%)
[2024-10-15 02:27:56,080][INFO] Step 0: cost -> 66.0
[2024-10-15 02:27:59,798][INFO] Explored 118820 neighbors, found 2307 feasible (1.94%)
[2024-10-15 02:27:59,799][INFO] Step 1: cost -> 66.0
[2024-10-15 02:28:03,518][INFO] Explored 118820 neighbors, found 2307 feasible (1.94%)
[2024-10-15 02:28:03,520][INFO] Step 2: cost -> 66.0
