[2024-10-23 21:16:47,954][INFO] process 2 has completed -> size: 49
[2024-10-23 21:16:47,955][INFO] process 4 has completed -> size: 54
[2024-10-23 21:16:47,966][INFO] process 0 has completed -> size: 47
[2024-10-23 21:16:48,085][INFO] process 12 has completed -> size: 51
[2024-10-23 21:16:48,173][INFO] process 8 has completed -> size: 47
[2024-10-23 21:16:48,265][INFO] process 13 has completed -> size: 51
[2024-10-23 21:16:48,392][INFO] process 15 has completed -> size: 54
[2024-10-23 21:16:48,404][INFO] process 1 has completed -> size: 49
[2024-10-23 21:16:48,691][INFO] process 11 has completed -> size: 49
[2024-10-23 21:16:48,706][INFO] process 9 has completed -> size: 51
[2024-10-23 21:16:48,732][INFO] process 6 has completed -> size: 51
[2024-10-23 21:16:48,832][INFO] process 14 has completed -> size: 51
[2024-10-23 21:16:49,065][INFO] process 10 has completed -> size: 47
[2024-10-23 21:16:49,138][INFO] process 5 has completed -> size: 49
[2024-10-23 21:16:49,158][INFO] process 3 has completed -> size: 51
[2024-10-23 21:16:49,222][INFO] process 7 has completed -> size: 49
[2024-10-23 21:16:49,228][WARNING] generated 16 solutions -> 4 are unique
[2024-10-23 21:16:56,551][INFO] process 1 -> searching n2 at iter 4
[2024-10-23 21:16:57,831][INFO] process 0 -> searching n2 at iter 8
[2024-10-23 21:17:00,060][INFO] process 2 -> searching n2 at iter 9
[2024-10-23 21:17:00,660][INFO] process 3 -> searching n2 at iter 14
[2024-10-23 21:17:19,268][WARNING] process 0 -> search in n2 timed out!
[2024-10-23 21:17:19,268][INFO] process 0 -> could not find improvements, halting
[2024-10-23 21:17:19,270][INFO] process 0 has completed -> cost: 87.0 (76) size: 43
[2024-10-23 21:17:19,273][WARNING] process 1 -> search in n2 timed out!
[2024-10-23 21:17:19,273][INFO] process 1 -> could not find improvements, halting
[2024-10-23 21:17:19,274][INFO] process 1 has completed -> cost: 82.0 (76) size: 43
[2024-10-23 21:17:19,276][WARNING] process 3 -> search in n2 timed out!
[2024-10-23 21:17:19,277][INFO] process 3 -> could not find improvements, halting
[2024-10-23 21:17:19,278][INFO] process 3 has completed -> cost: 91.0 (76) size: 47
[2024-10-23 21:17:19,293][WARNING] process 2 -> search in n2 timed out!
[2024-10-23 21:17:19,293][INFO] process 2 -> could not find improvements, halting
[2024-10-23 21:17:19,295][INFO] process 2 has completed -> cost: 87.0 (76) size: 46
