[2024-10-23 21:17:20,263][INFO] process 7 has completed -> size: 46
[2024-10-23 21:17:20,335][INFO] process 9 has completed -> size: 46
[2024-10-23 21:17:20,375][INFO] process 0 has completed -> size: 46
[2024-10-23 21:17:20,510][INFO] process 2 has completed -> size: 48
[2024-10-23 21:17:20,521][INFO] process 14 has completed -> size: 46
[2024-10-23 21:17:20,586][INFO] process 6 has completed -> size: 48
[2024-10-23 21:17:20,627][INFO] process 13 has completed -> size: 48
[2024-10-23 21:17:20,642][INFO] process 12 has completed -> size: 46
[2024-10-23 21:17:21,014][INFO] process 15 has completed -> size: 48
[2024-10-23 21:17:21,193][INFO] process 5 has completed -> size: 48
[2024-10-23 21:17:21,200][INFO] process 8 has completed -> size: 46
[2024-10-23 21:17:21,289][INFO] process 3 has completed -> size: 48
[2024-10-23 21:17:21,372][INFO] process 10 has completed -> size: 46
[2024-10-23 21:17:21,561][INFO] process 4 has completed -> size: 48
[2024-10-23 21:17:21,599][INFO] process 11 has completed -> size: 46
[2024-10-23 21:17:21,658][INFO] process 1 has completed -> size: 46
[2024-10-23 21:17:21,667][WARNING] generated 16 solutions -> 4 are unique
[2024-10-23 21:17:28,522][INFO] process 2 -> searching n2 at iter 9
[2024-10-23 21:17:29,833][INFO] process 1 -> searching n2 at iter 10
[2024-10-23 21:17:32,416][INFO] process 0 -> searching n2 at iter 11
[2024-10-23 21:17:33,164][INFO] process 3 -> searching n2 at iter 5
[2024-10-23 21:17:51,710][WARNING] process 0 -> search in n2 timed out!
[2024-10-23 21:17:51,711][INFO] process 0 -> could not find improvements, halting
[2024-10-23 21:17:51,711][WARNING] process 1 -> search in n2 timed out!
[2024-10-23 21:17:51,711][INFO] process 1 -> could not find improvements, halting
[2024-10-23 21:17:51,712][INFO] process 0 has completed -> cost: 84.0 (80) size: 44
[2024-10-23 21:17:51,712][INFO] process 1 has completed -> cost: 85.0 (80) size: 42
[2024-10-23 21:17:51,715][WARNING] process 2 -> search in n2 timed out!
[2024-10-23 21:17:51,715][INFO] process 2 -> could not find improvements, halting
[2024-10-23 21:17:51,716][INFO] process 2 has completed -> cost: 80.0 (80) size: 40
[2024-10-23 21:17:51,721][WARNING] process 3 -> search in n2 timed out!
[2024-10-23 21:17:51,721][INFO] process 3 -> could not find improvements, halting
[2024-10-23 21:17:51,722][INFO] process 3 has completed -> cost: 88.0 (80) size: 43
