[2024-10-15 01:32:44,358][INFO] Step 1: size: 1, coverage: 3.50%, cost: 1.0
[2024-10-15 01:32:44,362][INFO] Step 2: size: 2, coverage: 6.50%, cost: 2.0
[2024-10-15 01:32:44,365][INFO] Step 3: size: 3, coverage: 8.00%, cost: 3.0
[2024-10-15 01:32:44,368][INFO] Step 4: size: 4, coverage: 9.50%, cost: 4.0
[2024-10-15 01:32:44,371][INFO] Step 5: size: 5, coverage: 11.00%, cost: 5.0
[2024-10-15 01:32:44,375][INFO] Step 6: size: 6, coverage: 12.50%, cost: 6.0
[2024-10-15 01:32:44,378][INFO] Step 7: size: 7, coverage: 14.00%, cost: 7.0
[2024-10-15 01:32:44,381][INFO] Step 8: size: 8, coverage: 15.00%, cost: 8.0
[2024-10-15 01:32:44,385][INFO] Step 9: size: 9, coverage: 16.00%, cost: 9.0
[2024-10-15 01:32:44,388][INFO] Step 10: size: 10, coverage: 18.00%, cost: 11.0
[2024-10-15 01:32:44,391][INFO] Step 11: size: 11, coverage: 20.00%, cost: 13.0
[2024-10-15 01:32:44,395][INFO] Step 12: size: 12, coverage: 23.50%, cost: 17.0
[2024-10-15 01:32:44,398][INFO] Step 13: size: 13, coverage: 26.00%, cost: 20.0
[2024-10-15 01:32:44,401][INFO] Step 14: size: 14, coverage: 27.50%, cost: 22.0
[2024-10-15 01:32:44,405][INFO] Step 15: size: 15, coverage: 29.00%, cost: 24.0
[2024-10-15 01:32:44,408][INFO] Step 16: size: 16, coverage: 31.00%, cost: 27.0
[2024-10-15 01:32:44,411][INFO] Step 17: size: 17, coverage: 33.00%, cost: 30.0
[2024-10-15 01:32:44,415][INFO] Step 18: size: 18, coverage: 33.50%, cost: 31.0
[2024-10-15 01:32:44,418][INFO] Step 19: size: 19, coverage: 34.00%, cost: 32.0
[2024-10-15 01:32:44,422][INFO] Step 20: size: 20, coverage: 35.00%, cost: 34.0
[2024-10-15 01:32:44,425][INFO] Step 21: size: 21, coverage: 36.00%, cost: 36.0
[2024-10-15 01:32:44,429][INFO] Step 22: size: 22, coverage: 37.00%, cost: 38.0
[2024-10-15 01:32:44,432][INFO] Step 23: size: 23, coverage: 38.50%, cost: 41.0
[2024-10-15 01:32:44,435][INFO] Step 24: size: 24, coverage: 40.00%, cost: 44.0
[2024-10-15 01:32:44,439][INFO] Step 25: size: 25, coverage: 41.50%, cost: 47.0
[2024-10-15 01:32:44,442][INFO] Step 26: size: 26, coverage: 43.50%, cost: 51.0
[2024-10-15 01:32:44,445][INFO] Step 27: size: 27, coverage: 45.00%, cost: 55.0
[2024-10-15 01:32:44,449][INFO] Step 28: size: 28, coverage: 46.50%, cost: 59.0
[2024-10-15 01:32:44,452][INFO] Step 29: size: 29, coverage: 47.50%, cost: 62.0
[2024-10-15 01:32:44,456][INFO] Step 30: size: 30, coverage: 49.50%, cost: 68.0
[2024-10-15 01:32:44,459][INFO] Step 31: size: 31, coverage: 51.00%, cost: 73.0
[2024-10-15 01:32:44,463][INFO] Step 32: size: 32, coverage: 52.50%, cost: 78.0
[2024-10-15 01:32:44,466][INFO] Step 33: size: 33, coverage: 54.00%, cost: 83.0
[2024-10-15 01:32:44,470][INFO] Step 34: size: 34, coverage: 55.50%, cost: 88.0
[2024-10-15 01:32:44,473][INFO] Step 35: size: 35, coverage: 56.00%, cost: 90.0
[2024-10-15 01:32:44,477][INFO] Step 36: size: 36, coverage: 57.00%, cost: 94.0
[2024-10-15 01:32:44,480][INFO] Step 37: size: 37, coverage: 60.00%, cost: 107.0
[2024-10-15 01:32:44,484][INFO] Step 38: size: 38, coverage: 60.50%, cost: 110.0
[2024-10-15 01:32:44,487][INFO] Step 39: size: 39, coverage: 61.00%, cost: 113.0
[2024-10-15 01:32:44,491][INFO] Step 40: size: 40, coverage: 62.00%, cost: 119.0
[2024-10-15 01:32:44,494][INFO] Step 41: size: 41, coverage: 63.00%, cost: 125.0
[2024-10-15 01:32:44,498][INFO] Step 42: size: 42, coverage: 64.00%, cost: 131.0
[2024-10-15 01:32:44,501][INFO] Step 43: size: 43, coverage: 65.50%, cost: 141.0
[2024-10-15 01:32:44,505][INFO] Step 44: size: 44, coverage: 67.00%, cost: 151.0
[2024-10-15 01:32:44,509][INFO] Step 45: size: 45, coverage: 69.50%, cost: 168.0
[2024-10-15 01:32:44,512][INFO] Step 46: size: 46, coverage: 70.50%, cost: 175.0
[2024-10-15 01:32:44,516][INFO] Step 47: size: 47, coverage: 71.50%, cost: 183.0
[2024-10-15 01:32:44,519][INFO] Step 48: size: 48, coverage: 72.50%, cost: 191.0
[2024-10-15 01:32:44,523][INFO] Step 49: size: 49, coverage: 74.00%, cost: 203.0
[2024-10-15 01:32:44,527][INFO] Step 50: size: 50, coverage: 76.50%, cost: 227.0
[2024-10-15 01:32:44,530][INFO] Step 51: size: 51, coverage: 77.00%, cost: 232.0
[2024-10-15 01:32:44,534][INFO] Step 52: size: 52, coverage: 78.00%, cost: 242.0
[2024-10-15 01:32:44,538][INFO] Step 53: size: 53, coverage: 79.00%, cost: 253.0
[2024-10-15 01:32:44,541][INFO] Step 54: size: 54, coverage: 81.00%, cost: 276.0
[2024-10-15 01:32:44,545][INFO] Step 55: size: 55, coverage: 81.50%, cost: 282.0
[2024-10-15 01:32:44,549][INFO] Step 56: size: 56, coverage: 82.00%, cost: 288.0
[2024-10-15 01:32:44,553][INFO] Step 57: size: 57, coverage: 82.50%, cost: 294.0
[2024-10-15 01:32:44,556][INFO] Step 58: size: 58, coverage: 83.00%, cost: 300.0
[2024-10-15 01:32:44,560][INFO] Step 59: size: 59, coverage: 84.00%, cost: 313.0
[2024-10-15 01:32:44,564][INFO] Step 60: size: 60, coverage: 84.50%, cost: 320.0
[2024-10-15 01:32:44,568][INFO] Step 61: size: 61, coverage: 85.00%, cost: 327.0
[2024-10-15 01:32:44,571][INFO] Step 62: size: 62, coverage: 85.50%, cost: 334.0
[2024-10-15 01:32:44,575][INFO] Step 63: size: 63, coverage: 86.50%, cost: 348.0
[2024-10-15 01:32:44,579][INFO] Step 64: size: 64, coverage: 87.50%, cost: 362.0
[2024-10-15 01:32:44,583][INFO] Step 65: size: 65, coverage: 89.00%, cost: 384.0
[2024-10-15 01:32:44,587][INFO] Step 66: size: 66, coverage: 89.50%, cost: 393.0
[2024-10-15 01:32:44,591][INFO] Step 67: size: 67, coverage: 90.50%, cost: 412.0
[2024-10-15 01:32:44,595][INFO] Step 68: size: 68, coverage: 91.00%, cost: 423.0
[2024-10-15 01:32:44,599][INFO] Step 69: size: 69, coverage: 91.50%, cost: 434.0
[2024-10-15 01:32:44,602][INFO] Step 70: size: 70, coverage: 92.00%, cost: 446.0
[2024-10-15 01:32:44,606][INFO] Step 71: size: 71, coverage: 92.50%, cost: 458.0
[2024-10-15 01:32:44,610][INFO] Step 72: size: 72, coverage: 93.00%, cost: 472.0
[2024-10-15 01:32:44,614][INFO] Step 73: size: 73, coverage: 93.50%, cost: 486.0
[2024-10-15 01:32:44,618][INFO] Step 74: size: 74, coverage: 94.00%, cost: 500.0
[2024-10-15 01:32:44,622][INFO] Step 75: size: 75, coverage: 94.50%, cost: 514.0
[2024-10-15 01:32:44,626][INFO] Step 76: size: 76, coverage: 95.00%, cost: 529.0
[2024-10-15 01:32:44,631][INFO] Step 77: size: 77, coverage: 95.50%, cost: 544.0
[2024-10-15 01:32:44,635][INFO] Step 78: size: 78, coverage: 96.50%, cost: 574.0
[2024-10-15 01:32:44,639][INFO] Step 79: size: 79, coverage: 97.00%, cost: 590.0
[2024-10-15 01:32:44,643][INFO] Step 80: size: 80, coverage: 97.50%, cost: 608.0
[2024-10-15 01:32:44,647][INFO] Step 81: size: 81, coverage: 98.00%, cost: 626.0
[2024-10-15 01:32:44,651][INFO] Step 82: size: 82, coverage: 98.50%, cost: 647.0
[2024-10-15 01:32:44,655][INFO] Step 83: size: 83, coverage: 99.00%, cost: 673.0
[2024-10-15 01:32:44,659][INFO] Step 84: size: 84, coverage: 99.50%, cost: 704.0
[2024-10-15 01:32:44,663][INFO] Step 85: size: 85, coverage: 100.00%, cost: 747.0
[2024-10-15 01:32:46,322][INFO] Explored 50805 neighbors, found 11582 feasible (22.80%)
[2024-10-15 01:32:46,450][INFO] Redundancy elimination: [np.int64(77), np.int64(115), np.int64(101), np.int64(46), np.int64(56), np.int64(31), np.int64(54), np.int64(45), np.int64(21), np.int64(24), np.int64(23), np.int64(14), np.int64(2)] -> cost: 78.0
[2024-10-15 01:32:46,450][INFO] Redundancy elimination: [np.int64(47), np.int64(115), np.int64(101), np.int64(56), np.int64(77), np.int64(31), np.int64(54), np.int64(46), np.int64(20), np.int64(14), np.int64(24), np.int64(12), np.int64(23), np.int64(10), np.int64(2), np.int64(4)] -> cost: 82.0
[2024-10-15 01:32:46,450][INFO] Redundancy elimination: [np.int64(45), np.int64(101), np.int64(115), np.int64(77), np.int64(56), np.int64(46), np.int64(54), np.int64(31), np.int64(20), np.int64(24), np.int64(23), np.int64(12)] -> cost: 77.0
[2024-10-15 01:32:46,450][INFO] Redundancy elimination: [np.int64(54), np.int64(101), np.int64(56), np.int64(115), np.int64(45), np.int64(77), np.int64(46), np.int64(24), np.int64(31), np.int64(21), np.int64(12), np.int64(23), np.int64(2), np.int64(10), np.int64(14)] -> cost: 81.0
[2024-10-15 01:32:46,450][INFO] Redundancy elimination: [np.int64(115), np.int64(77), np.int64(47), np.int64(56), np.int64(101), np.int64(46), np.int64(54), np.int64(20), np.int64(31), np.int64(23), np.int64(24), np.int64(12), np.int64(7), np.int64(14), np.int64(2)] -> cost: 81.0
[2024-10-15 01:32:46,450][INFO] Size: 85 -> 69
[2024-10-15 01:32:46,450][INFO] Cost: 747.0 -> 665.0
[2024-10-15 01:32:46,450][INFO] Step 0: cost -> 734.0
[2024-10-15 01:32:47,617][INFO] Explored 41067 neighbors, found 979 feasible (2.38%)
[2024-10-15 01:32:47,620][INFO] Redundancy elimination: [np.int64(7)] -> cost: 1.0
[2024-10-15 01:32:47,621][INFO] Size: 69 -> 68
[2024-10-15 01:32:47,621][INFO] Cost: 665.0 -> 664.0
[2024-10-15 01:32:47,621][INFO] Step 1: cost -> 663.0
[2024-10-15 01:32:48,758][INFO] Explored 40402 neighbors, found 313 feasible (0.77%)
[2024-10-15 01:32:48,760][INFO] Step 2: cost -> 664.0
[2024-10-15 01:39:46,557][INFO] Step 1: size: 1, coverage: 3.50%, cost: 1.0
[2024-10-15 01:39:46,560][INFO] Step 2: size: 2, coverage: 6.50%, cost: 2.0
[2024-10-15 01:39:46,563][INFO] Step 3: size: 3, coverage: 8.00%, cost: 3.0
[2024-10-15 01:39:46,567][INFO] Step 4: size: 4, coverage: 9.50%, cost: 4.0
[2024-10-15 01:39:46,570][INFO] Step 5: size: 5, coverage: 11.00%, cost: 5.0
[2024-10-15 01:39:46,573][INFO] Step 6: size: 6, coverage: 12.50%, cost: 6.0
[2024-10-15 01:39:46,577][INFO] Step 7: size: 7, coverage: 14.00%, cost: 7.0
[2024-10-15 01:39:46,580][INFO] Step 8: size: 8, coverage: 15.00%, cost: 8.0
[2024-10-15 01:39:46,583][INFO] Step 9: size: 9, coverage: 16.00%, cost: 9.0
[2024-10-15 01:39:46,586][INFO] Step 10: size: 10, coverage: 18.00%, cost: 11.0
[2024-10-15 01:39:46,590][INFO] Step 11: size: 11, coverage: 20.00%, cost: 13.0
[2024-10-15 01:39:46,593][INFO] Step 12: size: 12, coverage: 23.50%, cost: 17.0
[2024-10-15 01:39:46,596][INFO] Step 13: size: 13, coverage: 26.00%, cost: 20.0
[2024-10-15 01:39:46,600][INFO] Step 14: size: 14, coverage: 27.50%, cost: 22.0
[2024-10-15 01:39:46,603][INFO] Step 15: size: 15, coverage: 29.00%, cost: 24.0
[2024-10-15 01:39:46,606][INFO] Step 16: size: 16, coverage: 31.00%, cost: 27.0
[2024-10-15 01:39:46,610][INFO] Step 17: size: 17, coverage: 33.00%, cost: 30.0
[2024-10-15 01:39:46,613][INFO] Step 18: size: 18, coverage: 33.50%, cost: 31.0
[2024-10-15 01:39:46,617][INFO] Step 19: size: 19, coverage: 34.00%, cost: 32.0
[2024-10-15 01:39:46,620][INFO] Step 20: size: 20, coverage: 35.00%, cost: 34.0
[2024-10-15 01:39:46,624][INFO] Step 21: size: 21, coverage: 36.00%, cost: 36.0
[2024-10-15 01:39:46,627][INFO] Step 22: size: 22, coverage: 37.00%, cost: 38.0
[2024-10-15 01:39:46,630][INFO] Step 23: size: 23, coverage: 38.50%, cost: 41.0
[2024-10-15 01:39:46,634][INFO] Step 24: size: 24, coverage: 40.00%, cost: 44.0
[2024-10-15 01:39:46,637][INFO] Step 25: size: 25, coverage: 41.50%, cost: 47.0
[2024-10-15 01:39:46,640][INFO] Step 26: size: 26, coverage: 43.50%, cost: 51.0
[2024-10-15 01:39:46,644][INFO] Step 27: size: 27, coverage: 45.00%, cost: 55.0
[2024-10-15 01:39:46,647][INFO] Step 28: size: 28, coverage: 46.50%, cost: 59.0
[2024-10-15 01:39:46,651][INFO] Step 29: size: 29, coverage: 47.50%, cost: 62.0
[2024-10-15 01:39:46,654][INFO] Step 30: size: 30, coverage: 49.50%, cost: 68.0
[2024-10-15 01:39:46,658][INFO] Step 31: size: 31, coverage: 51.00%, cost: 73.0
[2024-10-15 01:39:46,661][INFO] Step 32: size: 32, coverage: 52.50%, cost: 78.0
[2024-10-15 01:39:46,665][INFO] Step 33: size: 33, coverage: 54.00%, cost: 83.0
[2024-10-15 01:39:46,668][INFO] Step 34: size: 34, coverage: 55.50%, cost: 88.0
[2024-10-15 01:39:46,672][INFO] Step 35: size: 35, coverage: 56.00%, cost: 90.0
[2024-10-15 01:39:46,675][INFO] Step 36: size: 36, coverage: 57.00%, cost: 94.0
[2024-10-15 01:39:46,679][INFO] Step 37: size: 37, coverage: 60.00%, cost: 107.0
[2024-10-15 01:39:46,682][INFO] Step 38: size: 38, coverage: 60.50%, cost: 110.0
[2024-10-15 01:39:46,686][INFO] Step 39: size: 39, coverage: 61.00%, cost: 113.0
[2024-10-15 01:39:46,689][INFO] Step 40: size: 40, coverage: 62.00%, cost: 119.0
[2024-10-15 01:39:46,693][INFO] Step 41: size: 41, coverage: 63.00%, cost: 125.0
[2024-10-15 01:39:46,696][INFO] Step 42: size: 42, coverage: 64.00%, cost: 131.0
[2024-10-15 01:39:46,700][INFO] Step 43: size: 43, coverage: 65.50%, cost: 141.0
[2024-10-15 01:39:46,704][INFO] Step 44: size: 44, coverage: 67.00%, cost: 151.0
[2024-10-15 01:39:46,707][INFO] Step 45: size: 45, coverage: 69.50%, cost: 168.0
[2024-10-15 01:39:46,711][INFO] Step 46: size: 46, coverage: 70.50%, cost: 175.0
[2024-10-15 01:39:46,714][INFO] Step 47: size: 47, coverage: 71.50%, cost: 183.0
[2024-10-15 01:39:46,718][INFO] Step 48: size: 48, coverage: 72.50%, cost: 191.0
[2024-10-15 01:39:46,722][INFO] Step 49: size: 49, coverage: 74.00%, cost: 203.0
[2024-10-15 01:39:46,725][INFO] Step 50: size: 50, coverage: 76.50%, cost: 227.0
[2024-10-15 01:39:46,729][INFO] Step 51: size: 51, coverage: 77.00%, cost: 232.0
[2024-10-15 01:39:46,732][INFO] Step 52: size: 52, coverage: 78.00%, cost: 242.0
[2024-10-15 01:39:46,736][INFO] Step 53: size: 53, coverage: 79.00%, cost: 253.0
[2024-10-15 01:39:46,740][INFO] Step 54: size: 54, coverage: 81.00%, cost: 276.0
[2024-10-15 01:39:46,744][INFO] Step 55: size: 55, coverage: 81.50%, cost: 282.0
[2024-10-15 01:39:46,747][INFO] Step 56: size: 56, coverage: 82.00%, cost: 288.0
[2024-10-15 01:39:46,751][INFO] Step 57: size: 57, coverage: 82.50%, cost: 294.0
[2024-10-15 01:39:46,755][INFO] Step 58: size: 58, coverage: 83.00%, cost: 300.0
[2024-10-15 01:39:46,758][INFO] Step 59: size: 59, coverage: 84.00%, cost: 313.0
[2024-10-15 01:39:46,762][INFO] Step 60: size: 60, coverage: 84.50%, cost: 320.0
[2024-10-15 01:39:46,766][INFO] Step 61: size: 61, coverage: 85.00%, cost: 327.0
[2024-10-15 01:39:46,770][INFO] Step 62: size: 62, coverage: 85.50%, cost: 334.0
[2024-10-15 01:39:46,774][INFO] Step 63: size: 63, coverage: 86.50%, cost: 348.0
[2024-10-15 01:39:46,777][INFO] Step 64: size: 64, coverage: 87.50%, cost: 362.0
[2024-10-15 01:39:46,781][INFO] Step 65: size: 65, coverage: 89.00%, cost: 384.0
[2024-10-15 01:39:46,785][INFO] Step 66: size: 66, coverage: 89.50%, cost: 393.0
[2024-10-15 01:39:46,789][INFO] Step 67: size: 67, coverage: 90.50%, cost: 412.0
[2024-10-15 01:39:46,793][INFO] Step 68: size: 68, coverage: 91.00%, cost: 423.0
[2024-10-15 01:39:46,797][INFO] Step 69: size: 69, coverage: 91.50%, cost: 434.0
[2024-10-15 01:39:46,801][INFO] Step 70: size: 70, coverage: 92.00%, cost: 446.0
[2024-10-15 01:39:46,805][INFO] Step 71: size: 71, coverage: 92.50%, cost: 458.0
[2024-10-15 01:39:46,809][INFO] Step 72: size: 72, coverage: 93.00%, cost: 472.0
[2024-10-15 01:39:46,813][INFO] Step 73: size: 73, coverage: 93.50%, cost: 486.0
[2024-10-15 01:39:46,817][INFO] Step 74: size: 74, coverage: 94.00%, cost: 500.0
[2024-10-15 01:39:46,821][INFO] Step 75: size: 75, coverage: 94.50%, cost: 514.0
[2024-10-15 01:39:46,825][INFO] Step 76: size: 76, coverage: 95.00%, cost: 529.0
[2024-10-15 01:39:46,829][INFO] Step 77: size: 77, coverage: 95.50%, cost: 544.0
[2024-10-15 01:39:46,833][INFO] Step 78: size: 78, coverage: 96.50%, cost: 574.0
[2024-10-15 01:39:46,837][INFO] Step 79: size: 79, coverage: 97.00%, cost: 590.0
[2024-10-15 01:39:46,841][INFO] Step 80: size: 80, coverage: 97.50%, cost: 608.0
[2024-10-15 01:39:46,845][INFO] Step 81: size: 81, coverage: 98.00%, cost: 626.0
[2024-10-15 01:39:46,849][INFO] Step 82: size: 82, coverage: 98.50%, cost: 647.0
[2024-10-15 01:39:46,853][INFO] Step 83: size: 83, coverage: 99.00%, cost: 673.0
[2024-10-15 01:39:46,857][INFO] Step 84: size: 84, coverage: 99.50%, cost: 704.0
[2024-10-15 01:39:46,861][INFO] Step 85: size: 85, coverage: 100.00%, cost: 747.0
[2024-10-15 01:39:48,550][INFO] Explored 50805 neighbors, found 11582 feasible (22.80%)
[2024-10-15 01:39:48,676][INFO] Redundancy elimination: [np.int64(77), np.int64(115), np.int64(101), np.int64(46), np.int64(56), np.int64(31), np.int64(54), np.int64(45), np.int64(21), np.int64(24), np.int64(23), np.int64(14), np.int64(2)] -> cost: 78.0
[2024-10-15 01:39:48,677][INFO] Redundancy elimination: [np.int64(47), np.int64(115), np.int64(101), np.int64(56), np.int64(77), np.int64(31), np.int64(54), np.int64(46), np.int64(20), np.int64(14), np.int64(24), np.int64(12), np.int64(23), np.int64(10), np.int64(2), np.int64(4)] -> cost: 82.0
[2024-10-15 01:39:48,677][INFO] Redundancy elimination: [np.int64(45), np.int64(101), np.int64(115), np.int64(77), np.int64(56), np.int64(46), np.int64(54), np.int64(31), np.int64(20), np.int64(24), np.int64(23), np.int64(12)] -> cost: 77.0
[2024-10-15 01:39:48,677][INFO] Redundancy elimination: [np.int64(54), np.int64(101), np.int64(56), np.int64(115), np.int64(45), np.int64(77), np.int64(46), np.int64(24), np.int64(31), np.int64(21), np.int64(12), np.int64(23), np.int64(2), np.int64(10), np.int64(14)] -> cost: 81.0
[2024-10-15 01:39:48,677][INFO] Redundancy elimination: [np.int64(115), np.int64(77), np.int64(47), np.int64(56), np.int64(101), np.int64(46), np.int64(54), np.int64(20), np.int64(31), np.int64(23), np.int64(24), np.int64(12), np.int64(7), np.int64(14), np.int64(2)] -> cost: 81.0
[2024-10-15 01:39:48,677][INFO] Size: 85 -> 69
[2024-10-15 01:39:48,677][INFO] Cost: 747.0 -> 665.0
[2024-10-15 01:39:48,677][INFO] Step 0: cost -> 734.0
[2024-10-15 01:39:49,842][INFO] Explored 41067 neighbors, found 979 feasible (2.38%)
[2024-10-15 01:39:49,845][INFO] Redundancy elimination: [np.int64(7)] -> cost: 1.0
[2024-10-15 01:39:49,845][INFO] Size: 69 -> 68
[2024-10-15 01:39:49,845][INFO] Cost: 665.0 -> 664.0
[2024-10-15 01:39:49,845][INFO] Step 1: cost -> 663.0
[2024-10-15 01:39:50,976][INFO] Explored 40402 neighbors, found 313 feasible (0.77%)
[2024-10-15 01:39:50,977][INFO] Step 2: cost -> 664.0
