[2024-10-14 10:52:02,367][INFO] Step 1: size: 1, coverage: 3.50%, cost: 1.0
[2024-10-14 10:52:02,374][INFO] Step 2: size: 2, coverage: 6.50%, cost: 2.0
[2024-10-14 10:52:02,380][INFO] Step 3: size: 3, coverage: 9.50%, cost: 3.0
[2024-10-14 10:52:02,387][INFO] Step 4: size: 4, coverage: 11.50%, cost: 4.0
[2024-10-14 10:52:02,393][INFO] Step 5: size: 5, coverage: 13.50%, cost: 5.0
[2024-10-14 10:52:02,400][INFO] Step 6: size: 6, coverage: 15.50%, cost: 6.0
[2024-10-14 10:52:02,406][INFO] Step 7: size: 7, coverage: 17.50%, cost: 7.0
[2024-10-14 10:52:02,413][INFO] Step 8: size: 8, coverage: 19.50%, cost: 8.0
[2024-10-14 10:52:02,420][INFO] Step 9: size: 9, coverage: 23.00%, cost: 10.0
[2024-10-14 10:52:02,426][INFO] Step 10: size: 10, coverage: 25.50%, cost: 12.0
[2024-10-14 10:52:02,433][INFO] Step 11: size: 11, coverage: 26.50%, cost: 13.0
[2024-10-14 10:52:02,440][INFO] Step 12: size: 12, coverage: 27.50%, cost: 14.0
[2024-10-14 10:52:02,446][INFO] Step 13: size: 13, coverage: 28.50%, cost: 15.0
[2024-10-14 10:52:02,453][INFO] Step 14: size: 14, coverage: 29.50%, cost: 16.0
[2024-10-14 10:52:02,460][INFO] Step 15: size: 15, coverage: 30.50%, cost: 17.0
[2024-10-14 10:52:02,467][INFO] Step 16: size: 16, coverage: 32.50%, cost: 19.0
[2024-10-14 10:52:02,474][INFO] Step 17: size: 17, coverage: 34.50%, cost: 21.0
[2024-10-14 10:52:02,480][INFO] Step 18: size: 18, coverage: 37.00%, cost: 24.0
[2024-10-14 10:52:02,487][INFO] Step 19: size: 19, coverage: 38.50%, cost: 26.0
[2024-10-14 10:52:02,494][INFO] Step 20: size: 20, coverage: 40.00%, cost: 28.0
[2024-10-14 10:52:02,501][INFO] Step 21: size: 21, coverage: 43.00%, cost: 32.0
[2024-10-14 10:52:02,507][INFO] Step 22: size: 22, coverage: 45.00%, cost: 35.0
[2024-10-14 10:52:02,514][INFO] Step 23: size: 23, coverage: 45.50%, cost: 36.0
[2024-10-14 10:52:02,521][INFO] Step 24: size: 24, coverage: 46.00%, cost: 37.0
[2024-10-14 10:52:02,528][INFO] Step 25: size: 25, coverage: 46.50%, cost: 38.0
[2024-10-14 10:52:02,534][INFO] Step 26: size: 26, coverage: 47.50%, cost: 40.0
[2024-10-14 10:52:02,541][INFO] Step 27: size: 27, coverage: 48.50%, cost: 42.0
[2024-10-14 10:52:02,548][INFO] Step 28: size: 28, coverage: 49.50%, cost: 44.0
[2024-10-14 10:52:02,555][INFO] Step 29: size: 29, coverage: 50.50%, cost: 46.0
[2024-10-14 10:52:02,562][INFO] Step 30: size: 30, coverage: 51.50%, cost: 48.0
[2024-10-14 10:52:02,569][INFO] Step 31: size: 31, coverage: 52.50%, cost: 50.0
[2024-10-14 10:52:02,576][INFO] Step 32: size: 32, coverage: 54.00%, cost: 53.0
[2024-10-14 10:52:02,583][INFO] Step 33: size: 33, coverage: 55.50%, cost: 56.0
[2024-10-14 10:52:02,590][INFO] Step 34: size: 34, coverage: 57.00%, cost: 59.0
[2024-10-14 10:52:02,597][INFO] Step 35: size: 35, coverage: 58.50%, cost: 62.0
[2024-10-14 10:52:02,604][INFO] Step 36: size: 36, coverage: 61.00%, cost: 68.0
[2024-10-14 10:52:02,611][INFO] Step 37: size: 37, coverage: 63.50%, cost: 74.0
[2024-10-14 10:52:02,618][INFO] Step 38: size: 38, coverage: 65.00%, cost: 78.0
[2024-10-14 10:52:02,625][INFO] Step 39: size: 39, coverage: 66.50%, cost: 82.0
[2024-10-14 10:52:02,633][INFO] Step 40: size: 40, coverage: 67.50%, cost: 85.0
[2024-10-14 10:52:02,640][INFO] Step 41: size: 41, coverage: 69.50%, cost: 91.0
[2024-10-14 10:52:02,647][INFO] Step 42: size: 42, coverage: 71.00%, cost: 96.0
[2024-10-14 10:52:02,654][INFO] Step 43: size: 43, coverage: 73.00%, cost: 103.0
[2024-10-14 10:52:02,661][INFO] Step 44: size: 44, coverage: 73.50%, cost: 105.0
[2024-10-14 10:52:02,677][INFO] Step 45: size: 45, coverage: 74.00%, cost: 107.0
[2024-10-14 10:52:02,687][INFO] Step 46: size: 46, coverage: 75.50%, cost: 113.0
[2024-10-14 10:52:02,696][INFO] Step 47: size: 47, coverage: 77.00%, cost: 119.0
[2024-10-14 10:52:02,703][INFO] Step 48: size: 48, coverage: 79.00%, cost: 127.0
[2024-10-14 10:52:02,710][INFO] Step 49: size: 49, coverage: 81.00%, cost: 136.0
[2024-10-14 10:52:02,718][INFO] Step 50: size: 50, coverage: 82.00%, cost: 141.0
[2024-10-14 10:52:02,725][INFO] Step 51: size: 51, coverage: 82.50%, cost: 144.0
[2024-10-14 10:52:02,733][INFO] Step 52: size: 52, coverage: 83.00%, cost: 147.0
[2024-10-14 10:52:02,740][INFO] Step 53: size: 53, coverage: 83.50%, cost: 150.0
[2024-10-14 10:52:02,747][INFO] Step 54: size: 54, coverage: 84.50%, cost: 156.0
[2024-10-14 10:52:02,755][INFO] Step 55: size: 55, coverage: 85.50%, cost: 162.0
[2024-10-14 10:52:02,763][INFO] Step 56: size: 56, coverage: 87.50%, cost: 176.0
[2024-10-14 10:52:02,770][INFO] Step 57: size: 57, coverage: 88.00%, cost: 180.0
[2024-10-14 10:52:02,778][INFO] Step 58: size: 58, coverage: 88.50%, cost: 184.0
[2024-10-14 10:52:02,786][INFO] Step 59: size: 59, coverage: 89.50%, cost: 192.0
[2024-10-14 10:52:02,793][INFO] Step 60: size: 60, coverage: 90.00%, cost: 197.0
[2024-10-14 10:52:02,801][INFO] Step 61: size: 61, coverage: 90.50%, cost: 202.0
[2024-10-14 10:52:02,809][INFO] Step 62: size: 62, coverage: 91.00%, cost: 207.0
[2024-10-14 10:52:02,817][INFO] Step 63: size: 63, coverage: 92.00%, cost: 217.0
[2024-10-14 10:52:02,824][INFO] Step 64: size: 64, coverage: 93.50%, cost: 232.0
[2024-10-14 10:52:02,832][INFO] Step 65: size: 65, coverage: 94.00%, cost: 239.0
[2024-10-14 10:52:02,840][INFO] Step 66: size: 66, coverage: 94.50%, cost: 246.0
[2024-10-14 10:52:02,848][INFO] Step 67: size: 67, coverage: 95.00%, cost: 253.0
[2024-10-14 10:52:02,856][INFO] Step 68: size: 68, coverage: 95.50%, cost: 260.0
[2024-10-14 10:52:02,864][INFO] Step 69: size: 69, coverage: 96.00%, cost: 267.0
[2024-10-14 10:52:02,872][INFO] Step 70: size: 70, coverage: 96.50%, cost: 275.0
[2024-10-14 10:52:02,880][INFO] Step 71: size: 71, coverage: 97.00%, cost: 283.0
[2024-10-14 10:52:02,888][INFO] Step 72: size: 72, coverage: 97.50%, cost: 291.0
[2024-10-14 10:52:02,896][INFO] Step 73: size: 73, coverage: 98.00%, cost: 300.0
[2024-10-14 10:52:02,904][INFO] Step 74: size: 74, coverage: 98.50%, cost: 311.0
[2024-10-14 10:52:02,912][INFO] Step 75: size: 75, coverage: 99.00%, cost: 323.0
[2024-10-14 10:52:02,921][INFO] Step 76: size: 76, coverage: 100.00%, cost: 348.0
[2024-10-14 10:52:02,922][INFO] Size: 76 -> 72
[2024-10-14 10:52:02,922][INFO] Cost: 348.0 -> 340.0
[2024-10-14 13:38:30,891][INFO] Step 1: size: 1, coverage: 3.50%, cost: 1.0
[2024-10-14 13:38:30,897][INFO] Step 2: size: 2, coverage: 6.50%, cost: 2.0
[2024-10-14 13:38:30,904][INFO] Step 3: size: 3, coverage: 9.50%, cost: 3.0
[2024-10-14 13:38:30,911][INFO] Step 4: size: 4, coverage: 11.50%, cost: 4.0
[2024-10-14 13:38:30,917][INFO] Step 5: size: 5, coverage: 13.50%, cost: 5.0
[2024-10-14 13:38:30,924][INFO] Step 6: size: 6, coverage: 15.50%, cost: 6.0
[2024-10-14 13:38:30,931][INFO] Step 7: size: 7, coverage: 17.50%, cost: 7.0
[2024-10-14 13:38:30,937][INFO] Step 8: size: 8, coverage: 19.50%, cost: 8.0
[2024-10-14 13:38:30,944][INFO] Step 9: size: 9, coverage: 23.00%, cost: 10.0
[2024-10-14 13:38:30,951][INFO] Step 10: size: 10, coverage: 25.50%, cost: 12.0
[2024-10-14 13:38:30,958][INFO] Step 11: size: 11, coverage: 26.50%, cost: 13.0
[2024-10-14 13:38:30,965][INFO] Step 12: size: 12, coverage: 27.50%, cost: 14.0
[2024-10-14 13:38:30,971][INFO] Step 13: size: 13, coverage: 28.50%, cost: 15.0
[2024-10-14 13:38:30,978][INFO] Step 14: size: 14, coverage: 29.50%, cost: 16.0
[2024-10-14 13:38:30,985][INFO] Step 15: size: 15, coverage: 30.50%, cost: 17.0
[2024-10-14 13:38:30,992][INFO] Step 16: size: 16, coverage: 32.50%, cost: 19.0
[2024-10-14 13:38:30,999][INFO] Step 17: size: 17, coverage: 34.50%, cost: 21.0
[2024-10-14 13:38:31,006][INFO] Step 18: size: 18, coverage: 37.00%, cost: 24.0
[2024-10-14 13:38:31,013][INFO] Step 19: size: 19, coverage: 38.50%, cost: 26.0
[2024-10-14 13:38:31,020][INFO] Step 20: size: 20, coverage: 40.00%, cost: 28.0
[2024-10-14 13:38:31,027][INFO] Step 21: size: 21, coverage: 43.00%, cost: 32.0
[2024-10-14 13:38:31,034][INFO] Step 22: size: 22, coverage: 45.00%, cost: 35.0
[2024-10-14 13:38:31,041][INFO] Step 23: size: 23, coverage: 45.50%, cost: 36.0
[2024-10-14 13:38:31,048][INFO] Step 24: size: 24, coverage: 46.00%, cost: 37.0
[2024-10-14 13:38:31,055][INFO] Step 25: size: 25, coverage: 46.50%, cost: 38.0
[2024-10-14 13:38:31,062][INFO] Step 26: size: 26, coverage: 47.50%, cost: 40.0
[2024-10-14 13:38:31,068][INFO] Step 27: size: 27, coverage: 48.50%, cost: 42.0
[2024-10-14 13:38:31,075][INFO] Step 28: size: 28, coverage: 49.50%, cost: 44.0
[2024-10-14 13:38:31,083][INFO] Step 29: size: 29, coverage: 50.50%, cost: 46.0
[2024-10-14 13:38:31,090][INFO] Step 30: size: 30, coverage: 51.50%, cost: 48.0
[2024-10-14 13:38:31,097][INFO] Step 31: size: 31, coverage: 52.50%, cost: 50.0
[2024-10-14 13:38:31,104][INFO] Step 32: size: 32, coverage: 54.00%, cost: 53.0
[2024-10-14 13:38:31,111][INFO] Step 33: size: 33, coverage: 55.50%, cost: 56.0
[2024-10-14 13:38:31,118][INFO] Step 34: size: 34, coverage: 57.00%, cost: 59.0
[2024-10-14 13:38:31,126][INFO] Step 35: size: 35, coverage: 58.50%, cost: 62.0
[2024-10-14 13:38:31,133][INFO] Step 36: size: 36, coverage: 61.00%, cost: 68.0
[2024-10-14 13:38:31,140][INFO] Step 37: size: 37, coverage: 63.50%, cost: 74.0
[2024-10-14 13:38:31,147][INFO] Step 38: size: 38, coverage: 65.00%, cost: 78.0
[2024-10-14 13:38:31,155][INFO] Step 39: size: 39, coverage: 66.50%, cost: 82.0
[2024-10-14 13:38:31,162][INFO] Step 40: size: 40, coverage: 67.50%, cost: 85.0
[2024-10-14 13:38:31,169][INFO] Step 41: size: 41, coverage: 69.50%, cost: 91.0
[2024-10-14 13:38:31,176][INFO] Step 42: size: 42, coverage: 71.00%, cost: 96.0
[2024-10-14 13:38:31,184][INFO] Step 43: size: 43, coverage: 73.00%, cost: 103.0
[2024-10-14 13:38:31,191][INFO] Step 44: size: 44, coverage: 73.50%, cost: 105.0
[2024-10-14 13:38:31,198][INFO] Step 45: size: 45, coverage: 74.00%, cost: 107.0
[2024-10-14 13:38:31,206][INFO] Step 46: size: 46, coverage: 75.50%, cost: 113.0
[2024-10-14 13:38:31,213][INFO] Step 47: size: 47, coverage: 77.00%, cost: 119.0
[2024-10-14 13:38:31,221][INFO] Step 48: size: 48, coverage: 79.00%, cost: 127.0
[2024-10-14 13:38:31,228][INFO] Step 49: size: 49, coverage: 81.00%, cost: 136.0
[2024-10-14 13:38:31,236][INFO] Step 50: size: 50, coverage: 82.00%, cost: 141.0
[2024-10-14 13:38:31,243][INFO] Step 51: size: 51, coverage: 82.50%, cost: 144.0
[2024-10-14 13:38:31,251][INFO] Step 52: size: 52, coverage: 83.00%, cost: 147.0
[2024-10-14 13:38:31,258][INFO] Step 53: size: 53, coverage: 83.50%, cost: 150.0
[2024-10-14 13:38:31,266][INFO] Step 54: size: 54, coverage: 84.50%, cost: 156.0
[2024-10-14 13:38:31,274][INFO] Step 55: size: 55, coverage: 85.50%, cost: 162.0
[2024-10-14 13:38:31,281][INFO] Step 56: size: 56, coverage: 87.50%, cost: 176.0
[2024-10-14 13:38:31,289][INFO] Step 57: size: 57, coverage: 88.00%, cost: 180.0
[2024-10-14 13:38:31,297][INFO] Step 58: size: 58, coverage: 88.50%, cost: 184.0
[2024-10-14 13:38:31,305][INFO] Step 59: size: 59, coverage: 89.50%, cost: 192.0
[2024-10-14 13:38:31,312][INFO] Step 60: size: 60, coverage: 90.00%, cost: 197.0
[2024-10-14 13:38:31,320][INFO] Step 61: size: 61, coverage: 90.50%, cost: 202.0
[2024-10-14 13:38:31,328][INFO] Step 62: size: 62, coverage: 91.00%, cost: 207.0
[2024-10-14 13:38:31,336][INFO] Step 63: size: 63, coverage: 92.00%, cost: 217.0
[2024-10-14 13:38:31,344][INFO] Step 64: size: 64, coverage: 93.50%, cost: 232.0
[2024-10-14 13:38:31,352][INFO] Step 65: size: 65, coverage: 94.00%, cost: 239.0
[2024-10-14 13:38:31,360][INFO] Step 66: size: 66, coverage: 94.50%, cost: 246.0
[2024-10-14 13:38:31,368][INFO] Step 67: size: 67, coverage: 95.00%, cost: 253.0
[2024-10-14 13:38:31,376][INFO] Step 68: size: 68, coverage: 95.50%, cost: 260.0
[2024-10-14 13:38:31,385][INFO] Step 69: size: 69, coverage: 96.00%, cost: 267.0
[2024-10-14 13:38:31,393][INFO] Step 70: size: 70, coverage: 96.50%, cost: 275.0
[2024-10-14 13:38:31,401][INFO] Step 71: size: 71, coverage: 97.00%, cost: 283.0
[2024-10-14 13:38:31,409][INFO] Step 72: size: 72, coverage: 97.50%, cost: 291.0
[2024-10-14 13:38:31,417][INFO] Step 73: size: 73, coverage: 98.00%, cost: 300.0
[2024-10-14 13:38:31,426][INFO] Step 74: size: 74, coverage: 98.50%, cost: 311.0
[2024-10-14 13:38:31,434][INFO] Step 75: size: 75, coverage: 99.00%, cost: 323.0
[2024-10-14 13:38:31,444][INFO] Step 76: size: 76, coverage: 100.00%, cost: 348.0
[2024-10-14 13:38:31,504][INFO] Redundancy elimination: [np.int64(25), np.int64(64), np.int64(20), np.int64(50), np.int64(48), np.int64(2), np.int64(10)] -> cost: 16.0
[2024-10-14 13:38:31,504][INFO] Redundancy elimination: [np.int64(64), np.int64(48), np.int64(25), np.int64(28), np.int64(50), np.int64(20), np.int64(10), np.int64(2)] -> cost: 18.0
[2024-10-14 13:38:31,504][INFO] Redundancy elimination: [np.int64(10), np.int64(64), np.int64(48), np.int64(2), np.int64(50), np.int64(25)] -> cost: 14.0
[2024-10-14 13:38:31,504][INFO] Redundancy elimination: [np.int64(2), np.int64(48), np.int64(50), np.int64(20), np.int64(64), np.int64(28), np.int64(10)] -> cost: 16.0
[2024-10-14 13:38:31,504][INFO] Redundancy elimination: [np.int64(50), np.int64(64), np.int64(25), np.int64(10), np.int64(20), np.int64(48), np.int64(2), np.int64(28)] -> cost: 18.0
[2024-10-14 13:38:31,504][INFO] Size: 76 -> 68
[2024-10-14 13:38:31,504][INFO] Cost: 348.0 -> 330.0
[2024-10-14 13:39:22,874][INFO] Step 1: size: 1, coverage: 3.50%, cost: 1.0
[2024-10-14 13:39:22,881][INFO] Step 2: size: 2, coverage: 6.50%, cost: 2.0
[2024-10-14 13:39:22,887][INFO] Step 3: size: 3, coverage: 9.50%, cost: 3.0
[2024-10-14 13:39:22,894][INFO] Step 4: size: 4, coverage: 11.50%, cost: 4.0
[2024-10-14 13:39:22,900][INFO] Step 5: size: 5, coverage: 13.50%, cost: 5.0
[2024-10-14 13:39:22,907][INFO] Step 6: size: 6, coverage: 15.50%, cost: 6.0
[2024-10-14 13:39:22,913][INFO] Step 7: size: 7, coverage: 17.50%, cost: 7.0
[2024-10-14 13:39:22,920][INFO] Step 8: size: 8, coverage: 19.50%, cost: 8.0
[2024-10-14 13:39:22,926][INFO] Step 9: size: 9, coverage: 23.00%, cost: 10.0
[2024-10-14 13:39:22,933][INFO] Step 10: size: 10, coverage: 25.50%, cost: 12.0
[2024-10-14 13:39:22,939][INFO] Step 11: size: 11, coverage: 26.50%, cost: 13.0
[2024-10-14 13:39:22,946][INFO] Step 12: size: 12, coverage: 27.50%, cost: 14.0
[2024-10-14 13:39:22,952][INFO] Step 13: size: 13, coverage: 28.50%, cost: 15.0
[2024-10-14 13:39:22,959][INFO] Step 14: size: 14, coverage: 29.50%, cost: 16.0
[2024-10-14 13:39:22,966][INFO] Step 15: size: 15, coverage: 30.50%, cost: 17.0
[2024-10-14 13:39:22,972][INFO] Step 16: size: 16, coverage: 32.50%, cost: 19.0
[2024-10-14 13:39:22,979][INFO] Step 17: size: 17, coverage: 34.50%, cost: 21.0
[2024-10-14 13:39:22,986][INFO] Step 18: size: 18, coverage: 37.00%, cost: 24.0
[2024-10-14 13:39:22,993][INFO] Step 19: size: 19, coverage: 38.50%, cost: 26.0
[2024-10-14 13:39:22,999][INFO] Step 20: size: 20, coverage: 40.00%, cost: 28.0
[2024-10-14 13:39:23,006][INFO] Step 21: size: 21, coverage: 43.00%, cost: 32.0
[2024-10-14 13:39:23,012][INFO] Step 22: size: 22, coverage: 45.00%, cost: 35.0
[2024-10-14 13:39:23,019][INFO] Step 23: size: 23, coverage: 45.50%, cost: 36.0
[2024-10-14 13:39:23,026][INFO] Step 24: size: 24, coverage: 46.00%, cost: 37.0
[2024-10-14 13:39:23,032][INFO] Step 25: size: 25, coverage: 46.50%, cost: 38.0
[2024-10-14 13:39:23,039][INFO] Step 26: size: 26, coverage: 47.50%, cost: 40.0
[2024-10-14 13:39:23,046][INFO] Step 27: size: 27, coverage: 48.50%, cost: 42.0
[2024-10-14 13:39:23,053][INFO] Step 28: size: 28, coverage: 49.50%, cost: 44.0
[2024-10-14 13:39:23,060][INFO] Step 29: size: 29, coverage: 50.50%, cost: 46.0
[2024-10-14 13:39:23,067][INFO] Step 30: size: 30, coverage: 51.50%, cost: 48.0
[2024-10-14 13:39:23,073][INFO] Step 31: size: 31, coverage: 52.50%, cost: 50.0
[2024-10-14 13:39:23,080][INFO] Step 32: size: 32, coverage: 54.00%, cost: 53.0
[2024-10-14 13:39:23,087][INFO] Step 33: size: 33, coverage: 55.50%, cost: 56.0
[2024-10-14 13:39:23,094][INFO] Step 34: size: 34, coverage: 57.00%, cost: 59.0
[2024-10-14 13:39:23,101][INFO] Step 35: size: 35, coverage: 58.50%, cost: 62.0
[2024-10-14 13:39:23,108][INFO] Step 36: size: 36, coverage: 61.00%, cost: 68.0
[2024-10-14 13:39:23,115][INFO] Step 37: size: 37, coverage: 63.50%, cost: 74.0
[2024-10-14 13:39:23,122][INFO] Step 38: size: 38, coverage: 65.00%, cost: 78.0
[2024-10-14 13:39:23,129][INFO] Step 39: size: 39, coverage: 66.50%, cost: 82.0
[2024-10-14 13:39:23,136][INFO] Step 40: size: 40, coverage: 67.50%, cost: 85.0
[2024-10-14 13:39:23,143][INFO] Step 41: size: 41, coverage: 69.50%, cost: 91.0
[2024-10-14 13:39:23,151][INFO] Step 42: size: 42, coverage: 71.00%, cost: 96.0
[2024-10-14 13:39:23,158][INFO] Step 43: size: 43, coverage: 73.00%, cost: 103.0
[2024-10-14 13:39:23,165][INFO] Step 44: size: 44, coverage: 73.50%, cost: 105.0
[2024-10-14 13:39:23,172][INFO] Step 45: size: 45, coverage: 74.00%, cost: 107.0
[2024-10-14 13:39:23,179][INFO] Step 46: size: 46, coverage: 75.50%, cost: 113.0
[2024-10-14 13:39:23,186][INFO] Step 47: size: 47, coverage: 77.00%, cost: 119.0
[2024-10-14 13:39:23,194][INFO] Step 48: size: 48, coverage: 79.00%, cost: 127.0
[2024-10-14 13:39:23,201][INFO] Step 49: size: 49, coverage: 81.00%, cost: 136.0
[2024-10-14 13:39:23,208][INFO] Step 50: size: 50, coverage: 82.00%, cost: 141.0
[2024-10-14 13:39:23,215][INFO] Step 51: size: 51, coverage: 82.50%, cost: 144.0
[2024-10-14 13:39:23,223][INFO] Step 52: size: 52, coverage: 83.00%, cost: 147.0
[2024-10-14 13:39:23,230][INFO] Step 53: size: 53, coverage: 83.50%, cost: 150.0
[2024-10-14 13:39:23,238][INFO] Step 54: size: 54, coverage: 84.50%, cost: 156.0
[2024-10-14 13:39:23,245][INFO] Step 55: size: 55, coverage: 85.50%, cost: 162.0
[2024-10-14 13:39:23,253][INFO] Step 56: size: 56, coverage: 87.50%, cost: 176.0
[2024-10-14 13:39:23,260][INFO] Step 57: size: 57, coverage: 88.00%, cost: 180.0
[2024-10-14 13:39:23,268][INFO] Step 58: size: 58, coverage: 88.50%, cost: 184.0
[2024-10-14 13:39:23,275][INFO] Step 59: size: 59, coverage: 89.50%, cost: 192.0
[2024-10-14 13:39:23,283][INFO] Step 60: size: 60, coverage: 90.00%, cost: 197.0
[2024-10-14 13:39:23,290][INFO] Step 61: size: 61, coverage: 90.50%, cost: 202.0
[2024-10-14 13:39:23,298][INFO] Step 62: size: 62, coverage: 91.00%, cost: 207.0
[2024-10-14 13:39:23,306][INFO] Step 63: size: 63, coverage: 92.00%, cost: 217.0
[2024-10-14 13:39:23,313][INFO] Step 64: size: 64, coverage: 93.50%, cost: 232.0
[2024-10-14 13:39:23,321][INFO] Step 65: size: 65, coverage: 94.00%, cost: 239.0
[2024-10-14 13:39:23,329][INFO] Step 66: size: 66, coverage: 94.50%, cost: 246.0
[2024-10-14 13:39:23,337][INFO] Step 67: size: 67, coverage: 95.00%, cost: 253.0
[2024-10-14 13:39:23,345][INFO] Step 68: size: 68, coverage: 95.50%, cost: 260.0
[2024-10-14 13:39:23,352][INFO] Step 69: size: 69, coverage: 96.00%, cost: 267.0
[2024-10-14 13:39:23,360][INFO] Step 70: size: 70, coverage: 96.50%, cost: 275.0
[2024-10-14 13:39:23,368][INFO] Step 71: size: 71, coverage: 97.00%, cost: 283.0
[2024-10-14 13:39:23,376][INFO] Step 72: size: 72, coverage: 97.50%, cost: 291.0
[2024-10-14 13:39:23,384][INFO] Step 73: size: 73, coverage: 98.00%, cost: 300.0
[2024-10-14 13:39:23,393][INFO] Step 74: size: 74, coverage: 98.50%, cost: 311.0
[2024-10-14 13:39:23,401][INFO] Step 75: size: 75, coverage: 99.00%, cost: 323.0
[2024-10-14 13:39:23,409][INFO] Step 76: size: 76, coverage: 100.00%, cost: 348.0
[2024-10-14 13:39:23,468][INFO] Redundancy elimination: [np.int64(25), np.int64(64), np.int64(20), np.int64(50), np.int64(48), np.int64(2), np.int64(10)] -> cost: 16.0
[2024-10-14 13:39:23,468][INFO] Redundancy elimination: [np.int64(64), np.int64(48), np.int64(25), np.int64(28), np.int64(50), np.int64(20), np.int64(10), np.int64(2)] -> cost: 18.0
[2024-10-14 13:39:23,468][INFO] Redundancy elimination: [np.int64(10), np.int64(64), np.int64(48), np.int64(2), np.int64(50), np.int64(25)] -> cost: 14.0
[2024-10-14 13:39:23,468][INFO] Redundancy elimination: [np.int64(2), np.int64(48), np.int64(50), np.int64(20), np.int64(64), np.int64(28), np.int64(10)] -> cost: 16.0
[2024-10-14 13:39:23,468][INFO] Redundancy elimination: [np.int64(50), np.int64(64), np.int64(25), np.int64(10), np.int64(20), np.int64(48), np.int64(2), np.int64(28)] -> cost: 18.0
[2024-10-14 13:39:23,468][INFO] Size: 76 -> 68
[2024-10-14 13:39:23,468][INFO] Cost: 348.0 -> 330.0
[2024-10-14 13:53:49,481][INFO] Step 1: size: 1, coverage: 3.50%, cost: 1.0
[2024-10-14 13:53:49,487][INFO] Step 2: size: 2, coverage: 6.50%, cost: 2.0
[2024-10-14 13:53:49,494][INFO] Step 3: size: 3, coverage: 9.50%, cost: 3.0
[2024-10-14 13:53:49,500][INFO] Step 4: size: 4, coverage: 11.50%, cost: 4.0
[2024-10-14 13:53:49,507][INFO] Step 5: size: 5, coverage: 13.50%, cost: 5.0
[2024-10-14 13:53:49,514][INFO] Step 6: size: 6, coverage: 15.50%, cost: 6.0
[2024-10-14 13:53:49,520][INFO] Step 7: size: 7, coverage: 17.50%, cost: 7.0
[2024-10-14 13:53:49,527][INFO] Step 8: size: 8, coverage: 19.50%, cost: 8.0
[2024-10-14 13:53:49,534][INFO] Step 9: size: 9, coverage: 23.00%, cost: 10.0
[2024-10-14 13:53:49,540][INFO] Step 10: size: 10, coverage: 25.50%, cost: 12.0
[2024-10-14 13:53:49,547][INFO] Step 11: size: 11, coverage: 26.50%, cost: 13.0
[2024-10-14 13:53:49,554][INFO] Step 12: size: 12, coverage: 27.50%, cost: 14.0
[2024-10-14 13:53:49,560][INFO] Step 13: size: 13, coverage: 28.50%, cost: 15.0
[2024-10-14 13:53:49,567][INFO] Step 14: size: 14, coverage: 29.50%, cost: 16.0
[2024-10-14 13:53:49,574][INFO] Step 15: size: 15, coverage: 30.50%, cost: 17.0
[2024-10-14 13:53:49,581][INFO] Step 16: size: 16, coverage: 32.50%, cost: 19.0
[2024-10-14 13:53:49,588][INFO] Step 17: size: 17, coverage: 34.50%, cost: 21.0
[2024-10-14 13:53:49,595][INFO] Step 18: size: 18, coverage: 37.00%, cost: 24.0
[2024-10-14 13:53:49,601][INFO] Step 19: size: 19, coverage: 38.50%, cost: 26.0
[2024-10-14 13:53:49,608][INFO] Step 20: size: 20, coverage: 40.00%, cost: 28.0
[2024-10-14 13:53:49,615][INFO] Step 21: size: 21, coverage: 43.00%, cost: 32.0
[2024-10-14 13:53:49,622][INFO] Step 22: size: 22, coverage: 45.00%, cost: 35.0
[2024-10-14 13:53:49,629][INFO] Step 23: size: 23, coverage: 45.50%, cost: 36.0
[2024-10-14 13:53:49,635][INFO] Step 24: size: 24, coverage: 46.00%, cost: 37.0
[2024-10-14 13:53:49,642][INFO] Step 25: size: 25, coverage: 46.50%, cost: 38.0
[2024-10-14 13:53:49,649][INFO] Step 26: size: 26, coverage: 47.50%, cost: 40.0
[2024-10-14 13:53:49,656][INFO] Step 27: size: 27, coverage: 48.50%, cost: 42.0
[2024-10-14 13:53:49,663][INFO] Step 28: size: 28, coverage: 49.50%, cost: 44.0
[2024-10-14 13:53:49,670][INFO] Step 29: size: 29, coverage: 50.50%, cost: 46.0
[2024-10-14 13:53:49,677][INFO] Step 30: size: 30, coverage: 51.50%, cost: 48.0
[2024-10-14 13:53:49,684][INFO] Step 31: size: 31, coverage: 52.50%, cost: 50.0
[2024-10-14 13:53:49,691][INFO] Step 32: size: 32, coverage: 54.00%, cost: 53.0
[2024-10-14 13:53:49,699][INFO] Step 33: size: 33, coverage: 55.50%, cost: 56.0
[2024-10-14 13:53:49,706][INFO] Step 34: size: 34, coverage: 57.00%, cost: 59.0
[2024-10-14 13:53:49,713][INFO] Step 35: size: 35, coverage: 58.50%, cost: 62.0
[2024-10-14 13:53:49,720][INFO] Step 36: size: 36, coverage: 61.00%, cost: 68.0
[2024-10-14 13:53:49,727][INFO] Step 37: size: 37, coverage: 63.50%, cost: 74.0
[2024-10-14 13:53:49,734][INFO] Step 38: size: 38, coverage: 65.00%, cost: 78.0
[2024-10-14 13:53:49,742][INFO] Step 39: size: 39, coverage: 66.50%, cost: 82.0
[2024-10-14 13:53:49,749][INFO] Step 40: size: 40, coverage: 67.50%, cost: 85.0
[2024-10-14 13:53:49,756][INFO] Step 41: size: 41, coverage: 69.50%, cost: 91.0
[2024-10-14 13:53:49,763][INFO] Step 42: size: 42, coverage: 71.00%, cost: 96.0
[2024-10-14 13:53:49,771][INFO] Step 43: size: 43, coverage: 73.00%, cost: 103.0
[2024-10-14 13:53:49,778][INFO] Step 44: size: 44, coverage: 73.50%, cost: 105.0
[2024-10-14 13:53:49,785][INFO] Step 45: size: 45, coverage: 74.00%, cost: 107.0
[2024-10-14 13:53:49,793][INFO] Step 46: size: 46, coverage: 75.50%, cost: 113.0
[2024-10-14 13:53:49,800][INFO] Step 47: size: 47, coverage: 77.00%, cost: 119.0
[2024-10-14 13:53:49,808][INFO] Step 48: size: 48, coverage: 79.00%, cost: 127.0
[2024-10-14 13:53:49,816][INFO] Step 49: size: 49, coverage: 81.00%, cost: 136.0
[2024-10-14 13:53:49,823][INFO] Step 50: size: 50, coverage: 82.00%, cost: 141.0
[2024-10-14 13:53:49,831][INFO] Step 51: size: 51, coverage: 82.50%, cost: 144.0
[2024-10-14 13:53:49,838][INFO] Step 52: size: 52, coverage: 83.00%, cost: 147.0
[2024-10-14 13:53:49,846][INFO] Step 53: size: 53, coverage: 83.50%, cost: 150.0
[2024-10-14 13:53:49,853][INFO] Step 54: size: 54, coverage: 84.50%, cost: 156.0
[2024-10-14 13:53:49,861][INFO] Step 55: size: 55, coverage: 85.50%, cost: 162.0
[2024-10-14 13:53:49,868][INFO] Step 56: size: 56, coverage: 87.50%, cost: 176.0
[2024-10-14 13:53:49,876][INFO] Step 57: size: 57, coverage: 88.00%, cost: 180.0
[2024-10-14 13:53:49,884][INFO] Step 58: size: 58, coverage: 88.50%, cost: 184.0
[2024-10-14 13:53:49,891][INFO] Step 59: size: 59, coverage: 89.50%, cost: 192.0
[2024-10-14 13:53:49,899][INFO] Step 60: size: 60, coverage: 90.00%, cost: 197.0
[2024-10-14 13:53:49,907][INFO] Step 61: size: 61, coverage: 90.50%, cost: 202.0
[2024-10-14 13:53:49,915][INFO] Step 62: size: 62, coverage: 91.00%, cost: 207.0
[2024-10-14 13:53:49,923][INFO] Step 63: size: 63, coverage: 92.00%, cost: 217.0
[2024-10-14 13:53:49,930][INFO] Step 64: size: 64, coverage: 93.50%, cost: 232.0
[2024-10-14 13:53:49,938][INFO] Step 65: size: 65, coverage: 94.00%, cost: 239.0
[2024-10-14 13:53:49,946][INFO] Step 66: size: 66, coverage: 94.50%, cost: 246.0
[2024-10-14 13:53:49,954][INFO] Step 67: size: 67, coverage: 95.00%, cost: 253.0
[2024-10-14 13:53:49,962][INFO] Step 68: size: 68, coverage: 95.50%, cost: 260.0
[2024-10-14 13:53:49,971][INFO] Step 69: size: 69, coverage: 96.00%, cost: 267.0
[2024-10-14 13:53:49,979][INFO] Step 70: size: 70, coverage: 96.50%, cost: 275.0
[2024-10-14 13:53:49,987][INFO] Step 71: size: 71, coverage: 97.00%, cost: 283.0
[2024-10-14 13:53:49,995][INFO] Step 72: size: 72, coverage: 97.50%, cost: 291.0
[2024-10-14 13:53:50,003][INFO] Step 73: size: 73, coverage: 98.00%, cost: 300.0
[2024-10-14 13:53:50,012][INFO] Step 74: size: 74, coverage: 98.50%, cost: 311.0
[2024-10-14 13:53:50,020][INFO] Step 75: size: 75, coverage: 99.00%, cost: 323.0
[2024-10-14 13:53:50,028][INFO] Step 76: size: 76, coverage: 100.00%, cost: 348.0
[2024-10-14 13:53:50,088][INFO] Redundancy elimination: [np.int64(25), np.int64(64), np.int64(20), np.int64(50), np.int64(48), np.int64(2), np.int64(10)] -> cost: 16.0
[2024-10-14 13:53:50,088][INFO] Redundancy elimination: [np.int64(64), np.int64(48), np.int64(25), np.int64(28), np.int64(50), np.int64(20), np.int64(10), np.int64(2)] -> cost: 18.0
[2024-10-14 13:53:50,088][INFO] Redundancy elimination: [np.int64(10), np.int64(64), np.int64(48), np.int64(2), np.int64(50), np.int64(25)] -> cost: 14.0
[2024-10-14 13:53:50,088][INFO] Redundancy elimination: [np.int64(2), np.int64(48), np.int64(50), np.int64(20), np.int64(64), np.int64(28), np.int64(10)] -> cost: 16.0
[2024-10-14 13:53:50,088][INFO] Redundancy elimination: [np.int64(50), np.int64(64), np.int64(25), np.int64(10), np.int64(20), np.int64(48), np.int64(2), np.int64(28)] -> cost: 18.0
[2024-10-14 13:53:50,088][INFO] Size: 76 -> 68
[2024-10-14 13:53:50,088][INFO] Cost: 348.0 -> 330.0
