[2024-10-06 17:30:42,021][INFO] Step 1: size: 1, coverage: 5.67%, cost: 89.0
[2024-10-06 17:30:42,032][INFO] Step 2: size: 2, coverage: 10.67%, cost: 100.0
[2024-10-06 17:30:42,042][INFO] Step 3: size: 3, coverage: 15.67%, cost: 173.0
[2024-10-06 17:30:42,053][INFO] Step 4: size: 4, coverage: 20.33%, cost: 214.0
[2024-10-06 17:30:42,063][INFO] Step 5: size: 5, coverage: 25.00%, cost: 262.0
[2024-10-06 17:30:42,073][INFO] Step 6: size: 6, coverage: 29.67%, cost: 311.0
[2024-10-06 17:30:42,084][INFO] Step 7: size: 7, coverage: 34.00%, cost: 383.0
[2024-10-06 17:30:42,094][INFO] Step 8: size: 8, coverage: 38.00%, cost: 423.0
[2024-10-06 17:30:42,105][INFO] Step 9: size: 9, coverage: 42.00%, cost: 490.0
[2024-10-06 17:30:42,115][INFO] Step 10: size: 10, coverage: 45.33%, cost: 558.0
[2024-10-06 17:30:42,126][INFO] Step 11: size: 11, coverage: 48.67%, cost: 628.0
[2024-10-06 17:30:42,137][INFO] Step 12: size: 12, coverage: 51.67%, cost: 629.0
[2024-10-06 17:30:42,147][INFO] Step 13: size: 13, coverage: 54.67%, cost: 701.0
[2024-10-06 17:30:42,158][INFO] Step 14: size: 14, coverage: 57.67%, cost: 800.0
[2024-10-06 17:30:42,168][INFO] Step 15: size: 15, coverage: 60.33%, cost: 813.0
[2024-10-06 17:30:42,178][INFO] Step 16: size: 16, coverage: 63.00%, cost: 834.0
[2024-10-06 17:30:42,189][INFO] Step 17: size: 17, coverage: 65.67%, cost: 903.0
[2024-10-06 17:30:42,199][INFO] Step 18: size: 18, coverage: 68.33%, cost: 998.0
[2024-10-06 17:30:42,209][INFO] Step 19: size: 19, coverage: 70.67%, cost: 1019.0
[2024-10-06 17:30:42,220][INFO] Step 20: size: 20, coverage: 73.00%, cost: 1052.0
[2024-10-06 17:30:42,230][INFO] Step 21: size: 21, coverage: 75.00%, cost: 1056.0
[2024-10-06 17:30:42,241][INFO] Step 22: size: 22, coverage: 77.00%, cost: 1072.0
[2024-10-06 17:30:42,251][INFO] Step 23: size: 23, coverage: 79.00%, cost: 1090.0
[2024-10-06 17:30:42,262][INFO] Step 24: size: 24, coverage: 81.00%, cost: 1139.0
[2024-10-06 17:30:42,272][INFO] Step 25: size: 25, coverage: 83.00%, cost: 1189.0
[2024-10-06 17:30:42,283][INFO] Step 26: size: 26, coverage: 84.67%, cost: 1206.0
[2024-10-06 17:30:42,294][INFO] Step 27: size: 27, coverage: 86.33%, cost: 1264.0
[2024-10-06 17:30:42,304][INFO] Step 28: size: 28, coverage: 87.67%, cost: 1266.0
[2024-10-06 17:30:42,315][INFO] Step 29: size: 29, coverage: 89.00%, cost: 1271.0
[2024-10-06 17:30:42,326][INFO] Step 30: size: 30, coverage: 90.33%, cost: 1291.0
[2024-10-06 17:30:42,337][INFO] Step 31: size: 31, coverage: 91.67%, cost: 1340.0
[2024-10-06 17:30:42,348][INFO] Step 32: size: 32, coverage: 93.00%, cost: 1413.0
[2024-10-06 17:30:42,359][INFO] Step 33: size: 33, coverage: 94.00%, cost: 1418.0
[2024-10-06 17:30:42,370][INFO] Step 34: size: 34, coverage: 95.00%, cost: 1425.0
[2024-10-06 17:30:42,381][INFO] Step 35: size: 35, coverage: 96.00%, cost: 1435.0
[2024-10-06 17:30:42,392][INFO] Step 36: size: 36, coverage: 97.00%, cost: 1453.0
[2024-10-06 17:30:42,404][INFO] Step 37: size: 37, coverage: 98.00%, cost: 1478.0
[2024-10-06 17:30:42,415][INFO] Step 38: size: 38, coverage: 99.00%, cost: 1575.0
[2024-10-06 17:30:42,427][INFO] Step 39: size: 39, coverage: 99.33%, cost: 1576.0
[2024-10-06 17:30:42,438][INFO] Step 40: size: 40, coverage: 99.67%, cost: 1578.0
[2024-10-06 17:30:42,450][INFO] Step 41: size: 41, coverage: 100.00%, cost: 1581.0
[2024-10-06 18:49:35,669][INFO] Step 1: size: 1, coverage: 5.67%, cost: 89.0
[2024-10-06 18:49:35,680][INFO] Step 2: size: 2, coverage: 10.67%, cost: 100.0
[2024-10-06 18:49:35,690][INFO] Step 3: size: 3, coverage: 15.67%, cost: 173.0
[2024-10-06 18:49:35,701][INFO] Step 4: size: 4, coverage: 20.33%, cost: 214.0
[2024-10-06 18:49:35,711][INFO] Step 5: size: 5, coverage: 25.00%, cost: 262.0
[2024-10-06 18:49:35,721][INFO] Step 6: size: 6, coverage: 29.67%, cost: 311.0
[2024-10-06 18:49:35,732][INFO] Step 7: size: 7, coverage: 34.00%, cost: 383.0
[2024-10-06 18:49:35,743][INFO] Step 8: size: 8, coverage: 38.00%, cost: 423.0
[2024-10-06 18:49:35,753][INFO] Step 9: size: 9, coverage: 42.00%, cost: 490.0
[2024-10-06 18:49:35,764][INFO] Step 10: size: 10, coverage: 45.33%, cost: 558.0
[2024-10-06 18:49:35,774][INFO] Step 11: size: 11, coverage: 48.67%, cost: 628.0
[2024-10-06 18:49:35,785][INFO] Step 12: size: 12, coverage: 51.67%, cost: 629.0
[2024-10-06 18:49:35,796][INFO] Step 13: size: 13, coverage: 54.67%, cost: 701.0
[2024-10-06 18:49:35,806][INFO] Step 14: size: 14, coverage: 57.67%, cost: 800.0
[2024-10-06 18:49:35,816][INFO] Step 15: size: 15, coverage: 60.33%, cost: 813.0
[2024-10-06 18:49:35,827][INFO] Step 16: size: 16, coverage: 63.00%, cost: 834.0
[2024-10-06 18:49:35,837][INFO] Step 17: size: 17, coverage: 65.67%, cost: 903.0
[2024-10-06 18:49:35,848][INFO] Step 18: size: 18, coverage: 68.33%, cost: 998.0
[2024-10-06 18:49:35,858][INFO] Step 19: size: 19, coverage: 70.67%, cost: 1019.0
[2024-10-06 18:49:35,869][INFO] Step 20: size: 20, coverage: 73.00%, cost: 1052.0
[2024-10-06 18:49:35,879][INFO] Step 21: size: 21, coverage: 75.00%, cost: 1056.0
[2024-10-06 18:49:35,890][INFO] Step 22: size: 22, coverage: 77.00%, cost: 1072.0
[2024-10-06 18:49:35,900][INFO] Step 23: size: 23, coverage: 79.00%, cost: 1090.0
[2024-10-06 18:49:35,911][INFO] Step 24: size: 24, coverage: 81.00%, cost: 1139.0
[2024-10-06 18:49:35,922][INFO] Step 25: size: 25, coverage: 83.00%, cost: 1189.0
[2024-10-06 18:49:35,932][INFO] Step 26: size: 26, coverage: 84.67%, cost: 1206.0
[2024-10-06 18:49:35,943][INFO] Step 27: size: 27, coverage: 86.33%, cost: 1264.0
[2024-10-06 18:49:35,954][INFO] Step 28: size: 28, coverage: 87.67%, cost: 1266.0
[2024-10-06 18:49:35,964][INFO] Step 29: size: 29, coverage: 89.00%, cost: 1271.0
[2024-10-06 18:49:35,975][INFO] Step 30: size: 30, coverage: 90.33%, cost: 1291.0
[2024-10-06 18:49:35,986][INFO] Step 31: size: 31, coverage: 91.67%, cost: 1340.0
[2024-10-06 18:49:35,997][INFO] Step 32: size: 32, coverage: 93.00%, cost: 1413.0
[2024-10-06 18:49:36,008][INFO] Step 33: size: 33, coverage: 94.00%, cost: 1418.0
[2024-10-06 18:49:36,019][INFO] Step 34: size: 34, coverage: 95.00%, cost: 1425.0
[2024-10-06 18:49:36,030][INFO] Step 35: size: 35, coverage: 96.00%, cost: 1435.0
[2024-10-06 18:49:36,041][INFO] Step 36: size: 36, coverage: 97.00%, cost: 1453.0
[2024-10-06 18:49:36,053][INFO] Step 37: size: 37, coverage: 98.00%, cost: 1478.0
[2024-10-06 18:49:36,064][INFO] Step 38: size: 38, coverage: 99.00%, cost: 1575.0
[2024-10-06 18:49:36,075][INFO] Step 39: size: 39, coverage: 99.33%, cost: 1576.0
[2024-10-06 18:49:36,087][INFO] Step 40: size: 40, coverage: 99.67%, cost: 1578.0
[2024-10-06 18:49:36,099][INFO] Step 41: size: 41, coverage: 100.00%, cost: 1581.0
[2024-10-06 18:49:36,100][INFO] Size: 41 -> 41
[2024-10-06 18:49:36,100][INFO] Cost: 1581.0 -> 1581.0
[2024-10-06 18:49:36,100][INFO] Pruned solution: [np.int64(307), np.int64(1202), np.int64(1436), np.int64(1175), np.int64(1989), np.int64(0), np.int64(2939), np.int64(612), np.int64(2821), np.int64(958), np.int64(450), np.int64(1438), np.int64(473), np.int64(34), np.int64(587), np.int64(2132), np.int64(191), np.int64(507), np.int64(2885), np.int64(35), np.int64(2645), np.int64(1409), np.int64(1958), np.int64(2099), np.int64(2017), np.int64(94), np.int64(1470), np.int64(121), np.int64(128), np.int64(722), np.int64(66), np.int64(2097), np.int64(354), np.int64(511), np.int64(1439), np.int64(9), np.int64(2039), np.int64(1704), np.int64(2125), np.int64(277), np.int64(615)]
[2024-10-06 18:51:56,864][INFO] Step 1: size: 1, coverage: 5.67%, cost: 89.0
[2024-10-06 18:51:56,875][INFO] Step 2: size: 2, coverage: 10.67%, cost: 100.0
[2024-10-06 18:51:56,885][INFO] Step 3: size: 3, coverage: 15.67%, cost: 173.0
[2024-10-06 18:51:56,896][INFO] Step 4: size: 4, coverage: 20.33%, cost: 214.0
[2024-10-06 18:51:56,906][INFO] Step 5: size: 5, coverage: 25.00%, cost: 262.0
[2024-10-06 18:51:56,916][INFO] Step 6: size: 6, coverage: 29.67%, cost: 311.0
[2024-10-06 18:51:56,927][INFO] Step 7: size: 7, coverage: 34.00%, cost: 383.0
[2024-10-06 18:51:56,937][INFO] Step 8: size: 8, coverage: 38.00%, cost: 423.0
[2024-10-06 18:51:56,948][INFO] Step 9: size: 9, coverage: 42.00%, cost: 490.0
[2024-10-06 18:51:56,959][INFO] Step 10: size: 10, coverage: 45.33%, cost: 558.0
[2024-10-06 18:51:56,969][INFO] Step 11: size: 11, coverage: 48.67%, cost: 628.0
[2024-10-06 18:51:56,980][INFO] Step 12: size: 12, coverage: 51.67%, cost: 629.0
[2024-10-06 18:51:56,990][INFO] Step 13: size: 13, coverage: 54.67%, cost: 701.0
[2024-10-06 18:51:57,001][INFO] Step 14: size: 14, coverage: 57.67%, cost: 800.0
[2024-10-06 18:51:57,011][INFO] Step 15: size: 15, coverage: 60.33%, cost: 813.0
[2024-10-06 18:51:57,022][INFO] Step 16: size: 16, coverage: 63.00%, cost: 834.0
[2024-10-06 18:51:57,032][INFO] Step 17: size: 17, coverage: 65.67%, cost: 903.0
[2024-10-06 18:51:57,043][INFO] Step 18: size: 18, coverage: 68.33%, cost: 998.0
[2024-10-06 18:51:57,053][INFO] Step 19: size: 19, coverage: 70.67%, cost: 1019.0
[2024-10-06 18:51:57,064][INFO] Step 20: size: 20, coverage: 73.00%, cost: 1052.0
[2024-10-06 18:51:57,074][INFO] Step 21: size: 21, coverage: 75.00%, cost: 1056.0
[2024-10-06 18:51:57,085][INFO] Step 22: size: 22, coverage: 77.00%, cost: 1072.0
[2024-10-06 18:51:57,095][INFO] Step 23: size: 23, coverage: 79.00%, cost: 1090.0
[2024-10-06 18:51:57,106][INFO] Step 24: size: 24, coverage: 81.00%, cost: 1139.0
[2024-10-06 18:51:57,117][INFO] Step 25: size: 25, coverage: 83.00%, cost: 1189.0
[2024-10-06 18:51:57,127][INFO] Step 26: size: 26, coverage: 84.67%, cost: 1206.0
[2024-10-06 18:51:57,138][INFO] Step 27: size: 27, coverage: 86.33%, cost: 1264.0
[2024-10-06 18:51:57,149][INFO] Step 28: size: 28, coverage: 87.67%, cost: 1266.0
[2024-10-06 18:51:57,160][INFO] Step 29: size: 29, coverage: 89.00%, cost: 1271.0
[2024-10-06 18:51:57,171][INFO] Step 30: size: 30, coverage: 90.33%, cost: 1291.0
[2024-10-06 18:51:57,181][INFO] Step 31: size: 31, coverage: 91.67%, cost: 1340.0
[2024-10-06 18:51:57,192][INFO] Step 32: size: 32, coverage: 93.00%, cost: 1413.0
[2024-10-06 18:51:57,204][INFO] Step 33: size: 33, coverage: 94.00%, cost: 1418.0
[2024-10-06 18:51:57,215][INFO] Step 34: size: 34, coverage: 95.00%, cost: 1425.0
[2024-10-06 18:51:57,226][INFO] Step 35: size: 35, coverage: 96.00%, cost: 1435.0
[2024-10-06 18:51:57,237][INFO] Step 36: size: 36, coverage: 97.00%, cost: 1453.0
[2024-10-06 18:51:57,248][INFO] Step 37: size: 37, coverage: 98.00%, cost: 1478.0
[2024-10-06 18:51:57,260][INFO] Step 38: size: 38, coverage: 99.00%, cost: 1575.0
[2024-10-06 18:51:57,271][INFO] Step 39: size: 39, coverage: 99.33%, cost: 1576.0
[2024-10-06 18:51:57,283][INFO] Step 40: size: 40, coverage: 99.67%, cost: 1578.0
[2024-10-06 18:51:57,294][INFO] Step 41: size: 41, coverage: 100.00%, cost: 1581.0
[2024-10-06 18:51:57,296][INFO] Size: 41 -> 41
[2024-10-06 18:51:57,296][INFO] Cost: 1581.0 -> 1581.0
[2024-10-06 18:54:07,759][INFO] Step 1: size: 1, coverage: 5.67%, cost: 89.0
[2024-10-06 18:54:07,769][INFO] Step 2: size: 2, coverage: 10.67%, cost: 100.0
[2024-10-06 18:54:07,780][INFO] Step 3: size: 3, coverage: 15.67%, cost: 173.0
[2024-10-06 18:54:07,790][INFO] Step 4: size: 4, coverage: 20.33%, cost: 214.0
[2024-10-06 18:54:07,801][INFO] Step 5: size: 5, coverage: 25.00%, cost: 262.0
[2024-10-06 18:54:07,811][INFO] Step 6: size: 6, coverage: 29.67%, cost: 311.0
[2024-10-06 18:54:07,822][INFO] Step 7: size: 7, coverage: 34.00%, cost: 383.0
[2024-10-06 18:54:07,833][INFO] Step 8: size: 8, coverage: 38.00%, cost: 423.0
[2024-10-06 18:54:07,843][INFO] Step 9: size: 9, coverage: 42.00%, cost: 490.0
[2024-10-06 18:54:07,854][INFO] Step 10: size: 10, coverage: 45.33%, cost: 558.0
[2024-10-06 18:54:07,865][INFO] Step 11: size: 11, coverage: 48.67%, cost: 628.0
[2024-10-06 18:54:07,876][INFO] Step 12: size: 12, coverage: 51.67%, cost: 629.0
[2024-10-06 18:54:07,886][INFO] Step 13: size: 13, coverage: 54.67%, cost: 701.0
[2024-10-06 18:54:07,897][INFO] Step 14: size: 14, coverage: 57.67%, cost: 800.0
[2024-10-06 18:54:07,907][INFO] Step 15: size: 15, coverage: 60.33%, cost: 813.0
[2024-10-06 18:54:07,918][INFO] Step 16: size: 16, coverage: 63.00%, cost: 834.0
[2024-10-06 18:54:07,928][INFO] Step 17: size: 17, coverage: 65.67%, cost: 903.0
[2024-10-06 18:54:07,939][INFO] Step 18: size: 18, coverage: 68.33%, cost: 998.0
[2024-10-06 18:54:07,949][INFO] Step 19: size: 19, coverage: 70.67%, cost: 1019.0
[2024-10-06 18:54:07,960][INFO] Step 20: size: 20, coverage: 73.00%, cost: 1052.0
[2024-10-06 18:54:07,970][INFO] Step 21: size: 21, coverage: 75.00%, cost: 1056.0
[2024-10-06 18:54:07,981][INFO] Step 22: size: 22, coverage: 77.00%, cost: 1072.0
[2024-10-06 18:54:07,992][INFO] Step 23: size: 23, coverage: 79.00%, cost: 1090.0
[2024-10-06 18:54:08,002][INFO] Step 24: size: 24, coverage: 81.00%, cost: 1139.0
[2024-10-06 18:54:08,013][INFO] Step 25: size: 25, coverage: 83.00%, cost: 1189.0
[2024-10-06 18:54:08,024][INFO] Step 26: size: 26, coverage: 84.67%, cost: 1206.0
[2024-10-06 18:54:08,035][INFO] Step 27: size: 27, coverage: 86.33%, cost: 1264.0
[2024-10-06 18:54:08,045][INFO] Step 28: size: 28, coverage: 87.67%, cost: 1266.0
[2024-10-06 18:54:08,056][INFO] Step 29: size: 29, coverage: 89.00%, cost: 1271.0
[2024-10-06 18:54:08,067][INFO] Step 30: size: 30, coverage: 90.33%, cost: 1291.0
[2024-10-06 18:54:08,078][INFO] Step 31: size: 31, coverage: 91.67%, cost: 1340.0
[2024-10-06 18:54:08,089][INFO] Step 32: size: 32, coverage: 93.00%, cost: 1413.0
[2024-10-06 18:54:08,100][INFO] Step 33: size: 33, coverage: 94.00%, cost: 1418.0
[2024-10-06 18:54:08,112][INFO] Step 34: size: 34, coverage: 95.00%, cost: 1425.0
[2024-10-06 18:54:08,124][INFO] Step 35: size: 35, coverage: 96.00%, cost: 1435.0
[2024-10-06 18:54:08,135][INFO] Step 36: size: 36, coverage: 97.00%, cost: 1453.0
[2024-10-06 18:54:08,146][INFO] Step 37: size: 37, coverage: 98.00%, cost: 1478.0
[2024-10-06 18:54:08,158][INFO] Step 38: size: 38, coverage: 99.00%, cost: 1575.0
[2024-10-06 18:54:08,169][INFO] Step 39: size: 39, coverage: 99.33%, cost: 1576.0
[2024-10-06 18:54:08,181][INFO] Step 40: size: 40, coverage: 99.67%, cost: 1578.0
[2024-10-06 18:54:08,192][INFO] Step 41: size: 41, coverage: 100.00%, cost: 1581.0
[2024-10-06 18:54:08,193][INFO] Size: 41 -> 41
[2024-10-06 18:54:08,193][INFO] Cost: 1581.0 -> 1581.0
[2024-10-06 18:55:08,601][INFO] Step 1: size: 1, coverage: 5.67%, cost: 89.0
[2024-10-06 18:55:08,611][INFO] Step 2: size: 2, coverage: 10.67%, cost: 100.0
[2024-10-06 18:55:08,622][INFO] Step 3: size: 3, coverage: 15.67%, cost: 173.0
[2024-10-06 18:55:08,632][INFO] Step 4: size: 4, coverage: 20.33%, cost: 214.0
[2024-10-06 18:55:08,642][INFO] Step 5: size: 5, coverage: 25.00%, cost: 262.0
[2024-10-06 18:55:08,653][INFO] Step 6: size: 6, coverage: 29.67%, cost: 311.0
[2024-10-06 18:55:08,663][INFO] Step 7: size: 7, coverage: 34.00%, cost: 383.0
[2024-10-06 18:55:08,674][INFO] Step 8: size: 8, coverage: 38.00%, cost: 423.0
[2024-10-06 18:55:08,684][INFO] Step 9: size: 9, coverage: 42.00%, cost: 490.0
[2024-10-06 18:55:08,695][INFO] Step 10: size: 10, coverage: 45.33%, cost: 558.0
[2024-10-06 18:55:08,705][INFO] Step 11: size: 11, coverage: 48.67%, cost: 628.0
[2024-10-06 18:55:08,716][INFO] Step 12: size: 12, coverage: 51.67%, cost: 629.0
[2024-10-06 18:55:08,726][INFO] Step 13: size: 13, coverage: 54.67%, cost: 701.0
[2024-10-06 18:55:08,737][INFO] Step 14: size: 14, coverage: 57.67%, cost: 800.0
[2024-10-06 18:55:08,747][INFO] Step 15: size: 15, coverage: 60.33%, cost: 813.0
[2024-10-06 18:55:08,757][INFO] Step 16: size: 16, coverage: 63.00%, cost: 834.0
[2024-10-06 18:55:08,768][INFO] Step 17: size: 17, coverage: 65.67%, cost: 903.0
[2024-10-06 18:55:08,778][INFO] Step 18: size: 18, coverage: 68.33%, cost: 998.0
[2024-10-06 18:55:08,789][INFO] Step 19: size: 19, coverage: 70.67%, cost: 1019.0
[2024-10-06 18:55:08,799][INFO] Step 20: size: 20, coverage: 73.00%, cost: 1052.0
[2024-10-06 18:55:08,810][INFO] Step 21: size: 21, coverage: 75.00%, cost: 1056.0
[2024-10-06 18:55:08,820][INFO] Step 22: size: 22, coverage: 77.00%, cost: 1072.0
[2024-10-06 18:55:08,831][INFO] Step 23: size: 23, coverage: 79.00%, cost: 1090.0
[2024-10-06 18:55:08,841][INFO] Step 24: size: 24, coverage: 81.00%, cost: 1139.0
[2024-10-06 18:55:08,852][INFO] Step 25: size: 25, coverage: 83.00%, cost: 1189.0
[2024-10-06 18:55:08,863][INFO] Step 26: size: 26, coverage: 84.67%, cost: 1206.0
[2024-10-06 18:55:08,873][INFO] Step 27: size: 27, coverage: 86.33%, cost: 1264.0
[2024-10-06 18:55:08,884][INFO] Step 28: size: 28, coverage: 87.67%, cost: 1266.0
[2024-10-06 18:55:08,894][INFO] Step 29: size: 29, coverage: 89.00%, cost: 1271.0
[2024-10-06 18:55:08,905][INFO] Step 30: size: 30, coverage: 90.33%, cost: 1291.0
[2024-10-06 18:55:08,916][INFO] Step 31: size: 31, coverage: 91.67%, cost: 1340.0
[2024-10-06 18:55:08,927][INFO] Step 32: size: 32, coverage: 93.00%, cost: 1413.0
[2024-10-06 18:55:08,938][INFO] Step 33: size: 33, coverage: 94.00%, cost: 1418.0
[2024-10-06 18:55:08,949][INFO] Step 34: size: 34, coverage: 95.00%, cost: 1425.0
[2024-10-06 18:55:08,960][INFO] Step 35: size: 35, coverage: 96.00%, cost: 1435.0
[2024-10-06 18:55:08,972][INFO] Step 36: size: 36, coverage: 97.00%, cost: 1453.0
[2024-10-06 18:55:08,983][INFO] Step 37: size: 37, coverage: 98.00%, cost: 1478.0
[2024-10-06 18:55:08,994][INFO] Step 38: size: 38, coverage: 99.00%, cost: 1575.0
[2024-10-06 18:55:09,006][INFO] Step 39: size: 39, coverage: 99.33%, cost: 1576.0
[2024-10-06 18:55:09,017][INFO] Step 40: size: 40, coverage: 99.67%, cost: 1578.0
[2024-10-06 18:55:09,029][INFO] Step 41: size: 41, coverage: 100.00%, cost: 1581.0
[2024-10-06 18:55:09,030][INFO] Size: 41 -> 41
[2024-10-06 18:55:09,030][INFO] Cost: 1581.0 -> 1581.0
[2024-10-06 18:56:28,026][INFO] Step 1: size: 1, coverage: 5.67%, cost: 89.0
[2024-10-06 18:56:28,037][INFO] Step 2: size: 2, coverage: 10.67%, cost: 100.0
[2024-10-06 18:56:28,048][INFO] Step 3: size: 3, coverage: 15.67%, cost: 173.0
[2024-10-06 18:56:28,058][INFO] Step 4: size: 4, coverage: 20.33%, cost: 214.0
[2024-10-06 18:56:28,069][INFO] Step 5: size: 5, coverage: 25.00%, cost: 262.0
[2024-10-06 18:56:28,079][INFO] Step 6: size: 6, coverage: 29.67%, cost: 311.0
[2024-10-06 18:56:28,090][INFO] Step 7: size: 7, coverage: 34.00%, cost: 383.0
[2024-10-06 18:56:28,100][INFO] Step 8: size: 8, coverage: 38.00%, cost: 423.0
[2024-10-06 18:56:28,111][INFO] Step 9: size: 9, coverage: 42.00%, cost: 490.0
[2024-10-06 18:56:28,122][INFO] Step 10: size: 10, coverage: 45.33%, cost: 558.0
[2024-10-06 18:56:28,132][INFO] Step 11: size: 11, coverage: 48.67%, cost: 628.0
[2024-10-06 18:56:28,143][INFO] Step 12: size: 12, coverage: 51.67%, cost: 629.0
[2024-10-06 18:56:28,153][INFO] Step 13: size: 13, coverage: 54.67%, cost: 701.0
[2024-10-06 18:56:28,164][INFO] Step 14: size: 14, coverage: 57.67%, cost: 800.0
[2024-10-06 18:56:28,174][INFO] Step 15: size: 15, coverage: 60.33%, cost: 813.0
[2024-10-06 18:56:28,184][INFO] Step 16: size: 16, coverage: 63.00%, cost: 834.0
[2024-10-06 18:56:28,195][INFO] Step 17: size: 17, coverage: 65.67%, cost: 903.0
[2024-10-06 18:56:28,205][INFO] Step 18: size: 18, coverage: 68.33%, cost: 998.0
[2024-10-06 18:56:28,216][INFO] Step 19: size: 19, coverage: 70.67%, cost: 1019.0
[2024-10-06 18:56:28,226][INFO] Step 20: size: 20, coverage: 73.00%, cost: 1052.0
[2024-10-06 18:56:28,236][INFO] Step 21: size: 21, coverage: 75.00%, cost: 1056.0
[2024-10-06 18:56:28,247][INFO] Step 22: size: 22, coverage: 77.00%, cost: 1072.0
[2024-10-06 18:56:28,258][INFO] Step 23: size: 23, coverage: 79.00%, cost: 1090.0
[2024-10-06 18:56:28,268][INFO] Step 24: size: 24, coverage: 81.00%, cost: 1139.0
[2024-10-06 18:56:28,279][INFO] Step 25: size: 25, coverage: 83.00%, cost: 1189.0
[2024-10-06 18:56:28,289][INFO] Step 26: size: 26, coverage: 84.67%, cost: 1206.0
[2024-10-06 18:56:28,300][INFO] Step 27: size: 27, coverage: 86.33%, cost: 1264.0
[2024-10-06 18:56:28,311][INFO] Step 28: size: 28, coverage: 87.67%, cost: 1266.0
[2024-10-06 18:56:28,322][INFO] Step 29: size: 29, coverage: 89.00%, cost: 1271.0
[2024-10-06 18:56:28,333][INFO] Step 30: size: 30, coverage: 90.33%, cost: 1291.0
[2024-10-06 18:56:28,344][INFO] Step 31: size: 31, coverage: 91.67%, cost: 1340.0
[2024-10-06 18:56:28,355][INFO] Step 32: size: 32, coverage: 93.00%, cost: 1413.0
[2024-10-06 18:56:28,366][INFO] Step 33: size: 33, coverage: 94.00%, cost: 1418.0
[2024-10-06 18:56:28,377][INFO] Step 34: size: 34, coverage: 95.00%, cost: 1425.0
[2024-10-06 18:56:28,389][INFO] Step 35: size: 35, coverage: 96.00%, cost: 1435.0
[2024-10-06 18:56:28,400][INFO] Step 36: size: 36, coverage: 97.00%, cost: 1453.0
[2024-10-06 18:56:28,412][INFO] Step 37: size: 37, coverage: 98.00%, cost: 1478.0
[2024-10-06 18:56:28,423][INFO] Step 38: size: 38, coverage: 99.00%, cost: 1575.0
[2024-10-06 18:56:28,435][INFO] Step 39: size: 39, coverage: 99.33%, cost: 1576.0
[2024-10-06 18:56:28,446][INFO] Step 40: size: 40, coverage: 99.67%, cost: 1578.0
[2024-10-06 18:56:28,458][INFO] Step 41: size: 41, coverage: 100.00%, cost: 1581.0
[2024-10-06 18:56:28,459][INFO] Size: 41 -> 41
[2024-10-06 18:56:28,459][INFO] Cost: 1581.0 -> 1581.0
[2024-10-06 19:03:14,169][INFO] Step 1: size: 1, coverage: 5.67%, cost: 89.0
[2024-10-06 19:03:14,180][INFO] Step 2: size: 2, coverage: 10.67%, cost: 100.0
[2024-10-06 19:03:14,190][INFO] Step 3: size: 3, coverage: 15.67%, cost: 173.0
[2024-10-06 19:03:14,201][INFO] Step 4: size: 4, coverage: 20.33%, cost: 214.0
[2024-10-06 19:03:14,211][INFO] Step 5: size: 5, coverage: 25.00%, cost: 262.0
[2024-10-06 19:03:14,222][INFO] Step 6: size: 6, coverage: 29.67%, cost: 311.0
[2024-10-06 19:03:14,232][INFO] Step 7: size: 7, coverage: 34.00%, cost: 383.0
[2024-10-06 19:03:14,243][INFO] Step 8: size: 8, coverage: 38.00%, cost: 423.0
[2024-10-06 19:03:14,254][INFO] Step 9: size: 9, coverage: 42.00%, cost: 490.0
[2024-10-06 19:03:14,265][INFO] Step 10: size: 10, coverage: 45.33%, cost: 558.0
[2024-10-06 19:03:14,275][INFO] Step 11: size: 11, coverage: 48.67%, cost: 628.0
[2024-10-06 19:03:14,286][INFO] Step 12: size: 12, coverage: 51.67%, cost: 629.0
[2024-10-06 19:03:14,297][INFO] Step 13: size: 13, coverage: 54.67%, cost: 701.0
[2024-10-06 19:03:14,308][INFO] Step 14: size: 14, coverage: 57.67%, cost: 800.0
[2024-10-06 19:03:14,318][INFO] Step 15: size: 15, coverage: 60.33%, cost: 813.0
[2024-10-06 19:03:14,329][INFO] Step 16: size: 16, coverage: 63.00%, cost: 834.0
[2024-10-06 19:03:14,339][INFO] Step 17: size: 17, coverage: 65.67%, cost: 903.0
[2024-10-06 19:03:14,350][INFO] Step 18: size: 18, coverage: 68.33%, cost: 998.0
[2024-10-06 19:03:14,360][INFO] Step 19: size: 19, coverage: 70.67%, cost: 1019.0
[2024-10-06 19:03:14,371][INFO] Step 20: size: 20, coverage: 73.00%, cost: 1052.0
[2024-10-06 19:03:14,382][INFO] Step 21: size: 21, coverage: 75.00%, cost: 1056.0
[2024-10-06 19:03:14,392][INFO] Step 22: size: 22, coverage: 77.00%, cost: 1072.0
[2024-10-06 19:03:14,403][INFO] Step 23: size: 23, coverage: 79.00%, cost: 1090.0
[2024-10-06 19:03:14,414][INFO] Step 24: size: 24, coverage: 81.00%, cost: 1139.0
[2024-10-06 19:03:14,425][INFO] Step 25: size: 25, coverage: 83.00%, cost: 1189.0
[2024-10-06 19:03:14,435][INFO] Step 26: size: 26, coverage: 84.67%, cost: 1206.0
[2024-10-06 19:03:14,446][INFO] Step 27: size: 27, coverage: 86.33%, cost: 1264.0
[2024-10-06 19:03:14,457][INFO] Step 28: size: 28, coverage: 87.67%, cost: 1266.0
[2024-10-06 19:03:14,468][INFO] Step 29: size: 29, coverage: 89.00%, cost: 1271.0
[2024-10-06 19:03:14,479][INFO] Step 30: size: 30, coverage: 90.33%, cost: 1291.0
[2024-10-06 19:03:14,490][INFO] Step 31: size: 31, coverage: 91.67%, cost: 1340.0
[2024-10-06 19:03:14,501][INFO] Step 32: size: 32, coverage: 93.00%, cost: 1413.0
[2024-10-06 19:03:14,512][INFO] Step 33: size: 33, coverage: 94.00%, cost: 1418.0
[2024-10-06 19:03:14,523][INFO] Step 34: size: 34, coverage: 95.00%, cost: 1425.0
[2024-10-06 19:03:14,535][INFO] Step 35: size: 35, coverage: 96.00%, cost: 1435.0
[2024-10-06 19:03:14,546][INFO] Step 36: size: 36, coverage: 97.00%, cost: 1453.0
[2024-10-06 19:03:14,558][INFO] Step 37: size: 37, coverage: 98.00%, cost: 1478.0
[2024-10-06 19:03:14,569][INFO] Step 38: size: 38, coverage: 99.00%, cost: 1575.0
[2024-10-06 19:03:14,581][INFO] Step 39: size: 39, coverage: 99.33%, cost: 1576.0
[2024-10-06 19:03:14,592][INFO] Step 40: size: 40, coverage: 99.67%, cost: 1578.0
[2024-10-06 19:03:14,604][INFO] Step 41: size: 41, coverage: 100.00%, cost: 1581.0
[2024-10-06 19:03:14,605][INFO] Size: 41 -> 41
[2024-10-06 19:03:14,605][INFO] Cost: 1581.0 -> 1581.0
[2024-10-06 22:17:51,837][INFO] Step 1: size: 1, coverage: 5.67%, cost: 89.0
[2024-10-06 22:17:51,847][INFO] Step 2: size: 2, coverage: 10.67%, cost: 100.0
[2024-10-06 22:17:51,856][INFO] Step 3: size: 3, coverage: 15.67%, cost: 173.0
[2024-10-06 22:17:51,865][INFO] Step 4: size: 4, coverage: 20.33%, cost: 214.0
[2024-10-06 22:17:51,875][INFO] Step 5: size: 5, coverage: 25.00%, cost: 262.0
[2024-10-06 22:17:51,884][INFO] Step 6: size: 6, coverage: 29.67%, cost: 311.0
[2024-10-06 22:17:51,893][INFO] Step 7: size: 7, coverage: 34.00%, cost: 383.0
[2024-10-06 22:17:51,902][INFO] Step 8: size: 8, coverage: 38.00%, cost: 423.0
[2024-10-06 22:17:51,912][INFO] Step 9: size: 9, coverage: 42.00%, cost: 490.0
[2024-10-06 22:17:51,921][INFO] Step 10: size: 10, coverage: 45.33%, cost: 558.0
[2024-10-06 22:17:51,931][INFO] Step 11: size: 11, coverage: 48.67%, cost: 628.0
[2024-10-06 22:17:51,940][INFO] Step 12: size: 12, coverage: 51.67%, cost: 629.0
[2024-10-06 22:17:51,949][INFO] Step 13: size: 13, coverage: 54.67%, cost: 701.0
[2024-10-06 22:17:51,959][INFO] Step 14: size: 14, coverage: 57.67%, cost: 800.0
[2024-10-06 22:17:51,968][INFO] Step 15: size: 15, coverage: 60.33%, cost: 813.0
[2024-10-06 22:17:51,977][INFO] Step 16: size: 16, coverage: 63.00%, cost: 834.0
[2024-10-06 22:17:51,986][INFO] Step 17: size: 17, coverage: 65.67%, cost: 903.0
[2024-10-06 22:17:51,995][INFO] Step 18: size: 18, coverage: 68.33%, cost: 998.0
[2024-10-06 22:17:52,005][INFO] Step 19: size: 19, coverage: 70.67%, cost: 1019.0
[2024-10-06 22:17:52,014][INFO] Step 20: size: 20, coverage: 73.00%, cost: 1052.0
[2024-10-06 22:17:52,023][INFO] Step 21: size: 21, coverage: 75.00%, cost: 1056.0
[2024-10-06 22:17:52,032][INFO] Step 22: size: 22, coverage: 77.00%, cost: 1072.0
[2024-10-06 22:17:52,042][INFO] Step 23: size: 23, coverage: 79.00%, cost: 1090.0
[2024-10-06 22:17:52,051][INFO] Step 24: size: 24, coverage: 81.00%, cost: 1139.0
[2024-10-06 22:17:52,061][INFO] Step 25: size: 25, coverage: 83.00%, cost: 1189.0
[2024-10-06 22:17:52,070][INFO] Step 26: size: 26, coverage: 84.67%, cost: 1206.0
[2024-10-06 22:17:52,079][INFO] Step 27: size: 27, coverage: 86.33%, cost: 1264.0
[2024-10-06 22:17:52,089][INFO] Step 28: size: 28, coverage: 87.67%, cost: 1266.0
[2024-10-06 22:17:52,098][INFO] Step 29: size: 29, coverage: 89.00%, cost: 1271.0
[2024-10-06 22:17:52,108][INFO] Step 30: size: 30, coverage: 90.33%, cost: 1291.0
[2024-10-06 22:17:52,117][INFO] Step 31: size: 31, coverage: 91.67%, cost: 1340.0
[2024-10-06 22:17:52,127][INFO] Step 32: size: 32, coverage: 93.00%, cost: 1413.0
[2024-10-06 22:17:52,137][INFO] Step 33: size: 33, coverage: 94.00%, cost: 1418.0
[2024-10-06 22:17:52,146][INFO] Step 34: size: 34, coverage: 95.00%, cost: 1425.0
[2024-10-06 22:17:52,156][INFO] Step 35: size: 35, coverage: 96.00%, cost: 1435.0
[2024-10-06 22:17:52,166][INFO] Step 36: size: 36, coverage: 97.00%, cost: 1453.0
[2024-10-06 22:17:52,176][INFO] Step 37: size: 37, coverage: 98.00%, cost: 1478.0
[2024-10-06 22:17:52,186][INFO] Step 38: size: 38, coverage: 99.00%, cost: 1575.0
[2024-10-06 22:17:52,196][INFO] Step 39: size: 39, coverage: 99.33%, cost: 1576.0
[2024-10-06 22:17:52,206][INFO] Step 40: size: 40, coverage: 99.67%, cost: 1578.0
[2024-10-06 22:17:52,216][INFO] Step 41: size: 41, coverage: 100.00%, cost: 1581.0
[2024-10-06 22:17:52,217][INFO] Size: 41 -> 41
[2024-10-06 22:17:52,217][INFO] Cost: 1581.0 -> 1581.0
[2024-10-06 22:20:28,690][INFO] Step 1: size: 1, coverage: 5.67%, cost: 89.0
[2024-10-06 22:20:28,700][INFO] Step 2: size: 2, coverage: 10.67%, cost: 100.0
[2024-10-06 22:20:28,711][INFO] Step 3: size: 3, coverage: 15.67%, cost: 173.0
[2024-10-06 22:20:28,721][INFO] Step 4: size: 4, coverage: 20.33%, cost: 214.0
[2024-10-06 22:20:28,732][INFO] Step 5: size: 5, coverage: 25.00%, cost: 262.0
[2024-10-06 22:20:28,742][INFO] Step 6: size: 6, coverage: 29.67%, cost: 311.0
[2024-10-06 22:20:28,752][INFO] Step 7: size: 7, coverage: 34.00%, cost: 383.0
[2024-10-06 22:20:28,763][INFO] Step 8: size: 8, coverage: 38.00%, cost: 423.0
[2024-10-06 22:20:28,773][INFO] Step 9: size: 9, coverage: 42.00%, cost: 490.0
[2024-10-06 22:20:28,784][INFO] Step 10: size: 10, coverage: 45.33%, cost: 558.0
[2024-10-06 22:20:28,795][INFO] Step 11: size: 11, coverage: 48.67%, cost: 628.0
[2024-10-06 22:20:28,805][INFO] Step 12: size: 12, coverage: 51.67%, cost: 629.0
[2024-10-06 22:20:28,816][INFO] Step 13: size: 13, coverage: 54.67%, cost: 701.0
[2024-10-06 22:20:28,827][INFO] Step 14: size: 14, coverage: 57.67%, cost: 800.0
[2024-10-06 22:20:28,837][INFO] Step 15: size: 15, coverage: 60.33%, cost: 813.0
[2024-10-06 22:20:28,848][INFO] Step 16: size: 16, coverage: 63.00%, cost: 834.0
[2024-10-06 22:20:28,858][INFO] Step 17: size: 17, coverage: 65.67%, cost: 903.0
[2024-10-06 22:20:28,869][INFO] Step 18: size: 18, coverage: 68.33%, cost: 998.0
[2024-10-06 22:20:28,879][INFO] Step 19: size: 19, coverage: 70.67%, cost: 1019.0
[2024-10-06 22:20:28,890][INFO] Step 20: size: 20, coverage: 73.00%, cost: 1052.0
[2024-10-06 22:20:28,901][INFO] Step 21: size: 21, coverage: 75.00%, cost: 1056.0
[2024-10-06 22:20:28,911][INFO] Step 22: size: 22, coverage: 77.00%, cost: 1072.0
[2024-10-06 22:20:28,922][INFO] Step 23: size: 23, coverage: 79.00%, cost: 1090.0
[2024-10-06 22:20:28,933][INFO] Step 24: size: 24, coverage: 81.00%, cost: 1139.0
[2024-10-06 22:20:28,943][INFO] Step 25: size: 25, coverage: 83.00%, cost: 1189.0
[2024-10-06 22:20:28,954][INFO] Step 26: size: 26, coverage: 84.67%, cost: 1206.0
[2024-10-06 22:20:28,965][INFO] Step 27: size: 27, coverage: 86.33%, cost: 1264.0
[2024-10-06 22:20:28,976][INFO] Step 28: size: 28, coverage: 87.67%, cost: 1266.0
[2024-10-06 22:20:28,987][INFO] Step 29: size: 29, coverage: 89.00%, cost: 1271.0
[2024-10-06 22:20:28,998][INFO] Step 30: size: 30, coverage: 90.33%, cost: 1291.0
[2024-10-06 22:20:29,009][INFO] Step 31: size: 31, coverage: 91.67%, cost: 1340.0
[2024-10-06 22:20:29,020][INFO] Step 32: size: 32, coverage: 93.00%, cost: 1413.0
[2024-10-06 22:20:29,031][INFO] Step 33: size: 33, coverage: 94.00%, cost: 1418.0
[2024-10-06 22:20:29,042][INFO] Step 34: size: 34, coverage: 95.00%, cost: 1425.0
[2024-10-06 22:20:29,054][INFO] Step 35: size: 35, coverage: 96.00%, cost: 1435.0
[2024-10-06 22:20:29,065][INFO] Step 36: size: 36, coverage: 97.00%, cost: 1453.0
[2024-10-06 22:20:29,076][INFO] Step 37: size: 37, coverage: 98.00%, cost: 1478.0
[2024-10-06 22:20:29,088][INFO] Step 38: size: 38, coverage: 99.00%, cost: 1575.0
[2024-10-06 22:20:29,099][INFO] Step 39: size: 39, coverage: 99.33%, cost: 1576.0
[2024-10-06 22:20:29,111][INFO] Step 40: size: 40, coverage: 99.67%, cost: 1578.0
[2024-10-06 22:20:29,123][INFO] Step 41: size: 41, coverage: 100.00%, cost: 1581.0
[2024-10-06 22:20:29,124][INFO] Size: 41 -> 41
[2024-10-06 22:20:29,124][INFO] Cost: 1581.0 -> 1581.0
[2024-10-06 22:20:53,124][INFO] Step 1: size: 1, coverage: 5.67%, cost: 89.0
[2024-10-06 22:20:53,135][INFO] Step 2: size: 2, coverage: 10.67%, cost: 100.0
[2024-10-06 22:20:53,145][INFO] Step 3: size: 3, coverage: 15.67%, cost: 173.0
[2024-10-06 22:20:53,155][INFO] Step 4: size: 4, coverage: 20.33%, cost: 214.0
[2024-10-06 22:20:53,166][INFO] Step 5: size: 5, coverage: 25.00%, cost: 262.0
[2024-10-06 22:20:53,176][INFO] Step 6: size: 6, coverage: 29.67%, cost: 311.0
[2024-10-06 22:20:53,187][INFO] Step 7: size: 7, coverage: 34.00%, cost: 383.0
[2024-10-06 22:20:53,197][INFO] Step 8: size: 8, coverage: 38.00%, cost: 423.0
[2024-10-06 22:20:53,208][INFO] Step 9: size: 9, coverage: 42.00%, cost: 490.0
[2024-10-06 22:20:53,218][INFO] Step 10: size: 10, coverage: 45.33%, cost: 558.0
[2024-10-06 22:20:53,229][INFO] Step 11: size: 11, coverage: 48.67%, cost: 628.0
[2024-10-06 22:20:53,240][INFO] Step 12: size: 12, coverage: 51.67%, cost: 629.0
[2024-10-06 22:20:53,250][INFO] Step 13: size: 13, coverage: 54.67%, cost: 701.0
[2024-10-06 22:20:53,261][INFO] Step 14: size: 14, coverage: 57.67%, cost: 800.0
[2024-10-06 22:20:53,271][INFO] Step 15: size: 15, coverage: 60.33%, cost: 813.0
[2024-10-06 22:20:53,282][INFO] Step 16: size: 16, coverage: 63.00%, cost: 834.0
[2024-10-06 22:20:53,292][INFO] Step 17: size: 17, coverage: 65.67%, cost: 903.0
[2024-10-06 22:20:53,303][INFO] Step 18: size: 18, coverage: 68.33%, cost: 998.0
[2024-10-06 22:20:53,313][INFO] Step 19: size: 19, coverage: 70.67%, cost: 1019.0
[2024-10-06 22:20:53,324][INFO] Step 20: size: 20, coverage: 73.00%, cost: 1052.0
[2024-10-06 22:20:53,334][INFO] Step 21: size: 21, coverage: 75.00%, cost: 1056.0
[2024-10-06 22:20:53,345][INFO] Step 22: size: 22, coverage: 77.00%, cost: 1072.0
[2024-10-06 22:20:53,356][INFO] Step 23: size: 23, coverage: 79.00%, cost: 1090.0
[2024-10-06 22:20:53,366][INFO] Step 24: size: 24, coverage: 81.00%, cost: 1139.0
[2024-10-06 22:20:53,377][INFO] Step 25: size: 25, coverage: 83.00%, cost: 1189.0
[2024-10-06 22:20:53,388][INFO] Step 26: size: 26, coverage: 84.67%, cost: 1206.0
[2024-10-06 22:20:53,398][INFO] Step 27: size: 27, coverage: 86.33%, cost: 1264.0
[2024-10-06 22:20:53,409][INFO] Step 28: size: 28, coverage: 87.67%, cost: 1266.0
[2024-10-06 22:20:53,420][INFO] Step 29: size: 29, coverage: 89.00%, cost: 1271.0
[2024-10-06 22:20:53,431][INFO] Step 30: size: 30, coverage: 90.33%, cost: 1291.0
[2024-10-06 22:20:53,442][INFO] Step 31: size: 31, coverage: 91.67%, cost: 1340.0
[2024-10-06 22:20:53,453][INFO] Step 32: size: 32, coverage: 93.00%, cost: 1413.0
[2024-10-06 22:20:53,464][INFO] Step 33: size: 33, coverage: 94.00%, cost: 1418.0
[2024-10-06 22:20:53,475][INFO] Step 34: size: 34, coverage: 95.00%, cost: 1425.0
[2024-10-06 22:20:53,487][INFO] Step 35: size: 35, coverage: 96.00%, cost: 1435.0
[2024-10-06 22:20:53,498][INFO] Step 36: size: 36, coverage: 97.00%, cost: 1453.0
[2024-10-06 22:20:53,509][INFO] Step 37: size: 37, coverage: 98.00%, cost: 1478.0
[2024-10-06 22:20:53,521][INFO] Step 38: size: 38, coverage: 99.00%, cost: 1575.0
[2024-10-06 22:20:53,532][INFO] Step 39: size: 39, coverage: 99.33%, cost: 1576.0
[2024-10-06 22:20:53,544][INFO] Step 40: size: 40, coverage: 99.67%, cost: 1578.0
[2024-10-06 22:20:53,556][INFO] Step 41: size: 41, coverage: 100.00%, cost: 1581.0
[2024-10-06 22:20:53,556][INFO] Size: 41 -> 41
[2024-10-06 22:20:53,557][INFO] Cost: 1581.0 -> 1581.0
[2024-10-08 22:45:07,597][INFO] Step 1: size: 1, coverage: 5.67%, cost: 89.0
[2024-10-08 22:45:07,625][INFO] Step 2: size: 2, coverage: 10.67%, cost: 100.0
[2024-10-08 22:45:07,638][INFO] Step 3: size: 3, coverage: 15.67%, cost: 173.0
[2024-10-08 22:45:07,650][INFO] Step 4: size: 4, coverage: 20.33%, cost: 214.0
[2024-10-08 22:45:07,662][INFO] Step 5: size: 5, coverage: 25.00%, cost: 262.0
[2024-10-08 22:45:07,674][INFO] Step 6: size: 6, coverage: 29.67%, cost: 311.0
[2024-10-08 22:45:07,687][INFO] Step 7: size: 7, coverage: 34.00%, cost: 383.0
[2024-10-08 22:45:07,699][INFO] Step 8: size: 8, coverage: 38.00%, cost: 423.0
[2024-10-08 22:45:07,711][INFO] Step 9: size: 9, coverage: 42.00%, cost: 490.0
[2024-10-08 22:45:07,724][INFO] Step 10: size: 10, coverage: 45.33%, cost: 558.0
[2024-10-08 22:45:07,736][INFO] Step 11: size: 11, coverage: 48.67%, cost: 628.0
[2024-10-08 22:45:07,749][INFO] Step 12: size: 12, coverage: 51.67%, cost: 629.0
[2024-10-08 22:45:07,761][INFO] Step 13: size: 13, coverage: 54.67%, cost: 701.0
[2024-10-08 22:45:07,774][INFO] Step 14: size: 14, coverage: 57.67%, cost: 800.0
[2024-10-08 22:45:07,785][INFO] Step 15: size: 15, coverage: 60.33%, cost: 813.0
[2024-10-08 22:45:07,797][INFO] Step 16: size: 16, coverage: 63.00%, cost: 834.0
[2024-10-08 22:45:07,808][INFO] Step 17: size: 17, coverage: 65.67%, cost: 903.0
[2024-10-08 22:45:07,820][INFO] Step 18: size: 18, coverage: 68.33%, cost: 998.0
[2024-10-08 22:45:07,832][INFO] Step 19: size: 19, coverage: 70.67%, cost: 1019.0
[2024-10-08 22:45:07,844][INFO] Step 20: size: 20, coverage: 73.00%, cost: 1052.0
[2024-10-08 22:45:07,855][INFO] Step 21: size: 21, coverage: 75.00%, cost: 1056.0
[2024-10-08 22:45:07,867][INFO] Step 22: size: 22, coverage: 77.00%, cost: 1072.0
[2024-10-08 22:45:07,879][INFO] Step 23: size: 23, coverage: 79.00%, cost: 1090.0
[2024-10-08 22:45:07,890][INFO] Step 24: size: 24, coverage: 81.00%, cost: 1139.0
[2024-10-08 22:45:07,902][INFO] Step 25: size: 25, coverage: 83.00%, cost: 1189.0
[2024-10-08 22:45:07,914][INFO] Step 26: size: 26, coverage: 84.67%, cost: 1206.0
[2024-10-08 22:45:07,926][INFO] Step 27: size: 27, coverage: 86.33%, cost: 1264.0
[2024-10-08 22:45:07,938][INFO] Step 28: size: 28, coverage: 87.67%, cost: 1266.0
[2024-10-08 22:45:07,950][INFO] Step 29: size: 29, coverage: 89.00%, cost: 1271.0
[2024-10-08 22:45:07,962][INFO] Step 30: size: 30, coverage: 90.33%, cost: 1291.0
[2024-10-08 22:45:07,974][INFO] Step 31: size: 31, coverage: 91.67%, cost: 1340.0
[2024-10-08 22:45:07,986][INFO] Step 32: size: 32, coverage: 93.00%, cost: 1413.0
[2024-10-08 22:45:07,999][INFO] Step 33: size: 33, coverage: 94.00%, cost: 1418.0
[2024-10-08 22:45:08,011][INFO] Step 34: size: 34, coverage: 95.00%, cost: 1425.0
[2024-10-08 22:45:08,024][INFO] Step 35: size: 35, coverage: 96.00%, cost: 1435.0
[2024-10-08 22:45:08,036][INFO] Step 36: size: 36, coverage: 97.00%, cost: 1453.0
[2024-10-08 22:45:08,049][INFO] Step 37: size: 37, coverage: 98.00%, cost: 1478.0
[2024-10-08 22:45:08,062][INFO] Step 38: size: 38, coverage: 99.00%, cost: 1575.0
[2024-10-08 22:45:08,075][INFO] Step 39: size: 39, coverage: 99.33%, cost: 1576.0
[2024-10-08 22:45:08,088][INFO] Step 40: size: 40, coverage: 99.67%, cost: 1578.0
[2024-10-08 22:45:08,101][INFO] Step 41: size: 41, coverage: 100.00%, cost: 1581.0
[2024-10-08 22:45:08,102][INFO] Size: 41 -> 41
[2024-10-08 22:45:08,102][INFO] Cost: 1581.0 -> 1581.0
[2024-10-08 22:45:51,932][INFO] Step 1: size: 1, coverage: 5.67%, cost: 89.0
[2024-10-08 22:45:51,950][INFO] Step 2: size: 2, coverage: 10.67%, cost: 100.0
[2024-10-08 22:45:51,967][INFO] Step 3: size: 3, coverage: 15.67%, cost: 173.0
[2024-10-08 22:45:51,983][INFO] Step 4: size: 4, coverage: 20.33%, cost: 214.0
[2024-10-08 22:45:52,000][INFO] Step 5: size: 5, coverage: 25.00%, cost: 262.0
[2024-10-08 22:45:52,017][INFO] Step 6: size: 6, coverage: 29.67%, cost: 311.0
[2024-10-08 22:45:52,034][INFO] Step 7: size: 7, coverage: 34.00%, cost: 383.0
[2024-10-08 22:45:52,051][INFO] Step 8: size: 8, coverage: 38.00%, cost: 423.0
[2024-10-08 22:45:52,068][INFO] Step 9: size: 9, coverage: 42.00%, cost: 490.0
[2024-10-08 22:45:52,085][INFO] Step 10: size: 10, coverage: 45.33%, cost: 558.0
[2024-10-08 22:45:52,102][INFO] Step 11: size: 11, coverage: 48.67%, cost: 628.0
[2024-10-08 22:45:52,118][INFO] Step 12: size: 12, coverage: 51.67%, cost: 629.0
[2024-10-08 22:45:52,135][INFO] Step 13: size: 13, coverage: 54.67%, cost: 701.0
[2024-10-08 22:45:52,153][INFO] Step 14: size: 14, coverage: 57.67%, cost: 800.0
[2024-10-08 22:45:52,170][INFO] Step 15: size: 15, coverage: 60.33%, cost: 813.0
[2024-10-08 22:45:52,187][INFO] Step 16: size: 16, coverage: 63.00%, cost: 834.0
[2024-10-08 22:45:52,204][INFO] Step 17: size: 17, coverage: 65.67%, cost: 903.0
[2024-10-08 22:45:52,222][INFO] Step 18: size: 18, coverage: 68.33%, cost: 998.0
[2024-10-08 22:45:52,233][INFO] Step 19: size: 19, coverage: 70.67%, cost: 1019.0
[2024-10-08 22:45:52,244][INFO] Step 20: size: 20, coverage: 73.00%, cost: 1052.0
[2024-10-08 22:45:52,254][INFO] Step 21: size: 21, coverage: 75.00%, cost: 1056.0
[2024-10-08 22:45:52,264][INFO] Step 22: size: 22, coverage: 77.00%, cost: 1072.0
[2024-10-08 22:45:52,275][INFO] Step 23: size: 23, coverage: 79.00%, cost: 1090.0
[2024-10-08 22:45:52,286][INFO] Step 24: size: 24, coverage: 81.00%, cost: 1139.0
[2024-10-08 22:45:52,296][INFO] Step 25: size: 25, coverage: 83.00%, cost: 1189.0
[2024-10-08 22:45:52,307][INFO] Step 26: size: 26, coverage: 84.67%, cost: 1206.0
[2024-10-08 22:45:52,322][INFO] Step 27: size: 27, coverage: 86.33%, cost: 1264.0
[2024-10-08 22:45:52,339][INFO] Step 28: size: 28, coverage: 87.67%, cost: 1266.0
[2024-10-08 22:45:52,357][INFO] Step 29: size: 29, coverage: 89.00%, cost: 1271.0
[2024-10-08 22:45:52,375][INFO] Step 30: size: 30, coverage: 90.33%, cost: 1291.0
[2024-10-08 22:45:52,394][INFO] Step 31: size: 31, coverage: 91.67%, cost: 1340.0
[2024-10-08 22:45:52,413][INFO] Step 32: size: 32, coverage: 93.00%, cost: 1413.0
[2024-10-08 22:45:52,431][INFO] Step 33: size: 33, coverage: 94.00%, cost: 1418.0
[2024-10-08 22:45:52,449][INFO] Step 34: size: 34, coverage: 95.00%, cost: 1425.0
[2024-10-08 22:45:52,468][INFO] Step 35: size: 35, coverage: 96.00%, cost: 1435.0
[2024-10-08 22:45:52,486][INFO] Step 36: size: 36, coverage: 97.00%, cost: 1453.0
[2024-10-08 22:45:52,504][INFO] Step 37: size: 37, coverage: 98.00%, cost: 1478.0
[2024-10-08 22:45:52,523][INFO] Step 38: size: 38, coverage: 99.00%, cost: 1575.0
[2024-10-08 22:45:52,542][INFO] Step 39: size: 39, coverage: 99.33%, cost: 1576.0
[2024-10-08 22:45:52,561][INFO] Step 40: size: 40, coverage: 99.67%, cost: 1578.0
[2024-10-08 22:45:52,580][INFO] Step 41: size: 41, coverage: 100.00%, cost: 1581.0
[2024-10-08 22:45:52,581][INFO] Size: 41 -> 41
[2024-10-08 22:45:52,581][INFO] Cost: 1581.0 -> 1581.0
[2024-10-08 23:00:36,277][INFO] Step 1: size: 1, coverage: 5.67%, cost: 89.0
[2024-10-08 23:00:36,288][INFO] Step 2: size: 2, coverage: 10.67%, cost: 100.0
[2024-10-08 23:00:36,299][INFO] Step 3: size: 3, coverage: 15.67%, cost: 173.0
[2024-10-08 23:00:36,310][INFO] Step 4: size: 4, coverage: 20.33%, cost: 214.0
[2024-10-08 23:00:36,321][INFO] Step 5: size: 5, coverage: 25.00%, cost: 262.0
[2024-10-08 23:00:36,332][INFO] Step 6: size: 6, coverage: 29.67%, cost: 311.0
[2024-10-08 23:00:36,343][INFO] Step 7: size: 7, coverage: 34.00%, cost: 383.0
[2024-10-08 23:00:36,354][INFO] Step 8: size: 8, coverage: 38.00%, cost: 423.0
[2024-10-08 23:00:36,365][INFO] Step 9: size: 9, coverage: 42.00%, cost: 490.0
[2024-10-08 23:00:36,376][INFO] Step 10: size: 10, coverage: 45.33%, cost: 558.0
[2024-10-08 23:00:36,387][INFO] Step 11: size: 11, coverage: 48.67%, cost: 628.0
[2024-10-08 23:00:36,398][INFO] Step 12: size: 12, coverage: 51.67%, cost: 629.0
[2024-10-08 23:00:36,409][INFO] Step 13: size: 13, coverage: 54.67%, cost: 701.0
[2024-10-08 23:00:36,420][INFO] Step 14: size: 14, coverage: 57.67%, cost: 800.0
[2024-10-08 23:00:36,431][INFO] Step 15: size: 15, coverage: 60.33%, cost: 813.0
[2024-10-08 23:00:36,442][INFO] Step 16: size: 16, coverage: 63.00%, cost: 834.0
[2024-10-08 23:00:36,453][INFO] Step 17: size: 17, coverage: 65.67%, cost: 903.0
[2024-10-08 23:00:36,464][INFO] Step 18: size: 18, coverage: 68.33%, cost: 998.0
[2024-10-08 23:00:36,475][INFO] Step 19: size: 19, coverage: 70.67%, cost: 1019.0
[2024-10-08 23:00:36,486][INFO] Step 20: size: 20, coverage: 73.00%, cost: 1052.0
[2024-10-08 23:00:36,497][INFO] Step 21: size: 21, coverage: 75.00%, cost: 1056.0
[2024-10-08 23:00:36,508][INFO] Step 22: size: 22, coverage: 77.00%, cost: 1072.0
[2024-10-08 23:00:36,519][INFO] Step 23: size: 23, coverage: 79.00%, cost: 1090.0
[2024-10-08 23:00:36,530][INFO] Step 24: size: 24, coverage: 81.00%, cost: 1139.0
[2024-10-08 23:00:36,541][INFO] Step 25: size: 25, coverage: 83.00%, cost: 1189.0
[2024-10-08 23:00:36,552][INFO] Step 26: size: 26, coverage: 84.67%, cost: 1206.0
[2024-10-08 23:00:36,563][INFO] Step 27: size: 27, coverage: 86.33%, cost: 1264.0
[2024-10-08 23:00:36,574][INFO] Step 28: size: 28, coverage: 87.67%, cost: 1266.0
[2024-10-08 23:00:36,585][INFO] Step 29: size: 29, coverage: 89.00%, cost: 1271.0
[2024-10-08 23:00:36,597][INFO] Step 30: size: 30, coverage: 90.33%, cost: 1291.0
[2024-10-08 23:00:36,608][INFO] Step 31: size: 31, coverage: 91.67%, cost: 1340.0
[2024-10-08 23:00:36,620][INFO] Step 32: size: 32, coverage: 93.00%, cost: 1413.0
[2024-10-08 23:00:36,631][INFO] Step 33: size: 33, coverage: 94.00%, cost: 1418.0
[2024-10-08 23:00:36,643][INFO] Step 34: size: 34, coverage: 95.00%, cost: 1425.0
[2024-10-08 23:00:36,654][INFO] Step 35: size: 35, coverage: 96.00%, cost: 1435.0
[2024-10-08 23:00:36,666][INFO] Step 36: size: 36, coverage: 97.00%, cost: 1453.0
[2024-10-08 23:00:36,678][INFO] Step 37: size: 37, coverage: 98.00%, cost: 1478.0
[2024-10-08 23:00:36,690][INFO] Step 38: size: 38, coverage: 99.00%, cost: 1575.0
[2024-10-08 23:00:36,702][INFO] Step 39: size: 39, coverage: 99.33%, cost: 1576.0
[2024-10-08 23:00:36,714][INFO] Step 40: size: 40, coverage: 99.67%, cost: 1578.0
[2024-10-08 23:00:36,726][INFO] Step 41: size: 41, coverage: 100.00%, cost: 1581.0
[2024-10-08 23:00:36,727][INFO] Size: 41 -> 41
[2024-10-08 23:00:36,727][INFO] Cost: 1581.0 -> 1581.0
[2024-10-08 23:02:12,905][INFO] Step 1: size: 1, coverage: 5.67%, cost: 89.0
[2024-10-08 23:02:12,916][INFO] Step 2: size: 2, coverage: 10.67%, cost: 100.0
[2024-10-08 23:02:12,927][INFO] Step 3: size: 3, coverage: 15.67%, cost: 173.0
[2024-10-08 23:02:12,937][INFO] Step 4: size: 4, coverage: 20.33%, cost: 214.0
[2024-10-08 23:02:12,948][INFO] Step 5: size: 5, coverage: 25.00%, cost: 262.0
[2024-10-08 23:02:12,958][INFO] Step 6: size: 6, coverage: 29.67%, cost: 311.0
[2024-10-08 23:02:12,969][INFO] Step 7: size: 7, coverage: 34.00%, cost: 383.0
[2024-10-08 23:02:12,980][INFO] Step 8: size: 8, coverage: 38.00%, cost: 423.0
[2024-10-08 23:02:12,990][INFO] Step 9: size: 9, coverage: 42.00%, cost: 490.0
[2024-10-08 23:02:13,001][INFO] Step 10: size: 10, coverage: 45.33%, cost: 558.0
[2024-10-08 23:02:13,012][INFO] Step 11: size: 11, coverage: 48.67%, cost: 628.0
[2024-10-08 23:02:13,023][INFO] Step 12: size: 12, coverage: 51.67%, cost: 629.0
[2024-10-08 23:02:13,033][INFO] Step 13: size: 13, coverage: 54.67%, cost: 701.0
[2024-10-08 23:02:13,044][INFO] Step 14: size: 14, coverage: 57.67%, cost: 800.0
[2024-10-08 23:02:13,055][INFO] Step 15: size: 15, coverage: 60.33%, cost: 813.0
[2024-10-08 23:02:13,065][INFO] Step 16: size: 16, coverage: 63.00%, cost: 834.0
[2024-10-08 23:02:13,076][INFO] Step 17: size: 17, coverage: 65.67%, cost: 903.0
[2024-10-08 23:02:13,086][INFO] Step 18: size: 18, coverage: 68.33%, cost: 998.0
[2024-10-08 23:02:13,097][INFO] Step 19: size: 19, coverage: 70.67%, cost: 1019.0
[2024-10-08 23:02:13,108][INFO] Step 20: size: 20, coverage: 73.00%, cost: 1052.0
[2024-10-08 23:02:13,118][INFO] Step 21: size: 21, coverage: 75.00%, cost: 1056.0
[2024-10-08 23:02:13,129][INFO] Step 22: size: 22, coverage: 77.00%, cost: 1072.0
[2024-10-08 23:02:13,140][INFO] Step 23: size: 23, coverage: 79.00%, cost: 1090.0
[2024-10-08 23:02:13,151][INFO] Step 24: size: 24, coverage: 81.00%, cost: 1139.0
[2024-10-08 23:02:13,162][INFO] Step 25: size: 25, coverage: 83.00%, cost: 1189.0
[2024-10-08 23:02:13,172][INFO] Step 26: size: 26, coverage: 84.67%, cost: 1206.0
[2024-10-08 23:02:13,183][INFO] Step 27: size: 27, coverage: 86.33%, cost: 1264.0
[2024-10-08 23:02:13,194][INFO] Step 28: size: 28, coverage: 87.67%, cost: 1266.0
[2024-10-08 23:02:13,205][INFO] Step 29: size: 29, coverage: 89.00%, cost: 1271.0
[2024-10-08 23:02:13,216][INFO] Step 30: size: 30, coverage: 90.33%, cost: 1291.0
[2024-10-08 23:02:13,228][INFO] Step 31: size: 31, coverage: 91.67%, cost: 1340.0
[2024-10-08 23:02:13,239][INFO] Step 32: size: 32, coverage: 93.00%, cost: 1413.0
[2024-10-08 23:02:13,250][INFO] Step 33: size: 33, coverage: 94.00%, cost: 1418.0
[2024-10-08 23:02:13,261][INFO] Step 34: size: 34, coverage: 95.00%, cost: 1425.0
[2024-10-08 23:02:13,273][INFO] Step 35: size: 35, coverage: 96.00%, cost: 1435.0
[2024-10-08 23:02:13,284][INFO] Step 36: size: 36, coverage: 97.00%, cost: 1453.0
[2024-10-08 23:02:13,296][INFO] Step 37: size: 37, coverage: 98.00%, cost: 1478.0
[2024-10-08 23:02:13,307][INFO] Step 38: size: 38, coverage: 99.00%, cost: 1575.0
[2024-10-08 23:02:13,319][INFO] Step 39: size: 39, coverage: 99.33%, cost: 1576.0
[2024-10-08 23:02:13,331][INFO] Step 40: size: 40, coverage: 99.67%, cost: 1578.0
[2024-10-08 23:02:13,343][INFO] Step 41: size: 41, coverage: 100.00%, cost: 1581.0
[2024-10-08 23:02:13,344][INFO] Size: 41 -> 41
[2024-10-08 23:02:13,344][INFO] Cost: 1581.0 -> 1581.0
[2024-10-08 23:07:06,708][INFO] Step 1: size: 1, coverage: 5.67%, cost: 89.0
[2024-10-08 23:07:06,719][INFO] Step 2: size: 2, coverage: 10.67%, cost: 100.0
[2024-10-08 23:07:06,729][INFO] Step 3: size: 3, coverage: 15.67%, cost: 173.0
[2024-10-08 23:07:06,740][INFO] Step 4: size: 4, coverage: 20.33%, cost: 214.0
[2024-10-08 23:07:06,751][INFO] Step 5: size: 5, coverage: 25.00%, cost: 262.0
[2024-10-08 23:07:06,761][INFO] Step 6: size: 6, coverage: 29.67%, cost: 311.0
[2024-10-08 23:07:06,772][INFO] Step 7: size: 7, coverage: 34.00%, cost: 383.0
[2024-10-08 23:07:06,782][INFO] Step 8: size: 8, coverage: 38.00%, cost: 423.0
[2024-10-08 23:07:06,793][INFO] Step 9: size: 9, coverage: 42.00%, cost: 490.0
[2024-10-08 23:07:06,804][INFO] Step 10: size: 10, coverage: 45.33%, cost: 558.0
[2024-10-08 23:07:06,814][INFO] Step 11: size: 11, coverage: 48.67%, cost: 628.0
[2024-10-08 23:07:06,825][INFO] Step 12: size: 12, coverage: 51.67%, cost: 629.0
[2024-10-08 23:07:06,836][INFO] Step 13: size: 13, coverage: 54.67%, cost: 701.0
[2024-10-08 23:07:06,846][INFO] Step 14: size: 14, coverage: 57.67%, cost: 800.0
[2024-10-08 23:07:06,857][INFO] Step 15: size: 15, coverage: 60.33%, cost: 813.0
[2024-10-08 23:07:06,867][INFO] Step 16: size: 16, coverage: 63.00%, cost: 834.0
[2024-10-08 23:07:06,878][INFO] Step 17: size: 17, coverage: 65.67%, cost: 903.0
[2024-10-08 23:07:06,889][INFO] Step 18: size: 18, coverage: 68.33%, cost: 998.0
[2024-10-08 23:07:06,899][INFO] Step 19: size: 19, coverage: 70.67%, cost: 1019.0
[2024-10-08 23:07:06,910][INFO] Step 20: size: 20, coverage: 73.00%, cost: 1052.0
[2024-10-08 23:07:06,920][INFO] Step 21: size: 21, coverage: 75.00%, cost: 1056.0
[2024-10-08 23:07:06,931][INFO] Step 22: size: 22, coverage: 77.00%, cost: 1072.0
[2024-10-08 23:07:06,942][INFO] Step 23: size: 23, coverage: 79.00%, cost: 1090.0
[2024-10-08 23:07:06,953][INFO] Step 24: size: 24, coverage: 81.00%, cost: 1139.0
[2024-10-08 23:07:06,963][INFO] Step 25: size: 25, coverage: 83.00%, cost: 1189.0
[2024-10-08 23:07:06,974][INFO] Step 26: size: 26, coverage: 84.67%, cost: 1206.0
[2024-10-08 23:07:06,985][INFO] Step 27: size: 27, coverage: 86.33%, cost: 1264.0
[2024-10-08 23:07:06,996][INFO] Step 28: size: 28, coverage: 87.67%, cost: 1266.0
[2024-10-08 23:07:07,007][INFO] Step 29: size: 29, coverage: 89.00%, cost: 1271.0
[2024-10-08 23:07:07,018][INFO] Step 30: size: 30, coverage: 90.33%, cost: 1291.0
[2024-10-08 23:07:07,029][INFO] Step 31: size: 31, coverage: 91.67%, cost: 1340.0
[2024-10-08 23:07:07,040][INFO] Step 32: size: 32, coverage: 93.00%, cost: 1413.0
[2024-10-08 23:07:07,052][INFO] Step 33: size: 33, coverage: 94.00%, cost: 1418.0
[2024-10-08 23:07:07,063][INFO] Step 34: size: 34, coverage: 95.00%, cost: 1425.0
[2024-10-08 23:07:07,074][INFO] Step 35: size: 35, coverage: 96.00%, cost: 1435.0
[2024-10-08 23:07:07,086][INFO] Step 36: size: 36, coverage: 97.00%, cost: 1453.0
[2024-10-08 23:07:07,097][INFO] Step 37: size: 37, coverage: 98.00%, cost: 1478.0
[2024-10-08 23:07:07,109][INFO] Step 38: size: 38, coverage: 99.00%, cost: 1575.0
[2024-10-08 23:07:07,120][INFO] Step 39: size: 39, coverage: 99.33%, cost: 1576.0
[2024-10-08 23:07:07,132][INFO] Step 40: size: 40, coverage: 99.67%, cost: 1578.0
[2024-10-08 23:07:07,144][INFO] Step 41: size: 41, coverage: 100.00%, cost: 1581.0
[2024-10-08 23:07:07,145][INFO] Size: 41 -> 41
[2024-10-08 23:07:07,145][INFO] Cost: 1581.0 -> 1581.0
