[2024-10-15 01:35:41,910][INFO] Step 1: size: 1, coverage: 6.67%, cost: 1.0
[2024-10-15 01:35:41,920][INFO] Step 2: size: 2, coverage: 12.33%, cost: 2.0
[2024-10-15 01:35:41,931][INFO] Step 3: size: 3, coverage: 18.00%, cost: 3.0
[2024-10-15 01:35:41,941][INFO] Step 4: size: 4, coverage: 23.33%, cost: 4.0
[2024-10-15 01:35:41,951][INFO] Step 5: size: 5, coverage: 28.00%, cost: 5.0
[2024-10-15 01:35:41,962][INFO] Step 6: size: 6, coverage: 32.33%, cost: 6.0
[2024-10-15 01:35:41,972][INFO] Step 7: size: 7, coverage: 36.33%, cost: 7.0
[2024-10-15 01:35:41,982][INFO] Step 8: size: 8, coverage: 40.33%, cost: 8.0
[2024-10-15 01:35:41,993][INFO] Step 9: size: 9, coverage: 44.00%, cost: 9.0
[2024-10-15 01:35:42,003][INFO] Step 10: size: 10, coverage: 47.33%, cost: 10.0
[2024-10-15 01:35:42,014][INFO] Step 11: size: 11, coverage: 50.33%, cost: 11.0
[2024-10-15 01:35:42,024][INFO] Step 12: size: 12, coverage: 53.33%, cost: 12.0
[2024-10-15 01:35:42,034][INFO] Step 13: size: 13, coverage: 56.33%, cost: 13.0
[2024-10-15 01:35:42,045][INFO] Step 14: size: 14, coverage: 59.00%, cost: 14.0
[2024-10-15 01:35:42,055][INFO] Step 15: size: 15, coverage: 61.33%, cost: 15.0
[2024-10-15 01:35:42,065][INFO] Step 16: size: 16, coverage: 63.67%, cost: 16.0
[2024-10-15 01:35:42,075][INFO] Step 17: size: 17, coverage: 65.67%, cost: 17.0
[2024-10-15 01:35:42,085][INFO] Step 18: size: 18, coverage: 67.33%, cost: 18.0
[2024-10-15 01:35:42,095][INFO] Step 19: size: 19, coverage: 69.00%, cost: 19.0
[2024-10-15 01:35:42,105][INFO] Step 20: size: 20, coverage: 70.67%, cost: 20.0
[2024-10-15 01:35:42,115][INFO] Step 21: size: 21, coverage: 73.67%, cost: 22.0
[2024-10-15 01:35:42,126][INFO] Step 22: size: 22, coverage: 75.00%, cost: 23.0
[2024-10-15 01:35:42,136][INFO] Step 23: size: 23, coverage: 78.33%, cost: 26.0
[2024-10-15 01:35:42,146][INFO] Step 24: size: 24, coverage: 81.67%, cost: 29.0
[2024-10-15 01:35:42,156][INFO] Step 25: size: 25, coverage: 82.67%, cost: 30.0
[2024-10-15 01:35:42,166][INFO] Step 26: size: 26, coverage: 83.67%, cost: 31.0
[2024-10-15 01:35:42,177][INFO] Step 27: size: 27, coverage: 84.67%, cost: 32.0
[2024-10-15 01:35:42,187][INFO] Step 28: size: 28, coverage: 87.00%, cost: 35.0
[2024-10-15 01:35:42,197][INFO] Step 29: size: 29, coverage: 87.67%, cost: 36.0
[2024-10-15 01:35:42,208][INFO] Step 30: size: 30, coverage: 88.67%, cost: 38.0
[2024-10-15 01:35:42,218][INFO] Step 31: size: 31, coverage: 89.67%, cost: 40.0
[2024-10-15 01:35:42,228][INFO] Step 32: size: 32, coverage: 90.67%, cost: 42.0
[2024-10-15 01:35:42,239][INFO] Step 33: size: 33, coverage: 91.67%, cost: 44.0
[2024-10-15 01:35:42,249][INFO] Step 34: size: 34, coverage: 92.00%, cost: 45.0
[2024-10-15 01:35:42,260][INFO] Step 35: size: 35, coverage: 92.33%, cost: 46.0
[2024-10-15 01:35:42,270][INFO] Step 36: size: 36, coverage: 92.67%, cost: 47.0
[2024-10-15 01:35:42,281][INFO] Step 37: size: 37, coverage: 93.00%, cost: 48.0
[2024-10-15 01:35:42,292][INFO] Step 38: size: 38, coverage: 93.67%, cost: 50.0
[2024-10-15 01:35:42,302][INFO] Step 39: size: 39, coverage: 94.67%, cost: 53.0
[2024-10-15 01:35:42,313][INFO] Step 40: size: 40, coverage: 95.33%, cost: 56.0
[2024-10-15 01:35:42,324][INFO] Step 41: size: 41, coverage: 96.00%, cost: 59.0
[2024-10-15 01:35:42,335][INFO] Step 42: size: 42, coverage: 97.00%, cost: 64.0
[2024-10-15 01:35:42,346][INFO] Step 43: size: 43, coverage: 97.33%, cost: 66.0
[2024-10-15 01:35:42,357][INFO] Step 44: size: 44, coverage: 97.67%, cost: 68.0
[2024-10-15 01:35:42,368][INFO] Step 45: size: 45, coverage: 98.00%, cost: 70.0
[2024-10-15 01:35:42,379][INFO] Step 46: size: 46, coverage: 98.67%, cost: 74.0
[2024-10-15 01:35:42,391][INFO] Step 47: size: 47, coverage: 99.00%, cost: 77.0
[2024-10-15 01:35:42,402][INFO] Step 48: size: 48, coverage: 99.33%, cost: 80.0
[2024-10-15 01:35:42,413][INFO] Step 49: size: 49, coverage: 99.67%, cost: 84.0
[2024-10-15 01:35:42,425][INFO] Step 50: size: 50, coverage: 100.00%, cost: 89.0
[2024-10-15 01:35:44,415][INFO] Explored 68757 neighbors, found 3215 feasible (4.68%)
[2024-10-15 01:35:44,445][INFO] Redundancy elimination: [np.int64(22), np.int64(18), np.int64(6), np.int64(26), np.int64(12), np.int64(19)] -> cost: 6.0
[2024-10-15 01:35:44,445][INFO] Redundancy elimination: [np.int64(26), np.int64(22), np.int64(18), np.int64(6), np.int64(19), np.int64(12)] -> cost: 6.0
[2024-10-15 01:35:44,445][INFO] Redundancy elimination: [np.int64(18), np.int64(26), np.int64(22), np.int64(6), np.int64(12), np.int64(19)] -> cost: 6.0
[2024-10-15 01:35:44,445][INFO] Redundancy elimination: [np.int64(12), np.int64(18), np.int64(26), np.int64(22), np.int64(19), np.int64(6)] -> cost: 6.0
[2024-10-15 01:35:44,445][INFO] Redundancy elimination: [np.int64(6), np.int64(12), np.int64(18), np.int64(26), np.int64(19), np.int64(22)] -> cost: 6.0
[2024-10-15 01:35:44,445][INFO] Size: 50 -> 44
[2024-10-15 01:35:44,445][INFO] Cost: 89.0 -> 83.0
[2024-10-15 01:35:44,445][INFO] Step 0: cost -> 89.0
[2024-10-15 01:35:46,217][INFO] Explored 67205 neighbors, found 1144 feasible (1.70%)
[2024-10-15 01:35:46,218][INFO] Step 1: cost -> 83.0
[2024-10-15 01:35:47,989][INFO] Explored 67205 neighbors, found 1144 feasible (1.70%)
[2024-10-15 01:35:47,990][INFO] Step 2: cost -> 83.0
[2024-10-15 01:42:44,334][INFO] Step 1: size: 1, coverage: 6.67%, cost: 1.0
[2024-10-15 01:42:44,345][INFO] Step 2: size: 2, coverage: 12.33%, cost: 2.0
[2024-10-15 01:42:44,355][INFO] Step 3: size: 3, coverage: 18.00%, cost: 3.0
[2024-10-15 01:42:44,365][INFO] Step 4: size: 4, coverage: 23.33%, cost: 4.0
[2024-10-15 01:42:44,376][INFO] Step 5: size: 5, coverage: 28.00%, cost: 5.0
[2024-10-15 01:42:44,386][INFO] Step 6: size: 6, coverage: 32.33%, cost: 6.0
[2024-10-15 01:42:44,396][INFO] Step 7: size: 7, coverage: 36.33%, cost: 7.0
[2024-10-15 01:42:44,406][INFO] Step 8: size: 8, coverage: 40.33%, cost: 8.0
[2024-10-15 01:42:44,417][INFO] Step 9: size: 9, coverage: 44.00%, cost: 9.0
[2024-10-15 01:42:44,427][INFO] Step 10: size: 10, coverage: 47.33%, cost: 10.0
[2024-10-15 01:42:44,437][INFO] Step 11: size: 11, coverage: 50.33%, cost: 11.0
[2024-10-15 01:42:44,447][INFO] Step 12: size: 12, coverage: 53.33%, cost: 12.0
[2024-10-15 01:42:44,458][INFO] Step 13: size: 13, coverage: 56.33%, cost: 13.0
[2024-10-15 01:42:44,468][INFO] Step 14: size: 14, coverage: 59.00%, cost: 14.0
[2024-10-15 01:42:44,478][INFO] Step 15: size: 15, coverage: 61.33%, cost: 15.0
[2024-10-15 01:42:44,488][INFO] Step 16: size: 16, coverage: 63.67%, cost: 16.0
[2024-10-15 01:42:44,498][INFO] Step 17: size: 17, coverage: 65.67%, cost: 17.0
[2024-10-15 01:42:44,508][INFO] Step 18: size: 18, coverage: 67.33%, cost: 18.0
[2024-10-15 01:42:44,518][INFO] Step 19: size: 19, coverage: 69.00%, cost: 19.0
[2024-10-15 01:42:44,528][INFO] Step 20: size: 20, coverage: 70.67%, cost: 20.0
[2024-10-15 01:42:44,539][INFO] Step 21: size: 21, coverage: 73.67%, cost: 22.0
[2024-10-15 01:42:44,549][INFO] Step 22: size: 22, coverage: 75.00%, cost: 23.0
[2024-10-15 01:42:44,559][INFO] Step 23: size: 23, coverage: 78.33%, cost: 26.0
[2024-10-15 01:42:44,569][INFO] Step 24: size: 24, coverage: 81.67%, cost: 29.0
[2024-10-15 01:42:44,579][INFO] Step 25: size: 25, coverage: 82.67%, cost: 30.0
[2024-10-15 01:42:44,589][INFO] Step 26: size: 26, coverage: 83.67%, cost: 31.0
[2024-10-15 01:42:44,600][INFO] Step 27: size: 27, coverage: 84.67%, cost: 32.0
[2024-10-15 01:42:44,610][INFO] Step 28: size: 28, coverage: 87.00%, cost: 35.0
[2024-10-15 01:42:44,620][INFO] Step 29: size: 29, coverage: 87.67%, cost: 36.0
[2024-10-15 01:42:44,630][INFO] Step 30: size: 30, coverage: 88.67%, cost: 38.0
[2024-10-15 01:42:44,641][INFO] Step 31: size: 31, coverage: 89.67%, cost: 40.0
[2024-10-15 01:42:44,651][INFO] Step 32: size: 32, coverage: 90.67%, cost: 42.0
[2024-10-15 01:42:44,661][INFO] Step 33: size: 33, coverage: 91.67%, cost: 44.0
[2024-10-15 01:42:44,672][INFO] Step 34: size: 34, coverage: 92.00%, cost: 45.0
[2024-10-15 01:42:44,682][INFO] Step 35: size: 35, coverage: 92.33%, cost: 46.0
[2024-10-15 01:42:44,693][INFO] Step 36: size: 36, coverage: 92.67%, cost: 47.0
[2024-10-15 01:42:44,703][INFO] Step 37: size: 37, coverage: 93.00%, cost: 48.0
[2024-10-15 01:42:44,714][INFO] Step 38: size: 38, coverage: 93.67%, cost: 50.0
[2024-10-15 01:42:44,725][INFO] Step 39: size: 39, coverage: 94.67%, cost: 53.0
[2024-10-15 01:42:44,736][INFO] Step 40: size: 40, coverage: 95.33%, cost: 56.0
[2024-10-15 01:42:44,746][INFO] Step 41: size: 41, coverage: 96.00%, cost: 59.0
[2024-10-15 01:42:44,757][INFO] Step 42: size: 42, coverage: 97.00%, cost: 64.0
[2024-10-15 01:42:44,768][INFO] Step 43: size: 43, coverage: 97.33%, cost: 66.0
[2024-10-15 01:42:44,779][INFO] Step 44: size: 44, coverage: 97.67%, cost: 68.0
[2024-10-15 01:42:44,790][INFO] Step 45: size: 45, coverage: 98.00%, cost: 70.0
[2024-10-15 01:42:44,801][INFO] Step 46: size: 46, coverage: 98.67%, cost: 74.0
[2024-10-15 01:42:44,812][INFO] Step 47: size: 47, coverage: 99.00%, cost: 77.0
[2024-10-15 01:42:44,824][INFO] Step 48: size: 48, coverage: 99.33%, cost: 80.0
[2024-10-15 01:42:44,835][INFO] Step 49: size: 49, coverage: 99.67%, cost: 84.0
[2024-10-15 01:42:44,846][INFO] Step 50: size: 50, coverage: 100.00%, cost: 89.0
[2024-10-15 01:42:46,847][INFO] Explored 68757 neighbors, found 3215 feasible (4.68%)
[2024-10-15 01:42:46,876][INFO] Redundancy elimination: [np.int64(22), np.int64(18), np.int64(6), np.int64(26), np.int64(12), np.int64(19)] -> cost: 6.0
[2024-10-15 01:42:46,876][INFO] Redundancy elimination: [np.int64(26), np.int64(22), np.int64(18), np.int64(6), np.int64(19), np.int64(12)] -> cost: 6.0
[2024-10-15 01:42:46,876][INFO] Redundancy elimination: [np.int64(18), np.int64(26), np.int64(22), np.int64(6), np.int64(12), np.int64(19)] -> cost: 6.0
[2024-10-15 01:42:46,876][INFO] Redundancy elimination: [np.int64(12), np.int64(18), np.int64(26), np.int64(22), np.int64(19), np.int64(6)] -> cost: 6.0
[2024-10-15 01:42:46,876][INFO] Redundancy elimination: [np.int64(6), np.int64(12), np.int64(18), np.int64(26), np.int64(19), np.int64(22)] -> cost: 6.0
[2024-10-15 01:42:46,876][INFO] Size: 50 -> 44
[2024-10-15 01:42:46,876][INFO] Cost: 89.0 -> 83.0
[2024-10-15 01:42:46,877][INFO] Step 0: cost -> 89.0
[2024-10-15 01:42:48,654][INFO] Explored 67205 neighbors, found 1144 feasible (1.70%)
[2024-10-15 01:42:48,655][INFO] Step 1: cost -> 83.0
[2024-10-15 01:42:50,437][INFO] Explored 67205 neighbors, found 1144 feasible (1.70%)
[2024-10-15 01:42:50,438][INFO] Step 2: cost -> 83.0
