[2024-10-15 01:35:48,010][INFO] Step 1: size: 1, coverage: 7.67%, cost: 1.0
[2024-10-15 01:35:48,021][INFO] Step 2: size: 2, coverage: 14.33%, cost: 2.0
[2024-10-15 01:35:48,031][INFO] Step 3: size: 3, coverage: 20.67%, cost: 3.0
[2024-10-15 01:35:48,042][INFO] Step 4: size: 4, coverage: 26.00%, cost: 4.0
[2024-10-15 01:35:48,052][INFO] Step 5: size: 5, coverage: 31.00%, cost: 5.0
[2024-10-15 01:35:48,062][INFO] Step 6: size: 6, coverage: 35.67%, cost: 6.0
[2024-10-15 01:35:48,073][INFO] Step 7: size: 7, coverage: 40.00%, cost: 7.0
[2024-10-15 01:35:48,083][INFO] Step 8: size: 8, coverage: 43.67%, cost: 8.0
[2024-10-15 01:35:48,093][INFO] Step 9: size: 9, coverage: 47.00%, cost: 9.0
[2024-10-15 01:35:48,103][INFO] Step 10: size: 10, coverage: 50.33%, cost: 10.0
[2024-10-15 01:35:48,114][INFO] Step 11: size: 11, coverage: 53.00%, cost: 11.0
[2024-10-15 01:35:48,124][INFO] Step 12: size: 12, coverage: 55.67%, cost: 12.0
[2024-10-15 01:35:48,134][INFO] Step 13: size: 13, coverage: 58.00%, cost: 13.0
[2024-10-15 01:35:48,144][INFO] Step 14: size: 14, coverage: 60.00%, cost: 14.0
[2024-10-15 01:35:48,154][INFO] Step 15: size: 15, coverage: 63.67%, cost: 16.0
[2024-10-15 01:35:48,164][INFO] Step 16: size: 16, coverage: 65.33%, cost: 17.0
[2024-10-15 01:35:48,174][INFO] Step 17: size: 17, coverage: 67.00%, cost: 18.0
[2024-10-15 01:35:48,184][INFO] Step 18: size: 18, coverage: 68.67%, cost: 19.0
[2024-10-15 01:35:48,194][INFO] Step 19: size: 19, coverage: 70.33%, cost: 20.0
[2024-10-15 01:35:48,204][INFO] Step 20: size: 20, coverage: 73.33%, cost: 22.0
[2024-10-15 01:35:48,215][INFO] Step 21: size: 21, coverage: 74.67%, cost: 23.0
[2024-10-15 01:35:48,225][INFO] Step 22: size: 22, coverage: 77.33%, cost: 25.0
[2024-10-15 01:35:48,235][INFO] Step 23: size: 23, coverage: 79.67%, cost: 27.0
[2024-10-15 01:35:48,245][INFO] Step 24: size: 24, coverage: 80.67%, cost: 28.0
[2024-10-15 01:35:48,255][INFO] Step 25: size: 25, coverage: 81.67%, cost: 29.0
[2024-10-15 01:35:48,266][INFO] Step 26: size: 26, coverage: 83.67%, cost: 31.0
[2024-10-15 01:35:48,276][INFO] Step 27: size: 27, coverage: 85.33%, cost: 33.0
[2024-10-15 01:35:48,286][INFO] Step 28: size: 28, coverage: 87.00%, cost: 35.0
[2024-10-15 01:35:48,297][INFO] Step 29: size: 29, coverage: 87.67%, cost: 36.0
[2024-10-15 01:35:48,307][INFO] Step 30: size: 30, coverage: 88.33%, cost: 37.0
[2024-10-15 01:35:48,317][INFO] Step 31: size: 31, coverage: 89.67%, cost: 39.0
[2024-10-15 01:35:48,328][INFO] Step 32: size: 32, coverage: 90.67%, cost: 41.0
[2024-10-15 01:35:48,338][INFO] Step 33: size: 33, coverage: 92.00%, cost: 44.0
[2024-10-15 01:35:48,349][INFO] Step 34: size: 34, coverage: 92.33%, cost: 45.0
[2024-10-15 01:35:48,359][INFO] Step 35: size: 35, coverage: 92.67%, cost: 46.0
[2024-10-15 01:35:48,370][INFO] Step 36: size: 36, coverage: 93.33%, cost: 48.0
[2024-10-15 01:35:48,381][INFO] Step 37: size: 37, coverage: 94.00%, cost: 50.0
[2024-10-15 01:35:48,391][INFO] Step 38: size: 38, coverage: 95.00%, cost: 53.0
[2024-10-15 01:35:48,402][INFO] Step 39: size: 39, coverage: 96.00%, cost: 56.0
[2024-10-15 01:35:48,413][INFO] Step 40: size: 40, coverage: 97.00%, cost: 60.0
[2024-10-15 01:35:48,424][INFO] Step 41: size: 41, coverage: 98.00%, cost: 64.0
[2024-10-15 01:35:48,435][INFO] Step 42: size: 42, coverage: 98.67%, cost: 67.0
[2024-10-15 01:35:48,446][INFO] Step 43: size: 43, coverage: 99.33%, cost: 72.0
[2024-10-15 01:35:48,457][INFO] Step 44: size: 44, coverage: 99.67%, cost: 75.0
[2024-10-15 01:35:48,468][INFO] Step 45: size: 45, coverage: 100.00%, cost: 78.0
[2024-10-15 01:35:50,016][INFO] Explored 55809 neighbors, found 4845 feasible (8.68%)
[2024-10-15 01:35:50,026][INFO] Redundancy elimination: [np.int64(11), np.int64(5), np.int64(22)] -> cost: 3.0
[2024-10-15 01:35:50,026][INFO] Redundancy elimination: [np.int64(22), np.int64(1), np.int64(11)] -> cost: 3.0
[2024-10-15 01:35:50,026][INFO] Redundancy elimination: [np.int64(5)] -> cost: 1.0
[2024-10-15 01:35:50,026][INFO] Redundancy elimination: [np.int64(1), np.int64(22), np.int64(11)] -> cost: 3.0
[2024-10-15 01:35:50,026][INFO] Size: 45 -> 42
[2024-10-15 01:35:50,026][INFO] Cost: 78.0 -> 75.0
[2024-10-15 01:35:50,026][INFO] Step 0: cost -> 78.0
[2024-10-15 01:35:51,470][INFO] Explored 54627 neighbors, found 798 feasible (1.46%)
[2024-10-15 01:35:51,471][INFO] Step 1: cost -> 75.0
[2024-10-15 01:35:52,914][INFO] Explored 54627 neighbors, found 798 feasible (1.46%)
[2024-10-15 01:35:52,915][INFO] Step 2: cost -> 75.0
[2024-10-15 01:42:50,458][INFO] Step 1: size: 1, coverage: 7.67%, cost: 1.0
[2024-10-15 01:42:50,469][INFO] Step 2: size: 2, coverage: 14.33%, cost: 2.0
[2024-10-15 01:42:50,479][INFO] Step 3: size: 3, coverage: 20.67%, cost: 3.0
[2024-10-15 01:42:50,490][INFO] Step 4: size: 4, coverage: 26.00%, cost: 4.0
[2024-10-15 01:42:50,500][INFO] Step 5: size: 5, coverage: 31.00%, cost: 5.0
[2024-10-15 01:42:50,510][INFO] Step 6: size: 6, coverage: 35.67%, cost: 6.0
[2024-10-15 01:42:50,520][INFO] Step 7: size: 7, coverage: 40.00%, cost: 7.0
[2024-10-15 01:42:50,531][INFO] Step 8: size: 8, coverage: 43.67%, cost: 8.0
[2024-10-15 01:42:50,541][INFO] Step 9: size: 9, coverage: 47.00%, cost: 9.0
[2024-10-15 01:42:50,551][INFO] Step 10: size: 10, coverage: 50.33%, cost: 10.0
[2024-10-15 01:42:50,562][INFO] Step 11: size: 11, coverage: 53.00%, cost: 11.0
[2024-10-15 01:42:50,572][INFO] Step 12: size: 12, coverage: 55.67%, cost: 12.0
[2024-10-15 01:42:50,582][INFO] Step 13: size: 13, coverage: 58.00%, cost: 13.0
[2024-10-15 01:42:50,592][INFO] Step 14: size: 14, coverage: 60.00%, cost: 14.0
[2024-10-15 01:42:50,602][INFO] Step 15: size: 15, coverage: 63.67%, cost: 16.0
[2024-10-15 01:42:50,612][INFO] Step 16: size: 16, coverage: 65.33%, cost: 17.0
[2024-10-15 01:42:50,622][INFO] Step 17: size: 17, coverage: 67.00%, cost: 18.0
[2024-10-15 01:42:50,632][INFO] Step 18: size: 18, coverage: 68.67%, cost: 19.0
[2024-10-15 01:42:50,642][INFO] Step 19: size: 19, coverage: 70.33%, cost: 20.0
[2024-10-15 01:42:50,652][INFO] Step 20: size: 20, coverage: 73.33%, cost: 22.0
[2024-10-15 01:42:50,662][INFO] Step 21: size: 21, coverage: 74.67%, cost: 23.0
[2024-10-15 01:42:50,673][INFO] Step 22: size: 22, coverage: 77.33%, cost: 25.0
[2024-10-15 01:42:50,683][INFO] Step 23: size: 23, coverage: 79.67%, cost: 27.0
[2024-10-15 01:42:50,693][INFO] Step 24: size: 24, coverage: 80.67%, cost: 28.0
[2024-10-15 01:42:50,703][INFO] Step 25: size: 25, coverage: 81.67%, cost: 29.0
[2024-10-15 01:42:50,713][INFO] Step 26: size: 26, coverage: 83.67%, cost: 31.0
[2024-10-15 01:42:50,723][INFO] Step 27: size: 27, coverage: 85.33%, cost: 33.0
[2024-10-15 01:42:50,734][INFO] Step 28: size: 28, coverage: 87.00%, cost: 35.0
[2024-10-15 01:42:50,744][INFO] Step 29: size: 29, coverage: 87.67%, cost: 36.0
[2024-10-15 01:42:50,754][INFO] Step 30: size: 30, coverage: 88.33%, cost: 37.0
[2024-10-15 01:42:50,765][INFO] Step 31: size: 31, coverage: 89.67%, cost: 39.0
[2024-10-15 01:42:50,775][INFO] Step 32: size: 32, coverage: 90.67%, cost: 41.0
[2024-10-15 01:42:50,785][INFO] Step 33: size: 33, coverage: 92.00%, cost: 44.0
[2024-10-15 01:42:50,796][INFO] Step 34: size: 34, coverage: 92.33%, cost: 45.0
[2024-10-15 01:42:50,806][INFO] Step 35: size: 35, coverage: 92.67%, cost: 46.0
[2024-10-15 01:42:50,817][INFO] Step 36: size: 36, coverage: 93.33%, cost: 48.0
[2024-10-15 01:42:50,828][INFO] Step 37: size: 37, coverage: 94.00%, cost: 50.0
[2024-10-15 01:42:50,838][INFO] Step 38: size: 38, coverage: 95.00%, cost: 53.0
[2024-10-15 01:42:50,849][INFO] Step 39: size: 39, coverage: 96.00%, cost: 56.0
[2024-10-15 01:42:50,860][INFO] Step 40: size: 40, coverage: 97.00%, cost: 60.0
[2024-10-15 01:42:50,871][INFO] Step 41: size: 41, coverage: 98.00%, cost: 64.0
[2024-10-15 01:42:50,882][INFO] Step 42: size: 42, coverage: 98.67%, cost: 67.0
[2024-10-15 01:42:50,893][INFO] Step 43: size: 43, coverage: 99.33%, cost: 72.0
[2024-10-15 01:42:50,904][INFO] Step 44: size: 44, coverage: 99.67%, cost: 75.0
[2024-10-15 01:42:50,915][INFO] Step 45: size: 45, coverage: 100.00%, cost: 78.0
[2024-10-15 01:42:52,465][INFO] Explored 55809 neighbors, found 4845 feasible (8.68%)
[2024-10-15 01:42:52,474][INFO] Redundancy elimination: [np.int64(11), np.int64(5), np.int64(22)] -> cost: 3.0
[2024-10-15 01:42:52,474][INFO] Redundancy elimination: [np.int64(22), np.int64(1), np.int64(11)] -> cost: 3.0
[2024-10-15 01:42:52,474][INFO] Redundancy elimination: [np.int64(5)] -> cost: 1.0
[2024-10-15 01:42:52,474][INFO] Redundancy elimination: [np.int64(1), np.int64(22), np.int64(11)] -> cost: 3.0
[2024-10-15 01:42:52,474][INFO] Size: 45 -> 42
[2024-10-15 01:42:52,474][INFO] Cost: 78.0 -> 75.0
[2024-10-15 01:42:52,475][INFO] Step 0: cost -> 78.0
[2024-10-15 01:42:53,922][INFO] Explored 54627 neighbors, found 798 feasible (1.46%)
[2024-10-15 01:42:53,923][INFO] Step 1: cost -> 75.0
[2024-10-15 01:42:55,375][INFO] Explored 54627 neighbors, found 798 feasible (1.46%)
[2024-10-15 01:42:55,376][INFO] Step 2: cost -> 75.0
