[2024-10-15 01:35:52,939][INFO] Step 1: size: 1, coverage: 3.50%, cost: 1.0
[2024-10-15 01:35:52,955][INFO] Step 2: size: 2, coverage: 6.75%, cost: 2.0
[2024-10-15 01:35:52,971][INFO] Step 3: size: 3, coverage: 9.75%, cost: 3.0
[2024-10-15 01:35:52,986][INFO] Step 4: size: 4, coverage: 12.25%, cost: 4.0
[2024-10-15 01:35:53,001][INFO] Step 5: size: 5, coverage: 14.75%, cost: 5.0
[2024-10-15 01:35:53,017][INFO] Step 6: size: 6, coverage: 17.00%, cost: 6.0
[2024-10-15 01:35:53,032][INFO] Step 7: size: 7, coverage: 19.25%, cost: 7.0
[2024-10-15 01:35:53,048][INFO] Step 8: size: 8, coverage: 21.50%, cost: 8.0
[2024-10-15 01:35:53,063][INFO] Step 9: size: 9, coverage: 23.50%, cost: 9.0
[2024-10-15 01:35:53,079][INFO] Step 10: size: 10, coverage: 25.25%, cost: 10.0
[2024-10-15 01:35:53,095][INFO] Step 11: size: 11, coverage: 27.00%, cost: 11.0
[2024-10-15 01:35:53,110][INFO] Step 12: size: 12, coverage: 28.50%, cost: 12.0
[2024-10-15 01:35:53,126][INFO] Step 13: size: 13, coverage: 30.00%, cost: 13.0
[2024-10-15 01:35:53,142][INFO] Step 14: size: 14, coverage: 31.50%, cost: 14.0
[2024-10-15 01:35:53,157][INFO] Step 15: size: 15, coverage: 33.00%, cost: 15.0
[2024-10-15 01:35:53,173][INFO] Step 16: size: 16, coverage: 35.75%, cost: 17.0
[2024-10-15 01:35:53,189][INFO] Step 17: size: 17, coverage: 37.00%, cost: 18.0
[2024-10-15 01:35:53,205][INFO] Step 18: size: 18, coverage: 38.25%, cost: 19.0
[2024-10-15 01:35:53,220][INFO] Step 19: size: 19, coverage: 39.50%, cost: 20.0
[2024-10-15 01:35:53,236][INFO] Step 20: size: 20, coverage: 40.75%, cost: 21.0
[2024-10-15 01:35:53,252][INFO] Step 21: size: 21, coverage: 42.00%, cost: 22.0
[2024-10-15 01:35:53,268][INFO] Step 22: size: 22, coverage: 44.25%, cost: 24.0
[2024-10-15 01:35:53,284][INFO] Step 23: size: 23, coverage: 46.50%, cost: 26.0
[2024-10-15 01:35:53,300][INFO] Step 24: size: 24, coverage: 47.50%, cost: 27.0
[2024-10-15 01:35:53,315][INFO] Step 25: size: 25, coverage: 48.50%, cost: 28.0
[2024-10-15 01:35:53,331][INFO] Step 26: size: 26, coverage: 49.50%, cost: 29.0
[2024-10-15 01:35:53,348][INFO] Step 27: size: 27, coverage: 50.50%, cost: 30.0
[2024-10-15 01:35:53,364][INFO] Step 28: size: 28, coverage: 51.50%, cost: 31.0
[2024-10-15 01:35:53,380][INFO] Step 29: size: 29, coverage: 53.50%, cost: 33.0
[2024-10-15 01:35:53,396][INFO] Step 30: size: 30, coverage: 56.25%, cost: 36.0
[2024-10-15 01:35:53,412][INFO] Step 31: size: 31, coverage: 57.00%, cost: 37.0
[2024-10-15 01:35:53,428][INFO] Step 32: size: 32, coverage: 57.75%, cost: 38.0
[2024-10-15 01:35:53,444][INFO] Step 33: size: 33, coverage: 58.50%, cost: 39.0
[2024-10-15 01:35:53,460][INFO] Step 34: size: 34, coverage: 59.25%, cost: 40.0
[2024-10-15 01:35:53,476][INFO] Step 35: size: 35, coverage: 60.75%, cost: 42.0
[2024-10-15 01:35:53,493][INFO] Step 36: size: 36, coverage: 62.25%, cost: 44.0
[2024-10-15 01:35:53,509][INFO] Step 37: size: 37, coverage: 63.50%, cost: 46.0
[2024-10-15 01:35:53,525][INFO] Step 38: size: 38, coverage: 64.75%, cost: 48.0
[2024-10-15 01:35:53,542][INFO] Step 39: size: 39, coverage: 66.50%, cost: 51.0
[2024-10-15 01:35:53,558][INFO] Step 40: size: 40, coverage: 67.00%, cost: 52.0
[2024-10-15 01:35:53,574][INFO] Step 41: size: 41, coverage: 67.50%, cost: 53.0
[2024-10-15 01:35:53,591][INFO] Step 42: size: 42, coverage: 68.00%, cost: 54.0
[2024-10-15 01:35:53,607][INFO] Step 43: size: 43, coverage: 68.50%, cost: 55.0
[2024-10-15 01:35:53,623][INFO] Step 44: size: 44, coverage: 69.50%, cost: 57.0
[2024-10-15 01:35:53,640][INFO] Step 45: size: 45, coverage: 70.50%, cost: 59.0
[2024-10-15 01:35:53,656][INFO] Step 46: size: 46, coverage: 71.50%, cost: 61.0
[2024-10-15 01:35:53,672][INFO] Step 47: size: 47, coverage: 72.75%, cost: 64.0
[2024-10-15 01:35:53,689][INFO] Step 48: size: 48, coverage: 74.00%, cost: 67.0
[2024-10-15 01:35:53,705][INFO] Step 49: size: 49, coverage: 75.25%, cost: 70.0
[2024-10-15 01:35:53,722][INFO] Step 50: size: 50, coverage: 76.00%, cost: 72.0
[2024-10-15 01:35:53,738][INFO] Step 51: size: 51, coverage: 76.75%, cost: 74.0
[2024-10-15 01:35:53,755][INFO] Step 52: size: 52, coverage: 77.50%, cost: 76.0
[2024-10-15 01:35:53,772][INFO] Step 53: size: 53, coverage: 78.25%, cost: 78.0
[2024-10-15 01:35:53,788][INFO] Step 54: size: 54, coverage: 79.00%, cost: 80.0
[2024-10-15 01:35:53,805][INFO] Step 55: size: 55, coverage: 80.00%, cost: 83.0
[2024-10-15 01:35:53,822][INFO] Step 56: size: 56, coverage: 81.00%, cost: 86.0
[2024-10-15 01:35:53,839][INFO] Step 57: size: 57, coverage: 81.25%, cost: 87.0
[2024-10-15 01:35:53,856][INFO] Step 58: size: 58, coverage: 81.50%, cost: 88.0
[2024-10-15 01:35:53,873][INFO] Step 59: size: 59, coverage: 81.75%, cost: 89.0
[2024-10-15 01:35:53,890][INFO] Step 60: size: 60, coverage: 82.25%, cost: 91.0
[2024-10-15 01:35:53,907][INFO] Step 61: size: 61, coverage: 82.75%, cost: 93.0
[2024-10-15 01:35:53,924][INFO] Step 62: size: 62, coverage: 83.25%, cost: 95.0
[2024-10-15 01:35:53,942][INFO] Step 63: size: 63, coverage: 83.75%, cost: 97.0
[2024-10-15 01:35:53,959][INFO] Step 64: size: 64, coverage: 84.25%, cost: 99.0
[2024-10-15 01:35:53,976][INFO] Step 65: size: 65, coverage: 84.75%, cost: 101.0
[2024-10-15 01:35:53,994][INFO] Step 66: size: 66, coverage: 85.75%, cost: 105.0
[2024-10-15 01:35:54,011][INFO] Step 67: size: 67, coverage: 86.75%, cost: 110.0
[2024-10-15 01:35:54,029][INFO] Step 68: size: 68, coverage: 87.50%, cost: 114.0
[2024-10-15 01:35:54,046][INFO] Step 69: size: 69, coverage: 88.25%, cost: 118.0
[2024-10-15 01:35:54,064][INFO] Step 70: size: 70, coverage: 88.75%, cost: 121.0
[2024-10-15 01:35:54,081][INFO] Step 71: size: 71, coverage: 89.25%, cost: 124.0
[2024-10-15 01:35:54,099][INFO] Step 72: size: 72, coverage: 89.75%, cost: 127.0
[2024-10-15 01:35:54,117][INFO] Step 73: size: 73, coverage: 90.75%, cost: 134.0
[2024-10-15 01:35:54,134][INFO] Step 74: size: 74, coverage: 91.00%, cost: 136.0
[2024-10-15 01:35:54,152][INFO] Step 75: size: 75, coverage: 91.25%, cost: 138.0
[2024-10-15 01:35:54,170][INFO] Step 76: size: 76, coverage: 91.50%, cost: 140.0
[2024-10-15 01:35:54,188][INFO] Step 77: size: 77, coverage: 91.75%, cost: 142.0
[2024-10-15 01:35:54,206][INFO] Step 78: size: 78, coverage: 92.00%, cost: 144.0
[2024-10-15 01:35:54,225][INFO] Step 79: size: 79, coverage: 92.25%, cost: 146.0
[2024-10-15 01:35:54,243][INFO] Step 80: size: 80, coverage: 92.50%, cost: 148.0
[2024-10-15 01:35:54,261][INFO] Step 81: size: 81, coverage: 93.00%, cost: 152.0
[2024-10-15 01:35:54,279][INFO] Step 82: size: 82, coverage: 93.50%, cost: 156.0
[2024-10-15 01:35:54,298][INFO] Step 83: size: 83, coverage: 94.00%, cost: 160.0
[2024-10-15 01:35:54,316][INFO] Step 84: size: 84, coverage: 94.50%, cost: 164.0
[2024-10-15 01:35:54,335][INFO] Step 85: size: 85, coverage: 94.75%, cost: 167.0
[2024-10-15 01:35:54,353][INFO] Step 86: size: 86, coverage: 95.00%, cost: 170.0
[2024-10-15 01:35:54,372][INFO] Step 87: size: 87, coverage: 95.25%, cost: 173.0
[2024-10-15 01:35:54,390][INFO] Step 88: size: 88, coverage: 95.50%, cost: 176.0
[2024-10-15 01:35:54,409][INFO] Step 89: size: 89, coverage: 95.75%, cost: 179.0
[2024-10-15 01:35:54,428][INFO] Step 90: size: 90, coverage: 96.00%, cost: 182.0
[2024-10-15 01:35:54,447][INFO] Step 91: size: 91, coverage: 96.50%, cost: 188.0
[2024-10-15 01:35:54,466][INFO] Step 92: size: 92, coverage: 97.00%, cost: 195.0
[2024-10-15 01:35:54,485][INFO] Step 93: size: 93, coverage: 97.25%, cost: 199.0
[2024-10-15 01:35:54,504][INFO] Step 94: size: 94, coverage: 97.50%, cost: 203.0
[2024-10-15 01:35:54,523][INFO] Step 95: size: 95, coverage: 97.75%, cost: 207.0
[2024-10-15 01:35:54,543][INFO] Step 96: size: 96, coverage: 98.00%, cost: 211.0
[2024-10-15 01:35:54,562][INFO] Step 97: size: 97, coverage: 98.25%, cost: 215.0
[2024-10-15 01:35:54,581][INFO] Step 98: size: 98, coverage: 98.50%, cost: 220.0
[2024-10-15 01:35:54,601][INFO] Step 99: size: 99, coverage: 98.75%, cost: 225.0
[2024-10-15 01:35:54,620][INFO] Step 100: size: 100, coverage: 99.00%, cost: 230.0
[2024-10-15 01:35:54,640][INFO] Step 101: size: 101, coverage: 99.25%, cost: 235.0
[2024-10-15 01:35:54,659][INFO] Step 102: size: 102, coverage: 99.50%, cost: 241.0
[2024-10-15 01:35:54,679][INFO] Step 103: size: 103, coverage: 99.75%, cost: 248.0
[2024-10-15 01:35:54,699][INFO] Step 104: size: 104, coverage: 100.00%, cost: 258.0
[2024-10-15 01:36:05,198][INFO] Explored 191019 neighbors, found 35048 feasible (18.35%)
[2024-10-15 01:36:05,471][INFO] Redundancy elimination: [np.int64(87), np.int64(49), np.int64(54), np.int64(79), np.int64(52), np.int64(17), np.int64(21), np.int64(26), np.int64(7), np.int64(15), np.int64(22), np.int64(28), np.int64(36)] -> cost: 20.0
[2024-10-15 01:36:05,471][INFO] Redundancy elimination: [np.int64(49), np.int64(43), np.int64(79), np.int64(54), np.int64(22), np.int64(7), np.int64(52), np.int64(36), np.int64(15), np.int64(26), np.int64(21)] -> cost: 17.0
[2024-10-15 01:36:05,471][INFO] Redundancy elimination: [np.int64(54), np.int64(43), np.int64(49), np.int64(52), np.int64(22), np.int64(17), np.int64(79), np.int64(15), np.int64(13), np.int64(26), np.int64(21), np.int64(7), np.int64(0)] -> cost: 19.0
[2024-10-15 01:36:05,471][INFO] Redundancy elimination: [np.int64(43), np.int64(79), np.int64(52), np.int64(54), np.int64(21), np.int64(13), np.int64(49), np.int64(0), np.int64(26), np.int64(22), np.int64(15)] -> cost: 17.0
[2024-10-15 01:36:05,471][INFO] Redundancy elimination: [np.int64(79), np.int64(87), np.int64(49), np.int64(7), np.int64(24), np.int64(52), np.int64(28), np.int64(15), np.int64(36), np.int64(22), np.int64(26), np.int64(21), np.int64(17), np.int64(0)] -> cost: 20.0
[2024-10-15 01:36:05,471][INFO] Size: 104 -> 91
[2024-10-15 01:36:05,471][INFO] Cost: 258.0 -> 238.0
[2024-10-15 01:36:05,471][INFO] Step 0: cost -> 256.0
[2024-10-15 01:36:13,842][INFO] Explored 167523 neighbors, found 3703 feasible (2.21%)
[2024-10-15 01:36:13,851][INFO] Redundancy elimination: [np.int64(0)] -> cost: 1.0
[2024-10-15 01:36:13,851][INFO] Size: 91 -> 90
[2024-10-15 01:36:13,851][INFO] Cost: 238.0 -> 237.0
[2024-10-15 01:36:13,851][INFO] Step 1: cost -> 237.0
[2024-10-15 01:36:22,632][INFO] Explored 165017 neighbors, found 1197 feasible (0.73%)
[2024-10-15 01:36:22,635][INFO] Step 2: cost -> 236.0
[2024-10-15 01:42:55,400][INFO] Step 1: size: 1, coverage: 3.50%, cost: 1.0
[2024-10-15 01:42:55,416][INFO] Step 2: size: 2, coverage: 6.75%, cost: 2.0
[2024-10-15 01:42:55,432][INFO] Step 3: size: 3, coverage: 9.75%, cost: 3.0
[2024-10-15 01:42:55,447][INFO] Step 4: size: 4, coverage: 12.25%, cost: 4.0
[2024-10-15 01:42:55,463][INFO] Step 5: size: 5, coverage: 14.75%, cost: 5.0
[2024-10-15 01:42:55,478][INFO] Step 6: size: 6, coverage: 17.00%, cost: 6.0
[2024-10-15 01:42:55,494][INFO] Step 7: size: 7, coverage: 19.25%, cost: 7.0
[2024-10-15 01:42:55,509][INFO] Step 8: size: 8, coverage: 21.50%, cost: 8.0
[2024-10-15 01:42:55,525][INFO] Step 9: size: 9, coverage: 23.50%, cost: 9.0
[2024-10-15 01:42:55,541][INFO] Step 10: size: 10, coverage: 25.25%, cost: 10.0
[2024-10-15 01:42:55,556][INFO] Step 11: size: 11, coverage: 27.00%, cost: 11.0
[2024-10-15 01:42:55,572][INFO] Step 12: size: 12, coverage: 28.50%, cost: 12.0
[2024-10-15 01:42:55,588][INFO] Step 13: size: 13, coverage: 30.00%, cost: 13.0
[2024-10-15 01:42:55,603][INFO] Step 14: size: 14, coverage: 31.50%, cost: 14.0
[2024-10-15 01:42:55,619][INFO] Step 15: size: 15, coverage: 33.00%, cost: 15.0
[2024-10-15 01:42:55,635][INFO] Step 16: size: 16, coverage: 35.75%, cost: 17.0
[2024-10-15 01:42:55,650][INFO] Step 17: size: 17, coverage: 37.00%, cost: 18.0
[2024-10-15 01:42:55,666][INFO] Step 18: size: 18, coverage: 38.25%, cost: 19.0
[2024-10-15 01:42:55,682][INFO] Step 19: size: 19, coverage: 39.50%, cost: 20.0
[2024-10-15 01:42:55,698][INFO] Step 20: size: 20, coverage: 40.75%, cost: 21.0
[2024-10-15 01:42:55,714][INFO] Step 21: size: 21, coverage: 42.00%, cost: 22.0
[2024-10-15 01:42:55,729][INFO] Step 22: size: 22, coverage: 44.25%, cost: 24.0
[2024-10-15 01:42:55,745][INFO] Step 23: size: 23, coverage: 46.50%, cost: 26.0
[2024-10-15 01:42:55,761][INFO] Step 24: size: 24, coverage: 47.50%, cost: 27.0
[2024-10-15 01:42:55,777][INFO] Step 25: size: 25, coverage: 48.50%, cost: 28.0
[2024-10-15 01:42:55,793][INFO] Step 26: size: 26, coverage: 49.50%, cost: 29.0
[2024-10-15 01:42:55,809][INFO] Step 27: size: 27, coverage: 50.50%, cost: 30.0
[2024-10-15 01:42:55,825][INFO] Step 28: size: 28, coverage: 51.50%, cost: 31.0
[2024-10-15 01:42:55,841][INFO] Step 29: size: 29, coverage: 53.50%, cost: 33.0
[2024-10-15 01:42:55,857][INFO] Step 30: size: 30, coverage: 56.25%, cost: 36.0
[2024-10-15 01:42:55,873][INFO] Step 31: size: 31, coverage: 57.00%, cost: 37.0
[2024-10-15 01:42:55,889][INFO] Step 32: size: 32, coverage: 57.75%, cost: 38.0
[2024-10-15 01:42:55,905][INFO] Step 33: size: 33, coverage: 58.50%, cost: 39.0
[2024-10-15 01:42:55,921][INFO] Step 34: size: 34, coverage: 59.25%, cost: 40.0
[2024-10-15 01:42:55,938][INFO] Step 35: size: 35, coverage: 60.75%, cost: 42.0
[2024-10-15 01:42:55,954][INFO] Step 36: size: 36, coverage: 62.25%, cost: 44.0
[2024-10-15 01:42:55,970][INFO] Step 37: size: 37, coverage: 63.50%, cost: 46.0
[2024-10-15 01:42:55,986][INFO] Step 38: size: 38, coverage: 64.75%, cost: 48.0
[2024-10-15 01:42:56,002][INFO] Step 39: size: 39, coverage: 66.50%, cost: 51.0
[2024-10-15 01:42:56,019][INFO] Step 40: size: 40, coverage: 67.00%, cost: 52.0
[2024-10-15 01:42:56,035][INFO] Step 41: size: 41, coverage: 67.50%, cost: 53.0
[2024-10-15 01:42:56,052][INFO] Step 42: size: 42, coverage: 68.00%, cost: 54.0
[2024-10-15 01:42:56,068][INFO] Step 43: size: 43, coverage: 68.50%, cost: 55.0
[2024-10-15 01:42:56,084][INFO] Step 44: size: 44, coverage: 69.50%, cost: 57.0
[2024-10-15 01:42:56,100][INFO] Step 45: size: 45, coverage: 70.50%, cost: 59.0
[2024-10-15 01:42:56,117][INFO] Step 46: size: 46, coverage: 71.50%, cost: 61.0
[2024-10-15 01:42:56,133][INFO] Step 47: size: 47, coverage: 72.75%, cost: 64.0
[2024-10-15 01:42:56,150][INFO] Step 48: size: 48, coverage: 74.00%, cost: 67.0
[2024-10-15 01:42:56,166][INFO] Step 49: size: 49, coverage: 75.25%, cost: 70.0
[2024-10-15 01:42:56,183][INFO] Step 50: size: 50, coverage: 76.00%, cost: 72.0
[2024-10-15 01:42:56,199][INFO] Step 51: size: 51, coverage: 76.75%, cost: 74.0
[2024-10-15 01:42:56,216][INFO] Step 52: size: 52, coverage: 77.50%, cost: 76.0
[2024-10-15 01:42:56,232][INFO] Step 53: size: 53, coverage: 78.25%, cost: 78.0
[2024-10-15 01:42:56,249][INFO] Step 54: size: 54, coverage: 79.00%, cost: 80.0
[2024-10-15 01:42:56,266][INFO] Step 55: size: 55, coverage: 80.00%, cost: 83.0
[2024-10-15 01:42:56,283][INFO] Step 56: size: 56, coverage: 81.00%, cost: 86.0
[2024-10-15 01:42:56,299][INFO] Step 57: size: 57, coverage: 81.25%, cost: 87.0
[2024-10-15 01:42:56,316][INFO] Step 58: size: 58, coverage: 81.50%, cost: 88.0
[2024-10-15 01:42:56,333][INFO] Step 59: size: 59, coverage: 81.75%, cost: 89.0
[2024-10-15 01:42:56,350][INFO] Step 60: size: 60, coverage: 82.25%, cost: 91.0
[2024-10-15 01:42:56,367][INFO] Step 61: size: 61, coverage: 82.75%, cost: 93.0
[2024-10-15 01:42:56,385][INFO] Step 62: size: 62, coverage: 83.25%, cost: 95.0
[2024-10-15 01:42:56,402][INFO] Step 63: size: 63, coverage: 83.75%, cost: 97.0
[2024-10-15 01:42:56,419][INFO] Step 64: size: 64, coverage: 84.25%, cost: 99.0
[2024-10-15 01:42:56,436][INFO] Step 65: size: 65, coverage: 84.75%, cost: 101.0
[2024-10-15 01:42:56,454][INFO] Step 66: size: 66, coverage: 85.75%, cost: 105.0
[2024-10-15 01:42:56,471][INFO] Step 67: size: 67, coverage: 86.75%, cost: 110.0
[2024-10-15 01:42:56,489][INFO] Step 68: size: 68, coverage: 87.50%, cost: 114.0
[2024-10-15 01:42:56,506][INFO] Step 69: size: 69, coverage: 88.25%, cost: 118.0
[2024-10-15 01:42:56,524][INFO] Step 70: size: 70, coverage: 88.75%, cost: 121.0
[2024-10-15 01:42:56,541][INFO] Step 71: size: 71, coverage: 89.25%, cost: 124.0
[2024-10-15 01:42:56,559][INFO] Step 72: size: 72, coverage: 89.75%, cost: 127.0
[2024-10-15 01:42:56,577][INFO] Step 73: size: 73, coverage: 90.75%, cost: 134.0
[2024-10-15 01:42:56,595][INFO] Step 74: size: 74, coverage: 91.00%, cost: 136.0
[2024-10-15 01:42:56,612][INFO] Step 75: size: 75, coverage: 91.25%, cost: 138.0
[2024-10-15 01:42:56,630][INFO] Step 76: size: 76, coverage: 91.50%, cost: 140.0
[2024-10-15 01:42:56,648][INFO] Step 77: size: 77, coverage: 91.75%, cost: 142.0
[2024-10-15 01:42:56,666][INFO] Step 78: size: 78, coverage: 92.00%, cost: 144.0
[2024-10-15 01:42:56,684][INFO] Step 79: size: 79, coverage: 92.25%, cost: 146.0
[2024-10-15 01:42:56,702][INFO] Step 80: size: 80, coverage: 92.50%, cost: 148.0
[2024-10-15 01:42:56,720][INFO] Step 81: size: 81, coverage: 93.00%, cost: 152.0
[2024-10-15 01:42:56,739][INFO] Step 82: size: 82, coverage: 93.50%, cost: 156.0
[2024-10-15 01:42:56,757][INFO] Step 83: size: 83, coverage: 94.00%, cost: 160.0
[2024-10-15 01:42:56,775][INFO] Step 84: size: 84, coverage: 94.50%, cost: 164.0
[2024-10-15 01:42:56,794][INFO] Step 85: size: 85, coverage: 94.75%, cost: 167.0
[2024-10-15 01:42:56,812][INFO] Step 86: size: 86, coverage: 95.00%, cost: 170.0
[2024-10-15 01:42:56,831][INFO] Step 87: size: 87, coverage: 95.25%, cost: 173.0
[2024-10-15 01:42:56,850][INFO] Step 88: size: 88, coverage: 95.50%, cost: 176.0
[2024-10-15 01:42:56,868][INFO] Step 89: size: 89, coverage: 95.75%, cost: 179.0
[2024-10-15 01:42:56,887][INFO] Step 90: size: 90, coverage: 96.00%, cost: 182.0
[2024-10-15 01:42:56,906][INFO] Step 91: size: 91, coverage: 96.50%, cost: 188.0
[2024-10-15 01:42:56,925][INFO] Step 92: size: 92, coverage: 97.00%, cost: 195.0
[2024-10-15 01:42:56,944][INFO] Step 93: size: 93, coverage: 97.25%, cost: 199.0
[2024-10-15 01:42:56,963][INFO] Step 94: size: 94, coverage: 97.50%, cost: 203.0
[2024-10-15 01:42:56,982][INFO] Step 95: size: 95, coverage: 97.75%, cost: 207.0
[2024-10-15 01:42:57,001][INFO] Step 96: size: 96, coverage: 98.00%, cost: 211.0
[2024-10-15 01:42:57,021][INFO] Step 97: size: 97, coverage: 98.25%, cost: 215.0
[2024-10-15 01:42:57,040][INFO] Step 98: size: 98, coverage: 98.50%, cost: 220.0
[2024-10-15 01:42:57,060][INFO] Step 99: size: 99, coverage: 98.75%, cost: 225.0
[2024-10-15 01:42:57,079][INFO] Step 100: size: 100, coverage: 99.00%, cost: 230.0
[2024-10-15 01:42:57,099][INFO] Step 101: size: 101, coverage: 99.25%, cost: 235.0
[2024-10-15 01:42:57,118][INFO] Step 102: size: 102, coverage: 99.50%, cost: 241.0
[2024-10-15 01:42:57,138][INFO] Step 103: size: 103, coverage: 99.75%, cost: 248.0
[2024-10-15 01:42:57,158][INFO] Step 104: size: 104, coverage: 100.00%, cost: 258.0
[2024-10-15 01:43:08,136][INFO] Explored 191019 neighbors, found 35048 feasible (18.35%)
[2024-10-15 01:43:08,447][INFO] Redundancy elimination: [np.int64(87), np.int64(49), np.int64(54), np.int64(79), np.int64(52), np.int64(17), np.int64(21), np.int64(26), np.int64(7), np.int64(15), np.int64(22), np.int64(28), np.int64(36)] -> cost: 20.0
[2024-10-15 01:43:08,447][INFO] Redundancy elimination: [np.int64(49), np.int64(43), np.int64(79), np.int64(54), np.int64(22), np.int64(7), np.int64(52), np.int64(36), np.int64(15), np.int64(26), np.int64(21)] -> cost: 17.0
[2024-10-15 01:43:08,447][INFO] Redundancy elimination: [np.int64(54), np.int64(43), np.int64(49), np.int64(52), np.int64(22), np.int64(17), np.int64(79), np.int64(15), np.int64(13), np.int64(26), np.int64(21), np.int64(7), np.int64(0)] -> cost: 19.0
[2024-10-15 01:43:08,447][INFO] Redundancy elimination: [np.int64(43), np.int64(79), np.int64(52), np.int64(54), np.int64(21), np.int64(13), np.int64(49), np.int64(0), np.int64(26), np.int64(22), np.int64(15)] -> cost: 17.0
[2024-10-15 01:43:08,447][INFO] Redundancy elimination: [np.int64(79), np.int64(87), np.int64(49), np.int64(7), np.int64(24), np.int64(52), np.int64(28), np.int64(15), np.int64(36), np.int64(22), np.int64(26), np.int64(21), np.int64(17), np.int64(0)] -> cost: 20.0
[2024-10-15 01:43:08,447][INFO] Size: 104 -> 91
[2024-10-15 01:43:08,447][INFO] Cost: 258.0 -> 238.0
[2024-10-15 01:43:08,447][INFO] Step 0: cost -> 256.0
[2024-10-15 01:43:17,606][INFO] Explored 167523 neighbors, found 3703 feasible (2.21%)
[2024-10-15 01:43:17,614][INFO] Redundancy elimination: [np.int64(0)] -> cost: 1.0
[2024-10-15 01:43:17,615][INFO] Size: 91 -> 90
[2024-10-15 01:43:17,615][INFO] Cost: 238.0 -> 237.0
[2024-10-15 01:43:17,615][INFO] Step 1: cost -> 237.0
[2024-10-15 01:43:26,154][INFO] Explored 165017 neighbors, found 1197 feasible (0.73%)
[2024-10-15 01:43:26,157][INFO] Step 2: cost -> 236.0
