[2024-10-15 02:01:18,257][INFO] Priority check: 5.317365419077384 -> False (Threshold: 5)
[2024-10-15 02:01:18,258][INFO] Step 1: size: 1, coverage: 3.00%, cost: 1.0
[2024-10-15 02:01:18,264][INFO] Priority check: 5.319020116525223 -> False (Threshold: 5)
[2024-10-15 02:01:18,264][INFO] Step 2: size: 2, coverage: 6.00%, cost: 2.0
[2024-10-15 02:01:18,271][INFO] Priority check: 5.317685116664958 -> False (Threshold: 5)
[2024-10-15 02:01:18,271][INFO] Step 3: size: 3, coverage: 8.50%, cost: 3.0
[2024-10-15 02:01:18,278][INFO] Priority check: 5.331207649304236 -> False (Threshold: 5)
[2024-10-15 02:01:18,278][INFO] Step 4: size: 4, coverage: 11.00%, cost: 4.0
[2024-10-15 02:01:18,285][INFO] Priority check: 5.332954153187519 -> False (Threshold: 5)
[2024-10-15 02:01:18,285][INFO] Step 5: size: 5, coverage: 13.50%, cost: 5.0
[2024-10-15 02:01:18,291][INFO] Priority check: 5.317685116664957 -> False (Threshold: 5)
[2024-10-15 02:01:18,291][INFO] Step 6: size: 6, coverage: 16.00%, cost: 6.0
[2024-10-15 02:01:18,298][INFO] Priority check: 5.319201067829642 -> False (Threshold: 5)
[2024-10-15 02:01:18,298][INFO] Step 7: size: 7, coverage: 18.00%, cost: 7.0
[2024-10-15 02:01:18,305][INFO] Priority check: 5.313075851143101 -> False (Threshold: 5)
[2024-10-15 02:01:18,305][INFO] Step 8: size: 8, coverage: 20.00%, cost: 8.0
[2024-10-15 02:01:18,312][INFO] Priority check: 5.327513491301548 -> False (Threshold: 5)
[2024-10-15 02:01:18,312][INFO] Step 9: size: 9, coverage: 22.00%, cost: 9.0
[2024-10-15 02:01:18,319][INFO] Priority check: 5.326574884482523 -> False (Threshold: 5)
[2024-10-15 02:01:18,319][INFO] Step 10: size: 10, coverage: 24.00%, cost: 10.0
[2024-10-15 02:01:18,326][INFO] Priority check: 5.331191236487395 -> False (Threshold: 5)
[2024-10-15 02:01:18,326][INFO] Step 11: size: 11, coverage: 26.00%, cost: 11.0
[2024-10-15 02:01:18,333][INFO] Priority check: 5.315072906367325 -> False (Threshold: 5)
[2024-10-15 02:01:18,333][INFO] Step 12: size: 12, coverage: 27.50%, cost: 12.0
[2024-10-15 02:01:18,340][INFO] Priority check: 5.3223678940862404 -> False (Threshold: 5)
[2024-10-15 02:01:18,340][INFO] Step 13: size: 13, coverage: 29.00%, cost: 13.0
[2024-10-15 02:01:18,347][INFO] Priority check: 5.317214966502672 -> False (Threshold: 5)
[2024-10-15 02:01:18,347][INFO] Step 14: size: 14, coverage: 32.00%, cost: 15.0
[2024-10-15 02:01:18,354][INFO] Priority check: 5.336956061276878 -> False (Threshold: 5)
[2024-10-15 02:01:18,354][INFO] Step 15: size: 15, coverage: 34.50%, cost: 17.0
[2024-10-15 02:01:18,361][INFO] Priority check: 5.338539126015656 -> False (Threshold: 5)
[2024-10-15 02:01:18,361][INFO] Step 16: size: 16, coverage: 37.00%, cost: 19.0
[2024-10-15 02:01:18,368][INFO] Priority check: 5.362378203745052 -> False (Threshold: 5)
[2024-10-15 02:01:18,368][INFO] Step 17: size: 17, coverage: 38.00%, cost: 20.0
[2024-10-15 02:01:18,375][INFO] Priority check: 5.370055865631195 -> False (Threshold: 5)
[2024-10-15 02:01:18,375][INFO] Step 18: size: 18, coverage: 39.00%, cost: 21.0
[2024-10-15 02:01:18,382][INFO] Priority check: 5.370174578167828 -> False (Threshold: 5)
[2024-10-15 02:01:18,382][INFO] Step 19: size: 19, coverage: 40.00%, cost: 22.0
[2024-10-15 02:01:18,389][INFO] Priority check: 5.372092236736075 -> False (Threshold: 5)
[2024-10-15 02:01:18,389][INFO] Step 20: size: 20, coverage: 42.00%, cost: 24.0
[2024-10-15 02:01:18,396][INFO] Priority check: 5.354435077578212 -> False (Threshold: 5)
[2024-10-15 02:01:18,397][INFO] Step 21: size: 21, coverage: 44.00%, cost: 26.0
[2024-10-15 02:01:18,404][INFO] Priority check: 5.353445152422877 -> False (Threshold: 5)
[2024-10-15 02:01:18,404][INFO] Step 22: size: 22, coverage: 46.00%, cost: 28.0
[2024-10-15 02:01:18,411][INFO] Priority check: 5.338349464019754 -> False (Threshold: 5)
[2024-10-15 02:01:18,411][INFO] Step 23: size: 23, coverage: 49.00%, cost: 31.0
[2024-10-15 02:01:18,418][INFO] Priority check: 5.330363496047901 -> False (Threshold: 5)
[2024-10-15 02:01:18,418][INFO] Step 24: size: 24, coverage: 50.50%, cost: 33.0
[2024-10-15 02:01:18,425][INFO] Priority check: 5.3438539463574415 -> False (Threshold: 5)
[2024-10-15 02:01:18,425][INFO] Step 25: size: 25, coverage: 52.00%, cost: 35.0
[2024-10-15 02:01:18,432][INFO] Priority check: 5.356342035381982 -> False (Threshold: 5)
[2024-10-15 02:01:18,432][INFO] Step 26: size: 26, coverage: 54.00%, cost: 38.0
[2024-10-15 02:01:18,439][INFO] Priority check: 5.357340758249376 -> False (Threshold: 5)
[2024-10-15 02:01:18,439][INFO] Step 27: size: 27, coverage: 56.00%, cost: 41.0
[2024-10-15 02:01:18,447][INFO] Priority check: 5.3563046963368315 -> False (Threshold: 5)
[2024-10-15 02:01:18,447][INFO] Step 28: size: 28, coverage: 58.00%, cost: 44.0
[2024-10-15 02:01:18,454][INFO] Priority check: 5.337543910826402 -> False (Threshold: 5)
[2024-10-15 02:01:18,454][INFO] Step 29: size: 29, coverage: 60.50%, cost: 48.0
[2024-10-15 02:01:18,461][INFO] Priority check: 5.315740776223009 -> False (Threshold: 5)
[2024-10-15 02:01:18,461][INFO] Step 30: size: 30, coverage: 63.50%, cost: 53.0
[2024-10-15 02:01:18,468][INFO] Priority check: 5.292520665996497 -> False (Threshold: 5)
[2024-10-15 02:01:18,468][INFO] Step 31: size: 31, coverage: 64.00%, cost: 54.0
[2024-10-15 02:01:18,475][INFO] Priority check: 5.283095683403813 -> False (Threshold: 5)
[2024-10-15 02:01:18,475][INFO] Step 32: size: 32, coverage: 64.50%, cost: 55.0
[2024-10-15 02:01:18,483][INFO] Priority check: 5.281834435118163 -> False (Threshold: 5)
[2024-10-15 02:01:18,483][INFO] Step 33: size: 33, coverage: 65.50%, cost: 57.0
[2024-10-15 02:01:18,490][INFO] Priority check: 5.271916160183126 -> False (Threshold: 5)
[2024-10-15 02:01:18,490][INFO] Step 34: size: 34, coverage: 66.50%, cost: 59.0
[2024-10-15 02:01:18,497][INFO] Priority check: 5.263456563894111 -> False (Threshold: 5)
[2024-10-15 02:01:18,497][INFO] Step 35: size: 35, coverage: 67.50%, cost: 61.0
[2024-10-15 02:01:18,505][INFO] Priority check: 5.275203787532763 -> False (Threshold: 5)
[2024-10-15 02:01:18,505][INFO] Step 36: size: 36, coverage: 68.50%, cost: 63.0
[2024-10-15 02:01:18,512][INFO] Priority check: 5.284957426507805 -> False (Threshold: 5)
[2024-10-15 02:01:18,512][INFO] Step 37: size: 37, coverage: 69.50%, cost: 65.0
[2024-10-15 02:01:18,519][INFO] Priority check: 5.293673110421534 -> False (Threshold: 5)
[2024-10-15 02:01:18,520][INFO] Step 38: size: 38, coverage: 71.00%, cost: 68.0
[2024-10-15 02:01:18,527][INFO] Priority check: 5.299469313053902 -> False (Threshold: 5)
[2024-10-15 02:01:18,527][INFO] Step 39: size: 39, coverage: 72.50%, cost: 72.0
[2024-10-15 02:01:18,534][INFO] Priority check: 5.299990566029339 -> False (Threshold: 5)
[2024-10-15 02:01:18,534][INFO] Step 40: size: 40, coverage: 74.00%, cost: 76.0
[2024-10-15 02:01:18,542][INFO] Priority check: 5.302744572388906 -> False (Threshold: 5)
[2024-10-15 02:01:18,542][INFO] Step 41: size: 41, coverage: 75.50%, cost: 80.0
[2024-10-15 02:01:18,549][INFO] Priority check: 5.2969330749028725 -> False (Threshold: 5)
[2024-10-15 02:01:18,549][INFO] Step 42: size: 42, coverage: 77.00%, cost: 84.0
[2024-10-15 02:01:18,557][INFO] Priority check: 5.292929245701288 -> False (Threshold: 5)
[2024-10-15 02:01:18,557][INFO] Step 43: size: 43, coverage: 78.00%, cost: 87.0
[2024-10-15 02:01:18,564][INFO] Priority check: 5.290897844411664 -> False (Threshold: 5)
[2024-10-15 02:01:18,564][INFO] Step 44: size: 44, coverage: 80.00%, cost: 94.0
[2024-10-15 02:01:18,572][INFO] Priority check: 5.276362383309167 -> False (Threshold: 5)
[2024-10-15 02:01:18,572][INFO] Step 45: size: 45, coverage: 80.50%, cost: 96.0
[2024-10-15 02:01:18,579][INFO] Priority check: 5.277478090906679 -> False (Threshold: 5)
[2024-10-15 02:01:18,579][INFO] Step 46: size: 46, coverage: 81.00%, cost: 98.0
[2024-10-15 02:01:18,587][INFO] Priority check: 5.285177385859438 -> False (Threshold: 5)
[2024-10-15 02:01:18,587][INFO] Step 47: size: 47, coverage: 82.00%, cost: 102.0
[2024-10-15 02:01:18,595][INFO] Priority check: 5.2915947501674765 -> False (Threshold: 5)
[2024-10-15 02:01:18,595][INFO] Step 48: size: 48, coverage: 83.00%, cost: 107.0
[2024-10-15 02:01:18,602][INFO] Priority check: 5.303772242470448 -> False (Threshold: 5)
[2024-10-15 02:01:18,602][INFO] Step 49: size: 49, coverage: 84.50%, cost: 115.0
[2024-10-15 02:01:18,610][INFO] Priority check: 5.302555987446055 -> False (Threshold: 5)
[2024-10-15 02:01:18,610][INFO] Step 50: size: 50, coverage: 85.00%, cost: 118.0
[2024-10-15 02:01:18,618][INFO] Priority check: 5.299726408032777 -> False (Threshold: 5)
[2024-10-15 02:01:18,618][INFO] Step 51: size: 51, coverage: 85.50%, cost: 121.0
[2024-10-15 02:01:18,626][INFO] Priority check: 5.290557626564519 -> False (Threshold: 5)
[2024-10-15 02:01:18,626][INFO] Step 52: size: 52, coverage: 86.00%, cost: 124.0
[2024-10-15 02:01:18,634][INFO] Priority check: 5.310141241059413 -> False (Threshold: 5)
[2024-10-15 02:01:18,634][INFO] Step 53: size: 53, coverage: 86.50%, cost: 127.0
[2024-10-15 02:01:18,641][INFO] Priority check: 5.306071993480677 -> False (Threshold: 5)
[2024-10-15 02:01:18,641][INFO] Step 54: size: 54, coverage: 87.00%, cost: 130.0
[2024-10-15 02:01:18,649][INFO] Priority check: 5.305560762068417 -> False (Threshold: 5)
[2024-10-15 02:01:18,649][INFO] Step 55: size: 55, coverage: 87.50%, cost: 133.0
[2024-10-15 02:01:18,657][INFO] Priority check: 5.303121722155734 -> False (Threshold: 5)
[2024-10-15 02:01:18,657][INFO] Step 56: size: 56, coverage: 88.00%, cost: 136.0
[2024-10-15 02:01:18,665][INFO] Priority check: 5.301471493840177 -> False (Threshold: 5)
[2024-10-15 02:01:18,665][INFO] Step 57: size: 57, coverage: 88.50%, cost: 140.0
[2024-10-15 02:01:18,673][INFO] Priority check: 5.310459019708183 -> False (Threshold: 5)
[2024-10-15 02:01:18,673][INFO] Step 58: size: 58, coverage: 89.00%, cost: 144.0
[2024-10-15 02:01:18,681][INFO] Priority check: 5.304253010556717 -> False (Threshold: 5)
[2024-10-15 02:01:18,681][INFO] Step 59: size: 59, coverage: 89.50%, cost: 148.0
[2024-10-15 02:01:18,689][INFO] Priority check: 5.296933074902873 -> False (Threshold: 5)
[2024-10-15 02:01:18,689][INFO] Step 60: size: 60, coverage: 90.00%, cost: 152.0
[2024-10-15 02:01:18,697][INFO] Priority check: 5.295195935940425 -> False (Threshold: 5)
[2024-10-15 02:01:18,697][INFO] Step 61: size: 61, coverage: 90.50%, cost: 156.0
[2024-10-15 02:01:18,705][INFO] Priority check: 5.282970281953136 -> False (Threshold: 5)
[2024-10-15 02:01:18,705][INFO] Step 62: size: 62, coverage: 91.50%, cost: 165.0
[2024-10-15 02:01:18,713][INFO] Priority check: 5.262090839200707 -> False (Threshold: 5)
[2024-10-15 02:01:18,713][INFO] Step 63: size: 63, coverage: 92.50%, cost: 174.0
[2024-10-15 02:01:18,722][INFO] Priority check: 5.257138004656145 -> False (Threshold: 5)
[2024-10-15 02:01:18,722][INFO] Step 64: size: 64, coverage: 93.00%, cost: 179.0
[2024-10-15 02:01:18,730][INFO] Priority check: 5.265394097311235 -> False (Threshold: 5)
[2024-10-15 02:01:18,730][INFO] Step 65: size: 65, coverage: 93.50%, cost: 184.0
[2024-10-15 02:01:18,738][INFO] Priority check: 5.278257288158659 -> False (Threshold: 5)
[2024-10-15 02:01:18,738][INFO] Step 66: size: 66, coverage: 94.00%, cost: 189.0
[2024-10-15 02:01:18,746][INFO] Priority check: 5.27805835511507 -> False (Threshold: 5)
[2024-10-15 02:01:18,746][INFO] Step 67: size: 67, coverage: 95.00%, cost: 199.0
[2024-10-15 02:01:18,755][INFO] Priority check: 5.283405625162619 -> False (Threshold: 5)
[2024-10-15 02:01:18,755][INFO] Step 68: size: 68, coverage: 95.50%, cost: 206.0
[2024-10-15 02:01:18,763][INFO] Priority check: 5.282894566428522 -> False (Threshold: 5)
[2024-10-15 02:01:18,763][INFO] Step 69: size: 69, coverage: 96.00%, cost: 213.0
[2024-10-15 02:01:18,771][INFO] Priority check: 5.282307734314615 -> False (Threshold: 5)
[2024-10-15 02:01:18,771][INFO] Step 70: size: 70, coverage: 96.50%, cost: 220.0
[2024-10-15 02:01:18,780][INFO] Priority check: 5.28069834396929 -> False (Threshold: 5)
[2024-10-15 02:01:18,780][INFO] Step 71: size: 71, coverage: 97.00%, cost: 227.0
[2024-10-15 02:01:18,788][INFO] Priority check: 5.261178575186362 -> False (Threshold: 5)
[2024-10-15 02:01:18,788][INFO] Step 72: size: 72, coverage: 97.50%, cost: 234.0
[2024-10-15 02:01:18,797][INFO] Priority check: 5.261537322874371 -> False (Threshold: 5)
[2024-10-15 02:01:18,797][INFO] Step 73: size: 73, coverage: 98.00%, cost: 242.0
[2024-10-15 02:01:18,805][INFO] Priority check: 5.264703220505407 -> False (Threshold: 5)
[2024-10-15 02:01:18,805][INFO] Step 74: size: 74, coverage: 98.50%, cost: 251.0
[2024-10-15 02:01:18,814][INFO] Priority check: 5.263306945257896 -> False (Threshold: 5)
[2024-10-15 02:01:18,814][INFO] Step 75: size: 75, coverage: 99.00%, cost: 261.0
[2024-10-15 02:01:18,823][INFO] Priority check: 5.269191114393176 -> False (Threshold: 5)
[2024-10-15 02:01:18,823][INFO] Step 76: size: 76, coverage: 99.50%, cost: 275.0
[2024-10-15 02:01:18,831][INFO] Priority check: 5.261841407720305 -> False (Threshold: 5)
[2024-10-15 02:01:18,831][INFO] Step 77: size: 77, coverage: 100.00%, cost: 289.0
[2024-10-15 02:01:21,764][INFO] Explored 92780 neighbors, found 14116 feasible (15.21%)
[2024-10-15 02:01:21,830][INFO] Redundancy elimination: [np.int64(14), np.int64(78), np.int64(62), np.int64(48), np.int64(7), np.int64(10)] -> cost: 13.0
[2024-10-15 02:01:21,830][INFO] Redundancy elimination: [np.int64(8), np.int64(62), np.int64(54), np.int64(35), np.int64(78), np.int64(48), np.int64(10), np.int64(14), np.int64(15), np.int64(7)] -> cost: 20.0
[2024-10-15 02:01:21,830][INFO] Redundancy elimination: [np.int64(48), np.int64(62), np.int64(54), np.int64(8), np.int64(78), np.int64(35), np.int64(10), np.int64(15)] -> cost: 18.0
[2024-10-15 02:01:21,830][INFO] Redundancy elimination: [np.int64(35), np.int64(62), np.int64(78), np.int64(15), np.int64(54), np.int64(48)] -> cost: 16.0
[2024-10-15 02:01:21,830][INFO] Redundancy elimination: [np.int64(78), np.int64(62), np.int64(54), np.int64(48), np.int64(35), np.int64(7), np.int64(8), np.int64(10), np.int64(15), np.int64(14)] -> cost: 20.0
[2024-10-15 02:01:21,830][INFO] Size: 77 -> 67
[2024-10-15 02:01:21,830][INFO] Cost: 289.0 -> 269.0
[2024-10-15 02:01:21,830][INFO] Step 0: cost -> 286.0
[2024-10-15 02:01:24,074][INFO] Explored 79647 neighbors, found 826 feasible (1.04%)
[2024-10-15 02:01:24,075][INFO] Step 1: cost -> 269.0
[2024-10-15 02:01:26,317][INFO] Explored 79647 neighbors, found 826 feasible (1.04%)
[2024-10-15 02:01:26,319][INFO] Step 2: cost -> 269.0
[2024-10-15 02:08:30,860][INFO] Priority check: 5.317365419077384 -> False (Threshold: 5)
[2024-10-15 02:08:30,860][INFO] Step 1: size: 1, coverage: 3.00%, cost: 1.0
[2024-10-15 02:08:30,866][INFO] Priority check: 5.319020116525223 -> False (Threshold: 5)
[2024-10-15 02:08:30,866][INFO] Step 2: size: 2, coverage: 6.00%, cost: 2.0
[2024-10-15 02:08:30,873][INFO] Priority check: 5.317685116664958 -> False (Threshold: 5)
[2024-10-15 02:08:30,873][INFO] Step 3: size: 3, coverage: 8.50%, cost: 3.0
[2024-10-15 02:08:30,880][INFO] Priority check: 5.331207649304236 -> False (Threshold: 5)
[2024-10-15 02:08:30,880][INFO] Step 4: size: 4, coverage: 11.00%, cost: 4.0
[2024-10-15 02:08:30,886][INFO] Priority check: 5.332954153187519 -> False (Threshold: 5)
[2024-10-15 02:08:30,887][INFO] Step 5: size: 5, coverage: 13.50%, cost: 5.0
[2024-10-15 02:08:30,893][INFO] Priority check: 5.317685116664957 -> False (Threshold: 5)
[2024-10-15 02:08:30,893][INFO] Step 6: size: 6, coverage: 16.00%, cost: 6.0
[2024-10-15 02:08:30,900][INFO] Priority check: 5.319201067829642 -> False (Threshold: 5)
[2024-10-15 02:08:30,900][INFO] Step 7: size: 7, coverage: 18.00%, cost: 7.0
[2024-10-15 02:08:30,907][INFO] Priority check: 5.313075851143101 -> False (Threshold: 5)
[2024-10-15 02:08:30,907][INFO] Step 8: size: 8, coverage: 20.00%, cost: 8.0
[2024-10-15 02:08:30,914][INFO] Priority check: 5.327513491301548 -> False (Threshold: 5)
[2024-10-15 02:08:30,914][INFO] Step 9: size: 9, coverage: 22.00%, cost: 9.0
[2024-10-15 02:08:30,921][INFO] Priority check: 5.326574884482523 -> False (Threshold: 5)
[2024-10-15 02:08:30,921][INFO] Step 10: size: 10, coverage: 24.00%, cost: 10.0
[2024-10-15 02:08:30,928][INFO] Priority check: 5.331191236487395 -> False (Threshold: 5)
[2024-10-15 02:08:30,928][INFO] Step 11: size: 11, coverage: 26.00%, cost: 11.0
[2024-10-15 02:08:30,935][INFO] Priority check: 5.315072906367325 -> False (Threshold: 5)
[2024-10-15 02:08:30,935][INFO] Step 12: size: 12, coverage: 27.50%, cost: 12.0
[2024-10-15 02:08:30,942][INFO] Priority check: 5.3223678940862404 -> False (Threshold: 5)
[2024-10-15 02:08:30,942][INFO] Step 13: size: 13, coverage: 29.00%, cost: 13.0
[2024-10-15 02:08:30,949][INFO] Priority check: 5.317214966502672 -> False (Threshold: 5)
[2024-10-15 02:08:30,949][INFO] Step 14: size: 14, coverage: 32.00%, cost: 15.0
[2024-10-15 02:08:30,956][INFO] Priority check: 5.336956061276878 -> False (Threshold: 5)
[2024-10-15 02:08:30,956][INFO] Step 15: size: 15, coverage: 34.50%, cost: 17.0
[2024-10-15 02:08:30,963][INFO] Priority check: 5.338539126015656 -> False (Threshold: 5)
[2024-10-15 02:08:30,963][INFO] Step 16: size: 16, coverage: 37.00%, cost: 19.0
[2024-10-15 02:08:30,970][INFO] Priority check: 5.362378203745052 -> False (Threshold: 5)
[2024-10-15 02:08:30,970][INFO] Step 17: size: 17, coverage: 38.00%, cost: 20.0
[2024-10-15 02:08:30,977][INFO] Priority check: 5.370055865631195 -> False (Threshold: 5)
[2024-10-15 02:08:30,977][INFO] Step 18: size: 18, coverage: 39.00%, cost: 21.0
[2024-10-15 02:08:30,984][INFO] Priority check: 5.370174578167828 -> False (Threshold: 5)
[2024-10-15 02:08:30,984][INFO] Step 19: size: 19, coverage: 40.00%, cost: 22.0
[2024-10-15 02:08:30,991][INFO] Priority check: 5.372092236736075 -> False (Threshold: 5)
[2024-10-15 02:08:30,991][INFO] Step 20: size: 20, coverage: 42.00%, cost: 24.0
[2024-10-15 02:08:30,998][INFO] Priority check: 5.354435077578212 -> False (Threshold: 5)
[2024-10-15 02:08:30,998][INFO] Step 21: size: 21, coverage: 44.00%, cost: 26.0
[2024-10-15 02:08:31,005][INFO] Priority check: 5.353445152422877 -> False (Threshold: 5)
[2024-10-15 02:08:31,005][INFO] Step 22: size: 22, coverage: 46.00%, cost: 28.0
[2024-10-15 02:08:31,012][INFO] Priority check: 5.338349464019754 -> False (Threshold: 5)
[2024-10-15 02:08:31,012][INFO] Step 23: size: 23, coverage: 49.00%, cost: 31.0
[2024-10-15 02:08:31,019][INFO] Priority check: 5.330363496047901 -> False (Threshold: 5)
[2024-10-15 02:08:31,019][INFO] Step 24: size: 24, coverage: 50.50%, cost: 33.0
[2024-10-15 02:08:31,026][INFO] Priority check: 5.3438539463574415 -> False (Threshold: 5)
[2024-10-15 02:08:31,026][INFO] Step 25: size: 25, coverage: 52.00%, cost: 35.0
[2024-10-15 02:08:31,033][INFO] Priority check: 5.356342035381982 -> False (Threshold: 5)
[2024-10-15 02:08:31,033][INFO] Step 26: size: 26, coverage: 54.00%, cost: 38.0
[2024-10-15 02:08:31,040][INFO] Priority check: 5.357340758249376 -> False (Threshold: 5)
[2024-10-15 02:08:31,041][INFO] Step 27: size: 27, coverage: 56.00%, cost: 41.0
[2024-10-15 02:08:31,048][INFO] Priority check: 5.3563046963368315 -> False (Threshold: 5)
[2024-10-15 02:08:31,048][INFO] Step 28: size: 28, coverage: 58.00%, cost: 44.0
[2024-10-15 02:08:31,055][INFO] Priority check: 5.337543910826402 -> False (Threshold: 5)
[2024-10-15 02:08:31,055][INFO] Step 29: size: 29, coverage: 60.50%, cost: 48.0
[2024-10-15 02:08:31,062][INFO] Priority check: 5.315740776223009 -> False (Threshold: 5)
[2024-10-15 02:08:31,062][INFO] Step 30: size: 30, coverage: 63.50%, cost: 53.0
[2024-10-15 02:08:31,069][INFO] Priority check: 5.292520665996497 -> False (Threshold: 5)
[2024-10-15 02:08:31,069][INFO] Step 31: size: 31, coverage: 64.00%, cost: 54.0
[2024-10-15 02:08:31,076][INFO] Priority check: 5.283095683403813 -> False (Threshold: 5)
[2024-10-15 02:08:31,076][INFO] Step 32: size: 32, coverage: 64.50%, cost: 55.0
[2024-10-15 02:08:31,083][INFO] Priority check: 5.281834435118163 -> False (Threshold: 5)
[2024-10-15 02:08:31,084][INFO] Step 33: size: 33, coverage: 65.50%, cost: 57.0
[2024-10-15 02:08:31,091][INFO] Priority check: 5.271916160183126 -> False (Threshold: 5)
[2024-10-15 02:08:31,091][INFO] Step 34: size: 34, coverage: 66.50%, cost: 59.0
[2024-10-15 02:08:31,098][INFO] Priority check: 5.263456563894111 -> False (Threshold: 5)
[2024-10-15 02:08:31,098][INFO] Step 35: size: 35, coverage: 67.50%, cost: 61.0
[2024-10-15 02:08:31,105][INFO] Priority check: 5.275203787532763 -> False (Threshold: 5)
[2024-10-15 02:08:31,105][INFO] Step 36: size: 36, coverage: 68.50%, cost: 63.0
[2024-10-15 02:08:31,113][INFO] Priority check: 5.284957426507805 -> False (Threshold: 5)
[2024-10-15 02:08:31,113][INFO] Step 37: size: 37, coverage: 69.50%, cost: 65.0
[2024-10-15 02:08:31,120][INFO] Priority check: 5.293673110421534 -> False (Threshold: 5)
[2024-10-15 02:08:31,120][INFO] Step 38: size: 38, coverage: 71.00%, cost: 68.0
[2024-10-15 02:08:31,128][INFO] Priority check: 5.299469313053902 -> False (Threshold: 5)
[2024-10-15 02:08:31,128][INFO] Step 39: size: 39, coverage: 72.50%, cost: 72.0
[2024-10-15 02:08:31,135][INFO] Priority check: 5.299990566029339 -> False (Threshold: 5)
[2024-10-15 02:08:31,135][INFO] Step 40: size: 40, coverage: 74.00%, cost: 76.0
[2024-10-15 02:08:31,143][INFO] Priority check: 5.302744572388906 -> False (Threshold: 5)
[2024-10-15 02:08:31,143][INFO] Step 41: size: 41, coverage: 75.50%, cost: 80.0
[2024-10-15 02:08:31,150][INFO] Priority check: 5.2969330749028725 -> False (Threshold: 5)
[2024-10-15 02:08:31,150][INFO] Step 42: size: 42, coverage: 77.00%, cost: 84.0
[2024-10-15 02:08:31,158][INFO] Priority check: 5.292929245701288 -> False (Threshold: 5)
[2024-10-15 02:08:31,158][INFO] Step 43: size: 43, coverage: 78.00%, cost: 87.0
[2024-10-15 02:08:31,165][INFO] Priority check: 5.290897844411664 -> False (Threshold: 5)
[2024-10-15 02:08:31,165][INFO] Step 44: size: 44, coverage: 80.00%, cost: 94.0
[2024-10-15 02:08:31,173][INFO] Priority check: 5.276362383309167 -> False (Threshold: 5)
[2024-10-15 02:08:31,173][INFO] Step 45: size: 45, coverage: 80.50%, cost: 96.0
[2024-10-15 02:08:31,180][INFO] Priority check: 5.277478090906679 -> False (Threshold: 5)
[2024-10-15 02:08:31,180][INFO] Step 46: size: 46, coverage: 81.00%, cost: 98.0
[2024-10-15 02:08:31,188][INFO] Priority check: 5.285177385859438 -> False (Threshold: 5)
[2024-10-15 02:08:31,188][INFO] Step 47: size: 47, coverage: 82.00%, cost: 102.0
[2024-10-15 02:08:31,195][INFO] Priority check: 5.2915947501674765 -> False (Threshold: 5)
[2024-10-15 02:08:31,195][INFO] Step 48: size: 48, coverage: 83.00%, cost: 107.0
[2024-10-15 02:08:31,203][INFO] Priority check: 5.303772242470448 -> False (Threshold: 5)
[2024-10-15 02:08:31,203][INFO] Step 49: size: 49, coverage: 84.50%, cost: 115.0
[2024-10-15 02:08:31,211][INFO] Priority check: 5.302555987446055 -> False (Threshold: 5)
[2024-10-15 02:08:31,211][INFO] Step 50: size: 50, coverage: 85.00%, cost: 118.0
[2024-10-15 02:08:31,218][INFO] Priority check: 5.299726408032777 -> False (Threshold: 5)
[2024-10-15 02:08:31,218][INFO] Step 51: size: 51, coverage: 85.50%, cost: 121.0
[2024-10-15 02:08:31,226][INFO] Priority check: 5.290557626564519 -> False (Threshold: 5)
[2024-10-15 02:08:31,226][INFO] Step 52: size: 52, coverage: 86.00%, cost: 124.0
[2024-10-15 02:08:31,234][INFO] Priority check: 5.310141241059413 -> False (Threshold: 5)
[2024-10-15 02:08:31,234][INFO] Step 53: size: 53, coverage: 86.50%, cost: 127.0
[2024-10-15 02:08:31,242][INFO] Priority check: 5.306071993480677 -> False (Threshold: 5)
[2024-10-15 02:08:31,242][INFO] Step 54: size: 54, coverage: 87.00%, cost: 130.0
[2024-10-15 02:08:31,250][INFO] Priority check: 5.305560762068417 -> False (Threshold: 5)
[2024-10-15 02:08:31,250][INFO] Step 55: size: 55, coverage: 87.50%, cost: 133.0
[2024-10-15 02:08:31,258][INFO] Priority check: 5.303121722155734 -> False (Threshold: 5)
[2024-10-15 02:08:31,258][INFO] Step 56: size: 56, coverage: 88.00%, cost: 136.0
[2024-10-15 02:08:31,265][INFO] Priority check: 5.301471493840177 -> False (Threshold: 5)
[2024-10-15 02:08:31,265][INFO] Step 57: size: 57, coverage: 88.50%, cost: 140.0
[2024-10-15 02:08:31,273][INFO] Priority check: 5.310459019708183 -> False (Threshold: 5)
[2024-10-15 02:08:31,273][INFO] Step 58: size: 58, coverage: 89.00%, cost: 144.0
[2024-10-15 02:08:31,281][INFO] Priority check: 5.304253010556717 -> False (Threshold: 5)
[2024-10-15 02:08:31,281][INFO] Step 59: size: 59, coverage: 89.50%, cost: 148.0
[2024-10-15 02:08:31,289][INFO] Priority check: 5.296933074902873 -> False (Threshold: 5)
[2024-10-15 02:08:31,289][INFO] Step 60: size: 60, coverage: 90.00%, cost: 152.0
[2024-10-15 02:08:31,297][INFO] Priority check: 5.295195935940425 -> False (Threshold: 5)
[2024-10-15 02:08:31,297][INFO] Step 61: size: 61, coverage: 90.50%, cost: 156.0
[2024-10-15 02:08:31,305][INFO] Priority check: 5.282970281953136 -> False (Threshold: 5)
[2024-10-15 02:08:31,305][INFO] Step 62: size: 62, coverage: 91.50%, cost: 165.0
[2024-10-15 02:08:31,313][INFO] Priority check: 5.262090839200707 -> False (Threshold: 5)
[2024-10-15 02:08:31,313][INFO] Step 63: size: 63, coverage: 92.50%, cost: 174.0
[2024-10-15 02:08:31,322][INFO] Priority check: 5.257138004656145 -> False (Threshold: 5)
[2024-10-15 02:08:31,322][INFO] Step 64: size: 64, coverage: 93.00%, cost: 179.0
[2024-10-15 02:08:31,330][INFO] Priority check: 5.265394097311235 -> False (Threshold: 5)
[2024-10-15 02:08:31,330][INFO] Step 65: size: 65, coverage: 93.50%, cost: 184.0
[2024-10-15 02:08:31,338][INFO] Priority check: 5.278257288158659 -> False (Threshold: 5)
[2024-10-15 02:08:31,338][INFO] Step 66: size: 66, coverage: 94.00%, cost: 189.0
[2024-10-15 02:08:31,346][INFO] Priority check: 5.27805835511507 -> False (Threshold: 5)
[2024-10-15 02:08:31,346][INFO] Step 67: size: 67, coverage: 95.00%, cost: 199.0
[2024-10-15 02:08:31,355][INFO] Priority check: 5.283405625162619 -> False (Threshold: 5)
[2024-10-15 02:08:31,355][INFO] Step 68: size: 68, coverage: 95.50%, cost: 206.0
[2024-10-15 02:08:31,363][INFO] Priority check: 5.282894566428522 -> False (Threshold: 5)
[2024-10-15 02:08:31,363][INFO] Step 69: size: 69, coverage: 96.00%, cost: 213.0
[2024-10-15 02:08:31,371][INFO] Priority check: 5.282307734314615 -> False (Threshold: 5)
[2024-10-15 02:08:31,371][INFO] Step 70: size: 70, coverage: 96.50%, cost: 220.0
[2024-10-15 02:08:31,380][INFO] Priority check: 5.28069834396929 -> False (Threshold: 5)
[2024-10-15 02:08:31,380][INFO] Step 71: size: 71, coverage: 97.00%, cost: 227.0
[2024-10-15 02:08:31,388][INFO] Priority check: 5.261178575186362 -> False (Threshold: 5)
[2024-10-15 02:08:31,388][INFO] Step 72: size: 72, coverage: 97.50%, cost: 234.0
[2024-10-15 02:08:31,397][INFO] Priority check: 5.261537322874371 -> False (Threshold: 5)
[2024-10-15 02:08:31,397][INFO] Step 73: size: 73, coverage: 98.00%, cost: 242.0
[2024-10-15 02:08:31,405][INFO] Priority check: 5.264703220505407 -> False (Threshold: 5)
[2024-10-15 02:08:31,405][INFO] Step 74: size: 74, coverage: 98.50%, cost: 251.0
[2024-10-15 02:08:31,414][INFO] Priority check: 5.263306945257896 -> False (Threshold: 5)
[2024-10-15 02:08:31,414][INFO] Step 75: size: 75, coverage: 99.00%, cost: 261.0
[2024-10-15 02:08:31,422][INFO] Priority check: 5.269191114393176 -> False (Threshold: 5)
[2024-10-15 02:08:31,422][INFO] Step 76: size: 76, coverage: 99.50%, cost: 275.0
[2024-10-15 02:08:31,431][INFO] Priority check: 5.261841407720305 -> False (Threshold: 5)
[2024-10-15 02:08:31,431][INFO] Step 77: size: 77, coverage: 100.00%, cost: 289.0
[2024-10-15 02:08:34,285][INFO] Explored 92780 neighbors, found 14116 feasible (15.21%)
[2024-10-15 02:08:34,350][INFO] Redundancy elimination: [np.int64(14), np.int64(78), np.int64(62), np.int64(48), np.int64(7), np.int64(10)] -> cost: 13.0
[2024-10-15 02:08:34,350][INFO] Redundancy elimination: [np.int64(8), np.int64(62), np.int64(54), np.int64(35), np.int64(78), np.int64(48), np.int64(10), np.int64(14), np.int64(15), np.int64(7)] -> cost: 20.0
[2024-10-15 02:08:34,350][INFO] Redundancy elimination: [np.int64(48), np.int64(62), np.int64(54), np.int64(8), np.int64(78), np.int64(35), np.int64(10), np.int64(15)] -> cost: 18.0
[2024-10-15 02:08:34,351][INFO] Redundancy elimination: [np.int64(35), np.int64(62), np.int64(78), np.int64(15), np.int64(54), np.int64(48)] -> cost: 16.0
[2024-10-15 02:08:34,351][INFO] Redundancy elimination: [np.int64(78), np.int64(62), np.int64(54), np.int64(48), np.int64(35), np.int64(7), np.int64(8), np.int64(10), np.int64(15), np.int64(14)] -> cost: 20.0
[2024-10-15 02:08:34,351][INFO] Size: 77 -> 67
[2024-10-15 02:08:34,351][INFO] Cost: 289.0 -> 269.0
[2024-10-15 02:08:34,351][INFO] Step 0: cost -> 286.0
[2024-10-15 02:08:36,583][INFO] Explored 79647 neighbors, found 826 feasible (1.04%)
[2024-10-15 02:08:36,584][INFO] Step 1: cost -> 269.0
[2024-10-15 02:08:38,980][INFO] Explored 79647 neighbors, found 826 feasible (1.04%)
[2024-10-15 02:08:38,982][INFO] Step 2: cost -> 269.0
