[2024-10-15 02:02:13,413][INFO] Priority check: 6.122007432207184 -> False (Threshold: 5)
[2024-10-15 02:02:13,413][INFO] Step 1: size: 1, coverage: 4.00%, cost: 1.0
[2024-10-15 02:02:13,420][INFO] Priority check: 6.125828515392836 -> False (Threshold: 5)
[2024-10-15 02:02:13,420][INFO] Step 2: size: 2, coverage: 7.50%, cost: 2.0
[2024-10-15 02:02:13,426][INFO] Priority check: 6.148097266634613 -> False (Threshold: 5)
[2024-10-15 02:02:13,426][INFO] Step 3: size: 3, coverage: 10.50%, cost: 3.0
[2024-10-15 02:02:13,433][INFO] Priority check: 6.160355103401101 -> False (Threshold: 5)
[2024-10-15 02:02:13,433][INFO] Step 4: size: 4, coverage: 13.50%, cost: 4.0
[2024-10-15 02:02:13,440][INFO] Priority check: 6.171610405720698 -> False (Threshold: 5)
[2024-10-15 02:02:13,440][INFO] Step 5: size: 5, coverage: 16.50%, cost: 5.0
[2024-10-15 02:02:13,447][INFO] Priority check: 6.153517286885607 -> False (Threshold: 5)
[2024-10-15 02:02:13,447][INFO] Step 6: size: 6, coverage: 19.00%, cost: 6.0
[2024-10-15 02:02:13,453][INFO] Priority check: 6.136929199526421 -> False (Threshold: 5)
[2024-10-15 02:02:13,453][INFO] Step 7: size: 7, coverage: 21.50%, cost: 7.0
[2024-10-15 02:02:13,460][INFO] Priority check: 6.122644445009035 -> False (Threshold: 5)
[2024-10-15 02:02:13,460][INFO] Step 8: size: 8, coverage: 24.00%, cost: 8.0
[2024-10-15 02:02:13,467][INFO] Priority check: 6.107405341059327 -> False (Threshold: 5)
[2024-10-15 02:02:13,467][INFO] Step 9: size: 9, coverage: 26.00%, cost: 9.0
[2024-10-15 02:02:13,474][INFO] Priority check: 6.111824604813197 -> False (Threshold: 5)
[2024-10-15 02:02:13,474][INFO] Step 10: size: 10, coverage: 27.50%, cost: 10.0
[2024-10-15 02:02:13,481][INFO] Priority check: 6.134647504135832 -> False (Threshold: 5)
[2024-10-15 02:02:13,481][INFO] Step 11: size: 11, coverage: 29.00%, cost: 11.0
[2024-10-15 02:02:13,488][INFO] Priority check: 6.138711183953843 -> False (Threshold: 5)
[2024-10-15 02:02:13,488][INFO] Step 12: size: 12, coverage: 30.50%, cost: 12.0
[2024-10-15 02:02:13,495][INFO] Priority check: 6.130831917448072 -> False (Threshold: 5)
[2024-10-15 02:02:13,495][INFO] Step 13: size: 13, coverage: 33.50%, cost: 14.0
[2024-10-15 02:02:13,502][INFO] Priority check: 6.139199866432107 -> False (Threshold: 5)
[2024-10-15 02:02:13,502][INFO] Step 14: size: 14, coverage: 36.50%, cost: 16.0
[2024-10-15 02:02:13,508][INFO] Priority check: 6.127232246291959 -> False (Threshold: 5)
[2024-10-15 02:02:13,509][INFO] Step 15: size: 15, coverage: 37.50%, cost: 17.0
[2024-10-15 02:02:13,515][INFO] Priority check: 6.1215929299488705 -> False (Threshold: 5)
[2024-10-15 02:02:13,515][INFO] Step 16: size: 16, coverage: 38.50%, cost: 18.0
[2024-10-15 02:02:13,522][INFO] Priority check: 6.129241388622249 -> False (Threshold: 5)
[2024-10-15 02:02:13,522][INFO] Step 17: size: 17, coverage: 39.50%, cost: 19.0
[2024-10-15 02:02:13,529][INFO] Priority check: 6.122180983930481 -> False (Threshold: 5)
[2024-10-15 02:02:13,529][INFO] Step 18: size: 18, coverage: 40.50%, cost: 20.0
[2024-10-15 02:02:13,536][INFO] Priority check: 6.123267101801129 -> False (Threshold: 5)
[2024-10-15 02:02:13,536][INFO] Step 19: size: 19, coverage: 42.50%, cost: 22.0
[2024-10-15 02:02:13,543][INFO] Priority check: 6.133155794531882 -> False (Threshold: 5)
[2024-10-15 02:02:13,543][INFO] Step 20: size: 20, coverage: 44.00%, cost: 24.0
[2024-10-15 02:02:13,550][INFO] Priority check: 6.135778271743528 -> False (Threshold: 5)
[2024-10-15 02:02:13,550][INFO] Step 21: size: 21, coverage: 45.50%, cost: 26.0
[2024-10-15 02:02:13,557][INFO] Priority check: 6.123787635116033 -> False (Threshold: 5)
[2024-10-15 02:02:13,557][INFO] Step 22: size: 22, coverage: 47.00%, cost: 28.0
[2024-10-15 02:02:13,564][INFO] Priority check: 6.1267854540533735 -> False (Threshold: 5)
[2024-10-15 02:02:13,564][INFO] Step 23: size: 23, coverage: 48.50%, cost: 30.0
[2024-10-15 02:02:13,571][INFO] Priority check: 6.125665269993129 -> False (Threshold: 5)
[2024-10-15 02:02:13,571][INFO] Step 24: size: 24, coverage: 50.00%, cost: 32.0
[2024-10-15 02:02:13,579][INFO] Priority check: 6.122058477342405 -> False (Threshold: 5)
[2024-10-15 02:02:13,579][INFO] Step 25: size: 25, coverage: 52.00%, cost: 35.0
[2024-10-15 02:02:13,586][INFO] Priority check: 6.133481882259049 -> False (Threshold: 5)
[2024-10-15 02:02:13,586][INFO] Step 26: size: 26, coverage: 52.50%, cost: 36.0
[2024-10-15 02:02:13,593][INFO] Priority check: 6.127732043749956 -> False (Threshold: 5)
[2024-10-15 02:02:13,593][INFO] Step 27: size: 27, coverage: 53.00%, cost: 37.0
[2024-10-15 02:02:13,600][INFO] Priority check: 6.126481453493514 -> False (Threshold: 5)
[2024-10-15 02:02:13,600][INFO] Step 28: size: 28, coverage: 54.00%, cost: 39.0
[2024-10-15 02:02:13,607][INFO] Priority check: 6.121797121760897 -> False (Threshold: 5)
[2024-10-15 02:02:13,607][INFO] Step 29: size: 29, coverage: 55.00%, cost: 41.0
[2024-10-15 02:02:13,615][INFO] Priority check: 6.127283247900328 -> False (Threshold: 5)
[2024-10-15 02:02:13,615][INFO] Step 30: size: 30, coverage: 56.00%, cost: 43.0
[2024-10-15 02:02:13,622][INFO] Priority check: 6.109498751943567 -> False (Threshold: 5)
[2024-10-15 02:02:13,622][INFO] Step 31: size: 31, coverage: 57.50%, cost: 46.0
[2024-10-15 02:02:13,629][INFO] Priority check: 6.108649605272838 -> False (Threshold: 5)
[2024-10-15 02:02:13,629][INFO] Step 32: size: 32, coverage: 59.50%, cost: 50.0
[2024-10-15 02:02:13,636][INFO] Priority check: 6.11318043247539 -> False (Threshold: 5)
[2024-10-15 02:02:13,636][INFO] Step 33: size: 33, coverage: 61.50%, cost: 54.0
[2024-10-15 02:02:13,644][INFO] Priority check: 6.1085493367902 -> False (Threshold: 5)
[2024-10-15 02:02:13,644][INFO] Step 34: size: 34, coverage: 64.00%, cost: 60.0
[2024-10-15 02:02:13,651][INFO] Priority check: 6.129337239865334 -> False (Threshold: 5)
[2024-10-15 02:02:13,651][INFO] Step 35: size: 35, coverage: 66.00%, cost: 65.0
[2024-10-15 02:02:13,658][INFO] Priority check: 6.120455456908415 -> False (Threshold: 5)
[2024-10-15 02:02:13,658][INFO] Step 36: size: 36, coverage: 68.00%, cost: 70.0
[2024-10-15 02:02:13,666][INFO] Priority check: 6.110777364623915 -> False (Threshold: 5)
[2024-10-15 02:02:13,666][INFO] Step 37: size: 37, coverage: 69.50%, cost: 74.0
[2024-10-15 02:02:13,673][INFO] Priority check: 6.110480750317441 -> False (Threshold: 5)
[2024-10-15 02:02:13,673][INFO] Step 38: size: 38, coverage: 70.50%, cost: 77.0
[2024-10-15 02:02:13,681][INFO] Priority check: 6.110450065257059 -> False (Threshold: 5)
[2024-10-15 02:02:13,681][INFO] Step 39: size: 39, coverage: 71.50%, cost: 80.0
[2024-10-15 02:02:13,688][INFO] Priority check: 6.092979566681641 -> False (Threshold: 5)
[2024-10-15 02:02:13,688][INFO] Step 40: size: 40, coverage: 72.00%, cost: 82.0
[2024-10-15 02:02:13,695][INFO] Priority check: 6.084322065768708 -> False (Threshold: 5)
[2024-10-15 02:02:13,695][INFO] Step 41: size: 41, coverage: 72.50%, cost: 84.0
[2024-10-15 02:02:13,703][INFO] Priority check: 6.080442006959691 -> False (Threshold: 5)
[2024-10-15 02:02:13,703][INFO] Step 42: size: 42, coverage: 73.50%, cost: 88.0
[2024-10-15 02:02:13,710][INFO] Priority check: 6.076010204073064 -> False (Threshold: 5)
[2024-10-15 02:02:13,711][INFO] Step 43: size: 43, coverage: 74.50%, cost: 92.0
[2024-10-15 02:02:13,718][INFO] Priority check: 6.083664602852462 -> False (Threshold: 5)
[2024-10-15 02:02:13,718][INFO] Step 44: size: 44, coverage: 75.50%, cost: 96.0
[2024-10-15 02:02:13,726][INFO] Priority check: 6.09120472484713 -> False (Threshold: 5)
[2024-10-15 02:02:13,726][INFO] Step 45: size: 45, coverage: 77.00%, cost: 102.0
[2024-10-15 02:02:13,733][INFO] Priority check: 6.077480974877668 -> False (Threshold: 5)
[2024-10-15 02:02:13,733][INFO] Step 46: size: 46, coverage: 78.50%, cost: 108.0
[2024-10-15 02:02:13,741][INFO] Priority check: 6.065269985746719 -> False (Threshold: 5)
[2024-10-15 02:02:13,741][INFO] Step 47: size: 47, coverage: 80.00%, cost: 116.0
[2024-10-15 02:02:13,748][INFO] Priority check: 6.073711797574856 -> False (Threshold: 5)
[2024-10-15 02:02:13,748][INFO] Step 48: size: 48, coverage: 80.50%, cost: 119.0
[2024-10-15 02:02:13,756][INFO] Priority check: 6.065457526023903 -> False (Threshold: 5)
[2024-10-15 02:02:13,756][INFO] Step 49: size: 49, coverage: 81.00%, cost: 122.0
[2024-10-15 02:02:13,764][INFO] Priority check: 6.0678476414623335 -> False (Threshold: 5)
[2024-10-15 02:02:13,764][INFO] Step 50: size: 50, coverage: 81.50%, cost: 125.0
[2024-10-15 02:02:13,771][INFO] Priority check: 6.071818096748287 -> False (Threshold: 5)
[2024-10-15 02:02:13,771][INFO] Step 51: size: 51, coverage: 82.00%, cost: 128.0
[2024-10-15 02:02:13,779][INFO] Priority check: 6.07736579448695 -> False (Threshold: 5)
[2024-10-15 02:02:13,779][INFO] Step 52: size: 52, coverage: 82.50%, cost: 131.0
[2024-10-15 02:02:13,787][INFO] Priority check: 6.094415476483368 -> False (Threshold: 5)
[2024-10-15 02:02:13,787][INFO] Step 53: size: 53, coverage: 83.50%, cost: 137.0
[2024-10-15 02:02:13,795][INFO] Priority check: 6.086698612548513 -> False (Threshold: 5)
[2024-10-15 02:02:13,795][INFO] Step 54: size: 54, coverage: 84.50%, cost: 143.0
[2024-10-15 02:02:13,803][INFO] Priority check: 6.07736579448695 -> False (Threshold: 5)
[2024-10-15 02:02:13,803][INFO] Step 55: size: 55, coverage: 86.00%, cost: 153.0
[2024-10-15 02:02:13,811][INFO] Priority check: 6.074076061426956 -> False (Threshold: 5)
[2024-10-15 02:02:13,811][INFO] Step 56: size: 56, coverage: 87.00%, cost: 160.0
[2024-10-15 02:02:13,818][INFO] Priority check: 6.075681031785654 -> False (Threshold: 5)
[2024-10-15 02:02:13,818][INFO] Step 57: size: 57, coverage: 88.00%, cost: 167.0
[2024-10-15 02:02:13,826][INFO] Priority check: 6.080781199813064 -> False (Threshold: 5)
[2024-10-15 02:02:13,826][INFO] Step 58: size: 58, coverage: 89.00%, cost: 174.0
[2024-10-15 02:02:13,834][INFO] Priority check: 6.072651809547456 -> False (Threshold: 5)
[2024-10-15 02:02:13,834][INFO] Step 59: size: 59, coverage: 90.00%, cost: 181.0
[2024-10-15 02:02:13,842][INFO] Priority check: 6.092616433027768 -> False (Threshold: 5)
[2024-10-15 02:02:13,842][INFO] Step 60: size: 60, coverage: 90.50%, cost: 185.0
[2024-10-15 02:02:13,850][INFO] Priority check: 6.105274359109507 -> False (Threshold: 5)
[2024-10-15 02:02:13,850][INFO] Step 61: size: 61, coverage: 91.00%, cost: 189.0
[2024-10-15 02:02:13,859][INFO] Priority check: 6.098360435395731 -> False (Threshold: 5)
[2024-10-15 02:02:13,859][INFO] Step 62: size: 62, coverage: 91.50%, cost: 193.0
[2024-10-15 02:02:13,867][INFO] Priority check: 6.112904383351665 -> False (Threshold: 5)
[2024-10-15 02:02:13,867][INFO] Step 63: size: 63, coverage: 92.50%, cost: 201.0
[2024-10-15 02:02:13,875][INFO] Priority check: 6.106633688047777 -> False (Threshold: 5)
[2024-10-15 02:02:13,875][INFO] Step 64: size: 64, coverage: 93.00%, cost: 206.0
[2024-10-15 02:02:13,883][INFO] Priority check: 6.120194032871834 -> False (Threshold: 5)
[2024-10-15 02:02:13,883][INFO] Step 65: size: 65, coverage: 93.50%, cost: 211.0
[2024-10-15 02:02:13,891][INFO] Priority check: 6.132843956925694 -> False (Threshold: 5)
[2024-10-15 02:02:13,891][INFO] Step 66: size: 66, coverage: 94.00%, cost: 216.0
[2024-10-15 02:02:13,899][INFO] Priority check: 6.132699242584786 -> False (Threshold: 5)
[2024-10-15 02:02:13,899][INFO] Step 67: size: 67, coverage: 94.50%, cost: 221.0
[2024-10-15 02:02:13,908][INFO] Priority check: 6.129592156089996 -> False (Threshold: 5)
[2024-10-15 02:02:13,908][INFO] Step 68: size: 68, coverage: 95.50%, cost: 232.0
[2024-10-15 02:02:13,916][INFO] Priority check: 6.139281309729991 -> False (Threshold: 5)
[2024-10-15 02:02:13,916][INFO] Step 69: size: 69, coverage: 96.00%, cost: 238.0
[2024-10-15 02:02:13,924][INFO] Priority check: 6.148040338189072 -> False (Threshold: 5)
[2024-10-15 02:02:13,924][INFO] Step 70: size: 70, coverage: 96.50%, cost: 244.0
[2024-10-15 02:02:13,933][INFO] Priority check: 6.143256465426134 -> False (Threshold: 5)
[2024-10-15 02:02:13,933][INFO] Step 71: size: 71, coverage: 97.00%, cost: 251.0
[2024-10-15 02:02:13,941][INFO] Priority check: 6.12861321997073 -> False (Threshold: 5)
[2024-10-15 02:02:13,941][INFO] Step 72: size: 72, coverage: 97.50%, cost: 259.0
[2024-10-15 02:02:13,950][INFO] Priority check: 6.131810499354983 -> False (Threshold: 5)
[2024-10-15 02:02:13,950][INFO] Step 73: size: 73, coverage: 98.00%, cost: 267.0
[2024-10-15 02:02:13,958][INFO] Priority check: 6.113787696673806 -> False (Threshold: 5)
[2024-10-15 02:02:13,958][INFO] Step 74: size: 74, coverage: 98.50%, cost: 276.0
[2024-10-15 02:02:13,967][INFO] Priority check: 6.108254660703007 -> False (Threshold: 5)
[2024-10-15 02:02:13,967][INFO] Step 75: size: 75, coverage: 99.00%, cost: 286.0
[2024-10-15 02:02:13,975][INFO] Priority check: 6.114736298484179 -> False (Threshold: 5)
[2024-10-15 02:02:13,975][INFO] Step 76: size: 76, coverage: 99.50%, cost: 298.0
[2024-10-15 02:02:13,984][INFO] Priority check: 6.11335423478797 -> False (Threshold: 5)
[2024-10-15 02:02:13,984][INFO] Step 77: size: 77, coverage: 100.00%, cost: 323.0
[2024-10-15 02:02:16,801][INFO] Explored 91448 neighbors, found 10163 feasible (11.11%)
[2024-10-15 02:02:16,852][INFO] Redundancy elimination: [np.int64(11), np.int64(10), np.int64(75), np.int64(27), np.int64(15), np.int64(12), np.int64(6)] -> cost: 11.0
[2024-10-15 02:02:16,853][INFO] Redundancy elimination: [np.int64(27), np.int64(75), np.int64(8), np.int64(6), np.int64(10), np.int64(11), np.int64(12)] -> cost: 11.0
[2024-10-15 02:02:16,853][INFO] Redundancy elimination: [np.int64(75), np.int64(27), np.int64(10), np.int64(12), np.int64(8), np.int64(11)] -> cost: 10.0
[2024-10-15 02:02:16,853][INFO] Redundancy elimination: [np.int64(8), np.int64(27), np.int64(10), np.int64(11), np.int64(75)] -> cost: 9.0
[2024-10-15 02:02:16,853][INFO] Redundancy elimination: [np.int64(6), np.int64(27), np.int64(10), np.int64(75), np.int64(8)] -> cost: 9.0
[2024-10-15 02:02:16,853][INFO] Size: 77 -> 70
[2024-10-15 02:02:16,853][INFO] Cost: 323.0 -> 312.0
[2024-10-15 02:02:16,853][INFO] Step 0: cost -> 320.0
[2024-10-15 02:02:19,283][INFO] Explored 83574 neighbors, found 2179 feasible (2.61%)
[2024-10-15 02:02:19,286][INFO] Redundancy elimination: [np.int64(8)] -> cost: 1.0
[2024-10-15 02:02:19,286][INFO] Size: 70 -> 69
[2024-10-15 02:02:19,286][INFO] Cost: 312.0 -> 311.0
[2024-10-15 02:02:19,286][INFO] Step 1: cost -> 312.0
[2024-10-15 02:02:21,646][INFO] Explored 82262 neighbors, found 784 feasible (0.95%)
[2024-10-15 02:02:21,647][INFO] Step 2: cost -> 311.0
[2024-10-15 02:09:25,711][INFO] Priority check: 6.122007432207184 -> False (Threshold: 5)
[2024-10-15 02:09:25,711][INFO] Step 1: size: 1, coverage: 4.00%, cost: 1.0
[2024-10-15 02:09:25,718][INFO] Priority check: 6.125828515392836 -> False (Threshold: 5)
[2024-10-15 02:09:25,718][INFO] Step 2: size: 2, coverage: 7.50%, cost: 2.0
[2024-10-15 02:09:25,724][INFO] Priority check: 6.148097266634613 -> False (Threshold: 5)
[2024-10-15 02:09:25,724][INFO] Step 3: size: 3, coverage: 10.50%, cost: 3.0
[2024-10-15 02:09:25,731][INFO] Priority check: 6.160355103401101 -> False (Threshold: 5)
[2024-10-15 02:09:25,731][INFO] Step 4: size: 4, coverage: 13.50%, cost: 4.0
[2024-10-15 02:09:25,738][INFO] Priority check: 6.171610405720698 -> False (Threshold: 5)
[2024-10-15 02:09:25,738][INFO] Step 5: size: 5, coverage: 16.50%, cost: 5.0
[2024-10-15 02:09:25,745][INFO] Priority check: 6.153517286885607 -> False (Threshold: 5)
[2024-10-15 02:09:25,745][INFO] Step 6: size: 6, coverage: 19.00%, cost: 6.0
[2024-10-15 02:09:25,751][INFO] Priority check: 6.136929199526421 -> False (Threshold: 5)
[2024-10-15 02:09:25,751][INFO] Step 7: size: 7, coverage: 21.50%, cost: 7.0
[2024-10-15 02:09:25,758][INFO] Priority check: 6.122644445009035 -> False (Threshold: 5)
[2024-10-15 02:09:25,758][INFO] Step 8: size: 8, coverage: 24.00%, cost: 8.0
[2024-10-15 02:09:25,765][INFO] Priority check: 6.107405341059327 -> False (Threshold: 5)
[2024-10-15 02:09:25,765][INFO] Step 9: size: 9, coverage: 26.00%, cost: 9.0
[2024-10-15 02:09:25,772][INFO] Priority check: 6.111824604813197 -> False (Threshold: 5)
[2024-10-15 02:09:25,772][INFO] Step 10: size: 10, coverage: 27.50%, cost: 10.0
[2024-10-15 02:09:25,779][INFO] Priority check: 6.134647504135832 -> False (Threshold: 5)
[2024-10-15 02:09:25,779][INFO] Step 11: size: 11, coverage: 29.00%, cost: 11.0
[2024-10-15 02:09:25,786][INFO] Priority check: 6.138711183953843 -> False (Threshold: 5)
[2024-10-15 02:09:25,786][INFO] Step 12: size: 12, coverage: 30.50%, cost: 12.0
[2024-10-15 02:09:25,793][INFO] Priority check: 6.130831917448072 -> False (Threshold: 5)
[2024-10-15 02:09:25,793][INFO] Step 13: size: 13, coverage: 33.50%, cost: 14.0
[2024-10-15 02:09:25,799][INFO] Priority check: 6.139199866432107 -> False (Threshold: 5)
[2024-10-15 02:09:25,799][INFO] Step 14: size: 14, coverage: 36.50%, cost: 16.0
[2024-10-15 02:09:25,806][INFO] Priority check: 6.127232246291959 -> False (Threshold: 5)
[2024-10-15 02:09:25,806][INFO] Step 15: size: 15, coverage: 37.50%, cost: 17.0
[2024-10-15 02:09:25,813][INFO] Priority check: 6.1215929299488705 -> False (Threshold: 5)
[2024-10-15 02:09:25,813][INFO] Step 16: size: 16, coverage: 38.50%, cost: 18.0
[2024-10-15 02:09:25,820][INFO] Priority check: 6.129241388622249 -> False (Threshold: 5)
[2024-10-15 02:09:25,820][INFO] Step 17: size: 17, coverage: 39.50%, cost: 19.0
[2024-10-15 02:09:25,827][INFO] Priority check: 6.122180983930481 -> False (Threshold: 5)
[2024-10-15 02:09:25,827][INFO] Step 18: size: 18, coverage: 40.50%, cost: 20.0
[2024-10-15 02:09:25,834][INFO] Priority check: 6.123267101801129 -> False (Threshold: 5)
[2024-10-15 02:09:25,834][INFO] Step 19: size: 19, coverage: 42.50%, cost: 22.0
[2024-10-15 02:09:25,841][INFO] Priority check: 6.133155794531882 -> False (Threshold: 5)
[2024-10-15 02:09:25,841][INFO] Step 20: size: 20, coverage: 44.00%, cost: 24.0
[2024-10-15 02:09:25,848][INFO] Priority check: 6.135778271743528 -> False (Threshold: 5)
[2024-10-15 02:09:25,848][INFO] Step 21: size: 21, coverage: 45.50%, cost: 26.0
[2024-10-15 02:09:25,855][INFO] Priority check: 6.123787635116033 -> False (Threshold: 5)
[2024-10-15 02:09:25,855][INFO] Step 22: size: 22, coverage: 47.00%, cost: 28.0
[2024-10-15 02:09:25,862][INFO] Priority check: 6.1267854540533735 -> False (Threshold: 5)
[2024-10-15 02:09:25,862][INFO] Step 23: size: 23, coverage: 48.50%, cost: 30.0
[2024-10-15 02:09:25,869][INFO] Priority check: 6.125665269993129 -> False (Threshold: 5)
[2024-10-15 02:09:25,869][INFO] Step 24: size: 24, coverage: 50.00%, cost: 32.0
[2024-10-15 02:09:25,876][INFO] Priority check: 6.122058477342405 -> False (Threshold: 5)
[2024-10-15 02:09:25,876][INFO] Step 25: size: 25, coverage: 52.00%, cost: 35.0
[2024-10-15 02:09:25,883][INFO] Priority check: 6.133481882259049 -> False (Threshold: 5)
[2024-10-15 02:09:25,883][INFO] Step 26: size: 26, coverage: 52.50%, cost: 36.0
[2024-10-15 02:09:25,890][INFO] Priority check: 6.127732043749956 -> False (Threshold: 5)
[2024-10-15 02:09:25,890][INFO] Step 27: size: 27, coverage: 53.00%, cost: 37.0
[2024-10-15 02:09:25,897][INFO] Priority check: 6.126481453493514 -> False (Threshold: 5)
[2024-10-15 02:09:25,897][INFO] Step 28: size: 28, coverage: 54.00%, cost: 39.0
[2024-10-15 02:09:25,904][INFO] Priority check: 6.121797121760897 -> False (Threshold: 5)
[2024-10-15 02:09:25,905][INFO] Step 29: size: 29, coverage: 55.00%, cost: 41.0
[2024-10-15 02:09:25,912][INFO] Priority check: 6.127283247900328 -> False (Threshold: 5)
[2024-10-15 02:09:25,912][INFO] Step 30: size: 30, coverage: 56.00%, cost: 43.0
[2024-10-15 02:09:25,919][INFO] Priority check: 6.109498751943567 -> False (Threshold: 5)
[2024-10-15 02:09:25,919][INFO] Step 31: size: 31, coverage: 57.50%, cost: 46.0
[2024-10-15 02:09:25,926][INFO] Priority check: 6.108649605272838 -> False (Threshold: 5)
[2024-10-15 02:09:25,926][INFO] Step 32: size: 32, coverage: 59.50%, cost: 50.0
[2024-10-15 02:09:25,933][INFO] Priority check: 6.11318043247539 -> False (Threshold: 5)
[2024-10-15 02:09:25,934][INFO] Step 33: size: 33, coverage: 61.50%, cost: 54.0
[2024-10-15 02:09:25,941][INFO] Priority check: 6.1085493367902 -> False (Threshold: 5)
[2024-10-15 02:09:25,941][INFO] Step 34: size: 34, coverage: 64.00%, cost: 60.0
[2024-10-15 02:09:25,948][INFO] Priority check: 6.129337239865334 -> False (Threshold: 5)
[2024-10-15 02:09:25,948][INFO] Step 35: size: 35, coverage: 66.00%, cost: 65.0
[2024-10-15 02:09:25,955][INFO] Priority check: 6.120455456908415 -> False (Threshold: 5)
[2024-10-15 02:09:25,955][INFO] Step 36: size: 36, coverage: 68.00%, cost: 70.0
[2024-10-15 02:09:25,963][INFO] Priority check: 6.110777364623915 -> False (Threshold: 5)
[2024-10-15 02:09:25,963][INFO] Step 37: size: 37, coverage: 69.50%, cost: 74.0
[2024-10-15 02:09:25,970][INFO] Priority check: 6.110480750317441 -> False (Threshold: 5)
[2024-10-15 02:09:25,970][INFO] Step 38: size: 38, coverage: 70.50%, cost: 77.0
[2024-10-15 02:09:25,977][INFO] Priority check: 6.110450065257059 -> False (Threshold: 5)
[2024-10-15 02:09:25,978][INFO] Step 39: size: 39, coverage: 71.50%, cost: 80.0
[2024-10-15 02:09:25,985][INFO] Priority check: 6.092979566681641 -> False (Threshold: 5)
[2024-10-15 02:09:25,985][INFO] Step 40: size: 40, coverage: 72.00%, cost: 82.0
[2024-10-15 02:09:25,992][INFO] Priority check: 6.084322065768708 -> False (Threshold: 5)
[2024-10-15 02:09:25,992][INFO] Step 41: size: 41, coverage: 72.50%, cost: 84.0
[2024-10-15 02:09:26,000][INFO] Priority check: 6.080442006959691 -> False (Threshold: 5)
[2024-10-15 02:09:26,000][INFO] Step 42: size: 42, coverage: 73.50%, cost: 88.0
[2024-10-15 02:09:26,007][INFO] Priority check: 6.076010204073064 -> False (Threshold: 5)
[2024-10-15 02:09:26,007][INFO] Step 43: size: 43, coverage: 74.50%, cost: 92.0
[2024-10-15 02:09:26,015][INFO] Priority check: 6.083664602852462 -> False (Threshold: 5)
[2024-10-15 02:09:26,015][INFO] Step 44: size: 44, coverage: 75.50%, cost: 96.0
[2024-10-15 02:09:26,022][INFO] Priority check: 6.09120472484713 -> False (Threshold: 5)
[2024-10-15 02:09:26,022][INFO] Step 45: size: 45, coverage: 77.00%, cost: 102.0
[2024-10-15 02:09:26,030][INFO] Priority check: 6.077480974877668 -> False (Threshold: 5)
[2024-10-15 02:09:26,030][INFO] Step 46: size: 46, coverage: 78.50%, cost: 108.0
[2024-10-15 02:09:26,037][INFO] Priority check: 6.065269985746719 -> False (Threshold: 5)
[2024-10-15 02:09:26,038][INFO] Step 47: size: 47, coverage: 80.00%, cost: 116.0
[2024-10-15 02:09:26,045][INFO] Priority check: 6.073711797574856 -> False (Threshold: 5)
[2024-10-15 02:09:26,045][INFO] Step 48: size: 48, coverage: 80.50%, cost: 119.0
[2024-10-15 02:09:26,053][INFO] Priority check: 6.065457526023903 -> False (Threshold: 5)
[2024-10-15 02:09:26,053][INFO] Step 49: size: 49, coverage: 81.00%, cost: 122.0
[2024-10-15 02:09:26,060][INFO] Priority check: 6.0678476414623335 -> False (Threshold: 5)
[2024-10-15 02:09:26,060][INFO] Step 50: size: 50, coverage: 81.50%, cost: 125.0
[2024-10-15 02:09:26,068][INFO] Priority check: 6.071818096748287 -> False (Threshold: 5)
[2024-10-15 02:09:26,068][INFO] Step 51: size: 51, coverage: 82.00%, cost: 128.0
[2024-10-15 02:09:26,076][INFO] Priority check: 6.07736579448695 -> False (Threshold: 5)
[2024-10-15 02:09:26,076][INFO] Step 52: size: 52, coverage: 82.50%, cost: 131.0
[2024-10-15 02:09:26,084][INFO] Priority check: 6.094415476483368 -> False (Threshold: 5)
[2024-10-15 02:09:26,084][INFO] Step 53: size: 53, coverage: 83.50%, cost: 137.0
[2024-10-15 02:09:26,091][INFO] Priority check: 6.086698612548513 -> False (Threshold: 5)
[2024-10-15 02:09:26,091][INFO] Step 54: size: 54, coverage: 84.50%, cost: 143.0
[2024-10-15 02:09:26,099][INFO] Priority check: 6.07736579448695 -> False (Threshold: 5)
[2024-10-15 02:09:26,099][INFO] Step 55: size: 55, coverage: 86.00%, cost: 153.0
[2024-10-15 02:09:26,107][INFO] Priority check: 6.074076061426956 -> False (Threshold: 5)
[2024-10-15 02:09:26,107][INFO] Step 56: size: 56, coverage: 87.00%, cost: 160.0
[2024-10-15 02:09:26,115][INFO] Priority check: 6.075681031785654 -> False (Threshold: 5)
[2024-10-15 02:09:26,115][INFO] Step 57: size: 57, coverage: 88.00%, cost: 167.0
[2024-10-15 02:09:26,123][INFO] Priority check: 6.080781199813064 -> False (Threshold: 5)
[2024-10-15 02:09:26,123][INFO] Step 58: size: 58, coverage: 89.00%, cost: 174.0
[2024-10-15 02:09:26,131][INFO] Priority check: 6.072651809547456 -> False (Threshold: 5)
[2024-10-15 02:09:26,131][INFO] Step 59: size: 59, coverage: 90.00%, cost: 181.0
[2024-10-15 02:09:26,139][INFO] Priority check: 6.092616433027768 -> False (Threshold: 5)
[2024-10-15 02:09:26,139][INFO] Step 60: size: 60, coverage: 90.50%, cost: 185.0
[2024-10-15 02:09:26,147][INFO] Priority check: 6.105274359109507 -> False (Threshold: 5)
[2024-10-15 02:09:26,147][INFO] Step 61: size: 61, coverage: 91.00%, cost: 189.0
[2024-10-15 02:09:26,155][INFO] Priority check: 6.098360435395731 -> False (Threshold: 5)
[2024-10-15 02:09:26,155][INFO] Step 62: size: 62, coverage: 91.50%, cost: 193.0
[2024-10-15 02:09:26,163][INFO] Priority check: 6.112904383351665 -> False (Threshold: 5)
[2024-10-15 02:09:26,163][INFO] Step 63: size: 63, coverage: 92.50%, cost: 201.0
[2024-10-15 02:09:26,171][INFO] Priority check: 6.106633688047777 -> False (Threshold: 5)
[2024-10-15 02:09:26,171][INFO] Step 64: size: 64, coverage: 93.00%, cost: 206.0
[2024-10-15 02:09:26,179][INFO] Priority check: 6.120194032871834 -> False (Threshold: 5)
[2024-10-15 02:09:26,179][INFO] Step 65: size: 65, coverage: 93.50%, cost: 211.0
[2024-10-15 02:09:26,188][INFO] Priority check: 6.132843956925694 -> False (Threshold: 5)
[2024-10-15 02:09:26,188][INFO] Step 66: size: 66, coverage: 94.00%, cost: 216.0
[2024-10-15 02:09:26,196][INFO] Priority check: 6.132699242584786 -> False (Threshold: 5)
[2024-10-15 02:09:26,196][INFO] Step 67: size: 67, coverage: 94.50%, cost: 221.0
[2024-10-15 02:09:26,204][INFO] Priority check: 6.129592156089996 -> False (Threshold: 5)
[2024-10-15 02:09:26,204][INFO] Step 68: size: 68, coverage: 95.50%, cost: 232.0
[2024-10-15 02:09:26,212][INFO] Priority check: 6.139281309729991 -> False (Threshold: 5)
[2024-10-15 02:09:26,212][INFO] Step 69: size: 69, coverage: 96.00%, cost: 238.0
[2024-10-15 02:09:26,221][INFO] Priority check: 6.148040338189072 -> False (Threshold: 5)
[2024-10-15 02:09:26,221][INFO] Step 70: size: 70, coverage: 96.50%, cost: 244.0
[2024-10-15 02:09:26,229][INFO] Priority check: 6.143256465426134 -> False (Threshold: 5)
[2024-10-15 02:09:26,229][INFO] Step 71: size: 71, coverage: 97.00%, cost: 251.0
[2024-10-15 02:09:26,237][INFO] Priority check: 6.12861321997073 -> False (Threshold: 5)
[2024-10-15 02:09:26,237][INFO] Step 72: size: 72, coverage: 97.50%, cost: 259.0
[2024-10-15 02:09:26,246][INFO] Priority check: 6.131810499354983 -> False (Threshold: 5)
[2024-10-15 02:09:26,246][INFO] Step 73: size: 73, coverage: 98.00%, cost: 267.0
[2024-10-15 02:09:26,254][INFO] Priority check: 6.113787696673806 -> False (Threshold: 5)
[2024-10-15 02:09:26,254][INFO] Step 74: size: 74, coverage: 98.50%, cost: 276.0
[2024-10-15 02:09:26,263][INFO] Priority check: 6.108254660703007 -> False (Threshold: 5)
[2024-10-15 02:09:26,263][INFO] Step 75: size: 75, coverage: 99.00%, cost: 286.0
[2024-10-15 02:09:26,271][INFO] Priority check: 6.114736298484179 -> False (Threshold: 5)
[2024-10-15 02:09:26,271][INFO] Step 76: size: 76, coverage: 99.50%, cost: 298.0
[2024-10-15 02:09:26,280][INFO] Priority check: 6.11335423478797 -> False (Threshold: 5)
[2024-10-15 02:09:26,280][INFO] Step 77: size: 77, coverage: 100.00%, cost: 323.0
[2024-10-15 02:09:29,121][INFO] Explored 91448 neighbors, found 10163 feasible (11.11%)
[2024-10-15 02:09:29,172][INFO] Redundancy elimination: [np.int64(11), np.int64(10), np.int64(75), np.int64(27), np.int64(15), np.int64(12), np.int64(6)] -> cost: 11.0
[2024-10-15 02:09:29,172][INFO] Redundancy elimination: [np.int64(27), np.int64(75), np.int64(8), np.int64(6), np.int64(10), np.int64(11), np.int64(12)] -> cost: 11.0
[2024-10-15 02:09:29,172][INFO] Redundancy elimination: [np.int64(75), np.int64(27), np.int64(10), np.int64(12), np.int64(8), np.int64(11)] -> cost: 10.0
[2024-10-15 02:09:29,172][INFO] Redundancy elimination: [np.int64(8), np.int64(27), np.int64(10), np.int64(11), np.int64(75)] -> cost: 9.0
[2024-10-15 02:09:29,172][INFO] Redundancy elimination: [np.int64(6), np.int64(27), np.int64(10), np.int64(75), np.int64(8)] -> cost: 9.0
[2024-10-15 02:09:29,172][INFO] Size: 77 -> 70
[2024-10-15 02:09:29,172][INFO] Cost: 323.0 -> 312.0
[2024-10-15 02:09:29,172][INFO] Step 0: cost -> 320.0
[2024-10-15 02:09:31,603][INFO] Explored 83574 neighbors, found 2179 feasible (2.61%)
[2024-10-15 02:09:31,606][INFO] Redundancy elimination: [np.int64(8)] -> cost: 1.0
[2024-10-15 02:09:31,606][INFO] Size: 70 -> 69
[2024-10-15 02:09:31,606][INFO] Cost: 312.0 -> 311.0
[2024-10-15 02:09:31,606][INFO] Step 1: cost -> 312.0
[2024-10-15 02:09:33,971][INFO] Explored 82262 neighbors, found 784 feasible (0.95%)
[2024-10-15 02:09:33,973][INFO] Step 2: cost -> 311.0
