[2024-10-15 02:03:55,250][INFO] Priority check: 11.88783645393709 -> False (Threshold: 5)
[2024-10-15 02:03:55,250][INFO] Step 1: size: 1, coverage: 7.67%, cost: 1.0
[2024-10-15 02:03:55,261][INFO] Priority check: 11.893039981434521 -> False (Threshold: 5)
[2024-10-15 02:03:55,261][INFO] Step 2: size: 2, coverage: 14.33%, cost: 2.0
[2024-10-15 02:03:55,272][INFO] Priority check: 11.894665003923212 -> False (Threshold: 5)
[2024-10-15 02:03:55,272][INFO] Step 3: size: 3, coverage: 20.00%, cost: 3.0
[2024-10-15 02:03:55,284][INFO] Priority check: 11.894952711129203 -> False (Threshold: 5)
[2024-10-15 02:03:55,284][INFO] Step 4: size: 4, coverage: 25.67%, cost: 4.0
[2024-10-15 02:03:55,295][INFO] Priority check: 11.87939906822825 -> False (Threshold: 5)
[2024-10-15 02:03:55,295][INFO] Step 5: size: 5, coverage: 30.67%, cost: 5.0
[2024-10-15 02:03:55,306][INFO] Priority check: 11.889306119366259 -> False (Threshold: 5)
[2024-10-15 02:03:55,306][INFO] Step 6: size: 6, coverage: 35.67%, cost: 6.0
[2024-10-15 02:03:55,317][INFO] Priority check: 11.892243503879138 -> False (Threshold: 5)
[2024-10-15 02:03:55,317][INFO] Step 7: size: 7, coverage: 40.00%, cost: 7.0
[2024-10-15 02:03:55,328][INFO] Priority check: 11.917667090873485 -> False (Threshold: 5)
[2024-10-15 02:03:55,328][INFO] Step 8: size: 8, coverage: 44.00%, cost: 8.0
[2024-10-15 02:03:55,339][INFO] Priority check: 11.910695007242674 -> False (Threshold: 5)
[2024-10-15 02:03:55,339][INFO] Step 9: size: 9, coverage: 47.67%, cost: 9.0
[2024-10-15 02:03:55,350][INFO] Priority check: 11.92302347933983 -> False (Threshold: 5)
[2024-10-15 02:03:55,350][INFO] Step 10: size: 10, coverage: 51.33%, cost: 10.0
[2024-10-15 02:03:55,361][INFO] Priority check: 11.91410881639449 -> False (Threshold: 5)
[2024-10-15 02:03:55,361][INFO] Step 11: size: 11, coverage: 54.67%, cost: 11.0
[2024-10-15 02:03:55,372][INFO] Priority check: 11.928278258919944 -> False (Threshold: 5)
[2024-10-15 02:03:55,372][INFO] Step 12: size: 12, coverage: 57.67%, cost: 12.0
[2024-10-15 02:03:55,383][INFO] Priority check: 11.927838585985867 -> False (Threshold: 5)
[2024-10-15 02:03:55,383][INFO] Step 13: size: 13, coverage: 60.33%, cost: 13.0
[2024-10-15 02:03:55,394][INFO] Priority check: 11.91541671766269 -> False (Threshold: 5)
[2024-10-15 02:03:55,394][INFO] Step 14: size: 14, coverage: 63.00%, cost: 14.0
[2024-10-15 02:03:55,405][INFO] Priority check: 11.89663818059539 -> False (Threshold: 5)
[2024-10-15 02:03:55,405][INFO] Step 15: size: 15, coverage: 65.33%, cost: 15.0
[2024-10-15 02:03:55,415][INFO] Priority check: 11.90063677101169 -> False (Threshold: 5)
[2024-10-15 02:03:55,415][INFO] Step 16: size: 16, coverage: 67.67%, cost: 16.0
[2024-10-15 02:03:55,426][INFO] Priority check: 11.88867388175261 -> False (Threshold: 5)
[2024-10-15 02:03:55,426][INFO] Step 17: size: 17, coverage: 69.33%, cost: 17.0
[2024-10-15 02:03:55,437][INFO] Priority check: 11.889853751086353 -> False (Threshold: 5)
[2024-10-15 02:03:55,437][INFO] Step 18: size: 18, coverage: 72.67%, cost: 19.0
[2024-10-15 02:03:55,448][INFO] Priority check: 11.885929590159208 -> False (Threshold: 5)
[2024-10-15 02:03:55,448][INFO] Step 19: size: 19, coverage: 75.67%, cost: 21.0
[2024-10-15 02:03:55,459][INFO] Priority check: 11.911736042892972 -> False (Threshold: 5)
[2024-10-15 02:03:55,459][INFO] Step 20: size: 20, coverage: 77.00%, cost: 22.0
[2024-10-15 02:03:55,470][INFO] Priority check: 11.90243485827818 -> False (Threshold: 5)
[2024-10-15 02:03:55,470][INFO] Step 21: size: 21, coverage: 78.33%, cost: 23.0
[2024-10-15 02:03:55,481][INFO] Priority check: 11.906069413911919 -> False (Threshold: 5)
[2024-10-15 02:03:55,481][INFO] Step 22: size: 22, coverage: 79.67%, cost: 24.0
[2024-10-15 02:03:55,492][INFO] Priority check: 11.888498176342077 -> False (Threshold: 5)
[2024-10-15 02:03:55,492][INFO] Step 23: size: 23, coverage: 80.67%, cost: 25.0
[2024-10-15 02:03:55,503][INFO] Priority check: 11.88652411580255 -> False (Threshold: 5)
[2024-10-15 02:03:55,503][INFO] Step 24: size: 24, coverage: 81.67%, cost: 26.0
[2024-10-15 02:03:55,514][INFO] Priority check: 11.881363090524964 -> False (Threshold: 5)
[2024-10-15 02:03:55,514][INFO] Step 25: size: 25, coverage: 83.67%, cost: 28.0
[2024-10-15 02:03:55,525][INFO] Priority check: 11.878613368384189 -> False (Threshold: 5)
[2024-10-15 02:03:55,525][INFO] Step 26: size: 26, coverage: 85.67%, cost: 30.0
[2024-10-15 02:03:55,536][INFO] Priority check: 11.86576541521401 -> False (Threshold: 5)
[2024-10-15 02:03:55,536][INFO] Step 27: size: 27, coverage: 87.00%, cost: 32.0
[2024-10-15 02:03:55,547][INFO] Priority check: 11.840080236214618 -> False (Threshold: 5)
[2024-10-15 02:03:55,547][INFO] Step 28: size: 28, coverage: 88.33%, cost: 34.0
[2024-10-15 02:03:55,558][INFO] Priority check: 11.824352930381528 -> False (Threshold: 5)
[2024-10-15 02:03:55,558][INFO] Step 29: size: 29, coverage: 89.33%, cost: 36.0
[2024-10-15 02:03:55,569][INFO] Priority check: 11.808206186095047 -> False (Threshold: 5)
[2024-10-15 02:03:55,569][INFO] Step 30: size: 30, coverage: 90.33%, cost: 38.0
[2024-10-15 02:03:55,580][INFO] Priority check: 11.809847115390143 -> False (Threshold: 5)
[2024-10-15 02:03:55,580][INFO] Step 31: size: 31, coverage: 92.00%, cost: 42.0
[2024-10-15 02:03:55,592][INFO] Priority check: 11.802777450903475 -> False (Threshold: 5)
[2024-10-15 02:03:55,592][INFO] Step 32: size: 32, coverage: 92.33%, cost: 43.0
[2024-10-15 02:03:55,603][INFO] Priority check: 11.80042325041305 -> False (Threshold: 5)
[2024-10-15 02:03:55,603][INFO] Step 33: size: 33, coverage: 92.67%, cost: 44.0
[2024-10-15 02:03:55,614][INFO] Priority check: 11.798540399369559 -> False (Threshold: 5)
[2024-10-15 02:03:55,614][INFO] Step 34: size: 34, coverage: 93.33%, cost: 46.0
[2024-10-15 02:03:55,626][INFO] Priority check: 11.809683409059796 -> False (Threshold: 5)
[2024-10-15 02:03:55,626][INFO] Step 35: size: 35, coverage: 94.00%, cost: 48.0
[2024-10-15 02:03:55,637][INFO] Priority check: 11.807671235260575 -> False (Threshold: 5)
[2024-10-15 02:03:55,637][INFO] Step 36: size: 36, coverage: 94.67%, cost: 50.0
[2024-10-15 02:03:55,648][INFO] Priority check: 11.770023600467228 -> False (Threshold: 5)
[2024-10-15 02:03:55,648][INFO] Step 37: size: 37, coverage: 95.33%, cost: 52.0
[2024-10-15 02:03:55,660][INFO] Priority check: 11.777603981946223 -> False (Threshold: 5)
[2024-10-15 02:03:55,660][INFO] Step 38: size: 38, coverage: 96.33%, cost: 55.0
[2024-10-15 02:03:55,672][INFO] Priority check: 11.766806420322098 -> False (Threshold: 5)
[2024-10-15 02:03:55,672][INFO] Step 39: size: 39, coverage: 97.00%, cost: 58.0
[2024-10-15 02:03:55,683][INFO] Priority check: 11.777717190619846 -> False (Threshold: 5)
[2024-10-15 02:03:55,683][INFO] Step 40: size: 40, coverage: 98.00%, cost: 63.0
[2024-10-15 02:03:55,695][INFO] Priority check: 11.801224041975006 -> False (Threshold: 5)
[2024-10-15 02:03:55,695][INFO] Step 41: size: 41, coverage: 98.33%, cost: 65.0
[2024-10-15 02:03:55,706][INFO] Priority check: 11.80433959750961 -> False (Threshold: 5)
[2024-10-15 02:03:55,707][INFO] Step 42: size: 42, coverage: 98.67%, cost: 67.0
[2024-10-15 02:03:55,718][INFO] Priority check: 11.795251398573733 -> False (Threshold: 5)
[2024-10-15 02:03:55,718][INFO] Step 43: size: 43, coverage: 99.00%, cost: 69.0
[2024-10-15 02:03:55,730][INFO] Priority check: 11.801812949241691 -> False (Threshold: 5)
[2024-10-15 02:03:55,730][INFO] Step 44: size: 44, coverage: 99.67%, cost: 74.0
[2024-10-15 02:03:55,742][INFO] Priority check: 11.793860926581912 -> False (Threshold: 5)
[2024-10-15 02:03:55,742][INFO] Step 45: size: 45, coverage: 100.00%, cost: 77.0
[2024-10-15 02:03:57,688][INFO] Explored 72573 neighbors, found 5189 feasible (7.15%)
[2024-10-15 02:03:57,696][INFO] Redundancy elimination: [np.int64(23), np.int64(43), np.int64(22)] -> cost: 4.0
[2024-10-15 02:03:57,696][INFO] Redundancy elimination: [np.int64(11)] -> cost: 1.0
[2024-10-15 02:03:57,697][INFO] Redundancy elimination: [np.int64(22), np.int64(23)] -> cost: 2.0
[2024-10-15 02:03:57,697][INFO] Redundancy elimination: [np.int64(43), np.int64(22)] -> cost: 3.0
[2024-10-15 02:03:57,697][INFO] Size: 45 -> 42
[2024-10-15 02:03:57,697][INFO] Cost: 77.0 -> 73.0
[2024-10-15 02:03:57,697][INFO] Step 0: cost -> 76.0
[2024-10-15 02:03:59,480][INFO] Explored 70094 neighbors, found 1257 feasible (1.79%)
[2024-10-15 02:03:59,481][INFO] Step 1: cost -> 72.0
[2024-10-15 02:04:01,260][INFO] Explored 70094 neighbors, found 1257 feasible (1.79%)
[2024-10-15 02:04:01,261][INFO] Step 2: cost -> 72.0
[2024-10-15 02:11:07,148][INFO] Priority check: 11.88783645393709 -> False (Threshold: 5)
[2024-10-15 02:11:07,148][INFO] Step 1: size: 1, coverage: 7.67%, cost: 1.0
[2024-10-15 02:11:07,159][INFO] Priority check: 11.893039981434521 -> False (Threshold: 5)
[2024-10-15 02:11:07,159][INFO] Step 2: size: 2, coverage: 14.33%, cost: 2.0
[2024-10-15 02:11:07,170][INFO] Priority check: 11.894665003923212 -> False (Threshold: 5)
[2024-10-15 02:11:07,170][INFO] Step 3: size: 3, coverage: 20.00%, cost: 3.0
[2024-10-15 02:11:07,181][INFO] Priority check: 11.894952711129203 -> False (Threshold: 5)
[2024-10-15 02:11:07,181][INFO] Step 4: size: 4, coverage: 25.67%, cost: 4.0
[2024-10-15 02:11:07,192][INFO] Priority check: 11.87939906822825 -> False (Threshold: 5)
[2024-10-15 02:11:07,192][INFO] Step 5: size: 5, coverage: 30.67%, cost: 5.0
[2024-10-15 02:11:07,203][INFO] Priority check: 11.889306119366259 -> False (Threshold: 5)
[2024-10-15 02:11:07,203][INFO] Step 6: size: 6, coverage: 35.67%, cost: 6.0
[2024-10-15 02:11:07,214][INFO] Priority check: 11.892243503879138 -> False (Threshold: 5)
[2024-10-15 02:11:07,215][INFO] Step 7: size: 7, coverage: 40.00%, cost: 7.0
[2024-10-15 02:11:07,226][INFO] Priority check: 11.917667090873485 -> False (Threshold: 5)
[2024-10-15 02:11:07,226][INFO] Step 8: size: 8, coverage: 44.00%, cost: 8.0
[2024-10-15 02:11:07,237][INFO] Priority check: 11.910695007242674 -> False (Threshold: 5)
[2024-10-15 02:11:07,237][INFO] Step 9: size: 9, coverage: 47.67%, cost: 9.0
[2024-10-15 02:11:07,248][INFO] Priority check: 11.92302347933983 -> False (Threshold: 5)
[2024-10-15 02:11:07,248][INFO] Step 10: size: 10, coverage: 51.33%, cost: 10.0
[2024-10-15 02:11:07,259][INFO] Priority check: 11.91410881639449 -> False (Threshold: 5)
[2024-10-15 02:11:07,259][INFO] Step 11: size: 11, coverage: 54.67%, cost: 11.0
[2024-10-15 02:11:07,270][INFO] Priority check: 11.928278258919944 -> False (Threshold: 5)
[2024-10-15 02:11:07,270][INFO] Step 12: size: 12, coverage: 57.67%, cost: 12.0
[2024-10-15 02:11:07,281][INFO] Priority check: 11.927838585985867 -> False (Threshold: 5)
[2024-10-15 02:11:07,281][INFO] Step 13: size: 13, coverage: 60.33%, cost: 13.0
[2024-10-15 02:11:07,292][INFO] Priority check: 11.91541671766269 -> False (Threshold: 5)
[2024-10-15 02:11:07,292][INFO] Step 14: size: 14, coverage: 63.00%, cost: 14.0
[2024-10-15 02:11:07,303][INFO] Priority check: 11.89663818059539 -> False (Threshold: 5)
[2024-10-15 02:11:07,303][INFO] Step 15: size: 15, coverage: 65.33%, cost: 15.0
[2024-10-15 02:11:07,313][INFO] Priority check: 11.90063677101169 -> False (Threshold: 5)
[2024-10-15 02:11:07,313][INFO] Step 16: size: 16, coverage: 67.67%, cost: 16.0
[2024-10-15 02:11:07,324][INFO] Priority check: 11.88867388175261 -> False (Threshold: 5)
[2024-10-15 02:11:07,324][INFO] Step 17: size: 17, coverage: 69.33%, cost: 17.0
[2024-10-15 02:11:07,335][INFO] Priority check: 11.889853751086353 -> False (Threshold: 5)
[2024-10-15 02:11:07,335][INFO] Step 18: size: 18, coverage: 72.67%, cost: 19.0
[2024-10-15 02:11:07,346][INFO] Priority check: 11.885929590159208 -> False (Threshold: 5)
[2024-10-15 02:11:07,346][INFO] Step 19: size: 19, coverage: 75.67%, cost: 21.0
[2024-10-15 02:11:07,357][INFO] Priority check: 11.911736042892972 -> False (Threshold: 5)
[2024-10-15 02:11:07,357][INFO] Step 20: size: 20, coverage: 77.00%, cost: 22.0
[2024-10-15 02:11:07,368][INFO] Priority check: 11.90243485827818 -> False (Threshold: 5)
[2024-10-15 02:11:07,368][INFO] Step 21: size: 21, coverage: 78.33%, cost: 23.0
[2024-10-15 02:11:07,379][INFO] Priority check: 11.906069413911919 -> False (Threshold: 5)
[2024-10-15 02:11:07,379][INFO] Step 22: size: 22, coverage: 79.67%, cost: 24.0
[2024-10-15 02:11:07,389][INFO] Priority check: 11.888498176342077 -> False (Threshold: 5)
[2024-10-15 02:11:07,390][INFO] Step 23: size: 23, coverage: 80.67%, cost: 25.0
[2024-10-15 02:11:07,400][INFO] Priority check: 11.88652411580255 -> False (Threshold: 5)
[2024-10-15 02:11:07,400][INFO] Step 24: size: 24, coverage: 81.67%, cost: 26.0
[2024-10-15 02:11:07,411][INFO] Priority check: 11.881363090524964 -> False (Threshold: 5)
[2024-10-15 02:11:07,411][INFO] Step 25: size: 25, coverage: 83.67%, cost: 28.0
[2024-10-15 02:11:07,422][INFO] Priority check: 11.878613368384189 -> False (Threshold: 5)
[2024-10-15 02:11:07,423][INFO] Step 26: size: 26, coverage: 85.67%, cost: 30.0
[2024-10-15 02:11:07,434][INFO] Priority check: 11.86576541521401 -> False (Threshold: 5)
[2024-10-15 02:11:07,434][INFO] Step 27: size: 27, coverage: 87.00%, cost: 32.0
[2024-10-15 02:11:07,445][INFO] Priority check: 11.840080236214618 -> False (Threshold: 5)
[2024-10-15 02:11:07,445][INFO] Step 28: size: 28, coverage: 88.33%, cost: 34.0
[2024-10-15 02:11:07,456][INFO] Priority check: 11.824352930381528 -> False (Threshold: 5)
[2024-10-15 02:11:07,456][INFO] Step 29: size: 29, coverage: 89.33%, cost: 36.0
[2024-10-15 02:11:07,467][INFO] Priority check: 11.808206186095047 -> False (Threshold: 5)
[2024-10-15 02:11:07,467][INFO] Step 30: size: 30, coverage: 90.33%, cost: 38.0
[2024-10-15 02:11:07,478][INFO] Priority check: 11.809847115390143 -> False (Threshold: 5)
[2024-10-15 02:11:07,478][INFO] Step 31: size: 31, coverage: 92.00%, cost: 42.0
[2024-10-15 02:11:07,489][INFO] Priority check: 11.802777450903475 -> False (Threshold: 5)
[2024-10-15 02:11:07,489][INFO] Step 32: size: 32, coverage: 92.33%, cost: 43.0
[2024-10-15 02:11:07,501][INFO] Priority check: 11.80042325041305 -> False (Threshold: 5)
[2024-10-15 02:11:07,501][INFO] Step 33: size: 33, coverage: 92.67%, cost: 44.0
[2024-10-15 02:11:07,512][INFO] Priority check: 11.798540399369559 -> False (Threshold: 5)
[2024-10-15 02:11:07,512][INFO] Step 34: size: 34, coverage: 93.33%, cost: 46.0
[2024-10-15 02:11:07,523][INFO] Priority check: 11.809683409059796 -> False (Threshold: 5)
[2024-10-15 02:11:07,523][INFO] Step 35: size: 35, coverage: 94.00%, cost: 48.0
[2024-10-15 02:11:07,535][INFO] Priority check: 11.807671235260575 -> False (Threshold: 5)
[2024-10-15 02:11:07,535][INFO] Step 36: size: 36, coverage: 94.67%, cost: 50.0
[2024-10-15 02:11:07,546][INFO] Priority check: 11.770023600467228 -> False (Threshold: 5)
[2024-10-15 02:11:07,546][INFO] Step 37: size: 37, coverage: 95.33%, cost: 52.0
[2024-10-15 02:11:07,558][INFO] Priority check: 11.777603981946223 -> False (Threshold: 5)
[2024-10-15 02:11:07,558][INFO] Step 38: size: 38, coverage: 96.33%, cost: 55.0
[2024-10-15 02:11:07,569][INFO] Priority check: 11.766806420322098 -> False (Threshold: 5)
[2024-10-15 02:11:07,569][INFO] Step 39: size: 39, coverage: 97.00%, cost: 58.0
[2024-10-15 02:11:07,581][INFO] Priority check: 11.777717190619846 -> False (Threshold: 5)
[2024-10-15 02:11:07,581][INFO] Step 40: size: 40, coverage: 98.00%, cost: 63.0
[2024-10-15 02:11:07,592][INFO] Priority check: 11.801224041975006 -> False (Threshold: 5)
[2024-10-15 02:11:07,592][INFO] Step 41: size: 41, coverage: 98.33%, cost: 65.0
[2024-10-15 02:11:07,604][INFO] Priority check: 11.80433959750961 -> False (Threshold: 5)
[2024-10-15 02:11:07,604][INFO] Step 42: size: 42, coverage: 98.67%, cost: 67.0
[2024-10-15 02:11:07,616][INFO] Priority check: 11.795251398573733 -> False (Threshold: 5)
[2024-10-15 02:11:07,616][INFO] Step 43: size: 43, coverage: 99.00%, cost: 69.0
[2024-10-15 02:11:07,628][INFO] Priority check: 11.801812949241691 -> False (Threshold: 5)
[2024-10-15 02:11:07,628][INFO] Step 44: size: 44, coverage: 99.67%, cost: 74.0
[2024-10-15 02:11:07,640][INFO] Priority check: 11.793860926581912 -> False (Threshold: 5)
[2024-10-15 02:11:07,640][INFO] Step 45: size: 45, coverage: 100.00%, cost: 77.0
[2024-10-15 02:11:09,568][INFO] Explored 72573 neighbors, found 5189 feasible (7.15%)
[2024-10-15 02:11:09,576][INFO] Redundancy elimination: [np.int64(23), np.int64(43), np.int64(22)] -> cost: 4.0
[2024-10-15 02:11:09,576][INFO] Redundancy elimination: [np.int64(11)] -> cost: 1.0
[2024-10-15 02:11:09,576][INFO] Redundancy elimination: [np.int64(22), np.int64(23)] -> cost: 2.0
[2024-10-15 02:11:09,576][INFO] Redundancy elimination: [np.int64(43), np.int64(22)] -> cost: 3.0
[2024-10-15 02:11:09,576][INFO] Size: 45 -> 42
[2024-10-15 02:11:09,576][INFO] Cost: 77.0 -> 73.0
[2024-10-15 02:11:09,577][INFO] Step 0: cost -> 76.0
[2024-10-15 02:11:11,348][INFO] Explored 70094 neighbors, found 1257 feasible (1.79%)
[2024-10-15 02:11:11,349][INFO] Step 1: cost -> 72.0
[2024-10-15 02:11:13,132][INFO] Explored 70094 neighbors, found 1257 feasible (1.79%)
[2024-10-15 02:11:13,133][INFO] Step 2: cost -> 72.0
