[2024-10-15 02:04:07,132][INFO] Priority check: 11.77575852711361 -> False (Threshold: 5)
[2024-10-15 02:04:07,132][INFO] Step 1: size: 1, coverage: 7.00%, cost: 1.0
[2024-10-15 02:04:07,143][INFO] Priority check: 11.762782645086814 -> False (Threshold: 5)
[2024-10-15 02:04:07,143][INFO] Step 2: size: 2, coverage: 13.67%, cost: 2.0
[2024-10-15 02:04:07,154][INFO] Priority check: 11.779112869821734 -> False (Threshold: 5)
[2024-10-15 02:04:07,154][INFO] Step 3: size: 3, coverage: 19.67%, cost: 3.0
[2024-10-15 02:04:07,165][INFO] Priority check: 11.77552782492384 -> False (Threshold: 5)
[2024-10-15 02:04:07,165][INFO] Step 4: size: 4, coverage: 25.00%, cost: 4.0
[2024-10-15 02:04:07,176][INFO] Priority check: 11.786562499539702 -> False (Threshold: 5)
[2024-10-15 02:04:07,176][INFO] Step 5: size: 5, coverage: 30.33%, cost: 5.0
[2024-10-15 02:04:07,188][INFO] Priority check: 11.771552809869885 -> False (Threshold: 5)
[2024-10-15 02:04:07,188][INFO] Step 6: size: 6, coverage: 34.67%, cost: 6.0
[2024-10-15 02:04:07,199][INFO] Priority check: 11.763020681591762 -> False (Threshold: 5)
[2024-10-15 02:04:07,199][INFO] Step 7: size: 7, coverage: 38.67%, cost: 7.0
[2024-10-15 02:04:07,210][INFO] Priority check: 11.732035439579764 -> False (Threshold: 5)
[2024-10-15 02:04:07,210][INFO] Step 8: size: 8, coverage: 42.00%, cost: 8.0
[2024-10-15 02:04:07,221][INFO] Priority check: 11.740942135204577 -> False (Threshold: 5)
[2024-10-15 02:04:07,221][INFO] Step 9: size: 9, coverage: 45.00%, cost: 9.0
[2024-10-15 02:04:07,232][INFO] Priority check: 11.743819178141703 -> False (Threshold: 5)
[2024-10-15 02:04:07,232][INFO] Step 10: size: 10, coverage: 48.00%, cost: 10.0
[2024-10-15 02:04:07,243][INFO] Priority check: 11.75335224048394 -> False (Threshold: 5)
[2024-10-15 02:04:07,243][INFO] Step 11: size: 11, coverage: 50.67%, cost: 11.0
[2024-10-15 02:04:07,254][INFO] Priority check: 11.750295977359702 -> False (Threshold: 5)
[2024-10-15 02:04:07,254][INFO] Step 12: size: 12, coverage: 53.00%, cost: 12.0
[2024-10-15 02:04:07,266][INFO] Priority check: 11.753550763729043 -> False (Threshold: 5)
[2024-10-15 02:04:07,266][INFO] Step 13: size: 13, coverage: 55.33%, cost: 13.0
[2024-10-15 02:04:07,277][INFO] Priority check: 11.772095065119982 -> False (Threshold: 5)
[2024-10-15 02:04:07,277][INFO] Step 14: size: 14, coverage: 57.33%, cost: 14.0
[2024-10-15 02:04:07,288][INFO] Priority check: 11.791369254199822 -> False (Threshold: 5)
[2024-10-15 02:04:07,288][INFO] Step 15: size: 15, coverage: 59.33%, cost: 15.0
[2024-10-15 02:04:07,299][INFO] Priority check: 11.780723897772818 -> False (Threshold: 5)
[2024-10-15 02:04:07,299][INFO] Step 16: size: 16, coverage: 63.00%, cost: 17.0
[2024-10-15 02:04:07,309][INFO] Priority check: 11.77463186496952 -> False (Threshold: 5)
[2024-10-15 02:04:07,309][INFO] Step 17: size: 17, coverage: 64.67%, cost: 18.0
[2024-10-15 02:04:07,320][INFO] Priority check: 11.765079685238005 -> False (Threshold: 5)
[2024-10-15 02:04:07,320][INFO] Step 18: size: 18, coverage: 66.33%, cost: 19.0
[2024-10-15 02:04:07,331][INFO] Priority check: 11.779727878388739 -> False (Threshold: 5)
[2024-10-15 02:04:07,331][INFO] Step 19: size: 19, coverage: 68.00%, cost: 20.0
[2024-10-15 02:04:07,342][INFO] Priority check: 11.783835915731723 -> False (Threshold: 5)
[2024-10-15 02:04:07,342][INFO] Step 20: size: 20, coverage: 71.33%, cost: 22.0
[2024-10-15 02:04:07,353][INFO] Priority check: 11.779705240605791 -> False (Threshold: 5)
[2024-10-15 02:04:07,353][INFO] Step 21: size: 21, coverage: 73.67%, cost: 24.0
[2024-10-15 02:04:07,364][INFO] Priority check: 11.788082494150133 -> False (Threshold: 5)
[2024-10-15 02:04:07,364][INFO] Step 22: size: 22, coverage: 76.00%, cost: 26.0
[2024-10-15 02:04:07,375][INFO] Priority check: 11.784304061853726 -> False (Threshold: 5)
[2024-10-15 02:04:07,375][INFO] Step 23: size: 23, coverage: 78.33%, cost: 28.0
[2024-10-15 02:04:07,386][INFO] Priority check: 11.767289407505876 -> False (Threshold: 5)
[2024-10-15 02:04:07,386][INFO] Step 24: size: 24, coverage: 81.00%, cost: 31.0
[2024-10-15 02:04:07,397][INFO] Priority check: 11.76064009973758 -> False (Threshold: 5)
[2024-10-15 02:04:07,397][INFO] Step 25: size: 25, coverage: 83.33%, cost: 34.0
[2024-10-15 02:04:07,408][INFO] Priority check: 11.762416135018066 -> False (Threshold: 5)
[2024-10-15 02:04:07,408][INFO] Step 26: size: 26, coverage: 84.67%, cost: 36.0
[2024-10-15 02:04:07,419][INFO] Priority check: 11.740338817749493 -> False (Threshold: 5)
[2024-10-15 02:04:07,419][INFO] Step 27: size: 27, coverage: 86.00%, cost: 38.0
[2024-10-15 02:04:07,430][INFO] Priority check: 11.744753438592626 -> False (Threshold: 5)
[2024-10-15 02:04:07,430][INFO] Step 28: size: 28, coverage: 88.00%, cost: 41.0
[2024-10-15 02:04:07,441][INFO] Priority check: 11.752491934337444 -> False (Threshold: 5)
[2024-10-15 02:04:07,441][INFO] Step 29: size: 29, coverage: 89.67%, cost: 44.0
[2024-10-15 02:04:07,452][INFO] Priority check: 11.73504532964781 -> False (Threshold: 5)
[2024-10-15 02:04:07,453][INFO] Step 30: size: 30, coverage: 90.67%, cost: 46.0
[2024-10-15 02:04:07,464][INFO] Priority check: 11.73053944009207 -> False (Threshold: 5)
[2024-10-15 02:04:07,464][INFO] Step 31: size: 31, coverage: 91.67%, cost: 48.0
[2024-10-15 02:04:07,475][INFO] Priority check: 11.739238570802717 -> False (Threshold: 5)
[2024-10-15 02:04:07,475][INFO] Step 32: size: 32, coverage: 92.67%, cost: 50.0
[2024-10-15 02:04:07,486][INFO] Priority check: 11.730273748818577 -> False (Threshold: 5)
[2024-10-15 02:04:07,486][INFO] Step 33: size: 33, coverage: 94.00%, cost: 53.0
[2024-10-15 02:04:07,497][INFO] Priority check: 11.727481495283726 -> False (Threshold: 5)
[2024-10-15 02:04:07,498][INFO] Step 34: size: 34, coverage: 94.67%, cost: 55.0
[2024-10-15 02:04:07,509][INFO] Priority check: 11.729016251255782 -> False (Threshold: 5)
[2024-10-15 02:04:07,509][INFO] Step 35: size: 35, coverage: 95.33%, cost: 57.0
[2024-10-15 02:04:07,520][INFO] Priority check: 11.726453949179275 -> False (Threshold: 5)
[2024-10-15 02:04:07,521][INFO] Step 36: size: 36, coverage: 96.00%, cost: 60.0
[2024-10-15 02:04:07,532][INFO] Priority check: 11.718674081235566 -> False (Threshold: 5)
[2024-10-15 02:04:07,532][INFO] Step 37: size: 37, coverage: 96.33%, cost: 62.0
[2024-10-15 02:04:07,544][INFO] Priority check: 11.725440527142489 -> False (Threshold: 5)
[2024-10-15 02:04:07,544][INFO] Step 38: size: 38, coverage: 96.67%, cost: 64.0
[2024-10-15 02:04:07,555][INFO] Priority check: 11.707422147224953 -> False (Threshold: 5)
[2024-10-15 02:04:07,555][INFO] Step 39: size: 39, coverage: 97.00%, cost: 66.0
[2024-10-15 02:04:07,567][INFO] Priority check: 11.706774392063199 -> False (Threshold: 5)
[2024-10-15 02:04:07,567][INFO] Step 40: size: 40, coverage: 97.33%, cost: 68.0
[2024-10-15 02:04:07,578][INFO] Priority check: 11.711037528758926 -> False (Threshold: 5)
[2024-10-15 02:04:07,579][INFO] Step 41: size: 41, coverage: 97.67%, cost: 70.0
[2024-10-15 02:04:07,590][INFO] Priority check: 11.723906724675391 -> False (Threshold: 5)
[2024-10-15 02:04:07,590][INFO] Step 42: size: 42, coverage: 98.00%, cost: 72.0
[2024-10-15 02:04:07,602][INFO] Priority check: 11.709589612317286 -> False (Threshold: 5)
[2024-10-15 02:04:07,602][INFO] Step 43: size: 43, coverage: 98.67%, cost: 77.0
[2024-10-15 02:04:07,614][INFO] Priority check: 11.71599618754917 -> False (Threshold: 5)
[2024-10-15 02:04:07,614][INFO] Step 44: size: 44, coverage: 99.00%, cost: 80.0
[2024-10-15 02:04:07,626][INFO] Priority check: 11.707830238301582 -> False (Threshold: 5)
[2024-10-15 02:04:07,626][INFO] Step 45: size: 45, coverage: 99.33%, cost: 83.0
[2024-10-15 02:04:07,638][INFO] Priority check: 11.687256117479224 -> False (Threshold: 5)
[2024-10-15 02:04:07,638][INFO] Step 46: size: 46, coverage: 99.67%, cost: 86.0
[2024-10-15 02:04:07,650][INFO] Priority check: 11.69359321261956 -> False (Threshold: 5)
[2024-10-15 02:04:07,650][INFO] Step 47: size: 47, coverage: 100.00%, cost: 89.0
[2024-10-15 02:04:09,294][INFO] Explored 56499 neighbors, found 7453 feasible (13.19%)
[2024-10-15 02:04:09,310][INFO] Redundancy elimination: [np.int64(11), np.int64(22), np.int64(19), np.int64(55)] -> cost: 7.0
[2024-10-15 02:04:09,310][INFO] Redundancy elimination: [np.int64(19), np.int64(22), np.int64(55), np.int64(11)] -> cost: 7.0
[2024-10-15 02:04:09,310][INFO] Redundancy elimination: [np.int64(10)] -> cost: 1.0
[2024-10-15 02:04:09,310][INFO] Redundancy elimination: [np.int64(22), np.int64(19), np.int64(11), np.int64(55)] -> cost: 7.0
[2024-10-15 02:04:09,310][INFO] Redundancy elimination: [np.int64(55), np.int64(19), np.int64(11), np.int64(22)] -> cost: 7.0
[2024-10-15 02:04:09,311][INFO] Size: 47 -> 43
[2024-10-15 02:04:09,311][INFO] Cost: 89.0 -> 82.0
[2024-10-15 02:04:09,311][INFO] Step 0: cost -> 87.0
[2024-10-15 02:04:10,682][INFO] Explored 49893 neighbors, found 381 feasible (0.76%)
[2024-10-15 02:04:10,683][INFO] Step 1: cost -> 82.0
[2024-10-15 02:04:12,054][INFO] Explored 49893 neighbors, found 381 feasible (0.76%)
[2024-10-15 02:04:12,055][INFO] Step 2: cost -> 82.0
[2024-10-15 02:11:18,985][INFO] Priority check: 11.77575852711361 -> False (Threshold: 5)
[2024-10-15 02:11:18,985][INFO] Step 1: size: 1, coverage: 7.00%, cost: 1.0
[2024-10-15 02:11:18,996][INFO] Priority check: 11.762782645086814 -> False (Threshold: 5)
[2024-10-15 02:11:18,996][INFO] Step 2: size: 2, coverage: 13.67%, cost: 2.0
[2024-10-15 02:11:19,008][INFO] Priority check: 11.779112869821734 -> False (Threshold: 5)
[2024-10-15 02:11:19,008][INFO] Step 3: size: 3, coverage: 19.67%, cost: 3.0
[2024-10-15 02:11:19,019][INFO] Priority check: 11.77552782492384 -> False (Threshold: 5)
[2024-10-15 02:11:19,019][INFO] Step 4: size: 4, coverage: 25.00%, cost: 4.0
[2024-10-15 02:11:19,030][INFO] Priority check: 11.786562499539702 -> False (Threshold: 5)
[2024-10-15 02:11:19,030][INFO] Step 5: size: 5, coverage: 30.33%, cost: 5.0
[2024-10-15 02:11:19,041][INFO] Priority check: 11.771552809869885 -> False (Threshold: 5)
[2024-10-15 02:11:19,041][INFO] Step 6: size: 6, coverage: 34.67%, cost: 6.0
[2024-10-15 02:11:19,052][INFO] Priority check: 11.763020681591762 -> False (Threshold: 5)
[2024-10-15 02:11:19,052][INFO] Step 7: size: 7, coverage: 38.67%, cost: 7.0
[2024-10-15 02:11:19,063][INFO] Priority check: 11.732035439579764 -> False (Threshold: 5)
[2024-10-15 02:11:19,063][INFO] Step 8: size: 8, coverage: 42.00%, cost: 8.0
[2024-10-15 02:11:19,074][INFO] Priority check: 11.740942135204577 -> False (Threshold: 5)
[2024-10-15 02:11:19,074][INFO] Step 9: size: 9, coverage: 45.00%, cost: 9.0
[2024-10-15 02:11:19,086][INFO] Priority check: 11.743819178141703 -> False (Threshold: 5)
[2024-10-15 02:11:19,086][INFO] Step 10: size: 10, coverage: 48.00%, cost: 10.0
[2024-10-15 02:11:19,097][INFO] Priority check: 11.75335224048394 -> False (Threshold: 5)
[2024-10-15 02:11:19,097][INFO] Step 11: size: 11, coverage: 50.67%, cost: 11.0
[2024-10-15 02:11:19,108][INFO] Priority check: 11.750295977359702 -> False (Threshold: 5)
[2024-10-15 02:11:19,108][INFO] Step 12: size: 12, coverage: 53.00%, cost: 12.0
[2024-10-15 02:11:19,119][INFO] Priority check: 11.753550763729043 -> False (Threshold: 5)
[2024-10-15 02:11:19,119][INFO] Step 13: size: 13, coverage: 55.33%, cost: 13.0
[2024-10-15 02:11:19,130][INFO] Priority check: 11.772095065119982 -> False (Threshold: 5)
[2024-10-15 02:11:19,130][INFO] Step 14: size: 14, coverage: 57.33%, cost: 14.0
[2024-10-15 02:11:19,141][INFO] Priority check: 11.791369254199822 -> False (Threshold: 5)
[2024-10-15 02:11:19,141][INFO] Step 15: size: 15, coverage: 59.33%, cost: 15.0
[2024-10-15 02:11:19,152][INFO] Priority check: 11.780723897772818 -> False (Threshold: 5)
[2024-10-15 02:11:19,152][INFO] Step 16: size: 16, coverage: 63.00%, cost: 17.0
[2024-10-15 02:11:19,163][INFO] Priority check: 11.77463186496952 -> False (Threshold: 5)
[2024-10-15 02:11:19,163][INFO] Step 17: size: 17, coverage: 64.67%, cost: 18.0
[2024-10-15 02:11:19,174][INFO] Priority check: 11.765079685238005 -> False (Threshold: 5)
[2024-10-15 02:11:19,174][INFO] Step 18: size: 18, coverage: 66.33%, cost: 19.0
[2024-10-15 02:11:19,185][INFO] Priority check: 11.779727878388739 -> False (Threshold: 5)
[2024-10-15 02:11:19,185][INFO] Step 19: size: 19, coverage: 68.00%, cost: 20.0
[2024-10-15 02:11:19,196][INFO] Priority check: 11.783835915731723 -> False (Threshold: 5)
[2024-10-15 02:11:19,196][INFO] Step 20: size: 20, coverage: 71.33%, cost: 22.0
[2024-10-15 02:11:19,207][INFO] Priority check: 11.779705240605791 -> False (Threshold: 5)
[2024-10-15 02:11:19,207][INFO] Step 21: size: 21, coverage: 73.67%, cost: 24.0
[2024-10-15 02:11:19,218][INFO] Priority check: 11.788082494150133 -> False (Threshold: 5)
[2024-10-15 02:11:19,218][INFO] Step 22: size: 22, coverage: 76.00%, cost: 26.0
[2024-10-15 02:11:19,229][INFO] Priority check: 11.784304061853726 -> False (Threshold: 5)
[2024-10-15 02:11:19,229][INFO] Step 23: size: 23, coverage: 78.33%, cost: 28.0
[2024-10-15 02:11:19,240][INFO] Priority check: 11.767289407505876 -> False (Threshold: 5)
[2024-10-15 02:11:19,240][INFO] Step 24: size: 24, coverage: 81.00%, cost: 31.0
[2024-10-15 02:11:19,251][INFO] Priority check: 11.76064009973758 -> False (Threshold: 5)
[2024-10-15 02:11:19,251][INFO] Step 25: size: 25, coverage: 83.33%, cost: 34.0
[2024-10-15 02:11:19,262][INFO] Priority check: 11.762416135018066 -> False (Threshold: 5)
[2024-10-15 02:11:19,262][INFO] Step 26: size: 26, coverage: 84.67%, cost: 36.0
[2024-10-15 02:11:19,273][INFO] Priority check: 11.740338817749493 -> False (Threshold: 5)
[2024-10-15 02:11:19,273][INFO] Step 27: size: 27, coverage: 86.00%, cost: 38.0
[2024-10-15 02:11:19,284][INFO] Priority check: 11.744753438592626 -> False (Threshold: 5)
[2024-10-15 02:11:19,284][INFO] Step 28: size: 28, coverage: 88.00%, cost: 41.0
[2024-10-15 02:11:19,295][INFO] Priority check: 11.752491934337444 -> False (Threshold: 5)
[2024-10-15 02:11:19,295][INFO] Step 29: size: 29, coverage: 89.67%, cost: 44.0
[2024-10-15 02:11:19,306][INFO] Priority check: 11.73504532964781 -> False (Threshold: 5)
[2024-10-15 02:11:19,306][INFO] Step 30: size: 30, coverage: 90.67%, cost: 46.0
[2024-10-15 02:11:19,317][INFO] Priority check: 11.73053944009207 -> False (Threshold: 5)
[2024-10-15 02:11:19,317][INFO] Step 31: size: 31, coverage: 91.67%, cost: 48.0
[2024-10-15 02:11:19,329][INFO] Priority check: 11.739238570802717 -> False (Threshold: 5)
[2024-10-15 02:11:19,329][INFO] Step 32: size: 32, coverage: 92.67%, cost: 50.0
[2024-10-15 02:11:19,340][INFO] Priority check: 11.730273748818577 -> False (Threshold: 5)
[2024-10-15 02:11:19,340][INFO] Step 33: size: 33, coverage: 94.00%, cost: 53.0
[2024-10-15 02:11:19,351][INFO] Priority check: 11.727481495283726 -> False (Threshold: 5)
[2024-10-15 02:11:19,351][INFO] Step 34: size: 34, coverage: 94.67%, cost: 55.0
[2024-10-15 02:11:19,363][INFO] Priority check: 11.729016251255782 -> False (Threshold: 5)
[2024-10-15 02:11:19,363][INFO] Step 35: size: 35, coverage: 95.33%, cost: 57.0
[2024-10-15 02:11:19,374][INFO] Priority check: 11.726453949179275 -> False (Threshold: 5)
[2024-10-15 02:11:19,374][INFO] Step 36: size: 36, coverage: 96.00%, cost: 60.0
[2024-10-15 02:11:19,385][INFO] Priority check: 11.718674081235566 -> False (Threshold: 5)
[2024-10-15 02:11:19,386][INFO] Step 37: size: 37, coverage: 96.33%, cost: 62.0
[2024-10-15 02:11:19,397][INFO] Priority check: 11.725440527142489 -> False (Threshold: 5)
[2024-10-15 02:11:19,397][INFO] Step 38: size: 38, coverage: 96.67%, cost: 64.0
[2024-10-15 02:11:19,409][INFO] Priority check: 11.707422147224953 -> False (Threshold: 5)
[2024-10-15 02:11:19,409][INFO] Step 39: size: 39, coverage: 97.00%, cost: 66.0
[2024-10-15 02:11:19,420][INFO] Priority check: 11.706774392063199 -> False (Threshold: 5)
[2024-10-15 02:11:19,420][INFO] Step 40: size: 40, coverage: 97.33%, cost: 68.0
[2024-10-15 02:11:19,432][INFO] Priority check: 11.711037528758926 -> False (Threshold: 5)
[2024-10-15 02:11:19,432][INFO] Step 41: size: 41, coverage: 97.67%, cost: 70.0
[2024-10-15 02:11:19,444][INFO] Priority check: 11.723906724675391 -> False (Threshold: 5)
[2024-10-15 02:11:19,444][INFO] Step 42: size: 42, coverage: 98.00%, cost: 72.0
[2024-10-15 02:11:19,455][INFO] Priority check: 11.709589612317286 -> False (Threshold: 5)
[2024-10-15 02:11:19,455][INFO] Step 43: size: 43, coverage: 98.67%, cost: 77.0
[2024-10-15 02:11:19,467][INFO] Priority check: 11.71599618754917 -> False (Threshold: 5)
[2024-10-15 02:11:19,467][INFO] Step 44: size: 44, coverage: 99.00%, cost: 80.0
[2024-10-15 02:11:19,479][INFO] Priority check: 11.707830238301582 -> False (Threshold: 5)
[2024-10-15 02:11:19,479][INFO] Step 45: size: 45, coverage: 99.33%, cost: 83.0
[2024-10-15 02:11:19,491][INFO] Priority check: 11.687256117479224 -> False (Threshold: 5)
[2024-10-15 02:11:19,491][INFO] Step 46: size: 46, coverage: 99.67%, cost: 86.0
[2024-10-15 02:11:19,503][INFO] Priority check: 11.69359321261956 -> False (Threshold: 5)
[2024-10-15 02:11:19,503][INFO] Step 47: size: 47, coverage: 100.00%, cost: 89.0
[2024-10-15 02:11:21,119][INFO] Explored 56499 neighbors, found 7453 feasible (13.19%)
[2024-10-15 02:11:21,136][INFO] Redundancy elimination: [np.int64(11), np.int64(22), np.int64(19), np.int64(55)] -> cost: 7.0
[2024-10-15 02:11:21,136][INFO] Redundancy elimination: [np.int64(19), np.int64(22), np.int64(55), np.int64(11)] -> cost: 7.0
[2024-10-15 02:11:21,136][INFO] Redundancy elimination: [np.int64(10)] -> cost: 1.0
[2024-10-15 02:11:21,136][INFO] Redundancy elimination: [np.int64(22), np.int64(19), np.int64(11), np.int64(55)] -> cost: 7.0
[2024-10-15 02:11:21,136][INFO] Redundancy elimination: [np.int64(55), np.int64(19), np.int64(11), np.int64(22)] -> cost: 7.0
[2024-10-15 02:11:21,136][INFO] Size: 47 -> 43
[2024-10-15 02:11:21,136][INFO] Cost: 89.0 -> 82.0
[2024-10-15 02:11:21,136][INFO] Step 0: cost -> 87.0
[2024-10-15 02:11:22,500][INFO] Explored 49893 neighbors, found 381 feasible (0.76%)
[2024-10-15 02:11:22,501][INFO] Step 1: cost -> 82.0
[2024-10-15 02:11:23,867][INFO] Explored 49893 neighbors, found 381 feasible (0.76%)
[2024-10-15 02:11:23,868][INFO] Step 2: cost -> 82.0
