[2024-10-15 02:04:18,270][INFO] Priority check: 11.868637944880899 -> False (Threshold: 5)
[2024-10-15 02:04:18,270][INFO] Step 1: size: 1, coverage: 7.67%, cost: 1.0
[2024-10-15 02:04:18,281][INFO] Priority check: 11.862639766182829 -> False (Threshold: 5)
[2024-10-15 02:04:18,281][INFO] Step 2: size: 2, coverage: 14.33%, cost: 2.0
[2024-10-15 02:04:18,293][INFO] Priority check: 11.868258320223553 -> False (Threshold: 5)
[2024-10-15 02:04:18,293][INFO] Step 3: size: 3, coverage: 20.67%, cost: 3.0
[2024-10-15 02:04:18,304][INFO] Priority check: 11.843985815594344 -> False (Threshold: 5)
[2024-10-15 02:04:18,304][INFO] Step 4: size: 4, coverage: 26.00%, cost: 4.0
[2024-10-15 02:04:18,315][INFO] Priority check: 11.841401474863053 -> False (Threshold: 5)
[2024-10-15 02:04:18,315][INFO] Step 5: size: 5, coverage: 31.00%, cost: 5.0
[2024-10-15 02:04:18,326][INFO] Priority check: 11.843646210333858 -> False (Threshold: 5)
[2024-10-15 02:04:18,326][INFO] Step 6: size: 6, coverage: 35.67%, cost: 6.0
[2024-10-15 02:04:18,337][INFO] Priority check: 11.867169933148435 -> False (Threshold: 5)
[2024-10-15 02:04:18,337][INFO] Step 7: size: 7, coverage: 40.00%, cost: 7.0
[2024-10-15 02:04:18,349][INFO] Priority check: 11.881868072356673 -> False (Threshold: 5)
[2024-10-15 02:04:18,349][INFO] Step 8: size: 8, coverage: 43.67%, cost: 8.0
[2024-10-15 02:04:18,360][INFO] Priority check: 11.84732693714306 -> False (Threshold: 5)
[2024-10-15 02:04:18,360][INFO] Step 9: size: 9, coverage: 47.00%, cost: 9.0
[2024-10-15 02:04:18,371][INFO] Priority check: 11.834084483201712 -> False (Threshold: 5)
[2024-10-15 02:04:18,371][INFO] Step 10: size: 10, coverage: 50.33%, cost: 10.0
[2024-10-15 02:04:18,382][INFO] Priority check: 11.826371191348407 -> False (Threshold: 5)
[2024-10-15 02:04:18,382][INFO] Step 11: size: 11, coverage: 53.00%, cost: 11.0
[2024-10-15 02:04:18,393][INFO] Priority check: 11.819811993240652 -> False (Threshold: 5)
[2024-10-15 02:04:18,393][INFO] Step 12: size: 12, coverage: 55.67%, cost: 12.0
[2024-10-15 02:04:18,404][INFO] Priority check: 11.790842020634301 -> False (Threshold: 5)
[2024-10-15 02:04:18,405][INFO] Step 13: size: 13, coverage: 58.00%, cost: 13.0
[2024-10-15 02:04:18,415][INFO] Priority check: 11.787045148523584 -> False (Threshold: 5)
[2024-10-15 02:04:18,415][INFO] Step 14: size: 14, coverage: 60.00%, cost: 14.0
[2024-10-15 02:04:18,426][INFO] Priority check: 11.76778040054944 -> False (Threshold: 5)
[2024-10-15 02:04:18,426][INFO] Step 15: size: 15, coverage: 63.67%, cost: 16.0
[2024-10-15 02:04:18,437][INFO] Priority check: 11.743618125035686 -> False (Threshold: 5)
[2024-10-15 02:04:18,437][INFO] Step 16: size: 16, coverage: 65.33%, cost: 17.0
[2024-10-15 02:04:18,448][INFO] Priority check: 11.706926249969383 -> False (Threshold: 5)
[2024-10-15 02:04:18,448][INFO] Step 17: size: 17, coverage: 67.00%, cost: 18.0
[2024-10-15 02:04:18,459][INFO] Priority check: 11.702869543644223 -> False (Threshold: 5)
[2024-10-15 02:04:18,459][INFO] Step 18: size: 18, coverage: 68.67%, cost: 19.0
[2024-10-15 02:04:18,470][INFO] Priority check: 11.702903723245592 -> False (Threshold: 5)
[2024-10-15 02:04:18,470][INFO] Step 19: size: 19, coverage: 70.33%, cost: 20.0
[2024-10-15 02:04:18,481][INFO] Priority check: 11.721575074290238 -> False (Threshold: 5)
[2024-10-15 02:04:18,481][INFO] Step 20: size: 20, coverage: 73.33%, cost: 22.0
[2024-10-15 02:04:18,492][INFO] Priority check: 11.700216522213026 -> False (Threshold: 5)
[2024-10-15 02:04:18,492][INFO] Step 21: size: 21, coverage: 74.67%, cost: 23.0
[2024-10-15 02:04:18,503][INFO] Priority check: 11.695189419396147 -> False (Threshold: 5)
[2024-10-15 02:04:18,503][INFO] Step 22: size: 22, coverage: 77.33%, cost: 25.0
[2024-10-15 02:04:18,514][INFO] Priority check: 11.699384599200078 -> False (Threshold: 5)
[2024-10-15 02:04:18,515][INFO] Step 23: size: 23, coverage: 79.67%, cost: 27.0
[2024-10-15 02:04:18,526][INFO] Priority check: 11.698233009970162 -> False (Threshold: 5)
[2024-10-15 02:04:18,526][INFO] Step 24: size: 24, coverage: 80.67%, cost: 28.0
[2024-10-15 02:04:18,537][INFO] Priority check: 11.681645146696304 -> False (Threshold: 5)
[2024-10-15 02:04:18,537][INFO] Step 25: size: 25, coverage: 81.67%, cost: 29.0
[2024-10-15 02:04:18,548][INFO] Priority check: 11.702791215014571 -> False (Threshold: 5)
[2024-10-15 02:04:18,548][INFO] Step 26: size: 26, coverage: 83.67%, cost: 31.0
[2024-10-15 02:04:18,559][INFO] Priority check: 11.70833701067558 -> False (Threshold: 5)
[2024-10-15 02:04:18,559][INFO] Step 27: size: 27, coverage: 85.33%, cost: 33.0
[2024-10-15 02:04:18,571][INFO] Priority check: 11.715260228531939 -> False (Threshold: 5)
[2024-10-15 02:04:18,571][INFO] Step 28: size: 28, coverage: 87.00%, cost: 35.0
[2024-10-15 02:04:18,582][INFO] Priority check: 11.709988139286146 -> False (Threshold: 5)
[2024-10-15 02:04:18,582][INFO] Step 29: size: 29, coverage: 87.67%, cost: 36.0
[2024-10-15 02:04:18,593][INFO] Priority check: 11.689164498229404 -> False (Threshold: 5)
[2024-10-15 02:04:18,593][INFO] Step 30: size: 30, coverage: 88.33%, cost: 37.0
[2024-10-15 02:04:18,604][INFO] Priority check: 11.677612008549618 -> False (Threshold: 5)
[2024-10-15 02:04:18,604][INFO] Step 31: size: 31, coverage: 89.67%, cost: 39.0
[2024-10-15 02:04:18,616][INFO] Priority check: 11.710204476818024 -> False (Threshold: 5)
[2024-10-15 02:04:18,616][INFO] Step 32: size: 32, coverage: 90.67%, cost: 41.0
[2024-10-15 02:04:18,627][INFO] Priority check: 11.696037315641947 -> False (Threshold: 5)
[2024-10-15 02:04:18,627][INFO] Step 33: size: 33, coverage: 92.00%, cost: 44.0
[2024-10-15 02:04:18,638][INFO] Priority check: 11.705774453471907 -> False (Threshold: 5)
[2024-10-15 02:04:18,639][INFO] Step 34: size: 34, coverage: 92.33%, cost: 45.0
[2024-10-15 02:04:18,650][INFO] Priority check: 11.687683926063178 -> False (Threshold: 5)
[2024-10-15 02:04:18,650][INFO] Step 35: size: 35, coverage: 92.67%, cost: 46.0
[2024-10-15 02:04:18,661][INFO] Priority check: 11.68313123933629 -> False (Threshold: 5)
[2024-10-15 02:04:18,662][INFO] Step 36: size: 36, coverage: 93.33%, cost: 48.0
[2024-10-15 02:04:18,673][INFO] Priority check: 11.70322415215378 -> False (Threshold: 5)
[2024-10-15 02:04:18,673][INFO] Step 37: size: 37, coverage: 94.00%, cost: 50.0
[2024-10-15 02:04:18,685][INFO] Priority check: 11.70735950873068 -> False (Threshold: 5)
[2024-10-15 02:04:18,685][INFO] Step 38: size: 38, coverage: 95.00%, cost: 53.0
[2024-10-15 02:04:18,696][INFO] Priority check: 11.70502029045657 -> False (Threshold: 5)
[2024-10-15 02:04:18,696][INFO] Step 39: size: 39, coverage: 96.00%, cost: 56.0
[2024-10-15 02:04:18,708][INFO] Priority check: 11.712528429942964 -> False (Threshold: 5)
[2024-10-15 02:04:18,708][INFO] Step 40: size: 40, coverage: 97.00%, cost: 60.0
[2024-10-15 02:04:18,720][INFO] Priority check: 11.697281735514453 -> False (Threshold: 5)
[2024-10-15 02:04:18,720][INFO] Step 41: size: 41, coverage: 98.00%, cost: 64.0
[2024-10-15 02:04:18,732][INFO] Priority check: 11.700968146079006 -> False (Threshold: 5)
[2024-10-15 02:04:18,732][INFO] Step 42: size: 42, coverage: 98.67%, cost: 67.0
[2024-10-15 02:04:18,744][INFO] Priority check: 11.683509746647196 -> False (Threshold: 5)
[2024-10-15 02:04:18,744][INFO] Step 43: size: 43, coverage: 99.33%, cost: 72.0
[2024-10-15 02:04:18,756][INFO] Priority check: 11.697583321163203 -> False (Threshold: 5)
[2024-10-15 02:04:18,756][INFO] Step 44: size: 44, coverage: 99.67%, cost: 75.0
[2024-10-15 02:04:18,768][INFO] Priority check: 11.713245588743636 -> False (Threshold: 5)
[2024-10-15 02:04:18,768][INFO] Step 45: size: 45, coverage: 100.00%, cost: 78.0
[2024-10-15 02:04:20,418][INFO] Explored 55809 neighbors, found 4845 feasible (8.68%)
[2024-10-15 02:04:20,429][INFO] Redundancy elimination: [np.int64(11), np.int64(5), np.int64(22)] -> cost: 3.0
[2024-10-15 02:04:20,429][INFO] Redundancy elimination: [np.int64(22), np.int64(1), np.int64(11)] -> cost: 3.0
[2024-10-15 02:04:20,429][INFO] Redundancy elimination: [np.int64(5)] -> cost: 1.0
[2024-10-15 02:04:20,429][INFO] Redundancy elimination: [np.int64(1), np.int64(22), np.int64(11)] -> cost: 3.0
[2024-10-15 02:04:20,429][INFO] Size: 45 -> 42
[2024-10-15 02:04:20,429][INFO] Cost: 78.0 -> 75.0
[2024-10-15 02:04:20,429][INFO] Step 0: cost -> 78.0
[2024-10-15 02:04:21,886][INFO] Explored 54627 neighbors, found 798 feasible (1.46%)
[2024-10-15 02:04:21,887][INFO] Step 1: cost -> 75.0
[2024-10-15 02:04:23,434][INFO] Explored 54627 neighbors, found 798 feasible (1.46%)
[2024-10-15 02:04:23,435][INFO] Step 2: cost -> 75.0
[2024-10-15 02:11:30,064][INFO] Priority check: 11.868637944880899 -> False (Threshold: 5)
[2024-10-15 02:11:30,064][INFO] Step 1: size: 1, coverage: 7.67%, cost: 1.0
[2024-10-15 02:11:30,075][INFO] Priority check: 11.862639766182829 -> False (Threshold: 5)
[2024-10-15 02:11:30,075][INFO] Step 2: size: 2, coverage: 14.33%, cost: 2.0
[2024-10-15 02:11:30,086][INFO] Priority check: 11.868258320223553 -> False (Threshold: 5)
[2024-10-15 02:11:30,086][INFO] Step 3: size: 3, coverage: 20.67%, cost: 3.0
[2024-10-15 02:11:30,097][INFO] Priority check: 11.843985815594344 -> False (Threshold: 5)
[2024-10-15 02:11:30,098][INFO] Step 4: size: 4, coverage: 26.00%, cost: 4.0
[2024-10-15 02:11:30,109][INFO] Priority check: 11.841401474863053 -> False (Threshold: 5)
[2024-10-15 02:11:30,109][INFO] Step 5: size: 5, coverage: 31.00%, cost: 5.0
[2024-10-15 02:11:30,120][INFO] Priority check: 11.843646210333858 -> False (Threshold: 5)
[2024-10-15 02:11:30,120][INFO] Step 6: size: 6, coverage: 35.67%, cost: 6.0
[2024-10-15 02:11:30,131][INFO] Priority check: 11.867169933148435 -> False (Threshold: 5)
[2024-10-15 02:11:30,131][INFO] Step 7: size: 7, coverage: 40.00%, cost: 7.0
[2024-10-15 02:11:30,142][INFO] Priority check: 11.881868072356673 -> False (Threshold: 5)
[2024-10-15 02:11:30,142][INFO] Step 8: size: 8, coverage: 43.67%, cost: 8.0
[2024-10-15 02:11:30,153][INFO] Priority check: 11.84732693714306 -> False (Threshold: 5)
[2024-10-15 02:11:30,153][INFO] Step 9: size: 9, coverage: 47.00%, cost: 9.0
[2024-10-15 02:11:30,164][INFO] Priority check: 11.834084483201712 -> False (Threshold: 5)
[2024-10-15 02:11:30,164][INFO] Step 10: size: 10, coverage: 50.33%, cost: 10.0
[2024-10-15 02:11:30,175][INFO] Priority check: 11.826371191348407 -> False (Threshold: 5)
[2024-10-15 02:11:30,175][INFO] Step 11: size: 11, coverage: 53.00%, cost: 11.0
[2024-10-15 02:11:30,186][INFO] Priority check: 11.819811993240652 -> False (Threshold: 5)
[2024-10-15 02:11:30,186][INFO] Step 12: size: 12, coverage: 55.67%, cost: 12.0
[2024-10-15 02:11:30,197][INFO] Priority check: 11.790842020634301 -> False (Threshold: 5)
[2024-10-15 02:11:30,197][INFO] Step 13: size: 13, coverage: 58.00%, cost: 13.0
[2024-10-15 02:11:30,208][INFO] Priority check: 11.787045148523584 -> False (Threshold: 5)
[2024-10-15 02:11:30,208][INFO] Step 14: size: 14, coverage: 60.00%, cost: 14.0
[2024-10-15 02:11:30,219][INFO] Priority check: 11.76778040054944 -> False (Threshold: 5)
[2024-10-15 02:11:30,219][INFO] Step 15: size: 15, coverage: 63.67%, cost: 16.0
[2024-10-15 02:11:30,230][INFO] Priority check: 11.743618125035686 -> False (Threshold: 5)
[2024-10-15 02:11:30,230][INFO] Step 16: size: 16, coverage: 65.33%, cost: 17.0
[2024-10-15 02:11:30,241][INFO] Priority check: 11.706926249969383 -> False (Threshold: 5)
[2024-10-15 02:11:30,241][INFO] Step 17: size: 17, coverage: 67.00%, cost: 18.0
[2024-10-15 02:11:30,251][INFO] Priority check: 11.702869543644223 -> False (Threshold: 5)
[2024-10-15 02:11:30,252][INFO] Step 18: size: 18, coverage: 68.67%, cost: 19.0
[2024-10-15 02:11:30,262][INFO] Priority check: 11.702903723245592 -> False (Threshold: 5)
[2024-10-15 02:11:30,262][INFO] Step 19: size: 19, coverage: 70.33%, cost: 20.0
[2024-10-15 02:11:30,273][INFO] Priority check: 11.721575074290238 -> False (Threshold: 5)
[2024-10-15 02:11:30,273][INFO] Step 20: size: 20, coverage: 73.33%, cost: 22.0
[2024-10-15 02:11:30,284][INFO] Priority check: 11.700216522213026 -> False (Threshold: 5)
[2024-10-15 02:11:30,284][INFO] Step 21: size: 21, coverage: 74.67%, cost: 23.0
[2024-10-15 02:11:30,295][INFO] Priority check: 11.695189419396147 -> False (Threshold: 5)
[2024-10-15 02:11:30,295][INFO] Step 22: size: 22, coverage: 77.33%, cost: 25.0
[2024-10-15 02:11:30,306][INFO] Priority check: 11.699384599200078 -> False (Threshold: 5)
[2024-10-15 02:11:30,306][INFO] Step 23: size: 23, coverage: 79.67%, cost: 27.0
[2024-10-15 02:11:30,317][INFO] Priority check: 11.698233009970162 -> False (Threshold: 5)
[2024-10-15 02:11:30,317][INFO] Step 24: size: 24, coverage: 80.67%, cost: 28.0
[2024-10-15 02:11:30,328][INFO] Priority check: 11.681645146696304 -> False (Threshold: 5)
[2024-10-15 02:11:30,328][INFO] Step 25: size: 25, coverage: 81.67%, cost: 29.0
[2024-10-15 02:11:30,339][INFO] Priority check: 11.702791215014571 -> False (Threshold: 5)
[2024-10-15 02:11:30,339][INFO] Step 26: size: 26, coverage: 83.67%, cost: 31.0
[2024-10-15 02:11:30,350][INFO] Priority check: 11.70833701067558 -> False (Threshold: 5)
[2024-10-15 02:11:30,350][INFO] Step 27: size: 27, coverage: 85.33%, cost: 33.0
[2024-10-15 02:11:30,362][INFO] Priority check: 11.715260228531939 -> False (Threshold: 5)
[2024-10-15 02:11:30,362][INFO] Step 28: size: 28, coverage: 87.00%, cost: 35.0
[2024-10-15 02:11:30,373][INFO] Priority check: 11.709988139286146 -> False (Threshold: 5)
[2024-10-15 02:11:30,373][INFO] Step 29: size: 29, coverage: 87.67%, cost: 36.0
[2024-10-15 02:11:30,384][INFO] Priority check: 11.689164498229404 -> False (Threshold: 5)
[2024-10-15 02:11:30,384][INFO] Step 30: size: 30, coverage: 88.33%, cost: 37.0
[2024-10-15 02:11:30,395][INFO] Priority check: 11.677612008549618 -> False (Threshold: 5)
[2024-10-15 02:11:30,395][INFO] Step 31: size: 31, coverage: 89.67%, cost: 39.0
[2024-10-15 02:11:30,406][INFO] Priority check: 11.710204476818024 -> False (Threshold: 5)
[2024-10-15 02:11:30,406][INFO] Step 32: size: 32, coverage: 90.67%, cost: 41.0
[2024-10-15 02:11:30,418][INFO] Priority check: 11.696037315641947 -> False (Threshold: 5)
[2024-10-15 02:11:30,418][INFO] Step 33: size: 33, coverage: 92.00%, cost: 44.0
[2024-10-15 02:11:30,429][INFO] Priority check: 11.705774453471907 -> False (Threshold: 5)
[2024-10-15 02:11:30,429][INFO] Step 34: size: 34, coverage: 92.33%, cost: 45.0
[2024-10-15 02:11:30,441][INFO] Priority check: 11.687683926063178 -> False (Threshold: 5)
[2024-10-15 02:11:30,441][INFO] Step 35: size: 35, coverage: 92.67%, cost: 46.0
[2024-10-15 02:11:30,452][INFO] Priority check: 11.68313123933629 -> False (Threshold: 5)
[2024-10-15 02:11:30,452][INFO] Step 36: size: 36, coverage: 93.33%, cost: 48.0
[2024-10-15 02:11:30,463][INFO] Priority check: 11.70322415215378 -> False (Threshold: 5)
[2024-10-15 02:11:30,464][INFO] Step 37: size: 37, coverage: 94.00%, cost: 50.0
[2024-10-15 02:11:30,475][INFO] Priority check: 11.70735950873068 -> False (Threshold: 5)
[2024-10-15 02:11:30,475][INFO] Step 38: size: 38, coverage: 95.00%, cost: 53.0
[2024-10-15 02:11:30,487][INFO] Priority check: 11.70502029045657 -> False (Threshold: 5)
[2024-10-15 02:11:30,487][INFO] Step 39: size: 39, coverage: 96.00%, cost: 56.0
[2024-10-15 02:11:30,498][INFO] Priority check: 11.712528429942964 -> False (Threshold: 5)
[2024-10-15 02:11:30,498][INFO] Step 40: size: 40, coverage: 97.00%, cost: 60.0
[2024-10-15 02:11:30,510][INFO] Priority check: 11.697281735514453 -> False (Threshold: 5)
[2024-10-15 02:11:30,510][INFO] Step 41: size: 41, coverage: 98.00%, cost: 64.0
[2024-10-15 02:11:30,522][INFO] Priority check: 11.700968146079006 -> False (Threshold: 5)
[2024-10-15 02:11:30,522][INFO] Step 42: size: 42, coverage: 98.67%, cost: 67.0
[2024-10-15 02:11:30,534][INFO] Priority check: 11.683509746647196 -> False (Threshold: 5)
[2024-10-15 02:11:30,534][INFO] Step 43: size: 43, coverage: 99.33%, cost: 72.0
[2024-10-15 02:11:30,546][INFO] Priority check: 11.697583321163203 -> False (Threshold: 5)
[2024-10-15 02:11:30,546][INFO] Step 44: size: 44, coverage: 99.67%, cost: 75.0
[2024-10-15 02:11:30,557][INFO] Priority check: 11.713245588743636 -> False (Threshold: 5)
[2024-10-15 02:11:30,557][INFO] Step 45: size: 45, coverage: 100.00%, cost: 78.0
[2024-10-15 02:11:32,111][INFO] Explored 55809 neighbors, found 4845 feasible (8.68%)
[2024-10-15 02:11:32,121][INFO] Redundancy elimination: [np.int64(11), np.int64(5), np.int64(22)] -> cost: 3.0
[2024-10-15 02:11:32,121][INFO] Redundancy elimination: [np.int64(22), np.int64(1), np.int64(11)] -> cost: 3.0
[2024-10-15 02:11:32,121][INFO] Redundancy elimination: [np.int64(5)] -> cost: 1.0
[2024-10-15 02:11:32,121][INFO] Redundancy elimination: [np.int64(1), np.int64(22), np.int64(11)] -> cost: 3.0
[2024-10-15 02:11:32,121][INFO] Size: 45 -> 42
[2024-10-15 02:11:32,121][INFO] Cost: 78.0 -> 75.0
[2024-10-15 02:11:32,121][INFO] Step 0: cost -> 78.0
[2024-10-15 02:11:33,571][INFO] Explored 54627 neighbors, found 798 feasible (1.46%)
[2024-10-15 02:11:33,572][INFO] Step 1: cost -> 75.0
[2024-10-15 02:11:35,020][INFO] Explored 54627 neighbors, found 798 feasible (1.46%)
[2024-10-15 02:11:35,021][INFO] Step 2: cost -> 75.0
