[2024-10-15 02:04:53,483][INFO] Priority check: 8.561353572887876 -> False (Threshold: 5)
[2024-10-15 02:04:53,483][INFO] Step 1: size: 1, coverage: 3.00%, cost: 1.0
[2024-10-15 02:04:53,499][INFO] Priority check: 8.55037864658636 -> False (Threshold: 5)
[2024-10-15 02:04:53,499][INFO] Step 2: size: 2, coverage: 5.75%, cost: 2.0
[2024-10-15 02:04:53,517][INFO] Priority check: 8.554399087603992 -> False (Threshold: 5)
[2024-10-15 02:04:53,517][INFO] Step 3: size: 3, coverage: 8.25%, cost: 3.0
[2024-10-15 02:04:53,534][INFO] Priority check: 8.55219270129012 -> False (Threshold: 5)
[2024-10-15 02:04:53,534][INFO] Step 4: size: 4, coverage: 10.75%, cost: 4.0
[2024-10-15 02:04:53,551][INFO] Priority check: 8.555451113179247 -> False (Threshold: 5)
[2024-10-15 02:04:53,551][INFO] Step 5: size: 5, coverage: 13.25%, cost: 5.0
[2024-10-15 02:04:53,568][INFO] Priority check: 8.543417056424204 -> False (Threshold: 5)
[2024-10-15 02:04:53,568][INFO] Step 6: size: 6, coverage: 15.75%, cost: 6.0
[2024-10-15 02:04:53,585][INFO] Priority check: 8.548485245936849 -> False (Threshold: 5)
[2024-10-15 02:04:53,585][INFO] Step 7: size: 7, coverage: 18.00%, cost: 7.0
[2024-10-15 02:04:53,602][INFO] Priority check: 8.548507179619142 -> False (Threshold: 5)
[2024-10-15 02:04:53,602][INFO] Step 8: size: 8, coverage: 20.25%, cost: 8.0
[2024-10-15 02:04:53,619][INFO] Priority check: 8.558635624327046 -> False (Threshold: 5)
[2024-10-15 02:04:53,619][INFO] Step 9: size: 9, coverage: 22.25%, cost: 9.0
[2024-10-15 02:04:53,636][INFO] Priority check: 8.559307434015908 -> False (Threshold: 5)
[2024-10-15 02:04:53,636][INFO] Step 10: size: 10, coverage: 26.00%, cost: 11.0
[2024-10-15 02:04:53,653][INFO] Priority check: 8.566673800256433 -> False (Threshold: 5)
[2024-10-15 02:04:53,653][INFO] Step 11: size: 11, coverage: 27.75%, cost: 12.0
[2024-10-15 02:04:53,670][INFO] Priority check: 8.56664133426864 -> False (Threshold: 5)
[2024-10-15 02:04:53,670][INFO] Step 12: size: 12, coverage: 29.50%, cost: 13.0
[2024-10-15 02:04:53,687][INFO] Priority check: 8.559542920039597 -> False (Threshold: 5)
[2024-10-15 02:04:53,687][INFO] Step 13: size: 13, coverage: 31.25%, cost: 14.0
[2024-10-15 02:04:53,704][INFO] Priority check: 8.56346746359207 -> False (Threshold: 5)
[2024-10-15 02:04:53,705][INFO] Step 14: size: 14, coverage: 33.00%, cost: 15.0
[2024-10-15 02:04:53,722][INFO] Priority check: 8.554779000652209 -> False (Threshold: 5)
[2024-10-15 02:04:53,722][INFO] Step 15: size: 15, coverage: 34.50%, cost: 16.0
[2024-10-15 02:04:53,739][INFO] Priority check: 8.540490325502395 -> False (Threshold: 5)
[2024-10-15 02:04:53,739][INFO] Step 16: size: 16, coverage: 36.00%, cost: 17.0
[2024-10-15 02:04:53,756][INFO] Priority check: 8.536960451472176 -> False (Threshold: 5)
[2024-10-15 02:04:53,756][INFO] Step 17: size: 17, coverage: 37.50%, cost: 18.0
[2024-10-15 02:04:53,773][INFO] Priority check: 8.541872964988416 -> False (Threshold: 5)
[2024-10-15 02:04:53,773][INFO] Step 18: size: 18, coverage: 39.00%, cost: 19.0
[2024-10-15 02:04:53,790][INFO] Priority check: 8.533579260779149 -> False (Threshold: 5)
[2024-10-15 02:04:53,790][INFO] Step 19: size: 19, coverage: 40.50%, cost: 20.0
[2024-10-15 02:04:53,808][INFO] Priority check: 8.536963379914429 -> False (Threshold: 5)
[2024-10-15 02:04:53,808][INFO] Step 20: size: 20, coverage: 42.00%, cost: 21.0
[2024-10-15 02:04:53,825][INFO] Priority check: 8.542970428955025 -> False (Threshold: 5)
[2024-10-15 02:04:53,825][INFO] Step 21: size: 21, coverage: 44.75%, cost: 23.0
[2024-10-15 02:04:53,842][INFO] Priority check: 8.53558397240634 -> False (Threshold: 5)
[2024-10-15 02:04:53,842][INFO] Step 22: size: 22, coverage: 46.00%, cost: 24.0
[2024-10-15 02:04:53,859][INFO] Priority check: 8.527918855148657 -> False (Threshold: 5)
[2024-10-15 02:04:53,859][INFO] Step 23: size: 23, coverage: 47.25%, cost: 25.0
[2024-10-15 02:04:53,877][INFO] Priority check: 8.523214989075425 -> False (Threshold: 5)
[2024-10-15 02:04:53,877][INFO] Step 24: size: 24, coverage: 48.50%, cost: 26.0
[2024-10-15 02:04:53,894][INFO] Priority check: 8.529425537514236 -> False (Threshold: 5)
[2024-10-15 02:04:53,894][INFO] Step 25: size: 25, coverage: 49.50%, cost: 27.0
[2024-10-15 02:04:53,911][INFO] Priority check: 8.53281313518584 -> False (Threshold: 5)
[2024-10-15 02:04:53,911][INFO] Step 26: size: 26, coverage: 50.50%, cost: 28.0
[2024-10-15 02:04:53,929][INFO] Priority check: 8.538031096218846 -> False (Threshold: 5)
[2024-10-15 02:04:53,929][INFO] Step 27: size: 27, coverage: 51.50%, cost: 29.0
[2024-10-15 02:04:53,946][INFO] Priority check: 8.537136156229442 -> False (Threshold: 5)
[2024-10-15 02:04:53,946][INFO] Step 28: size: 28, coverage: 52.50%, cost: 30.0
[2024-10-15 02:04:53,964][INFO] Priority check: 8.534825349706928 -> False (Threshold: 5)
[2024-10-15 02:04:53,964][INFO] Step 29: size: 29, coverage: 54.50%, cost: 32.0
[2024-10-15 02:04:53,982][INFO] Priority check: 8.540415314842715 -> False (Threshold: 5)
[2024-10-15 02:04:53,982][INFO] Step 30: size: 30, coverage: 56.25%, cost: 34.0
[2024-10-15 02:04:53,999][INFO] Priority check: 8.543763807596743 -> False (Threshold: 5)
[2024-10-15 02:04:53,999][INFO] Step 31: size: 31, coverage: 58.00%, cost: 36.0
[2024-10-15 02:04:54,016][INFO] Priority check: 8.542183561595946 -> False (Threshold: 5)
[2024-10-15 02:04:54,016][INFO] Step 32: size: 32, coverage: 58.75%, cost: 37.0
[2024-10-15 02:04:54,034][INFO] Priority check: 8.550795284650428 -> False (Threshold: 5)
[2024-10-15 02:04:54,034][INFO] Step 33: size: 33, coverage: 59.50%, cost: 38.0
[2024-10-15 02:04:54,051][INFO] Priority check: 8.543374260208902 -> False (Threshold: 5)
[2024-10-15 02:04:54,051][INFO] Step 34: size: 34, coverage: 60.25%, cost: 39.0
[2024-10-15 02:04:54,069][INFO] Priority check: 8.544107618704249 -> False (Threshold: 5)
[2024-10-15 02:04:54,069][INFO] Step 35: size: 35, coverage: 61.00%, cost: 40.0
[2024-10-15 02:04:54,087][INFO] Priority check: 8.5463793503448 -> False (Threshold: 5)
[2024-10-15 02:04:54,087][INFO] Step 36: size: 36, coverage: 61.75%, cost: 41.0
[2024-10-15 02:04:54,104][INFO] Priority check: 8.547454299380606 -> False (Threshold: 5)
[2024-10-15 02:04:54,104][INFO] Step 37: size: 37, coverage: 62.50%, cost: 42.0
[2024-10-15 02:04:54,122][INFO] Priority check: 8.54359372571051 -> False (Threshold: 5)
[2024-10-15 02:04:54,122][INFO] Step 38: size: 38, coverage: 64.00%, cost: 44.0
[2024-10-15 02:04:54,140][INFO] Priority check: 8.54329817751903 -> False (Threshold: 5)
[2024-10-15 02:04:54,140][INFO] Step 39: size: 39, coverage: 65.50%, cost: 46.0
[2024-10-15 02:04:54,158][INFO] Priority check: 8.543592628397025 -> False (Threshold: 5)
[2024-10-15 02:04:54,158][INFO] Step 40: size: 40, coverage: 66.75%, cost: 48.0
[2024-10-15 02:04:54,175][INFO] Priority check: 8.531975152331375 -> False (Threshold: 5)
[2024-10-15 02:04:54,175][INFO] Step 41: size: 41, coverage: 68.00%, cost: 50.0
[2024-10-15 02:04:54,193][INFO] Priority check: 8.528921019097316 -> False (Threshold: 5)
[2024-10-15 02:04:54,193][INFO] Step 42: size: 42, coverage: 69.75%, cost: 53.0
[2024-10-15 02:04:54,210][INFO] Priority check: 8.53792092666593 -> False (Threshold: 5)
[2024-10-15 02:04:54,210][INFO] Step 43: size: 43, coverage: 70.25%, cost: 54.0
[2024-10-15 02:04:54,228][INFO] Priority check: 8.53198357651959 -> False (Threshold: 5)
[2024-10-15 02:04:54,228][INFO] Step 44: size: 44, coverage: 70.75%, cost: 55.0
[2024-10-15 02:04:54,246][INFO] Priority check: 8.542878613207613 -> False (Threshold: 5)
[2024-10-15 02:04:54,246][INFO] Step 45: size: 45, coverage: 71.25%, cost: 56.0
[2024-10-15 02:04:54,263][INFO] Priority check: 8.542086615692913 -> False (Threshold: 5)
[2024-10-15 02:04:54,263][INFO] Step 46: size: 46, coverage: 72.25%, cost: 58.0
[2024-10-15 02:04:54,281][INFO] Priority check: 8.539496106328523 -> False (Threshold: 5)
[2024-10-15 02:04:54,281][INFO] Step 47: size: 47, coverage: 73.25%, cost: 60.0
[2024-10-15 02:04:54,299][INFO] Priority check: 8.541808576056948 -> False (Threshold: 5)
[2024-10-15 02:04:54,299][INFO] Step 48: size: 48, coverage: 74.25%, cost: 62.0
[2024-10-15 02:04:54,317][INFO] Priority check: 8.535161099826997 -> False (Threshold: 5)
[2024-10-15 02:04:54,317][INFO] Step 49: size: 49, coverage: 75.00%, cost: 64.0
[2024-10-15 02:04:54,335][INFO] Priority check: 8.545823541356327 -> False (Threshold: 5)
[2024-10-15 02:04:54,335][INFO] Step 50: size: 50, coverage: 75.75%, cost: 66.0
[2024-10-15 02:04:54,353][INFO] Priority check: 8.55289278548492 -> False (Threshold: 5)
[2024-10-15 02:04:54,353][INFO] Step 51: size: 51, coverage: 76.50%, cost: 68.0
[2024-10-15 02:04:54,371][INFO] Priority check: 8.544224657626929 -> False (Threshold: 5)
[2024-10-15 02:04:54,371][INFO] Step 52: size: 52, coverage: 77.25%, cost: 70.0
[2024-10-15 02:04:54,389][INFO] Priority check: 8.549470378333385 -> False (Threshold: 5)
[2024-10-15 02:04:54,389][INFO] Step 53: size: 53, coverage: 78.00%, cost: 72.0
[2024-10-15 02:04:54,407][INFO] Priority check: 8.541516258838357 -> False (Threshold: 5)
[2024-10-15 02:04:54,407][INFO] Step 54: size: 54, coverage: 79.50%, cost: 77.0
[2024-10-15 02:04:54,426][INFO] Priority check: 8.547859381155027 -> False (Threshold: 5)
[2024-10-15 02:04:54,426][INFO] Step 55: size: 55, coverage: 79.75%, cost: 78.0
[2024-10-15 02:04:54,444][INFO] Priority check: 8.536565102545635 -> False (Threshold: 5)
[2024-10-15 02:04:54,444][INFO] Step 56: size: 56, coverage: 80.00%, cost: 79.0
[2024-10-15 02:04:54,462][INFO] Priority check: 8.535718701433407 -> False (Threshold: 5)
[2024-10-15 02:04:54,462][INFO] Step 57: size: 57, coverage: 80.25%, cost: 80.0
[2024-10-15 02:04:54,481][INFO] Priority check: 8.536555218587882 -> False (Threshold: 5)
[2024-10-15 02:04:54,481][INFO] Step 58: size: 58, coverage: 80.50%, cost: 81.0
[2024-10-15 02:04:54,499][INFO] Priority check: 8.539422916684709 -> False (Threshold: 5)
[2024-10-15 02:04:54,499][INFO] Step 59: size: 59, coverage: 80.75%, cost: 82.0
[2024-10-15 02:04:54,518][INFO] Priority check: 8.535161099826997 -> False (Threshold: 5)
[2024-10-15 02:04:54,518][INFO] Step 60: size: 60, coverage: 81.00%, cost: 83.0
[2024-10-15 02:04:54,536][INFO] Priority check: 8.534992311068592 -> False (Threshold: 5)
[2024-10-15 02:04:54,537][INFO] Step 61: size: 61, coverage: 81.50%, cost: 85.0
[2024-10-15 02:04:54,555][INFO] Priority check: 8.53861229943133 -> False (Threshold: 5)
[2024-10-15 02:04:54,555][INFO] Step 62: size: 62, coverage: 82.00%, cost: 87.0
[2024-10-15 02:04:54,574][INFO] Priority check: 8.530670767882206 -> False (Threshold: 5)
[2024-10-15 02:04:54,574][INFO] Step 63: size: 63, coverage: 82.50%, cost: 89.0
[2024-10-15 02:04:54,593][INFO] Priority check: 8.535206134007543 -> False (Threshold: 5)
[2024-10-15 02:04:54,593][INFO] Step 64: size: 64, coverage: 83.25%, cost: 92.0
[2024-10-15 02:04:54,612][INFO] Priority check: 8.535408235696755 -> False (Threshold: 5)
[2024-10-15 02:04:54,612][INFO] Step 65: size: 65, coverage: 84.50%, cost: 98.0
[2024-10-15 02:04:54,630][INFO] Priority check: 8.535783502409137 -> False (Threshold: 5)
[2024-10-15 02:04:54,631][INFO] Step 66: size: 66, coverage: 85.25%, cost: 102.0
[2024-10-15 02:04:54,649][INFO] Priority check: 8.525536640001027 -> False (Threshold: 5)
[2024-10-15 02:04:54,649][INFO] Step 67: size: 67, coverage: 86.00%, cost: 106.0
[2024-10-15 02:04:54,668][INFO] Priority check: 8.519536372362055 -> False (Threshold: 5)
[2024-10-15 02:04:54,668][INFO] Step 68: size: 68, coverage: 86.75%, cost: 110.0
[2024-10-15 02:04:54,687][INFO] Priority check: 8.518696716634535 -> False (Threshold: 5)
[2024-10-15 02:04:54,687][INFO] Step 69: size: 69, coverage: 87.25%, cost: 113.0
[2024-10-15 02:04:54,706][INFO] Priority check: 8.52487206648874 -> False (Threshold: 5)
[2024-10-15 02:04:54,706][INFO] Step 70: size: 70, coverage: 87.75%, cost: 116.0
[2024-10-15 02:04:54,725][INFO] Priority check: 8.52715918404248 -> False (Threshold: 5)
[2024-10-15 02:04:54,725][INFO] Step 71: size: 71, coverage: 88.25%, cost: 119.0
[2024-10-15 02:04:54,744][INFO] Priority check: 8.530004396247401 -> False (Threshold: 5)
[2024-10-15 02:04:54,745][INFO] Step 72: size: 72, coverage: 88.75%, cost: 122.0
[2024-10-15 02:04:54,764][INFO] Priority check: 8.518472574352751 -> False (Threshold: 5)
[2024-10-15 02:04:54,764][INFO] Step 73: size: 73, coverage: 89.25%, cost: 125.0
[2024-10-15 02:04:54,783][INFO] Priority check: 8.515983501627982 -> False (Threshold: 5)
[2024-10-15 02:04:54,783][INFO] Step 74: size: 74, coverage: 89.75%, cost: 128.0
[2024-10-15 02:04:54,802][INFO] Priority check: 8.515920384785193 -> False (Threshold: 5)
[2024-10-15 02:04:54,802][INFO] Step 75: size: 75, coverage: 90.25%, cost: 131.0
[2024-10-15 02:04:54,822][INFO] Priority check: 8.523753574570302 -> False (Threshold: 5)
[2024-10-15 02:04:54,822][INFO] Step 76: size: 76, coverage: 90.50%, cost: 133.0
[2024-10-15 02:04:54,841][INFO] Priority check: 8.527455658049474 -> False (Threshold: 5)
[2024-10-15 02:04:54,841][INFO] Step 77: size: 77, coverage: 90.75%, cost: 135.0
[2024-10-15 02:04:54,860][INFO] Priority check: 8.519059513819586 -> False (Threshold: 5)
[2024-10-15 02:04:54,861][INFO] Step 78: size: 78, coverage: 91.00%, cost: 137.0
[2024-10-15 02:04:54,880][INFO] Priority check: 8.513606389186664 -> False (Threshold: 5)
[2024-10-15 02:04:54,880][INFO] Step 79: size: 79, coverage: 91.25%, cost: 139.0
[2024-10-15 02:04:54,900][INFO] Priority check: 8.523942749690427 -> False (Threshold: 5)
[2024-10-15 02:04:54,900][INFO] Step 80: size: 80, coverage: 91.50%, cost: 141.0
[2024-10-15 02:04:54,919][INFO] Priority check: 8.532062690229134 -> False (Threshold: 5)
[2024-10-15 02:04:54,919][INFO] Step 81: size: 81, coverage: 91.75%, cost: 143.0
[2024-10-15 02:04:54,939][INFO] Priority check: 8.544442638346869 -> False (Threshold: 5)
[2024-10-15 02:04:54,939][INFO] Step 82: size: 82, coverage: 92.25%, cost: 147.0
[2024-10-15 02:04:54,959][INFO] Priority check: 8.539063180466579 -> False (Threshold: 5)
[2024-10-15 02:04:54,959][INFO] Step 83: size: 83, coverage: 92.75%, cost: 151.0
[2024-10-15 02:04:54,979][INFO] Priority check: 8.536978388165217 -> False (Threshold: 5)
[2024-10-15 02:04:54,979][INFO] Step 84: size: 84, coverage: 93.25%, cost: 155.0
[2024-10-15 02:04:54,999][INFO] Priority check: 8.540409826231995 -> False (Threshold: 5)
[2024-10-15 02:04:54,999][INFO] Step 85: size: 85, coverage: 93.75%, cost: 159.0
[2024-10-15 02:04:55,019][INFO] Priority check: 8.542878613207613 -> False (Threshold: 5)
[2024-10-15 02:04:55,019][INFO] Step 86: size: 86, coverage: 94.25%, cost: 164.0
[2024-10-15 02:04:55,039][INFO] Priority check: 8.532393787794842 -> False (Threshold: 5)
[2024-10-15 02:04:55,039][INFO] Step 87: size: 87, coverage: 95.00%, cost: 172.0
[2024-10-15 02:04:55,060][INFO] Priority check: 8.529067944388766 -> False (Threshold: 5)
[2024-10-15 02:04:55,060][INFO] Step 88: size: 88, coverage: 95.25%, cost: 175.0
[2024-10-15 02:04:55,080][INFO] Priority check: 8.532824854642218 -> False (Threshold: 5)
[2024-10-15 02:04:55,080][INFO] Step 89: size: 89, coverage: 95.50%, cost: 178.0
[2024-10-15 02:04:55,100][INFO] Priority check: 8.535499033448483 -> False (Threshold: 5)
[2024-10-15 02:04:55,100][INFO] Step 90: size: 90, coverage: 95.75%, cost: 181.0
[2024-10-15 02:04:55,121][INFO] Priority check: 8.528320101286067 -> False (Threshold: 5)
[2024-10-15 02:04:55,121][INFO] Step 91: size: 91, coverage: 96.00%, cost: 184.0
[2024-10-15 02:04:55,141][INFO] Priority check: 8.520207964011206 -> False (Threshold: 5)
[2024-10-15 02:04:55,141][INFO] Step 92: size: 92, coverage: 96.25%, cost: 187.0
[2024-10-15 02:04:55,162][INFO] Priority check: 8.521736912155879 -> False (Threshold: 5)
[2024-10-15 02:04:55,162][INFO] Step 93: size: 93, coverage: 96.75%, cost: 194.0
[2024-10-15 02:04:55,183][INFO] Priority check: 8.515971758994976 -> False (Threshold: 5)
[2024-10-15 02:04:55,183][INFO] Step 94: size: 94, coverage: 97.00%, cost: 198.0
[2024-10-15 02:04:55,203][INFO] Priority check: 8.505127497574625 -> False (Threshold: 5)
[2024-10-15 02:04:55,204][INFO] Step 95: size: 95, coverage: 97.25%, cost: 202.0
[2024-10-15 02:04:55,224][INFO] Priority check: 8.51064590674527 -> False (Threshold: 5)
[2024-10-15 02:04:55,224][INFO] Step 96: size: 96, coverage: 97.75%, cost: 210.0
[2024-10-15 02:04:55,245][INFO] Priority check: 8.511398240007336 -> False (Threshold: 5)
[2024-10-15 02:04:55,245][INFO] Step 97: size: 97, coverage: 98.25%, cost: 218.0
[2024-10-15 02:04:55,266][INFO] Priority check: 8.517263351570152 -> False (Threshold: 5)
[2024-10-15 02:04:55,266][INFO] Step 98: size: 98, coverage: 98.50%, cost: 223.0
[2024-10-15 02:04:55,288][INFO] Priority check: 8.506172758650038 -> False (Threshold: 5)
[2024-10-15 02:04:55,288][INFO] Step 99: size: 99, coverage: 98.75%, cost: 228.0
[2024-10-15 02:04:55,309][INFO] Priority check: 8.508580595493 -> False (Threshold: 5)
[2024-10-15 02:04:55,309][INFO] Step 100: size: 100, coverage: 99.00%, cost: 234.0
[2024-10-15 02:04:55,330][INFO] Priority check: 8.507230748016655 -> False (Threshold: 5)
[2024-10-15 02:04:55,330][INFO] Step 101: size: 101, coverage: 99.25%, cost: 240.0
[2024-10-15 02:04:55,352][INFO] Priority check: 8.523115260865595 -> False (Threshold: 5)
[2024-10-15 02:04:55,352][INFO] Step 102: size: 102, coverage: 99.50%, cost: 246.0
[2024-10-15 02:04:55,373][INFO] Priority check: 8.52975637108118 -> False (Threshold: 5)
[2024-10-15 02:04:55,373][INFO] Step 103: size: 103, coverage: 99.75%, cost: 252.0
[2024-10-15 02:04:55,395][INFO] Priority check: 8.524596398070704 -> False (Threshold: 5)
[2024-10-15 02:04:55,395][INFO] Step 104: size: 104, coverage: 100.00%, cost: 258.0
[2024-10-15 02:05:07,671][INFO] Explored 218050 neighbors, found 46427 feasible (21.29%)
[2024-10-15 02:05:08,056][INFO] Redundancy elimination: [np.int64(65), np.int64(126), np.int64(142), np.int64(99), np.int64(103), np.int64(4), np.int64(112), np.int64(22), np.int64(63), np.int64(30), np.int64(39), np.int64(35), np.int64(7), np.int64(20), np.int64(2), np.int64(43), np.int64(42), np.int64(44), np.int64(6)] -> cost: 33.0
[2024-10-15 02:05:08,056][INFO] Redundancy elimination: [np.int64(103), np.int64(126), np.int64(112), np.int64(99), np.int64(142), np.int64(65), np.int64(63), np.int64(28), np.int64(39), np.int64(44), np.int64(7), np.int64(22), np.int64(43), np.int64(6), np.int64(30), np.int64(20), np.int64(32), np.int64(35), np.int64(45), np.int64(42)] -> cost: 34.0
[2024-10-15 02:05:08,056][INFO] Redundancy elimination: [np.int64(112), np.int64(103), np.int64(126), np.int64(65), np.int64(142), np.int64(99), np.int64(43), np.int64(63), np.int64(2), np.int64(44), np.int64(4), np.int64(39), np.int64(7), np.int64(30), np.int64(6), np.int64(45), np.int64(22), np.int64(35), np.int64(42)] -> cost: 33.0
[2024-10-15 02:05:08,056][INFO] Redundancy elimination: [np.int64(142), np.int64(103), np.int64(112), np.int64(99), np.int64(126), np.int64(63), np.int64(65), np.int64(42), np.int64(45), np.int64(6), np.int64(32), np.int64(20), np.int64(44), np.int64(43), np.int64(7), np.int64(22), np.int64(35)] -> cost: 31.0
[2024-10-15 02:05:08,056][INFO] Redundancy elimination: [np.int64(126), np.int64(103), np.int64(112), np.int64(63), np.int64(142), np.int64(99), np.int64(65), np.int64(35), np.int64(45), np.int64(22), np.int64(39), np.int64(44), np.int64(7), np.int64(28), np.int64(43), np.int64(6), np.int64(30), np.int64(20), np.int64(2)] -> cost: 33.0
[2024-10-15 02:05:08,057][INFO] Size: 104 -> 84
[2024-10-15 02:05:08,057][INFO] Cost: 258.0 -> 224.0
[2024-10-15 02:05:08,057][INFO] Step 0: cost -> 255.0
[2024-10-15 02:05:16,626][INFO] Explored 178605 neighbors, found 1267 feasible (0.71%)
[2024-10-15 02:05:16,629][INFO] Step 1: cost -> 224.0
[2024-10-15 02:05:25,202][INFO] Explored 178605 neighbors, found 1267 feasible (0.71%)
[2024-10-15 02:05:25,206][INFO] Step 2: cost -> 224.0
[2024-10-15 02:12:05,545][INFO] Priority check: 8.561353572887876 -> False (Threshold: 5)
[2024-10-15 02:12:05,545][INFO] Step 1: size: 1, coverage: 3.00%, cost: 1.0
[2024-10-15 02:12:05,562][INFO] Priority check: 8.55037864658636 -> False (Threshold: 5)
[2024-10-15 02:12:05,562][INFO] Step 2: size: 2, coverage: 5.75%, cost: 2.0
[2024-10-15 02:12:05,579][INFO] Priority check: 8.554399087603992 -> False (Threshold: 5)
[2024-10-15 02:12:05,579][INFO] Step 3: size: 3, coverage: 8.25%, cost: 3.0
[2024-10-15 02:12:05,596][INFO] Priority check: 8.55219270129012 -> False (Threshold: 5)
[2024-10-15 02:12:05,596][INFO] Step 4: size: 4, coverage: 10.75%, cost: 4.0
[2024-10-15 02:12:05,613][INFO] Priority check: 8.555451113179247 -> False (Threshold: 5)
[2024-10-15 02:12:05,613][INFO] Step 5: size: 5, coverage: 13.25%, cost: 5.0
[2024-10-15 02:12:05,630][INFO] Priority check: 8.543417056424204 -> False (Threshold: 5)
[2024-10-15 02:12:05,630][INFO] Step 6: size: 6, coverage: 15.75%, cost: 6.0
[2024-10-15 02:12:05,647][INFO] Priority check: 8.548485245936849 -> False (Threshold: 5)
[2024-10-15 02:12:05,647][INFO] Step 7: size: 7, coverage: 18.00%, cost: 7.0
[2024-10-15 02:12:05,664][INFO] Priority check: 8.548507179619142 -> False (Threshold: 5)
[2024-10-15 02:12:05,664][INFO] Step 8: size: 8, coverage: 20.25%, cost: 8.0
[2024-10-15 02:12:05,681][INFO] Priority check: 8.558635624327046 -> False (Threshold: 5)
[2024-10-15 02:12:05,681][INFO] Step 9: size: 9, coverage: 22.25%, cost: 9.0
[2024-10-15 02:12:05,698][INFO] Priority check: 8.559307434015908 -> False (Threshold: 5)
[2024-10-15 02:12:05,698][INFO] Step 10: size: 10, coverage: 26.00%, cost: 11.0
[2024-10-15 02:12:05,715][INFO] Priority check: 8.566673800256433 -> False (Threshold: 5)
[2024-10-15 02:12:05,715][INFO] Step 11: size: 11, coverage: 27.75%, cost: 12.0
[2024-10-15 02:12:05,732][INFO] Priority check: 8.56664133426864 -> False (Threshold: 5)
[2024-10-15 02:12:05,732][INFO] Step 12: size: 12, coverage: 29.50%, cost: 13.0
[2024-10-15 02:12:05,749][INFO] Priority check: 8.559542920039597 -> False (Threshold: 5)
[2024-10-15 02:12:05,749][INFO] Step 13: size: 13, coverage: 31.25%, cost: 14.0
[2024-10-15 02:12:05,766][INFO] Priority check: 8.56346746359207 -> False (Threshold: 5)
[2024-10-15 02:12:05,766][INFO] Step 14: size: 14, coverage: 33.00%, cost: 15.0
[2024-10-15 02:12:05,783][INFO] Priority check: 8.554779000652209 -> False (Threshold: 5)
[2024-10-15 02:12:05,783][INFO] Step 15: size: 15, coverage: 34.50%, cost: 16.0
[2024-10-15 02:12:05,800][INFO] Priority check: 8.540490325502395 -> False (Threshold: 5)
[2024-10-15 02:12:05,800][INFO] Step 16: size: 16, coverage: 36.00%, cost: 17.0
[2024-10-15 02:12:05,817][INFO] Priority check: 8.536960451472176 -> False (Threshold: 5)
[2024-10-15 02:12:05,817][INFO] Step 17: size: 17, coverage: 37.50%, cost: 18.0
[2024-10-15 02:12:05,835][INFO] Priority check: 8.541872964988416 -> False (Threshold: 5)
[2024-10-15 02:12:05,835][INFO] Step 18: size: 18, coverage: 39.00%, cost: 19.0
[2024-10-15 02:12:05,852][INFO] Priority check: 8.533579260779149 -> False (Threshold: 5)
[2024-10-15 02:12:05,852][INFO] Step 19: size: 19, coverage: 40.50%, cost: 20.0
[2024-10-15 02:12:05,869][INFO] Priority check: 8.536963379914429 -> False (Threshold: 5)
[2024-10-15 02:12:05,869][INFO] Step 20: size: 20, coverage: 42.00%, cost: 21.0
[2024-10-15 02:12:05,886][INFO] Priority check: 8.542970428955025 -> False (Threshold: 5)
[2024-10-15 02:12:05,886][INFO] Step 21: size: 21, coverage: 44.75%, cost: 23.0
[2024-10-15 02:12:05,903][INFO] Priority check: 8.53558397240634 -> False (Threshold: 5)
[2024-10-15 02:12:05,903][INFO] Step 22: size: 22, coverage: 46.00%, cost: 24.0
[2024-10-15 02:12:05,921][INFO] Priority check: 8.527918855148657 -> False (Threshold: 5)
[2024-10-15 02:12:05,921][INFO] Step 23: size: 23, coverage: 47.25%, cost: 25.0
[2024-10-15 02:12:05,938][INFO] Priority check: 8.523214989075425 -> False (Threshold: 5)
[2024-10-15 02:12:05,938][INFO] Step 24: size: 24, coverage: 48.50%, cost: 26.0
[2024-10-15 02:12:05,955][INFO] Priority check: 8.529425537514236 -> False (Threshold: 5)
[2024-10-15 02:12:05,955][INFO] Step 25: size: 25, coverage: 49.50%, cost: 27.0
[2024-10-15 02:12:05,972][INFO] Priority check: 8.53281313518584 -> False (Threshold: 5)
[2024-10-15 02:12:05,973][INFO] Step 26: size: 26, coverage: 50.50%, cost: 28.0
[2024-10-15 02:12:05,990][INFO] Priority check: 8.538031096218846 -> False (Threshold: 5)
[2024-10-15 02:12:05,990][INFO] Step 27: size: 27, coverage: 51.50%, cost: 29.0
[2024-10-15 02:12:06,007][INFO] Priority check: 8.537136156229442 -> False (Threshold: 5)
[2024-10-15 02:12:06,007][INFO] Step 28: size: 28, coverage: 52.50%, cost: 30.0
[2024-10-15 02:12:06,025][INFO] Priority check: 8.534825349706928 -> False (Threshold: 5)
[2024-10-15 02:12:06,025][INFO] Step 29: size: 29, coverage: 54.50%, cost: 32.0
[2024-10-15 02:12:06,042][INFO] Priority check: 8.540415314842715 -> False (Threshold: 5)
[2024-10-15 02:12:06,042][INFO] Step 30: size: 30, coverage: 56.25%, cost: 34.0
[2024-10-15 02:12:06,060][INFO] Priority check: 8.543763807596743 -> False (Threshold: 5)
[2024-10-15 02:12:06,060][INFO] Step 31: size: 31, coverage: 58.00%, cost: 36.0
[2024-10-15 02:12:06,077][INFO] Priority check: 8.542183561595946 -> False (Threshold: 5)
[2024-10-15 02:12:06,077][INFO] Step 32: size: 32, coverage: 58.75%, cost: 37.0
[2024-10-15 02:12:06,094][INFO] Priority check: 8.550795284650428 -> False (Threshold: 5)
[2024-10-15 02:12:06,095][INFO] Step 33: size: 33, coverage: 59.50%, cost: 38.0
[2024-10-15 02:12:06,112][INFO] Priority check: 8.543374260208902 -> False (Threshold: 5)
[2024-10-15 02:12:06,112][INFO] Step 34: size: 34, coverage: 60.25%, cost: 39.0
[2024-10-15 02:12:06,130][INFO] Priority check: 8.544107618704249 -> False (Threshold: 5)
[2024-10-15 02:12:06,130][INFO] Step 35: size: 35, coverage: 61.00%, cost: 40.0
[2024-10-15 02:12:06,147][INFO] Priority check: 8.5463793503448 -> False (Threshold: 5)
[2024-10-15 02:12:06,147][INFO] Step 36: size: 36, coverage: 61.75%, cost: 41.0
[2024-10-15 02:12:06,165][INFO] Priority check: 8.547454299380606 -> False (Threshold: 5)
[2024-10-15 02:12:06,165][INFO] Step 37: size: 37, coverage: 62.50%, cost: 42.0
[2024-10-15 02:12:06,183][INFO] Priority check: 8.54359372571051 -> False (Threshold: 5)
[2024-10-15 02:12:06,183][INFO] Step 38: size: 38, coverage: 64.00%, cost: 44.0
[2024-10-15 02:12:06,200][INFO] Priority check: 8.54329817751903 -> False (Threshold: 5)
[2024-10-15 02:12:06,200][INFO] Step 39: size: 39, coverage: 65.50%, cost: 46.0
[2024-10-15 02:12:06,218][INFO] Priority check: 8.543592628397025 -> False (Threshold: 5)
[2024-10-15 02:12:06,218][INFO] Step 40: size: 40, coverage: 66.75%, cost: 48.0
[2024-10-15 02:12:06,236][INFO] Priority check: 8.531975152331375 -> False (Threshold: 5)
[2024-10-15 02:12:06,236][INFO] Step 41: size: 41, coverage: 68.00%, cost: 50.0
[2024-10-15 02:12:06,254][INFO] Priority check: 8.528921019097316 -> False (Threshold: 5)
[2024-10-15 02:12:06,254][INFO] Step 42: size: 42, coverage: 69.75%, cost: 53.0
[2024-10-15 02:12:06,271][INFO] Priority check: 8.53792092666593 -> False (Threshold: 5)
[2024-10-15 02:12:06,271][INFO] Step 43: size: 43, coverage: 70.25%, cost: 54.0
[2024-10-15 02:12:06,289][INFO] Priority check: 8.53198357651959 -> False (Threshold: 5)
[2024-10-15 02:12:06,289][INFO] Step 44: size: 44, coverage: 70.75%, cost: 55.0
[2024-10-15 02:12:06,307][INFO] Priority check: 8.542878613207613 -> False (Threshold: 5)
[2024-10-15 02:12:06,307][INFO] Step 45: size: 45, coverage: 71.25%, cost: 56.0
[2024-10-15 02:12:06,325][INFO] Priority check: 8.542086615692913 -> False (Threshold: 5)
[2024-10-15 02:12:06,325][INFO] Step 46: size: 46, coverage: 72.25%, cost: 58.0
[2024-10-15 02:12:06,343][INFO] Priority check: 8.539496106328523 -> False (Threshold: 5)
[2024-10-15 02:12:06,343][INFO] Step 47: size: 47, coverage: 73.25%, cost: 60.0
[2024-10-15 02:12:06,360][INFO] Priority check: 8.541808576056948 -> False (Threshold: 5)
[2024-10-15 02:12:06,360][INFO] Step 48: size: 48, coverage: 74.25%, cost: 62.0
[2024-10-15 02:12:06,378][INFO] Priority check: 8.535161099826997 -> False (Threshold: 5)
[2024-10-15 02:12:06,378][INFO] Step 49: size: 49, coverage: 75.00%, cost: 64.0
[2024-10-15 02:12:06,396][INFO] Priority check: 8.545823541356327 -> False (Threshold: 5)
[2024-10-15 02:12:06,396][INFO] Step 50: size: 50, coverage: 75.75%, cost: 66.0
[2024-10-15 02:12:06,414][INFO] Priority check: 8.55289278548492 -> False (Threshold: 5)
[2024-10-15 02:12:06,414][INFO] Step 51: size: 51, coverage: 76.50%, cost: 68.0
[2024-10-15 02:12:06,432][INFO] Priority check: 8.544224657626929 -> False (Threshold: 5)
[2024-10-15 02:12:06,432][INFO] Step 52: size: 52, coverage: 77.25%, cost: 70.0
[2024-10-15 02:12:06,450][INFO] Priority check: 8.549470378333385 -> False (Threshold: 5)
[2024-10-15 02:12:06,451][INFO] Step 53: size: 53, coverage: 78.00%, cost: 72.0
[2024-10-15 02:12:06,469][INFO] Priority check: 8.541516258838357 -> False (Threshold: 5)
[2024-10-15 02:12:06,469][INFO] Step 54: size: 54, coverage: 79.50%, cost: 77.0
[2024-10-15 02:12:06,487][INFO] Priority check: 8.547859381155027 -> False (Threshold: 5)
[2024-10-15 02:12:06,487][INFO] Step 55: size: 55, coverage: 79.75%, cost: 78.0
[2024-10-15 02:12:06,505][INFO] Priority check: 8.536565102545635 -> False (Threshold: 5)
[2024-10-15 02:12:06,505][INFO] Step 56: size: 56, coverage: 80.00%, cost: 79.0
[2024-10-15 02:12:06,524][INFO] Priority check: 8.535718701433407 -> False (Threshold: 5)
[2024-10-15 02:12:06,524][INFO] Step 57: size: 57, coverage: 80.25%, cost: 80.0
[2024-10-15 02:12:06,542][INFO] Priority check: 8.536555218587882 -> False (Threshold: 5)
[2024-10-15 02:12:06,542][INFO] Step 58: size: 58, coverage: 80.50%, cost: 81.0
[2024-10-15 02:12:06,561][INFO] Priority check: 8.539422916684709 -> False (Threshold: 5)
[2024-10-15 02:12:06,561][INFO] Step 59: size: 59, coverage: 80.75%, cost: 82.0
[2024-10-15 02:12:06,579][INFO] Priority check: 8.535161099826997 -> False (Threshold: 5)
[2024-10-15 02:12:06,579][INFO] Step 60: size: 60, coverage: 81.00%, cost: 83.0
[2024-10-15 02:12:06,598][INFO] Priority check: 8.534992311068592 -> False (Threshold: 5)
[2024-10-15 02:12:06,598][INFO] Step 61: size: 61, coverage: 81.50%, cost: 85.0
[2024-10-15 02:12:06,617][INFO] Priority check: 8.53861229943133 -> False (Threshold: 5)
[2024-10-15 02:12:06,617][INFO] Step 62: size: 62, coverage: 82.00%, cost: 87.0
[2024-10-15 02:12:06,636][INFO] Priority check: 8.530670767882206 -> False (Threshold: 5)
[2024-10-15 02:12:06,636][INFO] Step 63: size: 63, coverage: 82.50%, cost: 89.0
[2024-10-15 02:12:06,654][INFO] Priority check: 8.535206134007543 -> False (Threshold: 5)
[2024-10-15 02:12:06,654][INFO] Step 64: size: 64, coverage: 83.25%, cost: 92.0
[2024-10-15 02:12:06,673][INFO] Priority check: 8.535408235696755 -> False (Threshold: 5)
[2024-10-15 02:12:06,673][INFO] Step 65: size: 65, coverage: 84.50%, cost: 98.0
[2024-10-15 02:12:06,692][INFO] Priority check: 8.535783502409137 -> False (Threshold: 5)
[2024-10-15 02:12:06,692][INFO] Step 66: size: 66, coverage: 85.25%, cost: 102.0
[2024-10-15 02:12:06,711][INFO] Priority check: 8.525536640001027 -> False (Threshold: 5)
[2024-10-15 02:12:06,711][INFO] Step 67: size: 67, coverage: 86.00%, cost: 106.0
[2024-10-15 02:12:06,730][INFO] Priority check: 8.519536372362055 -> False (Threshold: 5)
[2024-10-15 02:12:06,730][INFO] Step 68: size: 68, coverage: 86.75%, cost: 110.0
[2024-10-15 02:12:06,749][INFO] Priority check: 8.518696716634535 -> False (Threshold: 5)
[2024-10-15 02:12:06,749][INFO] Step 69: size: 69, coverage: 87.25%, cost: 113.0
[2024-10-15 02:12:06,768][INFO] Priority check: 8.52487206648874 -> False (Threshold: 5)
[2024-10-15 02:12:06,768][INFO] Step 70: size: 70, coverage: 87.75%, cost: 116.0
[2024-10-15 02:12:06,788][INFO] Priority check: 8.52715918404248 -> False (Threshold: 5)
[2024-10-15 02:12:06,788][INFO] Step 71: size: 71, coverage: 88.25%, cost: 119.0
[2024-10-15 02:12:06,807][INFO] Priority check: 8.530004396247401 -> False (Threshold: 5)
[2024-10-15 02:12:06,807][INFO] Step 72: size: 72, coverage: 88.75%, cost: 122.0
[2024-10-15 02:12:06,826][INFO] Priority check: 8.518472574352751 -> False (Threshold: 5)
[2024-10-15 02:12:06,826][INFO] Step 73: size: 73, coverage: 89.25%, cost: 125.0
[2024-10-15 02:12:06,845][INFO] Priority check: 8.515983501627982 -> False (Threshold: 5)
[2024-10-15 02:12:06,845][INFO] Step 74: size: 74, coverage: 89.75%, cost: 128.0
[2024-10-15 02:12:06,865][INFO] Priority check: 8.515920384785193 -> False (Threshold: 5)
[2024-10-15 02:12:06,865][INFO] Step 75: size: 75, coverage: 90.25%, cost: 131.0
[2024-10-15 02:12:06,884][INFO] Priority check: 8.523753574570302 -> False (Threshold: 5)
[2024-10-15 02:12:06,884][INFO] Step 76: size: 76, coverage: 90.50%, cost: 133.0
[2024-10-15 02:12:06,904][INFO] Priority check: 8.527455658049474 -> False (Threshold: 5)
[2024-10-15 02:12:06,904][INFO] Step 77: size: 77, coverage: 90.75%, cost: 135.0
[2024-10-15 02:12:06,923][INFO] Priority check: 8.519059513819586 -> False (Threshold: 5)
[2024-10-15 02:12:06,923][INFO] Step 78: size: 78, coverage: 91.00%, cost: 137.0
[2024-10-15 02:12:06,943][INFO] Priority check: 8.513606389186664 -> False (Threshold: 5)
[2024-10-15 02:12:06,943][INFO] Step 79: size: 79, coverage: 91.25%, cost: 139.0
[2024-10-15 02:12:06,963][INFO] Priority check: 8.523942749690427 -> False (Threshold: 5)
[2024-10-15 02:12:06,963][INFO] Step 80: size: 80, coverage: 91.50%, cost: 141.0
[2024-10-15 02:12:06,982][INFO] Priority check: 8.532062690229134 -> False (Threshold: 5)
[2024-10-15 02:12:06,982][INFO] Step 81: size: 81, coverage: 91.75%, cost: 143.0
[2024-10-15 02:12:07,002][INFO] Priority check: 8.544442638346869 -> False (Threshold: 5)
[2024-10-15 02:12:07,002][INFO] Step 82: size: 82, coverage: 92.25%, cost: 147.0
[2024-10-15 02:12:07,022][INFO] Priority check: 8.539063180466579 -> False (Threshold: 5)
[2024-10-15 02:12:07,022][INFO] Step 83: size: 83, coverage: 92.75%, cost: 151.0
[2024-10-15 02:12:07,042][INFO] Priority check: 8.536978388165217 -> False (Threshold: 5)
[2024-10-15 02:12:07,042][INFO] Step 84: size: 84, coverage: 93.25%, cost: 155.0
[2024-10-15 02:12:07,062][INFO] Priority check: 8.540409826231995 -> False (Threshold: 5)
[2024-10-15 02:12:07,062][INFO] Step 85: size: 85, coverage: 93.75%, cost: 159.0
[2024-10-15 02:12:07,082][INFO] Priority check: 8.542878613207613 -> False (Threshold: 5)
[2024-10-15 02:12:07,082][INFO] Step 86: size: 86, coverage: 94.25%, cost: 164.0
[2024-10-15 02:12:07,102][INFO] Priority check: 8.532393787794842 -> False (Threshold: 5)
[2024-10-15 02:12:07,102][INFO] Step 87: size: 87, coverage: 95.00%, cost: 172.0
[2024-10-15 02:12:07,123][INFO] Priority check: 8.529067944388766 -> False (Threshold: 5)
[2024-10-15 02:12:07,123][INFO] Step 88: size: 88, coverage: 95.25%, cost: 175.0
[2024-10-15 02:12:07,143][INFO] Priority check: 8.532824854642218 -> False (Threshold: 5)
[2024-10-15 02:12:07,143][INFO] Step 89: size: 89, coverage: 95.50%, cost: 178.0
[2024-10-15 02:12:07,164][INFO] Priority check: 8.535499033448483 -> False (Threshold: 5)
[2024-10-15 02:12:07,164][INFO] Step 90: size: 90, coverage: 95.75%, cost: 181.0
[2024-10-15 02:12:07,184][INFO] Priority check: 8.528320101286067 -> False (Threshold: 5)
[2024-10-15 02:12:07,184][INFO] Step 91: size: 91, coverage: 96.00%, cost: 184.0
[2024-10-15 02:12:07,205][INFO] Priority check: 8.520207964011206 -> False (Threshold: 5)
[2024-10-15 02:12:07,205][INFO] Step 92: size: 92, coverage: 96.25%, cost: 187.0
[2024-10-15 02:12:07,225][INFO] Priority check: 8.521736912155879 -> False (Threshold: 5)
[2024-10-15 02:12:07,225][INFO] Step 93: size: 93, coverage: 96.75%, cost: 194.0
[2024-10-15 02:12:07,246][INFO] Priority check: 8.515971758994976 -> False (Threshold: 5)
[2024-10-15 02:12:07,246][INFO] Step 94: size: 94, coverage: 97.00%, cost: 198.0
[2024-10-15 02:12:07,267][INFO] Priority check: 8.505127497574625 -> False (Threshold: 5)
[2024-10-15 02:12:07,267][INFO] Step 95: size: 95, coverage: 97.25%, cost: 202.0
[2024-10-15 02:12:07,288][INFO] Priority check: 8.51064590674527 -> False (Threshold: 5)
[2024-10-15 02:12:07,288][INFO] Step 96: size: 96, coverage: 97.75%, cost: 210.0
[2024-10-15 02:12:07,309][INFO] Priority check: 8.511398240007336 -> False (Threshold: 5)
[2024-10-15 02:12:07,309][INFO] Step 97: size: 97, coverage: 98.25%, cost: 218.0
[2024-10-15 02:12:07,330][INFO] Priority check: 8.517263351570152 -> False (Threshold: 5)
[2024-10-15 02:12:07,330][INFO] Step 98: size: 98, coverage: 98.50%, cost: 223.0
[2024-10-15 02:12:07,351][INFO] Priority check: 8.506172758650038 -> False (Threshold: 5)
[2024-10-15 02:12:07,352][INFO] Step 99: size: 99, coverage: 98.75%, cost: 228.0
[2024-10-15 02:12:07,373][INFO] Priority check: 8.508580595493 -> False (Threshold: 5)
[2024-10-15 02:12:07,373][INFO] Step 100: size: 100, coverage: 99.00%, cost: 234.0
[2024-10-15 02:12:07,394][INFO] Priority check: 8.507230748016655 -> False (Threshold: 5)
[2024-10-15 02:12:07,394][INFO] Step 101: size: 101, coverage: 99.25%, cost: 240.0
[2024-10-15 02:12:07,416][INFO] Priority check: 8.523115260865595 -> False (Threshold: 5)
[2024-10-15 02:12:07,416][INFO] Step 102: size: 102, coverage: 99.50%, cost: 246.0
[2024-10-15 02:12:07,437][INFO] Priority check: 8.52975637108118 -> False (Threshold: 5)
[2024-10-15 02:12:07,437][INFO] Step 103: size: 103, coverage: 99.75%, cost: 252.0
[2024-10-15 02:12:07,459][INFO] Priority check: 8.524596398070704 -> False (Threshold: 5)
[2024-10-15 02:12:07,459][INFO] Step 104: size: 104, coverage: 100.00%, cost: 258.0
[2024-10-15 02:12:19,711][INFO] Explored 218050 neighbors, found 46427 feasible (21.29%)
[2024-10-15 02:12:20,102][INFO] Redundancy elimination: [np.int64(65), np.int64(126), np.int64(142), np.int64(99), np.int64(103), np.int64(4), np.int64(112), np.int64(22), np.int64(63), np.int64(30), np.int64(39), np.int64(35), np.int64(7), np.int64(20), np.int64(2), np.int64(43), np.int64(42), np.int64(44), np.int64(6)] -> cost: 33.0
[2024-10-15 02:12:20,102][INFO] Redundancy elimination: [np.int64(103), np.int64(126), np.int64(112), np.int64(99), np.int64(142), np.int64(65), np.int64(63), np.int64(28), np.int64(39), np.int64(44), np.int64(7), np.int64(22), np.int64(43), np.int64(6), np.int64(30), np.int64(20), np.int64(32), np.int64(35), np.int64(45), np.int64(42)] -> cost: 34.0
[2024-10-15 02:12:20,102][INFO] Redundancy elimination: [np.int64(112), np.int64(103), np.int64(126), np.int64(65), np.int64(142), np.int64(99), np.int64(43), np.int64(63), np.int64(2), np.int64(44), np.int64(4), np.int64(39), np.int64(7), np.int64(30), np.int64(6), np.int64(45), np.int64(22), np.int64(35), np.int64(42)] -> cost: 33.0
[2024-10-15 02:12:20,102][INFO] Redundancy elimination: [np.int64(142), np.int64(103), np.int64(112), np.int64(99), np.int64(126), np.int64(63), np.int64(65), np.int64(42), np.int64(45), np.int64(6), np.int64(32), np.int64(20), np.int64(44), np.int64(43), np.int64(7), np.int64(22), np.int64(35)] -> cost: 31.0
[2024-10-15 02:12:20,102][INFO] Redundancy elimination: [np.int64(126), np.int64(103), np.int64(112), np.int64(63), np.int64(142), np.int64(99), np.int64(65), np.int64(35), np.int64(45), np.int64(22), np.int64(39), np.int64(44), np.int64(7), np.int64(28), np.int64(43), np.int64(6), np.int64(30), np.int64(20), np.int64(2)] -> cost: 33.0
[2024-10-15 02:12:20,102][INFO] Size: 104 -> 84
[2024-10-15 02:12:20,102][INFO] Cost: 258.0 -> 224.0
[2024-10-15 02:12:20,102][INFO] Step 0: cost -> 255.0
[2024-10-15 02:12:28,869][INFO] Explored 178605 neighbors, found 1267 feasible (0.71%)
[2024-10-15 02:12:28,872][INFO] Step 1: cost -> 224.0
[2024-10-15 02:12:37,605][INFO] Explored 178605 neighbors, found 1267 feasible (0.71%)
[2024-10-15 02:12:37,609][INFO] Step 2: cost -> 224.0
