[2024-10-14 10:53:26,502][INFO] Priority check: 8.561380948772225 -> False (Threshold: 5)
[2024-10-14 10:53:26,502][INFO] Step 1: size: 1, coverage: 3.25%, cost: 1.0
[2024-10-14 10:53:26,519][INFO] Priority check: 8.545114101052132 -> False (Threshold: 5)
[2024-10-14 10:53:26,519][INFO] Step 2: size: 2, coverage: 6.50%, cost: 2.0
[2024-10-14 10:53:26,537][INFO] Priority check: 8.544506641696758 -> False (Threshold: 5)
[2024-10-14 10:53:26,537][INFO] Step 3: size: 3, coverage: 9.50%, cost: 3.0
[2024-10-14 10:53:26,554][INFO] Priority check: 8.545530995789553 -> False (Threshold: 5)
[2024-10-14 10:53:26,554][INFO] Step 4: size: 4, coverage: 12.25%, cost: 4.0
[2024-10-14 10:53:26,571][INFO] Priority check: 8.55716074407861 -> False (Threshold: 5)
[2024-10-14 10:53:26,571][INFO] Step 5: size: 5, coverage: 15.00%, cost: 5.0
[2024-10-14 10:53:26,589][INFO] Priority check: 8.568298766382975 -> False (Threshold: 5)
[2024-10-14 10:53:26,589][INFO] Step 6: size: 6, coverage: 17.50%, cost: 6.0
[2024-10-14 10:53:26,606][INFO] Priority check: 8.566431214338909 -> False (Threshold: 5)
[2024-10-14 10:53:26,606][INFO] Step 7: size: 7, coverage: 19.75%, cost: 7.0
[2024-10-14 10:53:26,623][INFO] Priority check: 8.561343352535278 -> False (Threshold: 5)
[2024-10-14 10:53:26,623][INFO] Step 8: size: 8, coverage: 22.00%, cost: 8.0
[2024-10-14 10:53:26,640][INFO] Priority check: 8.563757571883968 -> False (Threshold: 5)
[2024-10-14 10:53:26,640][INFO] Step 9: size: 9, coverage: 24.00%, cost: 9.0
[2024-10-14 10:53:26,657][INFO] Priority check: 8.560291686035002 -> False (Threshold: 5)
[2024-10-14 10:53:26,658][INFO] Step 10: size: 10, coverage: 26.00%, cost: 10.0
[2024-10-14 10:53:26,675][INFO] Priority check: 8.570653052714244 -> False (Threshold: 5)
[2024-10-14 10:53:26,675][INFO] Step 11: size: 11, coverage: 28.00%, cost: 11.0
[2024-10-14 10:53:26,692][INFO] Priority check: 8.564890177346117 -> False (Threshold: 5)
[2024-10-14 10:53:26,692][INFO] Step 12: size: 12, coverage: 30.00%, cost: 12.0
[2024-10-14 10:53:26,709][INFO] Priority check: 8.56544803264838 -> False (Threshold: 5)
[2024-10-14 10:53:26,709][INFO] Step 13: size: 13, coverage: 32.00%, cost: 13.0
[2024-10-14 10:53:26,726][INFO] Priority check: 8.567114085268154 -> False (Threshold: 5)
[2024-10-14 10:53:26,726][INFO] Step 14: size: 14, coverage: 34.00%, cost: 14.0
[2024-10-14 10:53:26,743][INFO] Priority check: 8.57251275881232 -> False (Threshold: 5)
[2024-10-14 10:53:26,743][INFO] Step 15: size: 15, coverage: 35.75%, cost: 15.0
[2024-10-14 10:53:26,760][INFO] Priority check: 8.55509753012787 -> False (Threshold: 5)
[2024-10-14 10:53:26,760][INFO] Step 16: size: 16, coverage: 37.50%, cost: 16.0
[2024-10-14 10:53:26,777][INFO] Priority check: 8.558621384311845 -> False (Threshold: 5)
[2024-10-14 10:53:26,777][INFO] Step 17: size: 17, coverage: 39.00%, cost: 17.0
[2024-10-14 10:53:26,795][INFO] Priority check: 8.567350450985415 -> False (Threshold: 5)
[2024-10-14 10:53:26,795][INFO] Step 18: size: 18, coverage: 40.50%, cost: 18.0
[2024-10-14 10:53:26,812][INFO] Priority check: 8.558503081731057 -> False (Threshold: 5)
[2024-10-14 10:53:26,812][INFO] Step 19: size: 19, coverage: 43.25%, cost: 20.0
[2024-10-14 10:53:26,829][INFO] Priority check: 8.568488416867936 -> False (Threshold: 5)
[2024-10-14 10:53:26,829][INFO] Step 20: size: 20, coverage: 44.50%, cost: 21.0
[2024-10-14 10:53:26,846][INFO] Priority check: 8.565628990331067 -> False (Threshold: 5)
[2024-10-14 10:53:26,846][INFO] Step 21: size: 21, coverage: 45.75%, cost: 22.0
[2024-10-14 10:53:26,864][INFO] Priority check: 8.556611478850726 -> False (Threshold: 5)
[2024-10-14 10:53:26,864][INFO] Step 22: size: 22, coverage: 47.00%, cost: 23.0
[2024-10-14 10:53:26,881][INFO] Priority check: 8.563357621283838 -> False (Threshold: 5)
[2024-10-14 10:53:26,881][INFO] Step 23: size: 23, coverage: 48.00%, cost: 24.0
[2024-10-14 10:53:26,899][INFO] Priority check: 8.564087444088832 -> False (Threshold: 5)
[2024-10-14 10:53:26,899][INFO] Step 24: size: 24, coverage: 49.00%, cost: 25.0
[2024-10-14 10:53:26,916][INFO] Priority check: 8.579380805163039 -> False (Threshold: 5)
[2024-10-14 10:53:26,916][INFO] Step 25: size: 25, coverage: 50.00%, cost: 26.0
[2024-10-14 10:53:26,934][INFO] Priority check: 8.571577669834184 -> False (Threshold: 5)
[2024-10-14 10:53:26,934][INFO] Step 26: size: 26, coverage: 51.00%, cost: 27.0
[2024-10-14 10:53:26,951][INFO] Priority check: 8.571621418961525 -> False (Threshold: 5)
[2024-10-14 10:53:26,951][INFO] Step 27: size: 27, coverage: 53.00%, cost: 29.0
[2024-10-14 10:53:26,969][INFO] Priority check: 8.576785164034366 -> False (Threshold: 5)
[2024-10-14 10:53:26,969][INFO] Step 28: size: 28, coverage: 55.00%, cost: 31.0
[2024-10-14 10:53:26,986][INFO] Priority check: 8.567892097826629 -> False (Threshold: 5)
[2024-10-14 10:53:26,986][INFO] Step 29: size: 29, coverage: 56.75%, cost: 33.0
[2024-10-14 10:53:27,004][INFO] Priority check: 8.553589889631137 -> False (Threshold: 5)
[2024-10-14 10:53:27,004][INFO] Step 30: size: 30, coverage: 57.50%, cost: 34.0
[2024-10-14 10:53:27,021][INFO] Priority check: 8.564525672797064 -> False (Threshold: 5)
[2024-10-14 10:53:27,021][INFO] Step 31: size: 31, coverage: 58.25%, cost: 35.0
[2024-10-14 10:53:27,039][INFO] Priority check: 8.55770084485313 -> False (Threshold: 5)
[2024-10-14 10:53:27,039][INFO] Step 32: size: 32, coverage: 59.00%, cost: 36.0
[2024-10-14 10:53:27,056][INFO] Priority check: 8.556387964556071 -> False (Threshold: 5)
[2024-10-14 10:53:27,056][INFO] Step 33: size: 33, coverage: 59.75%, cost: 37.0
[2024-10-14 10:53:27,074][INFO] Priority check: 8.5548582688435 -> False (Threshold: 5)
[2024-10-14 10:53:27,074][INFO] Step 34: size: 34, coverage: 60.50%, cost: 38.0
[2024-10-14 10:53:27,092][INFO] Priority check: 8.554763293043239 -> False (Threshold: 5)
[2024-10-14 10:53:27,092][INFO] Step 35: size: 35, coverage: 61.25%, cost: 39.0
[2024-10-14 10:53:27,110][INFO] Priority check: 8.541773820466098 -> False (Threshold: 5)
[2024-10-14 10:53:27,110][INFO] Step 36: size: 36, coverage: 62.00%, cost: 40.0
[2024-10-14 10:53:27,128][INFO] Priority check: 8.53869867134331 -> False (Threshold: 5)
[2024-10-14 10:53:27,128][INFO] Step 37: size: 37, coverage: 63.50%, cost: 42.0
[2024-10-14 10:53:27,146][INFO] Priority check: 8.535102518423548 -> False (Threshold: 5)
[2024-10-14 10:53:27,146][INFO] Step 38: size: 38, coverage: 64.75%, cost: 44.0
[2024-10-14 10:53:27,163][INFO] Priority check: 8.542385132385451 -> False (Threshold: 5)
[2024-10-14 10:53:27,164][INFO] Step 39: size: 39, coverage: 66.00%, cost: 46.0
[2024-10-14 10:53:27,181][INFO] Priority check: 8.540490325502395 -> False (Threshold: 5)
[2024-10-14 10:53:27,182][INFO] Step 40: size: 40, coverage: 67.75%, cost: 49.0
[2024-10-14 10:53:27,199][INFO] Priority check: 8.529463274438784 -> False (Threshold: 5)
[2024-10-14 10:53:27,199][INFO] Step 41: size: 41, coverage: 68.25%, cost: 50.0
[2024-10-14 10:53:27,217][INFO] Priority check: 8.530386861098387 -> False (Threshold: 5)
[2024-10-14 10:53:27,217][INFO] Step 42: size: 42, coverage: 69.25%, cost: 52.0
[2024-10-14 10:53:27,234][INFO] Priority check: 8.519770756892465 -> False (Threshold: 5)
[2024-10-14 10:53:27,234][INFO] Step 43: size: 43, coverage: 70.25%, cost: 54.0
[2024-10-14 10:53:27,252][INFO] Priority check: 8.516161106977721 -> False (Threshold: 5)
[2024-10-14 10:53:27,252][INFO] Step 44: size: 44, coverage: 71.25%, cost: 56.0
[2024-10-14 10:53:27,270][INFO] Priority check: 8.514096766539597 -> False (Threshold: 5)
[2024-10-14 10:53:27,270][INFO] Step 45: size: 45, coverage: 72.75%, cost: 59.0
[2024-10-14 10:53:27,288][INFO] Priority check: 8.51167396873259 -> False (Threshold: 5)
[2024-10-14 10:53:27,288][INFO] Step 46: size: 46, coverage: 74.00%, cost: 62.0
[2024-10-14 10:53:27,306][INFO] Priority check: 8.508492448724391 -> False (Threshold: 5)
[2024-10-14 10:53:27,306][INFO] Step 47: size: 47, coverage: 74.75%, cost: 64.0
[2024-10-14 10:53:27,323][INFO] Priority check: 8.500998470768007 -> False (Threshold: 5)
[2024-10-14 10:53:27,323][INFO] Step 48: size: 48, coverage: 75.50%, cost: 66.0
[2024-10-14 10:53:27,341][INFO] Priority check: 8.503916744653607 -> False (Threshold: 5)
[2024-10-14 10:53:27,341][INFO] Step 49: size: 49, coverage: 76.25%, cost: 68.0
[2024-10-14 10:53:27,359][INFO] Priority check: 8.51028642291198 -> False (Threshold: 5)
[2024-10-14 10:53:27,359][INFO] Step 50: size: 50, coverage: 77.00%, cost: 70.0
[2024-10-14 10:53:27,377][INFO] Priority check: 8.503584170807038 -> False (Threshold: 5)
[2024-10-14 10:53:27,377][INFO] Step 51: size: 51, coverage: 78.00%, cost: 73.0
[2024-10-14 10:53:27,395][INFO] Priority check: 8.504763003752663 -> False (Threshold: 5)
[2024-10-14 10:53:27,395][INFO] Step 52: size: 52, coverage: 79.00%, cost: 76.0
[2024-10-14 10:53:27,413][INFO] Priority check: 8.502799538975385 -> False (Threshold: 5)
[2024-10-14 10:53:27,413][INFO] Step 53: size: 53, coverage: 79.25%, cost: 77.0
[2024-10-14 10:53:27,432][INFO] Priority check: 8.502857975410386 -> False (Threshold: 5)
[2024-10-14 10:53:27,432][INFO] Step 54: size: 54, coverage: 79.50%, cost: 78.0
[2024-10-14 10:53:27,450][INFO] Priority check: 8.509052532450367 -> False (Threshold: 5)
[2024-10-14 10:53:27,450][INFO] Step 55: size: 55, coverage: 79.75%, cost: 79.0
[2024-10-14 10:53:27,468][INFO] Priority check: 8.521880294277784 -> False (Threshold: 5)
[2024-10-14 10:53:27,468][INFO] Step 56: size: 56, coverage: 80.00%, cost: 80.0
[2024-10-14 10:53:27,486][INFO] Priority check: 8.51557360076231 -> False (Threshold: 5)
[2024-10-14 10:53:27,486][INFO] Step 57: size: 57, coverage: 80.50%, cost: 82.0
[2024-10-14 10:53:27,505][INFO] Priority check: 8.516777192694429 -> False (Threshold: 5)
[2024-10-14 10:53:27,505][INFO] Step 58: size: 58, coverage: 81.00%, cost: 84.0
[2024-10-14 10:53:27,523][INFO] Priority check: 8.512035229602846 -> False (Threshold: 5)
[2024-10-14 10:53:27,523][INFO] Step 59: size: 59, coverage: 81.75%, cost: 87.0
[2024-10-14 10:53:27,542][INFO] Priority check: 8.507202830543068 -> False (Threshold: 5)
[2024-10-14 10:53:27,542][INFO] Step 60: size: 60, coverage: 82.75%, cost: 91.0
[2024-10-14 10:53:27,561][INFO] Priority check: 8.510251171381489 -> False (Threshold: 5)
[2024-10-14 10:53:27,561][INFO] Step 61: size: 61, coverage: 83.75%, cost: 96.0
[2024-10-14 10:53:27,579][INFO] Priority check: 8.506172758650038 -> False (Threshold: 5)
[2024-10-14 10:53:27,580][INFO] Step 62: size: 62, coverage: 84.50%, cost: 100.0
[2024-10-14 10:53:27,598][INFO] Priority check: 8.510838677827232 -> False (Threshold: 5)
[2024-10-14 10:53:27,598][INFO] Step 63: size: 63, coverage: 85.25%, cost: 104.0
[2024-10-14 10:53:27,617][INFO] Priority check: 8.519550677705954 -> False (Threshold: 5)
[2024-10-14 10:53:27,617][INFO] Step 64: size: 64, coverage: 86.00%, cost: 108.0
[2024-10-14 10:53:27,636][INFO] Priority check: 8.53231760719208 -> False (Threshold: 5)
[2024-10-14 10:53:27,636][INFO] Step 65: size: 65, coverage: 86.75%, cost: 112.0
[2024-10-14 10:53:27,655][INFO] Priority check: 8.536286883065728 -> False (Threshold: 5)
[2024-10-14 10:53:27,655][INFO] Step 66: size: 66, coverage: 87.25%, cost: 115.0
[2024-10-14 10:53:27,674][INFO] Priority check: 8.537765735249474 -> False (Threshold: 5)
[2024-10-14 10:53:27,674][INFO] Step 67: size: 67, coverage: 87.75%, cost: 118.0
[2024-10-14 10:53:27,693][INFO] Priority check: 8.53423107256887 -> False (Threshold: 5)
[2024-10-14 10:53:27,693][INFO] Step 68: size: 68, coverage: 88.25%, cost: 121.0
[2024-10-14 10:53:27,712][INFO] Priority check: 8.54732377706613 -> False (Threshold: 5)
[2024-10-14 10:53:27,712][INFO] Step 69: size: 69, coverage: 88.75%, cost: 124.0
[2024-10-14 10:53:27,731][INFO] Priority check: 8.5393350882841 -> False (Threshold: 5)
[2024-10-14 10:53:27,731][INFO] Step 70: size: 70, coverage: 89.25%, cost: 127.0
[2024-10-14 10:53:27,750][INFO] Priority check: 8.542183561595946 -> False (Threshold: 5)
[2024-10-14 10:53:27,750][INFO] Step 71: size: 71, coverage: 89.75%, cost: 130.0
[2024-10-14 10:53:27,769][INFO] Priority check: 8.543125891616018 -> False (Threshold: 5)
[2024-10-14 10:53:27,769][INFO] Step 72: size: 72, coverage: 90.50%, cost: 135.0
[2024-10-14 10:53:27,788][INFO] Priority check: 8.538991450985298 -> False (Threshold: 5)
[2024-10-14 10:53:27,788][INFO] Step 73: size: 73, coverage: 91.25%, cost: 140.0
[2024-10-14 10:53:27,808][INFO] Priority check: 8.537997423283754 -> False (Threshold: 5)
[2024-10-14 10:53:27,808][INFO] Step 74: size: 74, coverage: 91.50%, cost: 142.0
[2024-10-14 10:53:27,827][INFO] Priority check: 8.533879539810718 -> False (Threshold: 5)
[2024-10-14 10:53:27,827][INFO] Step 75: size: 75, coverage: 91.75%, cost: 144.0
[2024-10-14 10:53:27,846][INFO] Priority check: 8.543971193186456 -> False (Threshold: 5)
[2024-10-14 10:53:27,846][INFO] Step 76: size: 76, coverage: 92.00%, cost: 146.0
[2024-10-14 10:53:27,866][INFO] Priority check: 8.540720110154647 -> False (Threshold: 5)
[2024-10-14 10:53:27,866][INFO] Step 77: size: 77, coverage: 92.25%, cost: 148.0
[2024-10-14 10:53:27,886][INFO] Priority check: 8.53508897141676 -> False (Threshold: 5)
[2024-10-14 10:53:27,886][INFO] Step 78: size: 78, coverage: 92.50%, cost: 150.0
[2024-10-14 10:53:27,905][INFO] Priority check: 8.536943246853642 -> False (Threshold: 5)
[2024-10-14 10:53:27,905][INFO] Step 79: size: 79, coverage: 92.75%, cost: 152.0
[2024-10-14 10:53:27,925][INFO] Priority check: 8.528525297494285 -> False (Threshold: 5)
[2024-10-14 10:53:27,925][INFO] Step 80: size: 80, coverage: 93.00%, cost: 154.0
[2024-10-14 10:53:27,945][INFO] Priority check: 8.516959184474233 -> False (Threshold: 5)
[2024-10-14 10:53:27,945][INFO] Step 81: size: 81, coverage: 93.50%, cost: 158.0
[2024-10-14 10:53:27,965][INFO] Priority check: 8.522850168810901 -> False (Threshold: 5)
[2024-10-14 10:53:27,965][INFO] Step 82: size: 82, coverage: 94.25%, cost: 164.0
[2024-10-14 10:53:27,985][INFO] Priority check: 8.522534834191058 -> False (Threshold: 5)
[2024-10-14 10:53:27,985][INFO] Step 83: size: 83, coverage: 95.00%, cost: 171.0
[2024-10-14 10:53:28,005][INFO] Priority check: 8.537481698369842 -> False (Threshold: 5)
[2024-10-14 10:53:28,005][INFO] Step 84: size: 84, coverage: 95.50%, cost: 176.0
[2024-10-14 10:53:28,025][INFO] Priority check: 8.545238074506761 -> False (Threshold: 5)
[2024-10-14 10:53:28,025][INFO] Step 85: size: 85, coverage: 96.00%, cost: 181.0
[2024-10-14 10:53:28,045][INFO] Priority check: 8.537680817997355 -> False (Threshold: 5)
[2024-10-14 10:53:28,045][INFO] Step 86: size: 86, coverage: 96.25%, cost: 184.0
[2024-10-14 10:53:28,065][INFO] Priority check: 8.53038649476095 -> False (Threshold: 5)
[2024-10-14 10:53:28,065][INFO] Step 87: size: 87, coverage: 96.50%, cost: 187.0
[2024-10-14 10:53:28,085][INFO] Priority check: 8.528151909997852 -> False (Threshold: 5)
[2024-10-14 10:53:28,085][INFO] Step 88: size: 88, coverage: 96.75%, cost: 190.0
[2024-10-14 10:53:28,106][INFO] Priority check: 8.520469470633646 -> False (Threshold: 5)
[2024-10-14 10:53:28,106][INFO] Step 89: size: 89, coverage: 97.25%, cost: 197.0
[2024-10-14 10:53:28,126][INFO] Priority check: 8.514950087933576 -> False (Threshold: 5)
[2024-10-14 10:53:28,126][INFO] Step 90: size: 90, coverage: 97.75%, cost: 204.0
[2024-10-14 10:53:28,147][INFO] Priority check: 8.512401247591658 -> False (Threshold: 5)
[2024-10-14 10:53:28,147][INFO] Step 91: size: 91, coverage: 98.00%, cost: 208.0
[2024-10-14 10:53:28,167][INFO] Priority check: 8.508629443100691 -> False (Threshold: 5)
[2024-10-14 10:53:28,168][INFO] Step 92: size: 92, coverage: 98.25%, cost: 213.0
[2024-10-14 10:53:28,188][INFO] Priority check: 8.508548642394894 -> False (Threshold: 5)
[2024-10-14 10:53:28,188][INFO] Step 93: size: 93, coverage: 98.50%, cost: 218.0
[2024-10-14 10:53:28,209][INFO] Priority check: 8.504867723839096 -> False (Threshold: 5)
[2024-10-14 10:53:28,209][INFO] Step 94: size: 94, coverage: 98.75%, cost: 223.0
[2024-10-14 10:53:28,230][INFO] Priority check: 8.495351302329999 -> False (Threshold: 5)
[2024-10-14 10:53:28,230][INFO] Step 95: size: 95, coverage: 99.00%, cost: 229.0
[2024-10-14 10:53:28,251][INFO] Priority check: 8.496902008967739 -> False (Threshold: 5)
[2024-10-14 10:53:28,251][INFO] Step 96: size: 96, coverage: 99.25%, cost: 235.0
[2024-10-14 10:53:28,272][INFO] Priority check: 8.487266565272945 -> False (Threshold: 5)
[2024-10-14 10:53:28,272][INFO] Step 97: size: 97, coverage: 99.50%, cost: 242.0
[2024-10-14 10:53:28,293][INFO] Priority check: 8.488026861408958 -> False (Threshold: 5)
[2024-10-14 10:53:28,293][INFO] Step 98: size: 98, coverage: 99.75%, cost: 249.0
[2024-10-14 10:53:28,314][INFO] Priority check: 8.473488065725943 -> False (Threshold: 5)
[2024-10-14 10:53:28,314][INFO] Step 99: size: 99, coverage: 100.00%, cost: 257.0
[2024-10-14 10:53:28,318][INFO] Size: 99 -> 90
[2024-10-14 10:53:28,318][INFO] Cost: 257.0 -> 246.0
[2024-10-14 13:42:55,533][INFO] Priority check: 8.561380948772225 -> False (Threshold: 5)
[2024-10-14 13:42:55,533][INFO] Step 1: size: 1, coverage: 3.25%, cost: 1.0
[2024-10-14 13:42:55,549][INFO] Priority check: 8.545114101052132 -> False (Threshold: 5)
[2024-10-14 13:42:55,549][INFO] Step 2: size: 2, coverage: 6.50%, cost: 2.0
[2024-10-14 13:42:55,566][INFO] Priority check: 8.544506641696758 -> False (Threshold: 5)
[2024-10-14 13:42:55,566][INFO] Step 3: size: 3, coverage: 9.50%, cost: 3.0
[2024-10-14 13:42:55,584][INFO] Priority check: 8.545530995789553 -> False (Threshold: 5)
[2024-10-14 13:42:55,584][INFO] Step 4: size: 4, coverage: 12.25%, cost: 4.0
[2024-10-14 13:42:55,601][INFO] Priority check: 8.55716074407861 -> False (Threshold: 5)
[2024-10-14 13:42:55,601][INFO] Step 5: size: 5, coverage: 15.00%, cost: 5.0
[2024-10-14 13:42:55,617][INFO] Priority check: 8.568298766382975 -> False (Threshold: 5)
[2024-10-14 13:42:55,617][INFO] Step 6: size: 6, coverage: 17.50%, cost: 6.0
[2024-10-14 13:42:55,634][INFO] Priority check: 8.566431214338909 -> False (Threshold: 5)
[2024-10-14 13:42:55,634][INFO] Step 7: size: 7, coverage: 19.75%, cost: 7.0
[2024-10-14 13:42:55,652][INFO] Priority check: 8.561343352535278 -> False (Threshold: 5)
[2024-10-14 13:42:55,652][INFO] Step 8: size: 8, coverage: 22.00%, cost: 8.0
[2024-10-14 13:42:55,669][INFO] Priority check: 8.563757571883968 -> False (Threshold: 5)
[2024-10-14 13:42:55,669][INFO] Step 9: size: 9, coverage: 24.00%, cost: 9.0
[2024-10-14 13:42:55,686][INFO] Priority check: 8.560291686035002 -> False (Threshold: 5)
[2024-10-14 13:42:55,686][INFO] Step 10: size: 10, coverage: 26.00%, cost: 10.0
[2024-10-14 13:42:55,703][INFO] Priority check: 8.570653052714244 -> False (Threshold: 5)
[2024-10-14 13:42:55,703][INFO] Step 11: size: 11, coverage: 28.00%, cost: 11.0
[2024-10-14 13:42:55,720][INFO] Priority check: 8.564890177346117 -> False (Threshold: 5)
[2024-10-14 13:42:55,720][INFO] Step 12: size: 12, coverage: 30.00%, cost: 12.0
[2024-10-14 13:42:55,737][INFO] Priority check: 8.56544803264838 -> False (Threshold: 5)
[2024-10-14 13:42:55,737][INFO] Step 13: size: 13, coverage: 32.00%, cost: 13.0
[2024-10-14 13:42:55,754][INFO] Priority check: 8.567114085268154 -> False (Threshold: 5)
[2024-10-14 13:42:55,754][INFO] Step 14: size: 14, coverage: 34.00%, cost: 14.0
[2024-10-14 13:42:55,771][INFO] Priority check: 8.57251275881232 -> False (Threshold: 5)
[2024-10-14 13:42:55,771][INFO] Step 15: size: 15, coverage: 35.75%, cost: 15.0
[2024-10-14 13:42:55,788][INFO] Priority check: 8.55509753012787 -> False (Threshold: 5)
[2024-10-14 13:42:55,788][INFO] Step 16: size: 16, coverage: 37.50%, cost: 16.0
[2024-10-14 13:42:55,805][INFO] Priority check: 8.558621384311845 -> False (Threshold: 5)
[2024-10-14 13:42:55,805][INFO] Step 17: size: 17, coverage: 39.00%, cost: 17.0
[2024-10-14 13:42:55,822][INFO] Priority check: 8.567350450985415 -> False (Threshold: 5)
[2024-10-14 13:42:55,822][INFO] Step 18: size: 18, coverage: 40.50%, cost: 18.0
[2024-10-14 13:42:55,840][INFO] Priority check: 8.558503081731057 -> False (Threshold: 5)
[2024-10-14 13:42:55,840][INFO] Step 19: size: 19, coverage: 43.25%, cost: 20.0
[2024-10-14 13:42:55,857][INFO] Priority check: 8.568488416867936 -> False (Threshold: 5)
[2024-10-14 13:42:55,857][INFO] Step 20: size: 20, coverage: 44.50%, cost: 21.0
[2024-10-14 13:42:55,874][INFO] Priority check: 8.565628990331067 -> False (Threshold: 5)
[2024-10-14 13:42:55,874][INFO] Step 21: size: 21, coverage: 45.75%, cost: 22.0
[2024-10-14 13:42:55,891][INFO] Priority check: 8.556611478850726 -> False (Threshold: 5)
[2024-10-14 13:42:55,891][INFO] Step 22: size: 22, coverage: 47.00%, cost: 23.0
[2024-10-14 13:42:55,909][INFO] Priority check: 8.563357621283838 -> False (Threshold: 5)
[2024-10-14 13:42:55,909][INFO] Step 23: size: 23, coverage: 48.00%, cost: 24.0
[2024-10-14 13:42:55,926][INFO] Priority check: 8.564087444088832 -> False (Threshold: 5)
[2024-10-14 13:42:55,926][INFO] Step 24: size: 24, coverage: 49.00%, cost: 25.0
[2024-10-14 13:42:55,944][INFO] Priority check: 8.579380805163039 -> False (Threshold: 5)
[2024-10-14 13:42:55,944][INFO] Step 25: size: 25, coverage: 50.00%, cost: 26.0
[2024-10-14 13:42:55,961][INFO] Priority check: 8.571577669834184 -> False (Threshold: 5)
[2024-10-14 13:42:55,961][INFO] Step 26: size: 26, coverage: 51.00%, cost: 27.0
[2024-10-14 13:42:55,979][INFO] Priority check: 8.571621418961525 -> False (Threshold: 5)
[2024-10-14 13:42:55,979][INFO] Step 27: size: 27, coverage: 53.00%, cost: 29.0
[2024-10-14 13:42:55,996][INFO] Priority check: 8.576785164034366 -> False (Threshold: 5)
[2024-10-14 13:42:55,996][INFO] Step 28: size: 28, coverage: 55.00%, cost: 31.0
[2024-10-14 13:42:56,014][INFO] Priority check: 8.567892097826629 -> False (Threshold: 5)
[2024-10-14 13:42:56,014][INFO] Step 29: size: 29, coverage: 56.75%, cost: 33.0
[2024-10-14 13:42:56,032][INFO] Priority check: 8.553589889631137 -> False (Threshold: 5)
[2024-10-14 13:42:56,032][INFO] Step 30: size: 30, coverage: 57.50%, cost: 34.0
[2024-10-14 13:42:56,049][INFO] Priority check: 8.564525672797064 -> False (Threshold: 5)
[2024-10-14 13:42:56,049][INFO] Step 31: size: 31, coverage: 58.25%, cost: 35.0
[2024-10-14 13:42:56,067][INFO] Priority check: 8.55770084485313 -> False (Threshold: 5)
[2024-10-14 13:42:56,067][INFO] Step 32: size: 32, coverage: 59.00%, cost: 36.0
[2024-10-14 13:42:56,085][INFO] Priority check: 8.556387964556071 -> False (Threshold: 5)
[2024-10-14 13:42:56,085][INFO] Step 33: size: 33, coverage: 59.75%, cost: 37.0
[2024-10-14 13:42:56,102][INFO] Priority check: 8.5548582688435 -> False (Threshold: 5)
[2024-10-14 13:42:56,102][INFO] Step 34: size: 34, coverage: 60.50%, cost: 38.0
[2024-10-14 13:42:56,120][INFO] Priority check: 8.554763293043239 -> False (Threshold: 5)
[2024-10-14 13:42:56,120][INFO] Step 35: size: 35, coverage: 61.25%, cost: 39.0
[2024-10-14 13:42:56,138][INFO] Priority check: 8.541773820466098 -> False (Threshold: 5)
[2024-10-14 13:42:56,138][INFO] Step 36: size: 36, coverage: 62.00%, cost: 40.0
[2024-10-14 13:42:56,156][INFO] Priority check: 8.53869867134331 -> False (Threshold: 5)
[2024-10-14 13:42:56,156][INFO] Step 37: size: 37, coverage: 63.50%, cost: 42.0
[2024-10-14 13:42:56,174][INFO] Priority check: 8.535102518423548 -> False (Threshold: 5)
[2024-10-14 13:42:56,174][INFO] Step 38: size: 38, coverage: 64.75%, cost: 44.0
[2024-10-14 13:42:56,192][INFO] Priority check: 8.542385132385451 -> False (Threshold: 5)
[2024-10-14 13:42:56,192][INFO] Step 39: size: 39, coverage: 66.00%, cost: 46.0
[2024-10-14 13:42:56,210][INFO] Priority check: 8.540490325502395 -> False (Threshold: 5)
[2024-10-14 13:42:56,210][INFO] Step 40: size: 40, coverage: 67.75%, cost: 49.0
[2024-10-14 13:42:56,227][INFO] Priority check: 8.529463274438784 -> False (Threshold: 5)
[2024-10-14 13:42:56,227][INFO] Step 41: size: 41, coverage: 68.25%, cost: 50.0
[2024-10-14 13:42:56,245][INFO] Priority check: 8.530386861098387 -> False (Threshold: 5)
[2024-10-14 13:42:56,245][INFO] Step 42: size: 42, coverage: 69.25%, cost: 52.0
[2024-10-14 13:42:56,263][INFO] Priority check: 8.519770756892465 -> False (Threshold: 5)
[2024-10-14 13:42:56,263][INFO] Step 43: size: 43, coverage: 70.25%, cost: 54.0
[2024-10-14 13:42:56,281][INFO] Priority check: 8.516161106977721 -> False (Threshold: 5)
[2024-10-14 13:42:56,281][INFO] Step 44: size: 44, coverage: 71.25%, cost: 56.0
[2024-10-14 13:42:56,298][INFO] Priority check: 8.514096766539597 -> False (Threshold: 5)
[2024-10-14 13:42:56,299][INFO] Step 45: size: 45, coverage: 72.75%, cost: 59.0
[2024-10-14 13:42:56,316][INFO] Priority check: 8.51167396873259 -> False (Threshold: 5)
[2024-10-14 13:42:56,316][INFO] Step 46: size: 46, coverage: 74.00%, cost: 62.0
[2024-10-14 13:42:56,334][INFO] Priority check: 8.508492448724391 -> False (Threshold: 5)
[2024-10-14 13:42:56,334][INFO] Step 47: size: 47, coverage: 74.75%, cost: 64.0
[2024-10-14 13:42:56,352][INFO] Priority check: 8.500998470768007 -> False (Threshold: 5)
[2024-10-14 13:42:56,353][INFO] Step 48: size: 48, coverage: 75.50%, cost: 66.0
[2024-10-14 13:42:56,371][INFO] Priority check: 8.503916744653607 -> False (Threshold: 5)
[2024-10-14 13:42:56,371][INFO] Step 49: size: 49, coverage: 76.25%, cost: 68.0
[2024-10-14 13:42:56,389][INFO] Priority check: 8.51028642291198 -> False (Threshold: 5)
[2024-10-14 13:42:56,389][INFO] Step 50: size: 50, coverage: 77.00%, cost: 70.0
[2024-10-14 13:42:56,407][INFO] Priority check: 8.503584170807038 -> False (Threshold: 5)
[2024-10-14 13:42:56,407][INFO] Step 51: size: 51, coverage: 78.00%, cost: 73.0
[2024-10-14 13:42:56,425][INFO] Priority check: 8.504763003752663 -> False (Threshold: 5)
[2024-10-14 13:42:56,426][INFO] Step 52: size: 52, coverage: 79.00%, cost: 76.0
[2024-10-14 13:42:56,444][INFO] Priority check: 8.502799538975385 -> False (Threshold: 5)
[2024-10-14 13:42:56,444][INFO] Step 53: size: 53, coverage: 79.25%, cost: 77.0
[2024-10-14 13:42:56,462][INFO] Priority check: 8.502857975410386 -> False (Threshold: 5)
[2024-10-14 13:42:56,462][INFO] Step 54: size: 54, coverage: 79.50%, cost: 78.0
[2024-10-14 13:42:56,480][INFO] Priority check: 8.509052532450367 -> False (Threshold: 5)
[2024-10-14 13:42:56,480][INFO] Step 55: size: 55, coverage: 79.75%, cost: 79.0
[2024-10-14 13:42:56,499][INFO] Priority check: 8.521880294277784 -> False (Threshold: 5)
[2024-10-14 13:42:56,499][INFO] Step 56: size: 56, coverage: 80.00%, cost: 80.0
[2024-10-14 13:42:56,517][INFO] Priority check: 8.51557360076231 -> False (Threshold: 5)
[2024-10-14 13:42:56,517][INFO] Step 57: size: 57, coverage: 80.50%, cost: 82.0
[2024-10-14 13:42:56,536][INFO] Priority check: 8.516777192694429 -> False (Threshold: 5)
[2024-10-14 13:42:56,536][INFO] Step 58: size: 58, coverage: 81.00%, cost: 84.0
[2024-10-14 13:42:56,554][INFO] Priority check: 8.512035229602846 -> False (Threshold: 5)
[2024-10-14 13:42:56,554][INFO] Step 59: size: 59, coverage: 81.75%, cost: 87.0
[2024-10-14 13:42:56,573][INFO] Priority check: 8.507202830543068 -> False (Threshold: 5)
[2024-10-14 13:42:56,573][INFO] Step 60: size: 60, coverage: 82.75%, cost: 91.0
[2024-10-14 13:42:56,592][INFO] Priority check: 8.510251171381489 -> False (Threshold: 5)
[2024-10-14 13:42:56,592][INFO] Step 61: size: 61, coverage: 83.75%, cost: 96.0
[2024-10-14 13:42:56,610][INFO] Priority check: 8.506172758650038 -> False (Threshold: 5)
[2024-10-14 13:42:56,610][INFO] Step 62: size: 62, coverage: 84.50%, cost: 100.0
[2024-10-14 13:42:56,629][INFO] Priority check: 8.510838677827232 -> False (Threshold: 5)
[2024-10-14 13:42:56,629][INFO] Step 63: size: 63, coverage: 85.25%, cost: 104.0
[2024-10-14 13:42:56,648][INFO] Priority check: 8.519550677705954 -> False (Threshold: 5)
[2024-10-14 13:42:56,648][INFO] Step 64: size: 64, coverage: 86.00%, cost: 108.0
[2024-10-14 13:42:56,667][INFO] Priority check: 8.53231760719208 -> False (Threshold: 5)
[2024-10-14 13:42:56,667][INFO] Step 65: size: 65, coverage: 86.75%, cost: 112.0
[2024-10-14 13:42:56,686][INFO] Priority check: 8.536286883065728 -> False (Threshold: 5)
[2024-10-14 13:42:56,686][INFO] Step 66: size: 66, coverage: 87.25%, cost: 115.0
[2024-10-14 13:42:56,705][INFO] Priority check: 8.537765735249474 -> False (Threshold: 5)
[2024-10-14 13:42:56,705][INFO] Step 67: size: 67, coverage: 87.75%, cost: 118.0
[2024-10-14 13:42:56,724][INFO] Priority check: 8.53423107256887 -> False (Threshold: 5)
[2024-10-14 13:42:56,724][INFO] Step 68: size: 68, coverage: 88.25%, cost: 121.0
[2024-10-14 13:42:56,743][INFO] Priority check: 8.54732377706613 -> False (Threshold: 5)
[2024-10-14 13:42:56,743][INFO] Step 69: size: 69, coverage: 88.75%, cost: 124.0
[2024-10-14 13:42:56,762][INFO] Priority check: 8.5393350882841 -> False (Threshold: 5)
[2024-10-14 13:42:56,762][INFO] Step 70: size: 70, coverage: 89.25%, cost: 127.0
[2024-10-14 13:42:56,781][INFO] Priority check: 8.542183561595946 -> False (Threshold: 5)
[2024-10-14 13:42:56,781][INFO] Step 71: size: 71, coverage: 89.75%, cost: 130.0
[2024-10-14 13:42:56,800][INFO] Priority check: 8.543125891616018 -> False (Threshold: 5)
[2024-10-14 13:42:56,800][INFO] Step 72: size: 72, coverage: 90.50%, cost: 135.0
[2024-10-14 13:42:56,820][INFO] Priority check: 8.538991450985298 -> False (Threshold: 5)
[2024-10-14 13:42:56,820][INFO] Step 73: size: 73, coverage: 91.25%, cost: 140.0
[2024-10-14 13:42:56,839][INFO] Priority check: 8.537997423283754 -> False (Threshold: 5)
[2024-10-14 13:42:56,839][INFO] Step 74: size: 74, coverage: 91.50%, cost: 142.0
[2024-10-14 13:42:56,858][INFO] Priority check: 8.533879539810718 -> False (Threshold: 5)
[2024-10-14 13:42:56,858][INFO] Step 75: size: 75, coverage: 91.75%, cost: 144.0
[2024-10-14 13:42:56,878][INFO] Priority check: 8.543971193186456 -> False (Threshold: 5)
[2024-10-14 13:42:56,878][INFO] Step 76: size: 76, coverage: 92.00%, cost: 146.0
[2024-10-14 13:42:56,897][INFO] Priority check: 8.540720110154647 -> False (Threshold: 5)
[2024-10-14 13:42:56,897][INFO] Step 77: size: 77, coverage: 92.25%, cost: 148.0
[2024-10-14 13:42:56,917][INFO] Priority check: 8.53508897141676 -> False (Threshold: 5)
[2024-10-14 13:42:56,917][INFO] Step 78: size: 78, coverage: 92.50%, cost: 150.0
[2024-10-14 13:42:56,936][INFO] Priority check: 8.536943246853642 -> False (Threshold: 5)
[2024-10-14 13:42:56,937][INFO] Step 79: size: 79, coverage: 92.75%, cost: 152.0
[2024-10-14 13:42:56,956][INFO] Priority check: 8.528525297494285 -> False (Threshold: 5)
[2024-10-14 13:42:56,956][INFO] Step 80: size: 80, coverage: 93.00%, cost: 154.0
[2024-10-14 13:42:56,976][INFO] Priority check: 8.516959184474233 -> False (Threshold: 5)
[2024-10-14 13:42:56,976][INFO] Step 81: size: 81, coverage: 93.50%, cost: 158.0
[2024-10-14 13:42:56,996][INFO] Priority check: 8.522850168810901 -> False (Threshold: 5)
[2024-10-14 13:42:56,996][INFO] Step 82: size: 82, coverage: 94.25%, cost: 164.0
[2024-10-14 13:42:57,016][INFO] Priority check: 8.522534834191058 -> False (Threshold: 5)
[2024-10-14 13:42:57,016][INFO] Step 83: size: 83, coverage: 95.00%, cost: 171.0
[2024-10-14 13:42:57,037][INFO] Priority check: 8.537481698369842 -> False (Threshold: 5)
[2024-10-14 13:42:57,037][INFO] Step 84: size: 84, coverage: 95.50%, cost: 176.0
[2024-10-14 13:42:57,057][INFO] Priority check: 8.545238074506761 -> False (Threshold: 5)
[2024-10-14 13:42:57,057][INFO] Step 85: size: 85, coverage: 96.00%, cost: 181.0
[2024-10-14 13:42:57,077][INFO] Priority check: 8.537680817997355 -> False (Threshold: 5)
[2024-10-14 13:42:57,078][INFO] Step 86: size: 86, coverage: 96.25%, cost: 184.0
[2024-10-14 13:42:57,098][INFO] Priority check: 8.53038649476095 -> False (Threshold: 5)
[2024-10-14 13:42:57,098][INFO] Step 87: size: 87, coverage: 96.50%, cost: 187.0
[2024-10-14 13:42:57,118][INFO] Priority check: 8.528151909997852 -> False (Threshold: 5)
[2024-10-14 13:42:57,118][INFO] Step 88: size: 88, coverage: 96.75%, cost: 190.0
[2024-10-14 13:42:57,139][INFO] Priority check: 8.520469470633646 -> False (Threshold: 5)
[2024-10-14 13:42:57,139][INFO] Step 89: size: 89, coverage: 97.25%, cost: 197.0
[2024-10-14 13:42:57,159][INFO] Priority check: 8.514950087933576 -> False (Threshold: 5)
[2024-10-14 13:42:57,160][INFO] Step 90: size: 90, coverage: 97.75%, cost: 204.0
[2024-10-14 13:42:57,180][INFO] Priority check: 8.512401247591658 -> False (Threshold: 5)
[2024-10-14 13:42:57,180][INFO] Step 91: size: 91, coverage: 98.00%, cost: 208.0
[2024-10-14 13:42:57,201][INFO] Priority check: 8.508629443100691 -> False (Threshold: 5)
[2024-10-14 13:42:57,201][INFO] Step 92: size: 92, coverage: 98.25%, cost: 213.0
[2024-10-14 13:42:57,222][INFO] Priority check: 8.508548642394894 -> False (Threshold: 5)
[2024-10-14 13:42:57,222][INFO] Step 93: size: 93, coverage: 98.50%, cost: 218.0
[2024-10-14 13:42:57,242][INFO] Priority check: 8.504867723839096 -> False (Threshold: 5)
[2024-10-14 13:42:57,243][INFO] Step 94: size: 94, coverage: 98.75%, cost: 223.0
[2024-10-14 13:42:57,263][INFO] Priority check: 8.495351302329999 -> False (Threshold: 5)
[2024-10-14 13:42:57,263][INFO] Step 95: size: 95, coverage: 99.00%, cost: 229.0
[2024-10-14 13:42:57,284][INFO] Priority check: 8.496902008967739 -> False (Threshold: 5)
[2024-10-14 13:42:57,284][INFO] Step 96: size: 96, coverage: 99.25%, cost: 235.0
[2024-10-14 13:42:57,305][INFO] Priority check: 8.487266565272945 -> False (Threshold: 5)
[2024-10-14 13:42:57,305][INFO] Step 97: size: 97, coverage: 99.50%, cost: 242.0
[2024-10-14 13:42:57,326][INFO] Priority check: 8.488026861408958 -> False (Threshold: 5)
[2024-10-14 13:42:57,326][INFO] Step 98: size: 98, coverage: 99.75%, cost: 249.0
[2024-10-14 13:42:57,347][INFO] Priority check: 8.473488065725943 -> False (Threshold: 5)
[2024-10-14 13:42:57,347][INFO] Step 99: size: 99, coverage: 100.00%, cost: 257.0
[2024-10-14 13:42:57,627][INFO] Redundancy elimination: [np.int64(22), np.int64(50), np.int64(57), np.int64(55), np.int64(19), np.int64(26), np.int64(54), np.int64(16), np.int64(23), np.int64(35), np.int64(39), np.int64(24), np.int64(28), np.int64(4), np.int64(38), np.int64(18)] -> cost: 20.0
[2024-10-14 13:42:57,627][INFO] Redundancy elimination: [np.int64(55), np.int64(50), np.int64(57), np.int64(22), np.int64(54), np.int64(23), np.int64(4), np.int64(25), np.int64(19), np.int64(16), np.int64(38), np.int64(26), np.int64(35)] -> cost: 17.0
[2024-10-14 13:42:57,627][INFO] Redundancy elimination: [np.int64(57), np.int64(55), np.int64(54), np.int64(77), np.int64(22), np.int64(16), np.int64(38), np.int64(4), np.int64(17), np.int64(18), np.int64(39), np.int64(23), np.int64(26), np.int64(24), np.int64(35), np.int64(28)] -> cost: 20.0
[2024-10-14 13:42:57,627][INFO] Redundancy elimination: [np.int64(0), np.int64(50), np.int64(19), np.int64(55), np.int64(57), np.int64(17), np.int64(24), np.int64(18), np.int64(16), np.int64(38), np.int64(39), np.int64(25)] -> cost: 15.0
[2024-10-14 13:42:57,627][INFO] Redundancy elimination: [np.int64(54), np.int64(57), np.int64(77), np.int64(55), np.int64(19), np.int64(16), np.int64(38), np.int64(26), np.int64(39), np.int64(25), np.int64(35), np.int64(22), np.int64(24), np.int64(18)] -> cost: 18.0
[2024-10-14 13:42:57,627][INFO] Size: 99 -> 83
[2024-10-14 13:42:57,627][INFO] Cost: 257.0 -> 237.0
[2024-10-14 13:55:26,846][INFO] Priority check: 8.561380948772225 -> False (Threshold: 5)
[2024-10-14 13:55:26,847][INFO] Step 1: size: 1, coverage: 3.25%, cost: 1.0
[2024-10-14 13:55:26,863][INFO] Priority check: 8.545114101052132 -> False (Threshold: 5)
[2024-10-14 13:55:26,863][INFO] Step 2: size: 2, coverage: 6.50%, cost: 2.0
[2024-10-14 13:55:26,881][INFO] Priority check: 8.544506641696758 -> False (Threshold: 5)
[2024-10-14 13:55:26,881][INFO] Step 3: size: 3, coverage: 9.50%, cost: 3.0
[2024-10-14 13:55:26,898][INFO] Priority check: 8.545530995789553 -> False (Threshold: 5)
[2024-10-14 13:55:26,898][INFO] Step 4: size: 4, coverage: 12.25%, cost: 4.0
[2024-10-14 13:55:26,915][INFO] Priority check: 8.55716074407861 -> False (Threshold: 5)
[2024-10-14 13:55:26,915][INFO] Step 5: size: 5, coverage: 15.00%, cost: 5.0
[2024-10-14 13:55:26,932][INFO] Priority check: 8.568298766382975 -> False (Threshold: 5)
[2024-10-14 13:55:26,933][INFO] Step 6: size: 6, coverage: 17.50%, cost: 6.0
[2024-10-14 13:55:26,950][INFO] Priority check: 8.566431214338909 -> False (Threshold: 5)
[2024-10-14 13:55:26,950][INFO] Step 7: size: 7, coverage: 19.75%, cost: 7.0
[2024-10-14 13:55:26,967][INFO] Priority check: 8.561343352535278 -> False (Threshold: 5)
[2024-10-14 13:55:26,967][INFO] Step 8: size: 8, coverage: 22.00%, cost: 8.0
[2024-10-14 13:55:26,985][INFO] Priority check: 8.563757571883968 -> False (Threshold: 5)
[2024-10-14 13:55:26,985][INFO] Step 9: size: 9, coverage: 24.00%, cost: 9.0
[2024-10-14 13:55:27,002][INFO] Priority check: 8.560291686035002 -> False (Threshold: 5)
[2024-10-14 13:55:27,002][INFO] Step 10: size: 10, coverage: 26.00%, cost: 10.0
[2024-10-14 13:55:27,020][INFO] Priority check: 8.570653052714244 -> False (Threshold: 5)
[2024-10-14 13:55:27,020][INFO] Step 11: size: 11, coverage: 28.00%, cost: 11.0
[2024-10-14 13:55:27,037][INFO] Priority check: 8.564890177346117 -> False (Threshold: 5)
[2024-10-14 13:55:27,037][INFO] Step 12: size: 12, coverage: 30.00%, cost: 12.0
[2024-10-14 13:55:27,054][INFO] Priority check: 8.56544803264838 -> False (Threshold: 5)
[2024-10-14 13:55:27,054][INFO] Step 13: size: 13, coverage: 32.00%, cost: 13.0
[2024-10-14 13:55:27,072][INFO] Priority check: 8.567114085268154 -> False (Threshold: 5)
[2024-10-14 13:55:27,072][INFO] Step 14: size: 14, coverage: 34.00%, cost: 14.0
[2024-10-14 13:55:27,089][INFO] Priority check: 8.57251275881232 -> False (Threshold: 5)
[2024-10-14 13:55:27,089][INFO] Step 15: size: 15, coverage: 35.75%, cost: 15.0
[2024-10-14 13:55:27,106][INFO] Priority check: 8.55509753012787 -> False (Threshold: 5)
[2024-10-14 13:55:27,106][INFO] Step 16: size: 16, coverage: 37.50%, cost: 16.0
[2024-10-14 13:55:27,124][INFO] Priority check: 8.558621384311845 -> False (Threshold: 5)
[2024-10-14 13:55:27,124][INFO] Step 17: size: 17, coverage: 39.00%, cost: 17.0
[2024-10-14 13:55:27,141][INFO] Priority check: 8.567350450985415 -> False (Threshold: 5)
[2024-10-14 13:55:27,141][INFO] Step 18: size: 18, coverage: 40.50%, cost: 18.0
[2024-10-14 13:55:27,159][INFO] Priority check: 8.558503081731057 -> False (Threshold: 5)
[2024-10-14 13:55:27,159][INFO] Step 19: size: 19, coverage: 43.25%, cost: 20.0
[2024-10-14 13:55:27,177][INFO] Priority check: 8.568488416867936 -> False (Threshold: 5)
[2024-10-14 13:55:27,177][INFO] Step 20: size: 20, coverage: 44.50%, cost: 21.0
[2024-10-14 13:55:27,194][INFO] Priority check: 8.565628990331067 -> False (Threshold: 5)
[2024-10-14 13:55:27,194][INFO] Step 21: size: 21, coverage: 45.75%, cost: 22.0
[2024-10-14 13:55:27,212][INFO] Priority check: 8.556611478850726 -> False (Threshold: 5)
[2024-10-14 13:55:27,212][INFO] Step 22: size: 22, coverage: 47.00%, cost: 23.0
[2024-10-14 13:55:27,229][INFO] Priority check: 8.563357621283838 -> False (Threshold: 5)
[2024-10-14 13:55:27,229][INFO] Step 23: size: 23, coverage: 48.00%, cost: 24.0
[2024-10-14 13:55:27,247][INFO] Priority check: 8.564087444088832 -> False (Threshold: 5)
[2024-10-14 13:55:27,247][INFO] Step 24: size: 24, coverage: 49.00%, cost: 25.0
[2024-10-14 13:55:27,265][INFO] Priority check: 8.579380805163039 -> False (Threshold: 5)
[2024-10-14 13:55:27,265][INFO] Step 25: size: 25, coverage: 50.00%, cost: 26.0
[2024-10-14 13:55:27,306][INFO] Priority check: 8.571577669834184 -> False (Threshold: 5)
[2024-10-14 13:55:27,306][INFO] Step 26: size: 26, coverage: 51.00%, cost: 27.0
[2024-10-14 13:55:27,339][INFO] Priority check: 8.571621418961525 -> False (Threshold: 5)
[2024-10-14 13:55:27,339][INFO] Step 27: size: 27, coverage: 53.00%, cost: 29.0
[2024-10-14 13:55:27,370][INFO] Priority check: 8.576785164034366 -> False (Threshold: 5)
[2024-10-14 13:55:27,370][INFO] Step 28: size: 28, coverage: 55.00%, cost: 31.0
[2024-10-14 13:55:27,402][INFO] Priority check: 8.567892097826629 -> False (Threshold: 5)
[2024-10-14 13:55:27,402][INFO] Step 29: size: 29, coverage: 56.75%, cost: 33.0
[2024-10-14 13:55:27,435][INFO] Priority check: 8.553589889631137 -> False (Threshold: 5)
[2024-10-14 13:55:27,435][INFO] Step 30: size: 30, coverage: 57.50%, cost: 34.0
[2024-10-14 13:55:27,467][INFO] Priority check: 8.564525672797064 -> False (Threshold: 5)
[2024-10-14 13:55:27,467][INFO] Step 31: size: 31, coverage: 58.25%, cost: 35.0
[2024-10-14 13:55:27,500][INFO] Priority check: 8.55770084485313 -> False (Threshold: 5)
[2024-10-14 13:55:27,500][INFO] Step 32: size: 32, coverage: 59.00%, cost: 36.0
[2024-10-14 13:55:27,534][INFO] Priority check: 8.556387964556071 -> False (Threshold: 5)
[2024-10-14 13:55:27,534][INFO] Step 33: size: 33, coverage: 59.75%, cost: 37.0
[2024-10-14 13:55:27,568][INFO] Priority check: 8.5548582688435 -> False (Threshold: 5)
[2024-10-14 13:55:27,568][INFO] Step 34: size: 34, coverage: 60.50%, cost: 38.0
[2024-10-14 13:55:27,597][INFO] Priority check: 8.554763293043239 -> False (Threshold: 5)
[2024-10-14 13:55:27,597][INFO] Step 35: size: 35, coverage: 61.25%, cost: 39.0
[2024-10-14 13:55:27,629][INFO] Priority check: 8.541773820466098 -> False (Threshold: 5)
[2024-10-14 13:55:27,629][INFO] Step 36: size: 36, coverage: 62.00%, cost: 40.0
[2024-10-14 13:55:27,662][INFO] Priority check: 8.53869867134331 -> False (Threshold: 5)
[2024-10-14 13:55:27,662][INFO] Step 37: size: 37, coverage: 63.50%, cost: 42.0
[2024-10-14 13:55:27,696][INFO] Priority check: 8.535102518423548 -> False (Threshold: 5)
[2024-10-14 13:55:27,696][INFO] Step 38: size: 38, coverage: 64.75%, cost: 44.0
[2024-10-14 13:55:27,730][INFO] Priority check: 8.542385132385451 -> False (Threshold: 5)
[2024-10-14 13:55:27,731][INFO] Step 39: size: 39, coverage: 66.00%, cost: 46.0
[2024-10-14 13:55:27,764][INFO] Priority check: 8.540490325502395 -> False (Threshold: 5)
[2024-10-14 13:55:27,764][INFO] Step 40: size: 40, coverage: 67.75%, cost: 49.0
[2024-10-14 13:55:27,797][INFO] Priority check: 8.529463274438784 -> False (Threshold: 5)
[2024-10-14 13:55:27,797][INFO] Step 41: size: 41, coverage: 68.25%, cost: 50.0
[2024-10-14 13:55:27,830][INFO] Priority check: 8.530386861098387 -> False (Threshold: 5)
[2024-10-14 13:55:27,830][INFO] Step 42: size: 42, coverage: 69.25%, cost: 52.0
[2024-10-14 13:55:27,864][INFO] Priority check: 8.519770756892465 -> False (Threshold: 5)
[2024-10-14 13:55:27,864][INFO] Step 43: size: 43, coverage: 70.25%, cost: 54.0
[2024-10-14 13:55:27,886][INFO] Priority check: 8.516161106977721 -> False (Threshold: 5)
[2024-10-14 13:55:27,886][INFO] Step 44: size: 44, coverage: 71.25%, cost: 56.0
[2024-10-14 13:55:27,907][INFO] Priority check: 8.514096766539597 -> False (Threshold: 5)
[2024-10-14 13:55:27,907][INFO] Step 45: size: 45, coverage: 72.75%, cost: 59.0
[2024-10-14 13:55:27,940][INFO] Priority check: 8.51167396873259 -> False (Threshold: 5)
[2024-10-14 13:55:27,940][INFO] Step 46: size: 46, coverage: 74.00%, cost: 62.0
[2024-10-14 13:55:27,966][INFO] Priority check: 8.508492448724391 -> False (Threshold: 5)
[2024-10-14 13:55:27,966][INFO] Step 47: size: 47, coverage: 74.75%, cost: 64.0
[2024-10-14 13:55:27,989][INFO] Priority check: 8.500998470768007 -> False (Threshold: 5)
[2024-10-14 13:55:27,990][INFO] Step 48: size: 48, coverage: 75.50%, cost: 66.0
[2024-10-14 13:55:28,013][INFO] Priority check: 8.503916744653607 -> False (Threshold: 5)
[2024-10-14 13:55:28,013][INFO] Step 49: size: 49, coverage: 76.25%, cost: 68.0
[2024-10-14 13:55:28,036][INFO] Priority check: 8.51028642291198 -> False (Threshold: 5)
[2024-10-14 13:55:28,036][INFO] Step 50: size: 50, coverage: 77.00%, cost: 70.0
[2024-10-14 13:55:28,072][INFO] Priority check: 8.503584170807038 -> False (Threshold: 5)
[2024-10-14 13:55:28,072][INFO] Step 51: size: 51, coverage: 78.00%, cost: 73.0
[2024-10-14 13:55:28,091][INFO] Priority check: 8.504763003752663 -> False (Threshold: 5)
[2024-10-14 13:55:28,091][INFO] Step 52: size: 52, coverage: 79.00%, cost: 76.0
[2024-10-14 13:55:28,110][INFO] Priority check: 8.502799538975385 -> False (Threshold: 5)
[2024-10-14 13:55:28,110][INFO] Step 53: size: 53, coverage: 79.25%, cost: 77.0
[2024-10-14 13:55:28,128][INFO] Priority check: 8.502857975410386 -> False (Threshold: 5)
[2024-10-14 13:55:28,128][INFO] Step 54: size: 54, coverage: 79.50%, cost: 78.0
[2024-10-14 13:55:28,148][INFO] Priority check: 8.509052532450367 -> False (Threshold: 5)
[2024-10-14 13:55:28,148][INFO] Step 55: size: 55, coverage: 79.75%, cost: 79.0
[2024-10-14 13:55:28,167][INFO] Priority check: 8.521880294277784 -> False (Threshold: 5)
[2024-10-14 13:55:28,167][INFO] Step 56: size: 56, coverage: 80.00%, cost: 80.0
[2024-10-14 13:55:28,186][INFO] Priority check: 8.51557360076231 -> False (Threshold: 5)
[2024-10-14 13:55:28,186][INFO] Step 57: size: 57, coverage: 80.50%, cost: 82.0
[2024-10-14 13:55:28,205][INFO] Priority check: 8.516777192694429 -> False (Threshold: 5)
[2024-10-14 13:55:28,205][INFO] Step 58: size: 58, coverage: 81.00%, cost: 84.0
[2024-10-14 13:55:28,224][INFO] Priority check: 8.512035229602846 -> False (Threshold: 5)
[2024-10-14 13:55:28,224][INFO] Step 59: size: 59, coverage: 81.75%, cost: 87.0
[2024-10-14 13:55:28,243][INFO] Priority check: 8.507202830543068 -> False (Threshold: 5)
[2024-10-14 13:55:28,244][INFO] Step 60: size: 60, coverage: 82.75%, cost: 91.0
[2024-10-14 13:55:28,262][INFO] Priority check: 8.510251171381489 -> False (Threshold: 5)
[2024-10-14 13:55:28,263][INFO] Step 61: size: 61, coverage: 83.75%, cost: 96.0
[2024-10-14 13:55:28,282][INFO] Priority check: 8.506172758650038 -> False (Threshold: 5)
[2024-10-14 13:55:28,282][INFO] Step 62: size: 62, coverage: 84.50%, cost: 100.0
[2024-10-14 13:55:28,301][INFO] Priority check: 8.510838677827232 -> False (Threshold: 5)
[2024-10-14 13:55:28,301][INFO] Step 63: size: 63, coverage: 85.25%, cost: 104.0
[2024-10-14 13:55:28,321][INFO] Priority check: 8.519550677705954 -> False (Threshold: 5)
[2024-10-14 13:55:28,321][INFO] Step 64: size: 64, coverage: 86.00%, cost: 108.0
[2024-10-14 13:55:28,340][INFO] Priority check: 8.53231760719208 -> False (Threshold: 5)
[2024-10-14 13:55:28,340][INFO] Step 65: size: 65, coverage: 86.75%, cost: 112.0
[2024-10-14 13:55:28,360][INFO] Priority check: 8.536286883065728 -> False (Threshold: 5)
[2024-10-14 13:55:28,360][INFO] Step 66: size: 66, coverage: 87.25%, cost: 115.0
[2024-10-14 13:55:28,379][INFO] Priority check: 8.537765735249474 -> False (Threshold: 5)
[2024-10-14 13:55:28,379][INFO] Step 67: size: 67, coverage: 87.75%, cost: 118.0
[2024-10-14 13:55:28,399][INFO] Priority check: 8.53423107256887 -> False (Threshold: 5)
[2024-10-14 13:55:28,399][INFO] Step 68: size: 68, coverage: 88.25%, cost: 121.0
[2024-10-14 13:55:28,419][INFO] Priority check: 8.54732377706613 -> False (Threshold: 5)
[2024-10-14 13:55:28,419][INFO] Step 69: size: 69, coverage: 88.75%, cost: 124.0
[2024-10-14 13:55:28,438][INFO] Priority check: 8.5393350882841 -> False (Threshold: 5)
[2024-10-14 13:55:28,438][INFO] Step 70: size: 70, coverage: 89.25%, cost: 127.0
[2024-10-14 13:55:28,458][INFO] Priority check: 8.542183561595946 -> False (Threshold: 5)
[2024-10-14 13:55:28,458][INFO] Step 71: size: 71, coverage: 89.75%, cost: 130.0
[2024-10-14 13:55:28,477][INFO] Priority check: 8.543125891616018 -> False (Threshold: 5)
[2024-10-14 13:55:28,477][INFO] Step 72: size: 72, coverage: 90.50%, cost: 135.0
[2024-10-14 13:55:28,497][INFO] Priority check: 8.538991450985298 -> False (Threshold: 5)
[2024-10-14 13:55:28,497][INFO] Step 73: size: 73, coverage: 91.25%, cost: 140.0
[2024-10-14 13:55:28,517][INFO] Priority check: 8.537997423283754 -> False (Threshold: 5)
[2024-10-14 13:55:28,517][INFO] Step 74: size: 74, coverage: 91.50%, cost: 142.0
[2024-10-14 13:55:28,536][INFO] Priority check: 8.533879539810718 -> False (Threshold: 5)
[2024-10-14 13:55:28,536][INFO] Step 75: size: 75, coverage: 91.75%, cost: 144.0
[2024-10-14 13:55:28,556][INFO] Priority check: 8.543971193186456 -> False (Threshold: 5)
[2024-10-14 13:55:28,556][INFO] Step 76: size: 76, coverage: 92.00%, cost: 146.0
[2024-10-14 13:55:28,577][INFO] Priority check: 8.540720110154647 -> False (Threshold: 5)
[2024-10-14 13:55:28,577][INFO] Step 77: size: 77, coverage: 92.25%, cost: 148.0
[2024-10-14 13:55:28,597][INFO] Priority check: 8.53508897141676 -> False (Threshold: 5)
[2024-10-14 13:55:28,597][INFO] Step 78: size: 78, coverage: 92.50%, cost: 150.0
[2024-10-14 13:55:28,617][INFO] Priority check: 8.536943246853642 -> False (Threshold: 5)
[2024-10-14 13:55:28,617][INFO] Step 79: size: 79, coverage: 92.75%, cost: 152.0
[2024-10-14 13:55:28,637][INFO] Priority check: 8.528525297494285 -> False (Threshold: 5)
[2024-10-14 13:55:28,637][INFO] Step 80: size: 80, coverage: 93.00%, cost: 154.0
[2024-10-14 13:55:28,657][INFO] Priority check: 8.516959184474233 -> False (Threshold: 5)
[2024-10-14 13:55:28,657][INFO] Step 81: size: 81, coverage: 93.50%, cost: 158.0
[2024-10-14 13:55:28,677][INFO] Priority check: 8.522850168810901 -> False (Threshold: 5)
[2024-10-14 13:55:28,677][INFO] Step 82: size: 82, coverage: 94.25%, cost: 164.0
[2024-10-14 13:55:28,697][INFO] Priority check: 8.522534834191058 -> False (Threshold: 5)
[2024-10-14 13:55:28,697][INFO] Step 83: size: 83, coverage: 95.00%, cost: 171.0
[2024-10-14 13:55:28,718][INFO] Priority check: 8.537481698369842 -> False (Threshold: 5)
[2024-10-14 13:55:28,718][INFO] Step 84: size: 84, coverage: 95.50%, cost: 176.0
[2024-10-14 13:55:28,738][INFO] Priority check: 8.545238074506761 -> False (Threshold: 5)
[2024-10-14 13:55:28,738][INFO] Step 85: size: 85, coverage: 96.00%, cost: 181.0
[2024-10-14 13:55:28,759][INFO] Priority check: 8.537680817997355 -> False (Threshold: 5)
[2024-10-14 13:55:28,759][INFO] Step 86: size: 86, coverage: 96.25%, cost: 184.0
[2024-10-14 13:55:28,779][INFO] Priority check: 8.53038649476095 -> False (Threshold: 5)
[2024-10-14 13:55:28,779][INFO] Step 87: size: 87, coverage: 96.50%, cost: 187.0
[2024-10-14 13:55:28,800][INFO] Priority check: 8.528151909997852 -> False (Threshold: 5)
[2024-10-14 13:55:28,800][INFO] Step 88: size: 88, coverage: 96.75%, cost: 190.0
[2024-10-14 13:55:28,820][INFO] Priority check: 8.520469470633646 -> False (Threshold: 5)
[2024-10-14 13:55:28,820][INFO] Step 89: size: 89, coverage: 97.25%, cost: 197.0
[2024-10-14 13:55:28,841][INFO] Priority check: 8.514950087933576 -> False (Threshold: 5)
[2024-10-14 13:55:28,841][INFO] Step 90: size: 90, coverage: 97.75%, cost: 204.0
[2024-10-14 13:55:28,862][INFO] Priority check: 8.512401247591658 -> False (Threshold: 5)
[2024-10-14 13:55:28,862][INFO] Step 91: size: 91, coverage: 98.00%, cost: 208.0
[2024-10-14 13:55:28,883][INFO] Priority check: 8.508629443100691 -> False (Threshold: 5)
[2024-10-14 13:55:28,883][INFO] Step 92: size: 92, coverage: 98.25%, cost: 213.0
[2024-10-14 13:55:28,904][INFO] Priority check: 8.508548642394894 -> False (Threshold: 5)
[2024-10-14 13:55:28,904][INFO] Step 93: size: 93, coverage: 98.50%, cost: 218.0
[2024-10-14 13:55:28,925][INFO] Priority check: 8.504867723839096 -> False (Threshold: 5)
[2024-10-14 13:55:28,925][INFO] Step 94: size: 94, coverage: 98.75%, cost: 223.0
[2024-10-14 13:55:28,946][INFO] Priority check: 8.495351302329999 -> False (Threshold: 5)
[2024-10-14 13:55:28,946][INFO] Step 95: size: 95, coverage: 99.00%, cost: 229.0
[2024-10-14 13:55:28,968][INFO] Priority check: 8.496902008967739 -> False (Threshold: 5)
[2024-10-14 13:55:28,968][INFO] Step 96: size: 96, coverage: 99.25%, cost: 235.0
[2024-10-14 13:55:28,989][INFO] Priority check: 8.487266565272945 -> False (Threshold: 5)
[2024-10-14 13:55:28,989][INFO] Step 97: size: 97, coverage: 99.50%, cost: 242.0
[2024-10-14 13:55:29,010][INFO] Priority check: 8.488026861408958 -> False (Threshold: 5)
[2024-10-14 13:55:29,010][INFO] Step 98: size: 98, coverage: 99.75%, cost: 249.0
[2024-10-14 13:55:29,031][INFO] Priority check: 8.473488065725943 -> False (Threshold: 5)
[2024-10-14 13:55:29,032][INFO] Step 99: size: 99, coverage: 100.00%, cost: 257.0
[2024-10-14 13:55:29,318][INFO] Redundancy elimination: [np.int64(22), np.int64(50), np.int64(57), np.int64(55), np.int64(19), np.int64(26), np.int64(54), np.int64(16), np.int64(23), np.int64(35), np.int64(39), np.int64(24), np.int64(28), np.int64(4), np.int64(38), np.int64(18)] -> cost: 20.0
[2024-10-14 13:55:29,318][INFO] Redundancy elimination: [np.int64(55), np.int64(50), np.int64(57), np.int64(22), np.int64(54), np.int64(23), np.int64(4), np.int64(25), np.int64(19), np.int64(16), np.int64(38), np.int64(26), np.int64(35)] -> cost: 17.0
[2024-10-14 13:55:29,318][INFO] Redundancy elimination: [np.int64(57), np.int64(55), np.int64(54), np.int64(77), np.int64(22), np.int64(16), np.int64(38), np.int64(4), np.int64(17), np.int64(18), np.int64(39), np.int64(23), np.int64(26), np.int64(24), np.int64(35), np.int64(28)] -> cost: 20.0
[2024-10-14 13:55:29,318][INFO] Redundancy elimination: [np.int64(0), np.int64(50), np.int64(19), np.int64(55), np.int64(57), np.int64(17), np.int64(24), np.int64(18), np.int64(16), np.int64(38), np.int64(39), np.int64(25)] -> cost: 15.0
[2024-10-14 13:55:29,318][INFO] Redundancy elimination: [np.int64(54), np.int64(57), np.int64(77), np.int64(55), np.int64(19), np.int64(16), np.int64(38), np.int64(26), np.int64(39), np.int64(25), np.int64(35), np.int64(22), np.int64(24), np.int64(18)] -> cost: 18.0
[2024-10-14 13:55:29,318][INFO] Size: 99 -> 83
[2024-10-14 13:55:29,318][INFO] Cost: 257.0 -> 237.0
