[2024-10-14 10:53:32,759][INFO] Priority check: 13.734728792371548 -> False (Threshold: 5)
[2024-10-14 10:53:32,760][INFO] Step 1: size: 1, coverage: 7.25%, cost: 1.0
[2024-10-14 10:53:32,776][INFO] Priority check: 13.709388890464812 -> False (Threshold: 5)
[2024-10-14 10:53:32,776][INFO] Step 2: size: 2, coverage: 14.00%, cost: 2.0
[2024-10-14 10:53:32,793][INFO] Priority check: 13.714459522708141 -> False (Threshold: 5)
[2024-10-14 10:53:32,793][INFO] Step 3: size: 3, coverage: 20.00%, cost: 3.0
[2024-10-14 10:53:32,810][INFO] Priority check: 13.707525077489372 -> False (Threshold: 5)
[2024-10-14 10:53:32,810][INFO] Step 4: size: 4, coverage: 25.25%, cost: 4.0
[2024-10-14 10:53:32,827][INFO] Priority check: 13.696617967586013 -> False (Threshold: 5)
[2024-10-14 10:53:32,827][INFO] Step 5: size: 5, coverage: 30.00%, cost: 5.0
[2024-10-14 10:53:32,843][INFO] Priority check: 13.713313786244376 -> False (Threshold: 5)
[2024-10-14 10:53:32,843][INFO] Step 6: size: 6, coverage: 34.50%, cost: 6.0
[2024-10-14 10:53:32,860][INFO] Priority check: 13.716120989550946 -> False (Threshold: 5)
[2024-10-14 10:53:32,860][INFO] Step 7: size: 7, coverage: 38.75%, cost: 7.0
[2024-10-14 10:53:32,876][INFO] Priority check: 13.700222397829897 -> False (Threshold: 5)
[2024-10-14 10:53:32,877][INFO] Step 8: size: 8, coverage: 42.75%, cost: 8.0
[2024-10-14 10:53:32,893][INFO] Priority check: 13.703567966044462 -> False (Threshold: 5)
[2024-10-14 10:53:32,893][INFO] Step 9: size: 9, coverage: 46.50%, cost: 9.0
[2024-10-14 10:53:32,909][INFO] Priority check: 13.695601255512662 -> False (Threshold: 5)
[2024-10-14 10:53:32,910][INFO] Step 10: size: 10, coverage: 50.00%, cost: 10.0
[2024-10-14 10:53:32,926][INFO] Priority check: 13.6818776123747 -> False (Threshold: 5)
[2024-10-14 10:53:32,926][INFO] Step 11: size: 11, coverage: 53.25%, cost: 11.0
[2024-10-14 10:53:32,942][INFO] Priority check: 13.693282112043118 -> False (Threshold: 5)
[2024-10-14 10:53:32,942][INFO] Step 12: size: 12, coverage: 56.50%, cost: 12.0
[2024-10-14 10:53:32,958][INFO] Priority check: 13.685956305644119 -> False (Threshold: 5)
[2024-10-14 10:53:32,958][INFO] Step 13: size: 13, coverage: 59.50%, cost: 13.0
[2024-10-14 10:53:32,974][INFO] Priority check: 13.695066401810545 -> False (Threshold: 5)
[2024-10-14 10:53:32,975][INFO] Step 14: size: 14, coverage: 62.25%, cost: 14.0
[2024-10-14 10:53:32,991][INFO] Priority check: 13.671912585662623 -> False (Threshold: 5)
[2024-10-14 10:53:32,991][INFO] Step 15: size: 15, coverage: 65.00%, cost: 15.0
[2024-10-14 10:53:33,007][INFO] Priority check: 13.677203661567667 -> False (Threshold: 5)
[2024-10-14 10:53:33,007][INFO] Step 16: size: 16, coverage: 67.50%, cost: 16.0
[2024-10-14 10:53:33,023][INFO] Priority check: 13.682203541462172 -> False (Threshold: 5)
[2024-10-14 10:53:33,023][INFO] Step 17: size: 17, coverage: 69.75%, cost: 17.0
[2024-10-14 10:53:33,039][INFO] Priority check: 13.664076761713542 -> False (Threshold: 5)
[2024-10-14 10:53:33,039][INFO] Step 18: size: 18, coverage: 72.00%, cost: 18.0
[2024-10-14 10:53:33,055][INFO] Priority check: 13.671392577202953 -> False (Threshold: 5)
[2024-10-14 10:53:33,055][INFO] Step 19: size: 19, coverage: 73.75%, cost: 19.0
[2024-10-14 10:53:33,071][INFO] Priority check: 13.649816619647313 -> False (Threshold: 5)
[2024-10-14 10:53:33,071][INFO] Step 20: size: 20, coverage: 75.50%, cost: 20.0
[2024-10-14 10:53:33,087][INFO] Priority check: 13.64055511150481 -> False (Threshold: 5)
[2024-10-14 10:53:33,087][INFO] Step 21: size: 21, coverage: 77.00%, cost: 21.0
[2024-10-14 10:53:33,103][INFO] Priority check: 13.627139969560744 -> False (Threshold: 5)
[2024-10-14 10:53:33,103][INFO] Step 22: size: 22, coverage: 78.25%, cost: 22.0
[2024-10-14 10:53:33,119][INFO] Priority check: 13.599292031205152 -> False (Threshold: 5)
[2024-10-14 10:53:33,119][INFO] Step 23: size: 23, coverage: 79.50%, cost: 23.0
[2024-10-14 10:53:33,136][INFO] Priority check: 13.580997524114347 -> False (Threshold: 5)
[2024-10-14 10:53:33,136][INFO] Step 24: size: 24, coverage: 80.75%, cost: 24.0
[2024-10-14 10:53:33,152][INFO] Priority check: 13.591172686711033 -> False (Threshold: 5)
[2024-10-14 10:53:33,152][INFO] Step 25: size: 25, coverage: 83.00%, cost: 26.0
[2024-10-14 10:53:33,168][INFO] Priority check: 13.59032652293535 -> False (Threshold: 5)
[2024-10-14 10:53:33,168][INFO] Step 26: size: 26, coverage: 84.00%, cost: 27.0
[2024-10-14 10:53:33,184][INFO] Priority check: 13.613269032455062 -> False (Threshold: 5)
[2024-10-14 10:53:33,184][INFO] Step 27: size: 27, coverage: 85.00%, cost: 28.0
[2024-10-14 10:53:33,200][INFO] Priority check: 13.606885894649077 -> False (Threshold: 5)
[2024-10-14 10:53:33,200][INFO] Step 28: size: 28, coverage: 86.75%, cost: 30.0
[2024-10-14 10:53:33,217][INFO] Priority check: 13.597183531893654 -> False (Threshold: 5)
[2024-10-14 10:53:33,217][INFO] Step 29: size: 29, coverage: 87.50%, cost: 31.0
[2024-10-14 10:53:33,234][INFO] Priority check: 13.586941340861083 -> False (Threshold: 5)
[2024-10-14 10:53:33,235][INFO] Step 30: size: 30, coverage: 88.25%, cost: 32.0
[2024-10-14 10:53:33,251][INFO] Priority check: 13.600091911454129 -> False (Threshold: 5)
[2024-10-14 10:53:33,251][INFO] Step 31: size: 31, coverage: 89.00%, cost: 33.0
[2024-10-14 10:53:33,267][INFO] Priority check: 13.61364917096074 -> False (Threshold: 5)
[2024-10-14 10:53:33,267][INFO] Step 32: size: 32, coverage: 89.75%, cost: 34.0
[2024-10-14 10:53:33,284][INFO] Priority check: 13.63772135475718 -> False (Threshold: 5)
[2024-10-14 10:53:33,284][INFO] Step 33: size: 33, coverage: 90.50%, cost: 35.0
[2024-10-14 10:53:33,300][INFO] Priority check: 13.640421547738178 -> False (Threshold: 5)
[2024-10-14 10:53:33,300][INFO] Step 34: size: 34, coverage: 91.25%, cost: 36.0
[2024-10-14 10:53:33,317][INFO] Priority check: 13.649651094441937 -> False (Threshold: 5)
[2024-10-14 10:53:33,317][INFO] Step 35: size: 35, coverage: 91.75%, cost: 37.0
[2024-10-14 10:53:33,333][INFO] Priority check: 13.642625984391714 -> False (Threshold: 5)
[2024-10-14 10:53:33,333][INFO] Step 36: size: 36, coverage: 92.25%, cost: 38.0
[2024-10-14 10:53:33,350][INFO] Priority check: 13.63334056642025 -> False (Threshold: 5)
[2024-10-14 10:53:33,350][INFO] Step 37: size: 37, coverage: 92.75%, cost: 39.0
[2024-10-14 10:53:33,367][INFO] Priority check: 13.635471893190935 -> False (Threshold: 5)
[2024-10-14 10:53:33,367][INFO] Step 38: size: 38, coverage: 93.25%, cost: 40.0
[2024-10-14 10:53:33,384][INFO] Priority check: 13.629723951716704 -> False (Threshold: 5)
[2024-10-14 10:53:33,384][INFO] Step 39: size: 39, coverage: 94.25%, cost: 42.0
[2024-10-14 10:53:33,401][INFO] Priority check: 13.610422476910848 -> False (Threshold: 5)
[2024-10-14 10:53:33,401][INFO] Step 40: size: 40, coverage: 95.00%, cost: 44.0
[2024-10-14 10:53:33,417][INFO] Priority check: 13.620102560186542 -> False (Threshold: 5)
[2024-10-14 10:53:33,417][INFO] Step 41: size: 41, coverage: 95.25%, cost: 45.0
[2024-10-14 10:53:33,434][INFO] Priority check: 13.619254752004604 -> False (Threshold: 5)
[2024-10-14 10:53:33,434][INFO] Step 42: size: 42, coverage: 95.50%, cost: 46.0
[2024-10-14 10:53:33,452][INFO] Priority check: 13.617979842840127 -> False (Threshold: 5)
[2024-10-14 10:53:33,452][INFO] Step 43: size: 43, coverage: 95.75%, cost: 47.0
[2024-10-14 10:53:33,469][INFO] Priority check: 13.622980584292117 -> False (Threshold: 5)
[2024-10-14 10:53:33,469][INFO] Step 44: size: 44, coverage: 96.00%, cost: 48.0
[2024-10-14 10:53:33,486][INFO] Priority check: 13.621405718573984 -> False (Threshold: 5)
[2024-10-14 10:53:33,486][INFO] Step 45: size: 45, coverage: 96.25%, cost: 49.0
[2024-10-14 10:53:33,503][INFO] Priority check: 13.62046162947497 -> False (Threshold: 5)
[2024-10-14 10:53:33,503][INFO] Step 46: size: 46, coverage: 96.50%, cost: 50.0
[2024-10-14 10:53:33,520][INFO] Priority check: 13.620282669607118 -> False (Threshold: 5)
[2024-10-14 10:53:33,521][INFO] Step 47: size: 47, coverage: 96.75%, cost: 51.0
[2024-10-14 10:53:33,538][INFO] Priority check: 13.607027366401523 -> False (Threshold: 5)
[2024-10-14 10:53:33,538][INFO] Step 48: size: 48, coverage: 97.25%, cost: 53.0
[2024-10-14 10:53:33,555][INFO] Priority check: 13.61054646221084 -> False (Threshold: 5)
[2024-10-14 10:53:33,555][INFO] Step 49: size: 49, coverage: 98.00%, cost: 56.0
[2024-10-14 10:53:33,573][INFO] Priority check: 13.603446024812976 -> False (Threshold: 5)
[2024-10-14 10:53:33,573][INFO] Step 50: size: 50, coverage: 98.50%, cost: 59.0
[2024-10-14 10:53:33,590][INFO] Priority check: 13.596190642970553 -> False (Threshold: 5)
[2024-10-14 10:53:33,590][INFO] Step 51: size: 51, coverage: 99.00%, cost: 62.0
[2024-10-14 10:53:33,608][INFO] Priority check: 13.598529102443397 -> False (Threshold: 5)
[2024-10-14 10:53:33,608][INFO] Step 52: size: 52, coverage: 99.25%, cost: 64.0
[2024-10-14 10:53:33,626][INFO] Priority check: 13.597403244737578 -> False (Threshold: 5)
[2024-10-14 10:53:33,626][INFO] Step 53: size: 53, coverage: 99.50%, cost: 66.0
[2024-10-14 10:53:33,644][INFO] Priority check: 13.606604784074534 -> False (Threshold: 5)
[2024-10-14 10:53:33,644][INFO] Step 54: size: 54, coverage: 99.75%, cost: 68.0
[2024-10-14 10:53:33,661][INFO] Priority check: 13.588486854686948 -> False (Threshold: 5)
[2024-10-14 10:53:33,661][INFO] Step 55: size: 55, coverage: 100.00%, cost: 71.0
[2024-10-14 10:53:33,663][INFO] Size: 55 -> 52
[2024-10-14 10:53:33,663][INFO] Cost: 71.0 -> 68.0
[2024-10-14 13:43:02,304][INFO] Priority check: 13.734728792371548 -> False (Threshold: 5)
[2024-10-14 13:43:02,304][INFO] Step 1: size: 1, coverage: 7.25%, cost: 1.0
[2024-10-14 13:43:02,320][INFO] Priority check: 13.709388890464812 -> False (Threshold: 5)
[2024-10-14 13:43:02,320][INFO] Step 2: size: 2, coverage: 14.00%, cost: 2.0
[2024-10-14 13:43:02,337][INFO] Priority check: 13.714459522708141 -> False (Threshold: 5)
[2024-10-14 13:43:02,337][INFO] Step 3: size: 3, coverage: 20.00%, cost: 3.0
[2024-10-14 13:43:02,354][INFO] Priority check: 13.707525077489372 -> False (Threshold: 5)
[2024-10-14 13:43:02,354][INFO] Step 4: size: 4, coverage: 25.25%, cost: 4.0
[2024-10-14 13:43:02,371][INFO] Priority check: 13.696617967586013 -> False (Threshold: 5)
[2024-10-14 13:43:02,371][INFO] Step 5: size: 5, coverage: 30.00%, cost: 5.0
[2024-10-14 13:43:02,387][INFO] Priority check: 13.713313786244376 -> False (Threshold: 5)
[2024-10-14 13:43:02,387][INFO] Step 6: size: 6, coverage: 34.50%, cost: 6.0
[2024-10-14 13:43:02,404][INFO] Priority check: 13.716120989550946 -> False (Threshold: 5)
[2024-10-14 13:43:02,404][INFO] Step 7: size: 7, coverage: 38.75%, cost: 7.0
[2024-10-14 13:43:02,421][INFO] Priority check: 13.700222397829897 -> False (Threshold: 5)
[2024-10-14 13:43:02,421][INFO] Step 8: size: 8, coverage: 42.75%, cost: 8.0
[2024-10-14 13:43:02,437][INFO] Priority check: 13.703567966044462 -> False (Threshold: 5)
[2024-10-14 13:43:02,437][INFO] Step 9: size: 9, coverage: 46.50%, cost: 9.0
[2024-10-14 13:43:02,453][INFO] Priority check: 13.695601255512662 -> False (Threshold: 5)
[2024-10-14 13:43:02,453][INFO] Step 10: size: 10, coverage: 50.00%, cost: 10.0
[2024-10-14 13:43:02,470][INFO] Priority check: 13.6818776123747 -> False (Threshold: 5)
[2024-10-14 13:43:02,470][INFO] Step 11: size: 11, coverage: 53.25%, cost: 11.0
[2024-10-14 13:43:02,486][INFO] Priority check: 13.693282112043118 -> False (Threshold: 5)
[2024-10-14 13:43:02,486][INFO] Step 12: size: 12, coverage: 56.50%, cost: 12.0
[2024-10-14 13:43:02,502][INFO] Priority check: 13.685956305644119 -> False (Threshold: 5)
[2024-10-14 13:43:02,502][INFO] Step 13: size: 13, coverage: 59.50%, cost: 13.0
[2024-10-14 13:43:02,518][INFO] Priority check: 13.695066401810545 -> False (Threshold: 5)
[2024-10-14 13:43:02,518][INFO] Step 14: size: 14, coverage: 62.25%, cost: 14.0
[2024-10-14 13:43:02,534][INFO] Priority check: 13.671912585662623 -> False (Threshold: 5)
[2024-10-14 13:43:02,534][INFO] Step 15: size: 15, coverage: 65.00%, cost: 15.0
[2024-10-14 13:43:02,550][INFO] Priority check: 13.677203661567667 -> False (Threshold: 5)
[2024-10-14 13:43:02,550][INFO] Step 16: size: 16, coverage: 67.50%, cost: 16.0
[2024-10-14 13:43:02,566][INFO] Priority check: 13.682203541462172 -> False (Threshold: 5)
[2024-10-14 13:43:02,566][INFO] Step 17: size: 17, coverage: 69.75%, cost: 17.0
[2024-10-14 13:43:02,582][INFO] Priority check: 13.664076761713542 -> False (Threshold: 5)
[2024-10-14 13:43:02,582][INFO] Step 18: size: 18, coverage: 72.00%, cost: 18.0
[2024-10-14 13:43:02,598][INFO] Priority check: 13.671392577202953 -> False (Threshold: 5)
[2024-10-14 13:43:02,598][INFO] Step 19: size: 19, coverage: 73.75%, cost: 19.0
[2024-10-14 13:43:02,614][INFO] Priority check: 13.649816619647313 -> False (Threshold: 5)
[2024-10-14 13:43:02,614][INFO] Step 20: size: 20, coverage: 75.50%, cost: 20.0
[2024-10-14 13:43:02,630][INFO] Priority check: 13.64055511150481 -> False (Threshold: 5)
[2024-10-14 13:43:02,630][INFO] Step 21: size: 21, coverage: 77.00%, cost: 21.0
[2024-10-14 13:43:02,646][INFO] Priority check: 13.627139969560744 -> False (Threshold: 5)
[2024-10-14 13:43:02,646][INFO] Step 22: size: 22, coverage: 78.25%, cost: 22.0
[2024-10-14 13:43:02,662][INFO] Priority check: 13.599292031205152 -> False (Threshold: 5)
[2024-10-14 13:43:02,662][INFO] Step 23: size: 23, coverage: 79.50%, cost: 23.0
[2024-10-14 13:43:02,678][INFO] Priority check: 13.580997524114347 -> False (Threshold: 5)
[2024-10-14 13:43:02,678][INFO] Step 24: size: 24, coverage: 80.75%, cost: 24.0
[2024-10-14 13:43:02,694][INFO] Priority check: 13.591172686711033 -> False (Threshold: 5)
[2024-10-14 13:43:02,694][INFO] Step 25: size: 25, coverage: 83.00%, cost: 26.0
[2024-10-14 13:43:02,710][INFO] Priority check: 13.59032652293535 -> False (Threshold: 5)
[2024-10-14 13:43:02,710][INFO] Step 26: size: 26, coverage: 84.00%, cost: 27.0
[2024-10-14 13:43:02,726][INFO] Priority check: 13.613269032455062 -> False (Threshold: 5)
[2024-10-14 13:43:02,726][INFO] Step 27: size: 27, coverage: 85.00%, cost: 28.0
[2024-10-14 13:43:02,742][INFO] Priority check: 13.606885894649077 -> False (Threshold: 5)
[2024-10-14 13:43:02,742][INFO] Step 28: size: 28, coverage: 86.75%, cost: 30.0
[2024-10-14 13:43:02,758][INFO] Priority check: 13.597183531893654 -> False (Threshold: 5)
[2024-10-14 13:43:02,758][INFO] Step 29: size: 29, coverage: 87.50%, cost: 31.0
[2024-10-14 13:43:02,774][INFO] Priority check: 13.586941340861083 -> False (Threshold: 5)
[2024-10-14 13:43:02,774][INFO] Step 30: size: 30, coverage: 88.25%, cost: 32.0
[2024-10-14 13:43:02,790][INFO] Priority check: 13.600091911454129 -> False (Threshold: 5)
[2024-10-14 13:43:02,790][INFO] Step 31: size: 31, coverage: 89.00%, cost: 33.0
[2024-10-14 13:43:02,806][INFO] Priority check: 13.61364917096074 -> False (Threshold: 5)
[2024-10-14 13:43:02,807][INFO] Step 32: size: 32, coverage: 89.75%, cost: 34.0
[2024-10-14 13:43:02,823][INFO] Priority check: 13.63772135475718 -> False (Threshold: 5)
[2024-10-14 13:43:02,823][INFO] Step 33: size: 33, coverage: 90.50%, cost: 35.0
[2024-10-14 13:43:02,839][INFO] Priority check: 13.640421547738178 -> False (Threshold: 5)
[2024-10-14 13:43:02,839][INFO] Step 34: size: 34, coverage: 91.25%, cost: 36.0
[2024-10-14 13:43:02,856][INFO] Priority check: 13.649651094441937 -> False (Threshold: 5)
[2024-10-14 13:43:02,856][INFO] Step 35: size: 35, coverage: 91.75%, cost: 37.0
[2024-10-14 13:43:02,872][INFO] Priority check: 13.642625984391714 -> False (Threshold: 5)
[2024-10-14 13:43:02,872][INFO] Step 36: size: 36, coverage: 92.25%, cost: 38.0
[2024-10-14 13:43:02,889][INFO] Priority check: 13.63334056642025 -> False (Threshold: 5)
[2024-10-14 13:43:02,889][INFO] Step 37: size: 37, coverage: 92.75%, cost: 39.0
[2024-10-14 13:43:02,906][INFO] Priority check: 13.635471893190935 -> False (Threshold: 5)
[2024-10-14 13:43:02,906][INFO] Step 38: size: 38, coverage: 93.25%, cost: 40.0
[2024-10-14 13:43:02,922][INFO] Priority check: 13.629723951716704 -> False (Threshold: 5)
[2024-10-14 13:43:02,923][INFO] Step 39: size: 39, coverage: 94.25%, cost: 42.0
[2024-10-14 13:43:02,939][INFO] Priority check: 13.610422476910848 -> False (Threshold: 5)
[2024-10-14 13:43:02,939][INFO] Step 40: size: 40, coverage: 95.00%, cost: 44.0
[2024-10-14 13:43:02,956][INFO] Priority check: 13.620102560186542 -> False (Threshold: 5)
[2024-10-14 13:43:02,956][INFO] Step 41: size: 41, coverage: 95.25%, cost: 45.0
[2024-10-14 13:43:02,973][INFO] Priority check: 13.619254752004604 -> False (Threshold: 5)
[2024-10-14 13:43:02,973][INFO] Step 42: size: 42, coverage: 95.50%, cost: 46.0
[2024-10-14 13:43:02,990][INFO] Priority check: 13.617979842840127 -> False (Threshold: 5)
[2024-10-14 13:43:02,990][INFO] Step 43: size: 43, coverage: 95.75%, cost: 47.0
[2024-10-14 13:43:03,007][INFO] Priority check: 13.622980584292117 -> False (Threshold: 5)
[2024-10-14 13:43:03,007][INFO] Step 44: size: 44, coverage: 96.00%, cost: 48.0
[2024-10-14 13:43:03,024][INFO] Priority check: 13.621405718573984 -> False (Threshold: 5)
[2024-10-14 13:43:03,025][INFO] Step 45: size: 45, coverage: 96.25%, cost: 49.0
[2024-10-14 13:43:03,042][INFO] Priority check: 13.62046162947497 -> False (Threshold: 5)
[2024-10-14 13:43:03,042][INFO] Step 46: size: 46, coverage: 96.50%, cost: 50.0
[2024-10-14 13:43:03,059][INFO] Priority check: 13.620282669607118 -> False (Threshold: 5)
[2024-10-14 13:43:03,059][INFO] Step 47: size: 47, coverage: 96.75%, cost: 51.0
[2024-10-14 13:43:03,077][INFO] Priority check: 13.607027366401523 -> False (Threshold: 5)
[2024-10-14 13:43:03,077][INFO] Step 48: size: 48, coverage: 97.25%, cost: 53.0
[2024-10-14 13:43:03,094][INFO] Priority check: 13.61054646221084 -> False (Threshold: 5)
[2024-10-14 13:43:03,094][INFO] Step 49: size: 49, coverage: 98.00%, cost: 56.0
[2024-10-14 13:43:03,112][INFO] Priority check: 13.603446024812976 -> False (Threshold: 5)
[2024-10-14 13:43:03,112][INFO] Step 50: size: 50, coverage: 98.50%, cost: 59.0
[2024-10-14 13:43:03,129][INFO] Priority check: 13.596190642970553 -> False (Threshold: 5)
[2024-10-14 13:43:03,129][INFO] Step 51: size: 51, coverage: 99.00%, cost: 62.0
[2024-10-14 13:43:03,147][INFO] Priority check: 13.598529102443397 -> False (Threshold: 5)
[2024-10-14 13:43:03,147][INFO] Step 52: size: 52, coverage: 99.25%, cost: 64.0
[2024-10-14 13:43:03,165][INFO] Priority check: 13.597403244737578 -> False (Threshold: 5)
[2024-10-14 13:43:03,165][INFO] Step 53: size: 53, coverage: 99.50%, cost: 66.0
[2024-10-14 13:43:03,183][INFO] Priority check: 13.606604784074534 -> False (Threshold: 5)
[2024-10-14 13:43:03,183][INFO] Step 54: size: 54, coverage: 99.75%, cost: 68.0
[2024-10-14 13:43:03,201][INFO] Priority check: 13.588486854686948 -> False (Threshold: 5)
[2024-10-14 13:43:03,201][INFO] Step 55: size: 55, coverage: 100.00%, cost: 71.0
[2024-10-14 13:43:03,224][INFO] Redundancy elimination: [np.int64(29), np.int64(7), np.int64(18)] -> cost: 3.0
[2024-10-14 13:43:03,224][INFO] Redundancy elimination: [np.int64(7), np.int64(29), np.int64(4)] -> cost: 3.0
[2024-10-14 13:43:03,225][INFO] Redundancy elimination: [np.int64(4), np.int64(18), np.int64(29), np.int64(7)] -> cost: 4.0
[2024-10-14 13:43:03,225][INFO] Redundancy elimination: [np.int64(18), np.int64(29), np.int64(7), np.int64(4)] -> cost: 4.0
[2024-10-14 13:43:03,225][INFO] Redundancy elimination: [np.int64(35)] -> cost: 1.0
[2024-10-14 13:43:03,225][INFO] Size: 55 -> 51
[2024-10-14 13:43:03,225][INFO] Cost: 71.0 -> 67.0
[2024-10-14 13:55:34,085][INFO] Priority check: 13.734728792371548 -> False (Threshold: 5)
[2024-10-14 13:55:34,085][INFO] Step 1: size: 1, coverage: 7.25%, cost: 1.0
[2024-10-14 13:55:34,102][INFO] Priority check: 13.709388890464812 -> False (Threshold: 5)
[2024-10-14 13:55:34,102][INFO] Step 2: size: 2, coverage: 14.00%, cost: 2.0
[2024-10-14 13:55:34,120][INFO] Priority check: 13.714459522708141 -> False (Threshold: 5)
[2024-10-14 13:55:34,120][INFO] Step 3: size: 3, coverage: 20.00%, cost: 3.0
[2024-10-14 13:55:34,137][INFO] Priority check: 13.707525077489372 -> False (Threshold: 5)
[2024-10-14 13:55:34,137][INFO] Step 4: size: 4, coverage: 25.25%, cost: 4.0
[2024-10-14 13:55:34,154][INFO] Priority check: 13.696617967586013 -> False (Threshold: 5)
[2024-10-14 13:55:34,154][INFO] Step 5: size: 5, coverage: 30.00%, cost: 5.0
[2024-10-14 13:55:34,171][INFO] Priority check: 13.713313786244376 -> False (Threshold: 5)
[2024-10-14 13:55:34,171][INFO] Step 6: size: 6, coverage: 34.50%, cost: 6.0
[2024-10-14 13:55:34,187][INFO] Priority check: 13.716120989550946 -> False (Threshold: 5)
[2024-10-14 13:55:34,187][INFO] Step 7: size: 7, coverage: 38.75%, cost: 7.0
[2024-10-14 13:55:34,204][INFO] Priority check: 13.700222397829897 -> False (Threshold: 5)
[2024-10-14 13:55:34,204][INFO] Step 8: size: 8, coverage: 42.75%, cost: 8.0
[2024-10-14 13:55:34,221][INFO] Priority check: 13.703567966044462 -> False (Threshold: 5)
[2024-10-14 13:55:34,221][INFO] Step 9: size: 9, coverage: 46.50%, cost: 9.0
[2024-10-14 13:55:34,238][INFO] Priority check: 13.695601255512662 -> False (Threshold: 5)
[2024-10-14 13:55:34,238][INFO] Step 10: size: 10, coverage: 50.00%, cost: 10.0
[2024-10-14 13:55:34,254][INFO] Priority check: 13.6818776123747 -> False (Threshold: 5)
[2024-10-14 13:55:34,254][INFO] Step 11: size: 11, coverage: 53.25%, cost: 11.0
[2024-10-14 13:55:34,271][INFO] Priority check: 13.693282112043118 -> False (Threshold: 5)
[2024-10-14 13:55:34,271][INFO] Step 12: size: 12, coverage: 56.50%, cost: 12.0
[2024-10-14 13:55:34,287][INFO] Priority check: 13.685956305644119 -> False (Threshold: 5)
[2024-10-14 13:55:34,287][INFO] Step 13: size: 13, coverage: 59.50%, cost: 13.0
[2024-10-14 13:55:34,303][INFO] Priority check: 13.695066401810545 -> False (Threshold: 5)
[2024-10-14 13:55:34,304][INFO] Step 14: size: 14, coverage: 62.25%, cost: 14.0
[2024-10-14 13:55:34,320][INFO] Priority check: 13.671912585662623 -> False (Threshold: 5)
[2024-10-14 13:55:34,320][INFO] Step 15: size: 15, coverage: 65.00%, cost: 15.0
[2024-10-14 13:55:34,336][INFO] Priority check: 13.677203661567667 -> False (Threshold: 5)
[2024-10-14 13:55:34,336][INFO] Step 16: size: 16, coverage: 67.50%, cost: 16.0
[2024-10-14 13:55:34,353][INFO] Priority check: 13.682203541462172 -> False (Threshold: 5)
[2024-10-14 13:55:34,353][INFO] Step 17: size: 17, coverage: 69.75%, cost: 17.0
[2024-10-14 13:55:34,369][INFO] Priority check: 13.664076761713542 -> False (Threshold: 5)
[2024-10-14 13:55:34,369][INFO] Step 18: size: 18, coverage: 72.00%, cost: 18.0
[2024-10-14 13:55:34,385][INFO] Priority check: 13.671392577202953 -> False (Threshold: 5)
[2024-10-14 13:55:34,385][INFO] Step 19: size: 19, coverage: 73.75%, cost: 19.0
[2024-10-14 13:55:34,401][INFO] Priority check: 13.649816619647313 -> False (Threshold: 5)
[2024-10-14 13:55:34,401][INFO] Step 20: size: 20, coverage: 75.50%, cost: 20.0
[2024-10-14 13:55:34,417][INFO] Priority check: 13.64055511150481 -> False (Threshold: 5)
[2024-10-14 13:55:34,417][INFO] Step 21: size: 21, coverage: 77.00%, cost: 21.0
[2024-10-14 13:55:34,433][INFO] Priority check: 13.627139969560744 -> False (Threshold: 5)
[2024-10-14 13:55:34,433][INFO] Step 22: size: 22, coverage: 78.25%, cost: 22.0
[2024-10-14 13:55:34,449][INFO] Priority check: 13.599292031205152 -> False (Threshold: 5)
[2024-10-14 13:55:34,449][INFO] Step 23: size: 23, coverage: 79.50%, cost: 23.0
[2024-10-14 13:55:34,466][INFO] Priority check: 13.580997524114347 -> False (Threshold: 5)
[2024-10-14 13:55:34,466][INFO] Step 24: size: 24, coverage: 80.75%, cost: 24.0
[2024-10-14 13:55:34,482][INFO] Priority check: 13.591172686711033 -> False (Threshold: 5)
[2024-10-14 13:55:34,482][INFO] Step 25: size: 25, coverage: 83.00%, cost: 26.0
[2024-10-14 13:55:34,498][INFO] Priority check: 13.59032652293535 -> False (Threshold: 5)
[2024-10-14 13:55:34,498][INFO] Step 26: size: 26, coverage: 84.00%, cost: 27.0
[2024-10-14 13:55:34,515][INFO] Priority check: 13.613269032455062 -> False (Threshold: 5)
[2024-10-14 13:55:34,515][INFO] Step 27: size: 27, coverage: 85.00%, cost: 28.0
[2024-10-14 13:55:34,531][INFO] Priority check: 13.606885894649077 -> False (Threshold: 5)
[2024-10-14 13:55:34,532][INFO] Step 28: size: 28, coverage: 86.75%, cost: 30.0
[2024-10-14 13:55:34,548][INFO] Priority check: 13.597183531893654 -> False (Threshold: 5)
[2024-10-14 13:55:34,548][INFO] Step 29: size: 29, coverage: 87.50%, cost: 31.0
[2024-10-14 13:55:34,565][INFO] Priority check: 13.586941340861083 -> False (Threshold: 5)
[2024-10-14 13:55:34,565][INFO] Step 30: size: 30, coverage: 88.25%, cost: 32.0
[2024-10-14 13:55:34,581][INFO] Priority check: 13.600091911454129 -> False (Threshold: 5)
[2024-10-14 13:55:34,581][INFO] Step 31: size: 31, coverage: 89.00%, cost: 33.0
[2024-10-14 13:55:34,598][INFO] Priority check: 13.61364917096074 -> False (Threshold: 5)
[2024-10-14 13:55:34,598][INFO] Step 32: size: 32, coverage: 89.75%, cost: 34.0
[2024-10-14 13:55:34,614][INFO] Priority check: 13.63772135475718 -> False (Threshold: 5)
[2024-10-14 13:55:34,615][INFO] Step 33: size: 33, coverage: 90.50%, cost: 35.0
[2024-10-14 13:55:34,631][INFO] Priority check: 13.640421547738178 -> False (Threshold: 5)
[2024-10-14 13:55:34,631][INFO] Step 34: size: 34, coverage: 91.25%, cost: 36.0
[2024-10-14 13:55:34,648][INFO] Priority check: 13.649651094441937 -> False (Threshold: 5)
[2024-10-14 13:55:34,648][INFO] Step 35: size: 35, coverage: 91.75%, cost: 37.0
[2024-10-14 13:55:34,665][INFO] Priority check: 13.642625984391714 -> False (Threshold: 5)
[2024-10-14 13:55:34,665][INFO] Step 36: size: 36, coverage: 92.25%, cost: 38.0
[2024-10-14 13:55:34,682][INFO] Priority check: 13.63334056642025 -> False (Threshold: 5)
[2024-10-14 13:55:34,682][INFO] Step 37: size: 37, coverage: 92.75%, cost: 39.0
[2024-10-14 13:55:34,699][INFO] Priority check: 13.635471893190935 -> False (Threshold: 5)
[2024-10-14 13:55:34,699][INFO] Step 38: size: 38, coverage: 93.25%, cost: 40.0
[2024-10-14 13:55:34,716][INFO] Priority check: 13.629723951716704 -> False (Threshold: 5)
[2024-10-14 13:55:34,716][INFO] Step 39: size: 39, coverage: 94.25%, cost: 42.0
[2024-10-14 13:55:34,732][INFO] Priority check: 13.610422476910848 -> False (Threshold: 5)
[2024-10-14 13:55:34,733][INFO] Step 40: size: 40, coverage: 95.00%, cost: 44.0
[2024-10-14 13:55:34,749][INFO] Priority check: 13.620102560186542 -> False (Threshold: 5)
[2024-10-14 13:55:34,750][INFO] Step 41: size: 41, coverage: 95.25%, cost: 45.0
[2024-10-14 13:55:34,767][INFO] Priority check: 13.619254752004604 -> False (Threshold: 5)
[2024-10-14 13:55:34,767][INFO] Step 42: size: 42, coverage: 95.50%, cost: 46.0
[2024-10-14 13:55:34,784][INFO] Priority check: 13.617979842840127 -> False (Threshold: 5)
[2024-10-14 13:55:34,784][INFO] Step 43: size: 43, coverage: 95.75%, cost: 47.0
[2024-10-14 13:55:34,801][INFO] Priority check: 13.622980584292117 -> False (Threshold: 5)
[2024-10-14 13:55:34,801][INFO] Step 44: size: 44, coverage: 96.00%, cost: 48.0
[2024-10-14 13:55:34,819][INFO] Priority check: 13.621405718573984 -> False (Threshold: 5)
[2024-10-14 13:55:34,819][INFO] Step 45: size: 45, coverage: 96.25%, cost: 49.0
[2024-10-14 13:55:34,836][INFO] Priority check: 13.62046162947497 -> False (Threshold: 5)
[2024-10-14 13:55:34,836][INFO] Step 46: size: 46, coverage: 96.50%, cost: 50.0
[2024-10-14 13:55:34,854][INFO] Priority check: 13.620282669607118 -> False (Threshold: 5)
[2024-10-14 13:55:34,854][INFO] Step 47: size: 47, coverage: 96.75%, cost: 51.0
[2024-10-14 13:55:34,871][INFO] Priority check: 13.607027366401523 -> False (Threshold: 5)
[2024-10-14 13:55:34,871][INFO] Step 48: size: 48, coverage: 97.25%, cost: 53.0
[2024-10-14 13:55:34,889][INFO] Priority check: 13.61054646221084 -> False (Threshold: 5)
[2024-10-14 13:55:34,889][INFO] Step 49: size: 49, coverage: 98.00%, cost: 56.0
[2024-10-14 13:55:34,907][INFO] Priority check: 13.603446024812976 -> False (Threshold: 5)
[2024-10-14 13:55:34,907][INFO] Step 50: size: 50, coverage: 98.50%, cost: 59.0
[2024-10-14 13:55:34,925][INFO] Priority check: 13.596190642970553 -> False (Threshold: 5)
[2024-10-14 13:55:34,925][INFO] Step 51: size: 51, coverage: 99.00%, cost: 62.0
[2024-10-14 13:55:34,942][INFO] Priority check: 13.598529102443397 -> False (Threshold: 5)
[2024-10-14 13:55:34,942][INFO] Step 52: size: 52, coverage: 99.25%, cost: 64.0
[2024-10-14 13:55:34,960][INFO] Priority check: 13.597403244737578 -> False (Threshold: 5)
[2024-10-14 13:55:34,961][INFO] Step 53: size: 53, coverage: 99.50%, cost: 66.0
[2024-10-14 13:55:34,979][INFO] Priority check: 13.606604784074534 -> False (Threshold: 5)
[2024-10-14 13:55:34,979][INFO] Step 54: size: 54, coverage: 99.75%, cost: 68.0
[2024-10-14 13:55:34,997][INFO] Priority check: 13.588486854686948 -> False (Threshold: 5)
[2024-10-14 13:55:34,997][INFO] Step 55: size: 55, coverage: 100.00%, cost: 71.0
[2024-10-14 13:55:35,020][INFO] Redundancy elimination: [np.int64(29), np.int64(7), np.int64(18)] -> cost: 3.0
[2024-10-14 13:55:35,021][INFO] Redundancy elimination: [np.int64(7), np.int64(29), np.int64(4)] -> cost: 3.0
[2024-10-14 13:55:35,021][INFO] Redundancy elimination: [np.int64(4), np.int64(18), np.int64(29), np.int64(7)] -> cost: 4.0
[2024-10-14 13:55:35,021][INFO] Redundancy elimination: [np.int64(18), np.int64(29), np.int64(7), np.int64(4)] -> cost: 4.0
[2024-10-14 13:55:35,021][INFO] Redundancy elimination: [np.int64(35)] -> cost: 1.0
[2024-10-14 13:55:35,021][INFO] Size: 55 -> 51
[2024-10-14 13:55:35,021][INFO] Cost: 71.0 -> 67.0
