[2024-10-06 17:31:00,430][INFO] Step 1: size: 1, coverage: 4.00%, cost: 1.0
[2024-10-06 17:31:00,433][INFO] Step 2: size: 2, coverage: 7.00%, cost: 2.0
[2024-10-06 17:31:00,436][INFO] Step 3: size: 3, coverage: 9.00%, cost: 3.0
[2024-10-06 17:31:00,440][INFO] Step 4: size: 4, coverage: 10.50%, cost: 4.0
[2024-10-06 17:31:00,443][INFO] Step 5: size: 5, coverage: 12.00%, cost: 5.0
[2024-10-06 17:31:00,446][INFO] Step 6: size: 6, coverage: 13.50%, cost: 6.0
[2024-10-06 17:31:00,449][INFO] Step 7: size: 7, coverage: 15.00%, cost: 7.0
[2024-10-06 17:31:00,452][INFO] Step 8: size: 8, coverage: 17.50%, cost: 9.0
[2024-10-06 17:31:00,456][INFO] Step 9: size: 9, coverage: 20.00%, cost: 11.0
[2024-10-06 17:31:00,459][INFO] Step 10: size: 10, coverage: 21.00%, cost: 12.0
[2024-10-06 17:31:00,462][INFO] Step 11: size: 11, coverage: 22.00%, cost: 13.0
[2024-10-06 17:31:00,465][INFO] Step 12: size: 12, coverage: 25.00%, cost: 16.0
[2024-10-06 17:31:00,469][INFO] Step 13: size: 13, coverage: 26.50%, cost: 18.0
[2024-10-06 17:31:00,472][INFO] Step 14: size: 14, coverage: 28.00%, cost: 20.0
[2024-10-06 17:31:00,475][INFO] Step 15: size: 15, coverage: 30.00%, cost: 23.0
[2024-10-06 17:31:00,478][INFO] Step 16: size: 16, coverage: 32.00%, cost: 26.0
[2024-10-06 17:31:00,482][INFO] Step 17: size: 17, coverage: 34.00%, cost: 29.0
[2024-10-06 17:31:00,485][INFO] Step 18: size: 18, coverage: 35.00%, cost: 31.0
[2024-10-06 17:31:00,488][INFO] Step 19: size: 19, coverage: 36.00%, cost: 33.0
[2024-10-06 17:31:00,492][INFO] Step 20: size: 20, coverage: 37.50%, cost: 36.0
[2024-10-06 17:31:00,495][INFO] Step 21: size: 21, coverage: 39.00%, cost: 39.0
[2024-10-06 17:31:00,498][INFO] Step 22: size: 22, coverage: 40.50%, cost: 42.0
[2024-10-06 17:31:00,502][INFO] Step 23: size: 23, coverage: 43.50%, cost: 48.0
[2024-10-06 17:31:00,505][INFO] Step 24: size: 24, coverage: 45.00%, cost: 52.0
[2024-10-06 17:31:00,508][INFO] Step 25: size: 25, coverage: 46.50%, cost: 56.0
[2024-10-06 17:31:00,512][INFO] Step 26: size: 26, coverage: 48.00%, cost: 60.0
[2024-10-06 17:31:00,515][INFO] Step 27: size: 27, coverage: 50.50%, cost: 67.0
[2024-10-06 17:31:00,518][INFO] Step 28: size: 28, coverage: 51.50%, cost: 70.0
[2024-10-06 17:31:00,522][INFO] Step 29: size: 29, coverage: 52.50%, cost: 73.0
[2024-10-06 17:31:00,525][INFO] Step 30: size: 30, coverage: 53.50%, cost: 76.0
[2024-10-06 17:31:00,528][INFO] Step 31: size: 31, coverage: 54.50%, cost: 79.0
[2024-10-06 17:31:00,532][INFO] Step 32: size: 32, coverage: 55.50%, cost: 82.0
[2024-10-06 17:31:00,535][INFO] Step 33: size: 33, coverage: 57.50%, cost: 88.0
[2024-10-06 17:31:00,539][INFO] Step 34: size: 34, coverage: 59.50%, cost: 94.0
[2024-10-06 17:31:00,542][INFO] Step 35: size: 35, coverage: 61.00%, cost: 99.0
[2024-10-06 17:31:00,545][INFO] Step 36: size: 36, coverage: 62.50%, cost: 104.0
[2024-10-06 17:31:00,549][INFO] Step 37: size: 37, coverage: 63.00%, cost: 106.0
[2024-10-06 17:31:00,552][INFO] Step 38: size: 38, coverage: 65.00%, cost: 115.0
[2024-10-06 17:31:00,556][INFO] Step 39: size: 39, coverage: 66.50%, cost: 122.0
[2024-10-06 17:31:00,559][INFO] Step 40: size: 40, coverage: 67.50%, cost: 127.0
[2024-10-06 17:31:00,563][INFO] Step 41: size: 41, coverage: 68.50%, cost: 132.0
[2024-10-06 17:31:00,566][INFO] Step 42: size: 42, coverage: 69.50%, cost: 137.0
[2024-10-06 17:31:00,570][INFO] Step 43: size: 43, coverage: 71.00%, cost: 145.0
[2024-10-06 17:31:00,573][INFO] Step 44: size: 44, coverage: 71.50%, cost: 148.0
[2024-10-06 17:31:00,577][INFO] Step 45: size: 45, coverage: 72.50%, cost: 154.0
[2024-10-06 17:31:00,580][INFO] Step 46: size: 46, coverage: 73.50%, cost: 160.0
[2024-10-06 17:31:00,584][INFO] Step 47: size: 47, coverage: 74.50%, cost: 166.0
[2024-10-06 17:31:00,587][INFO] Step 48: size: 48, coverage: 76.50%, cost: 178.0
[2024-10-06 17:31:00,591][INFO] Step 49: size: 49, coverage: 77.50%, cost: 185.0
[2024-10-06 17:31:00,594][INFO] Step 50: size: 50, coverage: 78.50%, cost: 192.0
[2024-10-06 17:31:00,598][INFO] Step 51: size: 51, coverage: 79.00%, cost: 196.0
[2024-10-06 17:31:00,602][INFO] Step 52: size: 52, coverage: 80.00%, cost: 204.0
[2024-10-06 17:31:00,605][INFO] Step 53: size: 53, coverage: 82.00%, cost: 221.0
[2024-10-06 17:31:00,609][INFO] Step 54: size: 54, coverage: 83.00%, cost: 230.0
[2024-10-06 17:31:00,612][INFO] Step 55: size: 55, coverage: 84.00%, cost: 239.0
[2024-10-06 17:31:00,616][INFO] Step 56: size: 56, coverage: 85.00%, cost: 248.0
[2024-10-06 17:31:00,620][INFO] Step 57: size: 57, coverage: 86.00%, cost: 257.0
[2024-10-06 17:31:00,623][INFO] Step 58: size: 58, coverage: 87.00%, cost: 267.0
[2024-10-06 17:31:00,627][INFO] Step 59: size: 59, coverage: 87.50%, cost: 273.0
[2024-10-06 17:31:00,631][INFO] Step 60: size: 60, coverage: 88.50%, cost: 286.0
[2024-10-06 17:31:00,635][INFO] Step 61: size: 61, coverage: 89.00%, cost: 293.0
[2024-10-06 17:31:00,638][INFO] Step 62: size: 62, coverage: 89.50%, cost: 300.0
[2024-10-06 17:31:00,642][INFO] Step 63: size: 63, coverage: 90.00%, cost: 307.0
[2024-10-06 17:31:00,646][INFO] Step 64: size: 64, coverage: 90.50%, cost: 314.0
[2024-10-06 17:31:00,650][INFO] Step 65: size: 65, coverage: 91.00%, cost: 321.0
[2024-10-06 17:31:00,653][INFO] Step 66: size: 66, coverage: 92.00%, cost: 338.0
[2024-10-06 17:31:00,657][INFO] Step 67: size: 67, coverage: 92.50%, cost: 347.0
[2024-10-06 17:31:00,661][INFO] Step 68: size: 68, coverage: 93.00%, cost: 356.0
[2024-10-06 17:31:00,665][INFO] Step 69: size: 69, coverage: 93.50%, cost: 366.0
[2024-10-06 17:31:00,669][INFO] Step 70: size: 70, coverage: 94.00%, cost: 377.0
[2024-10-06 17:31:00,673][INFO] Step 71: size: 71, coverage: 94.50%, cost: 389.0
[2024-10-06 17:31:00,677][INFO] Step 72: size: 72, coverage: 95.00%, cost: 401.0
[2024-10-06 17:31:00,681][INFO] Step 73: size: 73, coverage: 95.50%, cost: 414.0
[2024-10-06 17:31:00,685][INFO] Step 74: size: 74, coverage: 96.00%, cost: 427.0
[2024-10-06 17:31:00,689][INFO] Step 75: size: 75, coverage: 96.50%, cost: 441.0
[2024-10-06 17:31:00,693][INFO] Step 76: size: 76, coverage: 97.00%, cost: 456.0
[2024-10-06 17:31:00,696][INFO] Step 77: size: 77, coverage: 97.50%, cost: 472.0
[2024-10-06 17:31:00,700][INFO] Step 78: size: 78, coverage: 98.00%, cost: 490.0
[2024-10-06 17:31:00,704][INFO] Step 79: size: 79, coverage: 98.50%, cost: 508.0
[2024-10-06 17:31:00,708][INFO] Step 80: size: 80, coverage: 99.00%, cost: 528.0
[2024-10-06 17:31:00,712][INFO] Step 81: size: 81, coverage: 99.50%, cost: 555.0
[2024-10-06 17:31:00,717][INFO] Step 82: size: 82, coverage: 100.00%, cost: 598.0
[2024-10-06 18:49:54,130][INFO] Step 1: size: 1, coverage: 4.00%, cost: 1.0
[2024-10-06 18:49:54,133][INFO] Step 2: size: 2, coverage: 7.00%, cost: 2.0
[2024-10-06 18:49:54,136][INFO] Step 3: size: 3, coverage: 9.00%, cost: 3.0
[2024-10-06 18:49:54,139][INFO] Step 4: size: 4, coverage: 10.50%, cost: 4.0
[2024-10-06 18:49:54,143][INFO] Step 5: size: 5, coverage: 12.00%, cost: 5.0
[2024-10-06 18:49:54,146][INFO] Step 6: size: 6, coverage: 13.50%, cost: 6.0
[2024-10-06 18:49:54,149][INFO] Step 7: size: 7, coverage: 15.00%, cost: 7.0
[2024-10-06 18:49:54,152][INFO] Step 8: size: 8, coverage: 17.50%, cost: 9.0
[2024-10-06 18:49:54,156][INFO] Step 9: size: 9, coverage: 20.00%, cost: 11.0
[2024-10-06 18:49:54,159][INFO] Step 10: size: 10, coverage: 21.00%, cost: 12.0
[2024-10-06 18:49:54,162][INFO] Step 11: size: 11, coverage: 22.00%, cost: 13.0
[2024-10-06 18:49:54,165][INFO] Step 12: size: 12, coverage: 25.00%, cost: 16.0
[2024-10-06 18:49:54,169][INFO] Step 13: size: 13, coverage: 26.50%, cost: 18.0
[2024-10-06 18:49:54,172][INFO] Step 14: size: 14, coverage: 28.00%, cost: 20.0
[2024-10-06 18:49:54,175][INFO] Step 15: size: 15, coverage: 30.00%, cost: 23.0
[2024-10-06 18:49:54,179][INFO] Step 16: size: 16, coverage: 32.00%, cost: 26.0
[2024-10-06 18:49:54,182][INFO] Step 17: size: 17, coverage: 34.00%, cost: 29.0
[2024-10-06 18:49:54,185][INFO] Step 18: size: 18, coverage: 35.00%, cost: 31.0
[2024-10-06 18:49:54,188][INFO] Step 19: size: 19, coverage: 36.00%, cost: 33.0
[2024-10-06 18:49:54,192][INFO] Step 20: size: 20, coverage: 37.50%, cost: 36.0
[2024-10-06 18:49:54,195][INFO] Step 21: size: 21, coverage: 39.00%, cost: 39.0
[2024-10-06 18:49:54,198][INFO] Step 22: size: 22, coverage: 40.50%, cost: 42.0
[2024-10-06 18:49:54,202][INFO] Step 23: size: 23, coverage: 43.50%, cost: 48.0
[2024-10-06 18:49:54,205][INFO] Step 24: size: 24, coverage: 45.00%, cost: 52.0
[2024-10-06 18:49:54,208][INFO] Step 25: size: 25, coverage: 46.50%, cost: 56.0
[2024-10-06 18:49:54,212][INFO] Step 26: size: 26, coverage: 48.00%, cost: 60.0
[2024-10-06 18:49:54,215][INFO] Step 27: size: 27, coverage: 50.50%, cost: 67.0
[2024-10-06 18:49:54,218][INFO] Step 28: size: 28, coverage: 51.50%, cost: 70.0
[2024-10-06 18:49:54,222][INFO] Step 29: size: 29, coverage: 52.50%, cost: 73.0
[2024-10-06 18:49:54,225][INFO] Step 30: size: 30, coverage: 53.50%, cost: 76.0
[2024-10-06 18:49:54,228][INFO] Step 31: size: 31, coverage: 54.50%, cost: 79.0
[2024-10-06 18:49:54,232][INFO] Step 32: size: 32, coverage: 55.50%, cost: 82.0
[2024-10-06 18:49:54,235][INFO] Step 33: size: 33, coverage: 57.50%, cost: 88.0
[2024-10-06 18:49:54,239][INFO] Step 34: size: 34, coverage: 59.50%, cost: 94.0
[2024-10-06 18:49:54,242][INFO] Step 35: size: 35, coverage: 61.00%, cost: 99.0
[2024-10-06 18:49:54,245][INFO] Step 36: size: 36, coverage: 62.50%, cost: 104.0
[2024-10-06 18:49:54,249][INFO] Step 37: size: 37, coverage: 63.00%, cost: 106.0
[2024-10-06 18:49:54,252][INFO] Step 38: size: 38, coverage: 65.00%, cost: 115.0
[2024-10-06 18:49:54,256][INFO] Step 39: size: 39, coverage: 66.50%, cost: 122.0
[2024-10-06 18:49:54,259][INFO] Step 40: size: 40, coverage: 67.50%, cost: 127.0
[2024-10-06 18:49:54,263][INFO] Step 41: size: 41, coverage: 68.50%, cost: 132.0
[2024-10-06 18:49:54,266][INFO] Step 42: size: 42, coverage: 69.50%, cost: 137.0
[2024-10-06 18:49:54,270][INFO] Step 43: size: 43, coverage: 71.00%, cost: 145.0
[2024-10-06 18:49:54,273][INFO] Step 44: size: 44, coverage: 71.50%, cost: 148.0
[2024-10-06 18:49:54,277][INFO] Step 45: size: 45, coverage: 72.50%, cost: 154.0
[2024-10-06 18:49:54,280][INFO] Step 46: size: 46, coverage: 73.50%, cost: 160.0
[2024-10-06 18:49:54,284][INFO] Step 47: size: 47, coverage: 74.50%, cost: 166.0
[2024-10-06 18:49:54,287][INFO] Step 48: size: 48, coverage: 76.50%, cost: 178.0
[2024-10-06 18:49:54,291][INFO] Step 49: size: 49, coverage: 77.50%, cost: 185.0
[2024-10-06 18:49:54,294][INFO] Step 50: size: 50, coverage: 78.50%, cost: 192.0
[2024-10-06 18:49:54,298][INFO] Step 51: size: 51, coverage: 79.00%, cost: 196.0
[2024-10-06 18:49:54,301][INFO] Step 52: size: 52, coverage: 80.00%, cost: 204.0
[2024-10-06 18:49:54,305][INFO] Step 53: size: 53, coverage: 82.00%, cost: 221.0
[2024-10-06 18:49:54,309][INFO] Step 54: size: 54, coverage: 83.00%, cost: 230.0
[2024-10-06 18:49:54,312][INFO] Step 55: size: 55, coverage: 84.00%, cost: 239.0
[2024-10-06 18:49:54,316][INFO] Step 56: size: 56, coverage: 85.00%, cost: 248.0
[2024-10-06 18:49:54,320][INFO] Step 57: size: 57, coverage: 86.00%, cost: 257.0
[2024-10-06 18:49:54,323][INFO] Step 58: size: 58, coverage: 87.00%, cost: 267.0
[2024-10-06 18:49:54,327][INFO] Step 59: size: 59, coverage: 87.50%, cost: 273.0
[2024-10-06 18:49:54,331][INFO] Step 60: size: 60, coverage: 88.50%, cost: 286.0
[2024-10-06 18:49:54,334][INFO] Step 61: size: 61, coverage: 89.00%, cost: 293.0
[2024-10-06 18:49:54,338][INFO] Step 62: size: 62, coverage: 89.50%, cost: 300.0
[2024-10-06 18:49:54,342][INFO] Step 63: size: 63, coverage: 90.00%, cost: 307.0
[2024-10-06 18:49:54,346][INFO] Step 64: size: 64, coverage: 90.50%, cost: 314.0
[2024-10-06 18:49:54,349][INFO] Step 65: size: 65, coverage: 91.00%, cost: 321.0
[2024-10-06 18:49:54,353][INFO] Step 66: size: 66, coverage: 92.00%, cost: 338.0
[2024-10-06 18:49:54,357][INFO] Step 67: size: 67, coverage: 92.50%, cost: 347.0
[2024-10-06 18:49:54,361][INFO] Step 68: size: 68, coverage: 93.00%, cost: 356.0
[2024-10-06 18:49:54,365][INFO] Step 69: size: 69, coverage: 93.50%, cost: 366.0
[2024-10-06 18:49:54,369][INFO] Step 70: size: 70, coverage: 94.00%, cost: 377.0
[2024-10-06 18:49:54,372][INFO] Step 71: size: 71, coverage: 94.50%, cost: 389.0
[2024-10-06 18:49:54,376][INFO] Step 72: size: 72, coverage: 95.00%, cost: 401.0
[2024-10-06 18:49:54,380][INFO] Step 73: size: 73, coverage: 95.50%, cost: 414.0
[2024-10-06 18:49:54,384][INFO] Step 74: size: 74, coverage: 96.00%, cost: 427.0
[2024-10-06 18:49:54,388][INFO] Step 75: size: 75, coverage: 96.50%, cost: 441.0
[2024-10-06 18:49:54,392][INFO] Step 76: size: 76, coverage: 97.00%, cost: 456.0
[2024-10-06 18:49:54,396][INFO] Step 77: size: 77, coverage: 97.50%, cost: 472.0
[2024-10-06 18:49:54,400][INFO] Step 78: size: 78, coverage: 98.00%, cost: 490.0
[2024-10-06 18:49:54,404][INFO] Step 79: size: 79, coverage: 98.50%, cost: 508.0
[2024-10-06 18:49:54,408][INFO] Step 80: size: 80, coverage: 99.00%, cost: 528.0
[2024-10-06 18:49:54,412][INFO] Step 81: size: 81, coverage: 99.50%, cost: 555.0
[2024-10-06 18:49:54,416][INFO] Step 82: size: 82, coverage: 100.00%, cost: 598.0
[2024-10-06 18:49:54,418][INFO] Size: 82 -> 75
[2024-10-06 18:49:54,418][INFO] Cost: 598.0 -> 582.0
[2024-10-06 18:49:54,418][INFO] Pruned solution: [np.int64(1), np.int64(3), np.int64(6), np.int64(9), np.int64(4), np.int64(17), np.int64(12), np.int64(21), np.int64(13), np.int64(23), np.int64(27), np.int64(31), np.int64(33), np.int64(19), np.int64(25), np.int64(29), np.int64(48), np.int64(37), np.int64(80), np.int64(38), np.int64(40), np.int64(20), np.int64(49), np.int64(119), np.int64(57), np.int64(68), np.int64(82), np.int64(90), np.int64(101), np.int64(131), np.int64(59), np.int64(64), np.int64(170), np.int64(78), np.int64(115), np.int64(123), np.int64(134), np.int64(149), np.int64(179), np.int64(197), np.int64(421), np.int64(2), np.int64(18), np.int64(24), np.int64(54), np.int64(28), np.int64(36), np.int64(39), np.int64(47), np.int64(56), np.int64(165), np.int64(91), np.int64(55), np.int64(65), np.int64(95), np.int64(133), np.int64(155), np.int64(282), np.int64(11), np.int64(32), np.int64(46), np.int64(66), np.int64(30), np.int64(52), np.int64(77), np.int64(141), np.int64(0), np.int64(22), np.int64(50), np.int64(61), np.int64(180), np.int64(58), np.int64(121), np.int64(83), np.int64(14)]
[2024-10-06 18:52:15,453][INFO] Step 1: size: 1, coverage: 4.00%, cost: 1.0
[2024-10-06 18:52:15,457][INFO] Step 2: size: 2, coverage: 7.00%, cost: 2.0
[2024-10-06 18:52:15,460][INFO] Step 3: size: 3, coverage: 9.00%, cost: 3.0
[2024-10-06 18:52:15,463][INFO] Step 4: size: 4, coverage: 10.50%, cost: 4.0
[2024-10-06 18:52:15,466][INFO] Step 5: size: 5, coverage: 12.00%, cost: 5.0
[2024-10-06 18:52:15,470][INFO] Step 6: size: 6, coverage: 13.50%, cost: 6.0
[2024-10-06 18:52:15,473][INFO] Step 7: size: 7, coverage: 15.00%, cost: 7.0
[2024-10-06 18:52:15,476][INFO] Step 8: size: 8, coverage: 17.50%, cost: 9.0
[2024-10-06 18:52:15,479][INFO] Step 9: size: 9, coverage: 20.00%, cost: 11.0
[2024-10-06 18:52:15,483][INFO] Step 10: size: 10, coverage: 21.00%, cost: 12.0
[2024-10-06 18:52:15,486][INFO] Step 11: size: 11, coverage: 22.00%, cost: 13.0
[2024-10-06 18:52:15,489][INFO] Step 12: size: 12, coverage: 25.00%, cost: 16.0
[2024-10-06 18:52:15,492][INFO] Step 13: size: 13, coverage: 26.50%, cost: 18.0
[2024-10-06 18:52:15,496][INFO] Step 14: size: 14, coverage: 28.00%, cost: 20.0
[2024-10-06 18:52:15,499][INFO] Step 15: size: 15, coverage: 30.00%, cost: 23.0
[2024-10-06 18:52:15,502][INFO] Step 16: size: 16, coverage: 32.00%, cost: 26.0
[2024-10-06 18:52:15,506][INFO] Step 17: size: 17, coverage: 34.00%, cost: 29.0
[2024-10-06 18:52:15,509][INFO] Step 18: size: 18, coverage: 35.00%, cost: 31.0
[2024-10-06 18:52:15,512][INFO] Step 19: size: 19, coverage: 36.00%, cost: 33.0
[2024-10-06 18:52:15,516][INFO] Step 20: size: 20, coverage: 37.50%, cost: 36.0
[2024-10-06 18:52:15,519][INFO] Step 21: size: 21, coverage: 39.00%, cost: 39.0
[2024-10-06 18:52:15,522][INFO] Step 22: size: 22, coverage: 40.50%, cost: 42.0
[2024-10-06 18:52:15,525][INFO] Step 23: size: 23, coverage: 43.50%, cost: 48.0
[2024-10-06 18:52:15,529][INFO] Step 24: size: 24, coverage: 45.00%, cost: 52.0
[2024-10-06 18:52:15,532][INFO] Step 25: size: 25, coverage: 46.50%, cost: 56.0
[2024-10-06 18:52:15,536][INFO] Step 26: size: 26, coverage: 48.00%, cost: 60.0
[2024-10-06 18:52:15,539][INFO] Step 27: size: 27, coverage: 50.50%, cost: 67.0
[2024-10-06 18:52:15,542][INFO] Step 28: size: 28, coverage: 51.50%, cost: 70.0
[2024-10-06 18:52:15,546][INFO] Step 29: size: 29, coverage: 52.50%, cost: 73.0
[2024-10-06 18:52:15,549][INFO] Step 30: size: 30, coverage: 53.50%, cost: 76.0
[2024-10-06 18:52:15,552][INFO] Step 31: size: 31, coverage: 54.50%, cost: 79.0
[2024-10-06 18:52:15,556][INFO] Step 32: size: 32, coverage: 55.50%, cost: 82.0
[2024-10-06 18:52:15,559][INFO] Step 33: size: 33, coverage: 57.50%, cost: 88.0
[2024-10-06 18:52:15,563][INFO] Step 34: size: 34, coverage: 59.50%, cost: 94.0
[2024-10-06 18:52:15,566][INFO] Step 35: size: 35, coverage: 61.00%, cost: 99.0
[2024-10-06 18:52:15,570][INFO] Step 36: size: 36, coverage: 62.50%, cost: 104.0
[2024-10-06 18:52:15,573][INFO] Step 37: size: 37, coverage: 63.00%, cost: 106.0
[2024-10-06 18:52:15,576][INFO] Step 38: size: 38, coverage: 65.00%, cost: 115.0
[2024-10-06 18:52:15,580][INFO] Step 39: size: 39, coverage: 66.50%, cost: 122.0
[2024-10-06 18:52:15,583][INFO] Step 40: size: 40, coverage: 67.50%, cost: 127.0
[2024-10-06 18:52:15,587][INFO] Step 41: size: 41, coverage: 68.50%, cost: 132.0
[2024-10-06 18:52:15,591][INFO] Step 42: size: 42, coverage: 69.50%, cost: 137.0
[2024-10-06 18:52:15,594][INFO] Step 43: size: 43, coverage: 71.00%, cost: 145.0
[2024-10-06 18:52:15,598][INFO] Step 44: size: 44, coverage: 71.50%, cost: 148.0
[2024-10-06 18:52:15,601][INFO] Step 45: size: 45, coverage: 72.50%, cost: 154.0
[2024-10-06 18:52:15,605][INFO] Step 46: size: 46, coverage: 73.50%, cost: 160.0
[2024-10-06 18:52:15,608][INFO] Step 47: size: 47, coverage: 74.50%, cost: 166.0
[2024-10-06 18:52:15,612][INFO] Step 48: size: 48, coverage: 76.50%, cost: 178.0
[2024-10-06 18:52:15,615][INFO] Step 49: size: 49, coverage: 77.50%, cost: 185.0
[2024-10-06 18:52:15,619][INFO] Step 50: size: 50, coverage: 78.50%, cost: 192.0
[2024-10-06 18:52:15,623][INFO] Step 51: size: 51, coverage: 79.00%, cost: 196.0
[2024-10-06 18:52:15,626][INFO] Step 52: size: 52, coverage: 80.00%, cost: 204.0
[2024-10-06 18:52:15,630][INFO] Step 53: size: 53, coverage: 82.00%, cost: 221.0
[2024-10-06 18:52:15,634][INFO] Step 54: size: 54, coverage: 83.00%, cost: 230.0
[2024-10-06 18:52:15,637][INFO] Step 55: size: 55, coverage: 84.00%, cost: 239.0
[2024-10-06 18:52:15,641][INFO] Step 56: size: 56, coverage: 85.00%, cost: 248.0
[2024-10-06 18:52:15,645][INFO] Step 57: size: 57, coverage: 86.00%, cost: 257.0
[2024-10-06 18:52:15,648][INFO] Step 58: size: 58, coverage: 87.00%, cost: 267.0
[2024-10-06 18:52:15,652][INFO] Step 59: size: 59, coverage: 87.50%, cost: 273.0
[2024-10-06 18:52:15,656][INFO] Step 60: size: 60, coverage: 88.50%, cost: 286.0
[2024-10-06 18:52:15,659][INFO] Step 61: size: 61, coverage: 89.00%, cost: 293.0
[2024-10-06 18:52:15,663][INFO] Step 62: size: 62, coverage: 89.50%, cost: 300.0
[2024-10-06 18:52:15,667][INFO] Step 63: size: 63, coverage: 90.00%, cost: 307.0
[2024-10-06 18:52:15,671][INFO] Step 64: size: 64, coverage: 90.50%, cost: 314.0
[2024-10-06 18:52:15,675][INFO] Step 65: size: 65, coverage: 91.00%, cost: 321.0
[2024-10-06 18:52:15,678][INFO] Step 66: size: 66, coverage: 92.00%, cost: 338.0
[2024-10-06 18:52:15,682][INFO] Step 67: size: 67, coverage: 92.50%, cost: 347.0
[2024-10-06 18:52:15,686][INFO] Step 68: size: 68, coverage: 93.00%, cost: 356.0
[2024-10-06 18:52:15,690][INFO] Step 69: size: 69, coverage: 93.50%, cost: 366.0
[2024-10-06 18:52:15,694][INFO] Step 70: size: 70, coverage: 94.00%, cost: 377.0
[2024-10-06 18:52:15,698][INFO] Step 71: size: 71, coverage: 94.50%, cost: 389.0
[2024-10-06 18:52:15,702][INFO] Step 72: size: 72, coverage: 95.00%, cost: 401.0
[2024-10-06 18:52:15,705][INFO] Step 73: size: 73, coverage: 95.50%, cost: 414.0
[2024-10-06 18:52:15,709][INFO] Step 74: size: 74, coverage: 96.00%, cost: 427.0
[2024-10-06 18:52:15,713][INFO] Step 75: size: 75, coverage: 96.50%, cost: 441.0
[2024-10-06 18:52:15,717][INFO] Step 76: size: 76, coverage: 97.00%, cost: 456.0
[2024-10-06 18:52:15,721][INFO] Step 77: size: 77, coverage: 97.50%, cost: 472.0
[2024-10-06 18:52:15,725][INFO] Step 78: size: 78, coverage: 98.00%, cost: 490.0
[2024-10-06 18:52:15,729][INFO] Step 79: size: 79, coverage: 98.50%, cost: 508.0
[2024-10-06 18:52:15,733][INFO] Step 80: size: 80, coverage: 99.00%, cost: 528.0
[2024-10-06 18:52:15,737][INFO] Step 81: size: 81, coverage: 99.50%, cost: 555.0
[2024-10-06 18:52:15,741][INFO] Step 82: size: 82, coverage: 100.00%, cost: 598.0
[2024-10-06 18:52:15,743][INFO] Size: 82 -> 75
[2024-10-06 18:52:15,743][INFO] Cost: 598.0 -> 582.0
[2024-10-06 18:54:26,405][INFO] Step 1: size: 1, coverage: 4.00%, cost: 1.0
[2024-10-06 18:54:26,408][INFO] Step 2: size: 2, coverage: 7.00%, cost: 2.0
[2024-10-06 18:54:26,411][INFO] Step 3: size: 3, coverage: 9.00%, cost: 3.0
[2024-10-06 18:54:26,415][INFO] Step 4: size: 4, coverage: 10.50%, cost: 4.0
[2024-10-06 18:54:26,418][INFO] Step 5: size: 5, coverage: 12.00%, cost: 5.0
[2024-10-06 18:54:26,421][INFO] Step 6: size: 6, coverage: 13.50%, cost: 6.0
[2024-10-06 18:54:26,424][INFO] Step 7: size: 7, coverage: 15.00%, cost: 7.0
[2024-10-06 18:54:26,428][INFO] Step 8: size: 8, coverage: 17.50%, cost: 9.0
[2024-10-06 18:54:26,431][INFO] Step 9: size: 9, coverage: 20.00%, cost: 11.0
[2024-10-06 18:54:26,434][INFO] Step 10: size: 10, coverage: 21.00%, cost: 12.0
[2024-10-06 18:54:26,437][INFO] Step 11: size: 11, coverage: 22.00%, cost: 13.0
[2024-10-06 18:54:26,441][INFO] Step 12: size: 12, coverage: 25.00%, cost: 16.0
[2024-10-06 18:54:26,444][INFO] Step 13: size: 13, coverage: 26.50%, cost: 18.0
[2024-10-06 18:54:26,447][INFO] Step 14: size: 14, coverage: 28.00%, cost: 20.0
[2024-10-06 18:54:26,451][INFO] Step 15: size: 15, coverage: 30.00%, cost: 23.0
[2024-10-06 18:54:26,454][INFO] Step 16: size: 16, coverage: 32.00%, cost: 26.0
[2024-10-06 18:54:26,457][INFO] Step 17: size: 17, coverage: 34.00%, cost: 29.0
[2024-10-06 18:54:26,461][INFO] Step 18: size: 18, coverage: 35.00%, cost: 31.0
[2024-10-06 18:54:26,464][INFO] Step 19: size: 19, coverage: 36.00%, cost: 33.0
[2024-10-06 18:54:26,467][INFO] Step 20: size: 20, coverage: 37.50%, cost: 36.0
[2024-10-06 18:54:26,471][INFO] Step 21: size: 21, coverage: 39.00%, cost: 39.0
[2024-10-06 18:54:26,474][INFO] Step 22: size: 22, coverage: 40.50%, cost: 42.0
[2024-10-06 18:54:26,477][INFO] Step 23: size: 23, coverage: 43.50%, cost: 48.0
[2024-10-06 18:54:26,481][INFO] Step 24: size: 24, coverage: 45.00%, cost: 52.0
[2024-10-06 18:54:26,484][INFO] Step 25: size: 25, coverage: 46.50%, cost: 56.0
[2024-10-06 18:54:26,487][INFO] Step 26: size: 26, coverage: 48.00%, cost: 60.0
[2024-10-06 18:54:26,491][INFO] Step 27: size: 27, coverage: 50.50%, cost: 67.0
[2024-10-06 18:54:26,494][INFO] Step 28: size: 28, coverage: 51.50%, cost: 70.0
[2024-10-06 18:54:26,497][INFO] Step 29: size: 29, coverage: 52.50%, cost: 73.0
[2024-10-06 18:54:26,501][INFO] Step 30: size: 30, coverage: 53.50%, cost: 76.0
[2024-10-06 18:54:26,504][INFO] Step 31: size: 31, coverage: 54.50%, cost: 79.0
[2024-10-06 18:54:26,508][INFO] Step 32: size: 32, coverage: 55.50%, cost: 82.0
[2024-10-06 18:54:26,511][INFO] Step 33: size: 33, coverage: 57.50%, cost: 88.0
[2024-10-06 18:54:26,514][INFO] Step 34: size: 34, coverage: 59.50%, cost: 94.0
[2024-10-06 18:54:26,518][INFO] Step 35: size: 35, coverage: 61.00%, cost: 99.0
[2024-10-06 18:54:26,521][INFO] Step 36: size: 36, coverage: 62.50%, cost: 104.0
[2024-10-06 18:54:26,525][INFO] Step 37: size: 37, coverage: 63.00%, cost: 106.0
[2024-10-06 18:54:26,528][INFO] Step 38: size: 38, coverage: 65.00%, cost: 115.0
[2024-10-06 18:54:26,532][INFO] Step 39: size: 39, coverage: 66.50%, cost: 122.0
[2024-10-06 18:54:26,535][INFO] Step 40: size: 40, coverage: 67.50%, cost: 127.0
[2024-10-06 18:54:26,539][INFO] Step 41: size: 41, coverage: 68.50%, cost: 132.0
[2024-10-06 18:54:26,542][INFO] Step 42: size: 42, coverage: 69.50%, cost: 137.0
[2024-10-06 18:54:26,546][INFO] Step 43: size: 43, coverage: 71.00%, cost: 145.0
[2024-10-06 18:54:26,549][INFO] Step 44: size: 44, coverage: 71.50%, cost: 148.0
[2024-10-06 18:54:26,553][INFO] Step 45: size: 45, coverage: 72.50%, cost: 154.0
[2024-10-06 18:54:26,556][INFO] Step 46: size: 46, coverage: 73.50%, cost: 160.0
[2024-10-06 18:54:26,560][INFO] Step 47: size: 47, coverage: 74.50%, cost: 166.0
[2024-10-06 18:54:26,564][INFO] Step 48: size: 48, coverage: 76.50%, cost: 178.0
[2024-10-06 18:54:26,567][INFO] Step 49: size: 49, coverage: 77.50%, cost: 185.0
[2024-10-06 18:54:26,571][INFO] Step 50: size: 50, coverage: 78.50%, cost: 192.0
[2024-10-06 18:54:26,574][INFO] Step 51: size: 51, coverage: 79.00%, cost: 196.0
[2024-10-06 18:54:26,578][INFO] Step 52: size: 52, coverage: 80.00%, cost: 204.0
[2024-10-06 18:54:26,582][INFO] Step 53: size: 53, coverage: 82.00%, cost: 221.0
[2024-10-06 18:54:26,585][INFO] Step 54: size: 54, coverage: 83.00%, cost: 230.0
[2024-10-06 18:54:26,589][INFO] Step 55: size: 55, coverage: 84.00%, cost: 239.0
[2024-10-06 18:54:26,593][INFO] Step 56: size: 56, coverage: 85.00%, cost: 248.0
[2024-10-06 18:54:26,596][INFO] Step 57: size: 57, coverage: 86.00%, cost: 257.0
[2024-10-06 18:54:26,600][INFO] Step 58: size: 58, coverage: 87.00%, cost: 267.0
[2024-10-06 18:54:26,604][INFO] Step 59: size: 59, coverage: 87.50%, cost: 273.0
[2024-10-06 18:54:26,607][INFO] Step 60: size: 60, coverage: 88.50%, cost: 286.0
[2024-10-06 18:54:26,611][INFO] Step 61: size: 61, coverage: 89.00%, cost: 293.0
[2024-10-06 18:54:26,615][INFO] Step 62: size: 62, coverage: 89.50%, cost: 300.0
[2024-10-06 18:54:26,619][INFO] Step 63: size: 63, coverage: 90.00%, cost: 307.0
[2024-10-06 18:54:26,622][INFO] Step 64: size: 64, coverage: 90.50%, cost: 314.0
[2024-10-06 18:54:26,626][INFO] Step 65: size: 65, coverage: 91.00%, cost: 321.0
[2024-10-06 18:54:26,630][INFO] Step 66: size: 66, coverage: 92.00%, cost: 338.0
[2024-10-06 18:54:26,634][INFO] Step 67: size: 67, coverage: 92.50%, cost: 347.0
[2024-10-06 18:54:26,638][INFO] Step 68: size: 68, coverage: 93.00%, cost: 356.0
[2024-10-06 18:54:26,642][INFO] Step 69: size: 69, coverage: 93.50%, cost: 366.0
[2024-10-06 18:54:26,645][INFO] Step 70: size: 70, coverage: 94.00%, cost: 377.0
[2024-10-06 18:54:26,649][INFO] Step 71: size: 71, coverage: 94.50%, cost: 389.0
[2024-10-06 18:54:26,653][INFO] Step 72: size: 72, coverage: 95.00%, cost: 401.0
[2024-10-06 18:54:26,657][INFO] Step 73: size: 73, coverage: 95.50%, cost: 414.0
[2024-10-06 18:54:26,661][INFO] Step 74: size: 74, coverage: 96.00%, cost: 427.0
[2024-10-06 18:54:26,665][INFO] Step 75: size: 75, coverage: 96.50%, cost: 441.0
[2024-10-06 18:54:26,669][INFO] Step 76: size: 76, coverage: 97.00%, cost: 456.0
[2024-10-06 18:54:26,673][INFO] Step 77: size: 77, coverage: 97.50%, cost: 472.0
[2024-10-06 18:54:26,677][INFO] Step 78: size: 78, coverage: 98.00%, cost: 490.0
[2024-10-06 18:54:26,681][INFO] Step 79: size: 79, coverage: 98.50%, cost: 508.0
[2024-10-06 18:54:26,685][INFO] Step 80: size: 80, coverage: 99.00%, cost: 528.0
[2024-10-06 18:54:26,689][INFO] Step 81: size: 81, coverage: 99.50%, cost: 555.0
[2024-10-06 18:54:26,693][INFO] Step 82: size: 82, coverage: 100.00%, cost: 598.0
[2024-10-06 18:54:26,695][INFO] Size: 82 -> 75
[2024-10-06 18:54:26,695][INFO] Cost: 598.0 -> 582.0
[2024-10-06 18:55:27,023][INFO] Step 1: size: 1, coverage: 4.00%, cost: 1.0
[2024-10-06 18:55:27,026][INFO] Step 2: size: 2, coverage: 7.00%, cost: 2.0
[2024-10-06 18:55:27,029][INFO] Step 3: size: 3, coverage: 9.00%, cost: 3.0
[2024-10-06 18:55:27,032][INFO] Step 4: size: 4, coverage: 10.50%, cost: 4.0
[2024-10-06 18:55:27,036][INFO] Step 5: size: 5, coverage: 12.00%, cost: 5.0
[2024-10-06 18:55:27,039][INFO] Step 6: size: 6, coverage: 13.50%, cost: 6.0
[2024-10-06 18:55:27,042][INFO] Step 7: size: 7, coverage: 15.00%, cost: 7.0
[2024-10-06 18:55:27,045][INFO] Step 8: size: 8, coverage: 17.50%, cost: 9.0
[2024-10-06 18:55:27,048][INFO] Step 9: size: 9, coverage: 20.00%, cost: 11.0
[2024-10-06 18:55:27,052][INFO] Step 10: size: 10, coverage: 21.00%, cost: 12.0
[2024-10-06 18:55:27,055][INFO] Step 11: size: 11, coverage: 22.00%, cost: 13.0
[2024-10-06 18:55:27,058][INFO] Step 12: size: 12, coverage: 25.00%, cost: 16.0
[2024-10-06 18:55:27,061][INFO] Step 13: size: 13, coverage: 26.50%, cost: 18.0
[2024-10-06 18:55:27,065][INFO] Step 14: size: 14, coverage: 28.00%, cost: 20.0
[2024-10-06 18:55:27,068][INFO] Step 15: size: 15, coverage: 30.00%, cost: 23.0
[2024-10-06 18:55:27,071][INFO] Step 16: size: 16, coverage: 32.00%, cost: 26.0
[2024-10-06 18:55:27,075][INFO] Step 17: size: 17, coverage: 34.00%, cost: 29.0
[2024-10-06 18:55:27,078][INFO] Step 18: size: 18, coverage: 35.00%, cost: 31.0
[2024-10-06 18:55:27,081][INFO] Step 19: size: 19, coverage: 36.00%, cost: 33.0
[2024-10-06 18:55:27,084][INFO] Step 20: size: 20, coverage: 37.50%, cost: 36.0
[2024-10-06 18:55:27,088][INFO] Step 21: size: 21, coverage: 39.00%, cost: 39.0
[2024-10-06 18:55:27,091][INFO] Step 22: size: 22, coverage: 40.50%, cost: 42.0
[2024-10-06 18:55:27,094][INFO] Step 23: size: 23, coverage: 43.50%, cost: 48.0
[2024-10-06 18:55:27,098][INFO] Step 24: size: 24, coverage: 45.00%, cost: 52.0
[2024-10-06 18:55:27,101][INFO] Step 25: size: 25, coverage: 46.50%, cost: 56.0
[2024-10-06 18:55:27,104][INFO] Step 26: size: 26, coverage: 48.00%, cost: 60.0
[2024-10-06 18:55:27,108][INFO] Step 27: size: 27, coverage: 50.50%, cost: 67.0
[2024-10-06 18:55:27,111][INFO] Step 28: size: 28, coverage: 51.50%, cost: 70.0
[2024-10-06 18:55:27,114][INFO] Step 29: size: 29, coverage: 52.50%, cost: 73.0
[2024-10-06 18:55:27,118][INFO] Step 30: size: 30, coverage: 53.50%, cost: 76.0
[2024-10-06 18:55:27,121][INFO] Step 31: size: 31, coverage: 54.50%, cost: 79.0
[2024-10-06 18:55:27,124][INFO] Step 32: size: 32, coverage: 55.50%, cost: 82.0
[2024-10-06 18:55:27,128][INFO] Step 33: size: 33, coverage: 57.50%, cost: 88.0
[2024-10-06 18:55:27,131][INFO] Step 34: size: 34, coverage: 59.50%, cost: 94.0
[2024-10-06 18:55:27,135][INFO] Step 35: size: 35, coverage: 61.00%, cost: 99.0
[2024-10-06 18:55:27,138][INFO] Step 36: size: 36, coverage: 62.50%, cost: 104.0
[2024-10-06 18:55:27,142][INFO] Step 37: size: 37, coverage: 63.00%, cost: 106.0
[2024-10-06 18:55:27,145][INFO] Step 38: size: 38, coverage: 65.00%, cost: 115.0
[2024-10-06 18:55:27,148][INFO] Step 39: size: 39, coverage: 66.50%, cost: 122.0
[2024-10-06 18:55:27,152][INFO] Step 40: size: 40, coverage: 67.50%, cost: 127.0
[2024-10-06 18:55:27,155][INFO] Step 41: size: 41, coverage: 68.50%, cost: 132.0
[2024-10-06 18:55:27,159][INFO] Step 42: size: 42, coverage: 69.50%, cost: 137.0
[2024-10-06 18:55:27,162][INFO] Step 43: size: 43, coverage: 71.00%, cost: 145.0
[2024-10-06 18:55:27,166][INFO] Step 44: size: 44, coverage: 71.50%, cost: 148.0
[2024-10-06 18:55:27,169][INFO] Step 45: size: 45, coverage: 72.50%, cost: 154.0
[2024-10-06 18:55:27,173][INFO] Step 46: size: 46, coverage: 73.50%, cost: 160.0
[2024-10-06 18:55:27,176][INFO] Step 47: size: 47, coverage: 74.50%, cost: 166.0
[2024-10-06 18:55:27,180][INFO] Step 48: size: 48, coverage: 76.50%, cost: 178.0
[2024-10-06 18:55:27,183][INFO] Step 49: size: 49, coverage: 77.50%, cost: 185.0
[2024-10-06 18:55:27,187][INFO] Step 50: size: 50, coverage: 78.50%, cost: 192.0
[2024-10-06 18:55:27,191][INFO] Step 51: size: 51, coverage: 79.00%, cost: 196.0
[2024-10-06 18:55:27,194][INFO] Step 52: size: 52, coverage: 80.00%, cost: 204.0
[2024-10-06 18:55:27,198][INFO] Step 53: size: 53, coverage: 82.00%, cost: 221.0
[2024-10-06 18:55:27,201][INFO] Step 54: size: 54, coverage: 83.00%, cost: 230.0
[2024-10-06 18:55:27,205][INFO] Step 55: size: 55, coverage: 84.00%, cost: 239.0
[2024-10-06 18:55:27,209][INFO] Step 56: size: 56, coverage: 85.00%, cost: 248.0
[2024-10-06 18:55:27,212][INFO] Step 57: size: 57, coverage: 86.00%, cost: 257.0
[2024-10-06 18:55:27,216][INFO] Step 58: size: 58, coverage: 87.00%, cost: 267.0
[2024-10-06 18:55:27,220][INFO] Step 59: size: 59, coverage: 87.50%, cost: 273.0
[2024-10-06 18:55:27,223][INFO] Step 60: size: 60, coverage: 88.50%, cost: 286.0
[2024-10-06 18:55:27,227][INFO] Step 61: size: 61, coverage: 89.00%, cost: 293.0
[2024-10-06 18:55:27,231][INFO] Step 62: size: 62, coverage: 89.50%, cost: 300.0
[2024-10-06 18:55:27,234][INFO] Step 63: size: 63, coverage: 90.00%, cost: 307.0
[2024-10-06 18:55:27,238][INFO] Step 64: size: 64, coverage: 90.50%, cost: 314.0
[2024-10-06 18:55:27,242][INFO] Step 65: size: 65, coverage: 91.00%, cost: 321.0
[2024-10-06 18:55:27,246][INFO] Step 66: size: 66, coverage: 92.00%, cost: 338.0
[2024-10-06 18:55:27,250][INFO] Step 67: size: 67, coverage: 92.50%, cost: 347.0
[2024-10-06 18:55:27,253][INFO] Step 68: size: 68, coverage: 93.00%, cost: 356.0
[2024-10-06 18:55:27,257][INFO] Step 69: size: 69, coverage: 93.50%, cost: 366.0
[2024-10-06 18:55:27,261][INFO] Step 70: size: 70, coverage: 94.00%, cost: 377.0
[2024-10-06 18:55:27,265][INFO] Step 71: size: 71, coverage: 94.50%, cost: 389.0
[2024-10-06 18:55:27,269][INFO] Step 72: size: 72, coverage: 95.00%, cost: 401.0
[2024-10-06 18:55:27,273][INFO] Step 73: size: 73, coverage: 95.50%, cost: 414.0
[2024-10-06 18:55:27,277][INFO] Step 74: size: 74, coverage: 96.00%, cost: 427.0
[2024-10-06 18:55:27,280][INFO] Step 75: size: 75, coverage: 96.50%, cost: 441.0
[2024-10-06 18:55:27,284][INFO] Step 76: size: 76, coverage: 97.00%, cost: 456.0
[2024-10-06 18:55:27,288][INFO] Step 77: size: 77, coverage: 97.50%, cost: 472.0
[2024-10-06 18:55:27,295][INFO] Step 78: size: 78, coverage: 98.00%, cost: 490.0
[2024-10-06 18:55:27,299][INFO] Step 79: size: 79, coverage: 98.50%, cost: 508.0
[2024-10-06 18:55:27,303][INFO] Step 80: size: 80, coverage: 99.00%, cost: 528.0
[2024-10-06 18:55:27,307][INFO] Step 81: size: 81, coverage: 99.50%, cost: 555.0
[2024-10-06 18:55:27,311][INFO] Step 82: size: 82, coverage: 100.00%, cost: 598.0
[2024-10-06 18:55:27,313][INFO] Size: 82 -> 75
[2024-10-06 18:55:27,313][INFO] Cost: 598.0 -> 582.0
[2024-10-06 19:03:22,398][INFO] Step 1: size: 1, coverage: 4.00%, cost: 1.0
[2024-10-06 19:03:22,401][INFO] Step 2: size: 2, coverage: 7.00%, cost: 2.0
[2024-10-06 19:03:22,404][INFO] Step 3: size: 3, coverage: 9.00%, cost: 3.0
[2024-10-06 19:03:22,407][INFO] Step 4: size: 4, coverage: 10.50%, cost: 4.0
[2024-10-06 19:03:22,411][INFO] Step 5: size: 5, coverage: 12.00%, cost: 5.0
[2024-10-06 19:03:22,414][INFO] Step 6: size: 6, coverage: 13.50%, cost: 6.0
[2024-10-06 19:03:22,417][INFO] Step 7: size: 7, coverage: 15.00%, cost: 7.0
[2024-10-06 19:03:22,420][INFO] Step 8: size: 8, coverage: 17.50%, cost: 9.0
[2024-10-06 19:03:22,424][INFO] Step 9: size: 9, coverage: 20.00%, cost: 11.0
[2024-10-06 19:03:22,427][INFO] Step 10: size: 10, coverage: 21.00%, cost: 12.0
[2024-10-06 19:03:22,430][INFO] Step 11: size: 11, coverage: 22.00%, cost: 13.0
[2024-10-06 19:03:22,434][INFO] Step 12: size: 12, coverage: 25.00%, cost: 16.0
[2024-10-06 19:03:22,437][INFO] Step 13: size: 13, coverage: 26.50%, cost: 18.0
[2024-10-06 19:03:22,440][INFO] Step 14: size: 14, coverage: 28.00%, cost: 20.0
[2024-10-06 19:03:22,444][INFO] Step 15: size: 15, coverage: 30.00%, cost: 23.0
[2024-10-06 19:03:22,447][INFO] Step 16: size: 16, coverage: 32.00%, cost: 26.0
[2024-10-06 19:03:22,450][INFO] Step 17: size: 17, coverage: 34.00%, cost: 29.0
[2024-10-06 19:03:22,454][INFO] Step 18: size: 18, coverage: 35.00%, cost: 31.0
[2024-10-06 19:03:22,457][INFO] Step 19: size: 19, coverage: 36.00%, cost: 33.0
[2024-10-06 19:03:22,461][INFO] Step 20: size: 20, coverage: 37.50%, cost: 36.0
[2024-10-06 19:03:22,464][INFO] Step 21: size: 21, coverage: 39.00%, cost: 39.0
[2024-10-06 19:03:22,467][INFO] Step 22: size: 22, coverage: 40.50%, cost: 42.0
[2024-10-06 19:03:22,470][INFO] Step 23: size: 23, coverage: 43.50%, cost: 48.0
[2024-10-06 19:03:22,474][INFO] Step 24: size: 24, coverage: 45.00%, cost: 52.0
[2024-10-06 19:03:22,477][INFO] Step 25: size: 25, coverage: 46.50%, cost: 56.0
[2024-10-06 19:03:22,481][INFO] Step 26: size: 26, coverage: 48.00%, cost: 60.0
[2024-10-06 19:03:22,484][INFO] Step 27: size: 27, coverage: 50.50%, cost: 67.0
[2024-10-06 19:03:22,487][INFO] Step 28: size: 28, coverage: 51.50%, cost: 70.0
[2024-10-06 19:03:22,491][INFO] Step 29: size: 29, coverage: 52.50%, cost: 73.0
[2024-10-06 19:03:22,494][INFO] Step 30: size: 30, coverage: 53.50%, cost: 76.0
[2024-10-06 19:03:22,497][INFO] Step 31: size: 31, coverage: 54.50%, cost: 79.0
[2024-10-06 19:03:22,501][INFO] Step 32: size: 32, coverage: 55.50%, cost: 82.0
[2024-10-06 19:03:22,504][INFO] Step 33: size: 33, coverage: 57.50%, cost: 88.0
[2024-10-06 19:03:22,508][INFO] Step 34: size: 34, coverage: 59.50%, cost: 94.0
[2024-10-06 19:03:22,511][INFO] Step 35: size: 35, coverage: 61.00%, cost: 99.0
[2024-10-06 19:03:22,515][INFO] Step 36: size: 36, coverage: 62.50%, cost: 104.0
[2024-10-06 19:03:22,518][INFO] Step 37: size: 37, coverage: 63.00%, cost: 106.0
[2024-10-06 19:03:22,522][INFO] Step 38: size: 38, coverage: 65.00%, cost: 115.0
[2024-10-06 19:03:22,525][INFO] Step 39: size: 39, coverage: 66.50%, cost: 122.0
[2024-10-06 19:03:22,529][INFO] Step 40: size: 40, coverage: 67.50%, cost: 127.0
[2024-10-06 19:03:22,532][INFO] Step 41: size: 41, coverage: 68.50%, cost: 132.0
[2024-10-06 19:03:22,536][INFO] Step 42: size: 42, coverage: 69.50%, cost: 137.0
[2024-10-06 19:03:22,539][INFO] Step 43: size: 43, coverage: 71.00%, cost: 145.0
[2024-10-06 19:03:22,543][INFO] Step 44: size: 44, coverage: 71.50%, cost: 148.0
[2024-10-06 19:03:22,546][INFO] Step 45: size: 45, coverage: 72.50%, cost: 154.0
[2024-10-06 19:03:22,550][INFO] Step 46: size: 46, coverage: 73.50%, cost: 160.0
[2024-10-06 19:03:22,553][INFO] Step 47: size: 47, coverage: 74.50%, cost: 166.0
[2024-10-06 19:03:22,557][INFO] Step 48: size: 48, coverage: 76.50%, cost: 178.0
[2024-10-06 19:03:22,560][INFO] Step 49: size: 49, coverage: 77.50%, cost: 185.0
[2024-10-06 19:03:22,564][INFO] Step 50: size: 50, coverage: 78.50%, cost: 192.0
[2024-10-06 19:03:22,568][INFO] Step 51: size: 51, coverage: 79.00%, cost: 196.0
[2024-10-06 19:03:22,571][INFO] Step 52: size: 52, coverage: 80.00%, cost: 204.0
[2024-10-06 19:03:22,575][INFO] Step 53: size: 53, coverage: 82.00%, cost: 221.0
[2024-10-06 19:03:22,578][INFO] Step 54: size: 54, coverage: 83.00%, cost: 230.0
[2024-10-06 19:03:22,582][INFO] Step 55: size: 55, coverage: 84.00%, cost: 239.0
[2024-10-06 19:03:22,586][INFO] Step 56: size: 56, coverage: 85.00%, cost: 248.0
[2024-10-06 19:03:22,589][INFO] Step 57: size: 57, coverage: 86.00%, cost: 257.0
[2024-10-06 19:03:22,593][INFO] Step 58: size: 58, coverage: 87.00%, cost: 267.0
[2024-10-06 19:03:22,597][INFO] Step 59: size: 59, coverage: 87.50%, cost: 273.0
[2024-10-06 19:03:22,604][INFO] Step 60: size: 60, coverage: 88.50%, cost: 286.0
[2024-10-06 19:03:22,607][INFO] Step 61: size: 61, coverage: 89.00%, cost: 293.0
[2024-10-06 19:03:22,611][INFO] Step 62: size: 62, coverage: 89.50%, cost: 300.0
[2024-10-06 19:03:22,615][INFO] Step 63: size: 63, coverage: 90.00%, cost: 307.0
[2024-10-06 19:03:22,619][INFO] Step 64: size: 64, coverage: 90.50%, cost: 314.0
[2024-10-06 19:03:22,622][INFO] Step 65: size: 65, coverage: 91.00%, cost: 321.0
[2024-10-06 19:03:22,626][INFO] Step 66: size: 66, coverage: 92.00%, cost: 338.0
[2024-10-06 19:03:22,630][INFO] Step 67: size: 67, coverage: 92.50%, cost: 347.0
[2024-10-06 19:03:22,634][INFO] Step 68: size: 68, coverage: 93.00%, cost: 356.0
[2024-10-06 19:03:22,638][INFO] Step 69: size: 69, coverage: 93.50%, cost: 366.0
[2024-10-06 19:03:22,642][INFO] Step 70: size: 70, coverage: 94.00%, cost: 377.0
[2024-10-06 19:03:22,646][INFO] Step 71: size: 71, coverage: 94.50%, cost: 389.0
[2024-10-06 19:03:22,649][INFO] Step 72: size: 72, coverage: 95.00%, cost: 401.0
[2024-10-06 19:03:22,653][INFO] Step 73: size: 73, coverage: 95.50%, cost: 414.0
[2024-10-06 19:03:22,657][INFO] Step 74: size: 74, coverage: 96.00%, cost: 427.0
[2024-10-06 19:03:22,661][INFO] Step 75: size: 75, coverage: 96.50%, cost: 441.0
[2024-10-06 19:03:22,665][INFO] Step 76: size: 76, coverage: 97.00%, cost: 456.0
[2024-10-06 19:03:22,669][INFO] Step 77: size: 77, coverage: 97.50%, cost: 472.0
[2024-10-06 19:03:22,673][INFO] Step 78: size: 78, coverage: 98.00%, cost: 490.0
[2024-10-06 19:03:22,677][INFO] Step 79: size: 79, coverage: 98.50%, cost: 508.0
[2024-10-06 19:03:22,681][INFO] Step 80: size: 80, coverage: 99.00%, cost: 528.0
[2024-10-06 19:03:22,685][INFO] Step 81: size: 81, coverage: 99.50%, cost: 555.0
[2024-10-06 19:03:22,689][INFO] Step 82: size: 82, coverage: 100.00%, cost: 598.0
[2024-10-06 19:03:22,691][INFO] Size: 82 -> 75
[2024-10-06 19:03:22,691][INFO] Cost: 598.0 -> 582.0
[2024-10-06 22:17:59,844][INFO] Step 1: size: 1, coverage: 4.00%, cost: 1.0
[2024-10-06 22:17:59,849][INFO] Step 2: size: 2, coverage: 7.00%, cost: 2.0
[2024-10-06 22:17:59,852][INFO] Step 3: size: 3, coverage: 9.00%, cost: 3.0
[2024-10-06 22:17:59,854][INFO] Step 4: size: 4, coverage: 10.50%, cost: 4.0
[2024-10-06 22:17:59,857][INFO] Step 5: size: 5, coverage: 12.00%, cost: 5.0
[2024-10-06 22:17:59,859][INFO] Step 6: size: 6, coverage: 13.50%, cost: 6.0
[2024-10-06 22:17:59,862][INFO] Step 7: size: 7, coverage: 15.00%, cost: 7.0
[2024-10-06 22:17:59,865][INFO] Step 8: size: 8, coverage: 17.50%, cost: 9.0
[2024-10-06 22:17:59,868][INFO] Step 9: size: 9, coverage: 20.00%, cost: 11.0
[2024-10-06 22:17:59,870][INFO] Step 10: size: 10, coverage: 21.00%, cost: 12.0
[2024-10-06 22:17:59,873][INFO] Step 11: size: 11, coverage: 22.00%, cost: 13.0
[2024-10-06 22:17:59,876][INFO] Step 12: size: 12, coverage: 25.00%, cost: 16.0
[2024-10-06 22:17:59,879][INFO] Step 13: size: 13, coverage: 26.50%, cost: 18.0
[2024-10-06 22:17:59,882][INFO] Step 14: size: 14, coverage: 28.00%, cost: 20.0
[2024-10-06 22:17:59,884][INFO] Step 15: size: 15, coverage: 30.00%, cost: 23.0
[2024-10-06 22:17:59,887][INFO] Step 16: size: 16, coverage: 32.00%, cost: 26.0
[2024-10-06 22:17:59,890][INFO] Step 17: size: 17, coverage: 34.00%, cost: 29.0
[2024-10-06 22:17:59,893][INFO] Step 18: size: 18, coverage: 35.00%, cost: 31.0
[2024-10-06 22:17:59,896][INFO] Step 19: size: 19, coverage: 36.00%, cost: 33.0
[2024-10-06 22:17:59,899][INFO] Step 20: size: 20, coverage: 37.50%, cost: 36.0
[2024-10-06 22:17:59,902][INFO] Step 21: size: 21, coverage: 39.00%, cost: 39.0
[2024-10-06 22:17:59,904][INFO] Step 22: size: 22, coverage: 40.50%, cost: 42.0
[2024-10-06 22:17:59,907][INFO] Step 23: size: 23, coverage: 43.50%, cost: 48.0
[2024-10-06 22:17:59,910][INFO] Step 24: size: 24, coverage: 45.00%, cost: 52.0
[2024-10-06 22:17:59,913][INFO] Step 25: size: 25, coverage: 46.50%, cost: 56.0
[2024-10-06 22:17:59,916][INFO] Step 26: size: 26, coverage: 48.00%, cost: 60.0
[2024-10-06 22:17:59,919][INFO] Step 27: size: 27, coverage: 50.50%, cost: 67.0
[2024-10-06 22:17:59,922][INFO] Step 28: size: 28, coverage: 51.50%, cost: 70.0
[2024-10-06 22:17:59,925][INFO] Step 29: size: 29, coverage: 52.50%, cost: 73.0
[2024-10-06 22:17:59,928][INFO] Step 30: size: 30, coverage: 53.50%, cost: 76.0
[2024-10-06 22:17:59,931][INFO] Step 31: size: 31, coverage: 54.50%, cost: 79.0
[2024-10-06 22:17:59,933][INFO] Step 32: size: 32, coverage: 55.50%, cost: 82.0
[2024-10-06 22:17:59,936][INFO] Step 33: size: 33, coverage: 57.50%, cost: 88.0
[2024-10-06 22:17:59,939][INFO] Step 34: size: 34, coverage: 59.50%, cost: 94.0
[2024-10-06 22:17:59,942][INFO] Step 35: size: 35, coverage: 61.00%, cost: 99.0
[2024-10-06 22:17:59,945][INFO] Step 36: size: 36, coverage: 62.50%, cost: 104.0
[2024-10-06 22:17:59,948][INFO] Step 37: size: 37, coverage: 63.00%, cost: 106.0
[2024-10-06 22:17:59,951][INFO] Step 38: size: 38, coverage: 65.00%, cost: 115.0
[2024-10-06 22:17:59,954][INFO] Step 39: size: 39, coverage: 66.50%, cost: 122.0
[2024-10-06 22:17:59,957][INFO] Step 40: size: 40, coverage: 67.50%, cost: 127.0
[2024-10-06 22:17:59,960][INFO] Step 41: size: 41, coverage: 68.50%, cost: 132.0
[2024-10-06 22:17:59,963][INFO] Step 42: size: 42, coverage: 69.50%, cost: 137.0
[2024-10-06 22:17:59,966][INFO] Step 43: size: 43, coverage: 71.00%, cost: 145.0
[2024-10-06 22:17:59,969][INFO] Step 44: size: 44, coverage: 71.50%, cost: 148.0
[2024-10-06 22:17:59,973][INFO] Step 45: size: 45, coverage: 72.50%, cost: 154.0
[2024-10-06 22:17:59,976][INFO] Step 46: size: 46, coverage: 73.50%, cost: 160.0
[2024-10-06 22:17:59,979][INFO] Step 47: size: 47, coverage: 74.50%, cost: 166.0
[2024-10-06 22:17:59,982][INFO] Step 48: size: 48, coverage: 76.50%, cost: 178.0
[2024-10-06 22:17:59,985][INFO] Step 49: size: 49, coverage: 77.50%, cost: 185.0
[2024-10-06 22:17:59,988][INFO] Step 50: size: 50, coverage: 78.50%, cost: 192.0
[2024-10-06 22:17:59,991][INFO] Step 51: size: 51, coverage: 79.00%, cost: 196.0
[2024-10-06 22:17:59,994][INFO] Step 52: size: 52, coverage: 80.00%, cost: 204.0
[2024-10-06 22:17:59,997][INFO] Step 53: size: 53, coverage: 82.00%, cost: 221.0
[2024-10-06 22:18:00,001][INFO] Step 54: size: 54, coverage: 83.00%, cost: 230.0
[2024-10-06 22:18:00,004][INFO] Step 55: size: 55, coverage: 84.00%, cost: 239.0
[2024-10-06 22:18:00,007][INFO] Step 56: size: 56, coverage: 85.00%, cost: 248.0
[2024-10-06 22:18:00,010][INFO] Step 57: size: 57, coverage: 86.00%, cost: 257.0
[2024-10-06 22:18:00,013][INFO] Step 58: size: 58, coverage: 87.00%, cost: 267.0
[2024-10-06 22:18:00,016][INFO] Step 59: size: 59, coverage: 87.50%, cost: 273.0
[2024-10-06 22:18:00,019][INFO] Step 60: size: 60, coverage: 88.50%, cost: 286.0
[2024-10-06 22:18:00,023][INFO] Step 61: size: 61, coverage: 89.00%, cost: 293.0
[2024-10-06 22:18:00,026][INFO] Step 62: size: 62, coverage: 89.50%, cost: 300.0
[2024-10-06 22:18:00,029][INFO] Step 63: size: 63, coverage: 90.00%, cost: 307.0
[2024-10-06 22:18:00,032][INFO] Step 64: size: 64, coverage: 90.50%, cost: 314.0
[2024-10-06 22:18:00,035][INFO] Step 65: size: 65, coverage: 91.00%, cost: 321.0
[2024-10-06 22:18:00,039][INFO] Step 66: size: 66, coverage: 92.00%, cost: 338.0
[2024-10-06 22:18:00,042][INFO] Step 67: size: 67, coverage: 92.50%, cost: 347.0
[2024-10-06 22:18:00,045][INFO] Step 68: size: 68, coverage: 93.00%, cost: 356.0
[2024-10-06 22:18:00,049][INFO] Step 69: size: 69, coverage: 93.50%, cost: 366.0
[2024-10-06 22:18:00,052][INFO] Step 70: size: 70, coverage: 94.00%, cost: 377.0
[2024-10-06 22:18:00,055][INFO] Step 71: size: 71, coverage: 94.50%, cost: 389.0
[2024-10-06 22:18:00,059][INFO] Step 72: size: 72, coverage: 95.00%, cost: 401.0
[2024-10-06 22:18:00,062][INFO] Step 73: size: 73, coverage: 95.50%, cost: 414.0
[2024-10-06 22:18:00,065][INFO] Step 74: size: 74, coverage: 96.00%, cost: 427.0
[2024-10-06 22:18:00,069][INFO] Step 75: size: 75, coverage: 96.50%, cost: 441.0
[2024-10-06 22:18:00,072][INFO] Step 76: size: 76, coverage: 97.00%, cost: 456.0
[2024-10-06 22:18:00,075][INFO] Step 77: size: 77, coverage: 97.50%, cost: 472.0
[2024-10-06 22:18:00,079][INFO] Step 78: size: 78, coverage: 98.00%, cost: 490.0
[2024-10-06 22:18:00,082][INFO] Step 79: size: 79, coverage: 98.50%, cost: 508.0
[2024-10-06 22:18:00,086][INFO] Step 80: size: 80, coverage: 99.00%, cost: 528.0
[2024-10-06 22:18:00,089][INFO] Step 81: size: 81, coverage: 99.50%, cost: 555.0
[2024-10-06 22:18:00,093][INFO] Step 82: size: 82, coverage: 100.00%, cost: 598.0
[2024-10-06 22:18:00,094][INFO] Size: 82 -> 75
[2024-10-06 22:18:00,094][INFO] Cost: 598.0 -> 582.0
[2024-10-06 22:21:01,302][INFO] Step 1: size: 1, coverage: 4.00%, cost: 1.0
[2024-10-06 22:21:01,305][INFO] Step 2: size: 2, coverage: 7.00%, cost: 2.0
[2024-10-06 22:21:01,308][INFO] Step 3: size: 3, coverage: 9.00%, cost: 3.0
[2024-10-06 22:21:01,311][INFO] Step 4: size: 4, coverage: 10.50%, cost: 4.0
[2024-10-06 22:21:01,314][INFO] Step 5: size: 5, coverage: 12.00%, cost: 5.0
[2024-10-06 22:21:01,318][INFO] Step 6: size: 6, coverage: 13.50%, cost: 6.0
[2024-10-06 22:21:01,321][INFO] Step 7: size: 7, coverage: 15.00%, cost: 7.0
[2024-10-06 22:21:01,324][INFO] Step 8: size: 8, coverage: 17.50%, cost: 9.0
[2024-10-06 22:21:01,327][INFO] Step 9: size: 9, coverage: 20.00%, cost: 11.0
[2024-10-06 22:21:01,331][INFO] Step 10: size: 10, coverage: 21.00%, cost: 12.0
[2024-10-06 22:21:01,334][INFO] Step 11: size: 11, coverage: 22.00%, cost: 13.0
[2024-10-06 22:21:01,337][INFO] Step 12: size: 12, coverage: 25.00%, cost: 16.0
[2024-10-06 22:21:01,341][INFO] Step 13: size: 13, coverage: 26.50%, cost: 18.0
[2024-10-06 22:21:01,344][INFO] Step 14: size: 14, coverage: 28.00%, cost: 20.0
[2024-10-06 22:21:01,347][INFO] Step 15: size: 15, coverage: 30.00%, cost: 23.0
[2024-10-06 22:21:01,351][INFO] Step 16: size: 16, coverage: 32.00%, cost: 26.0
[2024-10-06 22:21:01,354][INFO] Step 17: size: 17, coverage: 34.00%, cost: 29.0
[2024-10-06 22:21:01,357][INFO] Step 18: size: 18, coverage: 35.00%, cost: 31.0
[2024-10-06 22:21:01,361][INFO] Step 19: size: 19, coverage: 36.00%, cost: 33.0
[2024-10-06 22:21:01,364][INFO] Step 20: size: 20, coverage: 37.50%, cost: 36.0
[2024-10-06 22:21:01,367][INFO] Step 21: size: 21, coverage: 39.00%, cost: 39.0
[2024-10-06 22:21:01,371][INFO] Step 22: size: 22, coverage: 40.50%, cost: 42.0
[2024-10-06 22:21:01,374][INFO] Step 23: size: 23, coverage: 43.50%, cost: 48.0
[2024-10-06 22:21:01,377][INFO] Step 24: size: 24, coverage: 45.00%, cost: 52.0
[2024-10-06 22:21:01,381][INFO] Step 25: size: 25, coverage: 46.50%, cost: 56.0
[2024-10-06 22:21:01,384][INFO] Step 26: size: 26, coverage: 48.00%, cost: 60.0
[2024-10-06 22:21:01,387][INFO] Step 27: size: 27, coverage: 50.50%, cost: 67.0
[2024-10-06 22:21:01,391][INFO] Step 28: size: 28, coverage: 51.50%, cost: 70.0
[2024-10-06 22:21:01,394][INFO] Step 29: size: 29, coverage: 52.50%, cost: 73.0
[2024-10-06 22:21:01,397][INFO] Step 30: size: 30, coverage: 53.50%, cost: 76.0
[2024-10-06 22:21:01,401][INFO] Step 31: size: 31, coverage: 54.50%, cost: 79.0
[2024-10-06 22:21:01,404][INFO] Step 32: size: 32, coverage: 55.50%, cost: 82.0
[2024-10-06 22:21:01,408][INFO] Step 33: size: 33, coverage: 57.50%, cost: 88.0
[2024-10-06 22:21:01,411][INFO] Step 34: size: 34, coverage: 59.50%, cost: 94.0
[2024-10-06 22:21:01,415][INFO] Step 35: size: 35, coverage: 61.00%, cost: 99.0
[2024-10-06 22:21:01,418][INFO] Step 36: size: 36, coverage: 62.50%, cost: 104.0
[2024-10-06 22:21:01,422][INFO] Step 37: size: 37, coverage: 63.00%, cost: 106.0
[2024-10-06 22:21:01,425][INFO] Step 38: size: 38, coverage: 65.00%, cost: 115.0
[2024-10-06 22:21:01,429][INFO] Step 39: size: 39, coverage: 66.50%, cost: 122.0
[2024-10-06 22:21:01,432][INFO] Step 40: size: 40, coverage: 67.50%, cost: 127.0
[2024-10-06 22:21:01,436][INFO] Step 41: size: 41, coverage: 68.50%, cost: 132.0
[2024-10-06 22:21:01,439][INFO] Step 42: size: 42, coverage: 69.50%, cost: 137.0
[2024-10-06 22:21:01,443][INFO] Step 43: size: 43, coverage: 71.00%, cost: 145.0
[2024-10-06 22:21:01,446][INFO] Step 44: size: 44, coverage: 71.50%, cost: 148.0
[2024-10-06 22:21:01,450][INFO] Step 45: size: 45, coverage: 72.50%, cost: 154.0
[2024-10-06 22:21:01,453][INFO] Step 46: size: 46, coverage: 73.50%, cost: 160.0
[2024-10-06 22:21:01,457][INFO] Step 47: size: 47, coverage: 74.50%, cost: 166.0
[2024-10-06 22:21:01,461][INFO] Step 48: size: 48, coverage: 76.50%, cost: 178.0
[2024-10-06 22:21:01,464][INFO] Step 49: size: 49, coverage: 77.50%, cost: 185.0
[2024-10-06 22:21:01,468][INFO] Step 50: size: 50, coverage: 78.50%, cost: 192.0
[2024-10-06 22:21:01,471][INFO] Step 51: size: 51, coverage: 79.00%, cost: 196.0
[2024-10-06 22:21:01,475][INFO] Step 52: size: 52, coverage: 80.00%, cost: 204.0
[2024-10-06 22:21:01,479][INFO] Step 53: size: 53, coverage: 82.00%, cost: 221.0
[2024-10-06 22:21:01,482][INFO] Step 54: size: 54, coverage: 83.00%, cost: 230.0
[2024-10-06 22:21:01,486][INFO] Step 55: size: 55, coverage: 84.00%, cost: 239.0
[2024-10-06 22:21:01,490][INFO] Step 56: size: 56, coverage: 85.00%, cost: 248.0
[2024-10-06 22:21:01,493][INFO] Step 57: size: 57, coverage: 86.00%, cost: 257.0
[2024-10-06 22:21:01,497][INFO] Step 58: size: 58, coverage: 87.00%, cost: 267.0
[2024-10-06 22:21:01,501][INFO] Step 59: size: 59, coverage: 87.50%, cost: 273.0
[2024-10-06 22:21:01,505][INFO] Step 60: size: 60, coverage: 88.50%, cost: 286.0
[2024-10-06 22:21:01,508][INFO] Step 61: size: 61, coverage: 89.00%, cost: 293.0
[2024-10-06 22:21:01,512][INFO] Step 62: size: 62, coverage: 89.50%, cost: 300.0
[2024-10-06 22:21:01,516][INFO] Step 63: size: 63, coverage: 90.00%, cost: 307.0
[2024-10-06 22:21:01,520][INFO] Step 64: size: 64, coverage: 90.50%, cost: 314.0
[2024-10-06 22:21:01,523][INFO] Step 65: size: 65, coverage: 91.00%, cost: 321.0
[2024-10-06 22:21:01,527][INFO] Step 66: size: 66, coverage: 92.00%, cost: 338.0
[2024-10-06 22:21:01,531][INFO] Step 67: size: 67, coverage: 92.50%, cost: 347.0
[2024-10-06 22:21:01,535][INFO] Step 68: size: 68, coverage: 93.00%, cost: 356.0
[2024-10-06 22:21:01,539][INFO] Step 69: size: 69, coverage: 93.50%, cost: 366.0
[2024-10-06 22:21:01,543][INFO] Step 70: size: 70, coverage: 94.00%, cost: 377.0
[2024-10-06 22:21:01,547][INFO] Step 71: size: 71, coverage: 94.50%, cost: 389.0
[2024-10-06 22:21:01,551][INFO] Step 72: size: 72, coverage: 95.00%, cost: 401.0
[2024-10-06 22:21:01,554][INFO] Step 73: size: 73, coverage: 95.50%, cost: 414.0
[2024-10-06 22:21:01,558][INFO] Step 74: size: 74, coverage: 96.00%, cost: 427.0
[2024-10-06 22:21:01,562][INFO] Step 75: size: 75, coverage: 96.50%, cost: 441.0
[2024-10-06 22:21:01,566][INFO] Step 76: size: 76, coverage: 97.00%, cost: 456.0
[2024-10-06 22:21:01,570][INFO] Step 77: size: 77, coverage: 97.50%, cost: 472.0
[2024-10-06 22:21:01,574][INFO] Step 78: size: 78, coverage: 98.00%, cost: 490.0
[2024-10-06 22:21:01,578][INFO] Step 79: size: 79, coverage: 98.50%, cost: 508.0
[2024-10-06 22:21:01,582][INFO] Step 80: size: 80, coverage: 99.00%, cost: 528.0
[2024-10-06 22:21:01,586][INFO] Step 81: size: 81, coverage: 99.50%, cost: 555.0
[2024-10-06 22:21:01,590][INFO] Step 82: size: 82, coverage: 100.00%, cost: 598.0
[2024-10-06 22:21:01,592][INFO] Size: 82 -> 75
[2024-10-06 22:21:01,592][INFO] Cost: 598.0 -> 582.0
[2024-10-08 22:46:01,549][INFO] Step 1: size: 1, coverage: 4.00%, cost: 1.0
[2024-10-08 22:46:01,553][INFO] Step 2: size: 2, coverage: 7.00%, cost: 2.0
[2024-10-08 22:46:01,557][INFO] Step 3: size: 3, coverage: 9.00%, cost: 3.0
[2024-10-08 22:46:01,560][INFO] Step 4: size: 4, coverage: 10.50%, cost: 4.0
[2024-10-08 22:46:01,564][INFO] Step 5: size: 5, coverage: 12.00%, cost: 5.0
[2024-10-08 22:46:01,567][INFO] Step 6: size: 6, coverage: 13.50%, cost: 6.0
[2024-10-08 22:46:01,570][INFO] Step 7: size: 7, coverage: 15.00%, cost: 7.0
[2024-10-08 22:46:01,574][INFO] Step 8: size: 8, coverage: 17.50%, cost: 9.0
[2024-10-08 22:46:01,577][INFO] Step 9: size: 9, coverage: 20.00%, cost: 11.0
[2024-10-08 22:46:01,580][INFO] Step 10: size: 10, coverage: 21.00%, cost: 12.0
[2024-10-08 22:46:01,584][INFO] Step 11: size: 11, coverage: 22.00%, cost: 13.0
[2024-10-08 22:46:01,587][INFO] Step 12: size: 12, coverage: 25.00%, cost: 16.0
[2024-10-08 22:46:01,591][INFO] Step 13: size: 13, coverage: 26.50%, cost: 18.0
[2024-10-08 22:46:01,594][INFO] Step 14: size: 14, coverage: 28.00%, cost: 20.0
[2024-10-08 22:46:01,597][INFO] Step 15: size: 15, coverage: 30.00%, cost: 23.0
[2024-10-08 22:46:01,601][INFO] Step 16: size: 16, coverage: 32.00%, cost: 26.0
[2024-10-08 22:46:01,604][INFO] Step 17: size: 17, coverage: 34.00%, cost: 29.0
[2024-10-08 22:46:01,607][INFO] Step 18: size: 18, coverage: 35.00%, cost: 31.0
[2024-10-08 22:46:01,611][INFO] Step 19: size: 19, coverage: 36.00%, cost: 33.0
[2024-10-08 22:46:01,614][INFO] Step 20: size: 20, coverage: 37.50%, cost: 36.0
[2024-10-08 22:46:01,618][INFO] Step 21: size: 21, coverage: 39.00%, cost: 39.0
[2024-10-08 22:46:01,621][INFO] Step 22: size: 22, coverage: 40.50%, cost: 42.0
[2024-10-08 22:46:01,624][INFO] Step 23: size: 23, coverage: 43.50%, cost: 48.0
[2024-10-08 22:46:01,628][INFO] Step 24: size: 24, coverage: 45.00%, cost: 52.0
[2024-10-08 22:46:01,631][INFO] Step 25: size: 25, coverage: 46.50%, cost: 56.0
[2024-10-08 22:46:01,635][INFO] Step 26: size: 26, coverage: 48.00%, cost: 60.0
[2024-10-08 22:46:01,638][INFO] Step 27: size: 27, coverage: 50.50%, cost: 67.0
[2024-10-08 22:46:01,641][INFO] Step 28: size: 28, coverage: 51.50%, cost: 70.0
[2024-10-08 22:46:01,645][INFO] Step 29: size: 29, coverage: 52.50%, cost: 73.0
[2024-10-08 22:46:01,648][INFO] Step 30: size: 30, coverage: 53.50%, cost: 76.0
[2024-10-08 22:46:01,652][INFO] Step 31: size: 31, coverage: 54.50%, cost: 79.0
[2024-10-08 22:46:01,655][INFO] Step 32: size: 32, coverage: 55.50%, cost: 82.0
[2024-10-08 22:46:01,659][INFO] Step 33: size: 33, coverage: 57.50%, cost: 88.0
[2024-10-08 22:46:01,662][INFO] Step 34: size: 34, coverage: 59.50%, cost: 94.0
[2024-10-08 22:46:01,666][INFO] Step 35: size: 35, coverage: 61.00%, cost: 99.0
[2024-10-08 22:46:01,669][INFO] Step 36: size: 36, coverage: 62.50%, cost: 104.0
[2024-10-08 22:46:01,673][INFO] Step 37: size: 37, coverage: 63.00%, cost: 106.0
[2024-10-08 22:46:01,677][INFO] Step 38: size: 38, coverage: 65.00%, cost: 115.0
[2024-10-08 22:46:01,680][INFO] Step 39: size: 39, coverage: 66.50%, cost: 122.0
[2024-10-08 22:46:01,684][INFO] Step 40: size: 40, coverage: 67.50%, cost: 127.0
[2024-10-08 22:46:01,687][INFO] Step 41: size: 41, coverage: 68.50%, cost: 132.0
[2024-10-08 22:46:01,691][INFO] Step 42: size: 42, coverage: 69.50%, cost: 137.0
[2024-10-08 22:46:01,694][INFO] Step 43: size: 43, coverage: 71.00%, cost: 145.0
[2024-10-08 22:46:01,698][INFO] Step 44: size: 44, coverage: 71.50%, cost: 148.0
[2024-10-08 22:46:01,702][INFO] Step 45: size: 45, coverage: 72.50%, cost: 154.0
[2024-10-08 22:46:01,706][INFO] Step 46: size: 46, coverage: 73.50%, cost: 160.0
[2024-10-08 22:46:01,709][INFO] Step 47: size: 47, coverage: 74.50%, cost: 166.0
[2024-10-08 22:46:01,713][INFO] Step 48: size: 48, coverage: 76.50%, cost: 178.0
[2024-10-08 22:46:01,717][INFO] Step 49: size: 49, coverage: 77.50%, cost: 185.0
[2024-10-08 22:46:01,720][INFO] Step 50: size: 50, coverage: 78.50%, cost: 192.0
[2024-10-08 22:46:01,724][INFO] Step 51: size: 51, coverage: 79.00%, cost: 196.0
[2024-10-08 22:46:01,728][INFO] Step 52: size: 52, coverage: 80.00%, cost: 204.0
[2024-10-08 22:46:01,731][INFO] Step 53: size: 53, coverage: 82.00%, cost: 221.0
[2024-10-08 22:46:01,735][INFO] Step 54: size: 54, coverage: 83.00%, cost: 230.0
[2024-10-08 22:46:01,739][INFO] Step 55: size: 55, coverage: 84.00%, cost: 239.0
[2024-10-08 22:46:01,743][INFO] Step 56: size: 56, coverage: 85.00%, cost: 248.0
[2024-10-08 22:46:01,746][INFO] Step 57: size: 57, coverage: 86.00%, cost: 257.0
[2024-10-08 22:46:01,750][INFO] Step 58: size: 58, coverage: 87.00%, cost: 267.0
[2024-10-08 22:46:01,754][INFO] Step 59: size: 59, coverage: 87.50%, cost: 273.0
[2024-10-08 22:46:01,757][INFO] Step 60: size: 60, coverage: 88.50%, cost: 286.0
[2024-10-08 22:46:01,761][INFO] Step 61: size: 61, coverage: 89.00%, cost: 293.0
[2024-10-08 22:46:01,765][INFO] Step 62: size: 62, coverage: 89.50%, cost: 300.0
[2024-10-08 22:46:01,769][INFO] Step 63: size: 63, coverage: 90.00%, cost: 307.0
[2024-10-08 22:46:01,773][INFO] Step 64: size: 64, coverage: 90.50%, cost: 314.0
[2024-10-08 22:46:01,777][INFO] Step 65: size: 65, coverage: 91.00%, cost: 321.0
[2024-10-08 22:46:01,780][INFO] Step 66: size: 66, coverage: 92.00%, cost: 338.0
[2024-10-08 22:46:01,784][INFO] Step 67: size: 67, coverage: 92.50%, cost: 347.0
[2024-10-08 22:46:01,788][INFO] Step 68: size: 68, coverage: 93.00%, cost: 356.0
[2024-10-08 22:46:01,792][INFO] Step 69: size: 69, coverage: 93.50%, cost: 366.0
[2024-10-08 22:46:01,796][INFO] Step 70: size: 70, coverage: 94.00%, cost: 377.0
[2024-10-08 22:46:01,800][INFO] Step 71: size: 71, coverage: 94.50%, cost: 389.0
[2024-10-08 22:46:01,804][INFO] Step 72: size: 72, coverage: 95.00%, cost: 401.0
[2024-10-08 22:46:01,808][INFO] Step 73: size: 73, coverage: 95.50%, cost: 414.0
[2024-10-08 22:46:01,812][INFO] Step 74: size: 74, coverage: 96.00%, cost: 427.0
[2024-10-08 22:46:01,816][INFO] Step 75: size: 75, coverage: 96.50%, cost: 441.0
[2024-10-08 22:46:01,820][INFO] Step 76: size: 76, coverage: 97.00%, cost: 456.0
[2024-10-08 22:46:01,824][INFO] Step 77: size: 77, coverage: 97.50%, cost: 472.0
[2024-10-08 22:46:01,828][INFO] Step 78: size: 78, coverage: 98.00%, cost: 490.0
[2024-10-08 22:46:01,832][INFO] Step 79: size: 79, coverage: 98.50%, cost: 508.0
[2024-10-08 22:46:01,836][INFO] Step 80: size: 80, coverage: 99.00%, cost: 528.0
[2024-10-08 22:46:01,840][INFO] Step 81: size: 81, coverage: 99.50%, cost: 555.0
[2024-10-08 22:46:01,844][INFO] Step 82: size: 82, coverage: 100.00%, cost: 598.0
[2024-10-08 22:46:01,846][INFO] Size: 82 -> 75
[2024-10-08 22:46:01,846][INFO] Cost: 598.0 -> 582.0
[2024-10-08 23:00:44,732][INFO] Step 1: size: 1, coverage: 4.00%, cost: 1.0
[2024-10-08 23:00:44,735][INFO] Step 2: size: 2, coverage: 7.00%, cost: 2.0
[2024-10-08 23:00:44,739][INFO] Step 3: size: 3, coverage: 9.00%, cost: 3.0
[2024-10-08 23:00:44,742][INFO] Step 4: size: 4, coverage: 10.50%, cost: 4.0
[2024-10-08 23:00:44,746][INFO] Step 5: size: 5, coverage: 12.00%, cost: 5.0
[2024-10-08 23:00:44,749][INFO] Step 6: size: 6, coverage: 13.50%, cost: 6.0
[2024-10-08 23:00:44,752][INFO] Step 7: size: 7, coverage: 15.00%, cost: 7.0
[2024-10-08 23:00:44,756][INFO] Step 8: size: 8, coverage: 17.50%, cost: 9.0
[2024-10-08 23:00:44,759][INFO] Step 9: size: 9, coverage: 20.00%, cost: 11.0
[2024-10-08 23:00:44,763][INFO] Step 10: size: 10, coverage: 21.00%, cost: 12.0
[2024-10-08 23:00:44,766][INFO] Step 11: size: 11, coverage: 22.00%, cost: 13.0
[2024-10-08 23:00:44,770][INFO] Step 12: size: 12, coverage: 25.00%, cost: 16.0
[2024-10-08 23:00:44,773][INFO] Step 13: size: 13, coverage: 26.50%, cost: 18.0
[2024-10-08 23:00:44,776][INFO] Step 14: size: 14, coverage: 28.00%, cost: 20.0
[2024-10-08 23:00:44,780][INFO] Step 15: size: 15, coverage: 30.00%, cost: 23.0
[2024-10-08 23:00:44,783][INFO] Step 16: size: 16, coverage: 32.00%, cost: 26.0
[2024-10-08 23:00:44,787][INFO] Step 17: size: 17, coverage: 34.00%, cost: 29.0
[2024-10-08 23:00:44,790][INFO] Step 18: size: 18, coverage: 35.00%, cost: 31.0
[2024-10-08 23:00:44,794][INFO] Step 19: size: 19, coverage: 36.00%, cost: 33.0
[2024-10-08 23:00:44,797][INFO] Step 20: size: 20, coverage: 37.50%, cost: 36.0
[2024-10-08 23:00:44,801][INFO] Step 21: size: 21, coverage: 39.00%, cost: 39.0
[2024-10-08 23:00:44,804][INFO] Step 22: size: 22, coverage: 40.50%, cost: 42.0
[2024-10-08 23:00:44,808][INFO] Step 23: size: 23, coverage: 43.50%, cost: 48.0
[2024-10-08 23:00:44,811][INFO] Step 24: size: 24, coverage: 45.00%, cost: 52.0
[2024-10-08 23:00:44,815][INFO] Step 25: size: 25, coverage: 46.50%, cost: 56.0
[2024-10-08 23:00:44,818][INFO] Step 26: size: 26, coverage: 48.00%, cost: 60.0
[2024-10-08 23:00:44,822][INFO] Step 27: size: 27, coverage: 50.50%, cost: 67.0
[2024-10-08 23:00:44,825][INFO] Step 28: size: 28, coverage: 51.50%, cost: 70.0
[2024-10-08 23:00:44,829][INFO] Step 29: size: 29, coverage: 52.50%, cost: 73.0
[2024-10-08 23:00:44,832][INFO] Step 30: size: 30, coverage: 53.50%, cost: 76.0
[2024-10-08 23:00:44,836][INFO] Step 31: size: 31, coverage: 54.50%, cost: 79.0
[2024-10-08 23:00:44,839][INFO] Step 32: size: 32, coverage: 55.50%, cost: 82.0
[2024-10-08 23:00:44,843][INFO] Step 33: size: 33, coverage: 57.50%, cost: 88.0
[2024-10-08 23:00:44,847][INFO] Step 34: size: 34, coverage: 59.50%, cost: 94.0
[2024-10-08 23:00:44,850][INFO] Step 35: size: 35, coverage: 61.00%, cost: 99.0
[2024-10-08 23:00:44,854][INFO] Step 36: size: 36, coverage: 62.50%, cost: 104.0
[2024-10-08 23:00:44,857][INFO] Step 37: size: 37, coverage: 63.00%, cost: 106.0
[2024-10-08 23:00:44,861][INFO] Step 38: size: 38, coverage: 65.00%, cost: 115.0
[2024-10-08 23:00:44,865][INFO] Step 39: size: 39, coverage: 66.50%, cost: 122.0
[2024-10-08 23:00:44,868][INFO] Step 40: size: 40, coverage: 67.50%, cost: 127.0
[2024-10-08 23:00:44,872][INFO] Step 41: size: 41, coverage: 68.50%, cost: 132.0
[2024-10-08 23:00:44,876][INFO] Step 42: size: 42, coverage: 69.50%, cost: 137.0
[2024-10-08 23:00:44,879][INFO] Step 43: size: 43, coverage: 71.00%, cost: 145.0
[2024-10-08 23:00:44,883][INFO] Step 44: size: 44, coverage: 71.50%, cost: 148.0
[2024-10-08 23:00:44,887][INFO] Step 45: size: 45, coverage: 72.50%, cost: 154.0
[2024-10-08 23:00:44,890][INFO] Step 46: size: 46, coverage: 73.50%, cost: 160.0
[2024-10-08 23:00:44,894][INFO] Step 47: size: 47, coverage: 74.50%, cost: 166.0
[2024-10-08 23:00:44,898][INFO] Step 48: size: 48, coverage: 76.50%, cost: 178.0
[2024-10-08 23:00:44,902][INFO] Step 49: size: 49, coverage: 77.50%, cost: 185.0
[2024-10-08 23:00:44,905][INFO] Step 50: size: 50, coverage: 78.50%, cost: 192.0
[2024-10-08 23:00:44,909][INFO] Step 51: size: 51, coverage: 79.00%, cost: 196.0
[2024-10-08 23:00:44,913][INFO] Step 52: size: 52, coverage: 80.00%, cost: 204.0
[2024-10-08 23:00:44,917][INFO] Step 53: size: 53, coverage: 82.00%, cost: 221.0
[2024-10-08 23:00:44,920][INFO] Step 54: size: 54, coverage: 83.00%, cost: 230.0
[2024-10-08 23:00:44,924][INFO] Step 55: size: 55, coverage: 84.00%, cost: 239.0
[2024-10-08 23:00:44,928][INFO] Step 56: size: 56, coverage: 85.00%, cost: 248.0
[2024-10-08 23:00:44,932][INFO] Step 57: size: 57, coverage: 86.00%, cost: 257.0
[2024-10-08 23:00:44,936][INFO] Step 58: size: 58, coverage: 87.00%, cost: 267.0
[2024-10-08 23:00:44,940][INFO] Step 59: size: 59, coverage: 87.50%, cost: 273.0
[2024-10-08 23:00:44,944][INFO] Step 60: size: 60, coverage: 88.50%, cost: 286.0
[2024-10-08 23:00:44,947][INFO] Step 61: size: 61, coverage: 89.00%, cost: 293.0
[2024-10-08 23:00:44,951][INFO] Step 62: size: 62, coverage: 89.50%, cost: 300.0
[2024-10-08 23:00:44,955][INFO] Step 63: size: 63, coverage: 90.00%, cost: 307.0
[2024-10-08 23:00:44,959][INFO] Step 64: size: 64, coverage: 90.50%, cost: 314.0
[2024-10-08 23:00:44,963][INFO] Step 65: size: 65, coverage: 91.00%, cost: 321.0
[2024-10-08 23:00:44,967][INFO] Step 66: size: 66, coverage: 92.00%, cost: 338.0
[2024-10-08 23:00:44,971][INFO] Step 67: size: 67, coverage: 92.50%, cost: 347.0
[2024-10-08 23:00:44,975][INFO] Step 68: size: 68, coverage: 93.00%, cost: 356.0
[2024-10-08 23:00:44,979][INFO] Step 69: size: 69, coverage: 93.50%, cost: 366.0
[2024-10-08 23:00:44,983][INFO] Step 70: size: 70, coverage: 94.00%, cost: 377.0
[2024-10-08 23:00:44,987][INFO] Step 71: size: 71, coverage: 94.50%, cost: 389.0
[2024-10-08 23:00:44,991][INFO] Step 72: size: 72, coverage: 95.00%, cost: 401.0
[2024-10-08 23:00:44,995][INFO] Step 73: size: 73, coverage: 95.50%, cost: 414.0
[2024-10-08 23:00:44,999][INFO] Step 74: size: 74, coverage: 96.00%, cost: 427.0
[2024-10-08 23:00:45,003][INFO] Step 75: size: 75, coverage: 96.50%, cost: 441.0
[2024-10-08 23:00:45,007][INFO] Step 76: size: 76, coverage: 97.00%, cost: 456.0
[2024-10-08 23:00:45,011][INFO] Step 77: size: 77, coverage: 97.50%, cost: 472.0
[2024-10-08 23:00:45,016][INFO] Step 78: size: 78, coverage: 98.00%, cost: 490.0
[2024-10-08 23:00:45,020][INFO] Step 79: size: 79, coverage: 98.50%, cost: 508.0
[2024-10-08 23:00:45,024][INFO] Step 80: size: 80, coverage: 99.00%, cost: 528.0
[2024-10-08 23:00:45,028][INFO] Step 81: size: 81, coverage: 99.50%, cost: 555.0
[2024-10-08 23:00:45,032][INFO] Step 82: size: 82, coverage: 100.00%, cost: 598.0
[2024-10-08 23:00:45,034][INFO] Size: 82 -> 75
[2024-10-08 23:00:45,034][INFO] Cost: 598.0 -> 582.0
[2024-10-08 23:02:21,166][INFO] Step 1: size: 1, coverage: 4.00%, cost: 1.0
[2024-10-08 23:02:21,169][INFO] Step 2: size: 2, coverage: 7.00%, cost: 2.0
[2024-10-08 23:02:21,172][INFO] Step 3: size: 3, coverage: 9.00%, cost: 3.0
[2024-10-08 23:02:21,175][INFO] Step 4: size: 4, coverage: 10.50%, cost: 4.0
[2024-10-08 23:02:21,179][INFO] Step 5: size: 5, coverage: 12.00%, cost: 5.0
[2024-10-08 23:02:21,182][INFO] Step 6: size: 6, coverage: 13.50%, cost: 6.0
[2024-10-08 23:02:21,185][INFO] Step 7: size: 7, coverage: 15.00%, cost: 7.0
[2024-10-08 23:02:21,189][INFO] Step 8: size: 8, coverage: 17.50%, cost: 9.0
[2024-10-08 23:02:21,192][INFO] Step 9: size: 9, coverage: 20.00%, cost: 11.0
[2024-10-08 23:02:21,195][INFO] Step 10: size: 10, coverage: 21.00%, cost: 12.0
[2024-10-08 23:02:21,198][INFO] Step 11: size: 11, coverage: 22.00%, cost: 13.0
[2024-10-08 23:02:21,202][INFO] Step 12: size: 12, coverage: 25.00%, cost: 16.0
[2024-10-08 23:02:21,205][INFO] Step 13: size: 13, coverage: 26.50%, cost: 18.0
[2024-10-08 23:02:21,208][INFO] Step 14: size: 14, coverage: 28.00%, cost: 20.0
[2024-10-08 23:02:21,212][INFO] Step 15: size: 15, coverage: 30.00%, cost: 23.0
[2024-10-08 23:02:21,215][INFO] Step 16: size: 16, coverage: 32.00%, cost: 26.0
[2024-10-08 23:02:21,219][INFO] Step 17: size: 17, coverage: 34.00%, cost: 29.0
[2024-10-08 23:02:21,222][INFO] Step 18: size: 18, coverage: 35.00%, cost: 31.0
[2024-10-08 23:02:21,225][INFO] Step 19: size: 19, coverage: 36.00%, cost: 33.0
[2024-10-08 23:02:21,229][INFO] Step 20: size: 20, coverage: 37.50%, cost: 36.0
[2024-10-08 23:02:21,232][INFO] Step 21: size: 21, coverage: 39.00%, cost: 39.0
[2024-10-08 23:02:21,235][INFO] Step 22: size: 22, coverage: 40.50%, cost: 42.0
[2024-10-08 23:02:21,239][INFO] Step 23: size: 23, coverage: 43.50%, cost: 48.0
[2024-10-08 23:02:21,242][INFO] Step 24: size: 24, coverage: 45.00%, cost: 52.0
[2024-10-08 23:02:21,245][INFO] Step 25: size: 25, coverage: 46.50%, cost: 56.0
[2024-10-08 23:02:21,249][INFO] Step 26: size: 26, coverage: 48.00%, cost: 60.0
[2024-10-08 23:02:21,252][INFO] Step 27: size: 27, coverage: 50.50%, cost: 67.0
[2024-10-08 23:02:21,255][INFO] Step 28: size: 28, coverage: 51.50%, cost: 70.0
[2024-10-08 23:02:21,259][INFO] Step 29: size: 29, coverage: 52.50%, cost: 73.0
[2024-10-08 23:02:21,262][INFO] Step 30: size: 30, coverage: 53.50%, cost: 76.0
[2024-10-08 23:02:21,266][INFO] Step 31: size: 31, coverage: 54.50%, cost: 79.0
[2024-10-08 23:02:21,269][INFO] Step 32: size: 32, coverage: 55.50%, cost: 82.0
[2024-10-08 23:02:21,273][INFO] Step 33: size: 33, coverage: 57.50%, cost: 88.0
[2024-10-08 23:02:21,276][INFO] Step 34: size: 34, coverage: 59.50%, cost: 94.0
[2024-10-08 23:02:21,279][INFO] Step 35: size: 35, coverage: 61.00%, cost: 99.0
[2024-10-08 23:02:21,283][INFO] Step 36: size: 36, coverage: 62.50%, cost: 104.0
[2024-10-08 23:02:21,286][INFO] Step 37: size: 37, coverage: 63.00%, cost: 106.0
[2024-10-08 23:02:21,290][INFO] Step 38: size: 38, coverage: 65.00%, cost: 115.0
[2024-10-08 23:02:21,293][INFO] Step 39: size: 39, coverage: 66.50%, cost: 122.0
[2024-10-08 23:02:21,297][INFO] Step 40: size: 40, coverage: 67.50%, cost: 127.0
[2024-10-08 23:02:21,300][INFO] Step 41: size: 41, coverage: 68.50%, cost: 132.0
[2024-10-08 23:02:21,304][INFO] Step 42: size: 42, coverage: 69.50%, cost: 137.0
[2024-10-08 23:02:21,307][INFO] Step 43: size: 43, coverage: 71.00%, cost: 145.0
[2024-10-08 23:02:21,311][INFO] Step 44: size: 44, coverage: 71.50%, cost: 148.0
[2024-10-08 23:02:21,315][INFO] Step 45: size: 45, coverage: 72.50%, cost: 154.0
[2024-10-08 23:02:21,318][INFO] Step 46: size: 46, coverage: 73.50%, cost: 160.0
[2024-10-08 23:02:21,322][INFO] Step 47: size: 47, coverage: 74.50%, cost: 166.0
[2024-10-08 23:02:21,325][INFO] Step 48: size: 48, coverage: 76.50%, cost: 178.0
[2024-10-08 23:02:21,329][INFO] Step 49: size: 49, coverage: 77.50%, cost: 185.0
[2024-10-08 23:02:21,332][INFO] Step 50: size: 50, coverage: 78.50%, cost: 192.0
[2024-10-08 23:02:21,336][INFO] Step 51: size: 51, coverage: 79.00%, cost: 196.0
[2024-10-08 23:02:21,340][INFO] Step 52: size: 52, coverage: 80.00%, cost: 204.0
[2024-10-08 23:02:21,343][INFO] Step 53: size: 53, coverage: 82.00%, cost: 221.0
[2024-10-08 23:02:21,347][INFO] Step 54: size: 54, coverage: 83.00%, cost: 230.0
[2024-10-08 23:02:21,351][INFO] Step 55: size: 55, coverage: 84.00%, cost: 239.0
[2024-10-08 23:02:21,354][INFO] Step 56: size: 56, coverage: 85.00%, cost: 248.0
[2024-10-08 23:02:21,358][INFO] Step 57: size: 57, coverage: 86.00%, cost: 257.0
[2024-10-08 23:02:21,362][INFO] Step 58: size: 58, coverage: 87.00%, cost: 267.0
[2024-10-08 23:02:21,366][INFO] Step 59: size: 59, coverage: 87.50%, cost: 273.0
[2024-10-08 23:02:21,369][INFO] Step 60: size: 60, coverage: 88.50%, cost: 286.0
[2024-10-08 23:02:21,373][INFO] Step 61: size: 61, coverage: 89.00%, cost: 293.0
[2024-10-08 23:02:21,377][INFO] Step 62: size: 62, coverage: 89.50%, cost: 300.0
[2024-10-08 23:02:21,381][INFO] Step 63: size: 63, coverage: 90.00%, cost: 307.0
[2024-10-08 23:02:21,385][INFO] Step 64: size: 64, coverage: 90.50%, cost: 314.0
[2024-10-08 23:02:21,388][INFO] Step 65: size: 65, coverage: 91.00%, cost: 321.0
[2024-10-08 23:02:21,392][INFO] Step 66: size: 66, coverage: 92.00%, cost: 338.0
[2024-10-08 23:02:21,396][INFO] Step 67: size: 67, coverage: 92.50%, cost: 347.0
[2024-10-08 23:02:21,400][INFO] Step 68: size: 68, coverage: 93.00%, cost: 356.0
[2024-10-08 23:02:21,404][INFO] Step 69: size: 69, coverage: 93.50%, cost: 366.0
[2024-10-08 23:02:21,408][INFO] Step 70: size: 70, coverage: 94.00%, cost: 377.0
[2024-10-08 23:02:21,412][INFO] Step 71: size: 71, coverage: 94.50%, cost: 389.0
[2024-10-08 23:02:21,416][INFO] Step 72: size: 72, coverage: 95.00%, cost: 401.0
[2024-10-08 23:02:21,420][INFO] Step 73: size: 73, coverage: 95.50%, cost: 414.0
[2024-10-08 23:02:21,424][INFO] Step 74: size: 74, coverage: 96.00%, cost: 427.0
[2024-10-08 23:02:21,428][INFO] Step 75: size: 75, coverage: 96.50%, cost: 441.0
[2024-10-08 23:02:21,432][INFO] Step 76: size: 76, coverage: 97.00%, cost: 456.0
[2024-10-08 23:02:21,436][INFO] Step 77: size: 77, coverage: 97.50%, cost: 472.0
[2024-10-08 23:02:21,440][INFO] Step 78: size: 78, coverage: 98.00%, cost: 490.0
[2024-10-08 23:02:21,444][INFO] Step 79: size: 79, coverage: 98.50%, cost: 508.0
[2024-10-08 23:02:21,448][INFO] Step 80: size: 80, coverage: 99.00%, cost: 528.0
[2024-10-08 23:02:21,452][INFO] Step 81: size: 81, coverage: 99.50%, cost: 555.0
[2024-10-08 23:02:21,456][INFO] Step 82: size: 82, coverage: 100.00%, cost: 598.0
[2024-10-08 23:02:21,458][INFO] Size: 82 -> 75
[2024-10-08 23:02:21,458][INFO] Cost: 598.0 -> 582.0
[2024-10-08 23:07:15,004][INFO] Step 1: size: 1, coverage: 4.00%, cost: 1.0
[2024-10-08 23:07:15,007][INFO] Step 2: size: 2, coverage: 7.00%, cost: 2.0
[2024-10-08 23:07:15,011][INFO] Step 3: size: 3, coverage: 9.00%, cost: 3.0
[2024-10-08 23:07:15,014][INFO] Step 4: size: 4, coverage: 10.50%, cost: 4.0
[2024-10-08 23:07:15,017][INFO] Step 5: size: 5, coverage: 12.00%, cost: 5.0
[2024-10-08 23:07:15,020][INFO] Step 6: size: 6, coverage: 13.50%, cost: 6.0
[2024-10-08 23:07:15,024][INFO] Step 7: size: 7, coverage: 15.00%, cost: 7.0
[2024-10-08 23:07:15,027][INFO] Step 8: size: 8, coverage: 17.50%, cost: 9.0
[2024-10-08 23:07:15,030][INFO] Step 9: size: 9, coverage: 20.00%, cost: 11.0
[2024-10-08 23:07:15,033][INFO] Step 10: size: 10, coverage: 21.00%, cost: 12.0
[2024-10-08 23:07:15,037][INFO] Step 11: size: 11, coverage: 22.00%, cost: 13.0
[2024-10-08 23:07:15,040][INFO] Step 12: size: 12, coverage: 25.00%, cost: 16.0
[2024-10-08 23:07:15,043][INFO] Step 13: size: 13, coverage: 26.50%, cost: 18.0
[2024-10-08 23:07:15,047][INFO] Step 14: size: 14, coverage: 28.00%, cost: 20.0
[2024-10-08 23:07:15,050][INFO] Step 15: size: 15, coverage: 30.00%, cost: 23.0
[2024-10-08 23:07:15,053][INFO] Step 16: size: 16, coverage: 32.00%, cost: 26.0
[2024-10-08 23:07:15,057][INFO] Step 17: size: 17, coverage: 34.00%, cost: 29.0
[2024-10-08 23:07:15,060][INFO] Step 18: size: 18, coverage: 35.00%, cost: 31.0
[2024-10-08 23:07:15,064][INFO] Step 19: size: 19, coverage: 36.00%, cost: 33.0
[2024-10-08 23:07:15,067][INFO] Step 20: size: 20, coverage: 37.50%, cost: 36.0
[2024-10-08 23:07:15,070][INFO] Step 21: size: 21, coverage: 39.00%, cost: 39.0
[2024-10-08 23:07:15,074][INFO] Step 22: size: 22, coverage: 40.50%, cost: 42.0
[2024-10-08 23:07:15,077][INFO] Step 23: size: 23, coverage: 43.50%, cost: 48.0
[2024-10-08 23:07:15,080][INFO] Step 24: size: 24, coverage: 45.00%, cost: 52.0
[2024-10-08 23:07:15,084][INFO] Step 25: size: 25, coverage: 46.50%, cost: 56.0
[2024-10-08 23:07:15,087][INFO] Step 26: size: 26, coverage: 48.00%, cost: 60.0
[2024-10-08 23:07:15,091][INFO] Step 27: size: 27, coverage: 50.50%, cost: 67.0
[2024-10-08 23:07:15,094][INFO] Step 28: size: 28, coverage: 51.50%, cost: 70.0
[2024-10-08 23:07:15,097][INFO] Step 29: size: 29, coverage: 52.50%, cost: 73.0
[2024-10-08 23:07:15,101][INFO] Step 30: size: 30, coverage: 53.50%, cost: 76.0
[2024-10-08 23:07:15,104][INFO] Step 31: size: 31, coverage: 54.50%, cost: 79.0
[2024-10-08 23:07:15,108][INFO] Step 32: size: 32, coverage: 55.50%, cost: 82.0
[2024-10-08 23:07:15,111][INFO] Step 33: size: 33, coverage: 57.50%, cost: 88.0
[2024-10-08 23:07:15,115][INFO] Step 34: size: 34, coverage: 59.50%, cost: 94.0
[2024-10-08 23:07:15,118][INFO] Step 35: size: 35, coverage: 61.00%, cost: 99.0
[2024-10-08 23:07:15,122][INFO] Step 36: size: 36, coverage: 62.50%, cost: 104.0
[2024-10-08 23:07:15,125][INFO] Step 37: size: 37, coverage: 63.00%, cost: 106.0
[2024-10-08 23:07:15,129][INFO] Step 38: size: 38, coverage: 65.00%, cost: 115.0
[2024-10-08 23:07:15,132][INFO] Step 39: size: 39, coverage: 66.50%, cost: 122.0
[2024-10-08 23:07:15,136][INFO] Step 40: size: 40, coverage: 67.50%, cost: 127.0
[2024-10-08 23:07:15,139][INFO] Step 41: size: 41, coverage: 68.50%, cost: 132.0
[2024-10-08 23:07:15,143][INFO] Step 42: size: 42, coverage: 69.50%, cost: 137.0
[2024-10-08 23:07:15,146][INFO] Step 43: size: 43, coverage: 71.00%, cost: 145.0
[2024-10-08 23:07:15,150][INFO] Step 44: size: 44, coverage: 71.50%, cost: 148.0
[2024-10-08 23:07:15,153][INFO] Step 45: size: 45, coverage: 72.50%, cost: 154.0
[2024-10-08 23:07:15,157][INFO] Step 46: size: 46, coverage: 73.50%, cost: 160.0
[2024-10-08 23:07:15,160][INFO] Step 47: size: 47, coverage: 74.50%, cost: 166.0
[2024-10-08 23:07:15,164][INFO] Step 48: size: 48, coverage: 76.50%, cost: 178.0
[2024-10-08 23:07:15,168][INFO] Step 49: size: 49, coverage: 77.50%, cost: 185.0
[2024-10-08 23:07:15,171][INFO] Step 50: size: 50, coverage: 78.50%, cost: 192.0
[2024-10-08 23:07:15,175][INFO] Step 51: size: 51, coverage: 79.00%, cost: 196.0
[2024-10-08 23:07:15,179][INFO] Step 52: size: 52, coverage: 80.00%, cost: 204.0
[2024-10-08 23:07:15,182][INFO] Step 53: size: 53, coverage: 82.00%, cost: 221.0
[2024-10-08 23:07:15,186][INFO] Step 54: size: 54, coverage: 83.00%, cost: 230.0
[2024-10-08 23:07:15,190][INFO] Step 55: size: 55, coverage: 84.00%, cost: 239.0
[2024-10-08 23:07:15,193][INFO] Step 56: size: 56, coverage: 85.00%, cost: 248.0
[2024-10-08 23:07:15,197][INFO] Step 57: size: 57, coverage: 86.00%, cost: 257.0
[2024-10-08 23:07:15,201][INFO] Step 58: size: 58, coverage: 87.00%, cost: 267.0
[2024-10-08 23:07:15,205][INFO] Step 59: size: 59, coverage: 87.50%, cost: 273.0
[2024-10-08 23:07:15,208][INFO] Step 60: size: 60, coverage: 88.50%, cost: 286.0
[2024-10-08 23:07:15,212][INFO] Step 61: size: 61, coverage: 89.00%, cost: 293.0
[2024-10-08 23:07:15,216][INFO] Step 62: size: 62, coverage: 89.50%, cost: 300.0
[2024-10-08 23:07:15,220][INFO] Step 63: size: 63, coverage: 90.00%, cost: 307.0
[2024-10-08 23:07:15,224][INFO] Step 64: size: 64, coverage: 90.50%, cost: 314.0
[2024-10-08 23:07:15,227][INFO] Step 65: size: 65, coverage: 91.00%, cost: 321.0
[2024-10-08 23:07:15,231][INFO] Step 66: size: 66, coverage: 92.00%, cost: 338.0
[2024-10-08 23:07:15,235][INFO] Step 67: size: 67, coverage: 92.50%, cost: 347.0
[2024-10-08 23:07:15,239][INFO] Step 68: size: 68, coverage: 93.00%, cost: 356.0
[2024-10-08 23:07:15,243][INFO] Step 69: size: 69, coverage: 93.50%, cost: 366.0
[2024-10-08 23:07:15,247][INFO] Step 70: size: 70, coverage: 94.00%, cost: 377.0
[2024-10-08 23:07:15,251][INFO] Step 71: size: 71, coverage: 94.50%, cost: 389.0
[2024-10-08 23:07:15,255][INFO] Step 72: size: 72, coverage: 95.00%, cost: 401.0
[2024-10-08 23:07:15,259][INFO] Step 73: size: 73, coverage: 95.50%, cost: 414.0
[2024-10-08 23:07:15,263][INFO] Step 74: size: 74, coverage: 96.00%, cost: 427.0
[2024-10-08 23:07:15,267][INFO] Step 75: size: 75, coverage: 96.50%, cost: 441.0
[2024-10-08 23:07:15,271][INFO] Step 76: size: 76, coverage: 97.00%, cost: 456.0
[2024-10-08 23:07:15,275][INFO] Step 77: size: 77, coverage: 97.50%, cost: 472.0
[2024-10-08 23:07:15,279][INFO] Step 78: size: 78, coverage: 98.00%, cost: 490.0
[2024-10-08 23:07:15,283][INFO] Step 79: size: 79, coverage: 98.50%, cost: 508.0
[2024-10-08 23:07:15,287][INFO] Step 80: size: 80, coverage: 99.00%, cost: 528.0
[2024-10-08 23:07:15,291][INFO] Step 81: size: 81, coverage: 99.50%, cost: 555.0
[2024-10-08 23:07:15,295][INFO] Step 82: size: 82, coverage: 100.00%, cost: 598.0
[2024-10-08 23:07:15,297][INFO] Size: 82 -> 75
[2024-10-08 23:07:15,297][INFO] Cost: 598.0 -> 582.0
