[2024-10-06 17:31:15,639][INFO] Step 1: size: 1, coverage: 3.50%, cost: 1.0
[2024-10-06 17:31:15,642][INFO] Step 2: size: 2, coverage: 6.50%, cost: 2.0
[2024-10-06 17:31:15,646][INFO] Step 3: size: 3, coverage: 8.00%, cost: 3.0
[2024-10-06 17:31:15,649][INFO] Step 4: size: 4, coverage: 9.50%, cost: 4.0
[2024-10-06 17:31:15,652][INFO] Step 5: size: 5, coverage: 11.00%, cost: 5.0
[2024-10-06 17:31:15,655][INFO] Step 6: size: 6, coverage: 12.50%, cost: 6.0
[2024-10-06 17:31:15,659][INFO] Step 7: size: 7, coverage: 14.00%, cost: 7.0
[2024-10-06 17:31:15,662][INFO] Step 8: size: 8, coverage: 15.00%, cost: 8.0
[2024-10-06 17:31:15,665][INFO] Step 9: size: 9, coverage: 16.00%, cost: 9.0
[2024-10-06 17:31:15,668][INFO] Step 10: size: 10, coverage: 18.00%, cost: 11.0
[2024-10-06 17:31:15,672][INFO] Step 11: size: 11, coverage: 20.00%, cost: 13.0
[2024-10-06 17:31:15,675][INFO] Step 12: size: 12, coverage: 23.50%, cost: 17.0
[2024-10-06 17:31:15,678][INFO] Step 13: size: 13, coverage: 26.00%, cost: 20.0
[2024-10-06 17:31:15,682][INFO] Step 14: size: 14, coverage: 27.50%, cost: 22.0
[2024-10-06 17:31:15,685][INFO] Step 15: size: 15, coverage: 29.00%, cost: 24.0
[2024-10-06 17:31:15,688][INFO] Step 16: size: 16, coverage: 31.00%, cost: 27.0
[2024-10-06 17:31:15,691][INFO] Step 17: size: 17, coverage: 33.00%, cost: 30.0
[2024-10-06 17:31:15,695][INFO] Step 18: size: 18, coverage: 33.50%, cost: 31.0
[2024-10-06 17:31:15,698][INFO] Step 19: size: 19, coverage: 34.00%, cost: 32.0
[2024-10-06 17:31:15,702][INFO] Step 20: size: 20, coverage: 35.00%, cost: 34.0
[2024-10-06 17:31:15,705][INFO] Step 21: size: 21, coverage: 36.00%, cost: 36.0
[2024-10-06 17:31:15,708][INFO] Step 22: size: 22, coverage: 37.00%, cost: 38.0
[2024-10-06 17:31:15,712][INFO] Step 23: size: 23, coverage: 38.50%, cost: 41.0
[2024-10-06 17:31:15,715][INFO] Step 24: size: 24, coverage: 40.00%, cost: 44.0
[2024-10-06 17:31:15,718][INFO] Step 25: size: 25, coverage: 41.50%, cost: 47.0
[2024-10-06 17:31:15,722][INFO] Step 26: size: 26, coverage: 43.50%, cost: 51.0
[2024-10-06 17:31:15,725][INFO] Step 27: size: 27, coverage: 45.00%, cost: 55.0
[2024-10-06 17:31:15,728][INFO] Step 28: size: 28, coverage: 46.50%, cost: 59.0
[2024-10-06 17:31:15,732][INFO] Step 29: size: 29, coverage: 47.50%, cost: 62.0
[2024-10-06 17:31:15,735][INFO] Step 30: size: 30, coverage: 49.50%, cost: 68.0
[2024-10-06 17:31:15,739][INFO] Step 31: size: 31, coverage: 51.00%, cost: 73.0
[2024-10-06 17:31:15,742][INFO] Step 32: size: 32, coverage: 52.50%, cost: 78.0
[2024-10-06 17:31:15,745][INFO] Step 33: size: 33, coverage: 54.00%, cost: 83.0
[2024-10-06 17:31:15,749][INFO] Step 34: size: 34, coverage: 55.50%, cost: 88.0
[2024-10-06 17:31:15,752][INFO] Step 35: size: 35, coverage: 56.00%, cost: 90.0
[2024-10-06 17:31:15,756][INFO] Step 36: size: 36, coverage: 57.00%, cost: 94.0
[2024-10-06 17:31:15,759][INFO] Step 37: size: 37, coverage: 60.00%, cost: 107.0
[2024-10-06 17:31:15,763][INFO] Step 38: size: 38, coverage: 60.50%, cost: 110.0
[2024-10-06 17:31:15,766][INFO] Step 39: size: 39, coverage: 61.00%, cost: 113.0
[2024-10-06 17:31:15,770][INFO] Step 40: size: 40, coverage: 62.00%, cost: 119.0
[2024-10-06 17:31:15,773][INFO] Step 41: size: 41, coverage: 63.00%, cost: 125.0
[2024-10-06 17:31:15,777][INFO] Step 42: size: 42, coverage: 64.00%, cost: 131.0
[2024-10-06 17:31:15,780][INFO] Step 43: size: 43, coverage: 65.50%, cost: 141.0
[2024-10-06 17:31:15,784][INFO] Step 44: size: 44, coverage: 67.00%, cost: 151.0
[2024-10-06 17:31:15,787][INFO] Step 45: size: 45, coverage: 69.50%, cost: 168.0
[2024-10-06 17:31:15,791][INFO] Step 46: size: 46, coverage: 70.50%, cost: 175.0
[2024-10-06 17:31:15,794][INFO] Step 47: size: 47, coverage: 71.50%, cost: 183.0
[2024-10-06 17:31:15,798][INFO] Step 48: size: 48, coverage: 72.50%, cost: 191.0
[2024-10-06 17:31:15,801][INFO] Step 49: size: 49, coverage: 74.00%, cost: 203.0
[2024-10-06 17:31:15,805][INFO] Step 50: size: 50, coverage: 76.50%, cost: 227.0
[2024-10-06 17:31:15,808][INFO] Step 51: size: 51, coverage: 77.00%, cost: 232.0
[2024-10-06 17:31:15,812][INFO] Step 52: size: 52, coverage: 78.00%, cost: 242.0
[2024-10-06 17:31:15,816][INFO] Step 53: size: 53, coverage: 79.00%, cost: 253.0
[2024-10-06 17:31:15,819][INFO] Step 54: size: 54, coverage: 81.00%, cost: 276.0
[2024-10-06 17:31:15,823][INFO] Step 55: size: 55, coverage: 81.50%, cost: 282.0
[2024-10-06 17:31:15,827][INFO] Step 56: size: 56, coverage: 82.00%, cost: 288.0
[2024-10-06 17:31:15,830][INFO] Step 57: size: 57, coverage: 82.50%, cost: 294.0
[2024-10-06 17:31:15,834][INFO] Step 58: size: 58, coverage: 83.00%, cost: 300.0
[2024-10-06 17:31:15,838][INFO] Step 59: size: 59, coverage: 84.00%, cost: 313.0
[2024-10-06 17:31:15,842][INFO] Step 60: size: 60, coverage: 84.50%, cost: 320.0
[2024-10-06 17:31:15,845][INFO] Step 61: size: 61, coverage: 85.00%, cost: 327.0
[2024-10-06 17:31:15,849][INFO] Step 62: size: 62, coverage: 85.50%, cost: 334.0
[2024-10-06 17:31:15,853][INFO] Step 63: size: 63, coverage: 86.50%, cost: 348.0
[2024-10-06 17:31:15,857][INFO] Step 64: size: 64, coverage: 87.50%, cost: 362.0
[2024-10-06 17:31:15,860][INFO] Step 65: size: 65, coverage: 89.00%, cost: 384.0
[2024-10-06 17:31:15,864][INFO] Step 66: size: 66, coverage: 89.50%, cost: 393.0
[2024-10-06 17:31:15,868][INFO] Step 67: size: 67, coverage: 90.50%, cost: 412.0
[2024-10-06 17:31:15,872][INFO] Step 68: size: 68, coverage: 91.00%, cost: 423.0
[2024-10-06 17:31:15,876][INFO] Step 69: size: 69, coverage: 91.50%, cost: 434.0
[2024-10-06 17:31:15,880][INFO] Step 70: size: 70, coverage: 92.00%, cost: 446.0
[2024-10-06 17:31:15,883][INFO] Step 71: size: 71, coverage: 92.50%, cost: 458.0
[2024-10-06 17:31:15,887][INFO] Step 72: size: 72, coverage: 93.00%, cost: 472.0
[2024-10-06 17:31:15,891][INFO] Step 73: size: 73, coverage: 93.50%, cost: 486.0
[2024-10-06 17:31:15,895][INFO] Step 74: size: 74, coverage: 94.00%, cost: 500.0
[2024-10-06 17:31:15,899][INFO] Step 75: size: 75, coverage: 94.50%, cost: 514.0
[2024-10-06 17:31:15,903][INFO] Step 76: size: 76, coverage: 95.00%, cost: 529.0
[2024-10-06 17:31:15,907][INFO] Step 77: size: 77, coverage: 95.50%, cost: 544.0
[2024-10-06 17:31:15,911][INFO] Step 78: size: 78, coverage: 96.50%, cost: 574.0
[2024-10-06 17:31:15,915][INFO] Step 79: size: 79, coverage: 97.00%, cost: 590.0
[2024-10-06 17:31:15,919][INFO] Step 80: size: 80, coverage: 97.50%, cost: 608.0
[2024-10-06 17:31:15,923][INFO] Step 81: size: 81, coverage: 98.00%, cost: 626.0
[2024-10-06 17:31:15,927][INFO] Step 82: size: 82, coverage: 98.50%, cost: 647.0
[2024-10-06 17:31:15,931][INFO] Step 83: size: 83, coverage: 99.00%, cost: 673.0
[2024-10-06 17:31:15,935][INFO] Step 84: size: 84, coverage: 99.50%, cost: 704.0
[2024-10-06 17:31:15,939][INFO] Step 85: size: 85, coverage: 100.00%, cost: 747.0
[2024-10-06 18:50:09,377][INFO] Step 1: size: 1, coverage: 3.50%, cost: 1.0
[2024-10-06 18:50:09,380][INFO] Step 2: size: 2, coverage: 6.50%, cost: 2.0
[2024-10-06 18:50:09,383][INFO] Step 3: size: 3, coverage: 8.00%, cost: 3.0
[2024-10-06 18:50:09,386][INFO] Step 4: size: 4, coverage: 9.50%, cost: 4.0
[2024-10-06 18:50:09,389][INFO] Step 5: size: 5, coverage: 11.00%, cost: 5.0
[2024-10-06 18:50:09,393][INFO] Step 6: size: 6, coverage: 12.50%, cost: 6.0
[2024-10-06 18:50:09,396][INFO] Step 7: size: 7, coverage: 14.00%, cost: 7.0
[2024-10-06 18:50:09,399][INFO] Step 8: size: 8, coverage: 15.00%, cost: 8.0
[2024-10-06 18:50:09,402][INFO] Step 9: size: 9, coverage: 16.00%, cost: 9.0
[2024-10-06 18:50:09,406][INFO] Step 10: size: 10, coverage: 18.00%, cost: 11.0
[2024-10-06 18:50:09,409][INFO] Step 11: size: 11, coverage: 20.00%, cost: 13.0
[2024-10-06 18:50:09,412][INFO] Step 12: size: 12, coverage: 23.50%, cost: 17.0
[2024-10-06 18:50:09,416][INFO] Step 13: size: 13, coverage: 26.00%, cost: 20.0
[2024-10-06 18:50:09,419][INFO] Step 14: size: 14, coverage: 27.50%, cost: 22.0
[2024-10-06 18:50:09,422][INFO] Step 15: size: 15, coverage: 29.00%, cost: 24.0
[2024-10-06 18:50:09,425][INFO] Step 16: size: 16, coverage: 31.00%, cost: 27.0
[2024-10-06 18:50:09,429][INFO] Step 17: size: 17, coverage: 33.00%, cost: 30.0
[2024-10-06 18:50:09,432][INFO] Step 18: size: 18, coverage: 33.50%, cost: 31.0
[2024-10-06 18:50:09,435][INFO] Step 19: size: 19, coverage: 34.00%, cost: 32.0
[2024-10-06 18:50:09,439][INFO] Step 20: size: 20, coverage: 35.00%, cost: 34.0
[2024-10-06 18:50:09,442][INFO] Step 21: size: 21, coverage: 36.00%, cost: 36.0
[2024-10-06 18:50:09,445][INFO] Step 22: size: 22, coverage: 37.00%, cost: 38.0
[2024-10-06 18:50:09,449][INFO] Step 23: size: 23, coverage: 38.50%, cost: 41.0
[2024-10-06 18:50:09,452][INFO] Step 24: size: 24, coverage: 40.00%, cost: 44.0
[2024-10-06 18:50:09,455][INFO] Step 25: size: 25, coverage: 41.50%, cost: 47.0
[2024-10-06 18:50:09,459][INFO] Step 26: size: 26, coverage: 43.50%, cost: 51.0
[2024-10-06 18:50:09,462][INFO] Step 27: size: 27, coverage: 45.00%, cost: 55.0
[2024-10-06 18:50:09,465][INFO] Step 28: size: 28, coverage: 46.50%, cost: 59.0
[2024-10-06 18:50:09,469][INFO] Step 29: size: 29, coverage: 47.50%, cost: 62.0
[2024-10-06 18:50:09,472][INFO] Step 30: size: 30, coverage: 49.50%, cost: 68.0
[2024-10-06 18:50:09,476][INFO] Step 31: size: 31, coverage: 51.00%, cost: 73.0
[2024-10-06 18:50:09,479][INFO] Step 32: size: 32, coverage: 52.50%, cost: 78.0
[2024-10-06 18:50:09,482][INFO] Step 33: size: 33, coverage: 54.00%, cost: 83.0
[2024-10-06 18:50:09,486][INFO] Step 34: size: 34, coverage: 55.50%, cost: 88.0
[2024-10-06 18:50:09,489][INFO] Step 35: size: 35, coverage: 56.00%, cost: 90.0
[2024-10-06 18:50:09,493][INFO] Step 36: size: 36, coverage: 57.00%, cost: 94.0
[2024-10-06 18:50:09,496][INFO] Step 37: size: 37, coverage: 60.00%, cost: 107.0
[2024-10-06 18:50:09,500][INFO] Step 38: size: 38, coverage: 60.50%, cost: 110.0
[2024-10-06 18:50:09,503][INFO] Step 39: size: 39, coverage: 61.00%, cost: 113.0
[2024-10-06 18:50:09,507][INFO] Step 40: size: 40, coverage: 62.00%, cost: 119.0
[2024-10-06 18:50:09,510][INFO] Step 41: size: 41, coverage: 63.00%, cost: 125.0
[2024-10-06 18:50:09,514][INFO] Step 42: size: 42, coverage: 64.00%, cost: 131.0
[2024-10-06 18:50:09,517][INFO] Step 43: size: 43, coverage: 65.50%, cost: 141.0
[2024-10-06 18:50:09,521][INFO] Step 44: size: 44, coverage: 67.00%, cost: 151.0
[2024-10-06 18:50:09,524][INFO] Step 45: size: 45, coverage: 69.50%, cost: 168.0
[2024-10-06 18:50:09,528][INFO] Step 46: size: 46, coverage: 70.50%, cost: 175.0
[2024-10-06 18:50:09,531][INFO] Step 47: size: 47, coverage: 71.50%, cost: 183.0
[2024-10-06 18:50:09,535][INFO] Step 48: size: 48, coverage: 72.50%, cost: 191.0
[2024-10-06 18:50:09,539][INFO] Step 49: size: 49, coverage: 74.00%, cost: 203.0
[2024-10-06 18:50:09,542][INFO] Step 50: size: 50, coverage: 76.50%, cost: 227.0
[2024-10-06 18:50:09,546][INFO] Step 51: size: 51, coverage: 77.00%, cost: 232.0
[2024-10-06 18:50:09,549][INFO] Step 52: size: 52, coverage: 78.00%, cost: 242.0
[2024-10-06 18:50:09,553][INFO] Step 53: size: 53, coverage: 79.00%, cost: 253.0
[2024-10-06 18:50:09,557][INFO] Step 54: size: 54, coverage: 81.00%, cost: 276.0
[2024-10-06 18:50:09,560][INFO] Step 55: size: 55, coverage: 81.50%, cost: 282.0
[2024-10-06 18:50:09,564][INFO] Step 56: size: 56, coverage: 82.00%, cost: 288.0
[2024-10-06 18:50:09,568][INFO] Step 57: size: 57, coverage: 82.50%, cost: 294.0
[2024-10-06 18:50:09,571][INFO] Step 58: size: 58, coverage: 83.00%, cost: 300.0
[2024-10-06 18:50:09,575][INFO] Step 59: size: 59, coverage: 84.00%, cost: 313.0
[2024-10-06 18:50:09,579][INFO] Step 60: size: 60, coverage: 84.50%, cost: 320.0
[2024-10-06 18:50:09,583][INFO] Step 61: size: 61, coverage: 85.00%, cost: 327.0
[2024-10-06 18:50:09,586][INFO] Step 62: size: 62, coverage: 85.50%, cost: 334.0
[2024-10-06 18:50:09,590][INFO] Step 63: size: 63, coverage: 86.50%, cost: 348.0
[2024-10-06 18:50:09,594][INFO] Step 64: size: 64, coverage: 87.50%, cost: 362.0
[2024-10-06 18:50:09,598][INFO] Step 65: size: 65, coverage: 89.00%, cost: 384.0
[2024-10-06 18:50:09,602][INFO] Step 66: size: 66, coverage: 89.50%, cost: 393.0
[2024-10-06 18:50:09,605][INFO] Step 67: size: 67, coverage: 90.50%, cost: 412.0
[2024-10-06 18:50:09,609][INFO] Step 68: size: 68, coverage: 91.00%, cost: 423.0
[2024-10-06 18:50:09,613][INFO] Step 69: size: 69, coverage: 91.50%, cost: 434.0
[2024-10-06 18:50:09,617][INFO] Step 70: size: 70, coverage: 92.00%, cost: 446.0
[2024-10-06 18:50:09,621][INFO] Step 71: size: 71, coverage: 92.50%, cost: 458.0
[2024-10-06 18:50:09,625][INFO] Step 72: size: 72, coverage: 93.00%, cost: 472.0
[2024-10-06 18:50:09,629][INFO] Step 73: size: 73, coverage: 93.50%, cost: 486.0
[2024-10-06 18:50:09,633][INFO] Step 74: size: 74, coverage: 94.00%, cost: 500.0
[2024-10-06 18:50:09,636][INFO] Step 75: size: 75, coverage: 94.50%, cost: 514.0
[2024-10-06 18:50:09,640][INFO] Step 76: size: 76, coverage: 95.00%, cost: 529.0
[2024-10-06 18:50:09,644][INFO] Step 77: size: 77, coverage: 95.50%, cost: 544.0
[2024-10-06 18:50:09,648][INFO] Step 78: size: 78, coverage: 96.50%, cost: 574.0
[2024-10-06 18:50:09,652][INFO] Step 79: size: 79, coverage: 97.00%, cost: 590.0
[2024-10-06 18:50:09,656][INFO] Step 80: size: 80, coverage: 97.50%, cost: 608.0
[2024-10-06 18:50:09,660][INFO] Step 81: size: 81, coverage: 98.00%, cost: 626.0
[2024-10-06 18:50:09,664][INFO] Step 82: size: 82, coverage: 98.50%, cost: 647.0
[2024-10-06 18:50:09,669][INFO] Step 83: size: 83, coverage: 99.00%, cost: 673.0
[2024-10-06 18:50:09,673][INFO] Step 84: size: 84, coverage: 99.50%, cost: 704.0
[2024-10-06 18:50:09,677][INFO] Step 85: size: 85, coverage: 100.00%, cost: 747.0
[2024-10-06 18:50:09,679][INFO] Size: 85 -> 74
[2024-10-06 18:50:09,679][INFO] Cost: 747.0 -> 709.0
[2024-10-06 18:50:09,679][INFO] Pruned solution: [np.int64(1), np.int64(3), np.int64(6), np.int64(4), np.int64(11), np.int64(29), np.int64(13), np.int64(19), np.int64(9), np.int64(15), np.int64(17), np.int64(22), np.int64(31), np.int64(34), np.int64(44), np.int64(37), np.int64(40), np.int64(32), np.int64(26), np.int64(45), np.int64(49), np.int64(79), np.int64(56), np.int64(68), np.int64(229), np.int64(82), np.int64(218), np.int64(50), np.int64(53), np.int64(54), np.int64(60), np.int64(120), np.int64(75), np.int64(87), np.int64(101), np.int64(115), np.int64(123), np.int64(128), np.int64(279), np.int64(164), np.int64(201), np.int64(287), np.int64(0), np.int64(8), np.int64(16), np.int64(30), np.int64(38), np.int64(107), np.int64(145), np.int64(98), np.int64(89), np.int64(110), np.int64(117), np.int64(174), np.int64(102), np.int64(124), np.int64(141), np.int64(241), np.int64(5), np.int64(20), np.int64(18), np.int64(67), np.int64(51), np.int64(204), np.int64(118), np.int64(167), np.int64(25), np.int64(27), np.int64(58), np.int64(129), np.int64(36), np.int64(88), np.int64(41), np.int64(400)]
[2024-10-06 18:52:30,840][INFO] Step 1: size: 1, coverage: 3.50%, cost: 1.0
[2024-10-06 18:52:30,843][INFO] Step 2: size: 2, coverage: 6.50%, cost: 2.0
[2024-10-06 18:52:30,847][INFO] Step 3: size: 3, coverage: 8.00%, cost: 3.0
[2024-10-06 18:52:30,850][INFO] Step 4: size: 4, coverage: 9.50%, cost: 4.0
[2024-10-06 18:52:30,853][INFO] Step 5: size: 5, coverage: 11.00%, cost: 5.0
[2024-10-06 18:52:30,857][INFO] Step 6: size: 6, coverage: 12.50%, cost: 6.0
[2024-10-06 18:52:30,860][INFO] Step 7: size: 7, coverage: 14.00%, cost: 7.0
[2024-10-06 18:52:30,863][INFO] Step 8: size: 8, coverage: 15.00%, cost: 8.0
[2024-10-06 18:52:30,867][INFO] Step 9: size: 9, coverage: 16.00%, cost: 9.0
[2024-10-06 18:52:30,870][INFO] Step 10: size: 10, coverage: 18.00%, cost: 11.0
[2024-10-06 18:52:30,873][INFO] Step 11: size: 11, coverage: 20.00%, cost: 13.0
[2024-10-06 18:52:30,877][INFO] Step 12: size: 12, coverage: 23.50%, cost: 17.0
[2024-10-06 18:52:30,880][INFO] Step 13: size: 13, coverage: 26.00%, cost: 20.0
[2024-10-06 18:52:30,883][INFO] Step 14: size: 14, coverage: 27.50%, cost: 22.0
[2024-10-06 18:52:30,887][INFO] Step 15: size: 15, coverage: 29.00%, cost: 24.0
[2024-10-06 18:52:30,890][INFO] Step 16: size: 16, coverage: 31.00%, cost: 27.0
[2024-10-06 18:52:30,894][INFO] Step 17: size: 17, coverage: 33.00%, cost: 30.0
[2024-10-06 18:52:30,897][INFO] Step 18: size: 18, coverage: 33.50%, cost: 31.0
[2024-10-06 18:52:30,900][INFO] Step 19: size: 19, coverage: 34.00%, cost: 32.0
[2024-10-06 18:52:30,904][INFO] Step 20: size: 20, coverage: 35.00%, cost: 34.0
[2024-10-06 18:52:30,907][INFO] Step 21: size: 21, coverage: 36.00%, cost: 36.0
[2024-10-06 18:52:30,911][INFO] Step 22: size: 22, coverage: 37.00%, cost: 38.0
[2024-10-06 18:52:30,914][INFO] Step 23: size: 23, coverage: 38.50%, cost: 41.0
[2024-10-06 18:52:30,918][INFO] Step 24: size: 24, coverage: 40.00%, cost: 44.0
[2024-10-06 18:52:30,921][INFO] Step 25: size: 25, coverage: 41.50%, cost: 47.0
[2024-10-06 18:52:30,925][INFO] Step 26: size: 26, coverage: 43.50%, cost: 51.0
[2024-10-06 18:52:30,928][INFO] Step 27: size: 27, coverage: 45.00%, cost: 55.0
[2024-10-06 18:52:30,932][INFO] Step 28: size: 28, coverage: 46.50%, cost: 59.0
[2024-10-06 18:52:30,935][INFO] Step 29: size: 29, coverage: 47.50%, cost: 62.0
[2024-10-06 18:52:30,939][INFO] Step 30: size: 30, coverage: 49.50%, cost: 68.0
[2024-10-06 18:52:30,942][INFO] Step 31: size: 31, coverage: 51.00%, cost: 73.0
[2024-10-06 18:52:30,946][INFO] Step 32: size: 32, coverage: 52.50%, cost: 78.0
[2024-10-06 18:52:30,949][INFO] Step 33: size: 33, coverage: 54.00%, cost: 83.0
[2024-10-06 18:52:30,953][INFO] Step 34: size: 34, coverage: 55.50%, cost: 88.0
[2024-10-06 18:52:30,956][INFO] Step 35: size: 35, coverage: 56.00%, cost: 90.0
[2024-10-06 18:52:30,960][INFO] Step 36: size: 36, coverage: 57.00%, cost: 94.0
[2024-10-06 18:52:30,963][INFO] Step 37: size: 37, coverage: 60.00%, cost: 107.0
[2024-10-06 18:52:30,967][INFO] Step 38: size: 38, coverage: 60.50%, cost: 110.0
[2024-10-06 18:52:30,970][INFO] Step 39: size: 39, coverage: 61.00%, cost: 113.0
[2024-10-06 18:52:30,974][INFO] Step 40: size: 40, coverage: 62.00%, cost: 119.0
[2024-10-06 18:52:30,978][INFO] Step 41: size: 41, coverage: 63.00%, cost: 125.0
[2024-10-06 18:52:30,981][INFO] Step 42: size: 42, coverage: 64.00%, cost: 131.0
[2024-10-06 18:52:30,985][INFO] Step 43: size: 43, coverage: 65.50%, cost: 141.0
[2024-10-06 18:52:30,989][INFO] Step 44: size: 44, coverage: 67.00%, cost: 151.0
[2024-10-06 18:52:30,992][INFO] Step 45: size: 45, coverage: 69.50%, cost: 168.0
[2024-10-06 18:52:30,996][INFO] Step 46: size: 46, coverage: 70.50%, cost: 175.0
[2024-10-06 18:52:31,000][INFO] Step 47: size: 47, coverage: 71.50%, cost: 183.0
[2024-10-06 18:52:31,003][INFO] Step 48: size: 48, coverage: 72.50%, cost: 191.0
[2024-10-06 18:52:31,007][INFO] Step 49: size: 49, coverage: 74.00%, cost: 203.0
[2024-10-06 18:52:31,010][INFO] Step 50: size: 50, coverage: 76.50%, cost: 227.0
[2024-10-06 18:52:31,014][INFO] Step 51: size: 51, coverage: 77.00%, cost: 232.0
[2024-10-06 18:52:31,018][INFO] Step 52: size: 52, coverage: 78.00%, cost: 242.0
[2024-10-06 18:52:31,022][INFO] Step 53: size: 53, coverage: 79.00%, cost: 253.0
[2024-10-06 18:52:31,026][INFO] Step 54: size: 54, coverage: 81.00%, cost: 276.0
[2024-10-06 18:52:31,029][INFO] Step 55: size: 55, coverage: 81.50%, cost: 282.0
[2024-10-06 18:52:31,033][INFO] Step 56: size: 56, coverage: 82.00%, cost: 288.0
[2024-10-06 18:52:31,037][INFO] Step 57: size: 57, coverage: 82.50%, cost: 294.0
[2024-10-06 18:52:31,041][INFO] Step 58: size: 58, coverage: 83.00%, cost: 300.0
[2024-10-06 18:52:31,044][INFO] Step 59: size: 59, coverage: 84.00%, cost: 313.0
[2024-10-06 18:52:31,048][INFO] Step 60: size: 60, coverage: 84.50%, cost: 320.0
[2024-10-06 18:52:31,052][INFO] Step 61: size: 61, coverage: 85.00%, cost: 327.0
[2024-10-06 18:52:31,056][INFO] Step 62: size: 62, coverage: 85.50%, cost: 334.0
[2024-10-06 18:52:31,060][INFO] Step 63: size: 63, coverage: 86.50%, cost: 348.0
[2024-10-06 18:52:31,064][INFO] Step 64: size: 64, coverage: 87.50%, cost: 362.0
[2024-10-06 18:52:31,068][INFO] Step 65: size: 65, coverage: 89.00%, cost: 384.0
[2024-10-06 18:52:31,071][INFO] Step 66: size: 66, coverage: 89.50%, cost: 393.0
[2024-10-06 18:52:31,075][INFO] Step 67: size: 67, coverage: 90.50%, cost: 412.0
[2024-10-06 18:52:31,079][INFO] Step 68: size: 68, coverage: 91.00%, cost: 423.0
[2024-10-06 18:52:31,083][INFO] Step 69: size: 69, coverage: 91.50%, cost: 434.0
[2024-10-06 18:52:31,087][INFO] Step 70: size: 70, coverage: 92.00%, cost: 446.0
[2024-10-06 18:52:31,091][INFO] Step 71: size: 71, coverage: 92.50%, cost: 458.0
[2024-10-06 18:52:31,095][INFO] Step 72: size: 72, coverage: 93.00%, cost: 472.0
[2024-10-06 18:52:31,099][INFO] Step 73: size: 73, coverage: 93.50%, cost: 486.0
[2024-10-06 18:52:31,103][INFO] Step 74: size: 74, coverage: 94.00%, cost: 500.0
[2024-10-06 18:52:31,107][INFO] Step 75: size: 75, coverage: 94.50%, cost: 514.0
[2024-10-06 18:52:31,111][INFO] Step 76: size: 76, coverage: 95.00%, cost: 529.0
[2024-10-06 18:52:31,115][INFO] Step 77: size: 77, coverage: 95.50%, cost: 544.0
[2024-10-06 18:52:31,119][INFO] Step 78: size: 78, coverage: 96.50%, cost: 574.0
[2024-10-06 18:52:31,124][INFO] Step 79: size: 79, coverage: 97.00%, cost: 590.0
[2024-10-06 18:52:31,128][INFO] Step 80: size: 80, coverage: 97.50%, cost: 608.0
[2024-10-06 18:52:31,132][INFO] Step 81: size: 81, coverage: 98.00%, cost: 626.0
[2024-10-06 18:52:31,136][INFO] Step 82: size: 82, coverage: 98.50%, cost: 647.0
[2024-10-06 18:52:31,140][INFO] Step 83: size: 83, coverage: 99.00%, cost: 673.0
[2024-10-06 18:52:31,144][INFO] Step 84: size: 84, coverage: 99.50%, cost: 704.0
[2024-10-06 18:52:31,149][INFO] Step 85: size: 85, coverage: 100.00%, cost: 747.0
[2024-10-06 18:52:31,151][INFO] Size: 85 -> 74
[2024-10-06 18:52:31,151][INFO] Cost: 747.0 -> 709.0
[2024-10-06 18:55:42,233][INFO] Step 1: size: 1, coverage: 3.50%, cost: 1.0
[2024-10-06 18:55:42,236][INFO] Step 2: size: 2, coverage: 6.50%, cost: 2.0
[2024-10-06 18:55:42,239][INFO] Step 3: size: 3, coverage: 8.00%, cost: 3.0
[2024-10-06 18:55:42,242][INFO] Step 4: size: 4, coverage: 9.50%, cost: 4.0
[2024-10-06 18:55:42,246][INFO] Step 5: size: 5, coverage: 11.00%, cost: 5.0
[2024-10-06 18:55:42,249][INFO] Step 6: size: 6, coverage: 12.50%, cost: 6.0
[2024-10-06 18:55:42,252][INFO] Step 7: size: 7, coverage: 14.00%, cost: 7.0
[2024-10-06 18:55:42,255][INFO] Step 8: size: 8, coverage: 15.00%, cost: 8.0
[2024-10-06 18:55:42,259][INFO] Step 9: size: 9, coverage: 16.00%, cost: 9.0
[2024-10-06 18:55:42,262][INFO] Step 10: size: 10, coverage: 18.00%, cost: 11.0
[2024-10-06 18:55:42,265][INFO] Step 11: size: 11, coverage: 20.00%, cost: 13.0
[2024-10-06 18:55:42,268][INFO] Step 12: size: 12, coverage: 23.50%, cost: 17.0
[2024-10-06 18:55:42,272][INFO] Step 13: size: 13, coverage: 26.00%, cost: 20.0
[2024-10-06 18:55:42,275][INFO] Step 14: size: 14, coverage: 27.50%, cost: 22.0
[2024-10-06 18:55:42,278][INFO] Step 15: size: 15, coverage: 29.00%, cost: 24.0
[2024-10-06 18:55:42,282][INFO] Step 16: size: 16, coverage: 31.00%, cost: 27.0
[2024-10-06 18:55:42,285][INFO] Step 17: size: 17, coverage: 33.00%, cost: 30.0
[2024-10-06 18:55:42,288][INFO] Step 18: size: 18, coverage: 33.50%, cost: 31.0
[2024-10-06 18:55:42,292][INFO] Step 19: size: 19, coverage: 34.00%, cost: 32.0
[2024-10-06 18:55:42,295][INFO] Step 20: size: 20, coverage: 35.00%, cost: 34.0
[2024-10-06 18:55:42,298][INFO] Step 21: size: 21, coverage: 36.00%, cost: 36.0
[2024-10-06 18:55:42,302][INFO] Step 22: size: 22, coverage: 37.00%, cost: 38.0
[2024-10-06 18:55:42,305][INFO] Step 23: size: 23, coverage: 38.50%, cost: 41.0
[2024-10-06 18:55:42,308][INFO] Step 24: size: 24, coverage: 40.00%, cost: 44.0
[2024-10-06 18:55:42,312][INFO] Step 25: size: 25, coverage: 41.50%, cost: 47.0
[2024-10-06 18:55:42,315][INFO] Step 26: size: 26, coverage: 43.50%, cost: 51.0
[2024-10-06 18:55:42,318][INFO] Step 27: size: 27, coverage: 45.00%, cost: 55.0
[2024-10-06 18:55:42,322][INFO] Step 28: size: 28, coverage: 46.50%, cost: 59.0
[2024-10-06 18:55:42,325][INFO] Step 29: size: 29, coverage: 47.50%, cost: 62.0
[2024-10-06 18:55:42,328][INFO] Step 30: size: 30, coverage: 49.50%, cost: 68.0
[2024-10-06 18:55:42,332][INFO] Step 31: size: 31, coverage: 51.00%, cost: 73.0
[2024-10-06 18:55:42,335][INFO] Step 32: size: 32, coverage: 52.50%, cost: 78.0
[2024-10-06 18:55:42,339][INFO] Step 33: size: 33, coverage: 54.00%, cost: 83.0
[2024-10-06 18:55:42,342][INFO] Step 34: size: 34, coverage: 55.50%, cost: 88.0
[2024-10-06 18:55:42,345][INFO] Step 35: size: 35, coverage: 56.00%, cost: 90.0
[2024-10-06 18:55:42,349][INFO] Step 36: size: 36, coverage: 57.00%, cost: 94.0
[2024-10-06 18:55:42,352][INFO] Step 37: size: 37, coverage: 60.00%, cost: 107.0
[2024-10-06 18:55:42,356][INFO] Step 38: size: 38, coverage: 60.50%, cost: 110.0
[2024-10-06 18:55:42,359][INFO] Step 39: size: 39, coverage: 61.00%, cost: 113.0
[2024-10-06 18:55:42,363][INFO] Step 40: size: 40, coverage: 62.00%, cost: 119.0
[2024-10-06 18:55:42,366][INFO] Step 41: size: 41, coverage: 63.00%, cost: 125.0
[2024-10-06 18:55:42,370][INFO] Step 42: size: 42, coverage: 64.00%, cost: 131.0
[2024-10-06 18:55:42,373][INFO] Step 43: size: 43, coverage: 65.50%, cost: 141.0
[2024-10-06 18:55:42,377][INFO] Step 44: size: 44, coverage: 67.00%, cost: 151.0
[2024-10-06 18:55:42,380][INFO] Step 45: size: 45, coverage: 69.50%, cost: 168.0
[2024-10-06 18:55:42,384][INFO] Step 46: size: 46, coverage: 70.50%, cost: 175.0
[2024-10-06 18:55:42,387][INFO] Step 47: size: 47, coverage: 71.50%, cost: 183.0
[2024-10-06 18:55:42,391][INFO] Step 48: size: 48, coverage: 72.50%, cost: 191.0
[2024-10-06 18:55:42,395][INFO] Step 49: size: 49, coverage: 74.00%, cost: 203.0
[2024-10-06 18:55:42,398][INFO] Step 50: size: 50, coverage: 76.50%, cost: 227.0
[2024-10-06 18:55:42,402][INFO] Step 51: size: 51, coverage: 77.00%, cost: 232.0
[2024-10-06 18:55:42,405][INFO] Step 52: size: 52, coverage: 78.00%, cost: 242.0
[2024-10-06 18:55:42,409][INFO] Step 53: size: 53, coverage: 79.00%, cost: 253.0
[2024-10-06 18:55:42,413][INFO] Step 54: size: 54, coverage: 81.00%, cost: 276.0
[2024-10-06 18:55:42,416][INFO] Step 55: size: 55, coverage: 81.50%, cost: 282.0
[2024-10-06 18:55:42,420][INFO] Step 56: size: 56, coverage: 82.00%, cost: 288.0
[2024-10-06 18:55:42,423][INFO] Step 57: size: 57, coverage: 82.50%, cost: 294.0
[2024-10-06 18:55:42,427][INFO] Step 58: size: 58, coverage: 83.00%, cost: 300.0
[2024-10-06 18:55:42,431][INFO] Step 59: size: 59, coverage: 84.00%, cost: 313.0
[2024-10-06 18:55:42,435][INFO] Step 60: size: 60, coverage: 84.50%, cost: 320.0
[2024-10-06 18:55:42,438][INFO] Step 61: size: 61, coverage: 85.00%, cost: 327.0
[2024-10-06 18:55:42,442][INFO] Step 62: size: 62, coverage: 85.50%, cost: 334.0
[2024-10-06 18:55:42,446][INFO] Step 63: size: 63, coverage: 86.50%, cost: 348.0
[2024-10-06 18:55:42,450][INFO] Step 64: size: 64, coverage: 87.50%, cost: 362.0
[2024-10-06 18:55:42,453][INFO] Step 65: size: 65, coverage: 89.00%, cost: 384.0
[2024-10-06 18:55:42,457][INFO] Step 66: size: 66, coverage: 89.50%, cost: 393.0
[2024-10-06 18:55:42,461][INFO] Step 67: size: 67, coverage: 90.50%, cost: 412.0
[2024-10-06 18:55:42,465][INFO] Step 68: size: 68, coverage: 91.00%, cost: 423.0
[2024-10-06 18:55:42,469][INFO] Step 69: size: 69, coverage: 91.50%, cost: 434.0
[2024-10-06 18:55:42,472][INFO] Step 70: size: 70, coverage: 92.00%, cost: 446.0
[2024-10-06 18:55:42,476][INFO] Step 71: size: 71, coverage: 92.50%, cost: 458.0
[2024-10-06 18:55:42,480][INFO] Step 72: size: 72, coverage: 93.00%, cost: 472.0
[2024-10-06 18:55:42,484][INFO] Step 73: size: 73, coverage: 93.50%, cost: 486.0
[2024-10-06 18:55:42,488][INFO] Step 74: size: 74, coverage: 94.00%, cost: 500.0
[2024-10-06 18:55:42,492][INFO] Step 75: size: 75, coverage: 94.50%, cost: 514.0
[2024-10-06 18:55:42,496][INFO] Step 76: size: 76, coverage: 95.00%, cost: 529.0
[2024-10-06 18:55:42,500][INFO] Step 77: size: 77, coverage: 95.50%, cost: 544.0
[2024-10-06 18:55:42,504][INFO] Step 78: size: 78, coverage: 96.50%, cost: 574.0
[2024-10-06 18:55:42,508][INFO] Step 79: size: 79, coverage: 97.00%, cost: 590.0
[2024-10-06 18:55:42,512][INFO] Step 80: size: 80, coverage: 97.50%, cost: 608.0
[2024-10-06 18:55:42,516][INFO] Step 81: size: 81, coverage: 98.00%, cost: 626.0
[2024-10-06 18:55:42,520][INFO] Step 82: size: 82, coverage: 98.50%, cost: 647.0
[2024-10-06 18:55:42,524][INFO] Step 83: size: 83, coverage: 99.00%, cost: 673.0
[2024-10-06 18:55:42,528][INFO] Step 84: size: 84, coverage: 99.50%, cost: 704.0
[2024-10-06 18:55:42,532][INFO] Step 85: size: 85, coverage: 100.00%, cost: 747.0
[2024-10-06 18:55:42,534][INFO] Size: 85 -> 74
[2024-10-06 18:55:42,534][INFO] Cost: 747.0 -> 709.0
[2024-10-06 19:03:24,034][INFO] Step 1: size: 1, coverage: 3.50%, cost: 1.0
[2024-10-06 19:03:24,038][INFO] Step 2: size: 2, coverage: 6.50%, cost: 2.0
[2024-10-06 19:03:24,041][INFO] Step 3: size: 3, coverage: 8.00%, cost: 3.0
[2024-10-06 19:03:24,044][INFO] Step 4: size: 4, coverage: 9.50%, cost: 4.0
[2024-10-06 19:03:24,047][INFO] Step 5: size: 5, coverage: 11.00%, cost: 5.0
[2024-10-06 19:03:24,051][INFO] Step 6: size: 6, coverage: 12.50%, cost: 6.0
[2024-10-06 19:03:24,054][INFO] Step 7: size: 7, coverage: 14.00%, cost: 7.0
[2024-10-06 19:03:24,057][INFO] Step 8: size: 8, coverage: 15.00%, cost: 8.0
[2024-10-06 19:03:24,061][INFO] Step 9: size: 9, coverage: 16.00%, cost: 9.0
[2024-10-06 19:03:24,064][INFO] Step 10: size: 10, coverage: 18.00%, cost: 11.0
[2024-10-06 19:03:24,067][INFO] Step 11: size: 11, coverage: 20.00%, cost: 13.0
[2024-10-06 19:03:24,071][INFO] Step 12: size: 12, coverage: 23.50%, cost: 17.0
[2024-10-06 19:03:24,074][INFO] Step 13: size: 13, coverage: 26.00%, cost: 20.0
[2024-10-06 19:03:24,077][INFO] Step 14: size: 14, coverage: 27.50%, cost: 22.0
[2024-10-06 19:03:24,081][INFO] Step 15: size: 15, coverage: 29.00%, cost: 24.0
[2024-10-06 19:03:24,084][INFO] Step 16: size: 16, coverage: 31.00%, cost: 27.0
[2024-10-06 19:03:24,087][INFO] Step 17: size: 17, coverage: 33.00%, cost: 30.0
[2024-10-06 19:03:24,091][INFO] Step 18: size: 18, coverage: 33.50%, cost: 31.0
[2024-10-06 19:03:24,094][INFO] Step 19: size: 19, coverage: 34.00%, cost: 32.0
[2024-10-06 19:03:24,098][INFO] Step 20: size: 20, coverage: 35.00%, cost: 34.0
[2024-10-06 19:03:24,101][INFO] Step 21: size: 21, coverage: 36.00%, cost: 36.0
[2024-10-06 19:03:24,104][INFO] Step 22: size: 22, coverage: 37.00%, cost: 38.0
[2024-10-06 19:03:24,108][INFO] Step 23: size: 23, coverage: 38.50%, cost: 41.0
[2024-10-06 19:03:24,111][INFO] Step 24: size: 24, coverage: 40.00%, cost: 44.0
[2024-10-06 19:03:24,115][INFO] Step 25: size: 25, coverage: 41.50%, cost: 47.0
[2024-10-06 19:03:24,118][INFO] Step 26: size: 26, coverage: 43.50%, cost: 51.0
[2024-10-06 19:03:24,121][INFO] Step 27: size: 27, coverage: 45.00%, cost: 55.0
[2024-10-06 19:03:24,125][INFO] Step 28: size: 28, coverage: 46.50%, cost: 59.0
[2024-10-06 19:03:24,128][INFO] Step 29: size: 29, coverage: 47.50%, cost: 62.0
[2024-10-06 19:03:24,132][INFO] Step 30: size: 30, coverage: 49.50%, cost: 68.0
[2024-10-06 19:03:24,135][INFO] Step 31: size: 31, coverage: 51.00%, cost: 73.0
[2024-10-06 19:03:24,139][INFO] Step 32: size: 32, coverage: 52.50%, cost: 78.0
[2024-10-06 19:03:24,142][INFO] Step 33: size: 33, coverage: 54.00%, cost: 83.0
[2024-10-06 19:03:24,146][INFO] Step 34: size: 34, coverage: 55.50%, cost: 88.0
[2024-10-06 19:03:24,149][INFO] Step 35: size: 35, coverage: 56.00%, cost: 90.0
[2024-10-06 19:03:24,152][INFO] Step 36: size: 36, coverage: 57.00%, cost: 94.0
[2024-10-06 19:03:24,156][INFO] Step 37: size: 37, coverage: 60.00%, cost: 107.0
[2024-10-06 19:03:24,160][INFO] Step 38: size: 38, coverage: 60.50%, cost: 110.0
[2024-10-06 19:03:24,163][INFO] Step 39: size: 39, coverage: 61.00%, cost: 113.0
[2024-10-06 19:03:24,167][INFO] Step 40: size: 40, coverage: 62.00%, cost: 119.0
[2024-10-06 19:03:24,170][INFO] Step 41: size: 41, coverage: 63.00%, cost: 125.0
[2024-10-06 19:03:24,174][INFO] Step 42: size: 42, coverage: 64.00%, cost: 131.0
[2024-10-06 19:03:24,177][INFO] Step 43: size: 43, coverage: 65.50%, cost: 141.0
[2024-10-06 19:03:24,181][INFO] Step 44: size: 44, coverage: 67.00%, cost: 151.0
[2024-10-06 19:03:24,184][INFO] Step 45: size: 45, coverage: 69.50%, cost: 168.0
[2024-10-06 19:03:24,188][INFO] Step 46: size: 46, coverage: 70.50%, cost: 175.0
[2024-10-06 19:03:24,192][INFO] Step 47: size: 47, coverage: 71.50%, cost: 183.0
[2024-10-06 19:03:24,195][INFO] Step 48: size: 48, coverage: 72.50%, cost: 191.0
[2024-10-06 19:03:24,199][INFO] Step 49: size: 49, coverage: 74.00%, cost: 203.0
[2024-10-06 19:03:24,202][INFO] Step 50: size: 50, coverage: 76.50%, cost: 227.0
[2024-10-06 19:03:24,206][INFO] Step 51: size: 51, coverage: 77.00%, cost: 232.0
[2024-10-06 19:03:24,210][INFO] Step 52: size: 52, coverage: 78.00%, cost: 242.0
[2024-10-06 19:03:24,213][INFO] Step 53: size: 53, coverage: 79.00%, cost: 253.0
[2024-10-06 19:03:24,217][INFO] Step 54: size: 54, coverage: 81.00%, cost: 276.0
[2024-10-06 19:03:24,221][INFO] Step 55: size: 55, coverage: 81.50%, cost: 282.0
[2024-10-06 19:03:24,225][INFO] Step 56: size: 56, coverage: 82.00%, cost: 288.0
[2024-10-06 19:03:24,228][INFO] Step 57: size: 57, coverage: 82.50%, cost: 294.0
[2024-10-06 19:03:24,232][INFO] Step 58: size: 58, coverage: 83.00%, cost: 300.0
[2024-10-06 19:03:24,236][INFO] Step 59: size: 59, coverage: 84.00%, cost: 313.0
[2024-10-06 19:03:24,239][INFO] Step 60: size: 60, coverage: 84.50%, cost: 320.0
[2024-10-06 19:03:24,243][INFO] Step 61: size: 61, coverage: 85.00%, cost: 327.0
[2024-10-06 19:03:24,247][INFO] Step 62: size: 62, coverage: 85.50%, cost: 334.0
[2024-10-06 19:03:24,251][INFO] Step 63: size: 63, coverage: 86.50%, cost: 348.0
[2024-10-06 19:03:24,254][INFO] Step 64: size: 64, coverage: 87.50%, cost: 362.0
[2024-10-06 19:03:24,258][INFO] Step 65: size: 65, coverage: 89.00%, cost: 384.0
[2024-10-06 19:03:24,262][INFO] Step 66: size: 66, coverage: 89.50%, cost: 393.0
[2024-10-06 19:03:24,266][INFO] Step 67: size: 67, coverage: 90.50%, cost: 412.0
[2024-10-06 19:03:24,270][INFO] Step 68: size: 68, coverage: 91.00%, cost: 423.0
[2024-10-06 19:03:24,274][INFO] Step 69: size: 69, coverage: 91.50%, cost: 434.0
[2024-10-06 19:03:24,278][INFO] Step 70: size: 70, coverage: 92.00%, cost: 446.0
[2024-10-06 19:03:24,282][INFO] Step 71: size: 71, coverage: 92.50%, cost: 458.0
[2024-10-06 19:03:24,285][INFO] Step 72: size: 72, coverage: 93.00%, cost: 472.0
[2024-10-06 19:03:24,289][INFO] Step 73: size: 73, coverage: 93.50%, cost: 486.0
[2024-10-06 19:03:24,293][INFO] Step 74: size: 74, coverage: 94.00%, cost: 500.0
[2024-10-06 19:03:24,297][INFO] Step 75: size: 75, coverage: 94.50%, cost: 514.0
[2024-10-06 19:03:24,301][INFO] Step 76: size: 76, coverage: 95.00%, cost: 529.0
[2024-10-06 19:03:24,305][INFO] Step 77: size: 77, coverage: 95.50%, cost: 544.0
[2024-10-06 19:03:24,309][INFO] Step 78: size: 78, coverage: 96.50%, cost: 574.0
[2024-10-06 19:03:24,313][INFO] Step 79: size: 79, coverage: 97.00%, cost: 590.0
[2024-10-06 19:03:24,317][INFO] Step 80: size: 80, coverage: 97.50%, cost: 608.0
[2024-10-06 19:03:24,321][INFO] Step 81: size: 81, coverage: 98.00%, cost: 626.0
[2024-10-06 19:03:24,326][INFO] Step 82: size: 82, coverage: 98.50%, cost: 647.0
[2024-10-06 19:03:24,330][INFO] Step 83: size: 83, coverage: 99.00%, cost: 673.0
[2024-10-06 19:03:24,334][INFO] Step 84: size: 84, coverage: 99.50%, cost: 704.0
[2024-10-06 19:03:24,338][INFO] Step 85: size: 85, coverage: 100.00%, cost: 747.0
[2024-10-06 19:03:24,340][INFO] Size: 85 -> 74
[2024-10-06 19:03:24,340][INFO] Cost: 747.0 -> 709.0
[2024-10-06 22:18:01,258][INFO] Step 1: size: 1, coverage: 3.50%, cost: 1.0
[2024-10-06 22:18:01,261][INFO] Step 2: size: 2, coverage: 6.50%, cost: 2.0
[2024-10-06 22:18:01,264][INFO] Step 3: size: 3, coverage: 8.00%, cost: 3.0
[2024-10-06 22:18:01,266][INFO] Step 4: size: 4, coverage: 9.50%, cost: 4.0
[2024-10-06 22:18:01,269][INFO] Step 5: size: 5, coverage: 11.00%, cost: 5.0
[2024-10-06 22:18:01,272][INFO] Step 6: size: 6, coverage: 12.50%, cost: 6.0
[2024-10-06 22:18:01,275][INFO] Step 7: size: 7, coverage: 14.00%, cost: 7.0
[2024-10-06 22:18:01,278][INFO] Step 8: size: 8, coverage: 15.00%, cost: 8.0
[2024-10-06 22:18:01,281][INFO] Step 9: size: 9, coverage: 16.00%, cost: 9.0
[2024-10-06 22:18:01,284][INFO] Step 10: size: 10, coverage: 18.00%, cost: 11.0
[2024-10-06 22:18:01,286][INFO] Step 11: size: 11, coverage: 20.00%, cost: 13.0
[2024-10-06 22:18:01,289][INFO] Step 12: size: 12, coverage: 23.50%, cost: 17.0
[2024-10-06 22:18:01,292][INFO] Step 13: size: 13, coverage: 26.00%, cost: 20.0
[2024-10-06 22:18:01,295][INFO] Step 14: size: 14, coverage: 27.50%, cost: 22.0
[2024-10-06 22:18:01,298][INFO] Step 15: size: 15, coverage: 29.00%, cost: 24.0
[2024-10-06 22:18:01,301][INFO] Step 16: size: 16, coverage: 31.00%, cost: 27.0
[2024-10-06 22:18:01,304][INFO] Step 17: size: 17, coverage: 33.00%, cost: 30.0
[2024-10-06 22:18:01,307][INFO] Step 18: size: 18, coverage: 33.50%, cost: 31.0
[2024-10-06 22:18:01,310][INFO] Step 19: size: 19, coverage: 34.00%, cost: 32.0
[2024-10-06 22:18:01,313][INFO] Step 20: size: 20, coverage: 35.00%, cost: 34.0
[2024-10-06 22:18:01,316][INFO] Step 21: size: 21, coverage: 36.00%, cost: 36.0
[2024-10-06 22:18:01,319][INFO] Step 22: size: 22, coverage: 37.00%, cost: 38.0
[2024-10-06 22:18:01,321][INFO] Step 23: size: 23, coverage: 38.50%, cost: 41.0
[2024-10-06 22:18:01,325][INFO] Step 24: size: 24, coverage: 40.00%, cost: 44.0
[2024-10-06 22:18:01,327][INFO] Step 25: size: 25, coverage: 41.50%, cost: 47.0
[2024-10-06 22:18:01,330][INFO] Step 26: size: 26, coverage: 43.50%, cost: 51.0
[2024-10-06 22:18:01,333][INFO] Step 27: size: 27, coverage: 45.00%, cost: 55.0
[2024-10-06 22:18:01,336][INFO] Step 28: size: 28, coverage: 46.50%, cost: 59.0
[2024-10-06 22:18:01,339][INFO] Step 29: size: 29, coverage: 47.50%, cost: 62.0
[2024-10-06 22:18:01,342][INFO] Step 30: size: 30, coverage: 49.50%, cost: 68.0
[2024-10-06 22:18:01,345][INFO] Step 31: size: 31, coverage: 51.00%, cost: 73.0
[2024-10-06 22:18:01,348][INFO] Step 32: size: 32, coverage: 52.50%, cost: 78.0
[2024-10-06 22:18:01,351][INFO] Step 33: size: 33, coverage: 54.00%, cost: 83.0
[2024-10-06 22:18:01,354][INFO] Step 34: size: 34, coverage: 55.50%, cost: 88.0
[2024-10-06 22:18:01,357][INFO] Step 35: size: 35, coverage: 56.00%, cost: 90.0
[2024-10-06 22:18:01,360][INFO] Step 36: size: 36, coverage: 57.00%, cost: 94.0
[2024-10-06 22:18:01,363][INFO] Step 37: size: 37, coverage: 60.00%, cost: 107.0
[2024-10-06 22:18:01,366][INFO] Step 38: size: 38, coverage: 60.50%, cost: 110.0
[2024-10-06 22:18:01,369][INFO] Step 39: size: 39, coverage: 61.00%, cost: 113.0
[2024-10-06 22:18:01,372][INFO] Step 40: size: 40, coverage: 62.00%, cost: 119.0
[2024-10-06 22:18:01,376][INFO] Step 41: size: 41, coverage: 63.00%, cost: 125.0
[2024-10-06 22:18:01,379][INFO] Step 42: size: 42, coverage: 64.00%, cost: 131.0
[2024-10-06 22:18:01,382][INFO] Step 43: size: 43, coverage: 65.50%, cost: 141.0
[2024-10-06 22:18:01,385][INFO] Step 44: size: 44, coverage: 67.00%, cost: 151.0
[2024-10-06 22:18:01,388][INFO] Step 45: size: 45, coverage: 69.50%, cost: 168.0
[2024-10-06 22:18:01,391][INFO] Step 46: size: 46, coverage: 70.50%, cost: 175.0
[2024-10-06 22:18:01,394][INFO] Step 47: size: 47, coverage: 71.50%, cost: 183.0
[2024-10-06 22:18:01,397][INFO] Step 48: size: 48, coverage: 72.50%, cost: 191.0
[2024-10-06 22:18:01,400][INFO] Step 49: size: 49, coverage: 74.00%, cost: 203.0
[2024-10-06 22:18:01,403][INFO] Step 50: size: 50, coverage: 76.50%, cost: 227.0
[2024-10-06 22:18:01,406][INFO] Step 51: size: 51, coverage: 77.00%, cost: 232.0
[2024-10-06 22:18:01,410][INFO] Step 52: size: 52, coverage: 78.00%, cost: 242.0
[2024-10-06 22:18:01,413][INFO] Step 53: size: 53, coverage: 79.00%, cost: 253.0
[2024-10-06 22:18:01,416][INFO] Step 54: size: 54, coverage: 81.00%, cost: 276.0
[2024-10-06 22:18:01,419][INFO] Step 55: size: 55, coverage: 81.50%, cost: 282.0
[2024-10-06 22:18:01,422][INFO] Step 56: size: 56, coverage: 82.00%, cost: 288.0
[2024-10-06 22:18:01,425][INFO] Step 57: size: 57, coverage: 82.50%, cost: 294.0
[2024-10-06 22:18:01,428][INFO] Step 58: size: 58, coverage: 83.00%, cost: 300.0
[2024-10-06 22:18:01,432][INFO] Step 59: size: 59, coverage: 84.00%, cost: 313.0
[2024-10-06 22:18:01,435][INFO] Step 60: size: 60, coverage: 84.50%, cost: 320.0
[2024-10-06 22:18:01,438][INFO] Step 61: size: 61, coverage: 85.00%, cost: 327.0
[2024-10-06 22:18:01,441][INFO] Step 62: size: 62, coverage: 85.50%, cost: 334.0
[2024-10-06 22:18:01,445][INFO] Step 63: size: 63, coverage: 86.50%, cost: 348.0
[2024-10-06 22:18:01,448][INFO] Step 64: size: 64, coverage: 87.50%, cost: 362.0
[2024-10-06 22:18:01,451][INFO] Step 65: size: 65, coverage: 89.00%, cost: 384.0
[2024-10-06 22:18:01,455][INFO] Step 66: size: 66, coverage: 89.50%, cost: 393.0
[2024-10-06 22:18:01,458][INFO] Step 67: size: 67, coverage: 90.50%, cost: 412.0
[2024-10-06 22:18:01,461][INFO] Step 68: size: 68, coverage: 91.00%, cost: 423.0
[2024-10-06 22:18:01,464][INFO] Step 69: size: 69, coverage: 91.50%, cost: 434.0
[2024-10-06 22:18:01,468][INFO] Step 70: size: 70, coverage: 92.00%, cost: 446.0
[2024-10-06 22:18:01,471][INFO] Step 71: size: 71, coverage: 92.50%, cost: 458.0
[2024-10-06 22:18:01,474][INFO] Step 72: size: 72, coverage: 93.00%, cost: 472.0
[2024-10-06 22:18:01,478][INFO] Step 73: size: 73, coverage: 93.50%, cost: 486.0
[2024-10-06 22:18:01,481][INFO] Step 74: size: 74, coverage: 94.00%, cost: 500.0
[2024-10-06 22:18:01,484][INFO] Step 75: size: 75, coverage: 94.50%, cost: 514.0
[2024-10-06 22:18:01,488][INFO] Step 76: size: 76, coverage: 95.00%, cost: 529.0
[2024-10-06 22:18:01,491][INFO] Step 77: size: 77, coverage: 95.50%, cost: 544.0
[2024-10-06 22:18:01,495][INFO] Step 78: size: 78, coverage: 96.50%, cost: 574.0
[2024-10-06 22:18:01,498][INFO] Step 79: size: 79, coverage: 97.00%, cost: 590.0
[2024-10-06 22:18:01,501][INFO] Step 80: size: 80, coverage: 97.50%, cost: 608.0
[2024-10-06 22:18:01,505][INFO] Step 81: size: 81, coverage: 98.00%, cost: 626.0
[2024-10-06 22:18:01,508][INFO] Step 82: size: 82, coverage: 98.50%, cost: 647.0
[2024-10-06 22:18:01,512][INFO] Step 83: size: 83, coverage: 99.00%, cost: 673.0
[2024-10-06 22:18:01,515][INFO] Step 84: size: 84, coverage: 99.50%, cost: 704.0
[2024-10-06 22:18:01,519][INFO] Step 85: size: 85, coverage: 100.00%, cost: 747.0
[2024-10-06 22:18:01,520][INFO] Size: 85 -> 74
[2024-10-06 22:18:01,521][INFO] Cost: 747.0 -> 709.0
[2024-10-06 22:21:02,936][INFO] Step 1: size: 1, coverage: 3.50%, cost: 1.0
[2024-10-06 22:21:02,939][INFO] Step 2: size: 2, coverage: 6.50%, cost: 2.0
[2024-10-06 22:21:02,943][INFO] Step 3: size: 3, coverage: 8.00%, cost: 3.0
[2024-10-06 22:21:02,946][INFO] Step 4: size: 4, coverage: 9.50%, cost: 4.0
[2024-10-06 22:21:02,949][INFO] Step 5: size: 5, coverage: 11.00%, cost: 5.0
[2024-10-06 22:21:02,952][INFO] Step 6: size: 6, coverage: 12.50%, cost: 6.0
[2024-10-06 22:21:02,956][INFO] Step 7: size: 7, coverage: 14.00%, cost: 7.0
[2024-10-06 22:21:02,959][INFO] Step 8: size: 8, coverage: 15.00%, cost: 8.0
[2024-10-06 22:21:02,962][INFO] Step 9: size: 9, coverage: 16.00%, cost: 9.0
[2024-10-06 22:21:02,966][INFO] Step 10: size: 10, coverage: 18.00%, cost: 11.0
[2024-10-06 22:21:02,969][INFO] Step 11: size: 11, coverage: 20.00%, cost: 13.0
[2024-10-06 22:21:02,972][INFO] Step 12: size: 12, coverage: 23.50%, cost: 17.0
[2024-10-06 22:21:02,975][INFO] Step 13: size: 13, coverage: 26.00%, cost: 20.0
[2024-10-06 22:21:02,979][INFO] Step 14: size: 14, coverage: 27.50%, cost: 22.0
[2024-10-06 22:21:02,982][INFO] Step 15: size: 15, coverage: 29.00%, cost: 24.0
[2024-10-06 22:21:02,985][INFO] Step 16: size: 16, coverage: 31.00%, cost: 27.0
[2024-10-06 22:21:02,989][INFO] Step 17: size: 17, coverage: 33.00%, cost: 30.0
[2024-10-06 22:21:02,992][INFO] Step 18: size: 18, coverage: 33.50%, cost: 31.0
[2024-10-06 22:21:02,995][INFO] Step 19: size: 19, coverage: 34.00%, cost: 32.0
[2024-10-06 22:21:02,999][INFO] Step 20: size: 20, coverage: 35.00%, cost: 34.0
[2024-10-06 22:21:03,002][INFO] Step 21: size: 21, coverage: 36.00%, cost: 36.0
[2024-10-06 22:21:03,006][INFO] Step 22: size: 22, coverage: 37.00%, cost: 38.0
[2024-10-06 22:21:03,009][INFO] Step 23: size: 23, coverage: 38.50%, cost: 41.0
[2024-10-06 22:21:03,012][INFO] Step 24: size: 24, coverage: 40.00%, cost: 44.0
[2024-10-06 22:21:03,016][INFO] Step 25: size: 25, coverage: 41.50%, cost: 47.0
[2024-10-06 22:21:03,019][INFO] Step 26: size: 26, coverage: 43.50%, cost: 51.0
[2024-10-06 22:21:03,023][INFO] Step 27: size: 27, coverage: 45.00%, cost: 55.0
[2024-10-06 22:21:03,026][INFO] Step 28: size: 28, coverage: 46.50%, cost: 59.0
[2024-10-06 22:21:03,030][INFO] Step 29: size: 29, coverage: 47.50%, cost: 62.0
[2024-10-06 22:21:03,033][INFO] Step 30: size: 30, coverage: 49.50%, cost: 68.0
[2024-10-06 22:21:03,037][INFO] Step 31: size: 31, coverage: 51.00%, cost: 73.0
[2024-10-06 22:21:03,040][INFO] Step 32: size: 32, coverage: 52.50%, cost: 78.0
[2024-10-06 22:21:03,044][INFO] Step 33: size: 33, coverage: 54.00%, cost: 83.0
[2024-10-06 22:21:03,047][INFO] Step 34: size: 34, coverage: 55.50%, cost: 88.0
[2024-10-06 22:21:03,051][INFO] Step 35: size: 35, coverage: 56.00%, cost: 90.0
[2024-10-06 22:21:03,054][INFO] Step 36: size: 36, coverage: 57.00%, cost: 94.0
[2024-10-06 22:21:03,058][INFO] Step 37: size: 37, coverage: 60.00%, cost: 107.0
[2024-10-06 22:21:03,061][INFO] Step 38: size: 38, coverage: 60.50%, cost: 110.0
[2024-10-06 22:21:03,065][INFO] Step 39: size: 39, coverage: 61.00%, cost: 113.0
[2024-10-06 22:21:03,068][INFO] Step 40: size: 40, coverage: 62.00%, cost: 119.0
[2024-10-06 22:21:03,072][INFO] Step 41: size: 41, coverage: 63.00%, cost: 125.0
[2024-10-06 22:21:03,075][INFO] Step 42: size: 42, coverage: 64.00%, cost: 131.0
[2024-10-06 22:21:03,079][INFO] Step 43: size: 43, coverage: 65.50%, cost: 141.0
[2024-10-06 22:21:03,083][INFO] Step 44: size: 44, coverage: 67.00%, cost: 151.0
[2024-10-06 22:21:03,086][INFO] Step 45: size: 45, coverage: 69.50%, cost: 168.0
[2024-10-06 22:21:03,090][INFO] Step 46: size: 46, coverage: 70.50%, cost: 175.0
[2024-10-06 22:21:03,093][INFO] Step 47: size: 47, coverage: 71.50%, cost: 183.0
[2024-10-06 22:21:03,097][INFO] Step 48: size: 48, coverage: 72.50%, cost: 191.0
[2024-10-06 22:21:03,101][INFO] Step 49: size: 49, coverage: 74.00%, cost: 203.0
[2024-10-06 22:21:03,104][INFO] Step 50: size: 50, coverage: 76.50%, cost: 227.0
[2024-10-06 22:21:03,108][INFO] Step 51: size: 51, coverage: 77.00%, cost: 232.0
[2024-10-06 22:21:03,111][INFO] Step 52: size: 52, coverage: 78.00%, cost: 242.0
[2024-10-06 22:21:03,115][INFO] Step 53: size: 53, coverage: 79.00%, cost: 253.0
[2024-10-06 22:21:03,119][INFO] Step 54: size: 54, coverage: 81.00%, cost: 276.0
[2024-10-06 22:21:03,123][INFO] Step 55: size: 55, coverage: 81.50%, cost: 282.0
[2024-10-06 22:21:03,126][INFO] Step 56: size: 56, coverage: 82.00%, cost: 288.0
[2024-10-06 22:21:03,130][INFO] Step 57: size: 57, coverage: 82.50%, cost: 294.0
[2024-10-06 22:21:03,134][INFO] Step 58: size: 58, coverage: 83.00%, cost: 300.0
[2024-10-06 22:21:03,137][INFO] Step 59: size: 59, coverage: 84.00%, cost: 313.0
[2024-10-06 22:21:03,141][INFO] Step 60: size: 60, coverage: 84.50%, cost: 320.0
[2024-10-06 22:21:03,145][INFO] Step 61: size: 61, coverage: 85.00%, cost: 327.0
[2024-10-06 22:21:03,149][INFO] Step 62: size: 62, coverage: 85.50%, cost: 334.0
[2024-10-06 22:21:03,153][INFO] Step 63: size: 63, coverage: 86.50%, cost: 348.0
[2024-10-06 22:21:03,156][INFO] Step 64: size: 64, coverage: 87.50%, cost: 362.0
[2024-10-06 22:21:03,160][INFO] Step 65: size: 65, coverage: 89.00%, cost: 384.0
[2024-10-06 22:21:03,164][INFO] Step 66: size: 66, coverage: 89.50%, cost: 393.0
[2024-10-06 22:21:03,168][INFO] Step 67: size: 67, coverage: 90.50%, cost: 412.0
[2024-10-06 22:21:03,172][INFO] Step 68: size: 68, coverage: 91.00%, cost: 423.0
[2024-10-06 22:21:03,176][INFO] Step 69: size: 69, coverage: 91.50%, cost: 434.0
[2024-10-06 22:21:03,180][INFO] Step 70: size: 70, coverage: 92.00%, cost: 446.0
[2024-10-06 22:21:03,183][INFO] Step 71: size: 71, coverage: 92.50%, cost: 458.0
[2024-10-06 22:21:03,187][INFO] Step 72: size: 72, coverage: 93.00%, cost: 472.0
[2024-10-06 22:21:03,191][INFO] Step 73: size: 73, coverage: 93.50%, cost: 486.0
[2024-10-06 22:21:03,195][INFO] Step 74: size: 74, coverage: 94.00%, cost: 500.0
[2024-10-06 22:21:03,199][INFO] Step 75: size: 75, coverage: 94.50%, cost: 514.0
[2024-10-06 22:21:03,203][INFO] Step 76: size: 76, coverage: 95.00%, cost: 529.0
[2024-10-06 22:21:03,207][INFO] Step 77: size: 77, coverage: 95.50%, cost: 544.0
[2024-10-06 22:21:03,211][INFO] Step 78: size: 78, coverage: 96.50%, cost: 574.0
[2024-10-06 22:21:03,215][INFO] Step 79: size: 79, coverage: 97.00%, cost: 590.0
[2024-10-06 22:21:03,219][INFO] Step 80: size: 80, coverage: 97.50%, cost: 608.0
[2024-10-06 22:21:03,223][INFO] Step 81: size: 81, coverage: 98.00%, cost: 626.0
[2024-10-06 22:21:03,227][INFO] Step 82: size: 82, coverage: 98.50%, cost: 647.0
[2024-10-06 22:21:03,231][INFO] Step 83: size: 83, coverage: 99.00%, cost: 673.0
[2024-10-06 22:21:03,235][INFO] Step 84: size: 84, coverage: 99.50%, cost: 704.0
[2024-10-06 22:21:03,239][INFO] Step 85: size: 85, coverage: 100.00%, cost: 747.0
[2024-10-06 22:21:03,241][INFO] Size: 85 -> 74
[2024-10-06 22:21:03,241][INFO] Cost: 747.0 -> 709.0
[2024-10-08 22:46:03,230][INFO] Step 1: size: 1, coverage: 3.50%, cost: 1.0
[2024-10-08 22:46:03,234][INFO] Step 2: size: 2, coverage: 6.50%, cost: 2.0
[2024-10-08 22:46:03,238][INFO] Step 3: size: 3, coverage: 8.00%, cost: 3.0
[2024-10-08 22:46:03,241][INFO] Step 4: size: 4, coverage: 9.50%, cost: 4.0
[2024-10-08 22:46:03,244][INFO] Step 5: size: 5, coverage: 11.00%, cost: 5.0
[2024-10-08 22:46:03,248][INFO] Step 6: size: 6, coverage: 12.50%, cost: 6.0
[2024-10-08 22:46:03,251][INFO] Step 7: size: 7, coverage: 14.00%, cost: 7.0
[2024-10-08 22:46:03,254][INFO] Step 8: size: 8, coverage: 15.00%, cost: 8.0
[2024-10-08 22:46:03,258][INFO] Step 9: size: 9, coverage: 16.00%, cost: 9.0
[2024-10-08 22:46:03,261][INFO] Step 10: size: 10, coverage: 18.00%, cost: 11.0
[2024-10-08 22:46:03,264][INFO] Step 11: size: 11, coverage: 20.00%, cost: 13.0
[2024-10-08 22:46:03,268][INFO] Step 12: size: 12, coverage: 23.50%, cost: 17.0
[2024-10-08 22:46:03,271][INFO] Step 13: size: 13, coverage: 26.00%, cost: 20.0
[2024-10-08 22:46:03,275][INFO] Step 14: size: 14, coverage: 27.50%, cost: 22.0
[2024-10-08 22:46:03,278][INFO] Step 15: size: 15, coverage: 29.00%, cost: 24.0
[2024-10-08 22:46:03,281][INFO] Step 16: size: 16, coverage: 31.00%, cost: 27.0
[2024-10-08 22:46:03,285][INFO] Step 17: size: 17, coverage: 33.00%, cost: 30.0
[2024-10-08 22:46:03,288][INFO] Step 18: size: 18, coverage: 33.50%, cost: 31.0
[2024-10-08 22:46:03,292][INFO] Step 19: size: 19, coverage: 34.00%, cost: 32.0
[2024-10-08 22:46:03,295][INFO] Step 20: size: 20, coverage: 35.00%, cost: 34.0
[2024-10-08 22:46:03,299][INFO] Step 21: size: 21, coverage: 36.00%, cost: 36.0
[2024-10-08 22:46:03,302][INFO] Step 22: size: 22, coverage: 37.00%, cost: 38.0
[2024-10-08 22:46:03,305][INFO] Step 23: size: 23, coverage: 38.50%, cost: 41.0
[2024-10-08 22:46:03,309][INFO] Step 24: size: 24, coverage: 40.00%, cost: 44.0
[2024-10-08 22:46:03,312][INFO] Step 25: size: 25, coverage: 41.50%, cost: 47.0
[2024-10-08 22:46:03,316][INFO] Step 26: size: 26, coverage: 43.50%, cost: 51.0
[2024-10-08 22:46:03,320][INFO] Step 27: size: 27, coverage: 45.00%, cost: 55.0
[2024-10-08 22:46:03,323][INFO] Step 28: size: 28, coverage: 46.50%, cost: 59.0
[2024-10-08 22:46:03,327][INFO] Step 29: size: 29, coverage: 47.50%, cost: 62.0
[2024-10-08 22:46:03,330][INFO] Step 30: size: 30, coverage: 49.50%, cost: 68.0
[2024-10-08 22:46:03,334][INFO] Step 31: size: 31, coverage: 51.00%, cost: 73.0
[2024-10-08 22:46:03,337][INFO] Step 32: size: 32, coverage: 52.50%, cost: 78.0
[2024-10-08 22:46:03,341][INFO] Step 33: size: 33, coverage: 54.00%, cost: 83.0
[2024-10-08 22:46:03,344][INFO] Step 34: size: 34, coverage: 55.50%, cost: 88.0
[2024-10-08 22:46:03,348][INFO] Step 35: size: 35, coverage: 56.00%, cost: 90.0
[2024-10-08 22:46:03,351][INFO] Step 36: size: 36, coverage: 57.00%, cost: 94.0
[2024-10-08 22:46:03,355][INFO] Step 37: size: 37, coverage: 60.00%, cost: 107.0
[2024-10-08 22:46:03,358][INFO] Step 38: size: 38, coverage: 60.50%, cost: 110.0
[2024-10-08 22:46:03,362][INFO] Step 39: size: 39, coverage: 61.00%, cost: 113.0
[2024-10-08 22:46:03,366][INFO] Step 40: size: 40, coverage: 62.00%, cost: 119.0
[2024-10-08 22:46:03,369][INFO] Step 41: size: 41, coverage: 63.00%, cost: 125.0
[2024-10-08 22:46:03,373][INFO] Step 42: size: 42, coverage: 64.00%, cost: 131.0
[2024-10-08 22:46:03,376][INFO] Step 43: size: 43, coverage: 65.50%, cost: 141.0
[2024-10-08 22:46:03,380][INFO] Step 44: size: 44, coverage: 67.00%, cost: 151.0
[2024-10-08 22:46:03,384][INFO] Step 45: size: 45, coverage: 69.50%, cost: 168.0
[2024-10-08 22:46:03,387][INFO] Step 46: size: 46, coverage: 70.50%, cost: 175.0
[2024-10-08 22:46:03,391][INFO] Step 47: size: 47, coverage: 71.50%, cost: 183.0
[2024-10-08 22:46:03,395][INFO] Step 48: size: 48, coverage: 72.50%, cost: 191.0
[2024-10-08 22:46:03,399][INFO] Step 49: size: 49, coverage: 74.00%, cost: 203.0
[2024-10-08 22:46:03,402][INFO] Step 50: size: 50, coverage: 76.50%, cost: 227.0
[2024-10-08 22:46:03,406][INFO] Step 51: size: 51, coverage: 77.00%, cost: 232.0
[2024-10-08 22:46:03,410][INFO] Step 52: size: 52, coverage: 78.00%, cost: 242.0
[2024-10-08 22:46:03,413][INFO] Step 53: size: 53, coverage: 79.00%, cost: 253.0
[2024-10-08 22:46:03,417][INFO] Step 54: size: 54, coverage: 81.00%, cost: 276.0
[2024-10-08 22:46:03,421][INFO] Step 55: size: 55, coverage: 81.50%, cost: 282.0
[2024-10-08 22:46:03,425][INFO] Step 56: size: 56, coverage: 82.00%, cost: 288.0
[2024-10-08 22:46:03,428][INFO] Step 57: size: 57, coverage: 82.50%, cost: 294.0
[2024-10-08 22:46:03,432][INFO] Step 58: size: 58, coverage: 83.00%, cost: 300.0
[2024-10-08 22:46:03,436][INFO] Step 59: size: 59, coverage: 84.00%, cost: 313.0
[2024-10-08 22:46:03,440][INFO] Step 60: size: 60, coverage: 84.50%, cost: 320.0
[2024-10-08 22:46:03,444][INFO] Step 61: size: 61, coverage: 85.00%, cost: 327.0
[2024-10-08 22:46:03,447][INFO] Step 62: size: 62, coverage: 85.50%, cost: 334.0
[2024-10-08 22:46:03,451][INFO] Step 63: size: 63, coverage: 86.50%, cost: 348.0
[2024-10-08 22:46:03,455][INFO] Step 64: size: 64, coverage: 87.50%, cost: 362.0
[2024-10-08 22:46:03,459][INFO] Step 65: size: 65, coverage: 89.00%, cost: 384.0
[2024-10-08 22:46:03,463][INFO] Step 66: size: 66, coverage: 89.50%, cost: 393.0
[2024-10-08 22:46:03,467][INFO] Step 67: size: 67, coverage: 90.50%, cost: 412.0
[2024-10-08 22:46:03,471][INFO] Step 68: size: 68, coverage: 91.00%, cost: 423.0
[2024-10-08 22:46:03,475][INFO] Step 69: size: 69, coverage: 91.50%, cost: 434.0
[2024-10-08 22:46:03,479][INFO] Step 70: size: 70, coverage: 92.00%, cost: 446.0
[2024-10-08 22:46:03,483][INFO] Step 71: size: 71, coverage: 92.50%, cost: 458.0
[2024-10-08 22:46:03,486][INFO] Step 72: size: 72, coverage: 93.00%, cost: 472.0
[2024-10-08 22:46:03,490][INFO] Step 73: size: 73, coverage: 93.50%, cost: 486.0
[2024-10-08 22:46:03,495][INFO] Step 74: size: 74, coverage: 94.00%, cost: 500.0
[2024-10-08 22:46:03,499][INFO] Step 75: size: 75, coverage: 94.50%, cost: 514.0
[2024-10-08 22:46:03,503][INFO] Step 76: size: 76, coverage: 95.00%, cost: 529.0
[2024-10-08 22:46:03,507][INFO] Step 77: size: 77, coverage: 95.50%, cost: 544.0
[2024-10-08 22:46:03,511][INFO] Step 78: size: 78, coverage: 96.50%, cost: 574.0
[2024-10-08 22:46:03,515][INFO] Step 79: size: 79, coverage: 97.00%, cost: 590.0
[2024-10-08 22:46:03,519][INFO] Step 80: size: 80, coverage: 97.50%, cost: 608.0
[2024-10-08 22:46:03,523][INFO] Step 81: size: 81, coverage: 98.00%, cost: 626.0
[2024-10-08 22:46:03,528][INFO] Step 82: size: 82, coverage: 98.50%, cost: 647.0
[2024-10-08 22:46:03,532][INFO] Step 83: size: 83, coverage: 99.00%, cost: 673.0
[2024-10-08 22:46:03,537][INFO] Step 84: size: 84, coverage: 99.50%, cost: 704.0
[2024-10-08 22:46:03,541][INFO] Step 85: size: 85, coverage: 100.00%, cost: 747.0
[2024-10-08 22:46:03,543][INFO] Size: 85 -> 74
[2024-10-08 22:46:03,543][INFO] Cost: 747.0 -> 709.0
[2024-10-08 23:00:46,431][INFO] Step 1: size: 1, coverage: 3.50%, cost: 1.0
[2024-10-08 23:00:46,435][INFO] Step 2: size: 2, coverage: 6.50%, cost: 2.0
[2024-10-08 23:00:46,438][INFO] Step 3: size: 3, coverage: 8.00%, cost: 3.0
[2024-10-08 23:00:46,441][INFO] Step 4: size: 4, coverage: 9.50%, cost: 4.0
[2024-10-08 23:00:46,445][INFO] Step 5: size: 5, coverage: 11.00%, cost: 5.0
[2024-10-08 23:00:46,448][INFO] Step 6: size: 6, coverage: 12.50%, cost: 6.0
[2024-10-08 23:00:46,452][INFO] Step 7: size: 7, coverage: 14.00%, cost: 7.0
[2024-10-08 23:00:46,455][INFO] Step 8: size: 8, coverage: 15.00%, cost: 8.0
[2024-10-08 23:00:46,458][INFO] Step 9: size: 9, coverage: 16.00%, cost: 9.0
[2024-10-08 23:00:46,462][INFO] Step 10: size: 10, coverage: 18.00%, cost: 11.0
[2024-10-08 23:00:46,465][INFO] Step 11: size: 11, coverage: 20.00%, cost: 13.0
[2024-10-08 23:00:46,469][INFO] Step 12: size: 12, coverage: 23.50%, cost: 17.0
[2024-10-08 23:00:46,472][INFO] Step 13: size: 13, coverage: 26.00%, cost: 20.0
[2024-10-08 23:00:46,476][INFO] Step 14: size: 14, coverage: 27.50%, cost: 22.0
[2024-10-08 23:00:46,479][INFO] Step 15: size: 15, coverage: 29.00%, cost: 24.0
[2024-10-08 23:00:46,483][INFO] Step 16: size: 16, coverage: 31.00%, cost: 27.0
[2024-10-08 23:00:46,486][INFO] Step 17: size: 17, coverage: 33.00%, cost: 30.0
[2024-10-08 23:00:46,490][INFO] Step 18: size: 18, coverage: 33.50%, cost: 31.0
[2024-10-08 23:00:46,493][INFO] Step 19: size: 19, coverage: 34.00%, cost: 32.0
[2024-10-08 23:00:46,497][INFO] Step 20: size: 20, coverage: 35.00%, cost: 34.0
[2024-10-08 23:00:46,500][INFO] Step 21: size: 21, coverage: 36.00%, cost: 36.0
[2024-10-08 23:00:46,504][INFO] Step 22: size: 22, coverage: 37.00%, cost: 38.0
[2024-10-08 23:00:46,508][INFO] Step 23: size: 23, coverage: 38.50%, cost: 41.0
[2024-10-08 23:00:46,512][INFO] Step 24: size: 24, coverage: 40.00%, cost: 44.0
[2024-10-08 23:00:46,515][INFO] Step 25: size: 25, coverage: 41.50%, cost: 47.0
[2024-10-08 23:00:46,519][INFO] Step 26: size: 26, coverage: 43.50%, cost: 51.0
[2024-10-08 23:00:46,522][INFO] Step 27: size: 27, coverage: 45.00%, cost: 55.0
[2024-10-08 23:00:46,526][INFO] Step 28: size: 28, coverage: 46.50%, cost: 59.0
[2024-10-08 23:00:46,530][INFO] Step 29: size: 29, coverage: 47.50%, cost: 62.0
[2024-10-08 23:00:46,533][INFO] Step 30: size: 30, coverage: 49.50%, cost: 68.0
[2024-10-08 23:00:46,537][INFO] Step 31: size: 31, coverage: 51.00%, cost: 73.0
[2024-10-08 23:00:46,541][INFO] Step 32: size: 32, coverage: 52.50%, cost: 78.0
[2024-10-08 23:00:46,544][INFO] Step 33: size: 33, coverage: 54.00%, cost: 83.0
[2024-10-08 23:00:46,548][INFO] Step 34: size: 34, coverage: 55.50%, cost: 88.0
[2024-10-08 23:00:46,551][INFO] Step 35: size: 35, coverage: 56.00%, cost: 90.0
[2024-10-08 23:00:46,555][INFO] Step 36: size: 36, coverage: 57.00%, cost: 94.0
[2024-10-08 23:00:46,559][INFO] Step 37: size: 37, coverage: 60.00%, cost: 107.0
[2024-10-08 23:00:46,562][INFO] Step 38: size: 38, coverage: 60.50%, cost: 110.0
[2024-10-08 23:00:46,566][INFO] Step 39: size: 39, coverage: 61.00%, cost: 113.0
[2024-10-08 23:00:46,570][INFO] Step 40: size: 40, coverage: 62.00%, cost: 119.0
[2024-10-08 23:00:46,573][INFO] Step 41: size: 41, coverage: 63.00%, cost: 125.0
[2024-10-08 23:00:46,577][INFO] Step 42: size: 42, coverage: 64.00%, cost: 131.0
[2024-10-08 23:00:46,581][INFO] Step 43: size: 43, coverage: 65.50%, cost: 141.0
[2024-10-08 23:00:46,584][INFO] Step 44: size: 44, coverage: 67.00%, cost: 151.0
[2024-10-08 23:00:46,588][INFO] Step 45: size: 45, coverage: 69.50%, cost: 168.0
[2024-10-08 23:00:46,592][INFO] Step 46: size: 46, coverage: 70.50%, cost: 175.0
[2024-10-08 23:00:46,595][INFO] Step 47: size: 47, coverage: 71.50%, cost: 183.0
[2024-10-08 23:00:46,599][INFO] Step 48: size: 48, coverage: 72.50%, cost: 191.0
[2024-10-08 23:00:46,603][INFO] Step 49: size: 49, coverage: 74.00%, cost: 203.0
[2024-10-08 23:00:46,607][INFO] Step 50: size: 50, coverage: 76.50%, cost: 227.0
[2024-10-08 23:00:46,610][INFO] Step 51: size: 51, coverage: 77.00%, cost: 232.0
[2024-10-08 23:00:46,614][INFO] Step 52: size: 52, coverage: 78.00%, cost: 242.0
[2024-10-08 23:00:46,618][INFO] Step 53: size: 53, coverage: 79.00%, cost: 253.0
[2024-10-08 23:00:46,622][INFO] Step 54: size: 54, coverage: 81.00%, cost: 276.0
[2024-10-08 23:00:46,626][INFO] Step 55: size: 55, coverage: 81.50%, cost: 282.0
[2024-10-08 23:00:46,629][INFO] Step 56: size: 56, coverage: 82.00%, cost: 288.0
[2024-10-08 23:00:46,633][INFO] Step 57: size: 57, coverage: 82.50%, cost: 294.0
[2024-10-08 23:00:46,637][INFO] Step 58: size: 58, coverage: 83.00%, cost: 300.0
[2024-10-08 23:00:46,641][INFO] Step 59: size: 59, coverage: 84.00%, cost: 313.0
[2024-10-08 23:00:46,645][INFO] Step 60: size: 60, coverage: 84.50%, cost: 320.0
[2024-10-08 23:00:46,649][INFO] Step 61: size: 61, coverage: 85.00%, cost: 327.0
[2024-10-08 23:00:46,652][INFO] Step 62: size: 62, coverage: 85.50%, cost: 334.0
[2024-10-08 23:00:46,656][INFO] Step 63: size: 63, coverage: 86.50%, cost: 348.0
[2024-10-08 23:00:46,660][INFO] Step 64: size: 64, coverage: 87.50%, cost: 362.0
[2024-10-08 23:00:46,664][INFO] Step 65: size: 65, coverage: 89.00%, cost: 384.0
[2024-10-08 23:00:46,668][INFO] Step 66: size: 66, coverage: 89.50%, cost: 393.0
[2024-10-08 23:00:46,672][INFO] Step 67: size: 67, coverage: 90.50%, cost: 412.0
[2024-10-08 23:00:46,676][INFO] Step 68: size: 68, coverage: 91.00%, cost: 423.0
[2024-10-08 23:00:46,680][INFO] Step 69: size: 69, coverage: 91.50%, cost: 434.0
[2024-10-08 23:00:46,684][INFO] Step 70: size: 70, coverage: 92.00%, cost: 446.0
[2024-10-08 23:00:46,688][INFO] Step 71: size: 71, coverage: 92.50%, cost: 458.0
[2024-10-08 23:00:46,692][INFO] Step 72: size: 72, coverage: 93.00%, cost: 472.0
[2024-10-08 23:00:46,696][INFO] Step 73: size: 73, coverage: 93.50%, cost: 486.0
[2024-10-08 23:00:46,700][INFO] Step 74: size: 74, coverage: 94.00%, cost: 500.0
[2024-10-08 23:00:46,705][INFO] Step 75: size: 75, coverage: 94.50%, cost: 514.0
[2024-10-08 23:00:46,709][INFO] Step 76: size: 76, coverage: 95.00%, cost: 529.0
[2024-10-08 23:00:46,714][INFO] Step 77: size: 77, coverage: 95.50%, cost: 544.0
[2024-10-08 23:00:46,718][INFO] Step 78: size: 78, coverage: 96.50%, cost: 574.0
[2024-10-08 23:00:46,723][INFO] Step 79: size: 79, coverage: 97.00%, cost: 590.0
[2024-10-08 23:00:46,727][INFO] Step 80: size: 80, coverage: 97.50%, cost: 608.0
[2024-10-08 23:00:46,731][INFO] Step 81: size: 81, coverage: 98.00%, cost: 626.0
[2024-10-08 23:00:46,735][INFO] Step 82: size: 82, coverage: 98.50%, cost: 647.0
[2024-10-08 23:00:46,740][INFO] Step 83: size: 83, coverage: 99.00%, cost: 673.0
[2024-10-08 23:00:46,744][INFO] Step 84: size: 84, coverage: 99.50%, cost: 704.0
[2024-10-08 23:00:46,748][INFO] Step 85: size: 85, coverage: 100.00%, cost: 747.0
[2024-10-08 23:00:46,750][INFO] Size: 85 -> 74
[2024-10-08 23:00:46,750][INFO] Cost: 747.0 -> 709.0
[2024-10-08 23:02:22,807][INFO] Step 1: size: 1, coverage: 3.50%, cost: 1.0
[2024-10-08 23:02:22,810][INFO] Step 2: size: 2, coverage: 6.50%, cost: 2.0
[2024-10-08 23:02:22,813][INFO] Step 3: size: 3, coverage: 8.00%, cost: 3.0
[2024-10-08 23:02:22,816][INFO] Step 4: size: 4, coverage: 9.50%, cost: 4.0
[2024-10-08 23:02:22,820][INFO] Step 5: size: 5, coverage: 11.00%, cost: 5.0
[2024-10-08 23:02:22,823][INFO] Step 6: size: 6, coverage: 12.50%, cost: 6.0
[2024-10-08 23:02:22,826][INFO] Step 7: size: 7, coverage: 14.00%, cost: 7.0
[2024-10-08 23:02:22,830][INFO] Step 8: size: 8, coverage: 15.00%, cost: 8.0
[2024-10-08 23:02:22,833][INFO] Step 9: size: 9, coverage: 16.00%, cost: 9.0
[2024-10-08 23:02:22,836][INFO] Step 10: size: 10, coverage: 18.00%, cost: 11.0
[2024-10-08 23:02:22,840][INFO] Step 11: size: 11, coverage: 20.00%, cost: 13.0
[2024-10-08 23:02:22,843][INFO] Step 12: size: 12, coverage: 23.50%, cost: 17.0
[2024-10-08 23:02:22,846][INFO] Step 13: size: 13, coverage: 26.00%, cost: 20.0
[2024-10-08 23:02:22,850][INFO] Step 14: size: 14, coverage: 27.50%, cost: 22.0
[2024-10-08 23:02:22,853][INFO] Step 15: size: 15, coverage: 29.00%, cost: 24.0
[2024-10-08 23:02:22,856][INFO] Step 16: size: 16, coverage: 31.00%, cost: 27.0
[2024-10-08 23:02:22,860][INFO] Step 17: size: 17, coverage: 33.00%, cost: 30.0
[2024-10-08 23:02:22,863][INFO] Step 18: size: 18, coverage: 33.50%, cost: 31.0
[2024-10-08 23:02:22,867][INFO] Step 19: size: 19, coverage: 34.00%, cost: 32.0
[2024-10-08 23:02:22,870][INFO] Step 20: size: 20, coverage: 35.00%, cost: 34.0
[2024-10-08 23:02:22,873][INFO] Step 21: size: 21, coverage: 36.00%, cost: 36.0
[2024-10-08 23:02:22,877][INFO] Step 22: size: 22, coverage: 37.00%, cost: 38.0
[2024-10-08 23:02:22,880][INFO] Step 23: size: 23, coverage: 38.50%, cost: 41.0
[2024-10-08 23:02:22,884][INFO] Step 24: size: 24, coverage: 40.00%, cost: 44.0
[2024-10-08 23:02:22,887][INFO] Step 25: size: 25, coverage: 41.50%, cost: 47.0
[2024-10-08 23:02:22,890][INFO] Step 26: size: 26, coverage: 43.50%, cost: 51.0
[2024-10-08 23:02:22,894][INFO] Step 27: size: 27, coverage: 45.00%, cost: 55.0
[2024-10-08 23:02:22,897][INFO] Step 28: size: 28, coverage: 46.50%, cost: 59.0
[2024-10-08 23:02:22,901][INFO] Step 29: size: 29, coverage: 47.50%, cost: 62.0
[2024-10-08 23:02:22,904][INFO] Step 30: size: 30, coverage: 49.50%, cost: 68.0
[2024-10-08 23:02:22,908][INFO] Step 31: size: 31, coverage: 51.00%, cost: 73.0
[2024-10-08 23:02:22,911][INFO] Step 32: size: 32, coverage: 52.50%, cost: 78.0
[2024-10-08 23:02:22,915][INFO] Step 33: size: 33, coverage: 54.00%, cost: 83.0
[2024-10-08 23:02:22,918][INFO] Step 34: size: 34, coverage: 55.50%, cost: 88.0
[2024-10-08 23:02:22,922][INFO] Step 35: size: 35, coverage: 56.00%, cost: 90.0
[2024-10-08 23:02:22,925][INFO] Step 36: size: 36, coverage: 57.00%, cost: 94.0
[2024-10-08 23:02:22,929][INFO] Step 37: size: 37, coverage: 60.00%, cost: 107.0
[2024-10-08 23:02:22,932][INFO] Step 38: size: 38, coverage: 60.50%, cost: 110.0
[2024-10-08 23:02:22,936][INFO] Step 39: size: 39, coverage: 61.00%, cost: 113.0
[2024-10-08 23:02:22,939][INFO] Step 40: size: 40, coverage: 62.00%, cost: 119.0
[2024-10-08 23:02:22,943][INFO] Step 41: size: 41, coverage: 63.00%, cost: 125.0
[2024-10-08 23:02:22,946][INFO] Step 42: size: 42, coverage: 64.00%, cost: 131.0
[2024-10-08 23:02:22,950][INFO] Step 43: size: 43, coverage: 65.50%, cost: 141.0
[2024-10-08 23:02:22,954][INFO] Step 44: size: 44, coverage: 67.00%, cost: 151.0
[2024-10-08 23:02:22,957][INFO] Step 45: size: 45, coverage: 69.50%, cost: 168.0
[2024-10-08 23:02:22,961][INFO] Step 46: size: 46, coverage: 70.50%, cost: 175.0
[2024-10-08 23:02:22,965][INFO] Step 47: size: 47, coverage: 71.50%, cost: 183.0
[2024-10-08 23:02:22,968][INFO] Step 48: size: 48, coverage: 72.50%, cost: 191.0
[2024-10-08 23:02:22,972][INFO] Step 49: size: 49, coverage: 74.00%, cost: 203.0
[2024-10-08 23:02:22,975][INFO] Step 50: size: 50, coverage: 76.50%, cost: 227.0
[2024-10-08 23:02:22,979][INFO] Step 51: size: 51, coverage: 77.00%, cost: 232.0
[2024-10-08 23:02:22,983][INFO] Step 52: size: 52, coverage: 78.00%, cost: 242.0
[2024-10-08 23:02:22,986][INFO] Step 53: size: 53, coverage: 79.00%, cost: 253.0
[2024-10-08 23:02:22,990][INFO] Step 54: size: 54, coverage: 81.00%, cost: 276.0
[2024-10-08 23:02:22,994][INFO] Step 55: size: 55, coverage: 81.50%, cost: 282.0
[2024-10-08 23:02:22,998][INFO] Step 56: size: 56, coverage: 82.00%, cost: 288.0
[2024-10-08 23:02:23,001][INFO] Step 57: size: 57, coverage: 82.50%, cost: 294.0
[2024-10-08 23:02:23,005][INFO] Step 58: size: 58, coverage: 83.00%, cost: 300.0
[2024-10-08 23:02:23,009][INFO] Step 59: size: 59, coverage: 84.00%, cost: 313.0
[2024-10-08 23:02:23,012][INFO] Step 60: size: 60, coverage: 84.50%, cost: 320.0
[2024-10-08 23:02:23,016][INFO] Step 61: size: 61, coverage: 85.00%, cost: 327.0
[2024-10-08 23:02:23,020][INFO] Step 62: size: 62, coverage: 85.50%, cost: 334.0
[2024-10-08 23:02:23,024][INFO] Step 63: size: 63, coverage: 86.50%, cost: 348.0
[2024-10-08 23:02:23,028][INFO] Step 64: size: 64, coverage: 87.50%, cost: 362.0
[2024-10-08 23:02:23,032][INFO] Step 65: size: 65, coverage: 89.00%, cost: 384.0
[2024-10-08 23:02:23,035][INFO] Step 66: size: 66, coverage: 89.50%, cost: 393.0
[2024-10-08 23:02:23,039][INFO] Step 67: size: 67, coverage: 90.50%, cost: 412.0
[2024-10-08 23:02:23,043][INFO] Step 68: size: 68, coverage: 91.00%, cost: 423.0
[2024-10-08 23:02:23,047][INFO] Step 69: size: 69, coverage: 91.50%, cost: 434.0
[2024-10-08 23:02:23,051][INFO] Step 70: size: 70, coverage: 92.00%, cost: 446.0
[2024-10-08 23:02:23,055][INFO] Step 71: size: 71, coverage: 92.50%, cost: 458.0
[2024-10-08 23:02:23,059][INFO] Step 72: size: 72, coverage: 93.00%, cost: 472.0
[2024-10-08 23:02:23,063][INFO] Step 73: size: 73, coverage: 93.50%, cost: 486.0
[2024-10-08 23:02:23,067][INFO] Step 74: size: 74, coverage: 94.00%, cost: 500.0
[2024-10-08 23:02:23,071][INFO] Step 75: size: 75, coverage: 94.50%, cost: 514.0
[2024-10-08 23:02:23,075][INFO] Step 76: size: 76, coverage: 95.00%, cost: 529.0
[2024-10-08 23:02:23,079][INFO] Step 77: size: 77, coverage: 95.50%, cost: 544.0
[2024-10-08 23:02:23,083][INFO] Step 78: size: 78, coverage: 96.50%, cost: 574.0
[2024-10-08 23:02:23,087][INFO] Step 79: size: 79, coverage: 97.00%, cost: 590.0
[2024-10-08 23:02:23,091][INFO] Step 80: size: 80, coverage: 97.50%, cost: 608.0
[2024-10-08 23:02:23,095][INFO] Step 81: size: 81, coverage: 98.00%, cost: 626.0
[2024-10-08 23:02:23,099][INFO] Step 82: size: 82, coverage: 98.50%, cost: 647.0
[2024-10-08 23:02:23,103][INFO] Step 83: size: 83, coverage: 99.00%, cost: 673.0
[2024-10-08 23:02:23,107][INFO] Step 84: size: 84, coverage: 99.50%, cost: 704.0
[2024-10-08 23:02:23,112][INFO] Step 85: size: 85, coverage: 100.00%, cost: 747.0
[2024-10-08 23:02:23,113][INFO] Size: 85 -> 74
[2024-10-08 23:02:23,113][INFO] Cost: 747.0 -> 709.0
[2024-10-08 23:07:16,649][INFO] Step 1: size: 1, coverage: 3.50%, cost: 1.0
[2024-10-08 23:07:16,652][INFO] Step 2: size: 2, coverage: 6.50%, cost: 2.0
[2024-10-08 23:07:16,656][INFO] Step 3: size: 3, coverage: 8.00%, cost: 3.0
[2024-10-08 23:07:16,659][INFO] Step 4: size: 4, coverage: 9.50%, cost: 4.0
[2024-10-08 23:07:16,662][INFO] Step 5: size: 5, coverage: 11.00%, cost: 5.0
[2024-10-08 23:07:16,665][INFO] Step 6: size: 6, coverage: 12.50%, cost: 6.0
[2024-10-08 23:07:16,669][INFO] Step 7: size: 7, coverage: 14.00%, cost: 7.0
[2024-10-08 23:07:16,672][INFO] Step 8: size: 8, coverage: 15.00%, cost: 8.0
[2024-10-08 23:07:16,675][INFO] Step 9: size: 9, coverage: 16.00%, cost: 9.0
[2024-10-08 23:07:16,679][INFO] Step 10: size: 10, coverage: 18.00%, cost: 11.0
[2024-10-08 23:07:16,682][INFO] Step 11: size: 11, coverage: 20.00%, cost: 13.0
[2024-10-08 23:07:16,685][INFO] Step 12: size: 12, coverage: 23.50%, cost: 17.0
[2024-10-08 23:07:16,689][INFO] Step 13: size: 13, coverage: 26.00%, cost: 20.0
[2024-10-08 23:07:16,692][INFO] Step 14: size: 14, coverage: 27.50%, cost: 22.0
[2024-10-08 23:07:16,696][INFO] Step 15: size: 15, coverage: 29.00%, cost: 24.0
[2024-10-08 23:07:16,699][INFO] Step 16: size: 16, coverage: 31.00%, cost: 27.0
[2024-10-08 23:07:16,702][INFO] Step 17: size: 17, coverage: 33.00%, cost: 30.0
[2024-10-08 23:07:16,706][INFO] Step 18: size: 18, coverage: 33.50%, cost: 31.0
[2024-10-08 23:07:16,709][INFO] Step 19: size: 19, coverage: 34.00%, cost: 32.0
[2024-10-08 23:07:16,713][INFO] Step 20: size: 20, coverage: 35.00%, cost: 34.0
[2024-10-08 23:07:16,716][INFO] Step 21: size: 21, coverage: 36.00%, cost: 36.0
[2024-10-08 23:07:16,719][INFO] Step 22: size: 22, coverage: 37.00%, cost: 38.0
[2024-10-08 23:07:16,723][INFO] Step 23: size: 23, coverage: 38.50%, cost: 41.0
[2024-10-08 23:07:16,726][INFO] Step 24: size: 24, coverage: 40.00%, cost: 44.0
[2024-10-08 23:07:16,730][INFO] Step 25: size: 25, coverage: 41.50%, cost: 47.0
[2024-10-08 23:07:16,733][INFO] Step 26: size: 26, coverage: 43.50%, cost: 51.0
[2024-10-08 23:07:16,737][INFO] Step 27: size: 27, coverage: 45.00%, cost: 55.0
[2024-10-08 23:07:16,740][INFO] Step 28: size: 28, coverage: 46.50%, cost: 59.0
[2024-10-08 23:07:16,743][INFO] Step 29: size: 29, coverage: 47.50%, cost: 62.0
[2024-10-08 23:07:16,747][INFO] Step 30: size: 30, coverage: 49.50%, cost: 68.0
[2024-10-08 23:07:16,750][INFO] Step 31: size: 31, coverage: 51.00%, cost: 73.0
[2024-10-08 23:07:16,754][INFO] Step 32: size: 32, coverage: 52.50%, cost: 78.0
[2024-10-08 23:07:16,757][INFO] Step 33: size: 33, coverage: 54.00%, cost: 83.0
[2024-10-08 23:07:16,761][INFO] Step 34: size: 34, coverage: 55.50%, cost: 88.0
[2024-10-08 23:07:16,764][INFO] Step 35: size: 35, coverage: 56.00%, cost: 90.0
[2024-10-08 23:07:16,768][INFO] Step 36: size: 36, coverage: 57.00%, cost: 94.0
[2024-10-08 23:07:16,771][INFO] Step 37: size: 37, coverage: 60.00%, cost: 107.0
[2024-10-08 23:07:16,775][INFO] Step 38: size: 38, coverage: 60.50%, cost: 110.0
[2024-10-08 23:07:16,779][INFO] Step 39: size: 39, coverage: 61.00%, cost: 113.0
[2024-10-08 23:07:16,782][INFO] Step 40: size: 40, coverage: 62.00%, cost: 119.0
[2024-10-08 23:07:16,786][INFO] Step 41: size: 41, coverage: 63.00%, cost: 125.0
[2024-10-08 23:07:16,789][INFO] Step 42: size: 42, coverage: 64.00%, cost: 131.0
[2024-10-08 23:07:16,793][INFO] Step 43: size: 43, coverage: 65.50%, cost: 141.0
[2024-10-08 23:07:16,796][INFO] Step 44: size: 44, coverage: 67.00%, cost: 151.0
[2024-10-08 23:07:16,800][INFO] Step 45: size: 45, coverage: 69.50%, cost: 168.0
[2024-10-08 23:07:16,804][INFO] Step 46: size: 46, coverage: 70.50%, cost: 175.0
[2024-10-08 23:07:16,807][INFO] Step 47: size: 47, coverage: 71.50%, cost: 183.0
[2024-10-08 23:07:16,811][INFO] Step 48: size: 48, coverage: 72.50%, cost: 191.0
[2024-10-08 23:07:16,815][INFO] Step 49: size: 49, coverage: 74.00%, cost: 203.0
[2024-10-08 23:07:16,818][INFO] Step 50: size: 50, coverage: 76.50%, cost: 227.0
[2024-10-08 23:07:16,822][INFO] Step 51: size: 51, coverage: 77.00%, cost: 232.0
[2024-10-08 23:07:16,825][INFO] Step 52: size: 52, coverage: 78.00%, cost: 242.0
[2024-10-08 23:07:16,829][INFO] Step 53: size: 53, coverage: 79.00%, cost: 253.0
[2024-10-08 23:07:16,833][INFO] Step 54: size: 54, coverage: 81.00%, cost: 276.0
[2024-10-08 23:07:16,837][INFO] Step 55: size: 55, coverage: 81.50%, cost: 282.0
[2024-10-08 23:07:16,840][INFO] Step 56: size: 56, coverage: 82.00%, cost: 288.0
[2024-10-08 23:07:16,844][INFO] Step 57: size: 57, coverage: 82.50%, cost: 294.0
[2024-10-08 23:07:16,848][INFO] Step 58: size: 58, coverage: 83.00%, cost: 300.0
[2024-10-08 23:07:16,852][INFO] Step 59: size: 59, coverage: 84.00%, cost: 313.0
[2024-10-08 23:07:16,855][INFO] Step 60: size: 60, coverage: 84.50%, cost: 320.0
[2024-10-08 23:07:16,859][INFO] Step 61: size: 61, coverage: 85.00%, cost: 327.0
[2024-10-08 23:07:16,863][INFO] Step 62: size: 62, coverage: 85.50%, cost: 334.0
[2024-10-08 23:07:16,867][INFO] Step 63: size: 63, coverage: 86.50%, cost: 348.0
[2024-10-08 23:07:16,871][INFO] Step 64: size: 64, coverage: 87.50%, cost: 362.0
[2024-10-08 23:07:16,874][INFO] Step 65: size: 65, coverage: 89.00%, cost: 384.0
[2024-10-08 23:07:16,878][INFO] Step 66: size: 66, coverage: 89.50%, cost: 393.0
[2024-10-08 23:07:16,882][INFO] Step 67: size: 67, coverage: 90.50%, cost: 412.0
[2024-10-08 23:07:16,886][INFO] Step 68: size: 68, coverage: 91.00%, cost: 423.0
[2024-10-08 23:07:16,890][INFO] Step 69: size: 69, coverage: 91.50%, cost: 434.0
[2024-10-08 23:07:16,894][INFO] Step 70: size: 70, coverage: 92.00%, cost: 446.0
[2024-10-08 23:07:16,898][INFO] Step 71: size: 71, coverage: 92.50%, cost: 458.0
[2024-10-08 23:07:16,902][INFO] Step 72: size: 72, coverage: 93.00%, cost: 472.0
[2024-10-08 23:07:16,906][INFO] Step 73: size: 73, coverage: 93.50%, cost: 486.0
[2024-10-08 23:07:16,910][INFO] Step 74: size: 74, coverage: 94.00%, cost: 500.0
[2024-10-08 23:07:16,914][INFO] Step 75: size: 75, coverage: 94.50%, cost: 514.0
[2024-10-08 23:07:16,918][INFO] Step 76: size: 76, coverage: 95.00%, cost: 529.0
[2024-10-08 23:07:16,922][INFO] Step 77: size: 77, coverage: 95.50%, cost: 544.0
[2024-10-08 23:07:16,926][INFO] Step 78: size: 78, coverage: 96.50%, cost: 574.0
[2024-10-08 23:07:16,930][INFO] Step 79: size: 79, coverage: 97.00%, cost: 590.0
[2024-10-08 23:07:16,934][INFO] Step 80: size: 80, coverage: 97.50%, cost: 608.0
[2024-10-08 23:07:16,938][INFO] Step 81: size: 81, coverage: 98.00%, cost: 626.0
[2024-10-08 23:07:16,942][INFO] Step 82: size: 82, coverage: 98.50%, cost: 647.0
[2024-10-08 23:07:16,946][INFO] Step 83: size: 83, coverage: 99.00%, cost: 673.0
[2024-10-08 23:07:16,950][INFO] Step 84: size: 84, coverage: 99.50%, cost: 704.0
[2024-10-08 23:07:16,955][INFO] Step 85: size: 85, coverage: 100.00%, cost: 747.0
[2024-10-08 23:07:16,956][INFO] Size: 85 -> 74
[2024-10-08 23:07:16,956][INFO] Cost: 747.0 -> 709.0
