[2024-10-06 17:31:18,878][INFO] Step 1: size: 1, coverage: 5.00%, cost: 1.0
[2024-10-06 17:31:18,884][INFO] Step 2: size: 2, coverage: 9.50%, cost: 2.0
[2024-10-06 17:31:18,891][INFO] Step 3: size: 3, coverage: 11.50%, cost: 3.0
[2024-10-06 17:31:18,897][INFO] Step 4: size: 4, coverage: 13.50%, cost: 4.0
[2024-10-06 17:31:18,903][INFO] Step 5: size: 5, coverage: 15.50%, cost: 5.0
[2024-10-06 17:31:18,909][INFO] Step 6: size: 6, coverage: 17.50%, cost: 6.0
[2024-10-06 17:31:18,916][INFO] Step 7: size: 7, coverage: 19.50%, cost: 7.0
[2024-10-06 17:31:18,922][INFO] Step 8: size: 8, coverage: 23.00%, cost: 9.0
[2024-10-06 17:31:18,929][INFO] Step 9: size: 9, coverage: 24.50%, cost: 10.0
[2024-10-06 17:31:18,935][INFO] Step 10: size: 10, coverage: 26.00%, cost: 11.0
[2024-10-06 17:31:18,941][INFO] Step 11: size: 11, coverage: 27.50%, cost: 12.0
[2024-10-06 17:31:18,948][INFO] Step 12: size: 12, coverage: 29.00%, cost: 13.0
[2024-10-06 17:31:18,954][INFO] Step 13: size: 13, coverage: 30.50%, cost: 14.0
[2024-10-06 17:31:18,961][INFO] Step 14: size: 14, coverage: 32.00%, cost: 15.0
[2024-10-06 17:31:18,967][INFO] Step 15: size: 15, coverage: 33.00%, cost: 16.0
[2024-10-06 17:31:18,974][INFO] Step 16: size: 16, coverage: 34.00%, cost: 17.0
[2024-10-06 17:31:18,980][INFO] Step 17: size: 17, coverage: 35.00%, cost: 18.0
[2024-10-06 17:31:18,987][INFO] Step 18: size: 18, coverage: 36.00%, cost: 19.0
[2024-10-06 17:31:18,993][INFO] Step 19: size: 19, coverage: 38.00%, cost: 21.0
[2024-10-06 17:31:19,000][INFO] Step 20: size: 20, coverage: 40.00%, cost: 23.0
[2024-10-06 17:31:19,007][INFO] Step 21: size: 21, coverage: 42.00%, cost: 25.0
[2024-10-06 17:31:19,013][INFO] Step 22: size: 22, coverage: 44.00%, cost: 27.0
[2024-10-06 17:31:19,020][INFO] Step 23: size: 23, coverage: 46.00%, cost: 29.0
[2024-10-06 17:31:19,026][INFO] Step 24: size: 24, coverage: 49.00%, cost: 32.0
[2024-10-06 17:31:19,033][INFO] Step 25: size: 25, coverage: 50.50%, cost: 34.0
[2024-10-06 17:31:19,040][INFO] Step 26: size: 26, coverage: 52.00%, cost: 36.0
[2024-10-06 17:31:19,046][INFO] Step 27: size: 27, coverage: 53.50%, cost: 38.0
[2024-10-06 17:31:19,053][INFO] Step 28: size: 28, coverage: 55.00%, cost: 40.0
[2024-10-06 17:31:19,060][INFO] Step 29: size: 29, coverage: 56.50%, cost: 42.0
[2024-10-06 17:31:19,066][INFO] Step 30: size: 30, coverage: 58.00%, cost: 44.0
[2024-10-06 17:31:19,073][INFO] Step 31: size: 31, coverage: 60.50%, cost: 48.0
[2024-10-06 17:31:19,080][INFO] Step 32: size: 32, coverage: 61.00%, cost: 49.0
[2024-10-06 17:31:19,087][INFO] Step 33: size: 33, coverage: 61.50%, cost: 50.0
[2024-10-06 17:31:19,094][INFO] Step 34: size: 34, coverage: 62.50%, cost: 52.0
[2024-10-06 17:31:19,100][INFO] Step 35: size: 35, coverage: 63.50%, cost: 54.0
[2024-10-06 17:31:19,107][INFO] Step 36: size: 36, coverage: 65.00%, cost: 57.0
[2024-10-06 17:31:19,114][INFO] Step 37: size: 37, coverage: 66.50%, cost: 60.0
[2024-10-06 17:31:19,121][INFO] Step 38: size: 38, coverage: 68.50%, cost: 65.0
[2024-10-06 17:31:19,128][INFO] Step 39: size: 39, coverage: 70.00%, cost: 69.0
[2024-10-06 17:31:19,135][INFO] Step 40: size: 40, coverage: 71.50%, cost: 73.0
[2024-10-06 17:31:19,142][INFO] Step 41: size: 41, coverage: 73.00%, cost: 77.0
[2024-10-06 17:31:19,149][INFO] Step 42: size: 42, coverage: 74.00%, cost: 80.0
[2024-10-06 17:31:19,156][INFO] Step 43: size: 43, coverage: 75.00%, cost: 83.0
[2024-10-06 17:31:19,163][INFO] Step 44: size: 44, coverage: 76.00%, cost: 86.0
[2024-10-06 17:31:19,170][INFO] Step 45: size: 45, coverage: 77.00%, cost: 89.0
[2024-10-06 17:31:19,177][INFO] Step 46: size: 46, coverage: 79.00%, cost: 95.0
[2024-10-06 17:31:19,184][INFO] Step 47: size: 47, coverage: 81.00%, cost: 101.0
[2024-10-06 17:31:19,191][INFO] Step 48: size: 48, coverage: 81.50%, cost: 103.0
[2024-10-06 17:31:19,198][INFO] Step 49: size: 49, coverage: 82.00%, cost: 105.0
[2024-10-06 17:31:19,206][INFO] Step 50: size: 50, coverage: 82.50%, cost: 107.0
[2024-10-06 17:31:19,213][INFO] Step 51: size: 51, coverage: 83.00%, cost: 109.0
[2024-10-06 17:31:19,220][INFO] Step 52: size: 52, coverage: 83.50%, cost: 111.0
[2024-10-06 17:31:19,227][INFO] Step 53: size: 53, coverage: 84.00%, cost: 113.0
[2024-10-06 17:31:19,235][INFO] Step 54: size: 54, coverage: 84.50%, cost: 115.0
[2024-10-06 17:31:19,242][INFO] Step 55: size: 55, coverage: 85.50%, cost: 120.0
[2024-10-06 17:31:19,249][INFO] Step 56: size: 56, coverage: 86.50%, cost: 125.0
[2024-10-06 17:31:19,257][INFO] Step 57: size: 57, coverage: 87.00%, cost: 128.0
[2024-10-06 17:31:19,264][INFO] Step 58: size: 58, coverage: 87.50%, cost: 131.0
[2024-10-06 17:31:19,272][INFO] Step 59: size: 59, coverage: 88.00%, cost: 134.0
[2024-10-06 17:31:19,279][INFO] Step 60: size: 60, coverage: 88.50%, cost: 137.0
[2024-10-06 17:31:19,287][INFO] Step 61: size: 61, coverage: 89.00%, cost: 140.0
[2024-10-06 17:31:19,294][INFO] Step 62: size: 62, coverage: 90.00%, cost: 146.0
[2024-10-06 17:31:19,302][INFO] Step 63: size: 63, coverage: 91.50%, cost: 155.0
[2024-10-06 17:31:19,309][INFO] Step 64: size: 64, coverage: 92.50%, cost: 162.0
[2024-10-06 17:31:19,317][INFO] Step 65: size: 65, coverage: 93.50%, cost: 169.0
[2024-10-06 17:31:19,325][INFO] Step 66: size: 66, coverage: 94.00%, cost: 173.0
[2024-10-06 17:31:19,332][INFO] Step 67: size: 67, coverage: 94.50%, cost: 177.0
[2024-10-06 17:31:19,340][INFO] Step 68: size: 68, coverage: 95.50%, cost: 185.0
[2024-10-06 17:31:19,348][INFO] Step 69: size: 69, coverage: 96.00%, cost: 191.0
[2024-10-06 17:31:19,356][INFO] Step 70: size: 70, coverage: 97.00%, cost: 203.0
[2024-10-06 17:31:19,364][INFO] Step 71: size: 71, coverage: 97.50%, cost: 210.0
[2024-10-06 17:31:19,371][INFO] Step 72: size: 72, coverage: 98.00%, cost: 217.0
[2024-10-06 17:31:19,379][INFO] Step 73: size: 73, coverage: 98.50%, cost: 225.0
[2024-10-06 17:31:19,387][INFO] Step 74: size: 74, coverage: 99.00%, cost: 233.0
[2024-10-06 17:31:19,395][INFO] Step 75: size: 75, coverage: 99.50%, cost: 242.0
[2024-10-06 17:31:19,403][INFO] Step 76: size: 76, coverage: 100.00%, cost: 251.0
[2024-10-06 18:50:12,615][INFO] Step 1: size: 1, coverage: 5.00%, cost: 1.0
[2024-10-06 18:50:12,622][INFO] Step 2: size: 2, coverage: 9.50%, cost: 2.0
[2024-10-06 18:50:12,628][INFO] Step 3: size: 3, coverage: 11.50%, cost: 3.0
[2024-10-06 18:50:12,634][INFO] Step 4: size: 4, coverage: 13.50%, cost: 4.0
[2024-10-06 18:50:12,640][INFO] Step 5: size: 5, coverage: 15.50%, cost: 5.0
[2024-10-06 18:50:12,647][INFO] Step 6: size: 6, coverage: 17.50%, cost: 6.0
[2024-10-06 18:50:12,653][INFO] Step 7: size: 7, coverage: 19.50%, cost: 7.0
[2024-10-06 18:50:12,659][INFO] Step 8: size: 8, coverage: 23.00%, cost: 9.0
[2024-10-06 18:50:12,666][INFO] Step 9: size: 9, coverage: 24.50%, cost: 10.0
[2024-10-06 18:50:12,672][INFO] Step 10: size: 10, coverage: 26.00%, cost: 11.0
[2024-10-06 18:50:12,678][INFO] Step 11: size: 11, coverage: 27.50%, cost: 12.0
[2024-10-06 18:50:12,685][INFO] Step 12: size: 12, coverage: 29.00%, cost: 13.0
[2024-10-06 18:50:12,691][INFO] Step 13: size: 13, coverage: 30.50%, cost: 14.0
[2024-10-06 18:50:12,698][INFO] Step 14: size: 14, coverage: 32.00%, cost: 15.0
[2024-10-06 18:50:12,704][INFO] Step 15: size: 15, coverage: 33.00%, cost: 16.0
[2024-10-06 18:50:12,711][INFO] Step 16: size: 16, coverage: 34.00%, cost: 17.0
[2024-10-06 18:50:12,718][INFO] Step 17: size: 17, coverage: 35.00%, cost: 18.0
[2024-10-06 18:50:12,724][INFO] Step 18: size: 18, coverage: 36.00%, cost: 19.0
[2024-10-06 18:50:12,731][INFO] Step 19: size: 19, coverage: 38.00%, cost: 21.0
[2024-10-06 18:50:12,737][INFO] Step 20: size: 20, coverage: 40.00%, cost: 23.0
[2024-10-06 18:50:12,744][INFO] Step 21: size: 21, coverage: 42.00%, cost: 25.0
[2024-10-06 18:50:12,750][INFO] Step 22: size: 22, coverage: 44.00%, cost: 27.0
[2024-10-06 18:50:12,757][INFO] Step 23: size: 23, coverage: 46.00%, cost: 29.0
[2024-10-06 18:50:12,763][INFO] Step 24: size: 24, coverage: 49.00%, cost: 32.0
[2024-10-06 18:50:12,770][INFO] Step 25: size: 25, coverage: 50.50%, cost: 34.0
[2024-10-06 18:50:12,776][INFO] Step 26: size: 26, coverage: 52.00%, cost: 36.0
[2024-10-06 18:50:12,783][INFO] Step 27: size: 27, coverage: 53.50%, cost: 38.0
[2024-10-06 18:50:12,790][INFO] Step 28: size: 28, coverage: 55.00%, cost: 40.0
[2024-10-06 18:50:12,796][INFO] Step 29: size: 29, coverage: 56.50%, cost: 42.0
[2024-10-06 18:50:12,803][INFO] Step 30: size: 30, coverage: 58.00%, cost: 44.0
[2024-10-06 18:50:12,810][INFO] Step 31: size: 31, coverage: 60.50%, cost: 48.0
[2024-10-06 18:50:12,816][INFO] Step 32: size: 32, coverage: 61.00%, cost: 49.0
[2024-10-06 18:50:12,823][INFO] Step 33: size: 33, coverage: 61.50%, cost: 50.0
[2024-10-06 18:50:12,830][INFO] Step 34: size: 34, coverage: 62.50%, cost: 52.0
[2024-10-06 18:50:12,837][INFO] Step 35: size: 35, coverage: 63.50%, cost: 54.0
[2024-10-06 18:50:12,843][INFO] Step 36: size: 36, coverage: 65.00%, cost: 57.0
[2024-10-06 18:50:12,850][INFO] Step 37: size: 37, coverage: 66.50%, cost: 60.0
[2024-10-06 18:50:12,857][INFO] Step 38: size: 38, coverage: 68.50%, cost: 65.0
[2024-10-06 18:50:12,864][INFO] Step 39: size: 39, coverage: 70.00%, cost: 69.0
[2024-10-06 18:50:12,871][INFO] Step 40: size: 40, coverage: 71.50%, cost: 73.0
[2024-10-06 18:50:12,878][INFO] Step 41: size: 41, coverage: 73.00%, cost: 77.0
[2024-10-06 18:50:12,885][INFO] Step 42: size: 42, coverage: 74.00%, cost: 80.0
[2024-10-06 18:50:12,892][INFO] Step 43: size: 43, coverage: 75.00%, cost: 83.0
[2024-10-06 18:50:12,899][INFO] Step 44: size: 44, coverage: 76.00%, cost: 86.0
[2024-10-06 18:50:12,906][INFO] Step 45: size: 45, coverage: 77.00%, cost: 89.0
[2024-10-06 18:50:12,913][INFO] Step 46: size: 46, coverage: 79.00%, cost: 95.0
[2024-10-06 18:50:12,920][INFO] Step 47: size: 47, coverage: 81.00%, cost: 101.0
[2024-10-06 18:50:12,927][INFO] Step 48: size: 48, coverage: 81.50%, cost: 103.0
[2024-10-06 18:50:12,934][INFO] Step 49: size: 49, coverage: 82.00%, cost: 105.0
[2024-10-06 18:50:12,941][INFO] Step 50: size: 50, coverage: 82.50%, cost: 107.0
[2024-10-06 18:50:12,948][INFO] Step 51: size: 51, coverage: 83.00%, cost: 109.0
[2024-10-06 18:50:12,956][INFO] Step 52: size: 52, coverage: 83.50%, cost: 111.0
[2024-10-06 18:50:12,963][INFO] Step 53: size: 53, coverage: 84.00%, cost: 113.0
[2024-10-06 18:50:12,970][INFO] Step 54: size: 54, coverage: 84.50%, cost: 115.0
[2024-10-06 18:50:12,977][INFO] Step 55: size: 55, coverage: 85.50%, cost: 120.0
[2024-10-06 18:50:12,985][INFO] Step 56: size: 56, coverage: 86.50%, cost: 125.0
[2024-10-06 18:50:12,992][INFO] Step 57: size: 57, coverage: 87.00%, cost: 128.0
[2024-10-06 18:50:12,999][INFO] Step 58: size: 58, coverage: 87.50%, cost: 131.0
[2024-10-06 18:50:13,007][INFO] Step 59: size: 59, coverage: 88.00%, cost: 134.0
[2024-10-06 18:50:13,014][INFO] Step 60: size: 60, coverage: 88.50%, cost: 137.0
[2024-10-06 18:50:13,022][INFO] Step 61: size: 61, coverage: 89.00%, cost: 140.0
[2024-10-06 18:50:13,029][INFO] Step 62: size: 62, coverage: 90.00%, cost: 146.0
[2024-10-06 18:50:13,037][INFO] Step 63: size: 63, coverage: 91.50%, cost: 155.0
[2024-10-06 18:50:13,044][INFO] Step 64: size: 64, coverage: 92.50%, cost: 162.0
[2024-10-06 18:50:13,052][INFO] Step 65: size: 65, coverage: 93.50%, cost: 169.0
[2024-10-06 18:50:13,059][INFO] Step 66: size: 66, coverage: 94.00%, cost: 173.0
[2024-10-06 18:50:13,067][INFO] Step 67: size: 67, coverage: 94.50%, cost: 177.0
[2024-10-06 18:50:13,075][INFO] Step 68: size: 68, coverage: 95.50%, cost: 185.0
[2024-10-06 18:50:13,082][INFO] Step 69: size: 69, coverage: 96.00%, cost: 191.0
[2024-10-06 18:50:13,090][INFO] Step 70: size: 70, coverage: 97.00%, cost: 203.0
[2024-10-06 18:50:13,098][INFO] Step 71: size: 71, coverage: 97.50%, cost: 210.0
[2024-10-06 18:50:13,106][INFO] Step 72: size: 72, coverage: 98.00%, cost: 217.0
[2024-10-06 18:50:13,114][INFO] Step 73: size: 73, coverage: 98.50%, cost: 225.0
[2024-10-06 18:50:13,121][INFO] Step 74: size: 74, coverage: 99.00%, cost: 233.0
[2024-10-06 18:50:13,129][INFO] Step 75: size: 75, coverage: 99.50%, cost: 242.0
[2024-10-06 18:50:13,137][INFO] Step 76: size: 76, coverage: 100.00%, cost: 251.0
[2024-10-06 18:50:13,139][INFO] Size: 76 -> 70
[2024-10-06 18:50:13,139][INFO] Cost: 251.0 -> 241.0
[2024-10-06 18:50:13,139][INFO] Pruned solution: [np.int64(1), np.int64(3), np.int64(6), np.int64(26), np.int64(7), np.int64(10), np.int64(16), np.int64(14), np.int64(22), np.int64(25), np.int64(31), np.int64(53), np.int64(34), np.int64(37), np.int64(44), np.int64(13), np.int64(35), np.int64(59), np.int64(91), np.int64(76), np.int64(56), np.int64(67), np.int64(106), np.int64(29), np.int64(33), np.int64(42), np.int64(48), np.int64(99), np.int64(58), np.int64(63), np.int64(104), np.int64(130), np.int64(84), np.int64(154), np.int64(246), np.int64(141), np.int64(156), np.int64(186), np.int64(2), np.int64(8), np.int64(11), np.int64(24), np.int64(38), np.int64(40), np.int64(20), np.int64(75), np.int64(60), np.int64(111), np.int64(94), np.int64(62), np.int64(193), np.int64(87), np.int64(129), np.int64(177), np.int64(4), np.int64(12), np.int64(36), np.int64(70), np.int64(68), np.int64(54), np.int64(137), np.int64(152), np.int64(9), np.int64(79), np.int64(46), np.int64(117), np.int64(27), np.int64(69), np.int64(77), np.int64(0)]
[2024-10-06 18:52:34,149][INFO] Step 1: size: 1, coverage: 5.00%, cost: 1.0
[2024-10-06 18:52:34,156][INFO] Step 2: size: 2, coverage: 9.50%, cost: 2.0
[2024-10-06 18:52:34,162][INFO] Step 3: size: 3, coverage: 11.50%, cost: 3.0
[2024-10-06 18:52:34,168][INFO] Step 4: size: 4, coverage: 13.50%, cost: 4.0
[2024-10-06 18:52:34,175][INFO] Step 5: size: 5, coverage: 15.50%, cost: 5.0
[2024-10-06 18:52:34,181][INFO] Step 6: size: 6, coverage: 17.50%, cost: 6.0
[2024-10-06 18:52:34,188][INFO] Step 7: size: 7, coverage: 19.50%, cost: 7.0
[2024-10-06 18:52:34,194][INFO] Step 8: size: 8, coverage: 23.00%, cost: 9.0
[2024-10-06 18:52:34,201][INFO] Step 9: size: 9, coverage: 24.50%, cost: 10.0
[2024-10-06 18:52:34,207][INFO] Step 10: size: 10, coverage: 26.00%, cost: 11.0
[2024-10-06 18:52:34,214][INFO] Step 11: size: 11, coverage: 27.50%, cost: 12.0
[2024-10-06 18:52:34,220][INFO] Step 12: size: 12, coverage: 29.00%, cost: 13.0
[2024-10-06 18:52:34,227][INFO] Step 13: size: 13, coverage: 30.50%, cost: 14.0
[2024-10-06 18:52:34,234][INFO] Step 14: size: 14, coverage: 32.00%, cost: 15.0
[2024-10-06 18:52:34,241][INFO] Step 15: size: 15, coverage: 33.00%, cost: 16.0
[2024-10-06 18:52:34,247][INFO] Step 16: size: 16, coverage: 34.00%, cost: 17.0
[2024-10-06 18:52:34,254][INFO] Step 17: size: 17, coverage: 35.00%, cost: 18.0
[2024-10-06 18:52:34,261][INFO] Step 18: size: 18, coverage: 36.00%, cost: 19.0
[2024-10-06 18:52:34,267][INFO] Step 19: size: 19, coverage: 38.00%, cost: 21.0
[2024-10-06 18:52:34,274][INFO] Step 20: size: 20, coverage: 40.00%, cost: 23.0
[2024-10-06 18:52:34,281][INFO] Step 21: size: 21, coverage: 42.00%, cost: 25.0
[2024-10-06 18:52:34,288][INFO] Step 22: size: 22, coverage: 44.00%, cost: 27.0
[2024-10-06 18:52:34,294][INFO] Step 23: size: 23, coverage: 46.00%, cost: 29.0
[2024-10-06 18:52:34,301][INFO] Step 24: size: 24, coverage: 49.00%, cost: 32.0
[2024-10-06 18:52:34,308][INFO] Step 25: size: 25, coverage: 50.50%, cost: 34.0
[2024-10-06 18:52:34,315][INFO] Step 26: size: 26, coverage: 52.00%, cost: 36.0
[2024-10-06 18:52:34,322][INFO] Step 27: size: 27, coverage: 53.50%, cost: 38.0
[2024-10-06 18:52:34,329][INFO] Step 28: size: 28, coverage: 55.00%, cost: 40.0
[2024-10-06 18:52:34,335][INFO] Step 29: size: 29, coverage: 56.50%, cost: 42.0
[2024-10-06 18:52:34,342][INFO] Step 30: size: 30, coverage: 58.00%, cost: 44.0
[2024-10-06 18:52:34,349][INFO] Step 31: size: 31, coverage: 60.50%, cost: 48.0
[2024-10-06 18:52:34,356][INFO] Step 32: size: 32, coverage: 61.00%, cost: 49.0
[2024-10-06 18:52:34,363][INFO] Step 33: size: 33, coverage: 61.50%, cost: 50.0
[2024-10-06 18:52:34,370][INFO] Step 34: size: 34, coverage: 62.50%, cost: 52.0
[2024-10-06 18:52:34,377][INFO] Step 35: size: 35, coverage: 63.50%, cost: 54.0
[2024-10-06 18:52:34,384][INFO] Step 36: size: 36, coverage: 65.00%, cost: 57.0
[2024-10-06 18:52:34,391][INFO] Step 37: size: 37, coverage: 66.50%, cost: 60.0
[2024-10-06 18:52:34,398][INFO] Step 38: size: 38, coverage: 68.50%, cost: 65.0
[2024-10-06 18:52:34,405][INFO] Step 39: size: 39, coverage: 70.00%, cost: 69.0
[2024-10-06 18:52:34,413][INFO] Step 40: size: 40, coverage: 71.50%, cost: 73.0
[2024-10-06 18:52:34,420][INFO] Step 41: size: 41, coverage: 73.00%, cost: 77.0
[2024-10-06 18:52:34,427][INFO] Step 42: size: 42, coverage: 74.00%, cost: 80.0
[2024-10-06 18:52:34,434][INFO] Step 43: size: 43, coverage: 75.00%, cost: 83.0
[2024-10-06 18:52:34,441][INFO] Step 44: size: 44, coverage: 76.00%, cost: 86.0
[2024-10-06 18:52:34,449][INFO] Step 45: size: 45, coverage: 77.00%, cost: 89.0
[2024-10-06 18:52:34,456][INFO] Step 46: size: 46, coverage: 79.00%, cost: 95.0
[2024-10-06 18:52:34,463][INFO] Step 47: size: 47, coverage: 81.00%, cost: 101.0
[2024-10-06 18:52:34,470][INFO] Step 48: size: 48, coverage: 81.50%, cost: 103.0
[2024-10-06 18:52:34,478][INFO] Step 49: size: 49, coverage: 82.00%, cost: 105.0
[2024-10-06 18:52:34,485][INFO] Step 50: size: 50, coverage: 82.50%, cost: 107.0
[2024-10-06 18:52:34,492][INFO] Step 51: size: 51, coverage: 83.00%, cost: 109.0
[2024-10-06 18:52:34,500][INFO] Step 52: size: 52, coverage: 83.50%, cost: 111.0
[2024-10-06 18:52:34,507][INFO] Step 53: size: 53, coverage: 84.00%, cost: 113.0
[2024-10-06 18:52:34,515][INFO] Step 54: size: 54, coverage: 84.50%, cost: 115.0
[2024-10-06 18:52:34,522][INFO] Step 55: size: 55, coverage: 85.50%, cost: 120.0
[2024-10-06 18:52:34,530][INFO] Step 56: size: 56, coverage: 86.50%, cost: 125.0
[2024-10-06 18:52:34,537][INFO] Step 57: size: 57, coverage: 87.00%, cost: 128.0
[2024-10-06 18:52:34,545][INFO] Step 58: size: 58, coverage: 87.50%, cost: 131.0
[2024-10-06 18:52:34,553][INFO] Step 59: size: 59, coverage: 88.00%, cost: 134.0
[2024-10-06 18:52:34,560][INFO] Step 60: size: 60, coverage: 88.50%, cost: 137.0
[2024-10-06 18:52:34,568][INFO] Step 61: size: 61, coverage: 89.00%, cost: 140.0
[2024-10-06 18:52:34,576][INFO] Step 62: size: 62, coverage: 90.00%, cost: 146.0
[2024-10-06 18:52:34,583][INFO] Step 63: size: 63, coverage: 91.50%, cost: 155.0
[2024-10-06 18:52:34,591][INFO] Step 64: size: 64, coverage: 92.50%, cost: 162.0
[2024-10-06 18:52:34,599][INFO] Step 65: size: 65, coverage: 93.50%, cost: 169.0
[2024-10-06 18:52:34,607][INFO] Step 66: size: 66, coverage: 94.00%, cost: 173.0
[2024-10-06 18:52:34,615][INFO] Step 67: size: 67, coverage: 94.50%, cost: 177.0
[2024-10-06 18:52:34,623][INFO] Step 68: size: 68, coverage: 95.50%, cost: 185.0
[2024-10-06 18:52:34,631][INFO] Step 69: size: 69, coverage: 96.00%, cost: 191.0
[2024-10-06 18:52:34,639][INFO] Step 70: size: 70, coverage: 97.00%, cost: 203.0
[2024-10-06 18:52:34,647][INFO] Step 71: size: 71, coverage: 97.50%, cost: 210.0
[2024-10-06 18:52:34,655][INFO] Step 72: size: 72, coverage: 98.00%, cost: 217.0
[2024-10-06 18:52:34,663][INFO] Step 73: size: 73, coverage: 98.50%, cost: 225.0
[2024-10-06 18:52:34,671][INFO] Step 74: size: 74, coverage: 99.00%, cost: 233.0
[2024-10-06 18:52:34,679][INFO] Step 75: size: 75, coverage: 99.50%, cost: 242.0
[2024-10-06 18:52:34,687][INFO] Step 76: size: 76, coverage: 100.00%, cost: 251.0
[2024-10-06 18:52:34,689][INFO] Size: 76 -> 70
[2024-10-06 18:52:34,689][INFO] Cost: 251.0 -> 241.0
[2024-10-06 18:55:45,465][INFO] Step 1: size: 1, coverage: 5.00%, cost: 1.0
[2024-10-06 18:55:45,471][INFO] Step 2: size: 2, coverage: 9.50%, cost: 2.0
[2024-10-06 18:55:45,478][INFO] Step 3: size: 3, coverage: 11.50%, cost: 3.0
[2024-10-06 18:55:45,484][INFO] Step 4: size: 4, coverage: 13.50%, cost: 4.0
[2024-10-06 18:55:45,490][INFO] Step 5: size: 5, coverage: 15.50%, cost: 5.0
[2024-10-06 18:55:45,496][INFO] Step 6: size: 6, coverage: 17.50%, cost: 6.0
[2024-10-06 18:55:45,502][INFO] Step 7: size: 7, coverage: 19.50%, cost: 7.0
[2024-10-06 18:55:45,509][INFO] Step 8: size: 8, coverage: 23.00%, cost: 9.0
[2024-10-06 18:55:45,515][INFO] Step 9: size: 9, coverage: 24.50%, cost: 10.0
[2024-10-06 18:55:45,521][INFO] Step 10: size: 10, coverage: 26.00%, cost: 11.0
[2024-10-06 18:55:45,528][INFO] Step 11: size: 11, coverage: 27.50%, cost: 12.0
[2024-10-06 18:55:45,534][INFO] Step 12: size: 12, coverage: 29.00%, cost: 13.0
[2024-10-06 18:55:45,541][INFO] Step 13: size: 13, coverage: 30.50%, cost: 14.0
[2024-10-06 18:55:45,547][INFO] Step 14: size: 14, coverage: 32.00%, cost: 15.0
[2024-10-06 18:55:45,554][INFO] Step 15: size: 15, coverage: 33.00%, cost: 16.0
[2024-10-06 18:55:45,560][INFO] Step 16: size: 16, coverage: 34.00%, cost: 17.0
[2024-10-06 18:55:45,567][INFO] Step 17: size: 17, coverage: 35.00%, cost: 18.0
[2024-10-06 18:55:45,573][INFO] Step 18: size: 18, coverage: 36.00%, cost: 19.0
[2024-10-06 18:55:45,580][INFO] Step 19: size: 19, coverage: 38.00%, cost: 21.0
[2024-10-06 18:55:45,586][INFO] Step 20: size: 20, coverage: 40.00%, cost: 23.0
[2024-10-06 18:55:45,593][INFO] Step 21: size: 21, coverage: 42.00%, cost: 25.0
[2024-10-06 18:55:45,599][INFO] Step 22: size: 22, coverage: 44.00%, cost: 27.0
[2024-10-06 18:55:45,606][INFO] Step 23: size: 23, coverage: 46.00%, cost: 29.0
[2024-10-06 18:55:45,613][INFO] Step 24: size: 24, coverage: 49.00%, cost: 32.0
[2024-10-06 18:55:45,619][INFO] Step 25: size: 25, coverage: 50.50%, cost: 34.0
[2024-10-06 18:55:45,626][INFO] Step 26: size: 26, coverage: 52.00%, cost: 36.0
[2024-10-06 18:55:45,632][INFO] Step 27: size: 27, coverage: 53.50%, cost: 38.0
[2024-10-06 18:55:45,639][INFO] Step 28: size: 28, coverage: 55.00%, cost: 40.0
[2024-10-06 18:55:45,646][INFO] Step 29: size: 29, coverage: 56.50%, cost: 42.0
[2024-10-06 18:55:45,652][INFO] Step 30: size: 30, coverage: 58.00%, cost: 44.0
[2024-10-06 18:55:45,659][INFO] Step 31: size: 31, coverage: 60.50%, cost: 48.0
[2024-10-06 18:55:45,666][INFO] Step 32: size: 32, coverage: 61.00%, cost: 49.0
[2024-10-06 18:55:45,673][INFO] Step 33: size: 33, coverage: 61.50%, cost: 50.0
[2024-10-06 18:55:45,679][INFO] Step 34: size: 34, coverage: 62.50%, cost: 52.0
[2024-10-06 18:55:45,686][INFO] Step 35: size: 35, coverage: 63.50%, cost: 54.0
[2024-10-06 18:55:45,693][INFO] Step 36: size: 36, coverage: 65.00%, cost: 57.0
[2024-10-06 18:55:45,700][INFO] Step 37: size: 37, coverage: 66.50%, cost: 60.0
[2024-10-06 18:55:45,707][INFO] Step 38: size: 38, coverage: 68.50%, cost: 65.0
[2024-10-06 18:55:45,714][INFO] Step 39: size: 39, coverage: 70.00%, cost: 69.0
[2024-10-06 18:55:45,721][INFO] Step 40: size: 40, coverage: 71.50%, cost: 73.0
[2024-10-06 18:55:45,728][INFO] Step 41: size: 41, coverage: 73.00%, cost: 77.0
[2024-10-06 18:55:45,734][INFO] Step 42: size: 42, coverage: 74.00%, cost: 80.0
[2024-10-06 18:55:45,741][INFO] Step 43: size: 43, coverage: 75.00%, cost: 83.0
[2024-10-06 18:55:45,748][INFO] Step 44: size: 44, coverage: 76.00%, cost: 86.0
[2024-10-06 18:55:45,755][INFO] Step 45: size: 45, coverage: 77.00%, cost: 89.0
[2024-10-06 18:55:45,762][INFO] Step 46: size: 46, coverage: 79.00%, cost: 95.0
[2024-10-06 18:55:45,769][INFO] Step 47: size: 47, coverage: 81.00%, cost: 101.0
[2024-10-06 18:55:45,777][INFO] Step 48: size: 48, coverage: 81.50%, cost: 103.0
[2024-10-06 18:55:45,784][INFO] Step 49: size: 49, coverage: 82.00%, cost: 105.0
[2024-10-06 18:55:45,791][INFO] Step 50: size: 50, coverage: 82.50%, cost: 107.0
[2024-10-06 18:55:45,798][INFO] Step 51: size: 51, coverage: 83.00%, cost: 109.0
[2024-10-06 18:55:45,805][INFO] Step 52: size: 52, coverage: 83.50%, cost: 111.0
[2024-10-06 18:55:45,812][INFO] Step 53: size: 53, coverage: 84.00%, cost: 113.0
[2024-10-06 18:55:45,820][INFO] Step 54: size: 54, coverage: 84.50%, cost: 115.0
[2024-10-06 18:55:45,827][INFO] Step 55: size: 55, coverage: 85.50%, cost: 120.0
[2024-10-06 18:55:45,834][INFO] Step 56: size: 56, coverage: 86.50%, cost: 125.0
[2024-10-06 18:55:45,842][INFO] Step 57: size: 57, coverage: 87.00%, cost: 128.0
[2024-10-06 18:55:45,849][INFO] Step 58: size: 58, coverage: 87.50%, cost: 131.0
[2024-10-06 18:55:45,856][INFO] Step 59: size: 59, coverage: 88.00%, cost: 134.0
[2024-10-06 18:55:45,864][INFO] Step 60: size: 60, coverage: 88.50%, cost: 137.0
[2024-10-06 18:55:45,871][INFO] Step 61: size: 61, coverage: 89.00%, cost: 140.0
[2024-10-06 18:55:45,879][INFO] Step 62: size: 62, coverage: 90.00%, cost: 146.0
[2024-10-06 18:55:45,886][INFO] Step 63: size: 63, coverage: 91.50%, cost: 155.0
[2024-10-06 18:55:45,894][INFO] Step 64: size: 64, coverage: 92.50%, cost: 162.0
[2024-10-06 18:55:45,902][INFO] Step 65: size: 65, coverage: 93.50%, cost: 169.0
[2024-10-06 18:55:45,909][INFO] Step 66: size: 66, coverage: 94.00%, cost: 173.0
[2024-10-06 18:55:45,917][INFO] Step 67: size: 67, coverage: 94.50%, cost: 177.0
[2024-10-06 18:55:45,925][INFO] Step 68: size: 68, coverage: 95.50%, cost: 185.0
[2024-10-06 18:55:45,933][INFO] Step 69: size: 69, coverage: 96.00%, cost: 191.0
[2024-10-06 18:55:45,940][INFO] Step 70: size: 70, coverage: 97.00%, cost: 203.0
[2024-10-06 18:55:45,948][INFO] Step 71: size: 71, coverage: 97.50%, cost: 210.0
[2024-10-06 18:55:45,956][INFO] Step 72: size: 72, coverage: 98.00%, cost: 217.0
[2024-10-06 18:55:45,964][INFO] Step 73: size: 73, coverage: 98.50%, cost: 225.0
[2024-10-06 18:55:45,972][INFO] Step 74: size: 74, coverage: 99.00%, cost: 233.0
[2024-10-06 18:55:45,980][INFO] Step 75: size: 75, coverage: 99.50%, cost: 242.0
[2024-10-06 18:55:45,988][INFO] Step 76: size: 76, coverage: 100.00%, cost: 251.0
[2024-10-06 18:55:45,989][INFO] Size: 76 -> 70
[2024-10-06 18:55:45,989][INFO] Cost: 251.0 -> 241.0
[2024-10-06 19:03:27,012][INFO] Step 1: size: 1, coverage: 5.00%, cost: 1.0
[2024-10-06 19:03:27,018][INFO] Step 2: size: 2, coverage: 9.50%, cost: 2.0
[2024-10-06 19:03:27,024][INFO] Step 3: size: 3, coverage: 11.50%, cost: 3.0
[2024-10-06 19:03:27,031][INFO] Step 4: size: 4, coverage: 13.50%, cost: 4.0
[2024-10-06 19:03:27,037][INFO] Step 5: size: 5, coverage: 15.50%, cost: 5.0
[2024-10-06 19:03:27,043][INFO] Step 6: size: 6, coverage: 17.50%, cost: 6.0
[2024-10-06 19:03:27,050][INFO] Step 7: size: 7, coverage: 19.50%, cost: 7.0
[2024-10-06 19:03:27,056][INFO] Step 8: size: 8, coverage: 23.00%, cost: 9.0
[2024-10-06 19:03:27,063][INFO] Step 9: size: 9, coverage: 24.50%, cost: 10.0
[2024-10-06 19:03:27,069][INFO] Step 10: size: 10, coverage: 26.00%, cost: 11.0
[2024-10-06 19:03:27,076][INFO] Step 11: size: 11, coverage: 27.50%, cost: 12.0
[2024-10-06 19:03:27,082][INFO] Step 12: size: 12, coverage: 29.00%, cost: 13.0
[2024-10-06 19:03:27,089][INFO] Step 13: size: 13, coverage: 30.50%, cost: 14.0
[2024-10-06 19:03:27,095][INFO] Step 14: size: 14, coverage: 32.00%, cost: 15.0
[2024-10-06 19:03:27,102][INFO] Step 15: size: 15, coverage: 33.00%, cost: 16.0
[2024-10-06 19:03:27,108][INFO] Step 16: size: 16, coverage: 34.00%, cost: 17.0
[2024-10-06 19:03:27,115][INFO] Step 17: size: 17, coverage: 35.00%, cost: 18.0
[2024-10-06 19:03:27,122][INFO] Step 18: size: 18, coverage: 36.00%, cost: 19.0
[2024-10-06 19:03:27,129][INFO] Step 19: size: 19, coverage: 38.00%, cost: 21.0
[2024-10-06 19:03:27,135][INFO] Step 20: size: 20, coverage: 40.00%, cost: 23.0
[2024-10-06 19:03:27,142][INFO] Step 21: size: 21, coverage: 42.00%, cost: 25.0
[2024-10-06 19:03:27,148][INFO] Step 22: size: 22, coverage: 44.00%, cost: 27.0
[2024-10-06 19:03:27,155][INFO] Step 23: size: 23, coverage: 46.00%, cost: 29.0
[2024-10-06 19:03:27,162][INFO] Step 24: size: 24, coverage: 49.00%, cost: 32.0
[2024-10-06 19:03:27,168][INFO] Step 25: size: 25, coverage: 50.50%, cost: 34.0
[2024-10-06 19:03:27,175][INFO] Step 26: size: 26, coverage: 52.00%, cost: 36.0
[2024-10-06 19:03:27,182][INFO] Step 27: size: 27, coverage: 53.50%, cost: 38.0
[2024-10-06 19:03:27,188][INFO] Step 28: size: 28, coverage: 55.00%, cost: 40.0
[2024-10-06 19:03:27,195][INFO] Step 29: size: 29, coverage: 56.50%, cost: 42.0
[2024-10-06 19:03:27,202][INFO] Step 30: size: 30, coverage: 58.00%, cost: 44.0
[2024-10-06 19:03:27,209][INFO] Step 31: size: 31, coverage: 60.50%, cost: 48.0
[2024-10-06 19:03:27,215][INFO] Step 32: size: 32, coverage: 61.00%, cost: 49.0
[2024-10-06 19:03:27,222][INFO] Step 33: size: 33, coverage: 61.50%, cost: 50.0
[2024-10-06 19:03:27,229][INFO] Step 34: size: 34, coverage: 62.50%, cost: 52.0
[2024-10-06 19:03:27,236][INFO] Step 35: size: 35, coverage: 63.50%, cost: 54.0
[2024-10-06 19:03:27,243][INFO] Step 36: size: 36, coverage: 65.00%, cost: 57.0
[2024-10-06 19:03:27,250][INFO] Step 37: size: 37, coverage: 66.50%, cost: 60.0
[2024-10-06 19:03:27,257][INFO] Step 38: size: 38, coverage: 68.50%, cost: 65.0
[2024-10-06 19:03:27,264][INFO] Step 39: size: 39, coverage: 70.00%, cost: 69.0
[2024-10-06 19:03:27,271][INFO] Step 40: size: 40, coverage: 71.50%, cost: 73.0
[2024-10-06 19:03:27,278][INFO] Step 41: size: 41, coverage: 73.00%, cost: 77.0
[2024-10-06 19:03:27,285][INFO] Step 42: size: 42, coverage: 74.00%, cost: 80.0
[2024-10-06 19:03:27,292][INFO] Step 43: size: 43, coverage: 75.00%, cost: 83.0
[2024-10-06 19:03:27,299][INFO] Step 44: size: 44, coverage: 76.00%, cost: 86.0
[2024-10-06 19:03:27,306][INFO] Step 45: size: 45, coverage: 77.00%, cost: 89.0
[2024-10-06 19:03:27,313][INFO] Step 46: size: 46, coverage: 79.00%, cost: 95.0
[2024-10-06 19:03:27,320][INFO] Step 47: size: 47, coverage: 81.00%, cost: 101.0
[2024-10-06 19:03:27,327][INFO] Step 48: size: 48, coverage: 81.50%, cost: 103.0
[2024-10-06 19:03:27,334][INFO] Step 49: size: 49, coverage: 82.00%, cost: 105.0
[2024-10-06 19:03:27,341][INFO] Step 50: size: 50, coverage: 82.50%, cost: 107.0
[2024-10-06 19:03:27,349][INFO] Step 51: size: 51, coverage: 83.00%, cost: 109.0
[2024-10-06 19:03:27,356][INFO] Step 52: size: 52, coverage: 83.50%, cost: 111.0
[2024-10-06 19:03:27,363][INFO] Step 53: size: 53, coverage: 84.00%, cost: 113.0
[2024-10-06 19:03:27,370][INFO] Step 54: size: 54, coverage: 84.50%, cost: 115.0
[2024-10-06 19:03:27,378][INFO] Step 55: size: 55, coverage: 85.50%, cost: 120.0
[2024-10-06 19:03:27,385][INFO] Step 56: size: 56, coverage: 86.50%, cost: 125.0
[2024-10-06 19:03:27,393][INFO] Step 57: size: 57, coverage: 87.00%, cost: 128.0
[2024-10-06 19:03:27,400][INFO] Step 58: size: 58, coverage: 87.50%, cost: 131.0
[2024-10-06 19:03:27,408][INFO] Step 59: size: 59, coverage: 88.00%, cost: 134.0
[2024-10-06 19:03:27,415][INFO] Step 60: size: 60, coverage: 88.50%, cost: 137.0
[2024-10-06 19:03:27,423][INFO] Step 61: size: 61, coverage: 89.00%, cost: 140.0
[2024-10-06 19:03:27,430][INFO] Step 62: size: 62, coverage: 90.00%, cost: 146.0
[2024-10-06 19:03:27,438][INFO] Step 63: size: 63, coverage: 91.50%, cost: 155.0
[2024-10-06 19:03:27,446][INFO] Step 64: size: 64, coverage: 92.50%, cost: 162.0
[2024-10-06 19:03:27,453][INFO] Step 65: size: 65, coverage: 93.50%, cost: 169.0
[2024-10-06 19:03:27,461][INFO] Step 66: size: 66, coverage: 94.00%, cost: 173.0
[2024-10-06 19:03:27,469][INFO] Step 67: size: 67, coverage: 94.50%, cost: 177.0
[2024-10-06 19:03:27,476][INFO] Step 68: size: 68, coverage: 95.50%, cost: 185.0
[2024-10-06 19:03:27,484][INFO] Step 69: size: 69, coverage: 96.00%, cost: 191.0
[2024-10-06 19:03:27,492][INFO] Step 70: size: 70, coverage: 97.00%, cost: 203.0
[2024-10-06 19:03:27,500][INFO] Step 71: size: 71, coverage: 97.50%, cost: 210.0
[2024-10-06 19:03:27,508][INFO] Step 72: size: 72, coverage: 98.00%, cost: 217.0
[2024-10-06 19:03:27,516][INFO] Step 73: size: 73, coverage: 98.50%, cost: 225.0
[2024-10-06 19:03:27,524][INFO] Step 74: size: 74, coverage: 99.00%, cost: 233.0
[2024-10-06 19:03:27,532][INFO] Step 75: size: 75, coverage: 99.50%, cost: 242.0
[2024-10-06 19:03:27,540][INFO] Step 76: size: 76, coverage: 100.00%, cost: 251.0
[2024-10-06 19:03:27,542][INFO] Size: 76 -> 70
[2024-10-06 19:03:27,542][INFO] Cost: 251.0 -> 241.0
[2024-10-06 22:18:04,103][INFO] Step 1: size: 1, coverage: 5.00%, cost: 1.0
[2024-10-06 22:18:04,109][INFO] Step 2: size: 2, coverage: 9.50%, cost: 2.0
[2024-10-06 22:18:04,116][INFO] Step 3: size: 3, coverage: 11.50%, cost: 3.0
[2024-10-06 22:18:04,122][INFO] Step 4: size: 4, coverage: 13.50%, cost: 4.0
[2024-10-06 22:18:04,128][INFO] Step 5: size: 5, coverage: 15.50%, cost: 5.0
[2024-10-06 22:18:04,135][INFO] Step 6: size: 6, coverage: 17.50%, cost: 6.0
[2024-10-06 22:18:04,141][INFO] Step 7: size: 7, coverage: 19.50%, cost: 7.0
[2024-10-06 22:18:04,148][INFO] Step 8: size: 8, coverage: 23.00%, cost: 9.0
[2024-10-06 22:18:04,154][INFO] Step 9: size: 9, coverage: 24.50%, cost: 10.0
[2024-10-06 22:18:04,161][INFO] Step 10: size: 10, coverage: 26.00%, cost: 11.0
[2024-10-06 22:18:04,167][INFO] Step 11: size: 11, coverage: 27.50%, cost: 12.0
[2024-10-06 22:18:04,174][INFO] Step 12: size: 12, coverage: 29.00%, cost: 13.0
[2024-10-06 22:18:04,180][INFO] Step 13: size: 13, coverage: 30.50%, cost: 14.0
[2024-10-06 22:18:04,187][INFO] Step 14: size: 14, coverage: 32.00%, cost: 15.0
[2024-10-06 22:18:04,193][INFO] Step 15: size: 15, coverage: 33.00%, cost: 16.0
[2024-10-06 22:18:04,200][INFO] Step 16: size: 16, coverage: 34.00%, cost: 17.0
[2024-10-06 22:18:04,207][INFO] Step 17: size: 17, coverage: 35.00%, cost: 18.0
[2024-10-06 22:18:04,213][INFO] Step 18: size: 18, coverage: 36.00%, cost: 19.0
[2024-10-06 22:18:04,220][INFO] Step 19: size: 19, coverage: 38.00%, cost: 21.0
[2024-10-06 22:18:04,227][INFO] Step 20: size: 20, coverage: 40.00%, cost: 23.0
[2024-10-06 22:18:04,233][INFO] Step 21: size: 21, coverage: 42.00%, cost: 25.0
[2024-10-06 22:18:04,240][INFO] Step 22: size: 22, coverage: 44.00%, cost: 27.0
[2024-10-06 22:18:04,246][INFO] Step 23: size: 23, coverage: 46.00%, cost: 29.0
[2024-10-06 22:18:04,253][INFO] Step 24: size: 24, coverage: 49.00%, cost: 32.0
[2024-10-06 22:18:04,260][INFO] Step 25: size: 25, coverage: 50.50%, cost: 34.0
[2024-10-06 22:18:04,267][INFO] Step 26: size: 26, coverage: 52.00%, cost: 36.0
[2024-10-06 22:18:04,273][INFO] Step 27: size: 27, coverage: 53.50%, cost: 38.0
[2024-10-06 22:18:04,280][INFO] Step 28: size: 28, coverage: 55.00%, cost: 40.0
[2024-10-06 22:18:04,287][INFO] Step 29: size: 29, coverage: 56.50%, cost: 42.0
[2024-10-06 22:18:04,294][INFO] Step 30: size: 30, coverage: 58.00%, cost: 44.0
[2024-10-06 22:18:04,300][INFO] Step 31: size: 31, coverage: 60.50%, cost: 48.0
[2024-10-06 22:18:04,307][INFO] Step 32: size: 32, coverage: 61.00%, cost: 49.0
[2024-10-06 22:18:04,314][INFO] Step 33: size: 33, coverage: 61.50%, cost: 50.0
[2024-10-06 22:18:04,321][INFO] Step 34: size: 34, coverage: 62.50%, cost: 52.0
[2024-10-06 22:18:04,328][INFO] Step 35: size: 35, coverage: 63.50%, cost: 54.0
[2024-10-06 22:18:04,335][INFO] Step 36: size: 36, coverage: 65.00%, cost: 57.0
[2024-10-06 22:18:04,342][INFO] Step 37: size: 37, coverage: 66.50%, cost: 60.0
[2024-10-06 22:18:04,349][INFO] Step 38: size: 38, coverage: 68.50%, cost: 65.0
[2024-10-06 22:18:04,356][INFO] Step 39: size: 39, coverage: 70.00%, cost: 69.0
[2024-10-06 22:18:04,363][INFO] Step 40: size: 40, coverage: 71.50%, cost: 73.0
[2024-10-06 22:18:04,370][INFO] Step 41: size: 41, coverage: 73.00%, cost: 77.0
[2024-10-06 22:18:04,377][INFO] Step 42: size: 42, coverage: 74.00%, cost: 80.0
[2024-10-06 22:18:04,384][INFO] Step 43: size: 43, coverage: 75.00%, cost: 83.0
[2024-10-06 22:18:04,391][INFO] Step 44: size: 44, coverage: 76.00%, cost: 86.0
[2024-10-06 22:18:04,398][INFO] Step 45: size: 45, coverage: 77.00%, cost: 89.0
[2024-10-06 22:18:04,405][INFO] Step 46: size: 46, coverage: 79.00%, cost: 95.0
[2024-10-06 22:18:04,412][INFO] Step 47: size: 47, coverage: 81.00%, cost: 101.0
[2024-10-06 22:18:04,419][INFO] Step 48: size: 48, coverage: 81.50%, cost: 103.0
[2024-10-06 22:18:04,427][INFO] Step 49: size: 49, coverage: 82.00%, cost: 105.0
[2024-10-06 22:18:04,434][INFO] Step 50: size: 50, coverage: 82.50%, cost: 107.0
[2024-10-06 22:18:04,441][INFO] Step 51: size: 51, coverage: 83.00%, cost: 109.0
[2024-10-06 22:18:04,448][INFO] Step 52: size: 52, coverage: 83.50%, cost: 111.0
[2024-10-06 22:18:04,456][INFO] Step 53: size: 53, coverage: 84.00%, cost: 113.0
[2024-10-06 22:18:04,463][INFO] Step 54: size: 54, coverage: 84.50%, cost: 115.0
[2024-10-06 22:18:04,470][INFO] Step 55: size: 55, coverage: 85.50%, cost: 120.0
[2024-10-06 22:18:04,478][INFO] Step 56: size: 56, coverage: 86.50%, cost: 125.0
[2024-10-06 22:18:04,485][INFO] Step 57: size: 57, coverage: 87.00%, cost: 128.0
[2024-10-06 22:18:04,493][INFO] Step 58: size: 58, coverage: 87.50%, cost: 131.0
[2024-10-06 22:18:04,500][INFO] Step 59: size: 59, coverage: 88.00%, cost: 134.0
[2024-10-06 22:18:04,508][INFO] Step 60: size: 60, coverage: 88.50%, cost: 137.0
[2024-10-06 22:18:04,515][INFO] Step 61: size: 61, coverage: 89.00%, cost: 140.0
[2024-10-06 22:18:04,523][INFO] Step 62: size: 62, coverage: 90.00%, cost: 146.0
[2024-10-06 22:18:04,530][INFO] Step 63: size: 63, coverage: 91.50%, cost: 155.0
[2024-10-06 22:18:04,538][INFO] Step 64: size: 64, coverage: 92.50%, cost: 162.0
[2024-10-06 22:18:04,546][INFO] Step 65: size: 65, coverage: 93.50%, cost: 169.0
[2024-10-06 22:18:04,553][INFO] Step 66: size: 66, coverage: 94.00%, cost: 173.0
[2024-10-06 22:18:04,561][INFO] Step 67: size: 67, coverage: 94.50%, cost: 177.0
[2024-10-06 22:18:04,569][INFO] Step 68: size: 68, coverage: 95.50%, cost: 185.0
[2024-10-06 22:18:04,577][INFO] Step 69: size: 69, coverage: 96.00%, cost: 191.0
[2024-10-06 22:18:04,584][INFO] Step 70: size: 70, coverage: 97.00%, cost: 203.0
[2024-10-06 22:18:04,592][INFO] Step 71: size: 71, coverage: 97.50%, cost: 210.0
[2024-10-06 22:18:04,600][INFO] Step 72: size: 72, coverage: 98.00%, cost: 217.0
[2024-10-06 22:18:04,608][INFO] Step 73: size: 73, coverage: 98.50%, cost: 225.0
[2024-10-06 22:18:04,616][INFO] Step 74: size: 74, coverage: 99.00%, cost: 233.0
[2024-10-06 22:18:04,624][INFO] Step 75: size: 75, coverage: 99.50%, cost: 242.0
[2024-10-06 22:18:04,632][INFO] Step 76: size: 76, coverage: 100.00%, cost: 251.0
[2024-10-06 22:18:04,634][INFO] Size: 76 -> 70
[2024-10-06 22:18:04,634][INFO] Cost: 251.0 -> 241.0
[2024-10-06 22:21:05,933][INFO] Step 1: size: 1, coverage: 5.00%, cost: 1.0
[2024-10-06 22:21:05,939][INFO] Step 2: size: 2, coverage: 9.50%, cost: 2.0
[2024-10-06 22:21:05,945][INFO] Step 3: size: 3, coverage: 11.50%, cost: 3.0
[2024-10-06 22:21:05,951][INFO] Step 4: size: 4, coverage: 13.50%, cost: 4.0
[2024-10-06 22:21:05,958][INFO] Step 5: size: 5, coverage: 15.50%, cost: 5.0
[2024-10-06 22:21:05,964][INFO] Step 6: size: 6, coverage: 17.50%, cost: 6.0
[2024-10-06 22:21:05,970][INFO] Step 7: size: 7, coverage: 19.50%, cost: 7.0
[2024-10-06 22:21:05,977][INFO] Step 8: size: 8, coverage: 23.00%, cost: 9.0
[2024-10-06 22:21:05,983][INFO] Step 9: size: 9, coverage: 24.50%, cost: 10.0
[2024-10-06 22:21:05,990][INFO] Step 10: size: 10, coverage: 26.00%, cost: 11.0
[2024-10-06 22:21:05,996][INFO] Step 11: size: 11, coverage: 27.50%, cost: 12.0
[2024-10-06 22:21:06,003][INFO] Step 12: size: 12, coverage: 29.00%, cost: 13.0
[2024-10-06 22:21:06,009][INFO] Step 13: size: 13, coverage: 30.50%, cost: 14.0
[2024-10-06 22:21:06,016][INFO] Step 14: size: 14, coverage: 32.00%, cost: 15.0
[2024-10-06 22:21:06,022][INFO] Step 15: size: 15, coverage: 33.00%, cost: 16.0
[2024-10-06 22:21:06,029][INFO] Step 16: size: 16, coverage: 34.00%, cost: 17.0
[2024-10-06 22:21:06,036][INFO] Step 17: size: 17, coverage: 35.00%, cost: 18.0
[2024-10-06 22:21:06,042][INFO] Step 18: size: 18, coverage: 36.00%, cost: 19.0
[2024-10-06 22:21:06,049][INFO] Step 19: size: 19, coverage: 38.00%, cost: 21.0
[2024-10-06 22:21:06,055][INFO] Step 20: size: 20, coverage: 40.00%, cost: 23.0
[2024-10-06 22:21:06,062][INFO] Step 21: size: 21, coverage: 42.00%, cost: 25.0
[2024-10-06 22:21:06,069][INFO] Step 22: size: 22, coverage: 44.00%, cost: 27.0
[2024-10-06 22:21:06,075][INFO] Step 23: size: 23, coverage: 46.00%, cost: 29.0
[2024-10-06 22:21:06,082][INFO] Step 24: size: 24, coverage: 49.00%, cost: 32.0
[2024-10-06 22:21:06,089][INFO] Step 25: size: 25, coverage: 50.50%, cost: 34.0
[2024-10-06 22:21:06,095][INFO] Step 26: size: 26, coverage: 52.00%, cost: 36.0
[2024-10-06 22:21:06,102][INFO] Step 27: size: 27, coverage: 53.50%, cost: 38.0
[2024-10-06 22:21:06,109][INFO] Step 28: size: 28, coverage: 55.00%, cost: 40.0
[2024-10-06 22:21:06,116][INFO] Step 29: size: 29, coverage: 56.50%, cost: 42.0
[2024-10-06 22:21:06,122][INFO] Step 30: size: 30, coverage: 58.00%, cost: 44.0
[2024-10-06 22:21:06,129][INFO] Step 31: size: 31, coverage: 60.50%, cost: 48.0
[2024-10-06 22:21:06,136][INFO] Step 32: size: 32, coverage: 61.00%, cost: 49.0
[2024-10-06 22:21:06,143][INFO] Step 33: size: 33, coverage: 61.50%, cost: 50.0
[2024-10-06 22:21:06,150][INFO] Step 34: size: 34, coverage: 62.50%, cost: 52.0
[2024-10-06 22:21:06,157][INFO] Step 35: size: 35, coverage: 63.50%, cost: 54.0
[2024-10-06 22:21:06,164][INFO] Step 36: size: 36, coverage: 65.00%, cost: 57.0
[2024-10-06 22:21:06,170][INFO] Step 37: size: 37, coverage: 66.50%, cost: 60.0
[2024-10-06 22:21:06,177][INFO] Step 38: size: 38, coverage: 68.50%, cost: 65.0
[2024-10-06 22:21:06,184][INFO] Step 39: size: 39, coverage: 70.00%, cost: 69.0
[2024-10-06 22:21:06,191][INFO] Step 40: size: 40, coverage: 71.50%, cost: 73.0
[2024-10-06 22:21:06,198][INFO] Step 41: size: 41, coverage: 73.00%, cost: 77.0
[2024-10-06 22:21:06,205][INFO] Step 42: size: 42, coverage: 74.00%, cost: 80.0
[2024-10-06 22:21:06,212][INFO] Step 43: size: 43, coverage: 75.00%, cost: 83.0
[2024-10-06 22:21:06,219][INFO] Step 44: size: 44, coverage: 76.00%, cost: 86.0
[2024-10-06 22:21:06,227][INFO] Step 45: size: 45, coverage: 77.00%, cost: 89.0
[2024-10-06 22:21:06,234][INFO] Step 46: size: 46, coverage: 79.00%, cost: 95.0
[2024-10-06 22:21:06,241][INFO] Step 47: size: 47, coverage: 81.00%, cost: 101.0
[2024-10-06 22:21:06,248][INFO] Step 48: size: 48, coverage: 81.50%, cost: 103.0
[2024-10-06 22:21:06,255][INFO] Step 49: size: 49, coverage: 82.00%, cost: 105.0
[2024-10-06 22:21:06,263][INFO] Step 50: size: 50, coverage: 82.50%, cost: 107.0
[2024-10-06 22:21:06,270][INFO] Step 51: size: 51, coverage: 83.00%, cost: 109.0
[2024-10-06 22:21:06,277][INFO] Step 52: size: 52, coverage: 83.50%, cost: 111.0
[2024-10-06 22:21:06,284][INFO] Step 53: size: 53, coverage: 84.00%, cost: 113.0
[2024-10-06 22:21:06,292][INFO] Step 54: size: 54, coverage: 84.50%, cost: 115.0
[2024-10-06 22:21:06,299][INFO] Step 55: size: 55, coverage: 85.50%, cost: 120.0
[2024-10-06 22:21:06,306][INFO] Step 56: size: 56, coverage: 86.50%, cost: 125.0
[2024-10-06 22:21:06,314][INFO] Step 57: size: 57, coverage: 87.00%, cost: 128.0
[2024-10-06 22:21:06,321][INFO] Step 58: size: 58, coverage: 87.50%, cost: 131.0
[2024-10-06 22:21:06,329][INFO] Step 59: size: 59, coverage: 88.00%, cost: 134.0
[2024-10-06 22:21:06,336][INFO] Step 60: size: 60, coverage: 88.50%, cost: 137.0
[2024-10-06 22:21:06,344][INFO] Step 61: size: 61, coverage: 89.00%, cost: 140.0
[2024-10-06 22:21:06,352][INFO] Step 62: size: 62, coverage: 90.00%, cost: 146.0
[2024-10-06 22:21:06,359][INFO] Step 63: size: 63, coverage: 91.50%, cost: 155.0
[2024-10-06 22:21:06,367][INFO] Step 64: size: 64, coverage: 92.50%, cost: 162.0
[2024-10-06 22:21:06,375][INFO] Step 65: size: 65, coverage: 93.50%, cost: 169.0
[2024-10-06 22:21:06,382][INFO] Step 66: size: 66, coverage: 94.00%, cost: 173.0
[2024-10-06 22:21:06,390][INFO] Step 67: size: 67, coverage: 94.50%, cost: 177.0
[2024-10-06 22:21:06,398][INFO] Step 68: size: 68, coverage: 95.50%, cost: 185.0
[2024-10-06 22:21:06,406][INFO] Step 69: size: 69, coverage: 96.00%, cost: 191.0
[2024-10-06 22:21:06,415][INFO] Step 70: size: 70, coverage: 97.00%, cost: 203.0
[2024-10-06 22:21:06,422][INFO] Step 71: size: 71, coverage: 97.50%, cost: 210.0
[2024-10-06 22:21:06,430][INFO] Step 72: size: 72, coverage: 98.00%, cost: 217.0
[2024-10-06 22:21:06,438][INFO] Step 73: size: 73, coverage: 98.50%, cost: 225.0
[2024-10-06 22:21:06,446][INFO] Step 74: size: 74, coverage: 99.00%, cost: 233.0
[2024-10-06 22:21:06,454][INFO] Step 75: size: 75, coverage: 99.50%, cost: 242.0
[2024-10-06 22:21:06,463][INFO] Step 76: size: 76, coverage: 100.00%, cost: 251.0
[2024-10-06 22:21:06,464][INFO] Size: 76 -> 70
[2024-10-06 22:21:06,464][INFO] Cost: 251.0 -> 241.0
[2024-10-08 22:46:06,323][INFO] Step 1: size: 1, coverage: 5.00%, cost: 1.0
[2024-10-08 22:46:06,330][INFO] Step 2: size: 2, coverage: 9.50%, cost: 2.0
[2024-10-08 22:46:06,337][INFO] Step 3: size: 3, coverage: 11.50%, cost: 3.0
[2024-10-08 22:46:06,343][INFO] Step 4: size: 4, coverage: 13.50%, cost: 4.0
[2024-10-08 22:46:06,349][INFO] Step 5: size: 5, coverage: 15.50%, cost: 5.0
[2024-10-08 22:46:06,356][INFO] Step 6: size: 6, coverage: 17.50%, cost: 6.0
[2024-10-08 22:46:06,363][INFO] Step 7: size: 7, coverage: 19.50%, cost: 7.0
[2024-10-08 22:46:06,369][INFO] Step 8: size: 8, coverage: 23.00%, cost: 9.0
[2024-10-08 22:46:06,376][INFO] Step 9: size: 9, coverage: 24.50%, cost: 10.0
[2024-10-08 22:46:06,382][INFO] Step 10: size: 10, coverage: 26.00%, cost: 11.0
[2024-10-08 22:46:06,390][INFO] Step 11: size: 11, coverage: 27.50%, cost: 12.0
[2024-10-08 22:46:06,397][INFO] Step 12: size: 12, coverage: 29.00%, cost: 13.0
[2024-10-08 22:46:06,403][INFO] Step 13: size: 13, coverage: 30.50%, cost: 14.0
[2024-10-08 22:46:06,410][INFO] Step 14: size: 14, coverage: 32.00%, cost: 15.0
[2024-10-08 22:46:06,417][INFO] Step 15: size: 15, coverage: 33.00%, cost: 16.0
[2024-10-08 22:46:06,424][INFO] Step 16: size: 16, coverage: 34.00%, cost: 17.0
[2024-10-08 22:46:06,430][INFO] Step 17: size: 17, coverage: 35.00%, cost: 18.0
[2024-10-08 22:46:06,437][INFO] Step 18: size: 18, coverage: 36.00%, cost: 19.0
[2024-10-08 22:46:06,444][INFO] Step 19: size: 19, coverage: 38.00%, cost: 21.0
[2024-10-08 22:46:06,450][INFO] Step 20: size: 20, coverage: 40.00%, cost: 23.0
[2024-10-08 22:46:06,457][INFO] Step 21: size: 21, coverage: 42.00%, cost: 25.0
[2024-10-08 22:46:06,464][INFO] Step 22: size: 22, coverage: 44.00%, cost: 27.0
[2024-10-08 22:46:06,470][INFO] Step 23: size: 23, coverage: 46.00%, cost: 29.0
[2024-10-08 22:46:06,478][INFO] Step 24: size: 24, coverage: 49.00%, cost: 32.0
[2024-10-08 22:46:06,485][INFO] Step 25: size: 25, coverage: 50.50%, cost: 34.0
[2024-10-08 22:46:06,492][INFO] Step 26: size: 26, coverage: 52.00%, cost: 36.0
[2024-10-08 22:46:06,499][INFO] Step 27: size: 27, coverage: 53.50%, cost: 38.0
[2024-10-08 22:46:06,506][INFO] Step 28: size: 28, coverage: 55.00%, cost: 40.0
[2024-10-08 22:46:06,513][INFO] Step 29: size: 29, coverage: 56.50%, cost: 42.0
[2024-10-08 22:46:06,520][INFO] Step 30: size: 30, coverage: 58.00%, cost: 44.0
[2024-10-08 22:46:06,527][INFO] Step 31: size: 31, coverage: 60.50%, cost: 48.0
[2024-10-08 22:46:06,534][INFO] Step 32: size: 32, coverage: 61.00%, cost: 49.0
[2024-10-08 22:46:06,541][INFO] Step 33: size: 33, coverage: 61.50%, cost: 50.0
[2024-10-08 22:46:06,548][INFO] Step 34: size: 34, coverage: 62.50%, cost: 52.0
[2024-10-08 22:46:06,556][INFO] Step 35: size: 35, coverage: 63.50%, cost: 54.0
[2024-10-08 22:46:06,564][INFO] Step 36: size: 36, coverage: 65.00%, cost: 57.0
[2024-10-08 22:46:06,572][INFO] Step 37: size: 37, coverage: 66.50%, cost: 60.0
[2024-10-08 22:46:06,579][INFO] Step 38: size: 38, coverage: 68.50%, cost: 65.0
[2024-10-08 22:46:06,586][INFO] Step 39: size: 39, coverage: 70.00%, cost: 69.0
[2024-10-08 22:46:06,594][INFO] Step 40: size: 40, coverage: 71.50%, cost: 73.0
[2024-10-08 22:46:06,601][INFO] Step 41: size: 41, coverage: 73.00%, cost: 77.0
[2024-10-08 22:46:06,609][INFO] Step 42: size: 42, coverage: 74.00%, cost: 80.0
[2024-10-08 22:46:06,616][INFO] Step 43: size: 43, coverage: 75.00%, cost: 83.0
[2024-10-08 22:46:06,624][INFO] Step 44: size: 44, coverage: 76.00%, cost: 86.0
[2024-10-08 22:46:06,631][INFO] Step 45: size: 45, coverage: 77.00%, cost: 89.0
[2024-10-08 22:46:06,639][INFO] Step 46: size: 46, coverage: 79.00%, cost: 95.0
[2024-10-08 22:46:06,646][INFO] Step 47: size: 47, coverage: 81.00%, cost: 101.0
[2024-10-08 22:46:06,654][INFO] Step 48: size: 48, coverage: 81.50%, cost: 103.0
[2024-10-08 22:46:06,662][INFO] Step 49: size: 49, coverage: 82.00%, cost: 105.0
[2024-10-08 22:46:06,669][INFO] Step 50: size: 50, coverage: 82.50%, cost: 107.0
[2024-10-08 22:46:06,677][INFO] Step 51: size: 51, coverage: 83.00%, cost: 109.0
[2024-10-08 22:46:06,684][INFO] Step 52: size: 52, coverage: 83.50%, cost: 111.0
[2024-10-08 22:46:06,692][INFO] Step 53: size: 53, coverage: 84.00%, cost: 113.0
[2024-10-08 22:46:06,700][INFO] Step 54: size: 54, coverage: 84.50%, cost: 115.0
[2024-10-08 22:46:06,708][INFO] Step 55: size: 55, coverage: 85.50%, cost: 120.0
[2024-10-08 22:46:06,715][INFO] Step 56: size: 56, coverage: 86.50%, cost: 125.0
[2024-10-08 22:46:06,727][INFO] Step 57: size: 57, coverage: 87.00%, cost: 128.0
[2024-10-08 22:46:06,746][INFO] Step 58: size: 58, coverage: 87.50%, cost: 131.0
[2024-10-08 22:46:06,754][INFO] Step 59: size: 59, coverage: 88.00%, cost: 134.0
[2024-10-08 22:46:06,762][INFO] Step 60: size: 60, coverage: 88.50%, cost: 137.0
[2024-10-08 22:46:06,769][INFO] Step 61: size: 61, coverage: 89.00%, cost: 140.0
[2024-10-08 22:46:06,777][INFO] Step 62: size: 62, coverage: 90.00%, cost: 146.0
[2024-10-08 22:46:06,785][INFO] Step 63: size: 63, coverage: 91.50%, cost: 155.0
[2024-10-08 22:46:06,796][INFO] Step 64: size: 64, coverage: 92.50%, cost: 162.0
[2024-10-08 22:46:06,804][INFO] Step 65: size: 65, coverage: 93.50%, cost: 169.0
[2024-10-08 22:46:06,811][INFO] Step 66: size: 66, coverage: 94.00%, cost: 173.0
[2024-10-08 22:46:06,819][INFO] Step 67: size: 67, coverage: 94.50%, cost: 177.0
[2024-10-08 22:46:06,827][INFO] Step 68: size: 68, coverage: 95.50%, cost: 185.0
[2024-10-08 22:46:06,835][INFO] Step 69: size: 69, coverage: 96.00%, cost: 191.0
[2024-10-08 22:46:06,843][INFO] Step 70: size: 70, coverage: 97.00%, cost: 203.0
[2024-10-08 22:46:06,852][INFO] Step 71: size: 71, coverage: 97.50%, cost: 210.0
[2024-10-08 22:46:06,864][INFO] Step 72: size: 72, coverage: 98.00%, cost: 217.0
[2024-10-08 22:46:06,872][INFO] Step 73: size: 73, coverage: 98.50%, cost: 225.0
[2024-10-08 22:46:06,881][INFO] Step 74: size: 74, coverage: 99.00%, cost: 233.0
[2024-10-08 22:46:06,889][INFO] Step 75: size: 75, coverage: 99.50%, cost: 242.0
[2024-10-08 22:46:06,898][INFO] Step 76: size: 76, coverage: 100.00%, cost: 251.0
[2024-10-08 22:46:06,900][INFO] Size: 76 -> 70
[2024-10-08 22:46:06,900][INFO] Cost: 251.0 -> 241.0
[2024-10-08 23:00:49,536][INFO] Step 1: size: 1, coverage: 5.00%, cost: 1.0
[2024-10-08 23:00:49,543][INFO] Step 2: size: 2, coverage: 9.50%, cost: 2.0
[2024-10-08 23:00:49,549][INFO] Step 3: size: 3, coverage: 11.50%, cost: 3.0
[2024-10-08 23:00:49,556][INFO] Step 4: size: 4, coverage: 13.50%, cost: 4.0
[2024-10-08 23:00:49,563][INFO] Step 5: size: 5, coverage: 15.50%, cost: 5.0
[2024-10-08 23:00:49,569][INFO] Step 6: size: 6, coverage: 17.50%, cost: 6.0
[2024-10-08 23:00:49,576][INFO] Step 7: size: 7, coverage: 19.50%, cost: 7.0
[2024-10-08 23:00:49,583][INFO] Step 8: size: 8, coverage: 23.00%, cost: 9.0
[2024-10-08 23:00:49,589][INFO] Step 9: size: 9, coverage: 24.50%, cost: 10.0
[2024-10-08 23:00:49,596][INFO] Step 10: size: 10, coverage: 26.00%, cost: 11.0
[2024-10-08 23:00:49,603][INFO] Step 11: size: 11, coverage: 27.50%, cost: 12.0
[2024-10-08 23:00:49,609][INFO] Step 12: size: 12, coverage: 29.00%, cost: 13.0
[2024-10-08 23:00:49,616][INFO] Step 13: size: 13, coverage: 30.50%, cost: 14.0
[2024-10-08 23:00:49,623][INFO] Step 14: size: 14, coverage: 32.00%, cost: 15.0
[2024-10-08 23:00:49,630][INFO] Step 15: size: 15, coverage: 33.00%, cost: 16.0
[2024-10-08 23:00:49,637][INFO] Step 16: size: 16, coverage: 34.00%, cost: 17.0
[2024-10-08 23:00:49,644][INFO] Step 17: size: 17, coverage: 35.00%, cost: 18.0
[2024-10-08 23:00:49,651][INFO] Step 18: size: 18, coverage: 36.00%, cost: 19.0
[2024-10-08 23:00:49,658][INFO] Step 19: size: 19, coverage: 38.00%, cost: 21.0
[2024-10-08 23:00:49,665][INFO] Step 20: size: 20, coverage: 40.00%, cost: 23.0
[2024-10-08 23:00:49,671][INFO] Step 21: size: 21, coverage: 42.00%, cost: 25.0
[2024-10-08 23:00:49,678][INFO] Step 22: size: 22, coverage: 44.00%, cost: 27.0
[2024-10-08 23:00:49,685][INFO] Step 23: size: 23, coverage: 46.00%, cost: 29.0
[2024-10-08 23:00:49,692][INFO] Step 24: size: 24, coverage: 49.00%, cost: 32.0
[2024-10-08 23:00:49,699][INFO] Step 25: size: 25, coverage: 50.50%, cost: 34.0
[2024-10-08 23:00:49,706][INFO] Step 26: size: 26, coverage: 52.00%, cost: 36.0
[2024-10-08 23:00:49,713][INFO] Step 27: size: 27, coverage: 53.50%, cost: 38.0
[2024-10-08 23:00:49,720][INFO] Step 28: size: 28, coverage: 55.00%, cost: 40.0
[2024-10-08 23:00:49,727][INFO] Step 29: size: 29, coverage: 56.50%, cost: 42.0
[2024-10-08 23:00:49,734][INFO] Step 30: size: 30, coverage: 58.00%, cost: 44.0
[2024-10-08 23:00:49,741][INFO] Step 31: size: 31, coverage: 60.50%, cost: 48.0
[2024-10-08 23:00:49,749][INFO] Step 32: size: 32, coverage: 61.00%, cost: 49.0
[2024-10-08 23:00:49,756][INFO] Step 33: size: 33, coverage: 61.50%, cost: 50.0
[2024-10-08 23:00:49,763][INFO] Step 34: size: 34, coverage: 62.50%, cost: 52.0
[2024-10-08 23:00:49,770][INFO] Step 35: size: 35, coverage: 63.50%, cost: 54.0
[2024-10-08 23:00:49,777][INFO] Step 36: size: 36, coverage: 65.00%, cost: 57.0
[2024-10-08 23:00:49,784][INFO] Step 37: size: 37, coverage: 66.50%, cost: 60.0
[2024-10-08 23:00:49,791][INFO] Step 38: size: 38, coverage: 68.50%, cost: 65.0
[2024-10-08 23:00:49,799][INFO] Step 39: size: 39, coverage: 70.00%, cost: 69.0
[2024-10-08 23:00:49,806][INFO] Step 40: size: 40, coverage: 71.50%, cost: 73.0
[2024-10-08 23:00:49,813][INFO] Step 41: size: 41, coverage: 73.00%, cost: 77.0
[2024-10-08 23:00:49,820][INFO] Step 42: size: 42, coverage: 74.00%, cost: 80.0
[2024-10-08 23:00:49,828][INFO] Step 43: size: 43, coverage: 75.00%, cost: 83.0
[2024-10-08 23:00:49,835][INFO] Step 44: size: 44, coverage: 76.00%, cost: 86.0
[2024-10-08 23:00:49,842][INFO] Step 45: size: 45, coverage: 77.00%, cost: 89.0
[2024-10-08 23:00:49,850][INFO] Step 46: size: 46, coverage: 79.00%, cost: 95.0
[2024-10-08 23:00:49,857][INFO] Step 47: size: 47, coverage: 81.00%, cost: 101.0
[2024-10-08 23:00:49,865][INFO] Step 48: size: 48, coverage: 81.50%, cost: 103.0
[2024-10-08 23:00:49,872][INFO] Step 49: size: 49, coverage: 82.00%, cost: 105.0
[2024-10-08 23:00:49,880][INFO] Step 50: size: 50, coverage: 82.50%, cost: 107.0
[2024-10-08 23:00:49,887][INFO] Step 51: size: 51, coverage: 83.00%, cost: 109.0
[2024-10-08 23:00:49,895][INFO] Step 52: size: 52, coverage: 83.50%, cost: 111.0
[2024-10-08 23:00:49,902][INFO] Step 53: size: 53, coverage: 84.00%, cost: 113.0
[2024-10-08 23:00:49,910][INFO] Step 54: size: 54, coverage: 84.50%, cost: 115.0
[2024-10-08 23:00:49,917][INFO] Step 55: size: 55, coverage: 85.50%, cost: 120.0
[2024-10-08 23:00:49,925][INFO] Step 56: size: 56, coverage: 86.50%, cost: 125.0
[2024-10-08 23:00:49,933][INFO] Step 57: size: 57, coverage: 87.00%, cost: 128.0
[2024-10-08 23:00:49,940][INFO] Step 58: size: 58, coverage: 87.50%, cost: 131.0
[2024-10-08 23:00:49,948][INFO] Step 59: size: 59, coverage: 88.00%, cost: 134.0
[2024-10-08 23:00:49,956][INFO] Step 60: size: 60, coverage: 88.50%, cost: 137.0
[2024-10-08 23:00:49,964][INFO] Step 61: size: 61, coverage: 89.00%, cost: 140.0
[2024-10-08 23:00:49,972][INFO] Step 62: size: 62, coverage: 90.00%, cost: 146.0
[2024-10-08 23:00:49,979][INFO] Step 63: size: 63, coverage: 91.50%, cost: 155.0
[2024-10-08 23:00:49,987][INFO] Step 64: size: 64, coverage: 92.50%, cost: 162.0
[2024-10-08 23:00:49,995][INFO] Step 65: size: 65, coverage: 93.50%, cost: 169.0
[2024-10-08 23:00:50,003][INFO] Step 66: size: 66, coverage: 94.00%, cost: 173.0
[2024-10-08 23:00:50,011][INFO] Step 67: size: 67, coverage: 94.50%, cost: 177.0
[2024-10-08 23:00:50,019][INFO] Step 68: size: 68, coverage: 95.50%, cost: 185.0
[2024-10-08 23:00:50,027][INFO] Step 69: size: 69, coverage: 96.00%, cost: 191.0
[2024-10-08 23:00:50,035][INFO] Step 70: size: 70, coverage: 97.00%, cost: 203.0
[2024-10-08 23:00:50,044][INFO] Step 71: size: 71, coverage: 97.50%, cost: 210.0
[2024-10-08 23:00:50,052][INFO] Step 72: size: 72, coverage: 98.00%, cost: 217.0
[2024-10-08 23:00:50,060][INFO] Step 73: size: 73, coverage: 98.50%, cost: 225.0
[2024-10-08 23:00:50,068][INFO] Step 74: size: 74, coverage: 99.00%, cost: 233.0
[2024-10-08 23:00:50,077][INFO] Step 75: size: 75, coverage: 99.50%, cost: 242.0
[2024-10-08 23:00:50,085][INFO] Step 76: size: 76, coverage: 100.00%, cost: 251.0
[2024-10-08 23:00:50,087][INFO] Size: 76 -> 70
[2024-10-08 23:00:50,087][INFO] Cost: 251.0 -> 241.0
[2024-10-08 23:02:25,804][INFO] Step 1: size: 1, coverage: 5.00%, cost: 1.0
[2024-10-08 23:02:25,810][INFO] Step 2: size: 2, coverage: 9.50%, cost: 2.0
[2024-10-08 23:02:25,816][INFO] Step 3: size: 3, coverage: 11.50%, cost: 3.0
[2024-10-08 23:02:25,823][INFO] Step 4: size: 4, coverage: 13.50%, cost: 4.0
[2024-10-08 23:02:25,829][INFO] Step 5: size: 5, coverage: 15.50%, cost: 5.0
[2024-10-08 23:02:25,836][INFO] Step 6: size: 6, coverage: 17.50%, cost: 6.0
[2024-10-08 23:02:25,842][INFO] Step 7: size: 7, coverage: 19.50%, cost: 7.0
[2024-10-08 23:02:25,848][INFO] Step 8: size: 8, coverage: 23.00%, cost: 9.0
[2024-10-08 23:02:25,855][INFO] Step 9: size: 9, coverage: 24.50%, cost: 10.0
[2024-10-08 23:02:25,861][INFO] Step 10: size: 10, coverage: 26.00%, cost: 11.0
[2024-10-08 23:02:25,868][INFO] Step 11: size: 11, coverage: 27.50%, cost: 12.0
[2024-10-08 23:02:25,874][INFO] Step 12: size: 12, coverage: 29.00%, cost: 13.0
[2024-10-08 23:02:25,881][INFO] Step 13: size: 13, coverage: 30.50%, cost: 14.0
[2024-10-08 23:02:25,888][INFO] Step 14: size: 14, coverage: 32.00%, cost: 15.0
[2024-10-08 23:02:25,894][INFO] Step 15: size: 15, coverage: 33.00%, cost: 16.0
[2024-10-08 23:02:25,901][INFO] Step 16: size: 16, coverage: 34.00%, cost: 17.0
[2024-10-08 23:02:25,908][INFO] Step 17: size: 17, coverage: 35.00%, cost: 18.0
[2024-10-08 23:02:25,914][INFO] Step 18: size: 18, coverage: 36.00%, cost: 19.0
[2024-10-08 23:02:25,921][INFO] Step 19: size: 19, coverage: 38.00%, cost: 21.0
[2024-10-08 23:02:25,928][INFO] Step 20: size: 20, coverage: 40.00%, cost: 23.0
[2024-10-08 23:02:25,934][INFO] Step 21: size: 21, coverage: 42.00%, cost: 25.0
[2024-10-08 23:02:25,941][INFO] Step 22: size: 22, coverage: 44.00%, cost: 27.0
[2024-10-08 23:02:25,948][INFO] Step 23: size: 23, coverage: 46.00%, cost: 29.0
[2024-10-08 23:02:25,954][INFO] Step 24: size: 24, coverage: 49.00%, cost: 32.0
[2024-10-08 23:02:25,961][INFO] Step 25: size: 25, coverage: 50.50%, cost: 34.0
[2024-10-08 23:02:25,968][INFO] Step 26: size: 26, coverage: 52.00%, cost: 36.0
[2024-10-08 23:02:25,974][INFO] Step 27: size: 27, coverage: 53.50%, cost: 38.0
[2024-10-08 23:02:25,981][INFO] Step 28: size: 28, coverage: 55.00%, cost: 40.0
[2024-10-08 23:02:25,988][INFO] Step 29: size: 29, coverage: 56.50%, cost: 42.0
[2024-10-08 23:02:25,995][INFO] Step 30: size: 30, coverage: 58.00%, cost: 44.0
[2024-10-08 23:02:26,002][INFO] Step 31: size: 31, coverage: 60.50%, cost: 48.0
[2024-10-08 23:02:26,008][INFO] Step 32: size: 32, coverage: 61.00%, cost: 49.0
[2024-10-08 23:02:26,015][INFO] Step 33: size: 33, coverage: 61.50%, cost: 50.0
[2024-10-08 23:02:26,022][INFO] Step 34: size: 34, coverage: 62.50%, cost: 52.0
[2024-10-08 23:02:26,029][INFO] Step 35: size: 35, coverage: 63.50%, cost: 54.0
[2024-10-08 23:02:26,037][INFO] Step 36: size: 36, coverage: 65.00%, cost: 57.0
[2024-10-08 23:02:26,044][INFO] Step 37: size: 37, coverage: 66.50%, cost: 60.0
[2024-10-08 23:02:26,051][INFO] Step 38: size: 38, coverage: 68.50%, cost: 65.0
[2024-10-08 23:02:26,059][INFO] Step 39: size: 39, coverage: 70.00%, cost: 69.0
[2024-10-08 23:02:26,066][INFO] Step 40: size: 40, coverage: 71.50%, cost: 73.0
[2024-10-08 23:02:26,073][INFO] Step 41: size: 41, coverage: 73.00%, cost: 77.0
[2024-10-08 23:02:26,080][INFO] Step 42: size: 42, coverage: 74.00%, cost: 80.0
[2024-10-08 23:02:26,087][INFO] Step 43: size: 43, coverage: 75.00%, cost: 83.0
[2024-10-08 23:02:26,094][INFO] Step 44: size: 44, coverage: 76.00%, cost: 86.0
[2024-10-08 23:02:26,102][INFO] Step 45: size: 45, coverage: 77.00%, cost: 89.0
[2024-10-08 23:02:26,109][INFO] Step 46: size: 46, coverage: 79.00%, cost: 95.0
[2024-10-08 23:02:26,116][INFO] Step 47: size: 47, coverage: 81.00%, cost: 101.0
[2024-10-08 23:02:26,123][INFO] Step 48: size: 48, coverage: 81.50%, cost: 103.0
[2024-10-08 23:02:26,130][INFO] Step 49: size: 49, coverage: 82.00%, cost: 105.0
[2024-10-08 23:02:26,138][INFO] Step 50: size: 50, coverage: 82.50%, cost: 107.0
[2024-10-08 23:02:26,145][INFO] Step 51: size: 51, coverage: 83.00%, cost: 109.0
[2024-10-08 23:02:26,152][INFO] Step 52: size: 52, coverage: 83.50%, cost: 111.0
[2024-10-08 23:02:26,160][INFO] Step 53: size: 53, coverage: 84.00%, cost: 113.0
[2024-10-08 23:02:26,171][INFO] Step 54: size: 54, coverage: 84.50%, cost: 115.0
[2024-10-08 23:02:26,178][INFO] Step 55: size: 55, coverage: 85.50%, cost: 120.0
[2024-10-08 23:02:26,186][INFO] Step 56: size: 56, coverage: 86.50%, cost: 125.0
[2024-10-08 23:02:26,193][INFO] Step 57: size: 57, coverage: 87.00%, cost: 128.0
[2024-10-08 23:02:26,201][INFO] Step 58: size: 58, coverage: 87.50%, cost: 131.0
[2024-10-08 23:02:26,208][INFO] Step 59: size: 59, coverage: 88.00%, cost: 134.0
[2024-10-08 23:02:26,216][INFO] Step 60: size: 60, coverage: 88.50%, cost: 137.0
[2024-10-08 23:02:26,224][INFO] Step 61: size: 61, coverage: 89.00%, cost: 140.0
[2024-10-08 23:02:26,231][INFO] Step 62: size: 62, coverage: 90.00%, cost: 146.0
[2024-10-08 23:02:26,239][INFO] Step 63: size: 63, coverage: 91.50%, cost: 155.0
[2024-10-08 23:02:26,247][INFO] Step 64: size: 64, coverage: 92.50%, cost: 162.0
[2024-10-08 23:02:26,255][INFO] Step 65: size: 65, coverage: 93.50%, cost: 169.0
[2024-10-08 23:02:26,263][INFO] Step 66: size: 66, coverage: 94.00%, cost: 173.0
[2024-10-08 23:02:26,271][INFO] Step 67: size: 67, coverage: 94.50%, cost: 177.0
[2024-10-08 23:02:26,279][INFO] Step 68: size: 68, coverage: 95.50%, cost: 185.0
[2024-10-08 23:02:26,286][INFO] Step 69: size: 69, coverage: 96.00%, cost: 191.0
[2024-10-08 23:02:26,294][INFO] Step 70: size: 70, coverage: 97.00%, cost: 203.0
[2024-10-08 23:02:26,302][INFO] Step 71: size: 71, coverage: 97.50%, cost: 210.0
[2024-10-08 23:02:26,310][INFO] Step 72: size: 72, coverage: 98.00%, cost: 217.0
[2024-10-08 23:02:26,318][INFO] Step 73: size: 73, coverage: 98.50%, cost: 225.0
[2024-10-08 23:02:26,326][INFO] Step 74: size: 74, coverage: 99.00%, cost: 233.0
[2024-10-08 23:02:26,334][INFO] Step 75: size: 75, coverage: 99.50%, cost: 242.0
[2024-10-08 23:02:26,342][INFO] Step 76: size: 76, coverage: 100.00%, cost: 251.0
[2024-10-08 23:02:26,344][INFO] Size: 76 -> 70
[2024-10-08 23:02:26,344][INFO] Cost: 251.0 -> 241.0
[2024-10-08 23:07:19,651][INFO] Step 1: size: 1, coverage: 5.00%, cost: 1.0
[2024-10-08 23:07:19,657][INFO] Step 2: size: 2, coverage: 9.50%, cost: 2.0
[2024-10-08 23:07:19,663][INFO] Step 3: size: 3, coverage: 11.50%, cost: 3.0
[2024-10-08 23:07:19,670][INFO] Step 4: size: 4, coverage: 13.50%, cost: 4.0
[2024-10-08 23:07:19,676][INFO] Step 5: size: 5, coverage: 15.50%, cost: 5.0
[2024-10-08 23:07:19,682][INFO] Step 6: size: 6, coverage: 17.50%, cost: 6.0
[2024-10-08 23:07:19,689][INFO] Step 7: size: 7, coverage: 19.50%, cost: 7.0
[2024-10-08 23:07:19,695][INFO] Step 8: size: 8, coverage: 23.00%, cost: 9.0
[2024-10-08 23:07:19,701][INFO] Step 9: size: 9, coverage: 24.50%, cost: 10.0
[2024-10-08 23:07:19,708][INFO] Step 10: size: 10, coverage: 26.00%, cost: 11.0
[2024-10-08 23:07:19,714][INFO] Step 11: size: 11, coverage: 27.50%, cost: 12.0
[2024-10-08 23:07:19,721][INFO] Step 12: size: 12, coverage: 29.00%, cost: 13.0
[2024-10-08 23:07:19,728][INFO] Step 13: size: 13, coverage: 30.50%, cost: 14.0
[2024-10-08 23:07:19,735][INFO] Step 14: size: 14, coverage: 32.00%, cost: 15.0
[2024-10-08 23:07:19,743][INFO] Step 15: size: 15, coverage: 33.00%, cost: 16.0
[2024-10-08 23:07:19,750][INFO] Step 16: size: 16, coverage: 34.00%, cost: 17.0
[2024-10-08 23:07:19,757][INFO] Step 17: size: 17, coverage: 35.00%, cost: 18.0
[2024-10-08 23:07:19,764][INFO] Step 18: size: 18, coverage: 36.00%, cost: 19.0
[2024-10-08 23:07:19,771][INFO] Step 19: size: 19, coverage: 38.00%, cost: 21.0
[2024-10-08 23:07:19,778][INFO] Step 20: size: 20, coverage: 40.00%, cost: 23.0
[2024-10-08 23:07:19,785][INFO] Step 21: size: 21, coverage: 42.00%, cost: 25.0
[2024-10-08 23:07:19,792][INFO] Step 22: size: 22, coverage: 44.00%, cost: 27.0
[2024-10-08 23:07:19,799][INFO] Step 23: size: 23, coverage: 46.00%, cost: 29.0
[2024-10-08 23:07:19,806][INFO] Step 24: size: 24, coverage: 49.00%, cost: 32.0
[2024-10-08 23:07:19,813][INFO] Step 25: size: 25, coverage: 50.50%, cost: 34.0
[2024-10-08 23:07:19,820][INFO] Step 26: size: 26, coverage: 52.00%, cost: 36.0
[2024-10-08 23:07:19,827][INFO] Step 27: size: 27, coverage: 53.50%, cost: 38.0
[2024-10-08 23:07:19,834][INFO] Step 28: size: 28, coverage: 55.00%, cost: 40.0
[2024-10-08 23:07:19,850][INFO] Step 29: size: 29, coverage: 56.50%, cost: 42.0
[2024-10-08 23:07:19,857][INFO] Step 30: size: 30, coverage: 58.00%, cost: 44.0
[2024-10-08 23:07:19,865][INFO] Step 31: size: 31, coverage: 60.50%, cost: 48.0
[2024-10-08 23:07:19,872][INFO] Step 32: size: 32, coverage: 61.00%, cost: 49.0
[2024-10-08 23:07:19,880][INFO] Step 33: size: 33, coverage: 61.50%, cost: 50.0
[2024-10-08 23:07:19,887][INFO] Step 34: size: 34, coverage: 62.50%, cost: 52.0
[2024-10-08 23:07:19,894][INFO] Step 35: size: 35, coverage: 63.50%, cost: 54.0
[2024-10-08 23:07:19,901][INFO] Step 36: size: 36, coverage: 65.00%, cost: 57.0
[2024-10-08 23:07:19,909][INFO] Step 37: size: 37, coverage: 66.50%, cost: 60.0
[2024-10-08 23:07:19,916][INFO] Step 38: size: 38, coverage: 68.50%, cost: 65.0
[2024-10-08 23:07:19,923][INFO] Step 39: size: 39, coverage: 70.00%, cost: 69.0
[2024-10-08 23:07:19,930][INFO] Step 40: size: 40, coverage: 71.50%, cost: 73.0
[2024-10-08 23:07:19,937][INFO] Step 41: size: 41, coverage: 73.00%, cost: 77.0
[2024-10-08 23:07:19,944][INFO] Step 42: size: 42, coverage: 74.00%, cost: 80.0
[2024-10-08 23:07:19,951][INFO] Step 43: size: 43, coverage: 75.00%, cost: 83.0
[2024-10-08 23:07:19,958][INFO] Step 44: size: 44, coverage: 76.00%, cost: 86.0
[2024-10-08 23:07:19,965][INFO] Step 45: size: 45, coverage: 77.00%, cost: 89.0
[2024-10-08 23:07:19,973][INFO] Step 46: size: 46, coverage: 79.00%, cost: 95.0
[2024-10-08 23:07:19,980][INFO] Step 47: size: 47, coverage: 81.00%, cost: 101.0
[2024-10-08 23:07:19,987][INFO] Step 48: size: 48, coverage: 81.50%, cost: 103.0
[2024-10-08 23:07:19,995][INFO] Step 49: size: 49, coverage: 82.00%, cost: 105.0
[2024-10-08 23:07:20,002][INFO] Step 50: size: 50, coverage: 82.50%, cost: 107.0
[2024-10-08 23:07:20,009][INFO] Step 51: size: 51, coverage: 83.00%, cost: 109.0
[2024-10-08 23:07:20,017][INFO] Step 52: size: 52, coverage: 83.50%, cost: 111.0
[2024-10-08 23:07:20,024][INFO] Step 53: size: 53, coverage: 84.00%, cost: 113.0
[2024-10-08 23:07:20,032][INFO] Step 54: size: 54, coverage: 84.50%, cost: 115.0
[2024-10-08 23:07:20,039][INFO] Step 55: size: 55, coverage: 85.50%, cost: 120.0
[2024-10-08 23:07:20,046][INFO] Step 56: size: 56, coverage: 86.50%, cost: 125.0
[2024-10-08 23:07:20,054][INFO] Step 57: size: 57, coverage: 87.00%, cost: 128.0
[2024-10-08 23:07:20,062][INFO] Step 58: size: 58, coverage: 87.50%, cost: 131.0
[2024-10-08 23:07:20,069][INFO] Step 59: size: 59, coverage: 88.00%, cost: 134.0
[2024-10-08 23:07:20,077][INFO] Step 60: size: 60, coverage: 88.50%, cost: 137.0
[2024-10-08 23:07:20,085][INFO] Step 61: size: 61, coverage: 89.00%, cost: 140.0
[2024-10-08 23:07:20,092][INFO] Step 62: size: 62, coverage: 90.00%, cost: 146.0
[2024-10-08 23:07:20,100][INFO] Step 63: size: 63, coverage: 91.50%, cost: 155.0
[2024-10-08 23:07:20,108][INFO] Step 64: size: 64, coverage: 92.50%, cost: 162.0
[2024-10-08 23:07:20,116][INFO] Step 65: size: 65, coverage: 93.50%, cost: 169.0
[2024-10-08 23:07:20,123][INFO] Step 66: size: 66, coverage: 94.00%, cost: 173.0
[2024-10-08 23:07:20,131][INFO] Step 67: size: 67, coverage: 94.50%, cost: 177.0
[2024-10-08 23:07:20,139][INFO] Step 68: size: 68, coverage: 95.50%, cost: 185.0
[2024-10-08 23:07:20,147][INFO] Step 69: size: 69, coverage: 96.00%, cost: 191.0
[2024-10-08 23:07:20,155][INFO] Step 70: size: 70, coverage: 97.00%, cost: 203.0
[2024-10-08 23:07:20,163][INFO] Step 71: size: 71, coverage: 97.50%, cost: 210.0
[2024-10-08 23:07:20,171][INFO] Step 72: size: 72, coverage: 98.00%, cost: 217.0
[2024-10-08 23:07:20,179][INFO] Step 73: size: 73, coverage: 98.50%, cost: 225.0
[2024-10-08 23:07:20,187][INFO] Step 74: size: 74, coverage: 99.00%, cost: 233.0
[2024-10-08 23:07:20,195][INFO] Step 75: size: 75, coverage: 99.50%, cost: 242.0
[2024-10-08 23:07:20,203][INFO] Step 76: size: 76, coverage: 100.00%, cost: 251.0
[2024-10-08 23:07:20,205][INFO] Size: 76 -> 70
[2024-10-08 23:07:20,205][INFO] Cost: 251.0 -> 241.0
