[2024-10-06 17:31:07,831][INFO] Step 1: size: 1, coverage: 6.50%, cost: 1.0
[2024-10-06 17:31:07,834][INFO] Step 2: size: 2, coverage: 13.00%, cost: 2.0
[2024-10-06 17:31:07,837][INFO] Step 3: size: 3, coverage: 18.50%, cost: 3.0
[2024-10-06 17:31:07,840][INFO] Step 4: size: 4, coverage: 23.50%, cost: 4.0
[2024-10-06 17:31:07,843][INFO] Step 5: size: 5, coverage: 27.50%, cost: 5.0
[2024-10-06 17:31:07,847][INFO] Step 6: size: 6, coverage: 31.00%, cost: 6.0
[2024-10-06 17:31:07,850][INFO] Step 7: size: 7, coverage: 37.50%, cost: 8.0
[2024-10-06 17:31:07,853][INFO] Step 8: size: 8, coverage: 43.50%, cost: 10.0
[2024-10-06 17:31:07,856][INFO] Step 9: size: 9, coverage: 47.00%, cost: 12.0
[2024-10-06 17:31:07,859][INFO] Step 10: size: 10, coverage: 48.50%, cost: 13.0
[2024-10-06 17:31:07,862][INFO] Step 11: size: 11, coverage: 50.00%, cost: 14.0
[2024-10-06 17:31:07,865][INFO] Step 12: size: 12, coverage: 55.50%, cost: 18.0
[2024-10-06 17:31:07,868][INFO] Step 13: size: 13, coverage: 59.00%, cost: 21.0
[2024-10-06 17:31:07,871][INFO] Step 14: size: 14, coverage: 62.00%, cost: 24.0
[2024-10-06 17:31:07,874][INFO] Step 15: size: 15, coverage: 65.00%, cost: 27.0
[2024-10-06 17:31:07,878][INFO] Step 16: size: 16, coverage: 67.50%, cost: 30.0
[2024-10-06 17:31:07,881][INFO] Step 17: size: 17, coverage: 70.00%, cost: 33.0
[2024-10-06 17:31:07,884][INFO] Step 18: size: 18, coverage: 71.50%, cost: 35.0
[2024-10-06 17:31:07,887][INFO] Step 19: size: 19, coverage: 73.00%, cost: 37.0
[2024-10-06 17:31:07,890][INFO] Step 20: size: 20, coverage: 75.00%, cost: 40.0
[2024-10-06 17:31:07,893][INFO] Step 21: size: 21, coverage: 78.00%, cost: 45.0
[2024-10-06 17:31:07,896][INFO] Step 22: size: 22, coverage: 78.50%, cost: 46.0
[2024-10-06 17:31:07,899][INFO] Step 23: size: 23, coverage: 79.50%, cost: 48.0
[2024-10-06 17:31:07,902][INFO] Step 24: size: 24, coverage: 80.50%, cost: 50.0
[2024-10-06 17:31:07,906][INFO] Step 25: size: 25, coverage: 82.00%, cost: 53.0
[2024-10-06 17:31:07,909][INFO] Step 26: size: 26, coverage: 84.50%, cost: 59.0
[2024-10-06 17:31:07,912][INFO] Step 27: size: 27, coverage: 85.50%, cost: 62.0
[2024-10-06 17:31:07,915][INFO] Step 28: size: 28, coverage: 87.50%, cost: 69.0
[2024-10-06 17:31:07,918][INFO] Step 29: size: 29, coverage: 89.00%, cost: 75.0
[2024-10-06 17:31:07,921][INFO] Step 30: size: 30, coverage: 90.50%, cost: 81.0
[2024-10-06 17:31:07,925][INFO] Step 31: size: 31, coverage: 92.00%, cost: 87.0
[2024-10-06 17:31:07,928][INFO] Step 32: size: 32, coverage: 92.50%, cost: 90.0
[2024-10-06 17:31:07,931][INFO] Step 33: size: 33, coverage: 93.00%, cost: 93.0
[2024-10-06 17:31:07,934][INFO] Step 34: size: 34, coverage: 94.00%, cost: 99.0
[2024-10-06 17:31:07,938][INFO] Step 35: size: 35, coverage: 95.50%, cost: 108.0
[2024-10-06 17:31:07,941][INFO] Step 36: size: 36, coverage: 96.00%, cost: 112.0
[2024-10-06 17:31:07,944][INFO] Step 37: size: 37, coverage: 96.50%, cost: 116.0
[2024-10-06 17:31:07,947][INFO] Step 38: size: 38, coverage: 97.50%, cost: 125.0
[2024-10-06 17:31:07,951][INFO] Step 39: size: 39, coverage: 98.00%, cost: 130.0
[2024-10-06 17:31:07,954][INFO] Step 40: size: 40, coverage: 98.50%, cost: 135.0
[2024-10-06 17:31:07,957][INFO] Step 41: size: 41, coverage: 99.00%, cost: 141.0
[2024-10-06 17:31:07,961][INFO] Step 42: size: 42, coverage: 99.50%, cost: 149.0
[2024-10-06 17:31:07,964][INFO] Step 43: size: 43, coverage: 100.00%, cost: 161.0
[2024-10-06 18:50:01,537][INFO] Step 1: size: 1, coverage: 6.50%, cost: 1.0
[2024-10-06 18:50:01,541][INFO] Step 2: size: 2, coverage: 13.00%, cost: 2.0
[2024-10-06 18:50:01,544][INFO] Step 3: size: 3, coverage: 18.50%, cost: 3.0
[2024-10-06 18:50:01,547][INFO] Step 4: size: 4, coverage: 23.50%, cost: 4.0
[2024-10-06 18:50:01,550][INFO] Step 5: size: 5, coverage: 27.50%, cost: 5.0
[2024-10-06 18:50:01,553][INFO] Step 6: size: 6, coverage: 31.00%, cost: 6.0
[2024-10-06 18:50:01,556][INFO] Step 7: size: 7, coverage: 37.50%, cost: 8.0
[2024-10-06 18:50:01,559][INFO] Step 8: size: 8, coverage: 43.50%, cost: 10.0
[2024-10-06 18:50:01,562][INFO] Step 9: size: 9, coverage: 47.00%, cost: 12.0
[2024-10-06 18:50:01,565][INFO] Step 10: size: 10, coverage: 48.50%, cost: 13.0
[2024-10-06 18:50:01,568][INFO] Step 11: size: 11, coverage: 50.00%, cost: 14.0
[2024-10-06 18:50:01,571][INFO] Step 12: size: 12, coverage: 55.50%, cost: 18.0
[2024-10-06 18:50:01,574][INFO] Step 13: size: 13, coverage: 59.00%, cost: 21.0
[2024-10-06 18:50:01,578][INFO] Step 14: size: 14, coverage: 62.00%, cost: 24.0
[2024-10-06 18:50:01,581][INFO] Step 15: size: 15, coverage: 65.00%, cost: 27.0
[2024-10-06 18:50:01,584][INFO] Step 16: size: 16, coverage: 67.50%, cost: 30.0
[2024-10-06 18:50:01,587][INFO] Step 17: size: 17, coverage: 70.00%, cost: 33.0
[2024-10-06 18:50:01,590][INFO] Step 18: size: 18, coverage: 71.50%, cost: 35.0
[2024-10-06 18:50:01,593][INFO] Step 19: size: 19, coverage: 73.00%, cost: 37.0
[2024-10-06 18:50:01,596][INFO] Step 20: size: 20, coverage: 75.00%, cost: 40.0
[2024-10-06 18:50:01,599][INFO] Step 21: size: 21, coverage: 78.00%, cost: 45.0
[2024-10-06 18:50:01,602][INFO] Step 22: size: 22, coverage: 78.50%, cost: 46.0
[2024-10-06 18:50:01,605][INFO] Step 23: size: 23, coverage: 79.50%, cost: 48.0
[2024-10-06 18:50:01,609][INFO] Step 24: size: 24, coverage: 80.50%, cost: 50.0
[2024-10-06 18:50:01,612][INFO] Step 25: size: 25, coverage: 82.00%, cost: 53.0
[2024-10-06 18:50:01,615][INFO] Step 26: size: 26, coverage: 84.50%, cost: 59.0
[2024-10-06 18:50:01,618][INFO] Step 27: size: 27, coverage: 85.50%, cost: 62.0
[2024-10-06 18:50:01,621][INFO] Step 28: size: 28, coverage: 87.50%, cost: 69.0
[2024-10-06 18:50:01,624][INFO] Step 29: size: 29, coverage: 89.00%, cost: 75.0
[2024-10-06 18:50:01,628][INFO] Step 30: size: 30, coverage: 90.50%, cost: 81.0
[2024-10-06 18:50:01,631][INFO] Step 31: size: 31, coverage: 92.00%, cost: 87.0
[2024-10-06 18:50:01,634][INFO] Step 32: size: 32, coverage: 92.50%, cost: 90.0
[2024-10-06 18:50:01,637][INFO] Step 33: size: 33, coverage: 93.00%, cost: 93.0
[2024-10-06 18:50:01,640][INFO] Step 34: size: 34, coverage: 94.00%, cost: 99.0
[2024-10-06 18:50:01,644][INFO] Step 35: size: 35, coverage: 95.50%, cost: 108.0
[2024-10-06 18:50:01,647][INFO] Step 36: size: 36, coverage: 96.00%, cost: 112.0
[2024-10-06 18:50:01,650][INFO] Step 37: size: 37, coverage: 96.50%, cost: 116.0
[2024-10-06 18:50:01,654][INFO] Step 38: size: 38, coverage: 97.50%, cost: 125.0
[2024-10-06 18:50:01,657][INFO] Step 39: size: 39, coverage: 98.00%, cost: 130.0
[2024-10-06 18:50:01,660][INFO] Step 40: size: 40, coverage: 98.50%, cost: 135.0
[2024-10-06 18:50:01,664][INFO] Step 41: size: 41, coverage: 99.00%, cost: 141.0
[2024-10-06 18:50:01,667][INFO] Step 42: size: 42, coverage: 99.50%, cost: 149.0
[2024-10-06 18:50:01,671][INFO] Step 43: size: 43, coverage: 100.00%, cost: 161.0
[2024-10-06 18:50:01,671][INFO] Size: 43 -> 42
[2024-10-06 18:50:01,671][INFO] Cost: 161.0 -> 159.0
[2024-10-06 18:50:01,671][INFO] Pruned solution: [np.int64(1), np.int64(4), np.int64(3), np.int64(10), np.int64(6), np.int64(30), np.int64(18), np.int64(20), np.int64(11), np.int64(23), np.int64(7), np.int64(15), np.int64(45), np.int64(57), np.int64(50), np.int64(17), np.int64(47), np.int64(31), np.int64(82), np.int64(43), np.int64(70), np.int64(0), np.int64(5), np.int64(12), np.int64(19), np.int64(25), np.int64(13), np.int64(22), np.int64(53), np.int64(77), np.int64(38), np.int64(121), np.int64(9), np.int64(26), np.int64(24), np.int64(29), np.int64(48), np.int64(8), np.int64(44), np.int64(2), np.int64(34), np.int64(36)]
[2024-10-06 18:52:22,972][INFO] Step 1: size: 1, coverage: 6.50%, cost: 1.0
[2024-10-06 18:52:22,975][INFO] Step 2: size: 2, coverage: 13.00%, cost: 2.0
[2024-10-06 18:52:22,978][INFO] Step 3: size: 3, coverage: 18.50%, cost: 3.0
[2024-10-06 18:52:22,981][INFO] Step 4: size: 4, coverage: 23.50%, cost: 4.0
[2024-10-06 18:52:22,985][INFO] Step 5: size: 5, coverage: 27.50%, cost: 5.0
[2024-10-06 18:52:22,988][INFO] Step 6: size: 6, coverage: 31.00%, cost: 6.0
[2024-10-06 18:52:22,991][INFO] Step 7: size: 7, coverage: 37.50%, cost: 8.0
[2024-10-06 18:52:22,994][INFO] Step 8: size: 8, coverage: 43.50%, cost: 10.0
[2024-10-06 18:52:22,997][INFO] Step 9: size: 9, coverage: 47.00%, cost: 12.0
[2024-10-06 18:52:23,000][INFO] Step 10: size: 10, coverage: 48.50%, cost: 13.0
[2024-10-06 18:52:23,003][INFO] Step 11: size: 11, coverage: 50.00%, cost: 14.0
[2024-10-06 18:52:23,006][INFO] Step 12: size: 12, coverage: 55.50%, cost: 18.0
[2024-10-06 18:52:23,009][INFO] Step 13: size: 13, coverage: 59.00%, cost: 21.0
[2024-10-06 18:52:23,012][INFO] Step 14: size: 14, coverage: 62.00%, cost: 24.0
[2024-10-06 18:52:23,015][INFO] Step 15: size: 15, coverage: 65.00%, cost: 27.0
[2024-10-06 18:52:23,019][INFO] Step 16: size: 16, coverage: 67.50%, cost: 30.0
[2024-10-06 18:52:23,022][INFO] Step 17: size: 17, coverage: 70.00%, cost: 33.0
[2024-10-06 18:52:23,025][INFO] Step 18: size: 18, coverage: 71.50%, cost: 35.0
[2024-10-06 18:52:23,028][INFO] Step 19: size: 19, coverage: 73.00%, cost: 37.0
[2024-10-06 18:52:23,031][INFO] Step 20: size: 20, coverage: 75.00%, cost: 40.0
[2024-10-06 18:52:23,034][INFO] Step 21: size: 21, coverage: 78.00%, cost: 45.0
[2024-10-06 18:52:23,037][INFO] Step 22: size: 22, coverage: 78.50%, cost: 46.0
[2024-10-06 18:52:23,040][INFO] Step 23: size: 23, coverage: 79.50%, cost: 48.0
[2024-10-06 18:52:23,043][INFO] Step 24: size: 24, coverage: 80.50%, cost: 50.0
[2024-10-06 18:52:23,047][INFO] Step 25: size: 25, coverage: 82.00%, cost: 53.0
[2024-10-06 18:52:23,050][INFO] Step 26: size: 26, coverage: 84.50%, cost: 59.0
[2024-10-06 18:52:23,053][INFO] Step 27: size: 27, coverage: 85.50%, cost: 62.0
[2024-10-06 18:52:23,056][INFO] Step 28: size: 28, coverage: 87.50%, cost: 69.0
[2024-10-06 18:52:23,059][INFO] Step 29: size: 29, coverage: 89.00%, cost: 75.0
[2024-10-06 18:52:23,062][INFO] Step 30: size: 30, coverage: 90.50%, cost: 81.0
[2024-10-06 18:52:23,066][INFO] Step 31: size: 31, coverage: 92.00%, cost: 87.0
[2024-10-06 18:52:23,069][INFO] Step 32: size: 32, coverage: 92.50%, cost: 90.0
[2024-10-06 18:52:23,072][INFO] Step 33: size: 33, coverage: 93.00%, cost: 93.0
[2024-10-06 18:52:23,075][INFO] Step 34: size: 34, coverage: 94.00%, cost: 99.0
[2024-10-06 18:52:23,079][INFO] Step 35: size: 35, coverage: 95.50%, cost: 108.0
[2024-10-06 18:52:23,082][INFO] Step 36: size: 36, coverage: 96.00%, cost: 112.0
[2024-10-06 18:52:23,085][INFO] Step 37: size: 37, coverage: 96.50%, cost: 116.0
[2024-10-06 18:52:23,089][INFO] Step 38: size: 38, coverage: 97.50%, cost: 125.0
[2024-10-06 18:52:23,092][INFO] Step 39: size: 39, coverage: 98.00%, cost: 130.0
[2024-10-06 18:52:23,095][INFO] Step 40: size: 40, coverage: 98.50%, cost: 135.0
[2024-10-06 18:52:23,099][INFO] Step 41: size: 41, coverage: 99.00%, cost: 141.0
[2024-10-06 18:52:23,102][INFO] Step 42: size: 42, coverage: 99.50%, cost: 149.0
[2024-10-06 18:52:23,105][INFO] Step 43: size: 43, coverage: 100.00%, cost: 161.0
[2024-10-06 18:52:23,106][INFO] Size: 43 -> 42
[2024-10-06 18:52:23,106][INFO] Cost: 161.0 -> 159.0
[2024-10-06 18:54:33,886][INFO] Step 1: size: 1, coverage: 6.50%, cost: 1.0
[2024-10-06 18:54:33,889][INFO] Step 2: size: 2, coverage: 13.00%, cost: 2.0
[2024-10-06 18:54:33,892][INFO] Step 3: size: 3, coverage: 18.50%, cost: 3.0
[2024-10-06 18:54:33,896][INFO] Step 4: size: 4, coverage: 23.50%, cost: 4.0
[2024-10-06 18:54:33,899][INFO] Step 5: size: 5, coverage: 27.50%, cost: 5.0
[2024-10-06 18:54:33,902][INFO] Step 6: size: 6, coverage: 31.00%, cost: 6.0
[2024-10-06 18:54:33,905][INFO] Step 7: size: 7, coverage: 37.50%, cost: 8.0
[2024-10-06 18:54:33,909][INFO] Step 8: size: 8, coverage: 43.50%, cost: 10.0
[2024-10-06 18:54:33,912][INFO] Step 9: size: 9, coverage: 47.00%, cost: 12.0
[2024-10-06 18:54:33,915][INFO] Step 10: size: 10, coverage: 48.50%, cost: 13.0
[2024-10-06 18:54:33,918][INFO] Step 11: size: 11, coverage: 50.00%, cost: 14.0
[2024-10-06 18:54:33,921][INFO] Step 12: size: 12, coverage: 55.50%, cost: 18.0
[2024-10-06 18:54:33,925][INFO] Step 13: size: 13, coverage: 59.00%, cost: 21.0
[2024-10-06 18:54:33,928][INFO] Step 14: size: 14, coverage: 62.00%, cost: 24.0
[2024-10-06 18:54:33,931][INFO] Step 15: size: 15, coverage: 65.00%, cost: 27.0
[2024-10-06 18:54:33,934][INFO] Step 16: size: 16, coverage: 67.50%, cost: 30.0
[2024-10-06 18:54:33,937][INFO] Step 17: size: 17, coverage: 70.00%, cost: 33.0
[2024-10-06 18:54:33,940][INFO] Step 18: size: 18, coverage: 71.50%, cost: 35.0
[2024-10-06 18:54:33,944][INFO] Step 19: size: 19, coverage: 73.00%, cost: 37.0
[2024-10-06 18:54:33,947][INFO] Step 20: size: 20, coverage: 75.00%, cost: 40.0
[2024-10-06 18:54:33,950][INFO] Step 21: size: 21, coverage: 78.00%, cost: 45.0
[2024-10-06 18:54:33,953][INFO] Step 22: size: 22, coverage: 78.50%, cost: 46.0
[2024-10-06 18:54:33,956][INFO] Step 23: size: 23, coverage: 79.50%, cost: 48.0
[2024-10-06 18:54:33,959][INFO] Step 24: size: 24, coverage: 80.50%, cost: 50.0
[2024-10-06 18:54:33,963][INFO] Step 25: size: 25, coverage: 82.00%, cost: 53.0
[2024-10-06 18:54:33,966][INFO] Step 26: size: 26, coverage: 84.50%, cost: 59.0
[2024-10-06 18:54:33,969][INFO] Step 27: size: 27, coverage: 85.50%, cost: 62.0
[2024-10-06 18:54:33,972][INFO] Step 28: size: 28, coverage: 87.50%, cost: 69.0
[2024-10-06 18:54:33,976][INFO] Step 29: size: 29, coverage: 89.00%, cost: 75.0
[2024-10-06 18:54:33,979][INFO] Step 30: size: 30, coverage: 90.50%, cost: 81.0
[2024-10-06 18:54:33,982][INFO] Step 31: size: 31, coverage: 92.00%, cost: 87.0
[2024-10-06 18:54:33,985][INFO] Step 32: size: 32, coverage: 92.50%, cost: 90.0
[2024-10-06 18:54:33,989][INFO] Step 33: size: 33, coverage: 93.00%, cost: 93.0
[2024-10-06 18:54:33,992][INFO] Step 34: size: 34, coverage: 94.00%, cost: 99.0
[2024-10-06 18:54:33,995][INFO] Step 35: size: 35, coverage: 95.50%, cost: 108.0
[2024-10-06 18:54:33,999][INFO] Step 36: size: 36, coverage: 96.00%, cost: 112.0
[2024-10-06 18:54:34,002][INFO] Step 37: size: 37, coverage: 96.50%, cost: 116.0
[2024-10-06 18:54:34,005][INFO] Step 38: size: 38, coverage: 97.50%, cost: 125.0
[2024-10-06 18:54:34,009][INFO] Step 39: size: 39, coverage: 98.00%, cost: 130.0
[2024-10-06 18:54:34,012][INFO] Step 40: size: 40, coverage: 98.50%, cost: 135.0
[2024-10-06 18:54:34,015][INFO] Step 41: size: 41, coverage: 99.00%, cost: 141.0
[2024-10-06 18:54:34,019][INFO] Step 42: size: 42, coverage: 99.50%, cost: 149.0
[2024-10-06 18:54:34,022][INFO] Step 43: size: 43, coverage: 100.00%, cost: 161.0
[2024-10-06 18:54:34,023][INFO] Size: 43 -> 42
[2024-10-06 18:54:34,023][INFO] Cost: 161.0 -> 159.0
[2024-10-06 18:55:34,427][INFO] Step 1: size: 1, coverage: 6.50%, cost: 1.0
[2024-10-06 18:55:34,430][INFO] Step 2: size: 2, coverage: 13.00%, cost: 2.0
[2024-10-06 18:55:34,433][INFO] Step 3: size: 3, coverage: 18.50%, cost: 3.0
[2024-10-06 18:55:34,436][INFO] Step 4: size: 4, coverage: 23.50%, cost: 4.0
[2024-10-06 18:55:34,439][INFO] Step 5: size: 5, coverage: 27.50%, cost: 5.0
[2024-10-06 18:55:34,442][INFO] Step 6: size: 6, coverage: 31.00%, cost: 6.0
[2024-10-06 18:55:34,445][INFO] Step 7: size: 7, coverage: 37.50%, cost: 8.0
[2024-10-06 18:55:34,448][INFO] Step 8: size: 8, coverage: 43.50%, cost: 10.0
[2024-10-06 18:55:34,451][INFO] Step 9: size: 9, coverage: 47.00%, cost: 12.0
[2024-10-06 18:55:34,455][INFO] Step 10: size: 10, coverage: 48.50%, cost: 13.0
[2024-10-06 18:55:34,458][INFO] Step 11: size: 11, coverage: 50.00%, cost: 14.0
[2024-10-06 18:55:34,461][INFO] Step 12: size: 12, coverage: 55.50%, cost: 18.0
[2024-10-06 18:55:34,464][INFO] Step 13: size: 13, coverage: 59.00%, cost: 21.0
[2024-10-06 18:55:34,467][INFO] Step 14: size: 14, coverage: 62.00%, cost: 24.0
[2024-10-06 18:55:34,470][INFO] Step 15: size: 15, coverage: 65.00%, cost: 27.0
[2024-10-06 18:55:34,473][INFO] Step 16: size: 16, coverage: 67.50%, cost: 30.0
[2024-10-06 18:55:34,476][INFO] Step 17: size: 17, coverage: 70.00%, cost: 33.0
[2024-10-06 18:55:34,479][INFO] Step 18: size: 18, coverage: 71.50%, cost: 35.0
[2024-10-06 18:55:34,482][INFO] Step 19: size: 19, coverage: 73.00%, cost: 37.0
[2024-10-06 18:55:34,485][INFO] Step 20: size: 20, coverage: 75.00%, cost: 40.0
[2024-10-06 18:55:34,488][INFO] Step 21: size: 21, coverage: 78.00%, cost: 45.0
[2024-10-06 18:55:34,492][INFO] Step 22: size: 22, coverage: 78.50%, cost: 46.0
[2024-10-06 18:55:34,495][INFO] Step 23: size: 23, coverage: 79.50%, cost: 48.0
[2024-10-06 18:55:34,498][INFO] Step 24: size: 24, coverage: 80.50%, cost: 50.0
[2024-10-06 18:55:34,501][INFO] Step 25: size: 25, coverage: 82.00%, cost: 53.0
[2024-10-06 18:55:34,504][INFO] Step 26: size: 26, coverage: 84.50%, cost: 59.0
[2024-10-06 18:55:34,507][INFO] Step 27: size: 27, coverage: 85.50%, cost: 62.0
[2024-10-06 18:55:34,511][INFO] Step 28: size: 28, coverage: 87.50%, cost: 69.0
[2024-10-06 18:55:34,514][INFO] Step 29: size: 29, coverage: 89.00%, cost: 75.0
[2024-10-06 18:55:34,517][INFO] Step 30: size: 30, coverage: 90.50%, cost: 81.0
[2024-10-06 18:55:34,520][INFO] Step 31: size: 31, coverage: 92.00%, cost: 87.0
[2024-10-06 18:55:34,523][INFO] Step 32: size: 32, coverage: 92.50%, cost: 90.0
[2024-10-06 18:55:34,527][INFO] Step 33: size: 33, coverage: 93.00%, cost: 93.0
[2024-10-06 18:55:34,530][INFO] Step 34: size: 34, coverage: 94.00%, cost: 99.0
[2024-10-06 18:55:34,533][INFO] Step 35: size: 35, coverage: 95.50%, cost: 108.0
[2024-10-06 18:55:34,536][INFO] Step 36: size: 36, coverage: 96.00%, cost: 112.0
[2024-10-06 18:55:34,540][INFO] Step 37: size: 37, coverage: 96.50%, cost: 116.0
[2024-10-06 18:55:34,543][INFO] Step 38: size: 38, coverage: 97.50%, cost: 125.0
[2024-10-06 18:55:34,546][INFO] Step 39: size: 39, coverage: 98.00%, cost: 130.0
[2024-10-06 18:55:34,550][INFO] Step 40: size: 40, coverage: 98.50%, cost: 135.0
[2024-10-06 18:55:34,553][INFO] Step 41: size: 41, coverage: 99.00%, cost: 141.0
[2024-10-06 18:55:34,556][INFO] Step 42: size: 42, coverage: 99.50%, cost: 149.0
[2024-10-06 18:55:34,560][INFO] Step 43: size: 43, coverage: 100.00%, cost: 161.0
[2024-10-06 18:55:34,560][INFO] Size: 43 -> 42
[2024-10-06 18:55:34,560][INFO] Cost: 161.0 -> 159.0
[2024-10-06 19:03:29,463][INFO] Step 1: size: 1, coverage: 6.50%, cost: 1.0
[2024-10-06 19:03:29,467][INFO] Step 2: size: 2, coverage: 13.00%, cost: 2.0
[2024-10-06 19:03:29,470][INFO] Step 3: size: 3, coverage: 18.50%, cost: 3.0
[2024-10-06 19:03:29,473][INFO] Step 4: size: 4, coverage: 23.50%, cost: 4.0
[2024-10-06 19:03:29,476][INFO] Step 5: size: 5, coverage: 27.50%, cost: 5.0
[2024-10-06 19:03:29,479][INFO] Step 6: size: 6, coverage: 31.00%, cost: 6.0
[2024-10-06 19:03:29,482][INFO] Step 7: size: 7, coverage: 37.50%, cost: 8.0
[2024-10-06 19:03:29,485][INFO] Step 8: size: 8, coverage: 43.50%, cost: 10.0
[2024-10-06 19:03:29,489][INFO] Step 9: size: 9, coverage: 47.00%, cost: 12.0
[2024-10-06 19:03:29,492][INFO] Step 10: size: 10, coverage: 48.50%, cost: 13.0
[2024-10-06 19:03:29,495][INFO] Step 11: size: 11, coverage: 50.00%, cost: 14.0
[2024-10-06 19:03:29,498][INFO] Step 12: size: 12, coverage: 55.50%, cost: 18.0
[2024-10-06 19:03:29,501][INFO] Step 13: size: 13, coverage: 59.00%, cost: 21.0
[2024-10-06 19:03:29,504][INFO] Step 14: size: 14, coverage: 62.00%, cost: 24.0
[2024-10-06 19:03:29,507][INFO] Step 15: size: 15, coverage: 65.00%, cost: 27.0
[2024-10-06 19:03:29,510][INFO] Step 16: size: 16, coverage: 67.50%, cost: 30.0
[2024-10-06 19:03:29,513][INFO] Step 17: size: 17, coverage: 70.00%, cost: 33.0
[2024-10-06 19:03:29,516][INFO] Step 18: size: 18, coverage: 71.50%, cost: 35.0
[2024-10-06 19:03:29,519][INFO] Step 19: size: 19, coverage: 73.00%, cost: 37.0
[2024-10-06 19:03:29,523][INFO] Step 20: size: 20, coverage: 75.00%, cost: 40.0
[2024-10-06 19:03:29,526][INFO] Step 21: size: 21, coverage: 78.00%, cost: 45.0
[2024-10-06 19:03:29,529][INFO] Step 22: size: 22, coverage: 78.50%, cost: 46.0
[2024-10-06 19:03:29,532][INFO] Step 23: size: 23, coverage: 79.50%, cost: 48.0
[2024-10-06 19:03:29,535][INFO] Step 24: size: 24, coverage: 80.50%, cost: 50.0
[2024-10-06 19:03:29,538][INFO] Step 25: size: 25, coverage: 82.00%, cost: 53.0
[2024-10-06 19:03:29,541][INFO] Step 26: size: 26, coverage: 84.50%, cost: 59.0
[2024-10-06 19:03:29,545][INFO] Step 27: size: 27, coverage: 85.50%, cost: 62.0
[2024-10-06 19:03:29,548][INFO] Step 28: size: 28, coverage: 87.50%, cost: 69.0
[2024-10-06 19:03:29,551][INFO] Step 29: size: 29, coverage: 89.00%, cost: 75.0
[2024-10-06 19:03:29,555][INFO] Step 30: size: 30, coverage: 90.50%, cost: 81.0
[2024-10-06 19:03:29,558][INFO] Step 31: size: 31, coverage: 92.00%, cost: 87.0
[2024-10-06 19:03:29,562][INFO] Step 32: size: 32, coverage: 92.50%, cost: 90.0
[2024-10-06 19:03:29,565][INFO] Step 33: size: 33, coverage: 93.00%, cost: 93.0
[2024-10-06 19:03:29,568][INFO] Step 34: size: 34, coverage: 94.00%, cost: 99.0
[2024-10-06 19:03:29,572][INFO] Step 35: size: 35, coverage: 95.50%, cost: 108.0
[2024-10-06 19:03:29,575][INFO] Step 36: size: 36, coverage: 96.00%, cost: 112.0
[2024-10-06 19:03:29,578][INFO] Step 37: size: 37, coverage: 96.50%, cost: 116.0
[2024-10-06 19:03:29,582][INFO] Step 38: size: 38, coverage: 97.50%, cost: 125.0
[2024-10-06 19:03:29,585][INFO] Step 39: size: 39, coverage: 98.00%, cost: 130.0
[2024-10-06 19:03:29,588][INFO] Step 40: size: 40, coverage: 98.50%, cost: 135.0
[2024-10-06 19:03:29,592][INFO] Step 41: size: 41, coverage: 99.00%, cost: 141.0
[2024-10-06 19:03:29,595][INFO] Step 42: size: 42, coverage: 99.50%, cost: 149.0
[2024-10-06 19:03:29,599][INFO] Step 43: size: 43, coverage: 100.00%, cost: 161.0
[2024-10-06 19:03:29,599][INFO] Size: 43 -> 42
[2024-10-06 19:03:29,599][INFO] Cost: 161.0 -> 159.0
[2024-10-06 22:18:06,562][INFO] Step 1: size: 1, coverage: 6.50%, cost: 1.0
[2024-10-06 22:18:06,565][INFO] Step 2: size: 2, coverage: 13.00%, cost: 2.0
[2024-10-06 22:18:06,568][INFO] Step 3: size: 3, coverage: 18.50%, cost: 3.0
[2024-10-06 22:18:06,571][INFO] Step 4: size: 4, coverage: 23.50%, cost: 4.0
[2024-10-06 22:18:06,574][INFO] Step 5: size: 5, coverage: 27.50%, cost: 5.0
[2024-10-06 22:18:06,578][INFO] Step 6: size: 6, coverage: 31.00%, cost: 6.0
[2024-10-06 22:18:06,581][INFO] Step 7: size: 7, coverage: 37.50%, cost: 8.0
[2024-10-06 22:18:06,584][INFO] Step 8: size: 8, coverage: 43.50%, cost: 10.0
[2024-10-06 22:18:06,587][INFO] Step 9: size: 9, coverage: 47.00%, cost: 12.0
[2024-10-06 22:18:06,590][INFO] Step 10: size: 10, coverage: 48.50%, cost: 13.0
[2024-10-06 22:18:06,593][INFO] Step 11: size: 11, coverage: 50.00%, cost: 14.0
[2024-10-06 22:18:06,596][INFO] Step 12: size: 12, coverage: 55.50%, cost: 18.0
[2024-10-06 22:18:06,599][INFO] Step 13: size: 13, coverage: 59.00%, cost: 21.0
[2024-10-06 22:18:06,602][INFO] Step 14: size: 14, coverage: 62.00%, cost: 24.0
[2024-10-06 22:18:06,605][INFO] Step 15: size: 15, coverage: 65.00%, cost: 27.0
[2024-10-06 22:18:06,609][INFO] Step 16: size: 16, coverage: 67.50%, cost: 30.0
[2024-10-06 22:18:06,612][INFO] Step 17: size: 17, coverage: 70.00%, cost: 33.0
[2024-10-06 22:18:06,615][INFO] Step 18: size: 18, coverage: 71.50%, cost: 35.0
[2024-10-06 22:18:06,618][INFO] Step 19: size: 19, coverage: 73.00%, cost: 37.0
[2024-10-06 22:18:06,621][INFO] Step 20: size: 20, coverage: 75.00%, cost: 40.0
[2024-10-06 22:18:06,624][INFO] Step 21: size: 21, coverage: 78.00%, cost: 45.0
[2024-10-06 22:18:06,627][INFO] Step 22: size: 22, coverage: 78.50%, cost: 46.0
[2024-10-06 22:18:06,630][INFO] Step 23: size: 23, coverage: 79.50%, cost: 48.0
[2024-10-06 22:18:06,633][INFO] Step 24: size: 24, coverage: 80.50%, cost: 50.0
[2024-10-06 22:18:06,637][INFO] Step 25: size: 25, coverage: 82.00%, cost: 53.0
[2024-10-06 22:18:06,640][INFO] Step 26: size: 26, coverage: 84.50%, cost: 59.0
[2024-10-06 22:18:06,643][INFO] Step 27: size: 27, coverage: 85.50%, cost: 62.0
[2024-10-06 22:18:06,646][INFO] Step 28: size: 28, coverage: 87.50%, cost: 69.0
[2024-10-06 22:18:06,650][INFO] Step 29: size: 29, coverage: 89.00%, cost: 75.0
[2024-10-06 22:18:06,653][INFO] Step 30: size: 30, coverage: 90.50%, cost: 81.0
[2024-10-06 22:18:06,656][INFO] Step 31: size: 31, coverage: 92.00%, cost: 87.0
[2024-10-06 22:18:06,659][INFO] Step 32: size: 32, coverage: 92.50%, cost: 90.0
[2024-10-06 22:18:06,663][INFO] Step 33: size: 33, coverage: 93.00%, cost: 93.0
[2024-10-06 22:18:06,666][INFO] Step 34: size: 34, coverage: 94.00%, cost: 99.0
[2024-10-06 22:18:06,669][INFO] Step 35: size: 35, coverage: 95.50%, cost: 108.0
[2024-10-06 22:18:06,672][INFO] Step 36: size: 36, coverage: 96.00%, cost: 112.0
[2024-10-06 22:18:06,676][INFO] Step 37: size: 37, coverage: 96.50%, cost: 116.0
[2024-10-06 22:18:06,679][INFO] Step 38: size: 38, coverage: 97.50%, cost: 125.0
[2024-10-06 22:18:06,682][INFO] Step 39: size: 39, coverage: 98.00%, cost: 130.0
[2024-10-06 22:18:06,686][INFO] Step 40: size: 40, coverage: 98.50%, cost: 135.0
[2024-10-06 22:18:06,689][INFO] Step 41: size: 41, coverage: 99.00%, cost: 141.0
[2024-10-06 22:18:06,693][INFO] Step 42: size: 42, coverage: 99.50%, cost: 149.0
[2024-10-06 22:18:06,696][INFO] Step 43: size: 43, coverage: 100.00%, cost: 161.0
[2024-10-06 22:18:06,697][INFO] Size: 43 -> 42
[2024-10-06 22:18:06,697][INFO] Cost: 161.0 -> 159.0
[2024-10-06 22:21:08,395][INFO] Step 1: size: 1, coverage: 6.50%, cost: 1.0
[2024-10-06 22:21:08,398][INFO] Step 2: size: 2, coverage: 13.00%, cost: 2.0
[2024-10-06 22:21:08,401][INFO] Step 3: size: 3, coverage: 18.50%, cost: 3.0
[2024-10-06 22:21:08,404][INFO] Step 4: size: 4, coverage: 23.50%, cost: 4.0
[2024-10-06 22:21:08,407][INFO] Step 5: size: 5, coverage: 27.50%, cost: 5.0
[2024-10-06 22:21:08,410][INFO] Step 6: size: 6, coverage: 31.00%, cost: 6.0
[2024-10-06 22:21:08,414][INFO] Step 7: size: 7, coverage: 37.50%, cost: 8.0
[2024-10-06 22:21:08,417][INFO] Step 8: size: 8, coverage: 43.50%, cost: 10.0
[2024-10-06 22:21:08,420][INFO] Step 9: size: 9, coverage: 47.00%, cost: 12.0
[2024-10-06 22:21:08,423][INFO] Step 10: size: 10, coverage: 48.50%, cost: 13.0
[2024-10-06 22:21:08,426][INFO] Step 11: size: 11, coverage: 50.00%, cost: 14.0
[2024-10-06 22:21:08,429][INFO] Step 12: size: 12, coverage: 55.50%, cost: 18.0
[2024-10-06 22:21:08,432][INFO] Step 13: size: 13, coverage: 59.00%, cost: 21.0
[2024-10-06 22:21:08,435][INFO] Step 14: size: 14, coverage: 62.00%, cost: 24.0
[2024-10-06 22:21:08,439][INFO] Step 15: size: 15, coverage: 65.00%, cost: 27.0
[2024-10-06 22:21:08,442][INFO] Step 16: size: 16, coverage: 67.50%, cost: 30.0
[2024-10-06 22:21:08,445][INFO] Step 17: size: 17, coverage: 70.00%, cost: 33.0
[2024-10-06 22:21:08,448][INFO] Step 18: size: 18, coverage: 71.50%, cost: 35.0
[2024-10-06 22:21:08,451][INFO] Step 19: size: 19, coverage: 73.00%, cost: 37.0
[2024-10-06 22:21:08,454][INFO] Step 20: size: 20, coverage: 75.00%, cost: 40.0
[2024-10-06 22:21:08,457][INFO] Step 21: size: 21, coverage: 78.00%, cost: 45.0
[2024-10-06 22:21:08,460][INFO] Step 22: size: 22, coverage: 78.50%, cost: 46.0
[2024-10-06 22:21:08,464][INFO] Step 23: size: 23, coverage: 79.50%, cost: 48.0
[2024-10-06 22:21:08,467][INFO] Step 24: size: 24, coverage: 80.50%, cost: 50.0
[2024-10-06 22:21:08,470][INFO] Step 25: size: 25, coverage: 82.00%, cost: 53.0
[2024-10-06 22:21:08,473][INFO] Step 26: size: 26, coverage: 84.50%, cost: 59.0
[2024-10-06 22:21:08,476][INFO] Step 27: size: 27, coverage: 85.50%, cost: 62.0
[2024-10-06 22:21:08,480][INFO] Step 28: size: 28, coverage: 87.50%, cost: 69.0
[2024-10-06 22:21:08,483][INFO] Step 29: size: 29, coverage: 89.00%, cost: 75.0
[2024-10-06 22:21:08,486][INFO] Step 30: size: 30, coverage: 90.50%, cost: 81.0
[2024-10-06 22:21:08,489][INFO] Step 31: size: 31, coverage: 92.00%, cost: 87.0
[2024-10-06 22:21:08,493][INFO] Step 32: size: 32, coverage: 92.50%, cost: 90.0
[2024-10-06 22:21:08,496][INFO] Step 33: size: 33, coverage: 93.00%, cost: 93.0
[2024-10-06 22:21:08,499][INFO] Step 34: size: 34, coverage: 94.00%, cost: 99.0
[2024-10-06 22:21:08,503][INFO] Step 35: size: 35, coverage: 95.50%, cost: 108.0
[2024-10-06 22:21:08,506][INFO] Step 36: size: 36, coverage: 96.00%, cost: 112.0
[2024-10-06 22:21:08,509][INFO] Step 37: size: 37, coverage: 96.50%, cost: 116.0
[2024-10-06 22:21:08,512][INFO] Step 38: size: 38, coverage: 97.50%, cost: 125.0
[2024-10-06 22:21:08,516][INFO] Step 39: size: 39, coverage: 98.00%, cost: 130.0
[2024-10-06 22:21:08,519][INFO] Step 40: size: 40, coverage: 98.50%, cost: 135.0
[2024-10-06 22:21:08,523][INFO] Step 41: size: 41, coverage: 99.00%, cost: 141.0
[2024-10-06 22:21:08,526][INFO] Step 42: size: 42, coverage: 99.50%, cost: 149.0
[2024-10-06 22:21:08,530][INFO] Step 43: size: 43, coverage: 100.00%, cost: 161.0
[2024-10-06 22:21:08,530][INFO] Size: 43 -> 42
[2024-10-06 22:21:08,530][INFO] Cost: 161.0 -> 159.0
[2024-10-08 22:46:08,890][INFO] Step 1: size: 1, coverage: 6.50%, cost: 1.0
[2024-10-08 22:46:08,893][INFO] Step 2: size: 2, coverage: 13.00%, cost: 2.0
[2024-10-08 22:46:08,896][INFO] Step 3: size: 3, coverage: 18.50%, cost: 3.0
[2024-10-08 22:46:08,900][INFO] Step 4: size: 4, coverage: 23.50%, cost: 4.0
[2024-10-08 22:46:08,903][INFO] Step 5: size: 5, coverage: 27.50%, cost: 5.0
[2024-10-08 22:46:08,906][INFO] Step 6: size: 6, coverage: 31.00%, cost: 6.0
[2024-10-08 22:46:08,909][INFO] Step 7: size: 7, coverage: 37.50%, cost: 8.0
[2024-10-08 22:46:08,912][INFO] Step 8: size: 8, coverage: 43.50%, cost: 10.0
[2024-10-08 22:46:08,915][INFO] Step 9: size: 9, coverage: 47.00%, cost: 12.0
[2024-10-08 22:46:08,919][INFO] Step 10: size: 10, coverage: 48.50%, cost: 13.0
[2024-10-08 22:46:08,922][INFO] Step 11: size: 11, coverage: 50.00%, cost: 14.0
[2024-10-08 22:46:08,925][INFO] Step 12: size: 12, coverage: 55.50%, cost: 18.0
[2024-10-08 22:46:08,928][INFO] Step 13: size: 13, coverage: 59.00%, cost: 21.0
[2024-10-08 22:46:08,931][INFO] Step 14: size: 14, coverage: 62.00%, cost: 24.0
[2024-10-08 22:46:08,934][INFO] Step 15: size: 15, coverage: 65.00%, cost: 27.0
[2024-10-08 22:46:08,938][INFO] Step 16: size: 16, coverage: 67.50%, cost: 30.0
[2024-10-08 22:46:08,941][INFO] Step 17: size: 17, coverage: 70.00%, cost: 33.0
[2024-10-08 22:46:08,944][INFO] Step 18: size: 18, coverage: 71.50%, cost: 35.0
[2024-10-08 22:46:08,947][INFO] Step 19: size: 19, coverage: 73.00%, cost: 37.0
[2024-10-08 22:46:08,950][INFO] Step 20: size: 20, coverage: 75.00%, cost: 40.0
[2024-10-08 22:46:08,953][INFO] Step 21: size: 21, coverage: 78.00%, cost: 45.0
[2024-10-08 22:46:08,957][INFO] Step 22: size: 22, coverage: 78.50%, cost: 46.0
[2024-10-08 22:46:08,960][INFO] Step 23: size: 23, coverage: 79.50%, cost: 48.0
[2024-10-08 22:46:08,963][INFO] Step 24: size: 24, coverage: 80.50%, cost: 50.0
[2024-10-08 22:46:08,966][INFO] Step 25: size: 25, coverage: 82.00%, cost: 53.0
[2024-10-08 22:46:08,969][INFO] Step 26: size: 26, coverage: 84.50%, cost: 59.0
[2024-10-08 22:46:08,973][INFO] Step 27: size: 27, coverage: 85.50%, cost: 62.0
[2024-10-08 22:46:08,976][INFO] Step 28: size: 28, coverage: 87.50%, cost: 69.0
[2024-10-08 22:46:08,979][INFO] Step 29: size: 29, coverage: 89.00%, cost: 75.0
[2024-10-08 22:46:08,983][INFO] Step 30: size: 30, coverage: 90.50%, cost: 81.0
[2024-10-08 22:46:08,986][INFO] Step 31: size: 31, coverage: 92.00%, cost: 87.0
[2024-10-08 22:46:08,989][INFO] Step 32: size: 32, coverage: 92.50%, cost: 90.0
[2024-10-08 22:46:08,993][INFO] Step 33: size: 33, coverage: 93.00%, cost: 93.0
[2024-10-08 22:46:08,996][INFO] Step 34: size: 34, coverage: 94.00%, cost: 99.0
[2024-10-08 22:46:08,999][INFO] Step 35: size: 35, coverage: 95.50%, cost: 108.0
[2024-10-08 22:46:09,003][INFO] Step 36: size: 36, coverage: 96.00%, cost: 112.0
[2024-10-08 22:46:09,006][INFO] Step 37: size: 37, coverage: 96.50%, cost: 116.0
[2024-10-08 22:46:09,009][INFO] Step 38: size: 38, coverage: 97.50%, cost: 125.0
[2024-10-08 22:46:09,013][INFO] Step 39: size: 39, coverage: 98.00%, cost: 130.0
[2024-10-08 22:46:09,016][INFO] Step 40: size: 40, coverage: 98.50%, cost: 135.0
[2024-10-08 22:46:09,020][INFO] Step 41: size: 41, coverage: 99.00%, cost: 141.0
[2024-10-08 22:46:09,023][INFO] Step 42: size: 42, coverage: 99.50%, cost: 149.0
[2024-10-08 22:46:09,027][INFO] Step 43: size: 43, coverage: 100.00%, cost: 161.0
[2024-10-08 22:46:09,027][INFO] Size: 43 -> 42
[2024-10-08 22:46:09,027][INFO] Cost: 161.0 -> 159.0
[2024-10-08 23:00:52,287][INFO] Step 1: size: 1, coverage: 6.50%, cost: 1.0
[2024-10-08 23:00:52,291][INFO] Step 2: size: 2, coverage: 13.00%, cost: 2.0
[2024-10-08 23:00:52,294][INFO] Step 3: size: 3, coverage: 18.50%, cost: 3.0
[2024-10-08 23:00:52,297][INFO] Step 4: size: 4, coverage: 23.50%, cost: 4.0
[2024-10-08 23:00:52,300][INFO] Step 5: size: 5, coverage: 27.50%, cost: 5.0
[2024-10-08 23:00:52,304][INFO] Step 6: size: 6, coverage: 31.00%, cost: 6.0
[2024-10-08 23:00:52,307][INFO] Step 7: size: 7, coverage: 37.50%, cost: 8.0
[2024-10-08 23:00:52,310][INFO] Step 8: size: 8, coverage: 43.50%, cost: 10.0
[2024-10-08 23:00:52,313][INFO] Step 9: size: 9, coverage: 47.00%, cost: 12.0
[2024-10-08 23:00:52,317][INFO] Step 10: size: 10, coverage: 48.50%, cost: 13.0
[2024-10-08 23:00:52,320][INFO] Step 11: size: 11, coverage: 50.00%, cost: 14.0
[2024-10-08 23:00:52,323][INFO] Step 12: size: 12, coverage: 55.50%, cost: 18.0
[2024-10-08 23:00:52,326][INFO] Step 13: size: 13, coverage: 59.00%, cost: 21.0
[2024-10-08 23:00:52,330][INFO] Step 14: size: 14, coverage: 62.00%, cost: 24.0
[2024-10-08 23:00:52,333][INFO] Step 15: size: 15, coverage: 65.00%, cost: 27.0
[2024-10-08 23:00:52,336][INFO] Step 16: size: 16, coverage: 67.50%, cost: 30.0
[2024-10-08 23:00:52,339][INFO] Step 17: size: 17, coverage: 70.00%, cost: 33.0
[2024-10-08 23:00:52,343][INFO] Step 18: size: 18, coverage: 71.50%, cost: 35.0
[2024-10-08 23:00:52,346][INFO] Step 19: size: 19, coverage: 73.00%, cost: 37.0
[2024-10-08 23:00:52,349][INFO] Step 20: size: 20, coverage: 75.00%, cost: 40.0
[2024-10-08 23:00:52,352][INFO] Step 21: size: 21, coverage: 78.00%, cost: 45.0
[2024-10-08 23:00:52,356][INFO] Step 22: size: 22, coverage: 78.50%, cost: 46.0
[2024-10-08 23:00:52,359][INFO] Step 23: size: 23, coverage: 79.50%, cost: 48.0
[2024-10-08 23:00:52,362][INFO] Step 24: size: 24, coverage: 80.50%, cost: 50.0
[2024-10-08 23:00:52,366][INFO] Step 25: size: 25, coverage: 82.00%, cost: 53.0
[2024-10-08 23:00:52,369][INFO] Step 26: size: 26, coverage: 84.50%, cost: 59.0
[2024-10-08 23:00:52,372][INFO] Step 27: size: 27, coverage: 85.50%, cost: 62.0
[2024-10-08 23:00:52,376][INFO] Step 28: size: 28, coverage: 87.50%, cost: 69.0
[2024-10-08 23:00:52,379][INFO] Step 29: size: 29, coverage: 89.00%, cost: 75.0
[2024-10-08 23:00:52,382][INFO] Step 30: size: 30, coverage: 90.50%, cost: 81.0
[2024-10-08 23:00:52,386][INFO] Step 31: size: 31, coverage: 92.00%, cost: 87.0
[2024-10-08 23:00:52,389][INFO] Step 32: size: 32, coverage: 92.50%, cost: 90.0
[2024-10-08 23:00:52,393][INFO] Step 33: size: 33, coverage: 93.00%, cost: 93.0
[2024-10-08 23:00:52,396][INFO] Step 34: size: 34, coverage: 94.00%, cost: 99.0
[2024-10-08 23:00:52,400][INFO] Step 35: size: 35, coverage: 95.50%, cost: 108.0
[2024-10-08 23:00:52,403][INFO] Step 36: size: 36, coverage: 96.00%, cost: 112.0
[2024-10-08 23:00:52,406][INFO] Step 37: size: 37, coverage: 96.50%, cost: 116.0
[2024-10-08 23:00:52,410][INFO] Step 38: size: 38, coverage: 97.50%, cost: 125.0
[2024-10-08 23:00:52,413][INFO] Step 39: size: 39, coverage: 98.00%, cost: 130.0
[2024-10-08 23:00:52,417][INFO] Step 40: size: 40, coverage: 98.50%, cost: 135.0
[2024-10-08 23:00:52,420][INFO] Step 41: size: 41, coverage: 99.00%, cost: 141.0
[2024-10-08 23:00:52,424][INFO] Step 42: size: 42, coverage: 99.50%, cost: 149.0
[2024-10-08 23:00:52,428][INFO] Step 43: size: 43, coverage: 100.00%, cost: 161.0
[2024-10-08 23:00:52,428][INFO] Size: 43 -> 42
[2024-10-08 23:00:52,428][INFO] Cost: 161.0 -> 159.0
[2024-10-08 23:02:28,285][INFO] Step 1: size: 1, coverage: 6.50%, cost: 1.0
[2024-10-08 23:02:28,288][INFO] Step 2: size: 2, coverage: 13.00%, cost: 2.0
[2024-10-08 23:02:28,291][INFO] Step 3: size: 3, coverage: 18.50%, cost: 3.0
[2024-10-08 23:02:28,294][INFO] Step 4: size: 4, coverage: 23.50%, cost: 4.0
[2024-10-08 23:02:28,297][INFO] Step 5: size: 5, coverage: 27.50%, cost: 5.0
[2024-10-08 23:02:28,301][INFO] Step 6: size: 6, coverage: 31.00%, cost: 6.0
[2024-10-08 23:02:28,304][INFO] Step 7: size: 7, coverage: 37.50%, cost: 8.0
[2024-10-08 23:02:28,307][INFO] Step 8: size: 8, coverage: 43.50%, cost: 10.0
[2024-10-08 23:02:28,310][INFO] Step 9: size: 9, coverage: 47.00%, cost: 12.0
[2024-10-08 23:02:28,313][INFO] Step 10: size: 10, coverage: 48.50%, cost: 13.0
[2024-10-08 23:02:28,316][INFO] Step 11: size: 11, coverage: 50.00%, cost: 14.0
[2024-10-08 23:02:28,319][INFO] Step 12: size: 12, coverage: 55.50%, cost: 18.0
[2024-10-08 23:02:28,322][INFO] Step 13: size: 13, coverage: 59.00%, cost: 21.0
[2024-10-08 23:02:28,325][INFO] Step 14: size: 14, coverage: 62.00%, cost: 24.0
[2024-10-08 23:02:28,329][INFO] Step 15: size: 15, coverage: 65.00%, cost: 27.0
[2024-10-08 23:02:28,332][INFO] Step 16: size: 16, coverage: 67.50%, cost: 30.0
[2024-10-08 23:02:28,335][INFO] Step 17: size: 17, coverage: 70.00%, cost: 33.0
[2024-10-08 23:02:28,338][INFO] Step 18: size: 18, coverage: 71.50%, cost: 35.0
[2024-10-08 23:02:28,341][INFO] Step 19: size: 19, coverage: 73.00%, cost: 37.0
[2024-10-08 23:02:28,344][INFO] Step 20: size: 20, coverage: 75.00%, cost: 40.0
[2024-10-08 23:02:28,347][INFO] Step 21: size: 21, coverage: 78.00%, cost: 45.0
[2024-10-08 23:02:28,350][INFO] Step 22: size: 22, coverage: 78.50%, cost: 46.0
[2024-10-08 23:02:28,353][INFO] Step 23: size: 23, coverage: 79.50%, cost: 48.0
[2024-10-08 23:02:28,357][INFO] Step 24: size: 24, coverage: 80.50%, cost: 50.0
[2024-10-08 23:02:28,360][INFO] Step 25: size: 25, coverage: 82.00%, cost: 53.0
[2024-10-08 23:02:28,363][INFO] Step 26: size: 26, coverage: 84.50%, cost: 59.0
[2024-10-08 23:02:28,366][INFO] Step 27: size: 27, coverage: 85.50%, cost: 62.0
[2024-10-08 23:02:28,369][INFO] Step 28: size: 28, coverage: 87.50%, cost: 69.0
[2024-10-08 23:02:28,373][INFO] Step 29: size: 29, coverage: 89.00%, cost: 75.0
[2024-10-08 23:02:28,376][INFO] Step 30: size: 30, coverage: 90.50%, cost: 81.0
[2024-10-08 23:02:28,379][INFO] Step 31: size: 31, coverage: 92.00%, cost: 87.0
[2024-10-08 23:02:28,382][INFO] Step 32: size: 32, coverage: 92.50%, cost: 90.0
[2024-10-08 23:02:28,386][INFO] Step 33: size: 33, coverage: 93.00%, cost: 93.0
[2024-10-08 23:02:28,389][INFO] Step 34: size: 34, coverage: 94.00%, cost: 99.0
[2024-10-08 23:02:28,392][INFO] Step 35: size: 35, coverage: 95.50%, cost: 108.0
[2024-10-08 23:02:28,396][INFO] Step 36: size: 36, coverage: 96.00%, cost: 112.0
[2024-10-08 23:02:28,399][INFO] Step 37: size: 37, coverage: 96.50%, cost: 116.0
[2024-10-08 23:02:28,402][INFO] Step 38: size: 38, coverage: 97.50%, cost: 125.0
[2024-10-08 23:02:28,406][INFO] Step 39: size: 39, coverage: 98.00%, cost: 130.0
[2024-10-08 23:02:28,409][INFO] Step 40: size: 40, coverage: 98.50%, cost: 135.0
[2024-10-08 23:02:28,412][INFO] Step 41: size: 41, coverage: 99.00%, cost: 141.0
[2024-10-08 23:02:28,416][INFO] Step 42: size: 42, coverage: 99.50%, cost: 149.0
[2024-10-08 23:02:28,419][INFO] Step 43: size: 43, coverage: 100.00%, cost: 161.0
[2024-10-08 23:02:28,420][INFO] Size: 43 -> 42
[2024-10-08 23:02:28,420][INFO] Cost: 161.0 -> 159.0
[2024-10-08 23:07:22,146][INFO] Step 1: size: 1, coverage: 6.50%, cost: 1.0
[2024-10-08 23:07:22,149][INFO] Step 2: size: 2, coverage: 13.00%, cost: 2.0
[2024-10-08 23:07:22,152][INFO] Step 3: size: 3, coverage: 18.50%, cost: 3.0
[2024-10-08 23:07:22,155][INFO] Step 4: size: 4, coverage: 23.50%, cost: 4.0
[2024-10-08 23:07:22,159][INFO] Step 5: size: 5, coverage: 27.50%, cost: 5.0
[2024-10-08 23:07:22,162][INFO] Step 6: size: 6, coverage: 31.00%, cost: 6.0
[2024-10-08 23:07:22,165][INFO] Step 7: size: 7, coverage: 37.50%, cost: 8.0
[2024-10-08 23:07:22,168][INFO] Step 8: size: 8, coverage: 43.50%, cost: 10.0
[2024-10-08 23:07:22,171][INFO] Step 9: size: 9, coverage: 47.00%, cost: 12.0
[2024-10-08 23:07:22,174][INFO] Step 10: size: 10, coverage: 48.50%, cost: 13.0
[2024-10-08 23:07:22,177][INFO] Step 11: size: 11, coverage: 50.00%, cost: 14.0
[2024-10-08 23:07:22,181][INFO] Step 12: size: 12, coverage: 55.50%, cost: 18.0
[2024-10-08 23:07:22,184][INFO] Step 13: size: 13, coverage: 59.00%, cost: 21.0
[2024-10-08 23:07:22,187][INFO] Step 14: size: 14, coverage: 62.00%, cost: 24.0
[2024-10-08 23:07:22,190][INFO] Step 15: size: 15, coverage: 65.00%, cost: 27.0
[2024-10-08 23:07:22,193][INFO] Step 16: size: 16, coverage: 67.50%, cost: 30.0
[2024-10-08 23:07:22,196][INFO] Step 17: size: 17, coverage: 70.00%, cost: 33.0
[2024-10-08 23:07:22,199][INFO] Step 18: size: 18, coverage: 71.50%, cost: 35.0
[2024-10-08 23:07:22,202][INFO] Step 19: size: 19, coverage: 73.00%, cost: 37.0
[2024-10-08 23:07:22,205][INFO] Step 20: size: 20, coverage: 75.00%, cost: 40.0
[2024-10-08 23:07:22,209][INFO] Step 21: size: 21, coverage: 78.00%, cost: 45.0
[2024-10-08 23:07:22,212][INFO] Step 22: size: 22, coverage: 78.50%, cost: 46.0
[2024-10-08 23:07:22,215][INFO] Step 23: size: 23, coverage: 79.50%, cost: 48.0
[2024-10-08 23:07:22,218][INFO] Step 24: size: 24, coverage: 80.50%, cost: 50.0
[2024-10-08 23:07:22,221][INFO] Step 25: size: 25, coverage: 82.00%, cost: 53.0
[2024-10-08 23:07:22,225][INFO] Step 26: size: 26, coverage: 84.50%, cost: 59.0
[2024-10-08 23:07:22,228][INFO] Step 27: size: 27, coverage: 85.50%, cost: 62.0
[2024-10-08 23:07:22,231][INFO] Step 28: size: 28, coverage: 87.50%, cost: 69.0
[2024-10-08 23:07:22,234][INFO] Step 29: size: 29, coverage: 89.00%, cost: 75.0
[2024-10-08 23:07:22,237][INFO] Step 30: size: 30, coverage: 90.50%, cost: 81.0
[2024-10-08 23:07:22,241][INFO] Step 31: size: 31, coverage: 92.00%, cost: 87.0
[2024-10-08 23:07:22,244][INFO] Step 32: size: 32, coverage: 92.50%, cost: 90.0
[2024-10-08 23:07:22,247][INFO] Step 33: size: 33, coverage: 93.00%, cost: 93.0
[2024-10-08 23:07:22,251][INFO] Step 34: size: 34, coverage: 94.00%, cost: 99.0
[2024-10-08 23:07:22,254][INFO] Step 35: size: 35, coverage: 95.50%, cost: 108.0
[2024-10-08 23:07:22,257][INFO] Step 36: size: 36, coverage: 96.00%, cost: 112.0
[2024-10-08 23:07:22,261][INFO] Step 37: size: 37, coverage: 96.50%, cost: 116.0
[2024-10-08 23:07:22,264][INFO] Step 38: size: 38, coverage: 97.50%, cost: 125.0
[2024-10-08 23:07:22,267][INFO] Step 39: size: 39, coverage: 98.00%, cost: 130.0
[2024-10-08 23:07:22,271][INFO] Step 40: size: 40, coverage: 98.50%, cost: 135.0
[2024-10-08 23:07:22,274][INFO] Step 41: size: 41, coverage: 99.00%, cost: 141.0
[2024-10-08 23:07:22,278][INFO] Step 42: size: 42, coverage: 99.50%, cost: 149.0
[2024-10-08 23:07:22,281][INFO] Step 43: size: 43, coverage: 100.00%, cost: 161.0
[2024-10-08 23:07:22,282][INFO] Size: 43 -> 42
[2024-10-08 23:07:22,282][INFO] Cost: 161.0 -> 159.0
[2024-10-13 15:17:46,501][INFO] Step 1: size: 1, coverage: 9.50%, cost: 8.0
[2024-10-13 15:17:46,504][INFO] Step 2: size: 2, coverage: 18.50%, cost: 24.0
[2024-10-13 15:17:46,507][INFO] Step 3: size: 3, coverage: 26.50%, cost: 45.0
[2024-10-13 15:17:46,511][INFO] Step 4: size: 4, coverage: 34.50%, cost: 79.0
[2024-10-13 15:17:46,514][INFO] Step 5: size: 5, coverage: 41.50%, cost: 117.0
[2024-10-13 15:17:46,517][INFO] Step 6: size: 6, coverage: 48.50%, cost: 210.0
[2024-10-13 15:17:46,520][INFO] Step 7: size: 7, coverage: 54.50%, cost: 278.0
[2024-10-13 15:17:46,523][INFO] Step 8: size: 8, coverage: 60.00%, cost: 311.0
[2024-10-13 15:17:46,526][INFO] Step 9: size: 9, coverage: 65.00%, cost: 362.0
[2024-10-13 15:17:46,530][INFO] Step 10: size: 10, coverage: 69.50%, cost: 389.0
[2024-10-13 15:17:46,533][INFO] Step 11: size: 11, coverage: 73.50%, cost: 416.0
[2024-10-13 15:17:46,536][INFO] Step 12: size: 12, coverage: 77.50%, cost: 498.0
[2024-10-13 15:17:46,539][INFO] Step 13: size: 13, coverage: 81.00%, cost: 507.0
[2024-10-13 15:17:46,542][INFO] Step 14: size: 14, coverage: 84.00%, cost: 523.0
[2024-10-13 15:17:46,546][INFO] Step 15: size: 15, coverage: 87.00%, cost: 616.0
[2024-10-13 15:17:46,549][INFO] Step 16: size: 16, coverage: 89.50%, cost: 641.0
[2024-10-13 15:17:46,552][INFO] Step 17: size: 17, coverage: 91.50%, cost: 644.0
[2024-10-13 15:17:46,555][INFO] Step 18: size: 18, coverage: 93.50%, cost: 664.0
[2024-10-13 15:17:46,558][INFO] Step 19: size: 19, coverage: 95.00%, cost: 679.0
[2024-10-13 15:17:46,562][INFO] Step 20: size: 20, coverage: 96.50%, cost: 696.0
[2024-10-13 15:17:46,565][INFO] Step 21: size: 21, coverage: 98.00%, cost: 729.0
[2024-10-13 15:17:46,568][INFO] Step 22: size: 22, coverage: 99.50%, cost: 777.0
[2024-10-13 15:17:46,571][INFO] Step 23: size: 23, coverage: 100.00%, cost: 778.0
[2024-10-13 15:17:46,572][INFO] Size: 23 -> 23
[2024-10-13 15:17:46,572][INFO] Cost: 778.0 -> 778.0
[2024-10-13 15:18:15,775][INFO] Step 1: size: 1, coverage: 9.50%, cost: 8.0
[2024-10-13 15:18:15,779][INFO] Step 2: size: 2, coverage: 18.50%, cost: 24.0
[2024-10-13 15:18:15,782][INFO] Step 3: size: 3, coverage: 26.50%, cost: 45.0
[2024-10-13 15:18:15,785][INFO] Step 4: size: 4, coverage: 34.50%, cost: 79.0
[2024-10-13 15:18:15,788][INFO] Step 5: size: 5, coverage: 41.50%, cost: 117.0
[2024-10-13 15:18:15,791][INFO] Step 6: size: 6, coverage: 48.50%, cost: 210.0
[2024-10-13 15:18:15,795][INFO] Step 7: size: 7, coverage: 54.50%, cost: 278.0
[2024-10-13 15:18:15,798][INFO] Step 8: size: 8, coverage: 60.00%, cost: 311.0
[2024-10-13 15:18:15,801][INFO] Step 9: size: 9, coverage: 65.00%, cost: 362.0
[2024-10-13 15:18:15,804][INFO] Step 10: size: 10, coverage: 69.50%, cost: 389.0
[2024-10-13 15:18:15,807][INFO] Step 11: size: 11, coverage: 73.50%, cost: 416.0
[2024-10-13 15:18:15,810][INFO] Step 12: size: 12, coverage: 77.50%, cost: 498.0
[2024-10-13 15:18:15,814][INFO] Step 13: size: 13, coverage: 81.00%, cost: 507.0
[2024-10-13 15:18:15,817][INFO] Step 14: size: 14, coverage: 84.00%, cost: 523.0
[2024-10-13 15:18:15,820][INFO] Step 15: size: 15, coverage: 87.00%, cost: 616.0
[2024-10-13 15:18:15,823][INFO] Step 16: size: 16, coverage: 89.50%, cost: 641.0
[2024-10-13 15:18:15,826][INFO] Step 17: size: 17, coverage: 91.50%, cost: 644.0
[2024-10-13 15:18:15,829][INFO] Step 18: size: 18, coverage: 93.50%, cost: 664.0
[2024-10-13 15:18:15,833][INFO] Step 19: size: 19, coverage: 95.00%, cost: 679.0
[2024-10-13 15:18:15,836][INFO] Step 20: size: 20, coverage: 96.50%, cost: 696.0
[2024-10-13 15:18:15,839][INFO] Step 21: size: 21, coverage: 98.00%, cost: 729.0
[2024-10-13 15:18:15,842][INFO] Step 22: size: 22, coverage: 99.50%, cost: 777.0
[2024-10-13 15:18:15,846][INFO] Step 23: size: 23, coverage: 100.00%, cost: 778.0
[2024-10-13 15:18:15,846][INFO] Size: 23 -> 23
[2024-10-13 15:18:15,846][INFO] Cost: 778.0 -> 778.0
[2024-10-13 15:22:51,418][INFO] Step 1: size: 1, coverage: 9.50%, cost: 8.0
[2024-10-13 15:22:51,421][INFO] Step 2: size: 2, coverage: 18.50%, cost: 24.0
[2024-10-13 15:22:51,424][INFO] Step 3: size: 3, coverage: 26.50%, cost: 45.0
[2024-10-13 15:22:51,427][INFO] Step 4: size: 4, coverage: 34.50%, cost: 79.0
[2024-10-13 15:22:51,430][INFO] Step 5: size: 5, coverage: 41.50%, cost: 117.0
[2024-10-13 15:22:51,434][INFO] Step 6: size: 6, coverage: 48.50%, cost: 210.0
[2024-10-13 15:22:51,437][INFO] Step 7: size: 7, coverage: 54.50%, cost: 278.0
[2024-10-13 15:22:51,440][INFO] Step 8: size: 8, coverage: 60.00%, cost: 311.0
[2024-10-13 15:22:51,443][INFO] Step 9: size: 9, coverage: 65.00%, cost: 362.0
[2024-10-13 15:22:51,446][INFO] Step 10: size: 10, coverage: 69.50%, cost: 389.0
[2024-10-13 15:22:51,449][INFO] Step 11: size: 11, coverage: 73.50%, cost: 416.0
[2024-10-13 15:22:51,452][INFO] Step 12: size: 12, coverage: 77.50%, cost: 498.0
[2024-10-13 15:22:51,455][INFO] Step 13: size: 13, coverage: 81.00%, cost: 507.0
[2024-10-13 15:22:51,458][INFO] Step 14: size: 14, coverage: 84.00%, cost: 523.0
[2024-10-13 15:22:51,461][INFO] Step 15: size: 15, coverage: 87.00%, cost: 616.0
[2024-10-13 15:22:51,465][INFO] Step 16: size: 16, coverage: 89.50%, cost: 641.0
[2024-10-13 15:22:51,468][INFO] Step 17: size: 17, coverage: 91.50%, cost: 644.0
[2024-10-13 15:22:51,471][INFO] Step 18: size: 18, coverage: 93.50%, cost: 664.0
[2024-10-13 15:22:51,474][INFO] Step 19: size: 19, coverage: 95.00%, cost: 679.0
[2024-10-13 15:22:51,477][INFO] Step 20: size: 20, coverage: 96.50%, cost: 696.0
[2024-10-13 15:22:51,480][INFO] Step 21: size: 21, coverage: 98.00%, cost: 729.0
[2024-10-13 15:22:51,483][INFO] Step 22: size: 22, coverage: 99.50%, cost: 777.0
[2024-10-13 15:22:51,487][INFO] Step 23: size: 23, coverage: 100.00%, cost: 778.0
[2024-10-13 15:22:51,487][INFO] Size: 23 -> 23
[2024-10-13 15:22:51,487][INFO] Cost: 778.0 -> 778.0
[2024-10-13 15:24:42,853][INFO] Step 1: size: 1, coverage: 9.50%, cost: 8.0
[2024-10-13 15:24:42,856][INFO] Step 2: size: 2, coverage: 18.50%, cost: 24.0
[2024-10-13 15:24:42,860][INFO] Step 3: size: 3, coverage: 26.50%, cost: 45.0
[2024-10-13 15:24:42,863][INFO] Step 4: size: 4, coverage: 34.50%, cost: 79.0
[2024-10-13 15:24:42,866][INFO] Step 5: size: 5, coverage: 41.50%, cost: 117.0
[2024-10-13 15:24:42,869][INFO] Step 6: size: 6, coverage: 48.50%, cost: 210.0
[2024-10-13 15:24:42,872][INFO] Step 7: size: 7, coverage: 54.50%, cost: 278.0
[2024-10-13 15:24:42,875][INFO] Step 8: size: 8, coverage: 60.00%, cost: 311.0
[2024-10-13 15:24:42,878][INFO] Step 9: size: 9, coverage: 65.00%, cost: 362.0
[2024-10-13 15:24:42,881][INFO] Step 10: size: 10, coverage: 69.50%, cost: 389.0
[2024-10-13 15:24:42,884][INFO] Step 11: size: 11, coverage: 73.50%, cost: 416.0
[2024-10-13 15:24:42,887][INFO] Step 12: size: 12, coverage: 77.50%, cost: 498.0
[2024-10-13 15:24:42,890][INFO] Step 13: size: 13, coverage: 81.00%, cost: 507.0
[2024-10-13 15:24:42,893][INFO] Step 14: size: 14, coverage: 84.00%, cost: 523.0
[2024-10-13 15:24:42,897][INFO] Step 15: size: 15, coverage: 87.00%, cost: 616.0
[2024-10-13 15:24:42,900][INFO] Step 16: size: 16, coverage: 89.50%, cost: 641.0
[2024-10-13 15:24:42,903][INFO] Step 17: size: 17, coverage: 91.50%, cost: 644.0
[2024-10-13 15:24:42,906][INFO] Step 18: size: 18, coverage: 93.50%, cost: 664.0
[2024-10-13 15:24:42,909][INFO] Step 19: size: 19, coverage: 95.00%, cost: 679.0
[2024-10-13 15:24:42,912][INFO] Step 20: size: 20, coverage: 96.50%, cost: 696.0
[2024-10-13 15:24:42,915][INFO] Step 21: size: 21, coverage: 98.00%, cost: 729.0
[2024-10-13 15:24:42,919][INFO] Step 22: size: 22, coverage: 99.50%, cost: 777.0
[2024-10-13 15:24:42,922][INFO] Step 23: size: 23, coverage: 100.00%, cost: 778.0
[2024-10-13 15:24:42,922][INFO] Size: 23 -> 23
[2024-10-13 15:24:42,922][INFO] Cost: 778.0 -> 778.0
[2024-10-13 15:30:41,831][INFO] Step 1: size: 1, coverage: 9.50%, cost: 8.0
[2024-10-13 15:30:41,834][INFO] Step 2: size: 2, coverage: 18.50%, cost: 24.0
[2024-10-13 15:30:41,837][INFO] Step 3: size: 3, coverage: 26.50%, cost: 45.0
[2024-10-13 15:30:41,840][INFO] Step 4: size: 4, coverage: 34.50%, cost: 79.0
[2024-10-13 15:30:41,844][INFO] Step 5: size: 5, coverage: 41.50%, cost: 117.0
[2024-10-13 15:30:41,847][INFO] Step 6: size: 6, coverage: 48.50%, cost: 210.0
[2024-10-13 15:30:41,850][INFO] Step 7: size: 7, coverage: 54.50%, cost: 278.0
[2024-10-13 15:30:41,853][INFO] Step 8: size: 8, coverage: 60.00%, cost: 311.0
[2024-10-13 15:30:41,856][INFO] Step 9: size: 9, coverage: 65.00%, cost: 362.0
[2024-10-13 15:30:41,859][INFO] Step 10: size: 10, coverage: 69.50%, cost: 389.0
[2024-10-13 15:30:41,862][INFO] Step 11: size: 11, coverage: 73.50%, cost: 416.0
[2024-10-13 15:30:41,865][INFO] Step 12: size: 12, coverage: 77.50%, cost: 498.0
[2024-10-13 15:30:41,868][INFO] Step 13: size: 13, coverage: 81.00%, cost: 507.0
[2024-10-13 15:30:41,871][INFO] Step 14: size: 14, coverage: 84.00%, cost: 523.0
[2024-10-13 15:30:41,874][INFO] Step 15: size: 15, coverage: 87.00%, cost: 616.0
[2024-10-13 15:30:41,878][INFO] Step 16: size: 16, coverage: 89.50%, cost: 641.0
[2024-10-13 15:30:41,881][INFO] Step 17: size: 17, coverage: 91.50%, cost: 644.0
[2024-10-13 15:30:41,884][INFO] Step 18: size: 18, coverage: 93.50%, cost: 664.0
[2024-10-13 15:30:41,887][INFO] Step 19: size: 19, coverage: 95.00%, cost: 679.0
[2024-10-13 15:30:41,890][INFO] Step 20: size: 20, coverage: 96.50%, cost: 696.0
[2024-10-13 15:30:41,893][INFO] Step 21: size: 21, coverage: 98.00%, cost: 729.0
[2024-10-13 15:30:41,897][INFO] Step 22: size: 22, coverage: 99.50%, cost: 777.0
[2024-10-13 15:30:41,900][INFO] Step 23: size: 23, coverage: 100.00%, cost: 778.0
[2024-10-13 15:30:41,900][INFO] Size: 23 -> 23
[2024-10-13 15:30:41,900][INFO] Cost: 778.0 -> 778.0
[2024-10-13 15:36:06,707][INFO] Step 1: size: 1, coverage: 9.50%, cost: 8.0
[2024-10-13 15:36:06,710][INFO] Step 2: size: 2, coverage: 18.50%, cost: 24.0
[2024-10-13 15:36:06,714][INFO] Step 3: size: 3, coverage: 26.50%, cost: 45.0
[2024-10-13 15:36:06,717][INFO] Step 4: size: 4, coverage: 34.50%, cost: 79.0
[2024-10-13 15:36:06,720][INFO] Step 5: size: 5, coverage: 41.50%, cost: 117.0
[2024-10-13 15:36:06,723][INFO] Step 6: size: 6, coverage: 48.50%, cost: 210.0
[2024-10-13 15:36:06,726][INFO] Step 7: size: 7, coverage: 54.50%, cost: 278.0
[2024-10-13 15:36:06,729][INFO] Step 8: size: 8, coverage: 60.00%, cost: 311.0
[2024-10-13 15:36:06,732][INFO] Step 9: size: 9, coverage: 65.00%, cost: 362.0
[2024-10-13 15:36:06,735][INFO] Step 10: size: 10, coverage: 69.50%, cost: 389.0
[2024-10-13 15:36:06,738][INFO] Step 11: size: 11, coverage: 73.50%, cost: 416.0
[2024-10-13 15:36:06,741][INFO] Step 12: size: 12, coverage: 77.50%, cost: 498.0
[2024-10-13 15:36:06,744][INFO] Step 13: size: 13, coverage: 81.00%, cost: 507.0
[2024-10-13 15:36:06,747][INFO] Step 14: size: 14, coverage: 84.00%, cost: 523.0
[2024-10-13 15:36:06,751][INFO] Step 15: size: 15, coverage: 87.00%, cost: 616.0
[2024-10-13 15:36:06,754][INFO] Step 16: size: 16, coverage: 89.50%, cost: 641.0
[2024-10-13 15:36:06,757][INFO] Step 17: size: 17, coverage: 91.50%, cost: 644.0
[2024-10-13 15:36:06,760][INFO] Step 18: size: 18, coverage: 93.50%, cost: 664.0
[2024-10-13 15:36:06,763][INFO] Step 19: size: 19, coverage: 95.00%, cost: 679.0
[2024-10-13 15:36:06,766][INFO] Step 20: size: 20, coverage: 96.50%, cost: 696.0
[2024-10-13 15:36:06,770][INFO] Step 21: size: 21, coverage: 98.00%, cost: 729.0
[2024-10-13 15:36:06,773][INFO] Step 22: size: 22, coverage: 99.50%, cost: 777.0
[2024-10-13 15:36:06,776][INFO] Step 23: size: 23, coverage: 100.00%, cost: 778.0
[2024-10-13 15:36:06,776][INFO] Size: 23 -> 23
[2024-10-13 15:36:06,776][INFO] Cost: 778.0 -> 778.0
[2024-10-13 15:39:18,168][INFO] Step 1: size: 1, coverage: 6.50%, cost: 1.0
[2024-10-13 15:39:18,172][INFO] Step 2: size: 2, coverage: 13.00%, cost: 2.0
[2024-10-13 15:39:18,176][INFO] Step 3: size: 3, coverage: 18.50%, cost: 3.0
[2024-10-13 15:39:18,179][INFO] Step 4: size: 4, coverage: 23.50%, cost: 4.0
[2024-10-13 15:39:18,182][INFO] Step 5: size: 5, coverage: 27.50%, cost: 5.0
[2024-10-13 15:39:18,186][INFO] Step 6: size: 6, coverage: 31.00%, cost: 6.0
[2024-10-13 15:39:18,190][INFO] Step 7: size: 7, coverage: 37.50%, cost: 8.0
[2024-10-13 15:39:18,193][INFO] Step 8: size: 8, coverage: 43.50%, cost: 10.0
[2024-10-13 15:39:18,197][INFO] Step 9: size: 9, coverage: 47.00%, cost: 12.0
[2024-10-13 15:39:18,200][INFO] Step 10: size: 10, coverage: 48.50%, cost: 13.0
[2024-10-13 15:39:18,204][INFO] Step 11: size: 11, coverage: 50.00%, cost: 14.0
[2024-10-13 15:39:18,207][INFO] Step 12: size: 12, coverage: 55.50%, cost: 18.0
[2024-10-13 15:39:18,211][INFO] Step 13: size: 13, coverage: 59.00%, cost: 21.0
[2024-10-13 15:39:18,215][INFO] Step 14: size: 14, coverage: 62.00%, cost: 24.0
[2024-10-13 15:39:18,218][INFO] Step 15: size: 15, coverage: 65.00%, cost: 27.0
[2024-10-13 15:39:18,221][INFO] Step 16: size: 16, coverage: 67.50%, cost: 30.0
[2024-10-13 15:39:18,225][INFO] Step 17: size: 17, coverage: 70.00%, cost: 33.0
[2024-10-13 15:39:18,228][INFO] Step 18: size: 18, coverage: 71.50%, cost: 35.0
[2024-10-13 15:39:18,231][INFO] Step 19: size: 19, coverage: 73.00%, cost: 37.0
[2024-10-13 15:39:18,234][INFO] Step 20: size: 20, coverage: 75.00%, cost: 40.0
[2024-10-13 15:39:18,238][INFO] Step 21: size: 21, coverage: 78.00%, cost: 45.0
[2024-10-13 15:39:18,241][INFO] Step 22: size: 22, coverage: 78.50%, cost: 46.0
[2024-10-13 15:39:18,244][INFO] Step 23: size: 23, coverage: 79.50%, cost: 48.0
[2024-10-13 15:39:18,248][INFO] Step 24: size: 24, coverage: 80.50%, cost: 50.0
[2024-10-13 15:39:18,251][INFO] Step 25: size: 25, coverage: 82.00%, cost: 53.0
[2024-10-13 15:39:18,254][INFO] Step 26: size: 26, coverage: 84.50%, cost: 59.0
[2024-10-13 15:39:18,258][INFO] Step 27: size: 27, coverage: 85.50%, cost: 62.0
[2024-10-13 15:39:18,261][INFO] Step 28: size: 28, coverage: 87.50%, cost: 69.0
[2024-10-13 15:39:18,264][INFO] Step 29: size: 29, coverage: 89.00%, cost: 75.0
[2024-10-13 15:39:18,268][INFO] Step 30: size: 30, coverage: 90.50%, cost: 81.0
[2024-10-13 15:39:18,271][INFO] Step 31: size: 31, coverage: 92.00%, cost: 87.0
[2024-10-13 15:39:18,274][INFO] Step 32: size: 32, coverage: 92.50%, cost: 90.0
[2024-10-13 15:39:18,278][INFO] Step 33: size: 33, coverage: 93.00%, cost: 93.0
[2024-10-13 15:39:18,281][INFO] Step 34: size: 34, coverage: 94.00%, cost: 99.0
[2024-10-13 15:39:18,284][INFO] Step 35: size: 35, coverage: 95.50%, cost: 108.0
[2024-10-13 15:39:18,288][INFO] Step 36: size: 36, coverage: 96.00%, cost: 112.0
[2024-10-13 15:39:18,291][INFO] Step 37: size: 37, coverage: 96.50%, cost: 116.0
[2024-10-13 15:39:18,294][INFO] Step 38: size: 38, coverage: 97.50%, cost: 125.0
[2024-10-13 15:39:18,298][INFO] Step 39: size: 39, coverage: 98.00%, cost: 130.0
[2024-10-13 15:39:18,302][INFO] Step 40: size: 40, coverage: 98.50%, cost: 135.0
[2024-10-13 15:39:18,305][INFO] Step 41: size: 41, coverage: 99.00%, cost: 141.0
[2024-10-13 15:39:18,309][INFO] Step 42: size: 42, coverage: 99.50%, cost: 149.0
[2024-10-13 15:39:18,313][INFO] Step 43: size: 43, coverage: 100.00%, cost: 161.0
[2024-10-13 15:39:18,314][INFO] Size: 43 -> 42
[2024-10-13 15:39:18,314][INFO] Cost: 161.0 -> 159.0
[2024-10-13 15:58:03,696][INFO] Step 1: size: 1, coverage: 6.50%, cost: 1.0
[2024-10-13 15:58:03,699][INFO] Step 2: size: 2, coverage: 13.00%, cost: 2.0
[2024-10-13 15:58:03,702][INFO] Step 3: size: 3, coverage: 18.50%, cost: 3.0
[2024-10-13 15:58:03,706][INFO] Step 4: size: 4, coverage: 23.50%, cost: 4.0
[2024-10-13 15:58:03,709][INFO] Step 5: size: 5, coverage: 27.50%, cost: 5.0
[2024-10-13 15:58:03,712][INFO] Step 6: size: 6, coverage: 31.00%, cost: 6.0
[2024-10-13 15:58:03,715][INFO] Step 7: size: 7, coverage: 37.50%, cost: 8.0
[2024-10-13 15:58:03,719][INFO] Step 8: size: 8, coverage: 43.50%, cost: 10.0
[2024-10-13 15:58:03,722][INFO] Step 9: size: 9, coverage: 47.00%, cost: 12.0
[2024-10-13 15:58:03,725][INFO] Step 10: size: 10, coverage: 48.50%, cost: 13.0
[2024-10-13 15:58:03,728][INFO] Step 11: size: 11, coverage: 50.00%, cost: 14.0
[2024-10-13 15:58:03,731][INFO] Step 12: size: 12, coverage: 55.50%, cost: 18.0
[2024-10-13 15:58:03,735][INFO] Step 13: size: 13, coverage: 59.00%, cost: 21.0
[2024-10-13 15:58:03,738][INFO] Step 14: size: 14, coverage: 62.00%, cost: 24.0
[2024-10-13 15:58:03,741][INFO] Step 15: size: 15, coverage: 65.00%, cost: 27.0
[2024-10-13 15:58:03,744][INFO] Step 16: size: 16, coverage: 67.50%, cost: 30.0
[2024-10-13 15:58:03,748][INFO] Step 17: size: 17, coverage: 70.00%, cost: 33.0
[2024-10-13 15:58:03,751][INFO] Step 18: size: 18, coverage: 71.50%, cost: 35.0
[2024-10-13 15:58:03,754][INFO] Step 19: size: 19, coverage: 73.00%, cost: 37.0
[2024-10-13 15:58:03,757][INFO] Step 20: size: 20, coverage: 75.00%, cost: 40.0
[2024-10-13 15:58:03,760][INFO] Step 21: size: 21, coverage: 78.00%, cost: 45.0
[2024-10-13 15:58:03,764][INFO] Step 22: size: 22, coverage: 78.50%, cost: 46.0
[2024-10-13 15:58:03,767][INFO] Step 23: size: 23, coverage: 79.50%, cost: 48.0
[2024-10-13 15:58:03,770][INFO] Step 24: size: 24, coverage: 80.50%, cost: 50.0
[2024-10-13 15:58:03,774][INFO] Step 25: size: 25, coverage: 82.00%, cost: 53.0
[2024-10-13 15:58:03,778][INFO] Step 26: size: 26, coverage: 84.50%, cost: 59.0
[2024-10-13 15:58:03,782][INFO] Step 27: size: 27, coverage: 85.50%, cost: 62.0
[2024-10-13 15:58:03,785][INFO] Step 28: size: 28, coverage: 87.50%, cost: 69.0
[2024-10-13 15:58:03,789][INFO] Step 29: size: 29, coverage: 89.00%, cost: 75.0
[2024-10-13 15:58:03,792][INFO] Step 30: size: 30, coverage: 90.50%, cost: 81.0
[2024-10-13 15:58:03,796][INFO] Step 31: size: 31, coverage: 92.00%, cost: 87.0
[2024-10-13 15:58:03,799][INFO] Step 32: size: 32, coverage: 92.50%, cost: 90.0
[2024-10-13 15:58:03,803][INFO] Step 33: size: 33, coverage: 93.00%, cost: 93.0
[2024-10-13 15:58:03,806][INFO] Step 34: size: 34, coverage: 94.00%, cost: 99.0
[2024-10-13 15:58:03,809][INFO] Step 35: size: 35, coverage: 95.50%, cost: 108.0
[2024-10-13 15:58:03,813][INFO] Step 36: size: 36, coverage: 96.00%, cost: 112.0
[2024-10-13 15:58:03,816][INFO] Step 37: size: 37, coverage: 96.50%, cost: 116.0
[2024-10-13 15:58:03,820][INFO] Step 38: size: 38, coverage: 97.50%, cost: 125.0
[2024-10-13 15:58:03,823][INFO] Step 39: size: 39, coverage: 98.00%, cost: 130.0
[2024-10-13 15:58:03,827][INFO] Step 40: size: 40, coverage: 98.50%, cost: 135.0
[2024-10-13 15:58:03,831][INFO] Step 41: size: 41, coverage: 99.00%, cost: 141.0
[2024-10-13 15:58:03,835][INFO] Step 42: size: 42, coverage: 99.50%, cost: 149.0
[2024-10-13 15:58:03,839][INFO] Step 43: size: 43, coverage: 100.00%, cost: 161.0
[2024-10-13 15:58:03,839][INFO] Size: 43 -> 42
[2024-10-13 15:58:03,839][INFO] Cost: 161.0 -> 159.0
[2024-10-13 16:04:02,678][INFO] Step 1: size: 1, coverage: 6.50%, cost: 1.0
[2024-10-13 16:04:02,681][INFO] Step 2: size: 2, coverage: 13.00%, cost: 2.0
[2024-10-13 16:04:02,685][INFO] Step 3: size: 3, coverage: 18.50%, cost: 3.0
[2024-10-13 16:04:02,688][INFO] Step 4: size: 4, coverage: 23.50%, cost: 4.0
[2024-10-13 16:04:02,691][INFO] Step 5: size: 5, coverage: 27.50%, cost: 5.0
[2024-10-13 16:04:02,695][INFO] Step 6: size: 6, coverage: 31.00%, cost: 6.0
[2024-10-13 16:04:02,698][INFO] Step 7: size: 7, coverage: 37.50%, cost: 8.0
[2024-10-13 16:04:02,701][INFO] Step 8: size: 8, coverage: 43.50%, cost: 10.0
[2024-10-13 16:04:02,704][INFO] Step 9: size: 9, coverage: 47.00%, cost: 12.0
[2024-10-13 16:04:02,708][INFO] Step 10: size: 10, coverage: 48.50%, cost: 13.0
[2024-10-13 16:04:02,711][INFO] Step 11: size: 11, coverage: 50.00%, cost: 14.0
[2024-10-13 16:04:02,714][INFO] Step 12: size: 12, coverage: 55.50%, cost: 18.0
[2024-10-13 16:04:02,717][INFO] Step 13: size: 13, coverage: 59.00%, cost: 21.0
[2024-10-13 16:04:02,720][INFO] Step 14: size: 14, coverage: 62.00%, cost: 24.0
[2024-10-13 16:04:02,724][INFO] Step 15: size: 15, coverage: 65.00%, cost: 27.0
[2024-10-13 16:04:02,727][INFO] Step 16: size: 16, coverage: 67.50%, cost: 30.0
[2024-10-13 16:04:02,730][INFO] Step 17: size: 17, coverage: 70.00%, cost: 33.0
[2024-10-13 16:04:02,733][INFO] Step 18: size: 18, coverage: 71.50%, cost: 35.0
[2024-10-13 16:04:02,737][INFO] Step 19: size: 19, coverage: 73.00%, cost: 37.0
[2024-10-13 16:04:02,740][INFO] Step 20: size: 20, coverage: 75.00%, cost: 40.0
[2024-10-13 16:04:02,743][INFO] Step 21: size: 21, coverage: 78.00%, cost: 45.0
[2024-10-13 16:04:02,746][INFO] Step 22: size: 22, coverage: 78.50%, cost: 46.0
[2024-10-13 16:04:02,750][INFO] Step 23: size: 23, coverage: 79.50%, cost: 48.0
[2024-10-13 16:04:02,753][INFO] Step 24: size: 24, coverage: 80.50%, cost: 50.0
[2024-10-13 16:04:02,756][INFO] Step 25: size: 25, coverage: 82.00%, cost: 53.0
[2024-10-13 16:04:02,760][INFO] Step 26: size: 26, coverage: 84.50%, cost: 59.0
[2024-10-13 16:04:02,763][INFO] Step 27: size: 27, coverage: 85.50%, cost: 62.0
[2024-10-13 16:04:02,766][INFO] Step 28: size: 28, coverage: 87.50%, cost: 69.0
[2024-10-13 16:04:02,770][INFO] Step 29: size: 29, coverage: 89.00%, cost: 75.0
[2024-10-13 16:04:02,773][INFO] Step 30: size: 30, coverage: 90.50%, cost: 81.0
[2024-10-13 16:04:02,776][INFO] Step 31: size: 31, coverage: 92.00%, cost: 87.0
[2024-10-13 16:04:02,780][INFO] Step 32: size: 32, coverage: 92.50%, cost: 90.0
[2024-10-13 16:04:02,783][INFO] Step 33: size: 33, coverage: 93.00%, cost: 93.0
[2024-10-13 16:04:02,787][INFO] Step 34: size: 34, coverage: 94.00%, cost: 99.0
[2024-10-13 16:04:02,790][INFO] Step 35: size: 35, coverage: 95.50%, cost: 108.0
[2024-10-13 16:04:02,794][INFO] Step 36: size: 36, coverage: 96.00%, cost: 112.0
[2024-10-13 16:04:02,797][INFO] Step 37: size: 37, coverage: 96.50%, cost: 116.0
[2024-10-13 16:04:02,801][INFO] Step 38: size: 38, coverage: 97.50%, cost: 125.0
[2024-10-13 16:04:02,804][INFO] Step 39: size: 39, coverage: 98.00%, cost: 130.0
[2024-10-13 16:04:02,808][INFO] Step 40: size: 40, coverage: 98.50%, cost: 135.0
[2024-10-13 16:04:02,811][INFO] Step 41: size: 41, coverage: 99.00%, cost: 141.0
[2024-10-13 16:04:02,815][INFO] Step 42: size: 42, coverage: 99.50%, cost: 149.0
[2024-10-13 16:04:02,818][INFO] Step 43: size: 43, coverage: 100.00%, cost: 161.0
[2024-10-13 16:04:02,819][INFO] Size: 43 -> 42
[2024-10-13 16:04:02,819][INFO] Cost: 161.0 -> 159.0
[2024-10-13 16:09:35,994][INFO] Step 1: size: 1, coverage: 6.50%, cost: 1.0
[2024-10-13 16:09:35,998][INFO] Step 2: size: 2, coverage: 13.00%, cost: 2.0
[2024-10-13 16:09:36,001][INFO] Step 3: size: 3, coverage: 18.50%, cost: 3.0
[2024-10-13 16:09:36,004][INFO] Step 4: size: 4, coverage: 23.50%, cost: 4.0
[2024-10-13 16:09:36,007][INFO] Step 5: size: 5, coverage: 27.50%, cost: 5.0
[2024-10-13 16:09:36,010][INFO] Step 6: size: 6, coverage: 31.00%, cost: 6.0
[2024-10-13 16:09:36,014][INFO] Step 7: size: 7, coverage: 37.50%, cost: 8.0
[2024-10-13 16:09:36,017][INFO] Step 8: size: 8, coverage: 43.50%, cost: 10.0
[2024-10-13 16:09:36,020][INFO] Step 9: size: 9, coverage: 47.00%, cost: 12.0
[2024-10-13 16:09:36,023][INFO] Step 10: size: 10, coverage: 48.50%, cost: 13.0
[2024-10-13 16:09:36,026][INFO] Step 11: size: 11, coverage: 50.00%, cost: 14.0
[2024-10-13 16:09:36,029][INFO] Step 12: size: 12, coverage: 55.50%, cost: 18.0
[2024-10-13 16:09:36,032][INFO] Step 13: size: 13, coverage: 59.00%, cost: 21.0
[2024-10-13 16:09:36,035][INFO] Step 14: size: 14, coverage: 62.00%, cost: 24.0
[2024-10-13 16:09:36,038][INFO] Step 15: size: 15, coverage: 65.00%, cost: 27.0
[2024-10-13 16:09:36,042][INFO] Step 16: size: 16, coverage: 67.50%, cost: 30.0
[2024-10-13 16:09:36,045][INFO] Step 17: size: 17, coverage: 70.00%, cost: 33.0
[2024-10-13 16:09:36,048][INFO] Step 18: size: 18, coverage: 71.50%, cost: 35.0
[2024-10-13 16:09:36,051][INFO] Step 19: size: 19, coverage: 73.00%, cost: 37.0
[2024-10-13 16:09:36,054][INFO] Step 20: size: 20, coverage: 75.00%, cost: 40.0
[2024-10-13 16:09:36,057][INFO] Step 21: size: 21, coverage: 78.00%, cost: 45.0
[2024-10-13 16:09:36,060][INFO] Step 22: size: 22, coverage: 78.50%, cost: 46.0
[2024-10-13 16:09:36,064][INFO] Step 23: size: 23, coverage: 79.50%, cost: 48.0
[2024-10-13 16:09:36,067][INFO] Step 24: size: 24, coverage: 80.50%, cost: 50.0
[2024-10-13 16:09:36,070][INFO] Step 25: size: 25, coverage: 82.00%, cost: 53.0
[2024-10-13 16:09:36,073][INFO] Step 26: size: 26, coverage: 84.50%, cost: 59.0
[2024-10-13 16:09:36,076][INFO] Step 27: size: 27, coverage: 85.50%, cost: 62.0
[2024-10-13 16:09:36,080][INFO] Step 28: size: 28, coverage: 87.50%, cost: 69.0
[2024-10-13 16:09:36,083][INFO] Step 29: size: 29, coverage: 89.00%, cost: 75.0
[2024-10-13 16:09:36,086][INFO] Step 30: size: 30, coverage: 90.50%, cost: 81.0
[2024-10-13 16:09:36,089][INFO] Step 31: size: 31, coverage: 92.00%, cost: 87.0
[2024-10-13 16:09:36,093][INFO] Step 32: size: 32, coverage: 92.50%, cost: 90.0
[2024-10-13 16:09:36,096][INFO] Step 33: size: 33, coverage: 93.00%, cost: 93.0
[2024-10-13 16:09:36,099][INFO] Step 34: size: 34, coverage: 94.00%, cost: 99.0
[2024-10-13 16:09:36,103][INFO] Step 35: size: 35, coverage: 95.50%, cost: 108.0
[2024-10-13 16:09:36,106][INFO] Step 36: size: 36, coverage: 96.00%, cost: 112.0
[2024-10-13 16:09:36,109][INFO] Step 37: size: 37, coverage: 96.50%, cost: 116.0
[2024-10-13 16:09:36,113][INFO] Step 38: size: 38, coverage: 97.50%, cost: 125.0
[2024-10-13 16:09:36,116][INFO] Step 39: size: 39, coverage: 98.00%, cost: 130.0
[2024-10-13 16:09:36,119][INFO] Step 40: size: 40, coverage: 98.50%, cost: 135.0
[2024-10-13 16:09:36,123][INFO] Step 41: size: 41, coverage: 99.00%, cost: 141.0
[2024-10-13 16:09:36,126][INFO] Step 42: size: 42, coverage: 99.50%, cost: 149.0
[2024-10-13 16:09:36,130][INFO] Step 43: size: 43, coverage: 100.00%, cost: 161.0
[2024-10-13 16:09:36,131][INFO] Size: 43 -> 42
[2024-10-13 16:09:36,131][INFO] Cost: 161.0 -> 159.0
