[2024-10-06 17:31:02,866][INFO] Step 1: size: 1, coverage: 8.00%, cost: 1.0
[2024-10-06 17:31:02,869][INFO] Step 2: size: 2, coverage: 13.00%, cost: 2.0
[2024-10-06 17:31:02,872][INFO] Step 3: size: 3, coverage: 16.50%, cost: 3.0
[2024-10-06 17:31:02,876][INFO] Step 4: size: 4, coverage: 19.50%, cost: 4.0
[2024-10-06 17:31:02,879][INFO] Step 5: size: 5, coverage: 25.00%, cost: 6.0
[2024-10-06 17:31:02,882][INFO] Step 6: size: 6, coverage: 27.50%, cost: 7.0
[2024-10-06 17:31:02,885][INFO] Step 7: size: 7, coverage: 32.50%, cost: 9.0
[2024-10-06 17:31:02,888][INFO] Step 8: size: 8, coverage: 34.50%, cost: 10.0
[2024-10-06 17:31:02,892][INFO] Step 9: size: 9, coverage: 38.50%, cost: 12.0
[2024-10-06 17:31:02,895][INFO] Step 10: size: 10, coverage: 44.00%, cost: 15.0
[2024-10-06 17:31:02,898][INFO] Step 11: size: 11, coverage: 47.50%, cost: 17.0
[2024-10-06 17:31:02,901][INFO] Step 12: size: 12, coverage: 51.50%, cost: 20.0
[2024-10-06 17:31:02,904][INFO] Step 13: size: 13, coverage: 54.00%, cost: 22.0
[2024-10-06 17:31:02,907][INFO] Step 14: size: 14, coverage: 55.00%, cost: 23.0
[2024-10-06 17:31:02,910][INFO] Step 15: size: 15, coverage: 58.50%, cost: 27.0
[2024-10-06 17:31:02,913][INFO] Step 16: size: 16, coverage: 61.00%, cost: 30.0
[2024-10-06 17:31:02,916][INFO] Step 17: size: 17, coverage: 63.50%, cost: 33.0
[2024-10-06 17:31:02,920][INFO] Step 18: size: 18, coverage: 66.00%, cost: 36.0
[2024-10-06 17:31:02,923][INFO] Step 19: size: 19, coverage: 67.50%, cost: 38.0
[2024-10-06 17:31:02,926][INFO] Step 20: size: 20, coverage: 69.50%, cost: 41.0
[2024-10-06 17:31:02,929][INFO] Step 21: size: 21, coverage: 71.50%, cost: 44.0
[2024-10-06 17:31:02,932][INFO] Step 22: size: 22, coverage: 74.00%, cost: 48.0
[2024-10-06 17:31:02,935][INFO] Step 23: size: 23, coverage: 75.00%, cost: 50.0
[2024-10-06 17:31:02,938][INFO] Step 24: size: 24, coverage: 76.00%, cost: 52.0
[2024-10-06 17:31:02,941][INFO] Step 25: size: 25, coverage: 77.50%, cost: 55.0
[2024-10-06 17:31:02,945][INFO] Step 26: size: 26, coverage: 79.50%, cost: 60.0
[2024-10-06 17:31:02,948][INFO] Step 27: size: 27, coverage: 81.00%, cost: 64.0
[2024-10-06 17:31:02,951][INFO] Step 28: size: 28, coverage: 83.50%, cost: 71.0
[2024-10-06 17:31:02,954][INFO] Step 29: size: 29, coverage: 84.50%, cost: 74.0
[2024-10-06 17:31:02,957][INFO] Step 30: size: 30, coverage: 85.50%, cost: 77.0
[2024-10-06 17:31:02,961][INFO] Step 31: size: 31, coverage: 87.50%, cost: 83.0
[2024-10-06 17:31:02,964][INFO] Step 32: size: 32, coverage: 89.00%, cost: 88.0
[2024-10-06 17:31:02,967][INFO] Step 33: size: 33, coverage: 90.50%, cost: 95.0
[2024-10-06 17:31:02,970][INFO] Step 34: size: 34, coverage: 93.00%, cost: 107.0
[2024-10-06 17:31:02,974][INFO] Step 35: size: 35, coverage: 93.50%, cost: 111.0
[2024-10-06 17:31:02,977][INFO] Step 36: size: 36, coverage: 94.00%, cost: 115.0
[2024-10-06 17:31:02,980][INFO] Step 37: size: 37, coverage: 95.00%, cost: 123.0
[2024-10-06 17:31:02,984][INFO] Step 38: size: 38, coverage: 95.50%, cost: 128.0
[2024-10-06 17:31:02,987][INFO] Step 39: size: 39, coverage: 96.00%, cost: 133.0
[2024-10-06 17:31:02,990][INFO] Step 40: size: 40, coverage: 96.50%, cost: 138.0
[2024-10-06 17:31:02,994][INFO] Step 41: size: 41, coverage: 97.50%, cost: 148.0
[2024-10-06 17:31:02,997][INFO] Step 42: size: 42, coverage: 98.00%, cost: 155.0
[2024-10-06 17:31:03,001][INFO] Step 43: size: 43, coverage: 98.50%, cost: 163.0
[2024-10-06 17:31:03,004][INFO] Step 44: size: 44, coverage: 99.00%, cost: 172.0
[2024-10-06 17:31:03,008][INFO] Step 45: size: 45, coverage: 99.50%, cost: 181.0
[2024-10-06 17:31:03,011][INFO] Step 46: size: 46, coverage: 100.00%, cost: 196.0
[2024-10-06 18:49:56,574][INFO] Step 1: size: 1, coverage: 8.00%, cost: 1.0
[2024-10-06 18:49:56,577][INFO] Step 2: size: 2, coverage: 13.00%, cost: 2.0
[2024-10-06 18:49:56,580][INFO] Step 3: size: 3, coverage: 16.50%, cost: 3.0
[2024-10-06 18:49:56,583][INFO] Step 4: size: 4, coverage: 19.50%, cost: 4.0
[2024-10-06 18:49:56,587][INFO] Step 5: size: 5, coverage: 25.00%, cost: 6.0
[2024-10-06 18:49:56,590][INFO] Step 6: size: 6, coverage: 27.50%, cost: 7.0
[2024-10-06 18:49:56,593][INFO] Step 7: size: 7, coverage: 32.50%, cost: 9.0
[2024-10-06 18:49:56,596][INFO] Step 8: size: 8, coverage: 34.50%, cost: 10.0
[2024-10-06 18:49:56,599][INFO] Step 9: size: 9, coverage: 38.50%, cost: 12.0
[2024-10-06 18:49:56,602][INFO] Step 10: size: 10, coverage: 44.00%, cost: 15.0
[2024-10-06 18:49:56,605][INFO] Step 11: size: 11, coverage: 47.50%, cost: 17.0
[2024-10-06 18:49:56,608][INFO] Step 12: size: 12, coverage: 51.50%, cost: 20.0
[2024-10-06 18:49:56,612][INFO] Step 13: size: 13, coverage: 54.00%, cost: 22.0
[2024-10-06 18:49:56,615][INFO] Step 14: size: 14, coverage: 55.00%, cost: 23.0
[2024-10-06 18:49:56,618][INFO] Step 15: size: 15, coverage: 58.50%, cost: 27.0
[2024-10-06 18:49:56,621][INFO] Step 16: size: 16, coverage: 61.00%, cost: 30.0
[2024-10-06 18:49:56,624][INFO] Step 17: size: 17, coverage: 63.50%, cost: 33.0
[2024-10-06 18:49:56,627][INFO] Step 18: size: 18, coverage: 66.00%, cost: 36.0
[2024-10-06 18:49:56,630][INFO] Step 19: size: 19, coverage: 67.50%, cost: 38.0
[2024-10-06 18:49:56,633][INFO] Step 20: size: 20, coverage: 69.50%, cost: 41.0
[2024-10-06 18:49:56,636][INFO] Step 21: size: 21, coverage: 71.50%, cost: 44.0
[2024-10-06 18:49:56,640][INFO] Step 22: size: 22, coverage: 74.00%, cost: 48.0
[2024-10-06 18:49:56,643][INFO] Step 23: size: 23, coverage: 75.00%, cost: 50.0
[2024-10-06 18:49:56,646][INFO] Step 24: size: 24, coverage: 76.00%, cost: 52.0
[2024-10-06 18:49:56,649][INFO] Step 25: size: 25, coverage: 77.50%, cost: 55.0
[2024-10-06 18:49:56,652][INFO] Step 26: size: 26, coverage: 79.50%, cost: 60.0
[2024-10-06 18:49:56,655][INFO] Step 27: size: 27, coverage: 81.00%, cost: 64.0
[2024-10-06 18:49:56,659][INFO] Step 28: size: 28, coverage: 83.50%, cost: 71.0
[2024-10-06 18:49:56,662][INFO] Step 29: size: 29, coverage: 84.50%, cost: 74.0
[2024-10-06 18:49:56,665][INFO] Step 30: size: 30, coverage: 85.50%, cost: 77.0
[2024-10-06 18:49:56,668][INFO] Step 31: size: 31, coverage: 87.50%, cost: 83.0
[2024-10-06 18:49:56,672][INFO] Step 32: size: 32, coverage: 89.00%, cost: 88.0
[2024-10-06 18:49:56,675][INFO] Step 33: size: 33, coverage: 90.50%, cost: 95.0
[2024-10-06 18:49:56,678][INFO] Step 34: size: 34, coverage: 93.00%, cost: 107.0
[2024-10-06 18:49:56,681][INFO] Step 35: size: 35, coverage: 93.50%, cost: 111.0
[2024-10-06 18:49:56,685][INFO] Step 36: size: 36, coverage: 94.00%, cost: 115.0
[2024-10-06 18:49:56,688][INFO] Step 37: size: 37, coverage: 95.00%, cost: 123.0
[2024-10-06 18:49:56,691][INFO] Step 38: size: 38, coverage: 95.50%, cost: 128.0
[2024-10-06 18:49:56,698][INFO] Step 39: size: 39, coverage: 96.00%, cost: 133.0
[2024-10-06 18:49:56,701][INFO] Step 40: size: 40, coverage: 96.50%, cost: 138.0
[2024-10-06 18:49:56,705][INFO] Step 41: size: 41, coverage: 97.50%, cost: 148.0
[2024-10-06 18:49:56,708][INFO] Step 42: size: 42, coverage: 98.00%, cost: 155.0
[2024-10-06 18:49:56,711][INFO] Step 43: size: 43, coverage: 98.50%, cost: 163.0
[2024-10-06 18:49:56,715][INFO] Step 44: size: 44, coverage: 99.00%, cost: 172.0
[2024-10-06 18:49:56,719][INFO] Step 45: size: 45, coverage: 99.50%, cost: 181.0
[2024-10-06 18:49:56,722][INFO] Step 46: size: 46, coverage: 100.00%, cost: 196.0
[2024-10-06 18:49:56,723][INFO] Size: 46 -> 44
[2024-10-06 18:49:56,723][INFO] Cost: 196.0 -> 191.0
[2024-10-06 18:49:56,723][INFO] Pruned solution: [np.int64(2), np.int64(3), np.int64(4), np.int64(5), np.int64(20), np.int64(19), np.int64(6), np.int64(18), np.int64(27), np.int64(17), np.int64(34), np.int64(15), np.int64(50), np.int64(69), np.int64(31), np.int64(48), np.int64(121), np.int64(40), np.int64(44), np.int64(54), np.int64(72), np.int64(92), np.int64(151), np.int64(1), np.int64(9), np.int64(10), np.int64(24), np.int64(14), np.int64(39), np.int64(56), np.int64(35), np.int64(53), np.int64(75), np.int64(0), np.int64(8), np.int64(12), np.int64(30), np.int64(76), np.int64(96), np.int64(32), np.int64(70), np.int64(7), np.int64(100), np.int64(29)]
[2024-10-06 18:52:17,939][INFO] Step 1: size: 1, coverage: 8.00%, cost: 1.0
[2024-10-06 18:52:17,943][INFO] Step 2: size: 2, coverage: 13.00%, cost: 2.0
[2024-10-06 18:52:17,946][INFO] Step 3: size: 3, coverage: 16.50%, cost: 3.0
[2024-10-06 18:52:17,949][INFO] Step 4: size: 4, coverage: 19.50%, cost: 4.0
[2024-10-06 18:52:17,952][INFO] Step 5: size: 5, coverage: 25.00%, cost: 6.0
[2024-10-06 18:52:17,955][INFO] Step 6: size: 6, coverage: 27.50%, cost: 7.0
[2024-10-06 18:52:17,959][INFO] Step 7: size: 7, coverage: 32.50%, cost: 9.0
[2024-10-06 18:52:17,962][INFO] Step 8: size: 8, coverage: 34.50%, cost: 10.0
[2024-10-06 18:52:17,965][INFO] Step 9: size: 9, coverage: 38.50%, cost: 12.0
[2024-10-06 18:52:17,968][INFO] Step 10: size: 10, coverage: 44.00%, cost: 15.0
[2024-10-06 18:52:17,972][INFO] Step 11: size: 11, coverage: 47.50%, cost: 17.0
[2024-10-06 18:52:17,975][INFO] Step 12: size: 12, coverage: 51.50%, cost: 20.0
[2024-10-06 18:52:17,978][INFO] Step 13: size: 13, coverage: 54.00%, cost: 22.0
[2024-10-06 18:52:17,981][INFO] Step 14: size: 14, coverage: 55.00%, cost: 23.0
[2024-10-06 18:52:17,984][INFO] Step 15: size: 15, coverage: 58.50%, cost: 27.0
[2024-10-06 18:52:17,987][INFO] Step 16: size: 16, coverage: 61.00%, cost: 30.0
[2024-10-06 18:52:17,991][INFO] Step 17: size: 17, coverage: 63.50%, cost: 33.0
[2024-10-06 18:52:17,994][INFO] Step 18: size: 18, coverage: 66.00%, cost: 36.0
[2024-10-06 18:52:17,997][INFO] Step 19: size: 19, coverage: 67.50%, cost: 38.0
[2024-10-06 18:52:18,000][INFO] Step 20: size: 20, coverage: 69.50%, cost: 41.0
[2024-10-06 18:52:18,003][INFO] Step 21: size: 21, coverage: 71.50%, cost: 44.0
[2024-10-06 18:52:18,007][INFO] Step 22: size: 22, coverage: 74.00%, cost: 48.0
[2024-10-06 18:52:18,010][INFO] Step 23: size: 23, coverage: 75.00%, cost: 50.0
[2024-10-06 18:52:18,013][INFO] Step 24: size: 24, coverage: 76.00%, cost: 52.0
[2024-10-06 18:52:18,016][INFO] Step 25: size: 25, coverage: 77.50%, cost: 55.0
[2024-10-06 18:52:18,020][INFO] Step 26: size: 26, coverage: 79.50%, cost: 60.0
[2024-10-06 18:52:18,023][INFO] Step 27: size: 27, coverage: 81.00%, cost: 64.0
[2024-10-06 18:52:18,026][INFO] Step 28: size: 28, coverage: 83.50%, cost: 71.0
[2024-10-06 18:52:18,030][INFO] Step 29: size: 29, coverage: 84.50%, cost: 74.0
[2024-10-06 18:52:18,033][INFO] Step 30: size: 30, coverage: 85.50%, cost: 77.0
[2024-10-06 18:52:18,036][INFO] Step 31: size: 31, coverage: 87.50%, cost: 83.0
[2024-10-06 18:52:18,040][INFO] Step 32: size: 32, coverage: 89.00%, cost: 88.0
[2024-10-06 18:52:18,043][INFO] Step 33: size: 33, coverage: 90.50%, cost: 95.0
[2024-10-06 18:52:18,046][INFO] Step 34: size: 34, coverage: 93.00%, cost: 107.0
[2024-10-06 18:52:18,050][INFO] Step 35: size: 35, coverage: 93.50%, cost: 111.0
[2024-10-06 18:52:18,053][INFO] Step 36: size: 36, coverage: 94.00%, cost: 115.0
[2024-10-06 18:52:18,057][INFO] Step 37: size: 37, coverage: 95.00%, cost: 123.0
[2024-10-06 18:52:18,060][INFO] Step 38: size: 38, coverage: 95.50%, cost: 128.0
[2024-10-06 18:52:18,063][INFO] Step 39: size: 39, coverage: 96.00%, cost: 133.0
[2024-10-06 18:52:18,067][INFO] Step 40: size: 40, coverage: 96.50%, cost: 138.0
[2024-10-06 18:52:18,070][INFO] Step 41: size: 41, coverage: 97.50%, cost: 148.0
[2024-10-06 18:52:18,074][INFO] Step 42: size: 42, coverage: 98.00%, cost: 155.0
[2024-10-06 18:52:18,077][INFO] Step 43: size: 43, coverage: 98.50%, cost: 163.0
[2024-10-06 18:52:18,081][INFO] Step 44: size: 44, coverage: 99.00%, cost: 172.0
[2024-10-06 18:52:18,084][INFO] Step 45: size: 45, coverage: 99.50%, cost: 181.0
[2024-10-06 18:52:18,088][INFO] Step 46: size: 46, coverage: 100.00%, cost: 196.0
[2024-10-06 18:52:18,089][INFO] Size: 46 -> 44
[2024-10-06 18:52:18,089][INFO] Cost: 196.0 -> 191.0
[2024-10-06 18:54:28,863][INFO] Step 1: size: 1, coverage: 8.00%, cost: 1.0
[2024-10-06 18:54:28,866][INFO] Step 2: size: 2, coverage: 13.00%, cost: 2.0
[2024-10-06 18:54:28,869][INFO] Step 3: size: 3, coverage: 16.50%, cost: 3.0
[2024-10-06 18:54:28,873][INFO] Step 4: size: 4, coverage: 19.50%, cost: 4.0
[2024-10-06 18:54:28,876][INFO] Step 5: size: 5, coverage: 25.00%, cost: 6.0
[2024-10-06 18:54:28,879][INFO] Step 6: size: 6, coverage: 27.50%, cost: 7.0
[2024-10-06 18:54:28,882][INFO] Step 7: size: 7, coverage: 32.50%, cost: 9.0
[2024-10-06 18:54:28,885][INFO] Step 8: size: 8, coverage: 34.50%, cost: 10.0
[2024-10-06 18:54:28,889][INFO] Step 9: size: 9, coverage: 38.50%, cost: 12.0
[2024-10-06 18:54:28,892][INFO] Step 10: size: 10, coverage: 44.00%, cost: 15.0
[2024-10-06 18:54:28,895][INFO] Step 11: size: 11, coverage: 47.50%, cost: 17.0
[2024-10-06 18:54:28,898][INFO] Step 12: size: 12, coverage: 51.50%, cost: 20.0
[2024-10-06 18:54:28,901][INFO] Step 13: size: 13, coverage: 54.00%, cost: 22.0
[2024-10-06 18:54:28,904][INFO] Step 14: size: 14, coverage: 55.00%, cost: 23.0
[2024-10-06 18:54:28,907][INFO] Step 15: size: 15, coverage: 58.50%, cost: 27.0
[2024-10-06 18:54:28,910][INFO] Step 16: size: 16, coverage: 61.00%, cost: 30.0
[2024-10-06 18:54:28,913][INFO] Step 17: size: 17, coverage: 63.50%, cost: 33.0
[2024-10-06 18:54:28,917][INFO] Step 18: size: 18, coverage: 66.00%, cost: 36.0
[2024-10-06 18:54:28,920][INFO] Step 19: size: 19, coverage: 67.50%, cost: 38.0
[2024-10-06 18:54:28,923][INFO] Step 20: size: 20, coverage: 69.50%, cost: 41.0
[2024-10-06 18:54:28,926][INFO] Step 21: size: 21, coverage: 71.50%, cost: 44.0
[2024-10-06 18:54:28,929][INFO] Step 22: size: 22, coverage: 74.00%, cost: 48.0
[2024-10-06 18:54:28,932][INFO] Step 23: size: 23, coverage: 75.00%, cost: 50.0
[2024-10-06 18:54:28,936][INFO] Step 24: size: 24, coverage: 76.00%, cost: 52.0
[2024-10-06 18:54:28,939][INFO] Step 25: size: 25, coverage: 77.50%, cost: 55.0
[2024-10-06 18:54:28,942][INFO] Step 26: size: 26, coverage: 79.50%, cost: 60.0
[2024-10-06 18:54:28,945][INFO] Step 27: size: 27, coverage: 81.00%, cost: 64.0
[2024-10-06 18:54:28,948][INFO] Step 28: size: 28, coverage: 83.50%, cost: 71.0
[2024-10-06 18:54:28,952][INFO] Step 29: size: 29, coverage: 84.50%, cost: 74.0
[2024-10-06 18:54:28,955][INFO] Step 30: size: 30, coverage: 85.50%, cost: 77.0
[2024-10-06 18:54:28,958][INFO] Step 31: size: 31, coverage: 87.50%, cost: 83.0
[2024-10-06 18:54:28,961][INFO] Step 32: size: 32, coverage: 89.00%, cost: 88.0
[2024-10-06 18:54:28,965][INFO] Step 33: size: 33, coverage: 90.50%, cost: 95.0
[2024-10-06 18:54:28,968][INFO] Step 34: size: 34, coverage: 93.00%, cost: 107.0
[2024-10-06 18:54:28,971][INFO] Step 35: size: 35, coverage: 93.50%, cost: 111.0
[2024-10-06 18:54:28,975][INFO] Step 36: size: 36, coverage: 94.00%, cost: 115.0
[2024-10-06 18:54:28,978][INFO] Step 37: size: 37, coverage: 95.00%, cost: 123.0
[2024-10-06 18:54:28,981][INFO] Step 38: size: 38, coverage: 95.50%, cost: 128.0
[2024-10-06 18:54:28,984][INFO] Step 39: size: 39, coverage: 96.00%, cost: 133.0
[2024-10-06 18:54:28,988][INFO] Step 40: size: 40, coverage: 96.50%, cost: 138.0
[2024-10-06 18:54:28,991][INFO] Step 41: size: 41, coverage: 97.50%, cost: 148.0
[2024-10-06 18:54:28,995][INFO] Step 42: size: 42, coverage: 98.00%, cost: 155.0
[2024-10-06 18:54:28,998][INFO] Step 43: size: 43, coverage: 98.50%, cost: 163.0
[2024-10-06 18:54:29,002][INFO] Step 44: size: 44, coverage: 99.00%, cost: 172.0
[2024-10-06 18:54:29,005][INFO] Step 45: size: 45, coverage: 99.50%, cost: 181.0
[2024-10-06 18:54:29,009][INFO] Step 46: size: 46, coverage: 100.00%, cost: 196.0
[2024-10-06 18:54:29,009][INFO] Size: 46 -> 44
[2024-10-06 18:54:29,009][INFO] Cost: 196.0 -> 191.0
[2024-10-06 18:55:29,461][INFO] Step 1: size: 1, coverage: 8.00%, cost: 1.0
[2024-10-06 18:55:29,464][INFO] Step 2: size: 2, coverage: 13.00%, cost: 2.0
[2024-10-06 18:55:29,468][INFO] Step 3: size: 3, coverage: 16.50%, cost: 3.0
[2024-10-06 18:55:29,471][INFO] Step 4: size: 4, coverage: 19.50%, cost: 4.0
[2024-10-06 18:55:29,474][INFO] Step 5: size: 5, coverage: 25.00%, cost: 6.0
[2024-10-06 18:55:29,477][INFO] Step 6: size: 6, coverage: 27.50%, cost: 7.0
[2024-10-06 18:55:29,480][INFO] Step 7: size: 7, coverage: 32.50%, cost: 9.0
[2024-10-06 18:55:29,483][INFO] Step 8: size: 8, coverage: 34.50%, cost: 10.0
[2024-10-06 18:55:29,486][INFO] Step 9: size: 9, coverage: 38.50%, cost: 12.0
[2024-10-06 18:55:29,489][INFO] Step 10: size: 10, coverage: 44.00%, cost: 15.0
[2024-10-06 18:55:29,493][INFO] Step 11: size: 11, coverage: 47.50%, cost: 17.0
[2024-10-06 18:55:29,496][INFO] Step 12: size: 12, coverage: 51.50%, cost: 20.0
[2024-10-06 18:55:29,499][INFO] Step 13: size: 13, coverage: 54.00%, cost: 22.0
[2024-10-06 18:55:29,502][INFO] Step 14: size: 14, coverage: 55.00%, cost: 23.0
[2024-10-06 18:55:29,505][INFO] Step 15: size: 15, coverage: 58.50%, cost: 27.0
[2024-10-06 18:55:29,508][INFO] Step 16: size: 16, coverage: 61.00%, cost: 30.0
[2024-10-06 18:55:29,511][INFO] Step 17: size: 17, coverage: 63.50%, cost: 33.0
[2024-10-06 18:55:29,514][INFO] Step 18: size: 18, coverage: 66.00%, cost: 36.0
[2024-10-06 18:55:29,518][INFO] Step 19: size: 19, coverage: 67.50%, cost: 38.0
[2024-10-06 18:55:29,521][INFO] Step 20: size: 20, coverage: 69.50%, cost: 41.0
[2024-10-06 18:55:29,524][INFO] Step 21: size: 21, coverage: 71.50%, cost: 44.0
[2024-10-06 18:55:29,527][INFO] Step 22: size: 22, coverage: 74.00%, cost: 48.0
[2024-10-06 18:55:29,530][INFO] Step 23: size: 23, coverage: 75.00%, cost: 50.0
[2024-10-06 18:55:29,533][INFO] Step 24: size: 24, coverage: 76.00%, cost: 52.0
[2024-10-06 18:55:29,536][INFO] Step 25: size: 25, coverage: 77.50%, cost: 55.0
[2024-10-06 18:55:29,540][INFO] Step 26: size: 26, coverage: 79.50%, cost: 60.0
[2024-10-06 18:55:29,543][INFO] Step 27: size: 27, coverage: 81.00%, cost: 64.0
[2024-10-06 18:55:29,546][INFO] Step 28: size: 28, coverage: 83.50%, cost: 71.0
[2024-10-06 18:55:29,549][INFO] Step 29: size: 29, coverage: 84.50%, cost: 74.0
[2024-10-06 18:55:29,552][INFO] Step 30: size: 30, coverage: 85.50%, cost: 77.0
[2024-10-06 18:55:29,556][INFO] Step 31: size: 31, coverage: 87.50%, cost: 83.0
[2024-10-06 18:55:29,559][INFO] Step 32: size: 32, coverage: 89.00%, cost: 88.0
[2024-10-06 18:55:29,562][INFO] Step 33: size: 33, coverage: 90.50%, cost: 95.0
[2024-10-06 18:55:29,565][INFO] Step 34: size: 34, coverage: 93.00%, cost: 107.0
[2024-10-06 18:55:29,569][INFO] Step 35: size: 35, coverage: 93.50%, cost: 111.0
[2024-10-06 18:55:29,572][INFO] Step 36: size: 36, coverage: 94.00%, cost: 115.0
[2024-10-06 18:55:29,575][INFO] Step 37: size: 37, coverage: 95.00%, cost: 123.0
[2024-10-06 18:55:29,579][INFO] Step 38: size: 38, coverage: 95.50%, cost: 128.0
[2024-10-06 18:55:29,582][INFO] Step 39: size: 39, coverage: 96.00%, cost: 133.0
[2024-10-06 18:55:29,585][INFO] Step 40: size: 40, coverage: 96.50%, cost: 138.0
[2024-10-06 18:55:29,589][INFO] Step 41: size: 41, coverage: 97.50%, cost: 148.0
[2024-10-06 18:55:29,592][INFO] Step 42: size: 42, coverage: 98.00%, cost: 155.0
[2024-10-06 18:55:29,595][INFO] Step 43: size: 43, coverage: 98.50%, cost: 163.0
[2024-10-06 18:55:29,599][INFO] Step 44: size: 44, coverage: 99.00%, cost: 172.0
[2024-10-06 18:55:29,602][INFO] Step 45: size: 45, coverage: 99.50%, cost: 181.0
[2024-10-06 18:55:29,606][INFO] Step 46: size: 46, coverage: 100.00%, cost: 196.0
[2024-10-06 18:55:29,607][INFO] Size: 46 -> 44
[2024-10-06 18:55:29,607][INFO] Cost: 196.0 -> 191.0
[2024-10-06 19:03:29,759][INFO] Step 1: size: 1, coverage: 8.00%, cost: 1.0
[2024-10-06 19:03:29,762][INFO] Step 2: size: 2, coverage: 13.00%, cost: 2.0
[2024-10-06 19:03:29,765][INFO] Step 3: size: 3, coverage: 16.50%, cost: 3.0
[2024-10-06 19:03:29,768][INFO] Step 4: size: 4, coverage: 19.50%, cost: 4.0
[2024-10-06 19:03:29,772][INFO] Step 5: size: 5, coverage: 25.00%, cost: 6.0
[2024-10-06 19:03:29,775][INFO] Step 6: size: 6, coverage: 27.50%, cost: 7.0
[2024-10-06 19:03:29,778][INFO] Step 7: size: 7, coverage: 32.50%, cost: 9.0
[2024-10-06 19:03:29,781][INFO] Step 8: size: 8, coverage: 34.50%, cost: 10.0
[2024-10-06 19:03:29,784][INFO] Step 9: size: 9, coverage: 38.50%, cost: 12.0
[2024-10-06 19:03:29,788][INFO] Step 10: size: 10, coverage: 44.00%, cost: 15.0
[2024-10-06 19:03:29,791][INFO] Step 11: size: 11, coverage: 47.50%, cost: 17.0
[2024-10-06 19:03:29,794][INFO] Step 12: size: 12, coverage: 51.50%, cost: 20.0
[2024-10-06 19:03:29,797][INFO] Step 13: size: 13, coverage: 54.00%, cost: 22.0
[2024-10-06 19:03:29,800][INFO] Step 14: size: 14, coverage: 55.00%, cost: 23.0
[2024-10-06 19:03:29,803][INFO] Step 15: size: 15, coverage: 58.50%, cost: 27.0
[2024-10-06 19:03:29,806][INFO] Step 16: size: 16, coverage: 61.00%, cost: 30.0
[2024-10-06 19:03:29,809][INFO] Step 17: size: 17, coverage: 63.50%, cost: 33.0
[2024-10-06 19:03:29,812][INFO] Step 18: size: 18, coverage: 66.00%, cost: 36.0
[2024-10-06 19:03:29,816][INFO] Step 19: size: 19, coverage: 67.50%, cost: 38.0
[2024-10-06 19:03:29,819][INFO] Step 20: size: 20, coverage: 69.50%, cost: 41.0
[2024-10-06 19:03:29,822][INFO] Step 21: size: 21, coverage: 71.50%, cost: 44.0
[2024-10-06 19:03:29,825][INFO] Step 22: size: 22, coverage: 74.00%, cost: 48.0
[2024-10-06 19:03:29,828][INFO] Step 23: size: 23, coverage: 75.00%, cost: 50.0
[2024-10-06 19:03:29,831][INFO] Step 24: size: 24, coverage: 76.00%, cost: 52.0
[2024-10-06 19:03:29,835][INFO] Step 25: size: 25, coverage: 77.50%, cost: 55.0
[2024-10-06 19:03:29,838][INFO] Step 26: size: 26, coverage: 79.50%, cost: 60.0
[2024-10-06 19:03:29,841][INFO] Step 27: size: 27, coverage: 81.00%, cost: 64.0
[2024-10-06 19:03:29,844][INFO] Step 28: size: 28, coverage: 83.50%, cost: 71.0
[2024-10-06 19:03:29,847][INFO] Step 29: size: 29, coverage: 84.50%, cost: 74.0
[2024-10-06 19:03:29,851][INFO] Step 30: size: 30, coverage: 85.50%, cost: 77.0
[2024-10-06 19:03:29,854][INFO] Step 31: size: 31, coverage: 87.50%, cost: 83.0
[2024-10-06 19:03:29,857][INFO] Step 32: size: 32, coverage: 89.00%, cost: 88.0
[2024-10-06 19:03:29,860][INFO] Step 33: size: 33, coverage: 90.50%, cost: 95.0
[2024-10-06 19:03:29,864][INFO] Step 34: size: 34, coverage: 93.00%, cost: 107.0
[2024-10-06 19:03:29,867][INFO] Step 35: size: 35, coverage: 93.50%, cost: 111.0
[2024-10-06 19:03:29,870][INFO] Step 36: size: 36, coverage: 94.00%, cost: 115.0
[2024-10-06 19:03:29,874][INFO] Step 37: size: 37, coverage: 95.00%, cost: 123.0
[2024-10-06 19:03:29,877][INFO] Step 38: size: 38, coverage: 95.50%, cost: 128.0
[2024-10-06 19:03:29,880][INFO] Step 39: size: 39, coverage: 96.00%, cost: 133.0
[2024-10-06 19:03:29,884][INFO] Step 40: size: 40, coverage: 96.50%, cost: 138.0
[2024-10-06 19:03:29,887][INFO] Step 41: size: 41, coverage: 97.50%, cost: 148.0
[2024-10-06 19:03:29,890][INFO] Step 42: size: 42, coverage: 98.00%, cost: 155.0
[2024-10-06 19:03:29,894][INFO] Step 43: size: 43, coverage: 98.50%, cost: 163.0
[2024-10-06 19:03:29,897][INFO] Step 44: size: 44, coverage: 99.00%, cost: 172.0
[2024-10-06 19:03:29,901][INFO] Step 45: size: 45, coverage: 99.50%, cost: 181.0
[2024-10-06 19:03:29,904][INFO] Step 46: size: 46, coverage: 100.00%, cost: 196.0
[2024-10-06 19:03:29,905][INFO] Size: 46 -> 44
[2024-10-06 19:03:29,905][INFO] Cost: 196.0 -> 191.0
[2024-10-06 22:18:06,857][INFO] Step 1: size: 1, coverage: 8.00%, cost: 1.0
[2024-10-06 22:18:06,860][INFO] Step 2: size: 2, coverage: 13.00%, cost: 2.0
[2024-10-06 22:18:06,863][INFO] Step 3: size: 3, coverage: 16.50%, cost: 3.0
[2024-10-06 22:18:06,867][INFO] Step 4: size: 4, coverage: 19.50%, cost: 4.0
[2024-10-06 22:18:06,870][INFO] Step 5: size: 5, coverage: 25.00%, cost: 6.0
[2024-10-06 22:18:06,873][INFO] Step 6: size: 6, coverage: 27.50%, cost: 7.0
[2024-10-06 22:18:06,876][INFO] Step 7: size: 7, coverage: 32.50%, cost: 9.0
[2024-10-06 22:18:06,879][INFO] Step 8: size: 8, coverage: 34.50%, cost: 10.0
[2024-10-06 22:18:06,882][INFO] Step 9: size: 9, coverage: 38.50%, cost: 12.0
[2024-10-06 22:18:06,886][INFO] Step 10: size: 10, coverage: 44.00%, cost: 15.0
[2024-10-06 22:18:06,889][INFO] Step 11: size: 11, coverage: 47.50%, cost: 17.0
[2024-10-06 22:18:06,892][INFO] Step 12: size: 12, coverage: 51.50%, cost: 20.0
[2024-10-06 22:18:06,895][INFO] Step 13: size: 13, coverage: 54.00%, cost: 22.0
[2024-10-06 22:18:06,898][INFO] Step 14: size: 14, coverage: 55.00%, cost: 23.0
[2024-10-06 22:18:06,901][INFO] Step 15: size: 15, coverage: 58.50%, cost: 27.0
[2024-10-06 22:18:06,904][INFO] Step 16: size: 16, coverage: 61.00%, cost: 30.0
[2024-10-06 22:18:06,908][INFO] Step 17: size: 17, coverage: 63.50%, cost: 33.0
[2024-10-06 22:18:06,911][INFO] Step 18: size: 18, coverage: 66.00%, cost: 36.0
[2024-10-06 22:18:06,914][INFO] Step 19: size: 19, coverage: 67.50%, cost: 38.0
[2024-10-06 22:18:06,917][INFO] Step 20: size: 20, coverage: 69.50%, cost: 41.0
[2024-10-06 22:18:06,920][INFO] Step 21: size: 21, coverage: 71.50%, cost: 44.0
[2024-10-06 22:18:06,923][INFO] Step 22: size: 22, coverage: 74.00%, cost: 48.0
[2024-10-06 22:18:06,926][INFO] Step 23: size: 23, coverage: 75.00%, cost: 50.0
[2024-10-06 22:18:06,930][INFO] Step 24: size: 24, coverage: 76.00%, cost: 52.0
[2024-10-06 22:18:06,933][INFO] Step 25: size: 25, coverage: 77.50%, cost: 55.0
[2024-10-06 22:18:06,936][INFO] Step 26: size: 26, coverage: 79.50%, cost: 60.0
[2024-10-06 22:18:06,939][INFO] Step 27: size: 27, coverage: 81.00%, cost: 64.0
[2024-10-06 22:18:06,942][INFO] Step 28: size: 28, coverage: 83.50%, cost: 71.0
[2024-10-06 22:18:06,946][INFO] Step 29: size: 29, coverage: 84.50%, cost: 74.0
[2024-10-06 22:18:06,949][INFO] Step 30: size: 30, coverage: 85.50%, cost: 77.0
[2024-10-06 22:18:06,952][INFO] Step 31: size: 31, coverage: 87.50%, cost: 83.0
[2024-10-06 22:18:06,956][INFO] Step 32: size: 32, coverage: 89.00%, cost: 88.0
[2024-10-06 22:18:06,959][INFO] Step 33: size: 33, coverage: 90.50%, cost: 95.0
[2024-10-06 22:18:06,962][INFO] Step 34: size: 34, coverage: 93.00%, cost: 107.0
[2024-10-06 22:18:06,966][INFO] Step 35: size: 35, coverage: 93.50%, cost: 111.0
[2024-10-06 22:18:06,969][INFO] Step 36: size: 36, coverage: 94.00%, cost: 115.0
[2024-10-06 22:18:06,972][INFO] Step 37: size: 37, coverage: 95.00%, cost: 123.0
[2024-10-06 22:18:06,976][INFO] Step 38: size: 38, coverage: 95.50%, cost: 128.0
[2024-10-06 22:18:06,979][INFO] Step 39: size: 39, coverage: 96.00%, cost: 133.0
[2024-10-06 22:18:06,982][INFO] Step 40: size: 40, coverage: 96.50%, cost: 138.0
[2024-10-06 22:18:06,986][INFO] Step 41: size: 41, coverage: 97.50%, cost: 148.0
[2024-10-06 22:18:06,989][INFO] Step 42: size: 42, coverage: 98.00%, cost: 155.0
[2024-10-06 22:18:06,993][INFO] Step 43: size: 43, coverage: 98.50%, cost: 163.0
[2024-10-06 22:18:06,996][INFO] Step 44: size: 44, coverage: 99.00%, cost: 172.0
[2024-10-06 22:18:07,000][INFO] Step 45: size: 45, coverage: 99.50%, cost: 181.0
[2024-10-06 22:18:07,003][INFO] Step 46: size: 46, coverage: 100.00%, cost: 196.0
[2024-10-06 22:18:07,004][INFO] Size: 46 -> 44
[2024-10-06 22:18:07,004][INFO] Cost: 196.0 -> 191.0
[2024-10-06 22:21:08,691][INFO] Step 1: size: 1, coverage: 8.00%, cost: 1.0
[2024-10-06 22:21:08,695][INFO] Step 2: size: 2, coverage: 13.00%, cost: 2.0
[2024-10-06 22:21:08,698][INFO] Step 3: size: 3, coverage: 16.50%, cost: 3.0
[2024-10-06 22:21:08,701][INFO] Step 4: size: 4, coverage: 19.50%, cost: 4.0
[2024-10-06 22:21:08,704][INFO] Step 5: size: 5, coverage: 25.00%, cost: 6.0
[2024-10-06 22:21:08,707][INFO] Step 6: size: 6, coverage: 27.50%, cost: 7.0
[2024-10-06 22:21:08,710][INFO] Step 7: size: 7, coverage: 32.50%, cost: 9.0
[2024-10-06 22:21:08,714][INFO] Step 8: size: 8, coverage: 34.50%, cost: 10.0
[2024-10-06 22:21:08,717][INFO] Step 9: size: 9, coverage: 38.50%, cost: 12.0
[2024-10-06 22:21:08,720][INFO] Step 10: size: 10, coverage: 44.00%, cost: 15.0
[2024-10-06 22:21:08,723][INFO] Step 11: size: 11, coverage: 47.50%, cost: 17.0
[2024-10-06 22:21:08,726][INFO] Step 12: size: 12, coverage: 51.50%, cost: 20.0
[2024-10-06 22:21:08,730][INFO] Step 13: size: 13, coverage: 54.00%, cost: 22.0
[2024-10-06 22:21:08,733][INFO] Step 14: size: 14, coverage: 55.00%, cost: 23.0
[2024-10-06 22:21:08,736][INFO] Step 15: size: 15, coverage: 58.50%, cost: 27.0
[2024-10-06 22:21:08,739][INFO] Step 16: size: 16, coverage: 61.00%, cost: 30.0
[2024-10-06 22:21:08,742][INFO] Step 17: size: 17, coverage: 63.50%, cost: 33.0
[2024-10-06 22:21:08,745][INFO] Step 18: size: 18, coverage: 66.00%, cost: 36.0
[2024-10-06 22:21:08,748][INFO] Step 19: size: 19, coverage: 67.50%, cost: 38.0
[2024-10-06 22:21:08,752][INFO] Step 20: size: 20, coverage: 69.50%, cost: 41.0
[2024-10-06 22:21:08,755][INFO] Step 21: size: 21, coverage: 71.50%, cost: 44.0
[2024-10-06 22:21:08,758][INFO] Step 22: size: 22, coverage: 74.00%, cost: 48.0
[2024-10-06 22:21:08,761][INFO] Step 23: size: 23, coverage: 75.00%, cost: 50.0
[2024-10-06 22:21:08,764][INFO] Step 24: size: 24, coverage: 76.00%, cost: 52.0
[2024-10-06 22:21:08,767][INFO] Step 25: size: 25, coverage: 77.50%, cost: 55.0
[2024-10-06 22:21:08,771][INFO] Step 26: size: 26, coverage: 79.50%, cost: 60.0
[2024-10-06 22:21:08,774][INFO] Step 27: size: 27, coverage: 81.00%, cost: 64.0
[2024-10-06 22:21:08,777][INFO] Step 28: size: 28, coverage: 83.50%, cost: 71.0
[2024-10-06 22:21:08,780][INFO] Step 29: size: 29, coverage: 84.50%, cost: 74.0
[2024-10-06 22:21:08,784][INFO] Step 30: size: 30, coverage: 85.50%, cost: 77.0
[2024-10-06 22:21:08,787][INFO] Step 31: size: 31, coverage: 87.50%, cost: 83.0
[2024-10-06 22:21:08,790][INFO] Step 32: size: 32, coverage: 89.00%, cost: 88.0
[2024-10-06 22:21:08,793][INFO] Step 33: size: 33, coverage: 90.50%, cost: 95.0
[2024-10-06 22:21:08,797][INFO] Step 34: size: 34, coverage: 93.00%, cost: 107.0
[2024-10-06 22:21:08,800][INFO] Step 35: size: 35, coverage: 93.50%, cost: 111.0
[2024-10-06 22:21:08,803][INFO] Step 36: size: 36, coverage: 94.00%, cost: 115.0
[2024-10-06 22:21:08,807][INFO] Step 37: size: 37, coverage: 95.00%, cost: 123.0
[2024-10-06 22:21:08,810][INFO] Step 38: size: 38, coverage: 95.50%, cost: 128.0
[2024-10-06 22:21:08,813][INFO] Step 39: size: 39, coverage: 96.00%, cost: 133.0
[2024-10-06 22:21:08,817][INFO] Step 40: size: 40, coverage: 96.50%, cost: 138.0
[2024-10-06 22:21:08,820][INFO] Step 41: size: 41, coverage: 97.50%, cost: 148.0
[2024-10-06 22:21:08,824][INFO] Step 42: size: 42, coverage: 98.00%, cost: 155.0
[2024-10-06 22:21:08,827][INFO] Step 43: size: 43, coverage: 98.50%, cost: 163.0
[2024-10-06 22:21:08,831][INFO] Step 44: size: 44, coverage: 99.00%, cost: 172.0
[2024-10-06 22:21:08,834][INFO] Step 45: size: 45, coverage: 99.50%, cost: 181.0
[2024-10-06 22:21:08,838][INFO] Step 46: size: 46, coverage: 100.00%, cost: 196.0
[2024-10-06 22:21:08,838][INFO] Size: 46 -> 44
[2024-10-06 22:21:08,838][INFO] Cost: 196.0 -> 191.0
[2024-10-08 22:46:09,191][INFO] Step 1: size: 1, coverage: 8.00%, cost: 1.0
[2024-10-08 22:46:09,195][INFO] Step 2: size: 2, coverage: 13.00%, cost: 2.0
[2024-10-08 22:46:09,198][INFO] Step 3: size: 3, coverage: 16.50%, cost: 3.0
[2024-10-08 22:46:09,201][INFO] Step 4: size: 4, coverage: 19.50%, cost: 4.0
[2024-10-08 22:46:09,205][INFO] Step 5: size: 5, coverage: 25.00%, cost: 6.0
[2024-10-08 22:46:09,208][INFO] Step 6: size: 6, coverage: 27.50%, cost: 7.0
[2024-10-08 22:46:09,211][INFO] Step 7: size: 7, coverage: 32.50%, cost: 9.0
[2024-10-08 22:46:09,214][INFO] Step 8: size: 8, coverage: 34.50%, cost: 10.0
[2024-10-08 22:46:09,218][INFO] Step 9: size: 9, coverage: 38.50%, cost: 12.0
[2024-10-08 22:46:09,221][INFO] Step 10: size: 10, coverage: 44.00%, cost: 15.0
[2024-10-08 22:46:09,224][INFO] Step 11: size: 11, coverage: 47.50%, cost: 17.0
[2024-10-08 22:46:09,227][INFO] Step 12: size: 12, coverage: 51.50%, cost: 20.0
[2024-10-08 22:46:09,230][INFO] Step 13: size: 13, coverage: 54.00%, cost: 22.0
[2024-10-08 22:46:09,234][INFO] Step 14: size: 14, coverage: 55.00%, cost: 23.0
[2024-10-08 22:46:09,237][INFO] Step 15: size: 15, coverage: 58.50%, cost: 27.0
[2024-10-08 22:46:09,241][INFO] Step 16: size: 16, coverage: 61.00%, cost: 30.0
[2024-10-08 22:46:09,244][INFO] Step 17: size: 17, coverage: 63.50%, cost: 33.0
[2024-10-08 22:46:09,248][INFO] Step 18: size: 18, coverage: 66.00%, cost: 36.0
[2024-10-08 22:46:09,252][INFO] Step 19: size: 19, coverage: 67.50%, cost: 38.0
[2024-10-08 22:46:09,257][INFO] Step 20: size: 20, coverage: 69.50%, cost: 41.0
[2024-10-08 22:46:09,261][INFO] Step 21: size: 21, coverage: 71.50%, cost: 44.0
[2024-10-08 22:46:09,265][INFO] Step 22: size: 22, coverage: 74.00%, cost: 48.0
[2024-10-08 22:46:09,268][INFO] Step 23: size: 23, coverage: 75.00%, cost: 50.0
[2024-10-08 22:46:09,272][INFO] Step 24: size: 24, coverage: 76.00%, cost: 52.0
[2024-10-08 22:46:09,276][INFO] Step 25: size: 25, coverage: 77.50%, cost: 55.0
[2024-10-08 22:46:09,279][INFO] Step 26: size: 26, coverage: 79.50%, cost: 60.0
[2024-10-08 22:46:09,283][INFO] Step 27: size: 27, coverage: 81.00%, cost: 64.0
[2024-10-08 22:46:09,286][INFO] Step 28: size: 28, coverage: 83.50%, cost: 71.0
[2024-10-08 22:46:09,290][INFO] Step 29: size: 29, coverage: 84.50%, cost: 74.0
[2024-10-08 22:46:09,293][INFO] Step 30: size: 30, coverage: 85.50%, cost: 77.0
[2024-10-08 22:46:09,297][INFO] Step 31: size: 31, coverage: 87.50%, cost: 83.0
[2024-10-08 22:46:09,300][INFO] Step 32: size: 32, coverage: 89.00%, cost: 88.0
[2024-10-08 22:46:09,304][INFO] Step 33: size: 33, coverage: 90.50%, cost: 95.0
[2024-10-08 22:46:09,308][INFO] Step 34: size: 34, coverage: 93.00%, cost: 107.0
[2024-10-08 22:46:09,311][INFO] Step 35: size: 35, coverage: 93.50%, cost: 111.0
[2024-10-08 22:46:09,315][INFO] Step 36: size: 36, coverage: 94.00%, cost: 115.0
[2024-10-08 22:46:09,319][INFO] Step 37: size: 37, coverage: 95.00%, cost: 123.0
[2024-10-08 22:46:09,323][INFO] Step 38: size: 38, coverage: 95.50%, cost: 128.0
[2024-10-08 22:46:09,327][INFO] Step 39: size: 39, coverage: 96.00%, cost: 133.0
[2024-10-08 22:46:09,331][INFO] Step 40: size: 40, coverage: 96.50%, cost: 138.0
[2024-10-08 22:46:09,335][INFO] Step 41: size: 41, coverage: 97.50%, cost: 148.0
[2024-10-08 22:46:09,339][INFO] Step 42: size: 42, coverage: 98.00%, cost: 155.0
[2024-10-08 22:46:09,343][INFO] Step 43: size: 43, coverage: 98.50%, cost: 163.0
[2024-10-08 22:46:09,347][INFO] Step 44: size: 44, coverage: 99.00%, cost: 172.0
[2024-10-08 22:46:09,351][INFO] Step 45: size: 45, coverage: 99.50%, cost: 181.0
[2024-10-08 22:46:09,355][INFO] Step 46: size: 46, coverage: 100.00%, cost: 196.0
[2024-10-08 22:46:09,356][INFO] Size: 46 -> 44
[2024-10-08 22:46:09,356][INFO] Cost: 196.0 -> 191.0
[2024-10-08 23:00:52,596][INFO] Step 1: size: 1, coverage: 8.00%, cost: 1.0
[2024-10-08 23:00:52,599][INFO] Step 2: size: 2, coverage: 13.00%, cost: 2.0
[2024-10-08 23:00:52,602][INFO] Step 3: size: 3, coverage: 16.50%, cost: 3.0
[2024-10-08 23:00:52,606][INFO] Step 4: size: 4, coverage: 19.50%, cost: 4.0
[2024-10-08 23:00:52,609][INFO] Step 5: size: 5, coverage: 25.00%, cost: 6.0
[2024-10-08 23:00:52,612][INFO] Step 6: size: 6, coverage: 27.50%, cost: 7.0
[2024-10-08 23:00:52,616][INFO] Step 7: size: 7, coverage: 32.50%, cost: 9.0
[2024-10-08 23:00:52,619][INFO] Step 8: size: 8, coverage: 34.50%, cost: 10.0
[2024-10-08 23:00:52,622][INFO] Step 9: size: 9, coverage: 38.50%, cost: 12.0
[2024-10-08 23:00:52,626][INFO] Step 10: size: 10, coverage: 44.00%, cost: 15.0
[2024-10-08 23:00:52,629][INFO] Step 11: size: 11, coverage: 47.50%, cost: 17.0
[2024-10-08 23:00:52,632][INFO] Step 12: size: 12, coverage: 51.50%, cost: 20.0
[2024-10-08 23:00:52,635][INFO] Step 13: size: 13, coverage: 54.00%, cost: 22.0
[2024-10-08 23:00:52,639][INFO] Step 14: size: 14, coverage: 55.00%, cost: 23.0
[2024-10-08 23:00:52,642][INFO] Step 15: size: 15, coverage: 58.50%, cost: 27.0
[2024-10-08 23:00:52,645][INFO] Step 16: size: 16, coverage: 61.00%, cost: 30.0
[2024-10-08 23:00:52,648][INFO] Step 17: size: 17, coverage: 63.50%, cost: 33.0
[2024-10-08 23:00:52,652][INFO] Step 18: size: 18, coverage: 66.00%, cost: 36.0
[2024-10-08 23:00:52,655][INFO] Step 19: size: 19, coverage: 67.50%, cost: 38.0
[2024-10-08 23:00:52,658][INFO] Step 20: size: 20, coverage: 69.50%, cost: 41.0
[2024-10-08 23:00:52,662][INFO] Step 21: size: 21, coverage: 71.50%, cost: 44.0
[2024-10-08 23:00:52,665][INFO] Step 22: size: 22, coverage: 74.00%, cost: 48.0
[2024-10-08 23:00:52,668][INFO] Step 23: size: 23, coverage: 75.00%, cost: 50.0
[2024-10-08 23:00:52,671][INFO] Step 24: size: 24, coverage: 76.00%, cost: 52.0
[2024-10-08 23:00:52,675][INFO] Step 25: size: 25, coverage: 77.50%, cost: 55.0
[2024-10-08 23:00:52,678][INFO] Step 26: size: 26, coverage: 79.50%, cost: 60.0
[2024-10-08 23:00:52,681][INFO] Step 27: size: 27, coverage: 81.00%, cost: 64.0
[2024-10-08 23:00:52,685][INFO] Step 28: size: 28, coverage: 83.50%, cost: 71.0
[2024-10-08 23:00:52,688][INFO] Step 29: size: 29, coverage: 84.50%, cost: 74.0
[2024-10-08 23:00:52,692][INFO] Step 30: size: 30, coverage: 85.50%, cost: 77.0
[2024-10-08 23:00:52,695][INFO] Step 31: size: 31, coverage: 87.50%, cost: 83.0
[2024-10-08 23:00:52,698][INFO] Step 32: size: 32, coverage: 89.00%, cost: 88.0
[2024-10-08 23:00:52,702][INFO] Step 33: size: 33, coverage: 90.50%, cost: 95.0
[2024-10-08 23:00:52,705][INFO] Step 34: size: 34, coverage: 93.00%, cost: 107.0
[2024-10-08 23:00:52,709][INFO] Step 35: size: 35, coverage: 93.50%, cost: 111.0
[2024-10-08 23:00:52,712][INFO] Step 36: size: 36, coverage: 94.00%, cost: 115.0
[2024-10-08 23:00:52,716][INFO] Step 37: size: 37, coverage: 95.00%, cost: 123.0
[2024-10-08 23:00:52,719][INFO] Step 38: size: 38, coverage: 95.50%, cost: 128.0
[2024-10-08 23:00:52,723][INFO] Step 39: size: 39, coverage: 96.00%, cost: 133.0
[2024-10-08 23:00:52,726][INFO] Step 40: size: 40, coverage: 96.50%, cost: 138.0
[2024-10-08 23:00:52,731][INFO] Step 41: size: 41, coverage: 97.50%, cost: 148.0
[2024-10-08 23:00:52,735][INFO] Step 42: size: 42, coverage: 98.00%, cost: 155.0
[2024-10-08 23:00:52,740][INFO] Step 43: size: 43, coverage: 98.50%, cost: 163.0
[2024-10-08 23:00:52,744][INFO] Step 44: size: 44, coverage: 99.00%, cost: 172.0
[2024-10-08 23:00:52,750][INFO] Step 45: size: 45, coverage: 99.50%, cost: 181.0
[2024-10-08 23:00:52,754][INFO] Step 46: size: 46, coverage: 100.00%, cost: 196.0
[2024-10-08 23:00:52,755][INFO] Size: 46 -> 44
[2024-10-08 23:00:52,755][INFO] Cost: 196.0 -> 191.0
[2024-10-08 23:02:28,584][INFO] Step 1: size: 1, coverage: 8.00%, cost: 1.0
[2024-10-08 23:02:28,587][INFO] Step 2: size: 2, coverage: 13.00%, cost: 2.0
[2024-10-08 23:02:28,590][INFO] Step 3: size: 3, coverage: 16.50%, cost: 3.0
[2024-10-08 23:02:28,593][INFO] Step 4: size: 4, coverage: 19.50%, cost: 4.0
[2024-10-08 23:02:28,596][INFO] Step 5: size: 5, coverage: 25.00%, cost: 6.0
[2024-10-08 23:02:28,599][INFO] Step 6: size: 6, coverage: 27.50%, cost: 7.0
[2024-10-08 23:02:28,603][INFO] Step 7: size: 7, coverage: 32.50%, cost: 9.0
[2024-10-08 23:02:28,606][INFO] Step 8: size: 8, coverage: 34.50%, cost: 10.0
[2024-10-08 23:02:28,609][INFO] Step 9: size: 9, coverage: 38.50%, cost: 12.0
[2024-10-08 23:02:28,612][INFO] Step 10: size: 10, coverage: 44.00%, cost: 15.0
[2024-10-08 23:02:28,615][INFO] Step 11: size: 11, coverage: 47.50%, cost: 17.0
[2024-10-08 23:02:28,618][INFO] Step 12: size: 12, coverage: 51.50%, cost: 20.0
[2024-10-08 23:02:28,622][INFO] Step 13: size: 13, coverage: 54.00%, cost: 22.0
[2024-10-08 23:02:28,625][INFO] Step 14: size: 14, coverage: 55.00%, cost: 23.0
[2024-10-08 23:02:28,628][INFO] Step 15: size: 15, coverage: 58.50%, cost: 27.0
[2024-10-08 23:02:28,631][INFO] Step 16: size: 16, coverage: 61.00%, cost: 30.0
[2024-10-08 23:02:28,634][INFO] Step 17: size: 17, coverage: 63.50%, cost: 33.0
[2024-10-08 23:02:28,637][INFO] Step 18: size: 18, coverage: 66.00%, cost: 36.0
[2024-10-08 23:02:28,640][INFO] Step 19: size: 19, coverage: 67.50%, cost: 38.0
[2024-10-08 23:02:28,644][INFO] Step 20: size: 20, coverage: 69.50%, cost: 41.0
[2024-10-08 23:02:28,647][INFO] Step 21: size: 21, coverage: 71.50%, cost: 44.0
[2024-10-08 23:02:28,650][INFO] Step 22: size: 22, coverage: 74.00%, cost: 48.0
[2024-10-08 23:02:28,653][INFO] Step 23: size: 23, coverage: 75.00%, cost: 50.0
[2024-10-08 23:02:28,656][INFO] Step 24: size: 24, coverage: 76.00%, cost: 52.0
[2024-10-08 23:02:28,659][INFO] Step 25: size: 25, coverage: 77.50%, cost: 55.0
[2024-10-08 23:02:28,663][INFO] Step 26: size: 26, coverage: 79.50%, cost: 60.0
[2024-10-08 23:02:28,666][INFO] Step 27: size: 27, coverage: 81.00%, cost: 64.0
[2024-10-08 23:02:28,669][INFO] Step 28: size: 28, coverage: 83.50%, cost: 71.0
[2024-10-08 23:02:28,672][INFO] Step 29: size: 29, coverage: 84.50%, cost: 74.0
[2024-10-08 23:02:28,676][INFO] Step 30: size: 30, coverage: 85.50%, cost: 77.0
[2024-10-08 23:02:28,679][INFO] Step 31: size: 31, coverage: 87.50%, cost: 83.0
[2024-10-08 23:02:28,682][INFO] Step 32: size: 32, coverage: 89.00%, cost: 88.0
[2024-10-08 23:02:28,685][INFO] Step 33: size: 33, coverage: 90.50%, cost: 95.0
[2024-10-08 23:02:28,689][INFO] Step 34: size: 34, coverage: 93.00%, cost: 107.0
[2024-10-08 23:02:28,692][INFO] Step 35: size: 35, coverage: 93.50%, cost: 111.0
[2024-10-08 23:02:28,695][INFO] Step 36: size: 36, coverage: 94.00%, cost: 115.0
[2024-10-08 23:02:28,699][INFO] Step 37: size: 37, coverage: 95.00%, cost: 123.0
[2024-10-08 23:02:28,702][INFO] Step 38: size: 38, coverage: 95.50%, cost: 128.0
[2024-10-08 23:02:28,705][INFO] Step 39: size: 39, coverage: 96.00%, cost: 133.0
[2024-10-08 23:02:28,709][INFO] Step 40: size: 40, coverage: 96.50%, cost: 138.0
[2024-10-08 23:02:28,712][INFO] Step 41: size: 41, coverage: 97.50%, cost: 148.0
[2024-10-08 23:02:28,716][INFO] Step 42: size: 42, coverage: 98.00%, cost: 155.0
[2024-10-08 23:02:28,719][INFO] Step 43: size: 43, coverage: 98.50%, cost: 163.0
[2024-10-08 23:02:28,723][INFO] Step 44: size: 44, coverage: 99.00%, cost: 172.0
[2024-10-08 23:02:28,726][INFO] Step 45: size: 45, coverage: 99.50%, cost: 181.0
[2024-10-08 23:02:28,730][INFO] Step 46: size: 46, coverage: 100.00%, cost: 196.0
[2024-10-08 23:02:28,730][INFO] Size: 46 -> 44
[2024-10-08 23:02:28,730][INFO] Cost: 196.0 -> 191.0
[2024-10-08 23:07:22,443][INFO] Step 1: size: 1, coverage: 8.00%, cost: 1.0
[2024-10-08 23:07:22,447][INFO] Step 2: size: 2, coverage: 13.00%, cost: 2.0
[2024-10-08 23:07:22,450][INFO] Step 3: size: 3, coverage: 16.50%, cost: 3.0
[2024-10-08 23:07:22,453][INFO] Step 4: size: 4, coverage: 19.50%, cost: 4.0
[2024-10-08 23:07:22,456][INFO] Step 5: size: 5, coverage: 25.00%, cost: 6.0
[2024-10-08 23:07:22,459][INFO] Step 6: size: 6, coverage: 27.50%, cost: 7.0
[2024-10-08 23:07:22,462][INFO] Step 7: size: 7, coverage: 32.50%, cost: 9.0
[2024-10-08 23:07:22,466][INFO] Step 8: size: 8, coverage: 34.50%, cost: 10.0
[2024-10-08 23:07:22,469][INFO] Step 9: size: 9, coverage: 38.50%, cost: 12.0
[2024-10-08 23:07:22,472][INFO] Step 10: size: 10, coverage: 44.00%, cost: 15.0
[2024-10-08 23:07:22,475][INFO] Step 11: size: 11, coverage: 47.50%, cost: 17.0
[2024-10-08 23:07:22,478][INFO] Step 12: size: 12, coverage: 51.50%, cost: 20.0
[2024-10-08 23:07:22,481][INFO] Step 13: size: 13, coverage: 54.00%, cost: 22.0
[2024-10-08 23:07:22,485][INFO] Step 14: size: 14, coverage: 55.00%, cost: 23.0
[2024-10-08 23:07:22,488][INFO] Step 15: size: 15, coverage: 58.50%, cost: 27.0
[2024-10-08 23:07:22,491][INFO] Step 16: size: 16, coverage: 61.00%, cost: 30.0
[2024-10-08 23:07:22,494][INFO] Step 17: size: 17, coverage: 63.50%, cost: 33.0
[2024-10-08 23:07:22,497][INFO] Step 18: size: 18, coverage: 66.00%, cost: 36.0
[2024-10-08 23:07:22,500][INFO] Step 19: size: 19, coverage: 67.50%, cost: 38.0
[2024-10-08 23:07:22,504][INFO] Step 20: size: 20, coverage: 69.50%, cost: 41.0
[2024-10-08 23:07:22,507][INFO] Step 21: size: 21, coverage: 71.50%, cost: 44.0
[2024-10-08 23:07:22,510][INFO] Step 22: size: 22, coverage: 74.00%, cost: 48.0
[2024-10-08 23:07:22,513][INFO] Step 23: size: 23, coverage: 75.00%, cost: 50.0
[2024-10-08 23:07:22,516][INFO] Step 24: size: 24, coverage: 76.00%, cost: 52.0
[2024-10-08 23:07:22,519][INFO] Step 25: size: 25, coverage: 77.50%, cost: 55.0
[2024-10-08 23:07:22,523][INFO] Step 26: size: 26, coverage: 79.50%, cost: 60.0
[2024-10-08 23:07:22,526][INFO] Step 27: size: 27, coverage: 81.00%, cost: 64.0
[2024-10-08 23:07:22,529][INFO] Step 28: size: 28, coverage: 83.50%, cost: 71.0
[2024-10-08 23:07:22,533][INFO] Step 29: size: 29, coverage: 84.50%, cost: 74.0
[2024-10-08 23:07:22,536][INFO] Step 30: size: 30, coverage: 85.50%, cost: 77.0
[2024-10-08 23:07:22,539][INFO] Step 31: size: 31, coverage: 87.50%, cost: 83.0
[2024-10-08 23:07:22,542][INFO] Step 32: size: 32, coverage: 89.00%, cost: 88.0
[2024-10-08 23:07:22,546][INFO] Step 33: size: 33, coverage: 90.50%, cost: 95.0
[2024-10-08 23:07:22,549][INFO] Step 34: size: 34, coverage: 93.00%, cost: 107.0
[2024-10-08 23:07:22,552][INFO] Step 35: size: 35, coverage: 93.50%, cost: 111.0
[2024-10-08 23:07:22,556][INFO] Step 36: size: 36, coverage: 94.00%, cost: 115.0
[2024-10-08 23:07:22,559][INFO] Step 37: size: 37, coverage: 95.00%, cost: 123.0
[2024-10-08 23:07:22,562][INFO] Step 38: size: 38, coverage: 95.50%, cost: 128.0
[2024-10-08 23:07:22,566][INFO] Step 39: size: 39, coverage: 96.00%, cost: 133.0
[2024-10-08 23:07:22,569][INFO] Step 40: size: 40, coverage: 96.50%, cost: 138.0
[2024-10-08 23:07:22,573][INFO] Step 41: size: 41, coverage: 97.50%, cost: 148.0
[2024-10-08 23:07:22,576][INFO] Step 42: size: 42, coverage: 98.00%, cost: 155.0
[2024-10-08 23:07:22,580][INFO] Step 43: size: 43, coverage: 98.50%, cost: 163.0
[2024-10-08 23:07:22,583][INFO] Step 44: size: 44, coverage: 99.00%, cost: 172.0
[2024-10-08 23:07:22,587][INFO] Step 45: size: 45, coverage: 99.50%, cost: 181.0
[2024-10-08 23:07:22,590][INFO] Step 46: size: 46, coverage: 100.00%, cost: 196.0
[2024-10-08 23:07:22,591][INFO] Size: 46 -> 44
[2024-10-08 23:07:22,591][INFO] Cost: 196.0 -> 191.0
[2024-10-13 15:17:46,650][INFO] Step 1: size: 1, coverage: 9.00%, cost: 16.0
[2024-10-13 15:17:46,654][INFO] Step 2: size: 2, coverage: 17.50%, cost: 41.0
[2024-10-13 15:17:46,657][INFO] Step 3: size: 3, coverage: 26.00%, cost: 91.0
[2024-10-13 15:17:46,660][INFO] Step 4: size: 4, coverage: 33.00%, cost: 98.0
[2024-10-13 15:17:46,663][INFO] Step 5: size: 5, coverage: 40.00%, cost: 108.0
[2024-10-13 15:17:46,666][INFO] Step 6: size: 6, coverage: 47.00%, cost: 206.0
[2024-10-13 15:17:46,669][INFO] Step 7: size: 7, coverage: 53.00%, cost: 231.0
[2024-10-13 15:17:46,673][INFO] Step 8: size: 8, coverage: 58.50%, cost: 241.0
[2024-10-13 15:17:46,676][INFO] Step 9: size: 9, coverage: 64.00%, cost: 271.0
[2024-10-13 15:17:46,679][INFO] Step 10: size: 10, coverage: 69.00%, cost: 314.0
[2024-10-13 15:17:46,682][INFO] Step 11: size: 11, coverage: 73.50%, cost: 369.0
[2024-10-13 15:17:46,685][INFO] Step 12: size: 12, coverage: 77.50%, cost: 461.0
[2024-10-13 15:17:46,688][INFO] Step 13: size: 13, coverage: 81.00%, cost: 471.0
[2024-10-13 15:17:46,691][INFO] Step 14: size: 14, coverage: 84.50%, cost: 556.0
[2024-10-13 15:17:46,694][INFO] Step 15: size: 15, coverage: 87.50%, cost: 601.0
[2024-10-13 15:17:46,697][INFO] Step 16: size: 16, coverage: 90.50%, cost: 674.0
[2024-10-13 15:17:46,701][INFO] Step 17: size: 17, coverage: 92.50%, cost: 687.0
[2024-10-13 15:17:46,704][INFO] Step 18: size: 18, coverage: 94.50%, cost: 730.0
[2024-10-13 15:17:46,707][INFO] Step 19: size: 19, coverage: 96.00%, cost: 741.0
[2024-10-13 15:17:46,710][INFO] Step 20: size: 20, coverage: 97.50%, cost: 757.0
[2024-10-13 15:17:46,713][INFO] Step 21: size: 21, coverage: 98.50%, cost: 763.0
[2024-10-13 15:17:46,717][INFO] Step 22: size: 22, coverage: 99.50%, cost: 813.0
[2024-10-13 15:17:46,720][INFO] Step 23: size: 23, coverage: 100.00%, cost: 815.0
[2024-10-13 15:17:46,720][INFO] Size: 23 -> 23
[2024-10-13 15:17:46,720][INFO] Cost: 815.0 -> 815.0
[2024-10-13 15:18:15,925][INFO] Step 1: size: 1, coverage: 9.00%, cost: 16.0
[2024-10-13 15:18:15,929][INFO] Step 2: size: 2, coverage: 17.50%, cost: 41.0
[2024-10-13 15:18:15,932][INFO] Step 3: size: 3, coverage: 26.00%, cost: 91.0
[2024-10-13 15:18:15,935][INFO] Step 4: size: 4, coverage: 33.00%, cost: 98.0
[2024-10-13 15:18:15,938][INFO] Step 5: size: 5, coverage: 40.00%, cost: 108.0
[2024-10-13 15:18:15,941][INFO] Step 6: size: 6, coverage: 47.00%, cost: 206.0
[2024-10-13 15:18:15,944][INFO] Step 7: size: 7, coverage: 53.00%, cost: 231.0
[2024-10-13 15:18:15,947][INFO] Step 8: size: 8, coverage: 58.50%, cost: 241.0
[2024-10-13 15:18:15,951][INFO] Step 9: size: 9, coverage: 64.00%, cost: 271.0
[2024-10-13 15:18:15,954][INFO] Step 10: size: 10, coverage: 69.00%, cost: 314.0
[2024-10-13 15:18:15,957][INFO] Step 11: size: 11, coverage: 73.50%, cost: 369.0
[2024-10-13 15:18:15,960][INFO] Step 12: size: 12, coverage: 77.50%, cost: 461.0
[2024-10-13 15:18:15,963][INFO] Step 13: size: 13, coverage: 81.00%, cost: 471.0
[2024-10-13 15:18:15,966][INFO] Step 14: size: 14, coverage: 84.50%, cost: 556.0
[2024-10-13 15:18:15,969][INFO] Step 15: size: 15, coverage: 87.50%, cost: 601.0
[2024-10-13 15:18:15,972][INFO] Step 16: size: 16, coverage: 90.50%, cost: 674.0
[2024-10-13 15:18:15,976][INFO] Step 17: size: 17, coverage: 92.50%, cost: 687.0
[2024-10-13 15:18:15,979][INFO] Step 18: size: 18, coverage: 94.50%, cost: 730.0
[2024-10-13 15:18:15,982][INFO] Step 19: size: 19, coverage: 96.00%, cost: 741.0
[2024-10-13 15:18:15,985][INFO] Step 20: size: 20, coverage: 97.50%, cost: 757.0
[2024-10-13 15:18:15,988][INFO] Step 21: size: 21, coverage: 98.50%, cost: 763.0
[2024-10-13 15:18:15,992][INFO] Step 22: size: 22, coverage: 99.50%, cost: 813.0
[2024-10-13 15:18:15,995][INFO] Step 23: size: 23, coverage: 100.00%, cost: 815.0
[2024-10-13 15:18:15,995][INFO] Size: 23 -> 23
[2024-10-13 15:18:15,995][INFO] Cost: 815.0 -> 815.0
[2024-10-13 15:22:51,564][INFO] Step 1: size: 1, coverage: 9.00%, cost: 16.0
[2024-10-13 15:22:51,567][INFO] Step 2: size: 2, coverage: 17.50%, cost: 41.0
[2024-10-13 15:22:51,570][INFO] Step 3: size: 3, coverage: 26.00%, cost: 91.0
[2024-10-13 15:22:51,573][INFO] Step 4: size: 4, coverage: 33.00%, cost: 98.0
[2024-10-13 15:22:51,577][INFO] Step 5: size: 5, coverage: 40.00%, cost: 108.0
[2024-10-13 15:22:51,580][INFO] Step 6: size: 6, coverage: 47.00%, cost: 206.0
[2024-10-13 15:22:51,583][INFO] Step 7: size: 7, coverage: 53.00%, cost: 231.0
[2024-10-13 15:22:51,586][INFO] Step 8: size: 8, coverage: 58.50%, cost: 241.0
[2024-10-13 15:22:51,589][INFO] Step 9: size: 9, coverage: 64.00%, cost: 271.0
[2024-10-13 15:22:51,592][INFO] Step 10: size: 10, coverage: 69.00%, cost: 314.0
[2024-10-13 15:22:51,595][INFO] Step 11: size: 11, coverage: 73.50%, cost: 369.0
[2024-10-13 15:22:51,598][INFO] Step 12: size: 12, coverage: 77.50%, cost: 461.0
[2024-10-13 15:22:51,601][INFO] Step 13: size: 13, coverage: 81.00%, cost: 471.0
[2024-10-13 15:22:51,604][INFO] Step 14: size: 14, coverage: 84.50%, cost: 556.0
[2024-10-13 15:22:51,607][INFO] Step 15: size: 15, coverage: 87.50%, cost: 601.0
[2024-10-13 15:22:51,610][INFO] Step 16: size: 16, coverage: 90.50%, cost: 674.0
[2024-10-13 15:22:51,613][INFO] Step 17: size: 17, coverage: 92.50%, cost: 687.0
[2024-10-13 15:22:51,616][INFO] Step 18: size: 18, coverage: 94.50%, cost: 730.0
[2024-10-13 15:22:51,620][INFO] Step 19: size: 19, coverage: 96.00%, cost: 741.0
[2024-10-13 15:22:51,623][INFO] Step 20: size: 20, coverage: 97.50%, cost: 757.0
[2024-10-13 15:22:51,626][INFO] Step 21: size: 21, coverage: 98.50%, cost: 763.0
[2024-10-13 15:22:51,629][INFO] Step 22: size: 22, coverage: 99.50%, cost: 813.0
[2024-10-13 15:22:51,632][INFO] Step 23: size: 23, coverage: 100.00%, cost: 815.0
[2024-10-13 15:22:51,633][INFO] Size: 23 -> 23
[2024-10-13 15:22:51,633][INFO] Cost: 815.0 -> 815.0
[2024-10-13 15:24:42,999][INFO] Step 1: size: 1, coverage: 9.00%, cost: 16.0
[2024-10-13 15:24:43,002][INFO] Step 2: size: 2, coverage: 17.50%, cost: 41.0
[2024-10-13 15:24:43,005][INFO] Step 3: size: 3, coverage: 26.00%, cost: 91.0
[2024-10-13 15:24:43,008][INFO] Step 4: size: 4, coverage: 33.00%, cost: 98.0
[2024-10-13 15:24:43,012][INFO] Step 5: size: 5, coverage: 40.00%, cost: 108.0
[2024-10-13 15:24:43,015][INFO] Step 6: size: 6, coverage: 47.00%, cost: 206.0
[2024-10-13 15:24:43,018][INFO] Step 7: size: 7, coverage: 53.00%, cost: 231.0
[2024-10-13 15:24:43,021][INFO] Step 8: size: 8, coverage: 58.50%, cost: 241.0
[2024-10-13 15:24:43,024][INFO] Step 9: size: 9, coverage: 64.00%, cost: 271.0
[2024-10-13 15:24:43,027][INFO] Step 10: size: 10, coverage: 69.00%, cost: 314.0
[2024-10-13 15:24:43,030][INFO] Step 11: size: 11, coverage: 73.50%, cost: 369.0
[2024-10-13 15:24:43,033][INFO] Step 12: size: 12, coverage: 77.50%, cost: 461.0
[2024-10-13 15:24:43,036][INFO] Step 13: size: 13, coverage: 81.00%, cost: 471.0
[2024-10-13 15:24:43,039][INFO] Step 14: size: 14, coverage: 84.50%, cost: 556.0
[2024-10-13 15:24:43,042][INFO] Step 15: size: 15, coverage: 87.50%, cost: 601.0
[2024-10-13 15:24:43,045][INFO] Step 16: size: 16, coverage: 90.50%, cost: 674.0
[2024-10-13 15:24:43,049][INFO] Step 17: size: 17, coverage: 92.50%, cost: 687.0
[2024-10-13 15:24:43,052][INFO] Step 18: size: 18, coverage: 94.50%, cost: 730.0
[2024-10-13 15:24:43,055][INFO] Step 19: size: 19, coverage: 96.00%, cost: 741.0
[2024-10-13 15:24:43,058][INFO] Step 20: size: 20, coverage: 97.50%, cost: 757.0
[2024-10-13 15:24:43,061][INFO] Step 21: size: 21, coverage: 98.50%, cost: 763.0
[2024-10-13 15:24:43,064][INFO] Step 22: size: 22, coverage: 99.50%, cost: 813.0
[2024-10-13 15:24:43,068][INFO] Step 23: size: 23, coverage: 100.00%, cost: 815.0
[2024-10-13 15:24:43,068][INFO] Size: 23 -> 23
[2024-10-13 15:24:43,068][INFO] Cost: 815.0 -> 815.0
[2024-10-13 15:30:41,978][INFO] Step 1: size: 1, coverage: 9.00%, cost: 16.0
[2024-10-13 15:30:41,981][INFO] Step 2: size: 2, coverage: 17.50%, cost: 41.0
[2024-10-13 15:30:41,984][INFO] Step 3: size: 3, coverage: 26.00%, cost: 91.0
[2024-10-13 15:30:41,987][INFO] Step 4: size: 4, coverage: 33.00%, cost: 98.0
[2024-10-13 15:30:41,990][INFO] Step 5: size: 5, coverage: 40.00%, cost: 108.0
[2024-10-13 15:30:41,993][INFO] Step 6: size: 6, coverage: 47.00%, cost: 206.0
[2024-10-13 15:30:41,996][INFO] Step 7: size: 7, coverage: 53.00%, cost: 231.0
[2024-10-13 15:30:41,999][INFO] Step 8: size: 8, coverage: 58.50%, cost: 241.0
[2024-10-13 15:30:42,002][INFO] Step 9: size: 9, coverage: 64.00%, cost: 271.0
[2024-10-13 15:30:42,006][INFO] Step 10: size: 10, coverage: 69.00%, cost: 314.0
[2024-10-13 15:30:42,009][INFO] Step 11: size: 11, coverage: 73.50%, cost: 369.0
[2024-10-13 15:30:42,012][INFO] Step 12: size: 12, coverage: 77.50%, cost: 461.0
[2024-10-13 15:30:42,015][INFO] Step 13: size: 13, coverage: 81.00%, cost: 471.0
[2024-10-13 15:30:42,018][INFO] Step 14: size: 14, coverage: 84.50%, cost: 556.0
[2024-10-13 15:30:42,021][INFO] Step 15: size: 15, coverage: 87.50%, cost: 601.0
[2024-10-13 15:30:42,024][INFO] Step 16: size: 16, coverage: 90.50%, cost: 674.0
[2024-10-13 15:30:42,027][INFO] Step 17: size: 17, coverage: 92.50%, cost: 687.0
[2024-10-13 15:30:42,030][INFO] Step 18: size: 18, coverage: 94.50%, cost: 730.0
[2024-10-13 15:30:42,033][INFO] Step 19: size: 19, coverage: 96.00%, cost: 741.0
[2024-10-13 15:30:42,037][INFO] Step 20: size: 20, coverage: 97.50%, cost: 757.0
[2024-10-13 15:30:42,040][INFO] Step 21: size: 21, coverage: 98.50%, cost: 763.0
[2024-10-13 15:30:42,043][INFO] Step 22: size: 22, coverage: 99.50%, cost: 813.0
[2024-10-13 15:30:42,046][INFO] Step 23: size: 23, coverage: 100.00%, cost: 815.0
[2024-10-13 15:30:42,047][INFO] Size: 23 -> 23
[2024-10-13 15:30:42,047][INFO] Cost: 815.0 -> 815.0
[2024-10-13 15:36:06,854][INFO] Step 1: size: 1, coverage: 9.00%, cost: 16.0
[2024-10-13 15:36:06,857][INFO] Step 2: size: 2, coverage: 17.50%, cost: 41.0
[2024-10-13 15:36:06,860][INFO] Step 3: size: 3, coverage: 26.00%, cost: 91.0
[2024-10-13 15:36:06,864][INFO] Step 4: size: 4, coverage: 33.00%, cost: 98.0
[2024-10-13 15:36:06,867][INFO] Step 5: size: 5, coverage: 40.00%, cost: 108.0
[2024-10-13 15:36:06,870][INFO] Step 6: size: 6, coverage: 47.00%, cost: 206.0
[2024-10-13 15:36:06,873][INFO] Step 7: size: 7, coverage: 53.00%, cost: 231.0
[2024-10-13 15:36:06,876][INFO] Step 8: size: 8, coverage: 58.50%, cost: 241.0
[2024-10-13 15:36:06,879][INFO] Step 9: size: 9, coverage: 64.00%, cost: 271.0
[2024-10-13 15:36:06,882][INFO] Step 10: size: 10, coverage: 69.00%, cost: 314.0
[2024-10-13 15:36:06,885][INFO] Step 11: size: 11, coverage: 73.50%, cost: 369.0
[2024-10-13 15:36:06,888][INFO] Step 12: size: 12, coverage: 77.50%, cost: 461.0
[2024-10-13 15:36:06,891][INFO] Step 13: size: 13, coverage: 81.00%, cost: 471.0
[2024-10-13 15:36:06,894][INFO] Step 14: size: 14, coverage: 84.50%, cost: 556.0
[2024-10-13 15:36:06,898][INFO] Step 15: size: 15, coverage: 87.50%, cost: 601.0
[2024-10-13 15:36:06,901][INFO] Step 16: size: 16, coverage: 90.50%, cost: 674.0
[2024-10-13 15:36:06,904][INFO] Step 17: size: 17, coverage: 92.50%, cost: 687.0
[2024-10-13 15:36:06,907][INFO] Step 18: size: 18, coverage: 94.50%, cost: 730.0
[2024-10-13 15:36:06,910][INFO] Step 19: size: 19, coverage: 96.00%, cost: 741.0
[2024-10-13 15:36:06,913][INFO] Step 20: size: 20, coverage: 97.50%, cost: 757.0
[2024-10-13 15:36:06,917][INFO] Step 21: size: 21, coverage: 98.50%, cost: 763.0
[2024-10-13 15:36:06,920][INFO] Step 22: size: 22, coverage: 99.50%, cost: 813.0
[2024-10-13 15:36:06,923][INFO] Step 23: size: 23, coverage: 100.00%, cost: 815.0
[2024-10-13 15:36:06,923][INFO] Size: 23 -> 23
[2024-10-13 15:36:06,923][INFO] Cost: 815.0 -> 815.0
[2024-10-13 15:39:18,483][INFO] Step 1: size: 1, coverage: 8.00%, cost: 1.0
[2024-10-13 15:39:18,486][INFO] Step 2: size: 2, coverage: 13.00%, cost: 2.0
[2024-10-13 15:39:18,489][INFO] Step 3: size: 3, coverage: 16.50%, cost: 3.0
[2024-10-13 15:39:18,493][INFO] Step 4: size: 4, coverage: 19.50%, cost: 4.0
[2024-10-13 15:39:18,496][INFO] Step 5: size: 5, coverage: 25.00%, cost: 6.0
[2024-10-13 15:39:18,499][INFO] Step 6: size: 6, coverage: 27.50%, cost: 7.0
[2024-10-13 15:39:18,502][INFO] Step 7: size: 7, coverage: 32.50%, cost: 9.0
[2024-10-13 15:39:18,505][INFO] Step 8: size: 8, coverage: 34.50%, cost: 10.0
[2024-10-13 15:39:18,509][INFO] Step 9: size: 9, coverage: 38.50%, cost: 12.0
[2024-10-13 15:39:18,512][INFO] Step 10: size: 10, coverage: 44.00%, cost: 15.0
[2024-10-13 15:39:18,515][INFO] Step 11: size: 11, coverage: 47.50%, cost: 17.0
[2024-10-13 15:39:18,518][INFO] Step 12: size: 12, coverage: 51.50%, cost: 20.0
[2024-10-13 15:39:18,521][INFO] Step 13: size: 13, coverage: 54.00%, cost: 22.0
[2024-10-13 15:39:18,524][INFO] Step 14: size: 14, coverage: 55.00%, cost: 23.0
[2024-10-13 15:39:18,527][INFO] Step 15: size: 15, coverage: 58.50%, cost: 27.0
[2024-10-13 15:39:18,530][INFO] Step 16: size: 16, coverage: 61.00%, cost: 30.0
[2024-10-13 15:39:18,534][INFO] Step 17: size: 17, coverage: 63.50%, cost: 33.0
[2024-10-13 15:39:18,537][INFO] Step 18: size: 18, coverage: 66.00%, cost: 36.0
[2024-10-13 15:39:18,540][INFO] Step 19: size: 19, coverage: 67.50%, cost: 38.0
[2024-10-13 15:39:18,543][INFO] Step 20: size: 20, coverage: 69.50%, cost: 41.0
[2024-10-13 15:39:18,546][INFO] Step 21: size: 21, coverage: 71.50%, cost: 44.0
[2024-10-13 15:39:18,549][INFO] Step 22: size: 22, coverage: 74.00%, cost: 48.0
[2024-10-13 15:39:18,553][INFO] Step 23: size: 23, coverage: 75.00%, cost: 50.0
[2024-10-13 15:39:18,556][INFO] Step 24: size: 24, coverage: 76.00%, cost: 52.0
[2024-10-13 15:39:18,559][INFO] Step 25: size: 25, coverage: 77.50%, cost: 55.0
[2024-10-13 15:39:18,562][INFO] Step 26: size: 26, coverage: 79.50%, cost: 60.0
[2024-10-13 15:39:18,565][INFO] Step 27: size: 27, coverage: 81.00%, cost: 64.0
[2024-10-13 15:39:18,569][INFO] Step 28: size: 28, coverage: 83.50%, cost: 71.0
[2024-10-13 15:39:18,572][INFO] Step 29: size: 29, coverage: 84.50%, cost: 74.0
[2024-10-13 15:39:18,575][INFO] Step 30: size: 30, coverage: 85.50%, cost: 77.0
[2024-10-13 15:39:18,579][INFO] Step 31: size: 31, coverage: 87.50%, cost: 83.0
[2024-10-13 15:39:18,582][INFO] Step 32: size: 32, coverage: 89.00%, cost: 88.0
[2024-10-13 15:39:18,586][INFO] Step 33: size: 33, coverage: 90.50%, cost: 95.0
[2024-10-13 15:39:18,590][INFO] Step 34: size: 34, coverage: 93.00%, cost: 107.0
[2024-10-13 15:39:18,593][INFO] Step 35: size: 35, coverage: 93.50%, cost: 111.0
[2024-10-13 15:39:18,596][INFO] Step 36: size: 36, coverage: 94.00%, cost: 115.0
[2024-10-13 15:39:18,600][INFO] Step 37: size: 37, coverage: 95.00%, cost: 123.0
[2024-10-13 15:39:18,603][INFO] Step 38: size: 38, coverage: 95.50%, cost: 128.0
[2024-10-13 15:39:18,606][INFO] Step 39: size: 39, coverage: 96.00%, cost: 133.0
[2024-10-13 15:39:18,610][INFO] Step 40: size: 40, coverage: 96.50%, cost: 138.0
[2024-10-13 15:39:18,613][INFO] Step 41: size: 41, coverage: 97.50%, cost: 148.0
[2024-10-13 15:39:18,617][INFO] Step 42: size: 42, coverage: 98.00%, cost: 155.0
[2024-10-13 15:39:18,620][INFO] Step 43: size: 43, coverage: 98.50%, cost: 163.0
[2024-10-13 15:39:18,624][INFO] Step 44: size: 44, coverage: 99.00%, cost: 172.0
[2024-10-13 15:39:18,627][INFO] Step 45: size: 45, coverage: 99.50%, cost: 181.0
[2024-10-13 15:39:18,631][INFO] Step 46: size: 46, coverage: 100.00%, cost: 196.0
[2024-10-13 15:39:18,631][INFO] Size: 46 -> 44
[2024-10-13 15:39:18,631][INFO] Cost: 196.0 -> 191.0
[2024-10-13 15:58:04,008][INFO] Step 1: size: 1, coverage: 8.00%, cost: 1.0
[2024-10-13 15:58:04,012][INFO] Step 2: size: 2, coverage: 13.00%, cost: 2.0
[2024-10-13 15:58:04,015][INFO] Step 3: size: 3, coverage: 16.50%, cost: 3.0
[2024-10-13 15:58:04,018][INFO] Step 4: size: 4, coverage: 19.50%, cost: 4.0
[2024-10-13 15:58:04,022][INFO] Step 5: size: 5, coverage: 25.00%, cost: 6.0
[2024-10-13 15:58:04,025][INFO] Step 6: size: 6, coverage: 27.50%, cost: 7.0
[2024-10-13 15:58:04,028][INFO] Step 7: size: 7, coverage: 32.50%, cost: 9.0
[2024-10-13 15:58:04,032][INFO] Step 8: size: 8, coverage: 34.50%, cost: 10.0
[2024-10-13 15:58:04,035][INFO] Step 9: size: 9, coverage: 38.50%, cost: 12.0
[2024-10-13 15:58:04,038][INFO] Step 10: size: 10, coverage: 44.00%, cost: 15.0
[2024-10-13 15:58:04,042][INFO] Step 11: size: 11, coverage: 47.50%, cost: 17.0
[2024-10-13 15:58:04,045][INFO] Step 12: size: 12, coverage: 51.50%, cost: 20.0
[2024-10-13 15:58:04,049][INFO] Step 13: size: 13, coverage: 54.00%, cost: 22.0
[2024-10-13 15:58:04,052][INFO] Step 14: size: 14, coverage: 55.00%, cost: 23.0
[2024-10-13 15:58:04,055][INFO] Step 15: size: 15, coverage: 58.50%, cost: 27.0
[2024-10-13 15:58:04,059][INFO] Step 16: size: 16, coverage: 61.00%, cost: 30.0
[2024-10-13 15:58:04,062][INFO] Step 17: size: 17, coverage: 63.50%, cost: 33.0
[2024-10-13 15:58:04,065][INFO] Step 18: size: 18, coverage: 66.00%, cost: 36.0
[2024-10-13 15:58:04,069][INFO] Step 19: size: 19, coverage: 67.50%, cost: 38.0
[2024-10-13 15:58:04,072][INFO] Step 20: size: 20, coverage: 69.50%, cost: 41.0
[2024-10-13 15:58:04,075][INFO] Step 21: size: 21, coverage: 71.50%, cost: 44.0
[2024-10-13 15:58:04,079][INFO] Step 22: size: 22, coverage: 74.00%, cost: 48.0
[2024-10-13 15:58:04,082][INFO] Step 23: size: 23, coverage: 75.00%, cost: 50.0
[2024-10-13 15:58:04,086][INFO] Step 24: size: 24, coverage: 76.00%, cost: 52.0
[2024-10-13 15:58:04,089][INFO] Step 25: size: 25, coverage: 77.50%, cost: 55.0
[2024-10-13 15:58:04,093][INFO] Step 26: size: 26, coverage: 79.50%, cost: 60.0
[2024-10-13 15:58:04,096][INFO] Step 27: size: 27, coverage: 81.00%, cost: 64.0
[2024-10-13 15:58:04,100][INFO] Step 28: size: 28, coverage: 83.50%, cost: 71.0
[2024-10-13 15:58:04,103][INFO] Step 29: size: 29, coverage: 84.50%, cost: 74.0
[2024-10-13 15:58:04,106][INFO] Step 30: size: 30, coverage: 85.50%, cost: 77.0
[2024-10-13 15:58:04,110][INFO] Step 31: size: 31, coverage: 87.50%, cost: 83.0
[2024-10-13 15:58:04,113][INFO] Step 32: size: 32, coverage: 89.00%, cost: 88.0
[2024-10-13 15:58:04,117][INFO] Step 33: size: 33, coverage: 90.50%, cost: 95.0
[2024-10-13 15:58:04,120][INFO] Step 34: size: 34, coverage: 93.00%, cost: 107.0
[2024-10-13 15:58:04,123][INFO] Step 35: size: 35, coverage: 93.50%, cost: 111.0
[2024-10-13 15:58:04,127][INFO] Step 36: size: 36, coverage: 94.00%, cost: 115.0
[2024-10-13 15:58:04,130][INFO] Step 37: size: 37, coverage: 95.00%, cost: 123.0
[2024-10-13 15:58:04,134][INFO] Step 38: size: 38, coverage: 95.50%, cost: 128.0
[2024-10-13 15:58:04,138][INFO] Step 39: size: 39, coverage: 96.00%, cost: 133.0
[2024-10-13 15:58:04,141][INFO] Step 40: size: 40, coverage: 96.50%, cost: 138.0
[2024-10-13 15:58:04,145][INFO] Step 41: size: 41, coverage: 97.50%, cost: 148.0
[2024-10-13 15:58:04,148][INFO] Step 42: size: 42, coverage: 98.00%, cost: 155.0
[2024-10-13 15:58:04,152][INFO] Step 43: size: 43, coverage: 98.50%, cost: 163.0
[2024-10-13 15:58:04,156][INFO] Step 44: size: 44, coverage: 99.00%, cost: 172.0
[2024-10-13 15:58:04,159][INFO] Step 45: size: 45, coverage: 99.50%, cost: 181.0
[2024-10-13 15:58:04,163][INFO] Step 46: size: 46, coverage: 100.00%, cost: 196.0
[2024-10-13 15:58:04,164][INFO] Size: 46 -> 44
[2024-10-13 15:58:04,164][INFO] Cost: 196.0 -> 191.0
[2024-10-13 16:04:02,986][INFO] Step 1: size: 1, coverage: 8.00%, cost: 1.0
[2024-10-13 16:04:02,990][INFO] Step 2: size: 2, coverage: 13.00%, cost: 2.0
[2024-10-13 16:04:02,993][INFO] Step 3: size: 3, coverage: 16.50%, cost: 3.0
[2024-10-13 16:04:02,996][INFO] Step 4: size: 4, coverage: 19.50%, cost: 4.0
[2024-10-13 16:04:03,000][INFO] Step 5: size: 5, coverage: 25.00%, cost: 6.0
[2024-10-13 16:04:03,003][INFO] Step 6: size: 6, coverage: 27.50%, cost: 7.0
[2024-10-13 16:04:03,006][INFO] Step 7: size: 7, coverage: 32.50%, cost: 9.0
[2024-10-13 16:04:03,010][INFO] Step 8: size: 8, coverage: 34.50%, cost: 10.0
[2024-10-13 16:04:03,013][INFO] Step 9: size: 9, coverage: 38.50%, cost: 12.0
[2024-10-13 16:04:03,016][INFO] Step 10: size: 10, coverage: 44.00%, cost: 15.0
[2024-10-13 16:04:03,020][INFO] Step 11: size: 11, coverage: 47.50%, cost: 17.0
[2024-10-13 16:04:03,023][INFO] Step 12: size: 12, coverage: 51.50%, cost: 20.0
[2024-10-13 16:04:03,026][INFO] Step 13: size: 13, coverage: 54.00%, cost: 22.0
[2024-10-13 16:04:03,030][INFO] Step 14: size: 14, coverage: 55.00%, cost: 23.0
[2024-10-13 16:04:03,033][INFO] Step 15: size: 15, coverage: 58.50%, cost: 27.0
[2024-10-13 16:04:03,036][INFO] Step 16: size: 16, coverage: 61.00%, cost: 30.0
[2024-10-13 16:04:03,039][INFO] Step 17: size: 17, coverage: 63.50%, cost: 33.0
[2024-10-13 16:04:03,043][INFO] Step 18: size: 18, coverage: 66.00%, cost: 36.0
[2024-10-13 16:04:03,046][INFO] Step 19: size: 19, coverage: 67.50%, cost: 38.0
[2024-10-13 16:04:03,049][INFO] Step 20: size: 20, coverage: 69.50%, cost: 41.0
[2024-10-13 16:04:03,053][INFO] Step 21: size: 21, coverage: 71.50%, cost: 44.0
[2024-10-13 16:04:03,056][INFO] Step 22: size: 22, coverage: 74.00%, cost: 48.0
[2024-10-13 16:04:03,059][INFO] Step 23: size: 23, coverage: 75.00%, cost: 50.0
[2024-10-13 16:04:03,063][INFO] Step 24: size: 24, coverage: 76.00%, cost: 52.0
[2024-10-13 16:04:03,066][INFO] Step 25: size: 25, coverage: 77.50%, cost: 55.0
[2024-10-13 16:04:03,069][INFO] Step 26: size: 26, coverage: 79.50%, cost: 60.0
[2024-10-13 16:04:03,073][INFO] Step 27: size: 27, coverage: 81.00%, cost: 64.0
[2024-10-13 16:04:03,076][INFO] Step 28: size: 28, coverage: 83.50%, cost: 71.0
[2024-10-13 16:04:03,079][INFO] Step 29: size: 29, coverage: 84.50%, cost: 74.0
[2024-10-13 16:04:03,083][INFO] Step 30: size: 30, coverage: 85.50%, cost: 77.0
[2024-10-13 16:04:03,086][INFO] Step 31: size: 31, coverage: 87.50%, cost: 83.0
[2024-10-13 16:04:03,090][INFO] Step 32: size: 32, coverage: 89.00%, cost: 88.0
[2024-10-13 16:04:03,093][INFO] Step 33: size: 33, coverage: 90.50%, cost: 95.0
[2024-10-13 16:04:03,097][INFO] Step 34: size: 34, coverage: 93.00%, cost: 107.0
[2024-10-13 16:04:03,100][INFO] Step 35: size: 35, coverage: 93.50%, cost: 111.0
[2024-10-13 16:04:03,104][INFO] Step 36: size: 36, coverage: 94.00%, cost: 115.0
[2024-10-13 16:04:03,107][INFO] Step 37: size: 37, coverage: 95.00%, cost: 123.0
[2024-10-13 16:04:03,111][INFO] Step 38: size: 38, coverage: 95.50%, cost: 128.0
[2024-10-13 16:04:03,114][INFO] Step 39: size: 39, coverage: 96.00%, cost: 133.0
[2024-10-13 16:04:03,118][INFO] Step 40: size: 40, coverage: 96.50%, cost: 138.0
[2024-10-13 16:04:03,121][INFO] Step 41: size: 41, coverage: 97.50%, cost: 148.0
[2024-10-13 16:04:03,125][INFO] Step 42: size: 42, coverage: 98.00%, cost: 155.0
[2024-10-13 16:04:03,128][INFO] Step 43: size: 43, coverage: 98.50%, cost: 163.0
[2024-10-13 16:04:03,132][INFO] Step 44: size: 44, coverage: 99.00%, cost: 172.0
[2024-10-13 16:04:03,135][INFO] Step 45: size: 45, coverage: 99.50%, cost: 181.0
[2024-10-13 16:04:03,139][INFO] Step 46: size: 46, coverage: 100.00%, cost: 196.0
[2024-10-13 16:04:03,140][INFO] Size: 46 -> 44
[2024-10-13 16:04:03,140][INFO] Cost: 196.0 -> 191.0
[2024-10-13 16:09:36,292][INFO] Step 1: size: 1, coverage: 8.00%, cost: 1.0
[2024-10-13 16:09:36,295][INFO] Step 2: size: 2, coverage: 13.00%, cost: 2.0
[2024-10-13 16:09:36,298][INFO] Step 3: size: 3, coverage: 16.50%, cost: 3.0
[2024-10-13 16:09:36,302][INFO] Step 4: size: 4, coverage: 19.50%, cost: 4.0
[2024-10-13 16:09:36,305][INFO] Step 5: size: 5, coverage: 25.00%, cost: 6.0
[2024-10-13 16:09:36,308][INFO] Step 6: size: 6, coverage: 27.50%, cost: 7.0
[2024-10-13 16:09:36,311][INFO] Step 7: size: 7, coverage: 32.50%, cost: 9.0
[2024-10-13 16:09:36,314][INFO] Step 8: size: 8, coverage: 34.50%, cost: 10.0
[2024-10-13 16:09:36,318][INFO] Step 9: size: 9, coverage: 38.50%, cost: 12.0
[2024-10-13 16:09:36,321][INFO] Step 10: size: 10, coverage: 44.00%, cost: 15.0
[2024-10-13 16:09:36,324][INFO] Step 11: size: 11, coverage: 47.50%, cost: 17.0
[2024-10-13 16:09:36,327][INFO] Step 12: size: 12, coverage: 51.50%, cost: 20.0
[2024-10-13 16:09:36,330][INFO] Step 13: size: 13, coverage: 54.00%, cost: 22.0
[2024-10-13 16:09:36,333][INFO] Step 14: size: 14, coverage: 55.00%, cost: 23.0
[2024-10-13 16:09:36,336][INFO] Step 15: size: 15, coverage: 58.50%, cost: 27.0
[2024-10-13 16:09:36,340][INFO] Step 16: size: 16, coverage: 61.00%, cost: 30.0
[2024-10-13 16:09:36,343][INFO] Step 17: size: 17, coverage: 63.50%, cost: 33.0
[2024-10-13 16:09:36,346][INFO] Step 18: size: 18, coverage: 66.00%, cost: 36.0
[2024-10-13 16:09:36,349][INFO] Step 19: size: 19, coverage: 67.50%, cost: 38.0
[2024-10-13 16:09:36,352][INFO] Step 20: size: 20, coverage: 69.50%, cost: 41.0
[2024-10-13 16:09:36,355][INFO] Step 21: size: 21, coverage: 71.50%, cost: 44.0
[2024-10-13 16:09:36,358][INFO] Step 22: size: 22, coverage: 74.00%, cost: 48.0
[2024-10-13 16:09:36,362][INFO] Step 23: size: 23, coverage: 75.00%, cost: 50.0
[2024-10-13 16:09:36,365][INFO] Step 24: size: 24, coverage: 76.00%, cost: 52.0
[2024-10-13 16:09:36,368][INFO] Step 25: size: 25, coverage: 77.50%, cost: 55.0
[2024-10-13 16:09:36,371][INFO] Step 26: size: 26, coverage: 79.50%, cost: 60.0
[2024-10-13 16:09:36,375][INFO] Step 27: size: 27, coverage: 81.00%, cost: 64.0
[2024-10-13 16:09:36,378][INFO] Step 28: size: 28, coverage: 83.50%, cost: 71.0
[2024-10-13 16:09:36,381][INFO] Step 29: size: 29, coverage: 84.50%, cost: 74.0
[2024-10-13 16:09:36,384][INFO] Step 30: size: 30, coverage: 85.50%, cost: 77.0
[2024-10-13 16:09:36,388][INFO] Step 31: size: 31, coverage: 87.50%, cost: 83.0
[2024-10-13 16:09:36,391][INFO] Step 32: size: 32, coverage: 89.00%, cost: 88.0
[2024-10-13 16:09:36,394][INFO] Step 33: size: 33, coverage: 90.50%, cost: 95.0
[2024-10-13 16:09:36,398][INFO] Step 34: size: 34, coverage: 93.00%, cost: 107.0
[2024-10-13 16:09:36,401][INFO] Step 35: size: 35, coverage: 93.50%, cost: 111.0
[2024-10-13 16:09:36,404][INFO] Step 36: size: 36, coverage: 94.00%, cost: 115.0
[2024-10-13 16:09:36,408][INFO] Step 37: size: 37, coverage: 95.00%, cost: 123.0
[2024-10-13 16:09:36,411][INFO] Step 38: size: 38, coverage: 95.50%, cost: 128.0
[2024-10-13 16:09:36,414][INFO] Step 39: size: 39, coverage: 96.00%, cost: 133.0
[2024-10-13 16:09:36,418][INFO] Step 40: size: 40, coverage: 96.50%, cost: 138.0
[2024-10-13 16:09:36,421][INFO] Step 41: size: 41, coverage: 97.50%, cost: 148.0
[2024-10-13 16:09:36,425][INFO] Step 42: size: 42, coverage: 98.00%, cost: 155.0
[2024-10-13 16:09:36,428][INFO] Step 43: size: 43, coverage: 98.50%, cost: 163.0
[2024-10-13 16:09:36,432][INFO] Step 44: size: 44, coverage: 99.00%, cost: 172.0
[2024-10-13 16:09:36,435][INFO] Step 45: size: 45, coverage: 99.50%, cost: 181.0
[2024-10-13 16:09:36,439][INFO] Step 46: size: 46, coverage: 100.00%, cost: 196.0
[2024-10-13 16:09:36,440][INFO] Size: 46 -> 44
[2024-10-13 16:09:36,440][INFO] Cost: 196.0 -> 191.0
