[2024-10-06 17:31:06,588][INFO] Step 1: size: 1, coverage: 8.00%, cost: 1.0
[2024-10-06 17:31:06,599][INFO] Step 2: size: 2, coverage: 15.33%, cost: 2.0
[2024-10-06 17:31:06,609][INFO] Step 3: size: 3, coverage: 22.33%, cost: 3.0
[2024-10-06 17:31:06,619][INFO] Step 4: size: 4, coverage: 28.33%, cost: 4.0
[2024-10-06 17:31:06,629][INFO] Step 5: size: 5, coverage: 33.67%, cost: 5.0
[2024-10-06 17:31:06,639][INFO] Step 6: size: 6, coverage: 38.33%, cost: 6.0
[2024-10-06 17:31:06,649][INFO] Step 7: size: 7, coverage: 42.00%, cost: 7.0
[2024-10-06 17:31:06,659][INFO] Step 8: size: 8, coverage: 45.67%, cost: 8.0
[2024-10-06 17:31:06,669][INFO] Step 9: size: 9, coverage: 49.00%, cost: 9.0
[2024-10-06 17:31:06,680][INFO] Step 10: size: 10, coverage: 52.00%, cost: 10.0
[2024-10-06 17:31:06,690][INFO] Step 11: size: 11, coverage: 54.67%, cost: 11.0
[2024-10-06 17:31:06,700][INFO] Step 12: size: 12, coverage: 57.33%, cost: 12.0
[2024-10-06 17:31:06,709][INFO] Step 13: size: 13, coverage: 59.67%, cost: 13.0
[2024-10-06 17:31:06,719][INFO] Step 14: size: 14, coverage: 62.00%, cost: 14.0
[2024-10-06 17:31:06,729][INFO] Step 15: size: 15, coverage: 64.33%, cost: 15.0
[2024-10-06 17:31:06,739][INFO] Step 16: size: 16, coverage: 66.33%, cost: 16.0
[2024-10-06 17:31:06,749][INFO] Step 17: size: 17, coverage: 68.00%, cost: 17.0
[2024-10-06 17:31:06,759][INFO] Step 18: size: 18, coverage: 69.67%, cost: 18.0
[2024-10-06 17:31:06,769][INFO] Step 19: size: 19, coverage: 71.33%, cost: 19.0
[2024-10-06 17:31:06,779][INFO] Step 20: size: 20, coverage: 74.33%, cost: 21.0
[2024-10-06 17:31:06,789][INFO] Step 21: size: 21, coverage: 75.67%, cost: 22.0
[2024-10-06 17:31:06,799][INFO] Step 22: size: 22, coverage: 77.00%, cost: 23.0
[2024-10-06 17:31:06,809][INFO] Step 23: size: 23, coverage: 78.33%, cost: 24.0
[2024-10-06 17:31:06,819][INFO] Step 24: size: 24, coverage: 79.33%, cost: 25.0
[2024-10-06 17:31:06,829][INFO] Step 25: size: 25, coverage: 81.00%, cost: 27.0
[2024-10-06 17:31:06,839][INFO] Step 26: size: 26, coverage: 81.67%, cost: 28.0
[2024-10-06 17:31:06,849][INFO] Step 27: size: 27, coverage: 82.33%, cost: 29.0
[2024-10-06 17:31:06,859][INFO] Step 28: size: 28, coverage: 83.00%, cost: 30.0
[2024-10-06 17:31:06,870][INFO] Step 29: size: 29, coverage: 84.33%, cost: 32.0
[2024-10-06 17:31:06,880][INFO] Step 30: size: 30, coverage: 85.67%, cost: 34.0
[2024-10-06 17:31:06,890][INFO] Step 31: size: 31, coverage: 87.33%, cost: 37.0
[2024-10-06 17:31:06,900][INFO] Step 32: size: 32, coverage: 89.00%, cost: 40.0
[2024-10-06 17:31:06,911][INFO] Step 33: size: 33, coverage: 90.00%, cost: 42.0
[2024-10-06 17:31:06,921][INFO] Step 34: size: 34, coverage: 91.00%, cost: 44.0
[2024-10-06 17:31:06,931][INFO] Step 35: size: 35, coverage: 91.67%, cost: 46.0
[2024-10-06 17:31:06,942][INFO] Step 36: size: 36, coverage: 92.33%, cost: 48.0
[2024-10-06 17:31:06,952][INFO] Step 37: size: 37, coverage: 93.00%, cost: 50.0
[2024-10-06 17:31:06,963][INFO] Step 38: size: 38, coverage: 94.00%, cost: 53.0
[2024-10-06 17:31:06,973][INFO] Step 39: size: 39, coverage: 95.33%, cost: 58.0
[2024-10-06 17:31:06,984][INFO] Step 40: size: 40, coverage: 96.33%, cost: 62.0
[2024-10-06 17:31:06,995][INFO] Step 41: size: 41, coverage: 97.00%, cost: 65.0
[2024-10-06 17:31:07,006][INFO] Step 42: size: 42, coverage: 97.67%, cost: 68.0
[2024-10-06 17:31:07,016][INFO] Step 43: size: 43, coverage: 98.33%, cost: 71.0
[2024-10-06 17:31:07,027][INFO] Step 44: size: 44, coverage: 98.67%, cost: 73.0
[2024-10-06 17:31:07,038][INFO] Step 45: size: 45, coverage: 99.33%, cost: 78.0
[2024-10-06 17:31:07,049][INFO] Step 46: size: 46, coverage: 99.67%, cost: 81.0
[2024-10-06 17:31:07,060][INFO] Step 47: size: 47, coverage: 100.00%, cost: 86.0
[2024-10-06 18:50:00,294][INFO] Step 1: size: 1, coverage: 8.00%, cost: 1.0
[2024-10-06 18:50:00,304][INFO] Step 2: size: 2, coverage: 15.33%, cost: 2.0
[2024-10-06 18:50:00,314][INFO] Step 3: size: 3, coverage: 22.33%, cost: 3.0
[2024-10-06 18:50:00,324][INFO] Step 4: size: 4, coverage: 28.33%, cost: 4.0
[2024-10-06 18:50:00,334][INFO] Step 5: size: 5, coverage: 33.67%, cost: 5.0
[2024-10-06 18:50:00,344][INFO] Step 6: size: 6, coverage: 38.33%, cost: 6.0
[2024-10-06 18:50:00,354][INFO] Step 7: size: 7, coverage: 42.00%, cost: 7.0
[2024-10-06 18:50:00,364][INFO] Step 8: size: 8, coverage: 45.67%, cost: 8.0
[2024-10-06 18:50:00,374][INFO] Step 9: size: 9, coverage: 49.00%, cost: 9.0
[2024-10-06 18:50:00,384][INFO] Step 10: size: 10, coverage: 52.00%, cost: 10.0
[2024-10-06 18:50:00,394][INFO] Step 11: size: 11, coverage: 54.67%, cost: 11.0
[2024-10-06 18:50:00,404][INFO] Step 12: size: 12, coverage: 57.33%, cost: 12.0
[2024-10-06 18:50:00,414][INFO] Step 13: size: 13, coverage: 59.67%, cost: 13.0
[2024-10-06 18:50:00,424][INFO] Step 14: size: 14, coverage: 62.00%, cost: 14.0
[2024-10-06 18:50:00,434][INFO] Step 15: size: 15, coverage: 64.33%, cost: 15.0
[2024-10-06 18:50:00,444][INFO] Step 16: size: 16, coverage: 66.33%, cost: 16.0
[2024-10-06 18:50:00,454][INFO] Step 17: size: 17, coverage: 68.00%, cost: 17.0
[2024-10-06 18:50:00,464][INFO] Step 18: size: 18, coverage: 69.67%, cost: 18.0
[2024-10-06 18:50:00,474][INFO] Step 19: size: 19, coverage: 71.33%, cost: 19.0
[2024-10-06 18:50:00,484][INFO] Step 20: size: 20, coverage: 74.33%, cost: 21.0
[2024-10-06 18:50:00,494][INFO] Step 21: size: 21, coverage: 75.67%, cost: 22.0
[2024-10-06 18:50:00,504][INFO] Step 22: size: 22, coverage: 77.00%, cost: 23.0
[2024-10-06 18:50:00,514][INFO] Step 23: size: 23, coverage: 78.33%, cost: 24.0
[2024-10-06 18:50:00,524][INFO] Step 24: size: 24, coverage: 79.33%, cost: 25.0
[2024-10-06 18:50:00,534][INFO] Step 25: size: 25, coverage: 81.00%, cost: 27.0
[2024-10-06 18:50:00,544][INFO] Step 26: size: 26, coverage: 81.67%, cost: 28.0
[2024-10-06 18:50:00,554][INFO] Step 27: size: 27, coverage: 82.33%, cost: 29.0
[2024-10-06 18:50:00,564][INFO] Step 28: size: 28, coverage: 83.00%, cost: 30.0
[2024-10-06 18:50:00,575][INFO] Step 29: size: 29, coverage: 84.33%, cost: 32.0
[2024-10-06 18:50:00,585][INFO] Step 30: size: 30, coverage: 85.67%, cost: 34.0
[2024-10-06 18:50:00,595][INFO] Step 31: size: 31, coverage: 87.33%, cost: 37.0
[2024-10-06 18:50:00,605][INFO] Step 32: size: 32, coverage: 89.00%, cost: 40.0
[2024-10-06 18:50:00,616][INFO] Step 33: size: 33, coverage: 90.00%, cost: 42.0
[2024-10-06 18:50:00,626][INFO] Step 34: size: 34, coverage: 91.00%, cost: 44.0
[2024-10-06 18:50:00,637][INFO] Step 35: size: 35, coverage: 91.67%, cost: 46.0
[2024-10-06 18:50:00,647][INFO] Step 36: size: 36, coverage: 92.33%, cost: 48.0
[2024-10-06 18:50:00,658][INFO] Step 37: size: 37, coverage: 93.00%, cost: 50.0
[2024-10-06 18:50:00,668][INFO] Step 38: size: 38, coverage: 94.00%, cost: 53.0
[2024-10-06 18:50:00,679][INFO] Step 39: size: 39, coverage: 95.33%, cost: 58.0
[2024-10-06 18:50:00,689][INFO] Step 40: size: 40, coverage: 96.33%, cost: 62.0
[2024-10-06 18:50:00,700][INFO] Step 41: size: 41, coverage: 97.00%, cost: 65.0
[2024-10-06 18:50:00,711][INFO] Step 42: size: 42, coverage: 97.67%, cost: 68.0
[2024-10-06 18:50:00,721][INFO] Step 43: size: 43, coverage: 98.33%, cost: 71.0
[2024-10-06 18:50:00,732][INFO] Step 44: size: 44, coverage: 98.67%, cost: 73.0
[2024-10-06 18:50:00,743][INFO] Step 45: size: 45, coverage: 99.33%, cost: 78.0
[2024-10-06 18:50:00,754][INFO] Step 46: size: 46, coverage: 99.67%, cost: 81.0
[2024-10-06 18:50:00,765][INFO] Step 47: size: 47, coverage: 100.00%, cost: 86.0
[2024-10-06 18:50:00,766][INFO] Size: 47 -> 44
[2024-10-06 18:50:00,766][INFO] Cost: 86.0 -> 81.0
[2024-10-06 18:50:00,766][INFO] Pruned solution: [np.int64(1), np.int64(3), np.int64(10), np.int64(9), np.int64(12), np.int64(21), np.int64(17), np.int64(18), np.int64(8), np.int64(34), np.int64(28), np.int64(20), np.int64(19), np.int64(29), np.int64(43), np.int64(68), np.int64(47), np.int64(48), np.int64(66), np.int64(96), np.int64(73), np.int64(57), np.int64(69), np.int64(0), np.int64(6), np.int64(11), np.int64(13), np.int64(7), np.int64(30), np.int64(39), np.int64(37), np.int64(127), np.int64(75), np.int64(144), np.int64(4), np.int64(22), np.int64(27), np.int64(50), np.int64(125), np.int64(14), np.int64(59), np.int64(2), np.int64(65), np.int64(16)]
[2024-10-06 18:52:21,723][INFO] Step 1: size: 1, coverage: 8.00%, cost: 1.0
[2024-10-06 18:52:21,733][INFO] Step 2: size: 2, coverage: 15.33%, cost: 2.0
[2024-10-06 18:52:21,743][INFO] Step 3: size: 3, coverage: 22.33%, cost: 3.0
[2024-10-06 18:52:21,753][INFO] Step 4: size: 4, coverage: 28.33%, cost: 4.0
[2024-10-06 18:52:21,764][INFO] Step 5: size: 5, coverage: 33.67%, cost: 5.0
[2024-10-06 18:52:21,774][INFO] Step 6: size: 6, coverage: 38.33%, cost: 6.0
[2024-10-06 18:52:21,784][INFO] Step 7: size: 7, coverage: 42.00%, cost: 7.0
[2024-10-06 18:52:21,794][INFO] Step 8: size: 8, coverage: 45.67%, cost: 8.0
[2024-10-06 18:52:21,804][INFO] Step 9: size: 9, coverage: 49.00%, cost: 9.0
[2024-10-06 18:52:21,814][INFO] Step 10: size: 10, coverage: 52.00%, cost: 10.0
[2024-10-06 18:52:21,824][INFO] Step 11: size: 11, coverage: 54.67%, cost: 11.0
[2024-10-06 18:52:21,835][INFO] Step 12: size: 12, coverage: 57.33%, cost: 12.0
[2024-10-06 18:52:21,844][INFO] Step 13: size: 13, coverage: 59.67%, cost: 13.0
[2024-10-06 18:52:21,854][INFO] Step 14: size: 14, coverage: 62.00%, cost: 14.0
[2024-10-06 18:52:21,864][INFO] Step 15: size: 15, coverage: 64.33%, cost: 15.0
[2024-10-06 18:52:21,874][INFO] Step 16: size: 16, coverage: 66.33%, cost: 16.0
[2024-10-06 18:52:21,884][INFO] Step 17: size: 17, coverage: 68.00%, cost: 17.0
[2024-10-06 18:52:21,894][INFO] Step 18: size: 18, coverage: 69.67%, cost: 18.0
[2024-10-06 18:52:21,904][INFO] Step 19: size: 19, coverage: 71.33%, cost: 19.0
[2024-10-06 18:52:21,914][INFO] Step 20: size: 20, coverage: 74.33%, cost: 21.0
[2024-10-06 18:52:21,924][INFO] Step 21: size: 21, coverage: 75.67%, cost: 22.0
[2024-10-06 18:52:21,934][INFO] Step 22: size: 22, coverage: 77.00%, cost: 23.0
[2024-10-06 18:52:21,944][INFO] Step 23: size: 23, coverage: 78.33%, cost: 24.0
[2024-10-06 18:52:21,954][INFO] Step 24: size: 24, coverage: 79.33%, cost: 25.0
[2024-10-06 18:52:21,964][INFO] Step 25: size: 25, coverage: 81.00%, cost: 27.0
[2024-10-06 18:52:21,974][INFO] Step 26: size: 26, coverage: 81.67%, cost: 28.0
[2024-10-06 18:52:21,984][INFO] Step 27: size: 27, coverage: 82.33%, cost: 29.0
[2024-10-06 18:52:21,995][INFO] Step 28: size: 28, coverage: 83.00%, cost: 30.0
[2024-10-06 18:52:22,005][INFO] Step 29: size: 29, coverage: 84.33%, cost: 32.0
[2024-10-06 18:52:22,015][INFO] Step 30: size: 30, coverage: 85.67%, cost: 34.0
[2024-10-06 18:52:22,025][INFO] Step 31: size: 31, coverage: 87.33%, cost: 37.0
[2024-10-06 18:52:22,036][INFO] Step 32: size: 32, coverage: 89.00%, cost: 40.0
[2024-10-06 18:52:22,046][INFO] Step 33: size: 33, coverage: 90.00%, cost: 42.0
[2024-10-06 18:52:22,056][INFO] Step 34: size: 34, coverage: 91.00%, cost: 44.0
[2024-10-06 18:52:22,067][INFO] Step 35: size: 35, coverage: 91.67%, cost: 46.0
[2024-10-06 18:52:22,077][INFO] Step 36: size: 36, coverage: 92.33%, cost: 48.0
[2024-10-06 18:52:22,088][INFO] Step 37: size: 37, coverage: 93.00%, cost: 50.0
[2024-10-06 18:52:22,098][INFO] Step 38: size: 38, coverage: 94.00%, cost: 53.0
[2024-10-06 18:52:22,109][INFO] Step 39: size: 39, coverage: 95.33%, cost: 58.0
[2024-10-06 18:52:22,120][INFO] Step 40: size: 40, coverage: 96.33%, cost: 62.0
[2024-10-06 18:52:22,130][INFO] Step 41: size: 41, coverage: 97.00%, cost: 65.0
[2024-10-06 18:52:22,141][INFO] Step 42: size: 42, coverage: 97.67%, cost: 68.0
[2024-10-06 18:52:22,152][INFO] Step 43: size: 43, coverage: 98.33%, cost: 71.0
[2024-10-06 18:52:22,163][INFO] Step 44: size: 44, coverage: 98.67%, cost: 73.0
[2024-10-06 18:52:22,174][INFO] Step 45: size: 45, coverage: 99.33%, cost: 78.0
[2024-10-06 18:52:22,185][INFO] Step 46: size: 46, coverage: 99.67%, cost: 81.0
[2024-10-06 18:52:22,196][INFO] Step 47: size: 47, coverage: 100.00%, cost: 86.0
[2024-10-06 18:52:22,197][INFO] Size: 47 -> 44
[2024-10-06 18:52:22,197][INFO] Cost: 86.0 -> 81.0
[2024-10-06 18:54:32,626][INFO] Step 1: size: 1, coverage: 8.00%, cost: 1.0
[2024-10-06 18:54:32,636][INFO] Step 2: size: 2, coverage: 15.33%, cost: 2.0
[2024-10-06 18:54:32,646][INFO] Step 3: size: 3, coverage: 22.33%, cost: 3.0
[2024-10-06 18:54:32,657][INFO] Step 4: size: 4, coverage: 28.33%, cost: 4.0
[2024-10-06 18:54:32,667][INFO] Step 5: size: 5, coverage: 33.67%, cost: 5.0
[2024-10-06 18:54:32,677][INFO] Step 6: size: 6, coverage: 38.33%, cost: 6.0
[2024-10-06 18:54:32,687][INFO] Step 7: size: 7, coverage: 42.00%, cost: 7.0
[2024-10-06 18:54:32,697][INFO] Step 8: size: 8, coverage: 45.67%, cost: 8.0
[2024-10-06 18:54:32,707][INFO] Step 9: size: 9, coverage: 49.00%, cost: 9.0
[2024-10-06 18:54:32,717][INFO] Step 10: size: 10, coverage: 52.00%, cost: 10.0
[2024-10-06 18:54:32,727][INFO] Step 11: size: 11, coverage: 54.67%, cost: 11.0
[2024-10-06 18:54:32,737][INFO] Step 12: size: 12, coverage: 57.33%, cost: 12.0
[2024-10-06 18:54:32,747][INFO] Step 13: size: 13, coverage: 59.67%, cost: 13.0
[2024-10-06 18:54:32,757][INFO] Step 14: size: 14, coverage: 62.00%, cost: 14.0
[2024-10-06 18:54:32,767][INFO] Step 15: size: 15, coverage: 64.33%, cost: 15.0
[2024-10-06 18:54:32,777][INFO] Step 16: size: 16, coverage: 66.33%, cost: 16.0
[2024-10-06 18:54:32,787][INFO] Step 17: size: 17, coverage: 68.00%, cost: 17.0
[2024-10-06 18:54:32,797][INFO] Step 18: size: 18, coverage: 69.67%, cost: 18.0
[2024-10-06 18:54:32,807][INFO] Step 19: size: 19, coverage: 71.33%, cost: 19.0
[2024-10-06 18:54:32,817][INFO] Step 20: size: 20, coverage: 74.33%, cost: 21.0
[2024-10-06 18:54:32,827][INFO] Step 21: size: 21, coverage: 75.67%, cost: 22.0
[2024-10-06 18:54:32,837][INFO] Step 22: size: 22, coverage: 77.00%, cost: 23.0
[2024-10-06 18:54:32,847][INFO] Step 23: size: 23, coverage: 78.33%, cost: 24.0
[2024-10-06 18:54:32,857][INFO] Step 24: size: 24, coverage: 79.33%, cost: 25.0
[2024-10-06 18:54:32,867][INFO] Step 25: size: 25, coverage: 81.00%, cost: 27.0
[2024-10-06 18:54:32,877][INFO] Step 26: size: 26, coverage: 81.67%, cost: 28.0
[2024-10-06 18:54:32,887][INFO] Step 27: size: 27, coverage: 82.33%, cost: 29.0
[2024-10-06 18:54:32,898][INFO] Step 28: size: 28, coverage: 83.00%, cost: 30.0
[2024-10-06 18:54:32,908][INFO] Step 29: size: 29, coverage: 84.33%, cost: 32.0
[2024-10-06 18:54:32,918][INFO] Step 30: size: 30, coverage: 85.67%, cost: 34.0
[2024-10-06 18:54:32,928][INFO] Step 31: size: 31, coverage: 87.33%, cost: 37.0
[2024-10-06 18:54:32,939][INFO] Step 32: size: 32, coverage: 89.00%, cost: 40.0
[2024-10-06 18:54:32,950][INFO] Step 33: size: 33, coverage: 90.00%, cost: 42.0
[2024-10-06 18:54:32,960][INFO] Step 34: size: 34, coverage: 91.00%, cost: 44.0
[2024-10-06 18:54:32,970][INFO] Step 35: size: 35, coverage: 91.67%, cost: 46.0
[2024-10-06 18:54:32,981][INFO] Step 36: size: 36, coverage: 92.33%, cost: 48.0
[2024-10-06 18:54:32,992][INFO] Step 37: size: 37, coverage: 93.00%, cost: 50.0
[2024-10-06 18:54:33,002][INFO] Step 38: size: 38, coverage: 94.00%, cost: 53.0
[2024-10-06 18:54:33,013][INFO] Step 39: size: 39, coverage: 95.33%, cost: 58.0
[2024-10-06 18:54:33,024][INFO] Step 40: size: 40, coverage: 96.33%, cost: 62.0
[2024-10-06 18:54:33,034][INFO] Step 41: size: 41, coverage: 97.00%, cost: 65.0
[2024-10-06 18:54:33,045][INFO] Step 42: size: 42, coverage: 97.67%, cost: 68.0
[2024-10-06 18:54:33,056][INFO] Step 43: size: 43, coverage: 98.33%, cost: 71.0
[2024-10-06 18:54:33,067][INFO] Step 44: size: 44, coverage: 98.67%, cost: 73.0
[2024-10-06 18:54:33,078][INFO] Step 45: size: 45, coverage: 99.33%, cost: 78.0
[2024-10-06 18:54:33,089][INFO] Step 46: size: 46, coverage: 99.67%, cost: 81.0
[2024-10-06 18:54:33,100][INFO] Step 47: size: 47, coverage: 100.00%, cost: 86.0
[2024-10-06 18:54:33,101][INFO] Size: 47 -> 44
[2024-10-06 18:54:33,101][INFO] Cost: 86.0 -> 81.0
[2024-10-06 18:55:33,183][INFO] Step 1: size: 1, coverage: 8.00%, cost: 1.0
[2024-10-06 18:55:33,193][INFO] Step 2: size: 2, coverage: 15.33%, cost: 2.0
[2024-10-06 18:55:33,204][INFO] Step 3: size: 3, coverage: 22.33%, cost: 3.0
[2024-10-06 18:55:33,214][INFO] Step 4: size: 4, coverage: 28.33%, cost: 4.0
[2024-10-06 18:55:33,224][INFO] Step 5: size: 5, coverage: 33.67%, cost: 5.0
[2024-10-06 18:55:33,234][INFO] Step 6: size: 6, coverage: 38.33%, cost: 6.0
[2024-10-06 18:55:33,244][INFO] Step 7: size: 7, coverage: 42.00%, cost: 7.0
[2024-10-06 18:55:33,254][INFO] Step 8: size: 8, coverage: 45.67%, cost: 8.0
[2024-10-06 18:55:33,264][INFO] Step 9: size: 9, coverage: 49.00%, cost: 9.0
[2024-10-06 18:55:33,274][INFO] Step 10: size: 10, coverage: 52.00%, cost: 10.0
[2024-10-06 18:55:33,284][INFO] Step 11: size: 11, coverage: 54.67%, cost: 11.0
[2024-10-06 18:55:33,294][INFO] Step 12: size: 12, coverage: 57.33%, cost: 12.0
[2024-10-06 18:55:33,304][INFO] Step 13: size: 13, coverage: 59.67%, cost: 13.0
[2024-10-06 18:55:33,313][INFO] Step 14: size: 14, coverage: 62.00%, cost: 14.0
[2024-10-06 18:55:33,323][INFO] Step 15: size: 15, coverage: 64.33%, cost: 15.0
[2024-10-06 18:55:33,333][INFO] Step 16: size: 16, coverage: 66.33%, cost: 16.0
[2024-10-06 18:55:33,343][INFO] Step 17: size: 17, coverage: 68.00%, cost: 17.0
[2024-10-06 18:55:33,353][INFO] Step 18: size: 18, coverage: 69.67%, cost: 18.0
[2024-10-06 18:55:33,363][INFO] Step 19: size: 19, coverage: 71.33%, cost: 19.0
[2024-10-06 18:55:33,373][INFO] Step 20: size: 20, coverage: 74.33%, cost: 21.0
[2024-10-06 18:55:33,383][INFO] Step 21: size: 21, coverage: 75.67%, cost: 22.0
[2024-10-06 18:55:33,393][INFO] Step 22: size: 22, coverage: 77.00%, cost: 23.0
[2024-10-06 18:55:33,403][INFO] Step 23: size: 23, coverage: 78.33%, cost: 24.0
[2024-10-06 18:55:33,413][INFO] Step 24: size: 24, coverage: 79.33%, cost: 25.0
[2024-10-06 18:55:33,423][INFO] Step 25: size: 25, coverage: 81.00%, cost: 27.0
[2024-10-06 18:55:33,433][INFO] Step 26: size: 26, coverage: 81.67%, cost: 28.0
[2024-10-06 18:55:33,443][INFO] Step 27: size: 27, coverage: 82.33%, cost: 29.0
[2024-10-06 18:55:33,453][INFO] Step 28: size: 28, coverage: 83.00%, cost: 30.0
[2024-10-06 18:55:33,463][INFO] Step 29: size: 29, coverage: 84.33%, cost: 32.0
[2024-10-06 18:55:33,473][INFO] Step 30: size: 30, coverage: 85.67%, cost: 34.0
[2024-10-06 18:55:33,484][INFO] Step 31: size: 31, coverage: 87.33%, cost: 37.0
[2024-10-06 18:55:33,494][INFO] Step 32: size: 32, coverage: 89.00%, cost: 40.0
[2024-10-06 18:55:33,504][INFO] Step 33: size: 33, coverage: 90.00%, cost: 42.0
[2024-10-06 18:55:33,514][INFO] Step 34: size: 34, coverage: 91.00%, cost: 44.0
[2024-10-06 18:55:33,525][INFO] Step 35: size: 35, coverage: 91.67%, cost: 46.0
[2024-10-06 18:55:33,535][INFO] Step 36: size: 36, coverage: 92.33%, cost: 48.0
[2024-10-06 18:55:33,546][INFO] Step 37: size: 37, coverage: 93.00%, cost: 50.0
[2024-10-06 18:55:33,556][INFO] Step 38: size: 38, coverage: 94.00%, cost: 53.0
[2024-10-06 18:55:33,567][INFO] Step 39: size: 39, coverage: 95.33%, cost: 58.0
[2024-10-06 18:55:33,578][INFO] Step 40: size: 40, coverage: 96.33%, cost: 62.0
[2024-10-06 18:55:33,588][INFO] Step 41: size: 41, coverage: 97.00%, cost: 65.0
[2024-10-06 18:55:33,599][INFO] Step 42: size: 42, coverage: 97.67%, cost: 68.0
[2024-10-06 18:55:33,610][INFO] Step 43: size: 43, coverage: 98.33%, cost: 71.0
[2024-10-06 18:55:33,621][INFO] Step 44: size: 44, coverage: 98.67%, cost: 73.0
[2024-10-06 18:55:33,632][INFO] Step 45: size: 45, coverage: 99.33%, cost: 78.0
[2024-10-06 18:55:33,643][INFO] Step 46: size: 46, coverage: 99.67%, cost: 81.0
[2024-10-06 18:55:33,654][INFO] Step 47: size: 47, coverage: 100.00%, cost: 86.0
[2024-10-06 18:55:33,654][INFO] Size: 47 -> 44
[2024-10-06 18:55:33,654][INFO] Cost: 86.0 -> 81.0
[2024-10-06 19:03:35,612][INFO] Step 1: size: 1, coverage: 8.00%, cost: 1.0
[2024-10-06 19:03:35,622][INFO] Step 2: size: 2, coverage: 15.33%, cost: 2.0
[2024-10-06 19:03:35,633][INFO] Step 3: size: 3, coverage: 22.33%, cost: 3.0
[2024-10-06 19:03:35,643][INFO] Step 4: size: 4, coverage: 28.33%, cost: 4.0
[2024-10-06 19:03:35,653][INFO] Step 5: size: 5, coverage: 33.67%, cost: 5.0
[2024-10-06 19:03:35,664][INFO] Step 6: size: 6, coverage: 38.33%, cost: 6.0
[2024-10-06 19:03:35,674][INFO] Step 7: size: 7, coverage: 42.00%, cost: 7.0
[2024-10-06 19:03:35,684][INFO] Step 8: size: 8, coverage: 45.67%, cost: 8.0
[2024-10-06 19:03:35,694][INFO] Step 9: size: 9, coverage: 49.00%, cost: 9.0
[2024-10-06 19:03:35,705][INFO] Step 10: size: 10, coverage: 52.00%, cost: 10.0
[2024-10-06 19:03:35,715][INFO] Step 11: size: 11, coverage: 54.67%, cost: 11.0
[2024-10-06 19:03:35,725][INFO] Step 12: size: 12, coverage: 57.33%, cost: 12.0
[2024-10-06 19:03:35,735][INFO] Step 13: size: 13, coverage: 59.67%, cost: 13.0
[2024-10-06 19:03:35,745][INFO] Step 14: size: 14, coverage: 62.00%, cost: 14.0
[2024-10-06 19:03:35,755][INFO] Step 15: size: 15, coverage: 64.33%, cost: 15.0
[2024-10-06 19:03:35,765][INFO] Step 16: size: 16, coverage: 66.33%, cost: 16.0
[2024-10-06 19:03:35,775][INFO] Step 17: size: 17, coverage: 68.00%, cost: 17.0
[2024-10-06 19:03:35,785][INFO] Step 18: size: 18, coverage: 69.67%, cost: 18.0
[2024-10-06 19:03:35,795][INFO] Step 19: size: 19, coverage: 71.33%, cost: 19.0
[2024-10-06 19:03:35,805][INFO] Step 20: size: 20, coverage: 74.33%, cost: 21.0
[2024-10-06 19:03:35,815][INFO] Step 21: size: 21, coverage: 75.67%, cost: 22.0
[2024-10-06 19:03:35,826][INFO] Step 22: size: 22, coverage: 77.00%, cost: 23.0
[2024-10-06 19:03:35,836][INFO] Step 23: size: 23, coverage: 78.33%, cost: 24.0
[2024-10-06 19:03:35,846][INFO] Step 24: size: 24, coverage: 79.33%, cost: 25.0
[2024-10-06 19:03:35,856][INFO] Step 25: size: 25, coverage: 81.00%, cost: 27.0
[2024-10-06 19:03:35,866][INFO] Step 26: size: 26, coverage: 81.67%, cost: 28.0
[2024-10-06 19:03:35,876][INFO] Step 27: size: 27, coverage: 82.33%, cost: 29.0
[2024-10-06 19:03:35,887][INFO] Step 28: size: 28, coverage: 83.00%, cost: 30.0
[2024-10-06 19:03:35,897][INFO] Step 29: size: 29, coverage: 84.33%, cost: 32.0
[2024-10-06 19:03:35,907][INFO] Step 30: size: 30, coverage: 85.67%, cost: 34.0
[2024-10-06 19:03:35,918][INFO] Step 31: size: 31, coverage: 87.33%, cost: 37.0
[2024-10-06 19:03:35,928][INFO] Step 32: size: 32, coverage: 89.00%, cost: 40.0
[2024-10-06 19:03:35,939][INFO] Step 33: size: 33, coverage: 90.00%, cost: 42.0
[2024-10-06 19:03:35,949][INFO] Step 34: size: 34, coverage: 91.00%, cost: 44.0
[2024-10-06 19:03:35,960][INFO] Step 35: size: 35, coverage: 91.67%, cost: 46.0
[2024-10-06 19:03:35,970][INFO] Step 36: size: 36, coverage: 92.33%, cost: 48.0
[2024-10-06 19:03:35,981][INFO] Step 37: size: 37, coverage: 93.00%, cost: 50.0
[2024-10-06 19:03:35,991][INFO] Step 38: size: 38, coverage: 94.00%, cost: 53.0
[2024-10-06 19:03:36,002][INFO] Step 39: size: 39, coverage: 95.33%, cost: 58.0
[2024-10-06 19:03:36,013][INFO] Step 40: size: 40, coverage: 96.33%, cost: 62.0
[2024-10-06 19:03:36,023][INFO] Step 41: size: 41, coverage: 97.00%, cost: 65.0
[2024-10-06 19:03:36,034][INFO] Step 42: size: 42, coverage: 97.67%, cost: 68.0
[2024-10-06 19:03:36,045][INFO] Step 43: size: 43, coverage: 98.33%, cost: 71.0
[2024-10-06 19:03:36,056][INFO] Step 44: size: 44, coverage: 98.67%, cost: 73.0
[2024-10-06 19:03:36,067][INFO] Step 45: size: 45, coverage: 99.33%, cost: 78.0
[2024-10-06 19:03:36,078][INFO] Step 46: size: 46, coverage: 99.67%, cost: 81.0
[2024-10-06 19:03:36,090][INFO] Step 47: size: 47, coverage: 100.00%, cost: 86.0
[2024-10-06 19:03:36,090][INFO] Size: 47 -> 44
[2024-10-06 19:03:36,091][INFO] Cost: 86.0 -> 81.0
[2024-10-06 22:18:12,702][INFO] Step 1: size: 1, coverage: 8.00%, cost: 1.0
[2024-10-06 22:18:12,713][INFO] Step 2: size: 2, coverage: 15.33%, cost: 2.0
[2024-10-06 22:18:12,723][INFO] Step 3: size: 3, coverage: 22.33%, cost: 3.0
[2024-10-06 22:18:12,733][INFO] Step 4: size: 4, coverage: 28.33%, cost: 4.0
[2024-10-06 22:18:12,743][INFO] Step 5: size: 5, coverage: 33.67%, cost: 5.0
[2024-10-06 22:18:12,754][INFO] Step 6: size: 6, coverage: 38.33%, cost: 6.0
[2024-10-06 22:18:12,764][INFO] Step 7: size: 7, coverage: 42.00%, cost: 7.0
[2024-10-06 22:18:12,774][INFO] Step 8: size: 8, coverage: 45.67%, cost: 8.0
[2024-10-06 22:18:12,784][INFO] Step 9: size: 9, coverage: 49.00%, cost: 9.0
[2024-10-06 22:18:12,794][INFO] Step 10: size: 10, coverage: 52.00%, cost: 10.0
[2024-10-06 22:18:12,805][INFO] Step 11: size: 11, coverage: 54.67%, cost: 11.0
[2024-10-06 22:18:12,815][INFO] Step 12: size: 12, coverage: 57.33%, cost: 12.0
[2024-10-06 22:18:12,825][INFO] Step 13: size: 13, coverage: 59.67%, cost: 13.0
[2024-10-06 22:18:12,835][INFO] Step 14: size: 14, coverage: 62.00%, cost: 14.0
[2024-10-06 22:18:12,845][INFO] Step 15: size: 15, coverage: 64.33%, cost: 15.0
[2024-10-06 22:18:12,855][INFO] Step 16: size: 16, coverage: 66.33%, cost: 16.0
[2024-10-06 22:18:12,865][INFO] Step 17: size: 17, coverage: 68.00%, cost: 17.0
[2024-10-06 22:18:12,875][INFO] Step 18: size: 18, coverage: 69.67%, cost: 18.0
[2024-10-06 22:18:12,885][INFO] Step 19: size: 19, coverage: 71.33%, cost: 19.0
[2024-10-06 22:18:12,895][INFO] Step 20: size: 20, coverage: 74.33%, cost: 21.0
[2024-10-06 22:18:12,905][INFO] Step 21: size: 21, coverage: 75.67%, cost: 22.0
[2024-10-06 22:18:12,915][INFO] Step 22: size: 22, coverage: 77.00%, cost: 23.0
[2024-10-06 22:18:12,925][INFO] Step 23: size: 23, coverage: 78.33%, cost: 24.0
[2024-10-06 22:18:12,935][INFO] Step 24: size: 24, coverage: 79.33%, cost: 25.0
[2024-10-06 22:18:12,945][INFO] Step 25: size: 25, coverage: 81.00%, cost: 27.0
[2024-10-06 22:18:12,955][INFO] Step 26: size: 26, coverage: 81.67%, cost: 28.0
[2024-10-06 22:18:12,966][INFO] Step 27: size: 27, coverage: 82.33%, cost: 29.0
[2024-10-06 22:18:12,976][INFO] Step 28: size: 28, coverage: 83.00%, cost: 30.0
[2024-10-06 22:18:12,986][INFO] Step 29: size: 29, coverage: 84.33%, cost: 32.0
[2024-10-06 22:18:12,996][INFO] Step 30: size: 30, coverage: 85.67%, cost: 34.0
[2024-10-06 22:18:13,007][INFO] Step 31: size: 31, coverage: 87.33%, cost: 37.0
[2024-10-06 22:18:13,017][INFO] Step 32: size: 32, coverage: 89.00%, cost: 40.0
[2024-10-06 22:18:13,028][INFO] Step 33: size: 33, coverage: 90.00%, cost: 42.0
[2024-10-06 22:18:13,038][INFO] Step 34: size: 34, coverage: 91.00%, cost: 44.0
[2024-10-06 22:18:13,048][INFO] Step 35: size: 35, coverage: 91.67%, cost: 46.0
[2024-10-06 22:18:13,059][INFO] Step 36: size: 36, coverage: 92.33%, cost: 48.0
[2024-10-06 22:18:13,070][INFO] Step 37: size: 37, coverage: 93.00%, cost: 50.0
[2024-10-06 22:18:13,080][INFO] Step 38: size: 38, coverage: 94.00%, cost: 53.0
[2024-10-06 22:18:13,091][INFO] Step 39: size: 39, coverage: 95.33%, cost: 58.0
[2024-10-06 22:18:13,102][INFO] Step 40: size: 40, coverage: 96.33%, cost: 62.0
[2024-10-06 22:18:13,113][INFO] Step 41: size: 41, coverage: 97.00%, cost: 65.0
[2024-10-06 22:18:13,124][INFO] Step 42: size: 42, coverage: 97.67%, cost: 68.0
[2024-10-06 22:18:13,135][INFO] Step 43: size: 43, coverage: 98.33%, cost: 71.0
[2024-10-06 22:18:13,145][INFO] Step 44: size: 44, coverage: 98.67%, cost: 73.0
[2024-10-06 22:18:13,156][INFO] Step 45: size: 45, coverage: 99.33%, cost: 78.0
[2024-10-06 22:18:13,168][INFO] Step 46: size: 46, coverage: 99.67%, cost: 81.0
[2024-10-06 22:18:13,179][INFO] Step 47: size: 47, coverage: 100.00%, cost: 86.0
[2024-10-06 22:18:13,180][INFO] Size: 47 -> 44
[2024-10-06 22:18:13,180][INFO] Cost: 86.0 -> 81.0
[2024-10-06 22:21:14,557][INFO] Step 1: size: 1, coverage: 8.00%, cost: 1.0
[2024-10-06 22:21:14,568][INFO] Step 2: size: 2, coverage: 15.33%, cost: 2.0
[2024-10-06 22:21:14,578][INFO] Step 3: size: 3, coverage: 22.33%, cost: 3.0
[2024-10-06 22:21:14,589][INFO] Step 4: size: 4, coverage: 28.33%, cost: 4.0
[2024-10-06 22:21:14,599][INFO] Step 5: size: 5, coverage: 33.67%, cost: 5.0
[2024-10-06 22:21:14,609][INFO] Step 6: size: 6, coverage: 38.33%, cost: 6.0
[2024-10-06 22:21:14,619][INFO] Step 7: size: 7, coverage: 42.00%, cost: 7.0
[2024-10-06 22:21:14,629][INFO] Step 8: size: 8, coverage: 45.67%, cost: 8.0
[2024-10-06 22:21:14,640][INFO] Step 9: size: 9, coverage: 49.00%, cost: 9.0
[2024-10-06 22:21:14,650][INFO] Step 10: size: 10, coverage: 52.00%, cost: 10.0
[2024-10-06 22:21:14,660][INFO] Step 11: size: 11, coverage: 54.67%, cost: 11.0
[2024-10-06 22:21:14,670][INFO] Step 12: size: 12, coverage: 57.33%, cost: 12.0
[2024-10-06 22:21:14,680][INFO] Step 13: size: 13, coverage: 59.67%, cost: 13.0
[2024-10-06 22:21:14,690][INFO] Step 14: size: 14, coverage: 62.00%, cost: 14.0
[2024-10-06 22:21:14,700][INFO] Step 15: size: 15, coverage: 64.33%, cost: 15.0
[2024-10-06 22:21:14,710][INFO] Step 16: size: 16, coverage: 66.33%, cost: 16.0
[2024-10-06 22:21:14,720][INFO] Step 17: size: 17, coverage: 68.00%, cost: 17.0
[2024-10-06 22:21:14,730][INFO] Step 18: size: 18, coverage: 69.67%, cost: 18.0
[2024-10-06 22:21:14,740][INFO] Step 19: size: 19, coverage: 71.33%, cost: 19.0
[2024-10-06 22:21:14,750][INFO] Step 20: size: 20, coverage: 74.33%, cost: 21.0
[2024-10-06 22:21:14,760][INFO] Step 21: size: 21, coverage: 75.67%, cost: 22.0
[2024-10-06 22:21:14,770][INFO] Step 22: size: 22, coverage: 77.00%, cost: 23.0
[2024-10-06 22:21:14,780][INFO] Step 23: size: 23, coverage: 78.33%, cost: 24.0
[2024-10-06 22:21:14,791][INFO] Step 24: size: 24, coverage: 79.33%, cost: 25.0
[2024-10-06 22:21:14,801][INFO] Step 25: size: 25, coverage: 81.00%, cost: 27.0
[2024-10-06 22:21:14,811][INFO] Step 26: size: 26, coverage: 81.67%, cost: 28.0
[2024-10-06 22:21:14,821][INFO] Step 27: size: 27, coverage: 82.33%, cost: 29.0
[2024-10-06 22:21:14,831][INFO] Step 28: size: 28, coverage: 83.00%, cost: 30.0
[2024-10-06 22:21:14,842][INFO] Step 29: size: 29, coverage: 84.33%, cost: 32.0
[2024-10-06 22:21:14,852][INFO] Step 30: size: 30, coverage: 85.67%, cost: 34.0
[2024-10-06 22:21:14,862][INFO] Step 31: size: 31, coverage: 87.33%, cost: 37.0
[2024-10-06 22:21:14,873][INFO] Step 32: size: 32, coverage: 89.00%, cost: 40.0
[2024-10-06 22:21:14,883][INFO] Step 33: size: 33, coverage: 90.00%, cost: 42.0
[2024-10-06 22:21:14,894][INFO] Step 34: size: 34, coverage: 91.00%, cost: 44.0
[2024-10-06 22:21:14,904][INFO] Step 35: size: 35, coverage: 91.67%, cost: 46.0
[2024-10-06 22:21:14,915][INFO] Step 36: size: 36, coverage: 92.33%, cost: 48.0
[2024-10-06 22:21:14,925][INFO] Step 37: size: 37, coverage: 93.00%, cost: 50.0
[2024-10-06 22:21:14,936][INFO] Step 38: size: 38, coverage: 94.00%, cost: 53.0
[2024-10-06 22:21:14,947][INFO] Step 39: size: 39, coverage: 95.33%, cost: 58.0
[2024-10-06 22:21:14,957][INFO] Step 40: size: 40, coverage: 96.33%, cost: 62.0
[2024-10-06 22:21:14,968][INFO] Step 41: size: 41, coverage: 97.00%, cost: 65.0
[2024-10-06 22:21:14,979][INFO] Step 42: size: 42, coverage: 97.67%, cost: 68.0
[2024-10-06 22:21:14,990][INFO] Step 43: size: 43, coverage: 98.33%, cost: 71.0
[2024-10-06 22:21:15,001][INFO] Step 44: size: 44, coverage: 98.67%, cost: 73.0
[2024-10-06 22:21:15,012][INFO] Step 45: size: 45, coverage: 99.33%, cost: 78.0
[2024-10-06 22:21:15,023][INFO] Step 46: size: 46, coverage: 99.67%, cost: 81.0
[2024-10-06 22:21:15,034][INFO] Step 47: size: 47, coverage: 100.00%, cost: 86.0
[2024-10-06 22:21:15,035][INFO] Size: 47 -> 44
[2024-10-06 22:21:15,035][INFO] Cost: 86.0 -> 81.0
[2024-10-08 22:46:15,609][INFO] Step 1: size: 1, coverage: 8.00%, cost: 1.0
[2024-10-08 22:46:15,621][INFO] Step 2: size: 2, coverage: 15.33%, cost: 2.0
[2024-10-08 22:46:15,631][INFO] Step 3: size: 3, coverage: 22.33%, cost: 3.0
[2024-10-08 22:46:15,641][INFO] Step 4: size: 4, coverage: 28.33%, cost: 4.0
[2024-10-08 22:46:15,651][INFO] Step 5: size: 5, coverage: 33.67%, cost: 5.0
[2024-10-08 22:46:15,662][INFO] Step 6: size: 6, coverage: 38.33%, cost: 6.0
[2024-10-08 22:46:15,672][INFO] Step 7: size: 7, coverage: 42.00%, cost: 7.0
[2024-10-08 22:46:15,682][INFO] Step 8: size: 8, coverage: 45.67%, cost: 8.0
[2024-10-08 22:46:15,693][INFO] Step 9: size: 9, coverage: 49.00%, cost: 9.0
[2024-10-08 22:46:15,703][INFO] Step 10: size: 10, coverage: 52.00%, cost: 10.0
[2024-10-08 22:46:15,713][INFO] Step 11: size: 11, coverage: 54.67%, cost: 11.0
[2024-10-08 22:46:15,724][INFO] Step 12: size: 12, coverage: 57.33%, cost: 12.0
[2024-10-08 22:46:15,734][INFO] Step 13: size: 13, coverage: 59.67%, cost: 13.0
[2024-10-08 22:46:15,744][INFO] Step 14: size: 14, coverage: 62.00%, cost: 14.0
[2024-10-08 22:46:15,754][INFO] Step 15: size: 15, coverage: 64.33%, cost: 15.0
[2024-10-08 22:46:15,764][INFO] Step 16: size: 16, coverage: 66.33%, cost: 16.0
[2024-10-08 22:46:15,774][INFO] Step 17: size: 17, coverage: 68.00%, cost: 17.0
[2024-10-08 22:46:15,784][INFO] Step 18: size: 18, coverage: 69.67%, cost: 18.0
[2024-10-08 22:46:15,794][INFO] Step 19: size: 19, coverage: 71.33%, cost: 19.0
[2024-10-08 22:46:15,805][INFO] Step 20: size: 20, coverage: 74.33%, cost: 21.0
[2024-10-08 22:46:15,815][INFO] Step 21: size: 21, coverage: 75.67%, cost: 22.0
[2024-10-08 22:46:15,825][INFO] Step 22: size: 22, coverage: 77.00%, cost: 23.0
[2024-10-08 22:46:15,836][INFO] Step 23: size: 23, coverage: 78.33%, cost: 24.0
[2024-10-08 22:46:15,847][INFO] Step 24: size: 24, coverage: 79.33%, cost: 25.0
[2024-10-08 22:46:15,858][INFO] Step 25: size: 25, coverage: 81.00%, cost: 27.0
[2024-10-08 22:46:15,868][INFO] Step 26: size: 26, coverage: 81.67%, cost: 28.0
[2024-10-08 22:46:15,879][INFO] Step 27: size: 27, coverage: 82.33%, cost: 29.0
[2024-10-08 22:46:15,889][INFO] Step 28: size: 28, coverage: 83.00%, cost: 30.0
[2024-10-08 22:46:15,899][INFO] Step 29: size: 29, coverage: 84.33%, cost: 32.0
[2024-10-08 22:46:15,910][INFO] Step 30: size: 30, coverage: 85.67%, cost: 34.0
[2024-10-08 22:46:15,920][INFO] Step 31: size: 31, coverage: 87.33%, cost: 37.0
[2024-10-08 22:46:15,931][INFO] Step 32: size: 32, coverage: 89.00%, cost: 40.0
[2024-10-08 22:46:15,941][INFO] Step 33: size: 33, coverage: 90.00%, cost: 42.0
[2024-10-08 22:46:15,952][INFO] Step 34: size: 34, coverage: 91.00%, cost: 44.0
[2024-10-08 22:46:15,963][INFO] Step 35: size: 35, coverage: 91.67%, cost: 46.0
[2024-10-08 22:46:15,973][INFO] Step 36: size: 36, coverage: 92.33%, cost: 48.0
[2024-10-08 22:46:15,984][INFO] Step 37: size: 37, coverage: 93.00%, cost: 50.0
[2024-10-08 22:46:15,995][INFO] Step 38: size: 38, coverage: 94.00%, cost: 53.0
[2024-10-08 22:46:16,005][INFO] Step 39: size: 39, coverage: 95.33%, cost: 58.0
[2024-10-08 22:46:16,016][INFO] Step 40: size: 40, coverage: 96.33%, cost: 62.0
[2024-10-08 22:46:16,027][INFO] Step 41: size: 41, coverage: 97.00%, cost: 65.0
[2024-10-08 22:46:16,038][INFO] Step 42: size: 42, coverage: 97.67%, cost: 68.0
[2024-10-08 22:46:16,049][INFO] Step 43: size: 43, coverage: 98.33%, cost: 71.0
[2024-10-08 22:46:16,060][INFO] Step 44: size: 44, coverage: 98.67%, cost: 73.0
[2024-10-08 22:46:16,072][INFO] Step 45: size: 45, coverage: 99.33%, cost: 78.0
[2024-10-08 22:46:16,083][INFO] Step 46: size: 46, coverage: 99.67%, cost: 81.0
[2024-10-08 22:46:16,094][INFO] Step 47: size: 47, coverage: 100.00%, cost: 86.0
[2024-10-08 22:46:16,095][INFO] Size: 47 -> 44
[2024-10-08 22:46:16,095][INFO] Cost: 86.0 -> 81.0
[2024-10-08 23:00:58,709][INFO] Step 1: size: 1, coverage: 8.00%, cost: 1.0
[2024-10-08 23:00:58,720][INFO] Step 2: size: 2, coverage: 15.33%, cost: 2.0
[2024-10-08 23:00:58,730][INFO] Step 3: size: 3, coverage: 22.33%, cost: 3.0
[2024-10-08 23:00:58,741][INFO] Step 4: size: 4, coverage: 28.33%, cost: 4.0
[2024-10-08 23:00:58,752][INFO] Step 5: size: 5, coverage: 33.67%, cost: 5.0
[2024-10-08 23:00:58,762][INFO] Step 6: size: 6, coverage: 38.33%, cost: 6.0
[2024-10-08 23:00:58,773][INFO] Step 7: size: 7, coverage: 42.00%, cost: 7.0
[2024-10-08 23:00:58,784][INFO] Step 8: size: 8, coverage: 45.67%, cost: 8.0
[2024-10-08 23:00:58,795][INFO] Step 9: size: 9, coverage: 49.00%, cost: 9.0
[2024-10-08 23:00:58,805][INFO] Step 10: size: 10, coverage: 52.00%, cost: 10.0
[2024-10-08 23:00:58,816][INFO] Step 11: size: 11, coverage: 54.67%, cost: 11.0
[2024-10-08 23:00:58,826][INFO] Step 12: size: 12, coverage: 57.33%, cost: 12.0
[2024-10-08 23:00:58,837][INFO] Step 13: size: 13, coverage: 59.67%, cost: 13.0
[2024-10-08 23:00:58,847][INFO] Step 14: size: 14, coverage: 62.00%, cost: 14.0
[2024-10-08 23:00:58,857][INFO] Step 15: size: 15, coverage: 64.33%, cost: 15.0
[2024-10-08 23:00:58,868][INFO] Step 16: size: 16, coverage: 66.33%, cost: 16.0
[2024-10-08 23:00:58,878][INFO] Step 17: size: 17, coverage: 68.00%, cost: 17.0
[2024-10-08 23:00:58,889][INFO] Step 18: size: 18, coverage: 69.67%, cost: 18.0
[2024-10-08 23:00:58,899][INFO] Step 19: size: 19, coverage: 71.33%, cost: 19.0
[2024-10-08 23:00:58,909][INFO] Step 20: size: 20, coverage: 74.33%, cost: 21.0
[2024-10-08 23:00:58,920][INFO] Step 21: size: 21, coverage: 75.67%, cost: 22.0
[2024-10-08 23:00:58,930][INFO] Step 22: size: 22, coverage: 77.00%, cost: 23.0
[2024-10-08 23:00:58,941][INFO] Step 23: size: 23, coverage: 78.33%, cost: 24.0
[2024-10-08 23:00:58,951][INFO] Step 24: size: 24, coverage: 79.33%, cost: 25.0
[2024-10-08 23:00:58,962][INFO] Step 25: size: 25, coverage: 81.00%, cost: 27.0
[2024-10-08 23:00:58,972][INFO] Step 26: size: 26, coverage: 81.67%, cost: 28.0
[2024-10-08 23:00:58,983][INFO] Step 27: size: 27, coverage: 82.33%, cost: 29.0
[2024-10-08 23:00:58,994][INFO] Step 28: size: 28, coverage: 83.00%, cost: 30.0
[2024-10-08 23:00:59,004][INFO] Step 29: size: 29, coverage: 84.33%, cost: 32.0
[2024-10-08 23:00:59,015][INFO] Step 30: size: 30, coverage: 85.67%, cost: 34.0
[2024-10-08 23:00:59,026][INFO] Step 31: size: 31, coverage: 87.33%, cost: 37.0
[2024-10-08 23:00:59,036][INFO] Step 32: size: 32, coverage: 89.00%, cost: 40.0
[2024-10-08 23:00:59,047][INFO] Step 33: size: 33, coverage: 90.00%, cost: 42.0
[2024-10-08 23:00:59,058][INFO] Step 34: size: 34, coverage: 91.00%, cost: 44.0
[2024-10-08 23:00:59,069][INFO] Step 35: size: 35, coverage: 91.67%, cost: 46.0
[2024-10-08 23:00:59,080][INFO] Step 36: size: 36, coverage: 92.33%, cost: 48.0
[2024-10-08 23:00:59,091][INFO] Step 37: size: 37, coverage: 93.00%, cost: 50.0
[2024-10-08 23:00:59,102][INFO] Step 38: size: 38, coverage: 94.00%, cost: 53.0
[2024-10-08 23:00:59,113][INFO] Step 39: size: 39, coverage: 95.33%, cost: 58.0
[2024-10-08 23:00:59,124][INFO] Step 40: size: 40, coverage: 96.33%, cost: 62.0
[2024-10-08 23:00:59,135][INFO] Step 41: size: 41, coverage: 97.00%, cost: 65.0
[2024-10-08 23:00:59,146][INFO] Step 42: size: 42, coverage: 97.67%, cost: 68.0
[2024-10-08 23:00:59,158][INFO] Step 43: size: 43, coverage: 98.33%, cost: 71.0
[2024-10-08 23:00:59,169][INFO] Step 44: size: 44, coverage: 98.67%, cost: 73.0
[2024-10-08 23:00:59,181][INFO] Step 45: size: 45, coverage: 99.33%, cost: 78.0
[2024-10-08 23:00:59,192][INFO] Step 46: size: 46, coverage: 99.67%, cost: 81.0
[2024-10-08 23:00:59,204][INFO] Step 47: size: 47, coverage: 100.00%, cost: 86.0
[2024-10-08 23:00:59,205][INFO] Size: 47 -> 44
[2024-10-08 23:00:59,205][INFO] Cost: 86.0 -> 81.0
[2024-10-08 23:02:34,645][INFO] Step 1: size: 1, coverage: 8.00%, cost: 1.0
[2024-10-08 23:02:34,656][INFO] Step 2: size: 2, coverage: 15.33%, cost: 2.0
[2024-10-08 23:02:34,666][INFO] Step 3: size: 3, coverage: 22.33%, cost: 3.0
[2024-10-08 23:02:34,677][INFO] Step 4: size: 4, coverage: 28.33%, cost: 4.0
[2024-10-08 23:02:34,687][INFO] Step 5: size: 5, coverage: 33.67%, cost: 5.0
[2024-10-08 23:02:34,697][INFO] Step 6: size: 6, coverage: 38.33%, cost: 6.0
[2024-10-08 23:02:34,707][INFO] Step 7: size: 7, coverage: 42.00%, cost: 7.0
[2024-10-08 23:02:34,717][INFO] Step 8: size: 8, coverage: 45.67%, cost: 8.0
[2024-10-08 23:02:34,728][INFO] Step 9: size: 9, coverage: 49.00%, cost: 9.0
[2024-10-08 23:02:34,738][INFO] Step 10: size: 10, coverage: 52.00%, cost: 10.0
[2024-10-08 23:02:34,748][INFO] Step 11: size: 11, coverage: 54.67%, cost: 11.0
[2024-10-08 23:02:34,758][INFO] Step 12: size: 12, coverage: 57.33%, cost: 12.0
[2024-10-08 23:02:34,768][INFO] Step 13: size: 13, coverage: 59.67%, cost: 13.0
[2024-10-08 23:02:34,778][INFO] Step 14: size: 14, coverage: 62.00%, cost: 14.0
[2024-10-08 23:02:34,788][INFO] Step 15: size: 15, coverage: 64.33%, cost: 15.0
[2024-10-08 23:02:34,798][INFO] Step 16: size: 16, coverage: 66.33%, cost: 16.0
[2024-10-08 23:02:34,808][INFO] Step 17: size: 17, coverage: 68.00%, cost: 17.0
[2024-10-08 23:02:34,818][INFO] Step 18: size: 18, coverage: 69.67%, cost: 18.0
[2024-10-08 23:02:34,828][INFO] Step 19: size: 19, coverage: 71.33%, cost: 19.0
[2024-10-08 23:02:34,838][INFO] Step 20: size: 20, coverage: 74.33%, cost: 21.0
[2024-10-08 23:02:34,848][INFO] Step 21: size: 21, coverage: 75.67%, cost: 22.0
[2024-10-08 23:02:34,858][INFO] Step 22: size: 22, coverage: 77.00%, cost: 23.0
[2024-10-08 23:02:34,869][INFO] Step 23: size: 23, coverage: 78.33%, cost: 24.0
[2024-10-08 23:02:34,879][INFO] Step 24: size: 24, coverage: 79.33%, cost: 25.0
[2024-10-08 23:02:34,889][INFO] Step 25: size: 25, coverage: 81.00%, cost: 27.0
[2024-10-08 23:02:34,899][INFO] Step 26: size: 26, coverage: 81.67%, cost: 28.0
[2024-10-08 23:02:34,910][INFO] Step 27: size: 27, coverage: 82.33%, cost: 29.0
[2024-10-08 23:02:34,920][INFO] Step 28: size: 28, coverage: 83.00%, cost: 30.0
[2024-10-08 23:02:34,930][INFO] Step 29: size: 29, coverage: 84.33%, cost: 32.0
[2024-10-08 23:02:34,941][INFO] Step 30: size: 30, coverage: 85.67%, cost: 34.0
[2024-10-08 23:02:34,951][INFO] Step 31: size: 31, coverage: 87.33%, cost: 37.0
[2024-10-08 23:02:34,961][INFO] Step 32: size: 32, coverage: 89.00%, cost: 40.0
[2024-10-08 23:02:34,972][INFO] Step 33: size: 33, coverage: 90.00%, cost: 42.0
[2024-10-08 23:02:34,982][INFO] Step 34: size: 34, coverage: 91.00%, cost: 44.0
[2024-10-08 23:02:34,993][INFO] Step 35: size: 35, coverage: 91.67%, cost: 46.0
[2024-10-08 23:02:35,004][INFO] Step 36: size: 36, coverage: 92.33%, cost: 48.0
[2024-10-08 23:02:35,014][INFO] Step 37: size: 37, coverage: 93.00%, cost: 50.0
[2024-10-08 23:02:35,025][INFO] Step 38: size: 38, coverage: 94.00%, cost: 53.0
[2024-10-08 23:02:35,036][INFO] Step 39: size: 39, coverage: 95.33%, cost: 58.0
[2024-10-08 23:02:35,047][INFO] Step 40: size: 40, coverage: 96.33%, cost: 62.0
[2024-10-08 23:02:35,057][INFO] Step 41: size: 41, coverage: 97.00%, cost: 65.0
[2024-10-08 23:02:35,068][INFO] Step 42: size: 42, coverage: 97.67%, cost: 68.0
[2024-10-08 23:02:35,079][INFO] Step 43: size: 43, coverage: 98.33%, cost: 71.0
[2024-10-08 23:02:35,090][INFO] Step 44: size: 44, coverage: 98.67%, cost: 73.0
[2024-10-08 23:02:35,101][INFO] Step 45: size: 45, coverage: 99.33%, cost: 78.0
[2024-10-08 23:02:35,112][INFO] Step 46: size: 46, coverage: 99.67%, cost: 81.0
[2024-10-08 23:02:35,124][INFO] Step 47: size: 47, coverage: 100.00%, cost: 86.0
[2024-10-08 23:02:35,125][INFO] Size: 47 -> 44
[2024-10-08 23:02:35,125][INFO] Cost: 86.0 -> 81.0
[2024-10-08 23:07:28,609][INFO] Step 1: size: 1, coverage: 8.00%, cost: 1.0
[2024-10-08 23:07:28,620][INFO] Step 2: size: 2, coverage: 15.33%, cost: 2.0
[2024-10-08 23:07:28,630][INFO] Step 3: size: 3, coverage: 22.33%, cost: 3.0
[2024-10-08 23:07:28,641][INFO] Step 4: size: 4, coverage: 28.33%, cost: 4.0
[2024-10-08 23:07:28,651][INFO] Step 5: size: 5, coverage: 33.67%, cost: 5.0
[2024-10-08 23:07:28,662][INFO] Step 6: size: 6, coverage: 38.33%, cost: 6.0
[2024-10-08 23:07:28,673][INFO] Step 7: size: 7, coverage: 42.00%, cost: 7.0
[2024-10-08 23:07:28,683][INFO] Step 8: size: 8, coverage: 45.67%, cost: 8.0
[2024-10-08 23:07:28,694][INFO] Step 9: size: 9, coverage: 49.00%, cost: 9.0
[2024-10-08 23:07:28,704][INFO] Step 10: size: 10, coverage: 52.00%, cost: 10.0
[2024-10-08 23:07:28,715][INFO] Step 11: size: 11, coverage: 54.67%, cost: 11.0
[2024-10-08 23:07:28,725][INFO] Step 12: size: 12, coverage: 57.33%, cost: 12.0
[2024-10-08 23:07:28,736][INFO] Step 13: size: 13, coverage: 59.67%, cost: 13.0
[2024-10-08 23:07:28,746][INFO] Step 14: size: 14, coverage: 62.00%, cost: 14.0
[2024-10-08 23:07:28,756][INFO] Step 15: size: 15, coverage: 64.33%, cost: 15.0
[2024-10-08 23:07:28,766][INFO] Step 16: size: 16, coverage: 66.33%, cost: 16.0
[2024-10-08 23:07:28,776][INFO] Step 17: size: 17, coverage: 68.00%, cost: 17.0
[2024-10-08 23:07:28,786][INFO] Step 18: size: 18, coverage: 69.67%, cost: 18.0
[2024-10-08 23:07:28,797][INFO] Step 19: size: 19, coverage: 71.33%, cost: 19.0
[2024-10-08 23:07:28,807][INFO] Step 20: size: 20, coverage: 74.33%, cost: 21.0
[2024-10-08 23:07:28,817][INFO] Step 21: size: 21, coverage: 75.67%, cost: 22.0
[2024-10-08 23:07:28,827][INFO] Step 22: size: 22, coverage: 77.00%, cost: 23.0
[2024-10-08 23:07:28,838][INFO] Step 23: size: 23, coverage: 78.33%, cost: 24.0
[2024-10-08 23:07:28,848][INFO] Step 24: size: 24, coverage: 79.33%, cost: 25.0
[2024-10-08 23:07:28,859][INFO] Step 25: size: 25, coverage: 81.00%, cost: 27.0
[2024-10-08 23:07:28,869][INFO] Step 26: size: 26, coverage: 81.67%, cost: 28.0
[2024-10-08 23:07:28,879][INFO] Step 27: size: 27, coverage: 82.33%, cost: 29.0
[2024-10-08 23:07:28,889][INFO] Step 28: size: 28, coverage: 83.00%, cost: 30.0
[2024-10-08 23:07:28,900][INFO] Step 29: size: 29, coverage: 84.33%, cost: 32.0
[2024-10-08 23:07:28,910][INFO] Step 30: size: 30, coverage: 85.67%, cost: 34.0
[2024-10-08 23:07:28,921][INFO] Step 31: size: 31, coverage: 87.33%, cost: 37.0
[2024-10-08 23:07:28,931][INFO] Step 32: size: 32, coverage: 89.00%, cost: 40.0
[2024-10-08 23:07:28,942][INFO] Step 33: size: 33, coverage: 90.00%, cost: 42.0
[2024-10-08 23:07:28,952][INFO] Step 34: size: 34, coverage: 91.00%, cost: 44.0
[2024-10-08 23:07:28,963][INFO] Step 35: size: 35, coverage: 91.67%, cost: 46.0
[2024-10-08 23:07:28,973][INFO] Step 36: size: 36, coverage: 92.33%, cost: 48.0
[2024-10-08 23:07:28,984][INFO] Step 37: size: 37, coverage: 93.00%, cost: 50.0
[2024-10-08 23:07:28,995][INFO] Step 38: size: 38, coverage: 94.00%, cost: 53.0
[2024-10-08 23:07:29,006][INFO] Step 39: size: 39, coverage: 95.33%, cost: 58.0
[2024-10-08 23:07:29,017][INFO] Step 40: size: 40, coverage: 96.33%, cost: 62.0
[2024-10-08 23:07:29,027][INFO] Step 41: size: 41, coverage: 97.00%, cost: 65.0
[2024-10-08 23:07:29,039][INFO] Step 42: size: 42, coverage: 97.67%, cost: 68.0
[2024-10-08 23:07:29,050][INFO] Step 43: size: 43, coverage: 98.33%, cost: 71.0
[2024-10-08 23:07:29,061][INFO] Step 44: size: 44, coverage: 98.67%, cost: 73.0
[2024-10-08 23:07:29,072][INFO] Step 45: size: 45, coverage: 99.33%, cost: 78.0
[2024-10-08 23:07:29,083][INFO] Step 46: size: 46, coverage: 99.67%, cost: 81.0
[2024-10-08 23:07:29,094][INFO] Step 47: size: 47, coverage: 100.00%, cost: 86.0
[2024-10-08 23:07:29,095][INFO] Size: 47 -> 44
[2024-10-08 23:07:29,095][INFO] Cost: 86.0 -> 81.0
[2024-10-13 15:18:18,612][INFO] Step 1: size: 1, coverage: 9.67%, cost: 21.0
[2024-10-13 15:18:18,623][INFO] Step 2: size: 2, coverage: 18.67%, cost: 38.0
[2024-10-13 15:18:18,633][INFO] Step 3: size: 3, coverage: 27.00%, cost: 78.0
[2024-10-13 15:18:18,644][INFO] Step 4: size: 4, coverage: 34.67%, cost: 118.0
[2024-10-13 15:18:18,654][INFO] Step 5: size: 5, coverage: 42.00%, cost: 131.0
[2024-10-13 15:18:18,664][INFO] Step 6: size: 6, coverage: 49.00%, cost: 147.0
[2024-10-13 15:18:18,675][INFO] Step 7: size: 7, coverage: 55.33%, cost: 188.0
[2024-10-13 15:18:18,685][INFO] Step 8: size: 8, coverage: 61.00%, cost: 261.0
[2024-10-13 15:18:18,695][INFO] Step 9: size: 9, coverage: 66.00%, cost: 272.0
[2024-10-13 15:18:18,705][INFO] Step 10: size: 10, coverage: 70.67%, cost: 308.0
[2024-10-13 15:18:18,715][INFO] Step 11: size: 11, coverage: 75.00%, cost: 344.0
[2024-10-13 15:18:18,725][INFO] Step 12: size: 12, coverage: 78.67%, cost: 375.0
[2024-10-13 15:18:18,735][INFO] Step 13: size: 13, coverage: 82.00%, cost: 386.0
[2024-10-13 15:18:18,745][INFO] Step 14: size: 14, coverage: 85.33%, cost: 410.0
[2024-10-13 15:18:18,755][INFO] Step 15: size: 15, coverage: 88.33%, cost: 471.0
[2024-10-13 15:18:18,765][INFO] Step 16: size: 16, coverage: 91.00%, cost: 543.0
[2024-10-13 15:18:18,775][INFO] Step 17: size: 17, coverage: 93.00%, cost: 641.0
[2024-10-13 15:18:18,785][INFO] Step 18: size: 18, coverage: 94.67%, cost: 642.0
[2024-10-13 15:18:18,795][INFO] Step 19: size: 19, coverage: 96.33%, cost: 665.0
[2024-10-13 15:18:18,806][INFO] Step 20: size: 20, coverage: 98.00%, cost: 718.0
[2024-10-13 15:18:18,816][INFO] Step 21: size: 21, coverage: 99.00%, cost: 734.0
[2024-10-13 15:18:18,827][INFO] Step 22: size: 22, coverage: 99.67%, cost: 742.0
[2024-10-13 15:18:18,837][INFO] Step 23: size: 23, coverage: 100.00%, cost: 743.0
[2024-10-13 15:18:18,838][INFO] Size: 23 -> 23
[2024-10-13 15:18:18,838][INFO] Cost: 743.0 -> 743.0
[2024-10-13 15:22:54,224][INFO] Step 1: size: 1, coverage: 9.67%, cost: 21.0
[2024-10-13 15:22:54,234][INFO] Step 2: size: 2, coverage: 18.67%, cost: 38.0
[2024-10-13 15:22:54,245][INFO] Step 3: size: 3, coverage: 27.00%, cost: 78.0
[2024-10-13 15:22:54,255][INFO] Step 4: size: 4, coverage: 34.67%, cost: 118.0
[2024-10-13 15:22:54,265][INFO] Step 5: size: 5, coverage: 42.00%, cost: 131.0
[2024-10-13 15:22:54,275][INFO] Step 6: size: 6, coverage: 49.00%, cost: 147.0
[2024-10-13 15:22:54,286][INFO] Step 7: size: 7, coverage: 55.33%, cost: 188.0
[2024-10-13 15:22:54,296][INFO] Step 8: size: 8, coverage: 61.00%, cost: 261.0
[2024-10-13 15:22:54,306][INFO] Step 9: size: 9, coverage: 66.00%, cost: 272.0
[2024-10-13 15:22:54,315][INFO] Step 10: size: 10, coverage: 70.67%, cost: 308.0
[2024-10-13 15:22:54,325][INFO] Step 11: size: 11, coverage: 75.00%, cost: 344.0
[2024-10-13 15:22:54,335][INFO] Step 12: size: 12, coverage: 78.67%, cost: 375.0
[2024-10-13 15:22:54,345][INFO] Step 13: size: 13, coverage: 82.00%, cost: 386.0
[2024-10-13 15:22:54,355][INFO] Step 14: size: 14, coverage: 85.33%, cost: 410.0
[2024-10-13 15:22:54,365][INFO] Step 15: size: 15, coverage: 88.33%, cost: 471.0
[2024-10-13 15:22:54,375][INFO] Step 16: size: 16, coverage: 91.00%, cost: 543.0
[2024-10-13 15:22:54,385][INFO] Step 17: size: 17, coverage: 93.00%, cost: 641.0
[2024-10-13 15:22:54,395][INFO] Step 18: size: 18, coverage: 94.67%, cost: 642.0
[2024-10-13 15:22:54,405][INFO] Step 19: size: 19, coverage: 96.33%, cost: 665.0
[2024-10-13 15:22:54,415][INFO] Step 20: size: 20, coverage: 98.00%, cost: 718.0
[2024-10-13 15:22:54,425][INFO] Step 21: size: 21, coverage: 99.00%, cost: 734.0
[2024-10-13 15:22:54,435][INFO] Step 22: size: 22, coverage: 99.67%, cost: 742.0
[2024-10-13 15:22:54,446][INFO] Step 23: size: 23, coverage: 100.00%, cost: 743.0
[2024-10-13 15:22:54,446][INFO] Size: 23 -> 23
[2024-10-13 15:22:54,446][INFO] Cost: 743.0 -> 743.0
[2024-10-13 15:24:45,717][INFO] Step 1: size: 1, coverage: 9.67%, cost: 21.0
[2024-10-13 15:24:45,727][INFO] Step 2: size: 2, coverage: 18.67%, cost: 38.0
[2024-10-13 15:24:45,738][INFO] Step 3: size: 3, coverage: 27.00%, cost: 78.0
[2024-10-13 15:24:45,749][INFO] Step 4: size: 4, coverage: 34.67%, cost: 118.0
[2024-10-13 15:24:45,759][INFO] Step 5: size: 5, coverage: 42.00%, cost: 131.0
[2024-10-13 15:24:45,770][INFO] Step 6: size: 6, coverage: 49.00%, cost: 147.0
[2024-10-13 15:24:45,780][INFO] Step 7: size: 7, coverage: 55.33%, cost: 188.0
[2024-10-13 15:24:45,790][INFO] Step 8: size: 8, coverage: 61.00%, cost: 261.0
[2024-10-13 15:24:45,801][INFO] Step 9: size: 9, coverage: 66.00%, cost: 272.0
[2024-10-13 15:24:45,811][INFO] Step 10: size: 10, coverage: 70.67%, cost: 308.0
[2024-10-13 15:24:45,821][INFO] Step 11: size: 11, coverage: 75.00%, cost: 344.0
[2024-10-13 15:24:45,831][INFO] Step 12: size: 12, coverage: 78.67%, cost: 375.0
[2024-10-13 15:24:45,841][INFO] Step 13: size: 13, coverage: 82.00%, cost: 386.0
[2024-10-13 15:24:45,851][INFO] Step 14: size: 14, coverage: 85.33%, cost: 410.0
[2024-10-13 15:24:45,861][INFO] Step 15: size: 15, coverage: 88.33%, cost: 471.0
[2024-10-13 15:24:45,872][INFO] Step 16: size: 16, coverage: 91.00%, cost: 543.0
[2024-10-13 15:24:45,882][INFO] Step 17: size: 17, coverage: 93.00%, cost: 641.0
[2024-10-13 15:24:45,892][INFO] Step 18: size: 18, coverage: 94.67%, cost: 642.0
[2024-10-13 15:24:45,902][INFO] Step 19: size: 19, coverage: 96.33%, cost: 665.0
[2024-10-13 15:24:45,913][INFO] Step 20: size: 20, coverage: 98.00%, cost: 718.0
[2024-10-13 15:24:45,923][INFO] Step 21: size: 21, coverage: 99.00%, cost: 734.0
[2024-10-13 15:24:45,934][INFO] Step 22: size: 22, coverage: 99.67%, cost: 742.0
[2024-10-13 15:24:45,944][INFO] Step 23: size: 23, coverage: 100.00%, cost: 743.0
[2024-10-13 15:24:45,945][INFO] Size: 23 -> 23
[2024-10-13 15:24:45,945][INFO] Cost: 743.0 -> 743.0
[2024-10-13 15:30:44,651][INFO] Step 1: size: 1, coverage: 9.67%, cost: 21.0
[2024-10-13 15:30:44,662][INFO] Step 2: size: 2, coverage: 18.67%, cost: 38.0
[2024-10-13 15:30:44,672][INFO] Step 3: size: 3, coverage: 27.00%, cost: 78.0
[2024-10-13 15:30:44,682][INFO] Step 4: size: 4, coverage: 34.67%, cost: 118.0
[2024-10-13 15:30:44,693][INFO] Step 5: size: 5, coverage: 42.00%, cost: 131.0
[2024-10-13 15:30:44,703][INFO] Step 6: size: 6, coverage: 49.00%, cost: 147.0
[2024-10-13 15:30:44,713][INFO] Step 7: size: 7, coverage: 55.33%, cost: 188.0
[2024-10-13 15:30:44,723][INFO] Step 8: size: 8, coverage: 61.00%, cost: 261.0
[2024-10-13 15:30:44,733][INFO] Step 9: size: 9, coverage: 66.00%, cost: 272.0
[2024-10-13 15:30:44,743][INFO] Step 10: size: 10, coverage: 70.67%, cost: 308.0
[2024-10-13 15:30:44,753][INFO] Step 11: size: 11, coverage: 75.00%, cost: 344.0
[2024-10-13 15:30:44,763][INFO] Step 12: size: 12, coverage: 78.67%, cost: 375.0
[2024-10-13 15:30:44,773][INFO] Step 13: size: 13, coverage: 82.00%, cost: 386.0
[2024-10-13 15:30:44,783][INFO] Step 14: size: 14, coverage: 85.33%, cost: 410.0
[2024-10-13 15:30:44,792][INFO] Step 15: size: 15, coverage: 88.33%, cost: 471.0
[2024-10-13 15:30:44,802][INFO] Step 16: size: 16, coverage: 91.00%, cost: 543.0
[2024-10-13 15:30:44,812][INFO] Step 17: size: 17, coverage: 93.00%, cost: 641.0
[2024-10-13 15:30:44,822][INFO] Step 18: size: 18, coverage: 94.67%, cost: 642.0
[2024-10-13 15:30:44,832][INFO] Step 19: size: 19, coverage: 96.33%, cost: 665.0
[2024-10-13 15:30:44,842][INFO] Step 20: size: 20, coverage: 98.00%, cost: 718.0
[2024-10-13 15:30:44,853][INFO] Step 21: size: 21, coverage: 99.00%, cost: 734.0
[2024-10-13 15:30:44,863][INFO] Step 22: size: 22, coverage: 99.67%, cost: 742.0
[2024-10-13 15:30:44,873][INFO] Step 23: size: 23, coverage: 100.00%, cost: 743.0
[2024-10-13 15:30:44,874][INFO] Size: 23 -> 23
[2024-10-13 15:30:44,874][INFO] Cost: 743.0 -> 743.0
[2024-10-13 15:36:09,529][INFO] Step 1: size: 1, coverage: 9.67%, cost: 21.0
[2024-10-13 15:36:09,539][INFO] Step 2: size: 2, coverage: 18.67%, cost: 38.0
[2024-10-13 15:36:09,550][INFO] Step 3: size: 3, coverage: 27.00%, cost: 78.0
[2024-10-13 15:36:09,560][INFO] Step 4: size: 4, coverage: 34.67%, cost: 118.0
[2024-10-13 15:36:09,570][INFO] Step 5: size: 5, coverage: 42.00%, cost: 131.0
[2024-10-13 15:36:09,580][INFO] Step 6: size: 6, coverage: 49.00%, cost: 147.0
[2024-10-13 15:36:09,591][INFO] Step 7: size: 7, coverage: 55.33%, cost: 188.0
[2024-10-13 15:36:09,601][INFO] Step 8: size: 8, coverage: 61.00%, cost: 261.0
[2024-10-13 15:36:09,611][INFO] Step 9: size: 9, coverage: 66.00%, cost: 272.0
[2024-10-13 15:36:09,621][INFO] Step 10: size: 10, coverage: 70.67%, cost: 308.0
[2024-10-13 15:36:09,631][INFO] Step 11: size: 11, coverage: 75.00%, cost: 344.0
[2024-10-13 15:36:09,640][INFO] Step 12: size: 12, coverage: 78.67%, cost: 375.0
[2024-10-13 15:36:09,650][INFO] Step 13: size: 13, coverage: 82.00%, cost: 386.0
[2024-10-13 15:36:09,660][INFO] Step 14: size: 14, coverage: 85.33%, cost: 410.0
[2024-10-13 15:36:09,670][INFO] Step 15: size: 15, coverage: 88.33%, cost: 471.0
[2024-10-13 15:36:09,680][INFO] Step 16: size: 16, coverage: 91.00%, cost: 543.0
[2024-10-13 15:36:09,690][INFO] Step 17: size: 17, coverage: 93.00%, cost: 641.0
[2024-10-13 15:36:09,700][INFO] Step 18: size: 18, coverage: 94.67%, cost: 642.0
[2024-10-13 15:36:09,710][INFO] Step 19: size: 19, coverage: 96.33%, cost: 665.0
[2024-10-13 15:36:09,720][INFO] Step 20: size: 20, coverage: 98.00%, cost: 718.0
[2024-10-13 15:36:09,731][INFO] Step 21: size: 21, coverage: 99.00%, cost: 734.0
[2024-10-13 15:36:09,741][INFO] Step 22: size: 22, coverage: 99.67%, cost: 742.0
[2024-10-13 15:36:09,751][INFO] Step 23: size: 23, coverage: 100.00%, cost: 743.0
[2024-10-13 15:36:09,752][INFO] Size: 23 -> 23
[2024-10-13 15:36:09,752][INFO] Cost: 743.0 -> 743.0
[2024-10-13 15:39:24,418][INFO] Step 1: size: 1, coverage: 8.00%, cost: 1.0
[2024-10-13 15:39:24,428][INFO] Step 2: size: 2, coverage: 15.33%, cost: 2.0
[2024-10-13 15:39:24,439][INFO] Step 3: size: 3, coverage: 22.33%, cost: 3.0
[2024-10-13 15:39:24,449][INFO] Step 4: size: 4, coverage: 28.33%, cost: 4.0
[2024-10-13 15:39:24,459][INFO] Step 5: size: 5, coverage: 33.67%, cost: 5.0
[2024-10-13 15:39:24,469][INFO] Step 6: size: 6, coverage: 38.33%, cost: 6.0
[2024-10-13 15:39:24,479][INFO] Step 7: size: 7, coverage: 42.00%, cost: 7.0
[2024-10-13 15:39:24,490][INFO] Step 8: size: 8, coverage: 45.67%, cost: 8.0
[2024-10-13 15:39:24,500][INFO] Step 9: size: 9, coverage: 49.00%, cost: 9.0
[2024-10-13 15:39:24,510][INFO] Step 10: size: 10, coverage: 52.00%, cost: 10.0
[2024-10-13 15:39:24,520][INFO] Step 11: size: 11, coverage: 54.67%, cost: 11.0
[2024-10-13 15:39:24,531][INFO] Step 12: size: 12, coverage: 57.33%, cost: 12.0
[2024-10-13 15:39:24,541][INFO] Step 13: size: 13, coverage: 59.67%, cost: 13.0
[2024-10-13 15:39:24,551][INFO] Step 14: size: 14, coverage: 62.00%, cost: 14.0
[2024-10-13 15:39:24,561][INFO] Step 15: size: 15, coverage: 64.33%, cost: 15.0
[2024-10-13 15:39:24,571][INFO] Step 16: size: 16, coverage: 66.33%, cost: 16.0
[2024-10-13 15:39:24,581][INFO] Step 17: size: 17, coverage: 68.00%, cost: 17.0
[2024-10-13 15:39:24,591][INFO] Step 18: size: 18, coverage: 69.67%, cost: 18.0
[2024-10-13 15:39:24,601][INFO] Step 19: size: 19, coverage: 71.33%, cost: 19.0
[2024-10-13 15:39:24,611][INFO] Step 20: size: 20, coverage: 74.33%, cost: 21.0
[2024-10-13 15:39:24,621][INFO] Step 21: size: 21, coverage: 75.67%, cost: 22.0
[2024-10-13 15:39:24,631][INFO] Step 22: size: 22, coverage: 77.00%, cost: 23.0
[2024-10-13 15:39:24,641][INFO] Step 23: size: 23, coverage: 78.33%, cost: 24.0
[2024-10-13 15:39:24,652][INFO] Step 24: size: 24, coverage: 79.33%, cost: 25.0
[2024-10-13 15:39:24,662][INFO] Step 25: size: 25, coverage: 81.00%, cost: 27.0
[2024-10-13 15:39:24,672][INFO] Step 26: size: 26, coverage: 81.67%, cost: 28.0
[2024-10-13 15:39:24,682][INFO] Step 27: size: 27, coverage: 82.33%, cost: 29.0
[2024-10-13 15:39:24,693][INFO] Step 28: size: 28, coverage: 83.00%, cost: 30.0
[2024-10-13 15:39:24,703][INFO] Step 29: size: 29, coverage: 84.33%, cost: 32.0
[2024-10-13 15:39:24,713][INFO] Step 30: size: 30, coverage: 85.67%, cost: 34.0
[2024-10-13 15:39:24,724][INFO] Step 31: size: 31, coverage: 87.33%, cost: 37.0
[2024-10-13 15:39:24,734][INFO] Step 32: size: 32, coverage: 89.00%, cost: 40.0
[2024-10-13 15:39:24,745][INFO] Step 33: size: 33, coverage: 90.00%, cost: 42.0
[2024-10-13 15:39:24,755][INFO] Step 34: size: 34, coverage: 91.00%, cost: 44.0
[2024-10-13 15:39:24,766][INFO] Step 35: size: 35, coverage: 91.67%, cost: 46.0
[2024-10-13 15:39:24,776][INFO] Step 36: size: 36, coverage: 92.33%, cost: 48.0
[2024-10-13 15:39:24,787][INFO] Step 37: size: 37, coverage: 93.00%, cost: 50.0
[2024-10-13 15:39:24,798][INFO] Step 38: size: 38, coverage: 94.00%, cost: 53.0
[2024-10-13 15:39:24,808][INFO] Step 39: size: 39, coverage: 95.33%, cost: 58.0
[2024-10-13 15:39:24,819][INFO] Step 40: size: 40, coverage: 96.33%, cost: 62.0
[2024-10-13 15:39:24,830][INFO] Step 41: size: 41, coverage: 97.00%, cost: 65.0
[2024-10-13 15:39:24,841][INFO] Step 42: size: 42, coverage: 97.67%, cost: 68.0
[2024-10-13 15:39:24,852][INFO] Step 43: size: 43, coverage: 98.33%, cost: 71.0
[2024-10-13 15:39:24,863][INFO] Step 44: size: 44, coverage: 98.67%, cost: 73.0
[2024-10-13 15:39:24,874][INFO] Step 45: size: 45, coverage: 99.33%, cost: 78.0
[2024-10-13 15:39:24,885][INFO] Step 46: size: 46, coverage: 99.67%, cost: 81.0
[2024-10-13 15:39:24,896][INFO] Step 47: size: 47, coverage: 100.00%, cost: 86.0
[2024-10-13 15:39:24,897][INFO] Size: 47 -> 44
[2024-10-13 15:39:24,897][INFO] Cost: 86.0 -> 81.0
[2024-10-13 15:58:10,050][INFO] Step 1: size: 1, coverage: 8.00%, cost: 1.0
[2024-10-13 15:58:10,061][INFO] Step 2: size: 2, coverage: 15.33%, cost: 2.0
[2024-10-13 15:58:10,071][INFO] Step 3: size: 3, coverage: 22.33%, cost: 3.0
[2024-10-13 15:58:10,082][INFO] Step 4: size: 4, coverage: 28.33%, cost: 4.0
[2024-10-13 15:58:10,092][INFO] Step 5: size: 5, coverage: 33.67%, cost: 5.0
[2024-10-13 15:58:10,102][INFO] Step 6: size: 6, coverage: 38.33%, cost: 6.0
[2024-10-13 15:58:10,112][INFO] Step 7: size: 7, coverage: 42.00%, cost: 7.0
[2024-10-13 15:58:10,122][INFO] Step 8: size: 8, coverage: 45.67%, cost: 8.0
[2024-10-13 15:58:10,133][INFO] Step 9: size: 9, coverage: 49.00%, cost: 9.0
[2024-10-13 15:58:10,143][INFO] Step 10: size: 10, coverage: 52.00%, cost: 10.0
[2024-10-13 15:58:10,154][INFO] Step 11: size: 11, coverage: 54.67%, cost: 11.0
[2024-10-13 15:58:10,164][INFO] Step 12: size: 12, coverage: 57.33%, cost: 12.0
[2024-10-13 15:58:10,174][INFO] Step 13: size: 13, coverage: 59.67%, cost: 13.0
[2024-10-13 15:58:10,184][INFO] Step 14: size: 14, coverage: 62.00%, cost: 14.0
[2024-10-13 15:58:10,194][INFO] Step 15: size: 15, coverage: 64.33%, cost: 15.0
[2024-10-13 15:58:10,204][INFO] Step 16: size: 16, coverage: 66.33%, cost: 16.0
[2024-10-13 15:58:10,214][INFO] Step 17: size: 17, coverage: 68.00%, cost: 17.0
[2024-10-13 15:58:10,224][INFO] Step 18: size: 18, coverage: 69.67%, cost: 18.0
[2024-10-13 15:58:10,234][INFO] Step 19: size: 19, coverage: 71.33%, cost: 19.0
[2024-10-13 15:58:10,244][INFO] Step 20: size: 20, coverage: 74.33%, cost: 21.0
[2024-10-13 15:58:10,255][INFO] Step 21: size: 21, coverage: 75.67%, cost: 22.0
[2024-10-13 15:58:10,265][INFO] Step 22: size: 22, coverage: 77.00%, cost: 23.0
[2024-10-13 15:58:10,275][INFO] Step 23: size: 23, coverage: 78.33%, cost: 24.0
[2024-10-13 15:58:10,286][INFO] Step 24: size: 24, coverage: 79.33%, cost: 25.0
[2024-10-13 15:58:10,296][INFO] Step 25: size: 25, coverage: 81.00%, cost: 27.0
[2024-10-13 15:58:10,306][INFO] Step 26: size: 26, coverage: 81.67%, cost: 28.0
[2024-10-13 15:58:10,317][INFO] Step 27: size: 27, coverage: 82.33%, cost: 29.0
[2024-10-13 15:58:10,327][INFO] Step 28: size: 28, coverage: 83.00%, cost: 30.0
[2024-10-13 15:58:10,337][INFO] Step 29: size: 29, coverage: 84.33%, cost: 32.0
[2024-10-13 15:58:10,348][INFO] Step 30: size: 30, coverage: 85.67%, cost: 34.0
[2024-10-13 15:58:10,358][INFO] Step 31: size: 31, coverage: 87.33%, cost: 37.0
[2024-10-13 15:58:10,369][INFO] Step 32: size: 32, coverage: 89.00%, cost: 40.0
[2024-10-13 15:58:10,379][INFO] Step 33: size: 33, coverage: 90.00%, cost: 42.0
[2024-10-13 15:58:10,390][INFO] Step 34: size: 34, coverage: 91.00%, cost: 44.0
[2024-10-13 15:58:10,401][INFO] Step 35: size: 35, coverage: 91.67%, cost: 46.0
[2024-10-13 15:58:10,412][INFO] Step 36: size: 36, coverage: 92.33%, cost: 48.0
[2024-10-13 15:58:10,422][INFO] Step 37: size: 37, coverage: 93.00%, cost: 50.0
[2024-10-13 15:58:10,433][INFO] Step 38: size: 38, coverage: 94.00%, cost: 53.0
[2024-10-13 15:58:10,444][INFO] Step 39: size: 39, coverage: 95.33%, cost: 58.0
[2024-10-13 15:58:10,455][INFO] Step 40: size: 40, coverage: 96.33%, cost: 62.0
[2024-10-13 15:58:10,466][INFO] Step 41: size: 41, coverage: 97.00%, cost: 65.0
[2024-10-13 15:58:10,477][INFO] Step 42: size: 42, coverage: 97.67%, cost: 68.0
[2024-10-13 15:58:10,488][INFO] Step 43: size: 43, coverage: 98.33%, cost: 71.0
[2024-10-13 15:58:10,499][INFO] Step 44: size: 44, coverage: 98.67%, cost: 73.0
[2024-10-13 15:58:10,511][INFO] Step 45: size: 45, coverage: 99.33%, cost: 78.0
[2024-10-13 15:58:10,522][INFO] Step 46: size: 46, coverage: 99.67%, cost: 81.0
[2024-10-13 15:58:10,533][INFO] Step 47: size: 47, coverage: 100.00%, cost: 86.0
[2024-10-13 15:58:10,534][INFO] Size: 47 -> 44
[2024-10-13 15:58:10,534][INFO] Cost: 86.0 -> 81.0
[2024-10-13 16:04:09,063][INFO] Step 1: size: 1, coverage: 8.00%, cost: 1.0
[2024-10-13 16:04:09,074][INFO] Step 2: size: 2, coverage: 15.33%, cost: 2.0
[2024-10-13 16:04:09,085][INFO] Step 3: size: 3, coverage: 22.33%, cost: 3.0
[2024-10-13 16:04:09,096][INFO] Step 4: size: 4, coverage: 28.33%, cost: 4.0
[2024-10-13 16:04:09,106][INFO] Step 5: size: 5, coverage: 33.67%, cost: 5.0
[2024-10-13 16:04:09,117][INFO] Step 6: size: 6, coverage: 38.33%, cost: 6.0
[2024-10-13 16:04:09,127][INFO] Step 7: size: 7, coverage: 42.00%, cost: 7.0
[2024-10-13 16:04:09,138][INFO] Step 8: size: 8, coverage: 45.67%, cost: 8.0
[2024-10-13 16:04:09,149][INFO] Step 9: size: 9, coverage: 49.00%, cost: 9.0
[2024-10-13 16:04:09,159][INFO] Step 10: size: 10, coverage: 52.00%, cost: 10.0
[2024-10-13 16:04:09,170][INFO] Step 11: size: 11, coverage: 54.67%, cost: 11.0
[2024-10-13 16:04:09,180][INFO] Step 12: size: 12, coverage: 57.33%, cost: 12.0
[2024-10-13 16:04:09,191][INFO] Step 13: size: 13, coverage: 59.67%, cost: 13.0
[2024-10-13 16:04:09,201][INFO] Step 14: size: 14, coverage: 62.00%, cost: 14.0
[2024-10-13 16:04:09,211][INFO] Step 15: size: 15, coverage: 64.33%, cost: 15.0
[2024-10-13 16:04:09,222][INFO] Step 16: size: 16, coverage: 66.33%, cost: 16.0
[2024-10-13 16:04:09,232][INFO] Step 17: size: 17, coverage: 68.00%, cost: 17.0
[2024-10-13 16:04:09,242][INFO] Step 18: size: 18, coverage: 69.67%, cost: 18.0
[2024-10-13 16:04:09,253][INFO] Step 19: size: 19, coverage: 71.33%, cost: 19.0
[2024-10-13 16:04:09,263][INFO] Step 20: size: 20, coverage: 74.33%, cost: 21.0
[2024-10-13 16:04:09,273][INFO] Step 21: size: 21, coverage: 75.67%, cost: 22.0
[2024-10-13 16:04:09,284][INFO] Step 22: size: 22, coverage: 77.00%, cost: 23.0
[2024-10-13 16:04:09,294][INFO] Step 23: size: 23, coverage: 78.33%, cost: 24.0
[2024-10-13 16:04:09,305][INFO] Step 24: size: 24, coverage: 79.33%, cost: 25.0
[2024-10-13 16:04:09,316][INFO] Step 25: size: 25, coverage: 81.00%, cost: 27.0
[2024-10-13 16:04:09,326][INFO] Step 26: size: 26, coverage: 81.67%, cost: 28.0
[2024-10-13 16:04:09,337][INFO] Step 27: size: 27, coverage: 82.33%, cost: 29.0
[2024-10-13 16:04:09,347][INFO] Step 28: size: 28, coverage: 83.00%, cost: 30.0
[2024-10-13 16:04:09,358][INFO] Step 29: size: 29, coverage: 84.33%, cost: 32.0
[2024-10-13 16:04:09,369][INFO] Step 30: size: 30, coverage: 85.67%, cost: 34.0
[2024-10-13 16:04:09,379][INFO] Step 31: size: 31, coverage: 87.33%, cost: 37.0
[2024-10-13 16:04:09,390][INFO] Step 32: size: 32, coverage: 89.00%, cost: 40.0
[2024-10-13 16:04:09,401][INFO] Step 33: size: 33, coverage: 90.00%, cost: 42.0
[2024-10-13 16:04:09,412][INFO] Step 34: size: 34, coverage: 91.00%, cost: 44.0
[2024-10-13 16:04:09,423][INFO] Step 35: size: 35, coverage: 91.67%, cost: 46.0
[2024-10-13 16:04:09,434][INFO] Step 36: size: 36, coverage: 92.33%, cost: 48.0
[2024-10-13 16:04:09,445][INFO] Step 37: size: 37, coverage: 93.00%, cost: 50.0
[2024-10-13 16:04:09,456][INFO] Step 38: size: 38, coverage: 94.00%, cost: 53.0
[2024-10-13 16:04:09,467][INFO] Step 39: size: 39, coverage: 95.33%, cost: 58.0
[2024-10-13 16:04:09,478][INFO] Step 40: size: 40, coverage: 96.33%, cost: 62.0
[2024-10-13 16:04:09,489][INFO] Step 41: size: 41, coverage: 97.00%, cost: 65.0
[2024-10-13 16:04:09,500][INFO] Step 42: size: 42, coverage: 97.67%, cost: 68.0
[2024-10-13 16:04:09,511][INFO] Step 43: size: 43, coverage: 98.33%, cost: 71.0
[2024-10-13 16:04:09,523][INFO] Step 44: size: 44, coverage: 98.67%, cost: 73.0
[2024-10-13 16:04:09,534][INFO] Step 45: size: 45, coverage: 99.33%, cost: 78.0
[2024-10-13 16:04:09,546][INFO] Step 46: size: 46, coverage: 99.67%, cost: 81.0
[2024-10-13 16:04:09,557][INFO] Step 47: size: 47, coverage: 100.00%, cost: 86.0
[2024-10-13 16:04:09,558][INFO] Size: 47 -> 44
[2024-10-13 16:04:09,558][INFO] Cost: 86.0 -> 81.0
[2024-10-13 16:09:42,187][INFO] Step 1: size: 1, coverage: 8.00%, cost: 1.0
[2024-10-13 16:09:42,197][INFO] Step 2: size: 2, coverage: 15.33%, cost: 2.0
[2024-10-13 16:09:42,207][INFO] Step 3: size: 3, coverage: 22.33%, cost: 3.0
[2024-10-13 16:09:42,218][INFO] Step 4: size: 4, coverage: 28.33%, cost: 4.0
[2024-10-13 16:09:42,228][INFO] Step 5: size: 5, coverage: 33.67%, cost: 5.0
[2024-10-13 16:09:42,238][INFO] Step 6: size: 6, coverage: 38.33%, cost: 6.0
[2024-10-13 16:09:42,248][INFO] Step 7: size: 7, coverage: 42.00%, cost: 7.0
[2024-10-13 16:09:42,258][INFO] Step 8: size: 8, coverage: 45.67%, cost: 8.0
[2024-10-13 16:09:42,269][INFO] Step 9: size: 9, coverage: 49.00%, cost: 9.0
[2024-10-13 16:09:42,279][INFO] Step 10: size: 10, coverage: 52.00%, cost: 10.0
[2024-10-13 16:09:42,289][INFO] Step 11: size: 11, coverage: 54.67%, cost: 11.0
[2024-10-13 16:09:42,299][INFO] Step 12: size: 12, coverage: 57.33%, cost: 12.0
[2024-10-13 16:09:42,309][INFO] Step 13: size: 13, coverage: 59.67%, cost: 13.0
[2024-10-13 16:09:42,319][INFO] Step 14: size: 14, coverage: 62.00%, cost: 14.0
[2024-10-13 16:09:42,329][INFO] Step 15: size: 15, coverage: 64.33%, cost: 15.0
[2024-10-13 16:09:42,339][INFO] Step 16: size: 16, coverage: 66.33%, cost: 16.0
[2024-10-13 16:09:42,349][INFO] Step 17: size: 17, coverage: 68.00%, cost: 17.0
[2024-10-13 16:09:42,359][INFO] Step 18: size: 18, coverage: 69.67%, cost: 18.0
[2024-10-13 16:09:42,369][INFO] Step 19: size: 19, coverage: 71.33%, cost: 19.0
[2024-10-13 16:09:42,379][INFO] Step 20: size: 20, coverage: 74.33%, cost: 21.0
[2024-10-13 16:09:42,389][INFO] Step 21: size: 21, coverage: 75.67%, cost: 22.0
[2024-10-13 16:09:42,399][INFO] Step 22: size: 22, coverage: 77.00%, cost: 23.0
[2024-10-13 16:09:42,410][INFO] Step 23: size: 23, coverage: 78.33%, cost: 24.0
[2024-10-13 16:09:42,420][INFO] Step 24: size: 24, coverage: 79.33%, cost: 25.0
[2024-10-13 16:09:42,430][INFO] Step 25: size: 25, coverage: 81.00%, cost: 27.0
[2024-10-13 16:09:42,440][INFO] Step 26: size: 26, coverage: 81.67%, cost: 28.0
[2024-10-13 16:09:42,450][INFO] Step 27: size: 27, coverage: 82.33%, cost: 29.0
[2024-10-13 16:09:42,461][INFO] Step 28: size: 28, coverage: 83.00%, cost: 30.0
[2024-10-13 16:09:42,471][INFO] Step 29: size: 29, coverage: 84.33%, cost: 32.0
[2024-10-13 16:09:42,481][INFO] Step 30: size: 30, coverage: 85.67%, cost: 34.0
[2024-10-13 16:09:42,492][INFO] Step 31: size: 31, coverage: 87.33%, cost: 37.0
[2024-10-13 16:09:42,502][INFO] Step 32: size: 32, coverage: 89.00%, cost: 40.0
[2024-10-13 16:09:42,513][INFO] Step 33: size: 33, coverage: 90.00%, cost: 42.0
[2024-10-13 16:09:42,523][INFO] Step 34: size: 34, coverage: 91.00%, cost: 44.0
[2024-10-13 16:09:42,534][INFO] Step 35: size: 35, coverage: 91.67%, cost: 46.0
[2024-10-13 16:09:42,544][INFO] Step 36: size: 36, coverage: 92.33%, cost: 48.0
[2024-10-13 16:09:42,555][INFO] Step 37: size: 37, coverage: 93.00%, cost: 50.0
[2024-10-13 16:09:42,565][INFO] Step 38: size: 38, coverage: 94.00%, cost: 53.0
[2024-10-13 16:09:42,576][INFO] Step 39: size: 39, coverage: 95.33%, cost: 58.0
[2024-10-13 16:09:42,587][INFO] Step 40: size: 40, coverage: 96.33%, cost: 62.0
[2024-10-13 16:09:42,598][INFO] Step 41: size: 41, coverage: 97.00%, cost: 65.0
[2024-10-13 16:09:42,609][INFO] Step 42: size: 42, coverage: 97.67%, cost: 68.0
[2024-10-13 16:09:42,620][INFO] Step 43: size: 43, coverage: 98.33%, cost: 71.0
[2024-10-13 16:09:42,631][INFO] Step 44: size: 44, coverage: 98.67%, cost: 73.0
[2024-10-13 16:09:42,642][INFO] Step 45: size: 45, coverage: 99.33%, cost: 78.0
[2024-10-13 16:09:42,653][INFO] Step 46: size: 46, coverage: 99.67%, cost: 81.0
[2024-10-13 16:09:42,664][INFO] Step 47: size: 47, coverage: 100.00%, cost: 86.0
[2024-10-13 16:09:42,665][INFO] Size: 47 -> 44
[2024-10-13 16:09:42,665][INFO] Cost: 86.0 -> 81.0
