[2024-10-06 17:31:03,278][INFO] Step 1: size: 1, coverage: 7.00%, cost: 1.0
[2024-10-06 17:31:03,288][INFO] Step 2: size: 2, coverage: 13.67%, cost: 2.0
[2024-10-06 17:31:03,298][INFO] Step 3: size: 3, coverage: 19.67%, cost: 3.0
[2024-10-06 17:31:03,309][INFO] Step 4: size: 4, coverage: 25.00%, cost: 4.0
[2024-10-06 17:31:03,319][INFO] Step 5: size: 5, coverage: 30.33%, cost: 5.0
[2024-10-06 17:31:03,329][INFO] Step 6: size: 6, coverage: 34.67%, cost: 6.0
[2024-10-06 17:31:03,339][INFO] Step 7: size: 7, coverage: 38.67%, cost: 7.0
[2024-10-06 17:31:03,349][INFO] Step 8: size: 8, coverage: 42.00%, cost: 8.0
[2024-10-06 17:31:03,359][INFO] Step 9: size: 9, coverage: 45.00%, cost: 9.0
[2024-10-06 17:31:03,369][INFO] Step 10: size: 10, coverage: 48.00%, cost: 10.0
[2024-10-06 17:31:03,380][INFO] Step 11: size: 11, coverage: 50.67%, cost: 11.0
[2024-10-06 17:31:03,390][INFO] Step 12: size: 12, coverage: 53.00%, cost: 12.0
[2024-10-06 17:31:03,400][INFO] Step 13: size: 13, coverage: 55.33%, cost: 13.0
[2024-10-06 17:31:03,410][INFO] Step 14: size: 14, coverage: 57.33%, cost: 14.0
[2024-10-06 17:31:03,420][INFO] Step 15: size: 15, coverage: 59.33%, cost: 15.0
[2024-10-06 17:31:03,430][INFO] Step 16: size: 16, coverage: 63.00%, cost: 17.0
[2024-10-06 17:31:03,440][INFO] Step 17: size: 17, coverage: 64.67%, cost: 18.0
[2024-10-06 17:31:03,450][INFO] Step 18: size: 18, coverage: 66.33%, cost: 19.0
[2024-10-06 17:31:03,460][INFO] Step 19: size: 19, coverage: 68.00%, cost: 20.0
[2024-10-06 17:31:03,470][INFO] Step 20: size: 20, coverage: 71.33%, cost: 22.0
[2024-10-06 17:31:03,480][INFO] Step 21: size: 21, coverage: 73.67%, cost: 24.0
[2024-10-06 17:31:03,490][INFO] Step 22: size: 22, coverage: 76.00%, cost: 26.0
[2024-10-06 17:31:03,500][INFO] Step 23: size: 23, coverage: 78.33%, cost: 28.0
[2024-10-06 17:31:03,510][INFO] Step 24: size: 24, coverage: 81.00%, cost: 31.0
[2024-10-06 17:31:03,520][INFO] Step 25: size: 25, coverage: 83.33%, cost: 34.0
[2024-10-06 17:31:03,530][INFO] Step 26: size: 26, coverage: 84.67%, cost: 36.0
[2024-10-06 17:31:03,540][INFO] Step 27: size: 27, coverage: 86.00%, cost: 38.0
[2024-10-06 17:31:03,550][INFO] Step 28: size: 28, coverage: 88.00%, cost: 41.0
[2024-10-06 17:31:03,560][INFO] Step 29: size: 29, coverage: 89.67%, cost: 44.0
[2024-10-06 17:31:03,570][INFO] Step 30: size: 30, coverage: 90.67%, cost: 46.0
[2024-10-06 17:31:03,581][INFO] Step 31: size: 31, coverage: 91.67%, cost: 48.0
[2024-10-06 17:31:03,591][INFO] Step 32: size: 32, coverage: 92.67%, cost: 50.0
[2024-10-06 17:31:03,601][INFO] Step 33: size: 33, coverage: 94.00%, cost: 53.0
[2024-10-06 17:31:03,611][INFO] Step 34: size: 34, coverage: 94.67%, cost: 55.0
[2024-10-06 17:31:03,622][INFO] Step 35: size: 35, coverage: 95.33%, cost: 57.0
[2024-10-06 17:31:03,632][INFO] Step 36: size: 36, coverage: 96.00%, cost: 60.0
[2024-10-06 17:31:03,643][INFO] Step 37: size: 37, coverage: 96.33%, cost: 62.0
[2024-10-06 17:31:03,653][INFO] Step 38: size: 38, coverage: 96.67%, cost: 64.0
[2024-10-06 17:31:03,664][INFO] Step 39: size: 39, coverage: 97.00%, cost: 66.0
[2024-10-06 17:31:03,674][INFO] Step 40: size: 40, coverage: 97.33%, cost: 68.0
[2024-10-06 17:31:03,685][INFO] Step 41: size: 41, coverage: 97.67%, cost: 70.0
[2024-10-06 17:31:03,696][INFO] Step 42: size: 42, coverage: 98.00%, cost: 72.0
[2024-10-06 17:31:03,706][INFO] Step 43: size: 43, coverage: 98.67%, cost: 77.0
[2024-10-06 17:31:03,717][INFO] Step 44: size: 44, coverage: 99.00%, cost: 80.0
[2024-10-06 17:31:03,728][INFO] Step 45: size: 45, coverage: 99.33%, cost: 83.0
[2024-10-06 17:31:03,739][INFO] Step 46: size: 46, coverage: 99.67%, cost: 86.0
[2024-10-06 17:31:03,750][INFO] Step 47: size: 47, coverage: 100.00%, cost: 89.0
[2024-10-06 18:49:56,990][INFO] Step 1: size: 1, coverage: 7.00%, cost: 1.0
[2024-10-06 18:49:57,000][INFO] Step 2: size: 2, coverage: 13.67%, cost: 2.0
[2024-10-06 18:49:57,010][INFO] Step 3: size: 3, coverage: 19.67%, cost: 3.0
[2024-10-06 18:49:57,020][INFO] Step 4: size: 4, coverage: 25.00%, cost: 4.0
[2024-10-06 18:49:57,031][INFO] Step 5: size: 5, coverage: 30.33%, cost: 5.0
[2024-10-06 18:49:57,041][INFO] Step 6: size: 6, coverage: 34.67%, cost: 6.0
[2024-10-06 18:49:57,051][INFO] Step 7: size: 7, coverage: 38.67%, cost: 7.0
[2024-10-06 18:49:57,061][INFO] Step 8: size: 8, coverage: 42.00%, cost: 8.0
[2024-10-06 18:49:57,071][INFO] Step 9: size: 9, coverage: 45.00%, cost: 9.0
[2024-10-06 18:49:57,081][INFO] Step 10: size: 10, coverage: 48.00%, cost: 10.0
[2024-10-06 18:49:57,092][INFO] Step 11: size: 11, coverage: 50.67%, cost: 11.0
[2024-10-06 18:49:57,102][INFO] Step 12: size: 12, coverage: 53.00%, cost: 12.0
[2024-10-06 18:49:57,112][INFO] Step 13: size: 13, coverage: 55.33%, cost: 13.0
[2024-10-06 18:49:57,122][INFO] Step 14: size: 14, coverage: 57.33%, cost: 14.0
[2024-10-06 18:49:57,132][INFO] Step 15: size: 15, coverage: 59.33%, cost: 15.0
[2024-10-06 18:49:57,142][INFO] Step 16: size: 16, coverage: 63.00%, cost: 17.0
[2024-10-06 18:49:57,152][INFO] Step 17: size: 17, coverage: 64.67%, cost: 18.0
[2024-10-06 18:49:57,162][INFO] Step 18: size: 18, coverage: 66.33%, cost: 19.0
[2024-10-06 18:49:57,172][INFO] Step 19: size: 19, coverage: 68.00%, cost: 20.0
[2024-10-06 18:49:57,182][INFO] Step 20: size: 20, coverage: 71.33%, cost: 22.0
[2024-10-06 18:49:57,192][INFO] Step 21: size: 21, coverage: 73.67%, cost: 24.0
[2024-10-06 18:49:57,202][INFO] Step 22: size: 22, coverage: 76.00%, cost: 26.0
[2024-10-06 18:49:57,212][INFO] Step 23: size: 23, coverage: 78.33%, cost: 28.0
[2024-10-06 18:49:57,222][INFO] Step 24: size: 24, coverage: 81.00%, cost: 31.0
[2024-10-06 18:49:57,232][INFO] Step 25: size: 25, coverage: 83.33%, cost: 34.0
[2024-10-06 18:49:57,242][INFO] Step 26: size: 26, coverage: 84.67%, cost: 36.0
[2024-10-06 18:49:57,252][INFO] Step 27: size: 27, coverage: 86.00%, cost: 38.0
[2024-10-06 18:49:57,262][INFO] Step 28: size: 28, coverage: 88.00%, cost: 41.0
[2024-10-06 18:49:57,272][INFO] Step 29: size: 29, coverage: 89.67%, cost: 44.0
[2024-10-06 18:49:57,282][INFO] Step 30: size: 30, coverage: 90.67%, cost: 46.0
[2024-10-06 18:49:57,292][INFO] Step 31: size: 31, coverage: 91.67%, cost: 48.0
[2024-10-06 18:49:57,303][INFO] Step 32: size: 32, coverage: 92.67%, cost: 50.0
[2024-10-06 18:49:57,313][INFO] Step 33: size: 33, coverage: 94.00%, cost: 53.0
[2024-10-06 18:49:57,323][INFO] Step 34: size: 34, coverage: 94.67%, cost: 55.0
[2024-10-06 18:49:57,334][INFO] Step 35: size: 35, coverage: 95.33%, cost: 57.0
[2024-10-06 18:49:57,344][INFO] Step 36: size: 36, coverage: 96.00%, cost: 60.0
[2024-10-06 18:49:57,355][INFO] Step 37: size: 37, coverage: 96.33%, cost: 62.0
[2024-10-06 18:49:57,365][INFO] Step 38: size: 38, coverage: 96.67%, cost: 64.0
[2024-10-06 18:49:57,376][INFO] Step 39: size: 39, coverage: 97.00%, cost: 66.0
[2024-10-06 18:49:57,386][INFO] Step 40: size: 40, coverage: 97.33%, cost: 68.0
[2024-10-06 18:49:57,397][INFO] Step 41: size: 41, coverage: 97.67%, cost: 70.0
[2024-10-06 18:49:57,408][INFO] Step 42: size: 42, coverage: 98.00%, cost: 72.0
[2024-10-06 18:49:57,418][INFO] Step 43: size: 43, coverage: 98.67%, cost: 77.0
[2024-10-06 18:49:57,429][INFO] Step 44: size: 44, coverage: 99.00%, cost: 80.0
[2024-10-06 18:49:57,440][INFO] Step 45: size: 45, coverage: 99.33%, cost: 83.0
[2024-10-06 18:49:57,451][INFO] Step 46: size: 46, coverage: 99.67%, cost: 86.0
[2024-10-06 18:49:57,462][INFO] Step 47: size: 47, coverage: 100.00%, cost: 89.0
[2024-10-06 18:49:57,463][INFO] Size: 47 -> 44
[2024-10-06 18:49:57,463][INFO] Cost: 89.0 -> 84.0
[2024-10-06 18:49:57,463][INFO] Pruned solution: [np.int64(1), np.int64(3), np.int64(4), np.int64(8), np.int64(9), np.int64(12), np.int64(10), np.int64(21), np.int64(18), np.int64(29), np.int64(26), np.int64(52), np.int64(22), np.int64(71), np.int64(23), np.int64(37), np.int64(45), np.int64(61), np.int64(28), np.int64(35), np.int64(42), np.int64(56), np.int64(68), np.int64(0), np.int64(5), np.int64(7), np.int64(16), np.int64(24), np.int64(54), np.int64(32), np.int64(49), np.int64(31), np.int64(116), np.int64(77), np.int64(6), np.int64(14), np.int64(25), np.int64(20), np.int64(60), np.int64(15), np.int64(73), np.int64(2), np.int64(41), np.int64(39)]
[2024-10-06 18:52:18,363][INFO] Step 1: size: 1, coverage: 7.00%, cost: 1.0
[2024-10-06 18:52:18,374][INFO] Step 2: size: 2, coverage: 13.67%, cost: 2.0
[2024-10-06 18:52:18,384][INFO] Step 3: size: 3, coverage: 19.67%, cost: 3.0
[2024-10-06 18:52:18,395][INFO] Step 4: size: 4, coverage: 25.00%, cost: 4.0
[2024-10-06 18:52:18,405][INFO] Step 5: size: 5, coverage: 30.33%, cost: 5.0
[2024-10-06 18:52:18,416][INFO] Step 6: size: 6, coverage: 34.67%, cost: 6.0
[2024-10-06 18:52:18,426][INFO] Step 7: size: 7, coverage: 38.67%, cost: 7.0
[2024-10-06 18:52:18,437][INFO] Step 8: size: 8, coverage: 42.00%, cost: 8.0
[2024-10-06 18:52:18,447][INFO] Step 9: size: 9, coverage: 45.00%, cost: 9.0
[2024-10-06 18:52:18,457][INFO] Step 10: size: 10, coverage: 48.00%, cost: 10.0
[2024-10-06 18:52:18,468][INFO] Step 11: size: 11, coverage: 50.67%, cost: 11.0
[2024-10-06 18:52:18,478][INFO] Step 12: size: 12, coverage: 53.00%, cost: 12.0
[2024-10-06 18:52:18,488][INFO] Step 13: size: 13, coverage: 55.33%, cost: 13.0
[2024-10-06 18:52:18,498][INFO] Step 14: size: 14, coverage: 57.33%, cost: 14.0
[2024-10-06 18:52:18,508][INFO] Step 15: size: 15, coverage: 59.33%, cost: 15.0
[2024-10-06 18:52:18,518][INFO] Step 16: size: 16, coverage: 63.00%, cost: 17.0
[2024-10-06 18:52:18,528][INFO] Step 17: size: 17, coverage: 64.67%, cost: 18.0
[2024-10-06 18:52:18,538][INFO] Step 18: size: 18, coverage: 66.33%, cost: 19.0
[2024-10-06 18:52:18,549][INFO] Step 19: size: 19, coverage: 68.00%, cost: 20.0
[2024-10-06 18:52:18,559][INFO] Step 20: size: 20, coverage: 71.33%, cost: 22.0
[2024-10-06 18:52:18,569][INFO] Step 21: size: 21, coverage: 73.67%, cost: 24.0
[2024-10-06 18:52:18,579][INFO] Step 22: size: 22, coverage: 76.00%, cost: 26.0
[2024-10-06 18:52:18,589][INFO] Step 23: size: 23, coverage: 78.33%, cost: 28.0
[2024-10-06 18:52:18,599][INFO] Step 24: size: 24, coverage: 81.00%, cost: 31.0
[2024-10-06 18:52:18,609][INFO] Step 25: size: 25, coverage: 83.33%, cost: 34.0
[2024-10-06 18:52:18,619][INFO] Step 26: size: 26, coverage: 84.67%, cost: 36.0
[2024-10-06 18:52:18,629][INFO] Step 27: size: 27, coverage: 86.00%, cost: 38.0
[2024-10-06 18:52:18,640][INFO] Step 28: size: 28, coverage: 88.00%, cost: 41.0
[2024-10-06 18:52:18,650][INFO] Step 29: size: 29, coverage: 89.67%, cost: 44.0
[2024-10-06 18:52:18,660][INFO] Step 30: size: 30, coverage: 90.67%, cost: 46.0
[2024-10-06 18:52:18,671][INFO] Step 31: size: 31, coverage: 91.67%, cost: 48.0
[2024-10-06 18:52:18,681][INFO] Step 32: size: 32, coverage: 92.67%, cost: 50.0
[2024-10-06 18:52:18,692][INFO] Step 33: size: 33, coverage: 94.00%, cost: 53.0
[2024-10-06 18:52:18,702][INFO] Step 34: size: 34, coverage: 94.67%, cost: 55.0
[2024-10-06 18:52:18,713][INFO] Step 35: size: 35, coverage: 95.33%, cost: 57.0
[2024-10-06 18:52:18,723][INFO] Step 36: size: 36, coverage: 96.00%, cost: 60.0
[2024-10-06 18:52:18,734][INFO] Step 37: size: 37, coverage: 96.33%, cost: 62.0
[2024-10-06 18:52:18,745][INFO] Step 38: size: 38, coverage: 96.67%, cost: 64.0
[2024-10-06 18:52:18,756][INFO] Step 39: size: 39, coverage: 97.00%, cost: 66.0
[2024-10-06 18:52:18,766][INFO] Step 40: size: 40, coverage: 97.33%, cost: 68.0
[2024-10-06 18:52:18,777][INFO] Step 41: size: 41, coverage: 97.67%, cost: 70.0
[2024-10-06 18:52:18,788][INFO] Step 42: size: 42, coverage: 98.00%, cost: 72.0
[2024-10-06 18:52:18,799][INFO] Step 43: size: 43, coverage: 98.67%, cost: 77.0
[2024-10-06 18:52:18,810][INFO] Step 44: size: 44, coverage: 99.00%, cost: 80.0
[2024-10-06 18:52:18,821][INFO] Step 45: size: 45, coverage: 99.33%, cost: 83.0
[2024-10-06 18:52:18,833][INFO] Step 46: size: 46, coverage: 99.67%, cost: 86.0
[2024-10-06 18:52:18,844][INFO] Step 47: size: 47, coverage: 100.00%, cost: 89.0
[2024-10-06 18:52:18,845][INFO] Size: 47 -> 44
[2024-10-06 18:52:18,845][INFO] Cost: 89.0 -> 84.0
[2024-10-06 18:54:29,278][INFO] Step 1: size: 1, coverage: 7.00%, cost: 1.0
[2024-10-06 18:54:29,289][INFO] Step 2: size: 2, coverage: 13.67%, cost: 2.0
[2024-10-06 18:54:29,299][INFO] Step 3: size: 3, coverage: 19.67%, cost: 3.0
[2024-10-06 18:54:29,309][INFO] Step 4: size: 4, coverage: 25.00%, cost: 4.0
[2024-10-06 18:54:29,320][INFO] Step 5: size: 5, coverage: 30.33%, cost: 5.0
[2024-10-06 18:54:29,330][INFO] Step 6: size: 6, coverage: 34.67%, cost: 6.0
[2024-10-06 18:54:29,340][INFO] Step 7: size: 7, coverage: 38.67%, cost: 7.0
[2024-10-06 18:54:29,350][INFO] Step 8: size: 8, coverage: 42.00%, cost: 8.0
[2024-10-06 18:54:29,361][INFO] Step 9: size: 9, coverage: 45.00%, cost: 9.0
[2024-10-06 18:54:29,371][INFO] Step 10: size: 10, coverage: 48.00%, cost: 10.0
[2024-10-06 18:54:29,382][INFO] Step 11: size: 11, coverage: 50.67%, cost: 11.0
[2024-10-06 18:54:29,392][INFO] Step 12: size: 12, coverage: 53.00%, cost: 12.0
[2024-10-06 18:54:29,402][INFO] Step 13: size: 13, coverage: 55.33%, cost: 13.0
[2024-10-06 18:54:29,412][INFO] Step 14: size: 14, coverage: 57.33%, cost: 14.0
[2024-10-06 18:54:29,422][INFO] Step 15: size: 15, coverage: 59.33%, cost: 15.0
[2024-10-06 18:54:29,433][INFO] Step 16: size: 16, coverage: 63.00%, cost: 17.0
[2024-10-06 18:54:29,443][INFO] Step 17: size: 17, coverage: 64.67%, cost: 18.0
[2024-10-06 18:54:29,453][INFO] Step 18: size: 18, coverage: 66.33%, cost: 19.0
[2024-10-06 18:54:29,463][INFO] Step 19: size: 19, coverage: 68.00%, cost: 20.0
[2024-10-06 18:54:29,473][INFO] Step 20: size: 20, coverage: 71.33%, cost: 22.0
[2024-10-06 18:54:29,483][INFO] Step 21: size: 21, coverage: 73.67%, cost: 24.0
[2024-10-06 18:54:29,493][INFO] Step 22: size: 22, coverage: 76.00%, cost: 26.0
[2024-10-06 18:54:29,503][INFO] Step 23: size: 23, coverage: 78.33%, cost: 28.0
[2024-10-06 18:54:29,513][INFO] Step 24: size: 24, coverage: 81.00%, cost: 31.0
[2024-10-06 18:54:29,524][INFO] Step 25: size: 25, coverage: 83.33%, cost: 34.0
[2024-10-06 18:54:29,534][INFO] Step 26: size: 26, coverage: 84.67%, cost: 36.0
[2024-10-06 18:54:29,544][INFO] Step 27: size: 27, coverage: 86.00%, cost: 38.0
[2024-10-06 18:54:29,554][INFO] Step 28: size: 28, coverage: 88.00%, cost: 41.0
[2024-10-06 18:54:29,565][INFO] Step 29: size: 29, coverage: 89.67%, cost: 44.0
[2024-10-06 18:54:29,575][INFO] Step 30: size: 30, coverage: 90.67%, cost: 46.0
[2024-10-06 18:54:29,585][INFO] Step 31: size: 31, coverage: 91.67%, cost: 48.0
[2024-10-06 18:54:29,595][INFO] Step 32: size: 32, coverage: 92.67%, cost: 50.0
[2024-10-06 18:54:29,606][INFO] Step 33: size: 33, coverage: 94.00%, cost: 53.0
[2024-10-06 18:54:29,616][INFO] Step 34: size: 34, coverage: 94.67%, cost: 55.0
[2024-10-06 18:54:29,627][INFO] Step 35: size: 35, coverage: 95.33%, cost: 57.0
[2024-10-06 18:54:29,637][INFO] Step 36: size: 36, coverage: 96.00%, cost: 60.0
[2024-10-06 18:54:29,648][INFO] Step 37: size: 37, coverage: 96.33%, cost: 62.0
[2024-10-06 18:54:29,659][INFO] Step 38: size: 38, coverage: 96.67%, cost: 64.0
[2024-10-06 18:54:29,669][INFO] Step 39: size: 39, coverage: 97.00%, cost: 66.0
[2024-10-06 18:54:29,680][INFO] Step 40: size: 40, coverage: 97.33%, cost: 68.0
[2024-10-06 18:54:29,691][INFO] Step 41: size: 41, coverage: 97.67%, cost: 70.0
[2024-10-06 18:54:29,701][INFO] Step 42: size: 42, coverage: 98.00%, cost: 72.0
[2024-10-06 18:54:29,712][INFO] Step 43: size: 43, coverage: 98.67%, cost: 77.0
[2024-10-06 18:54:29,723][INFO] Step 44: size: 44, coverage: 99.00%, cost: 80.0
[2024-10-06 18:54:29,734][INFO] Step 45: size: 45, coverage: 99.33%, cost: 83.0
[2024-10-06 18:54:29,746][INFO] Step 46: size: 46, coverage: 99.67%, cost: 86.0
[2024-10-06 18:54:29,757][INFO] Step 47: size: 47, coverage: 100.00%, cost: 89.0
[2024-10-06 18:54:29,758][INFO] Size: 47 -> 44
[2024-10-06 18:54:29,758][INFO] Cost: 89.0 -> 84.0
[2024-10-06 18:55:29,874][INFO] Step 1: size: 1, coverage: 7.00%, cost: 1.0
[2024-10-06 18:55:29,884][INFO] Step 2: size: 2, coverage: 13.67%, cost: 2.0
[2024-10-06 18:55:29,894][INFO] Step 3: size: 3, coverage: 19.67%, cost: 3.0
[2024-10-06 18:55:29,904][INFO] Step 4: size: 4, coverage: 25.00%, cost: 4.0
[2024-10-06 18:55:29,915][INFO] Step 5: size: 5, coverage: 30.33%, cost: 5.0
[2024-10-06 18:55:29,925][INFO] Step 6: size: 6, coverage: 34.67%, cost: 6.0
[2024-10-06 18:55:29,935][INFO] Step 7: size: 7, coverage: 38.67%, cost: 7.0
[2024-10-06 18:55:29,945][INFO] Step 8: size: 8, coverage: 42.00%, cost: 8.0
[2024-10-06 18:55:29,955][INFO] Step 9: size: 9, coverage: 45.00%, cost: 9.0
[2024-10-06 18:55:29,965][INFO] Step 10: size: 10, coverage: 48.00%, cost: 10.0
[2024-10-06 18:55:29,975][INFO] Step 11: size: 11, coverage: 50.67%, cost: 11.0
[2024-10-06 18:55:29,986][INFO] Step 12: size: 12, coverage: 53.00%, cost: 12.0
[2024-10-06 18:55:29,996][INFO] Step 13: size: 13, coverage: 55.33%, cost: 13.0
[2024-10-06 18:55:30,006][INFO] Step 14: size: 14, coverage: 57.33%, cost: 14.0
[2024-10-06 18:55:30,016][INFO] Step 15: size: 15, coverage: 59.33%, cost: 15.0
[2024-10-06 18:55:30,025][INFO] Step 16: size: 16, coverage: 63.00%, cost: 17.0
[2024-10-06 18:55:30,035][INFO] Step 17: size: 17, coverage: 64.67%, cost: 18.0
[2024-10-06 18:55:30,045][INFO] Step 18: size: 18, coverage: 66.33%, cost: 19.0
[2024-10-06 18:55:30,055][INFO] Step 19: size: 19, coverage: 68.00%, cost: 20.0
[2024-10-06 18:55:30,065][INFO] Step 20: size: 20, coverage: 71.33%, cost: 22.0
[2024-10-06 18:55:30,075][INFO] Step 21: size: 21, coverage: 73.67%, cost: 24.0
[2024-10-06 18:55:30,085][INFO] Step 22: size: 22, coverage: 76.00%, cost: 26.0
[2024-10-06 18:55:30,095][INFO] Step 23: size: 23, coverage: 78.33%, cost: 28.0
[2024-10-06 18:55:30,105][INFO] Step 24: size: 24, coverage: 81.00%, cost: 31.0
[2024-10-06 18:55:30,115][INFO] Step 25: size: 25, coverage: 83.33%, cost: 34.0
[2024-10-06 18:55:30,125][INFO] Step 26: size: 26, coverage: 84.67%, cost: 36.0
[2024-10-06 18:55:30,135][INFO] Step 27: size: 27, coverage: 86.00%, cost: 38.0
[2024-10-06 18:55:30,145][INFO] Step 28: size: 28, coverage: 88.00%, cost: 41.0
[2024-10-06 18:55:30,155][INFO] Step 29: size: 29, coverage: 89.67%, cost: 44.0
[2024-10-06 18:55:30,166][INFO] Step 30: size: 30, coverage: 90.67%, cost: 46.0
[2024-10-06 18:55:30,176][INFO] Step 31: size: 31, coverage: 91.67%, cost: 48.0
[2024-10-06 18:55:30,186][INFO] Step 32: size: 32, coverage: 92.67%, cost: 50.0
[2024-10-06 18:55:30,196][INFO] Step 33: size: 33, coverage: 94.00%, cost: 53.0
[2024-10-06 18:55:30,206][INFO] Step 34: size: 34, coverage: 94.67%, cost: 55.0
[2024-10-06 18:55:30,217][INFO] Step 35: size: 35, coverage: 95.33%, cost: 57.0
[2024-10-06 18:55:30,227][INFO] Step 36: size: 36, coverage: 96.00%, cost: 60.0
[2024-10-06 18:55:30,238][INFO] Step 37: size: 37, coverage: 96.33%, cost: 62.0
[2024-10-06 18:55:30,248][INFO] Step 38: size: 38, coverage: 96.67%, cost: 64.0
[2024-10-06 18:55:30,259][INFO] Step 39: size: 39, coverage: 97.00%, cost: 66.0
[2024-10-06 18:55:30,269][INFO] Step 40: size: 40, coverage: 97.33%, cost: 68.0
[2024-10-06 18:55:30,280][INFO] Step 41: size: 41, coverage: 97.67%, cost: 70.0
[2024-10-06 18:55:30,291][INFO] Step 42: size: 42, coverage: 98.00%, cost: 72.0
[2024-10-06 18:55:30,301][INFO] Step 43: size: 43, coverage: 98.67%, cost: 77.0
[2024-10-06 18:55:30,312][INFO] Step 44: size: 44, coverage: 99.00%, cost: 80.0
[2024-10-06 18:55:30,323][INFO] Step 45: size: 45, coverage: 99.33%, cost: 83.0
[2024-10-06 18:55:30,334][INFO] Step 46: size: 46, coverage: 99.67%, cost: 86.0
[2024-10-06 18:55:30,345][INFO] Step 47: size: 47, coverage: 100.00%, cost: 89.0
[2024-10-06 18:55:30,346][INFO] Size: 47 -> 44
[2024-10-06 18:55:30,346][INFO] Cost: 89.0 -> 84.0
[2024-10-06 19:03:36,110][INFO] Step 1: size: 1, coverage: 7.00%, cost: 1.0
[2024-10-06 19:03:36,121][INFO] Step 2: size: 2, coverage: 13.67%, cost: 2.0
[2024-10-06 19:03:36,131][INFO] Step 3: size: 3, coverage: 19.67%, cost: 3.0
[2024-10-06 19:03:36,142][INFO] Step 4: size: 4, coverage: 25.00%, cost: 4.0
[2024-10-06 19:03:36,152][INFO] Step 5: size: 5, coverage: 30.33%, cost: 5.0
[2024-10-06 19:03:36,162][INFO] Step 6: size: 6, coverage: 34.67%, cost: 6.0
[2024-10-06 19:03:36,172][INFO] Step 7: size: 7, coverage: 38.67%, cost: 7.0
[2024-10-06 19:03:36,183][INFO] Step 8: size: 8, coverage: 42.00%, cost: 8.0
[2024-10-06 19:03:36,193][INFO] Step 9: size: 9, coverage: 45.00%, cost: 9.0
[2024-10-06 19:03:36,203][INFO] Step 10: size: 10, coverage: 48.00%, cost: 10.0
[2024-10-06 19:03:36,213][INFO] Step 11: size: 11, coverage: 50.67%, cost: 11.0
[2024-10-06 19:03:36,224][INFO] Step 12: size: 12, coverage: 53.00%, cost: 12.0
[2024-10-06 19:03:36,234][INFO] Step 13: size: 13, coverage: 55.33%, cost: 13.0
[2024-10-06 19:03:36,244][INFO] Step 14: size: 14, coverage: 57.33%, cost: 14.0
[2024-10-06 19:03:36,254][INFO] Step 15: size: 15, coverage: 59.33%, cost: 15.0
[2024-10-06 19:03:36,264][INFO] Step 16: size: 16, coverage: 63.00%, cost: 17.0
[2024-10-06 19:03:36,274][INFO] Step 17: size: 17, coverage: 64.67%, cost: 18.0
[2024-10-06 19:03:36,284][INFO] Step 18: size: 18, coverage: 66.33%, cost: 19.0
[2024-10-06 19:03:36,294][INFO] Step 19: size: 19, coverage: 68.00%, cost: 20.0
[2024-10-06 19:03:36,304][INFO] Step 20: size: 20, coverage: 71.33%, cost: 22.0
[2024-10-06 19:03:36,314][INFO] Step 21: size: 21, coverage: 73.67%, cost: 24.0
[2024-10-06 19:03:36,324][INFO] Step 22: size: 22, coverage: 76.00%, cost: 26.0
[2024-10-06 19:03:36,334][INFO] Step 23: size: 23, coverage: 78.33%, cost: 28.0
[2024-10-06 19:03:36,344][INFO] Step 24: size: 24, coverage: 81.00%, cost: 31.0
[2024-10-06 19:03:36,354][INFO] Step 25: size: 25, coverage: 83.33%, cost: 34.0
[2024-10-06 19:03:36,364][INFO] Step 26: size: 26, coverage: 84.67%, cost: 36.0
[2024-10-06 19:03:36,375][INFO] Step 27: size: 27, coverage: 86.00%, cost: 38.0
[2024-10-06 19:03:36,385][INFO] Step 28: size: 28, coverage: 88.00%, cost: 41.0
[2024-10-06 19:03:36,395][INFO] Step 29: size: 29, coverage: 89.67%, cost: 44.0
[2024-10-06 19:03:36,405][INFO] Step 30: size: 30, coverage: 90.67%, cost: 46.0
[2024-10-06 19:03:36,415][INFO] Step 31: size: 31, coverage: 91.67%, cost: 48.0
[2024-10-06 19:03:36,426][INFO] Step 32: size: 32, coverage: 92.67%, cost: 50.0
[2024-10-06 19:03:36,436][INFO] Step 33: size: 33, coverage: 94.00%, cost: 53.0
[2024-10-06 19:03:36,446][INFO] Step 34: size: 34, coverage: 94.67%, cost: 55.0
[2024-10-06 19:03:36,457][INFO] Step 35: size: 35, coverage: 95.33%, cost: 57.0
[2024-10-06 19:03:36,467][INFO] Step 36: size: 36, coverage: 96.00%, cost: 60.0
[2024-10-06 19:03:36,478][INFO] Step 37: size: 37, coverage: 96.33%, cost: 62.0
[2024-10-06 19:03:36,488][INFO] Step 38: size: 38, coverage: 96.67%, cost: 64.0
[2024-10-06 19:03:36,499][INFO] Step 39: size: 39, coverage: 97.00%, cost: 66.0
[2024-10-06 19:03:36,509][INFO] Step 40: size: 40, coverage: 97.33%, cost: 68.0
[2024-10-06 19:03:36,520][INFO] Step 41: size: 41, coverage: 97.67%, cost: 70.0
[2024-10-06 19:03:36,531][INFO] Step 42: size: 42, coverage: 98.00%, cost: 72.0
[2024-10-06 19:03:36,542][INFO] Step 43: size: 43, coverage: 98.67%, cost: 77.0
[2024-10-06 19:03:36,553][INFO] Step 44: size: 44, coverage: 99.00%, cost: 80.0
[2024-10-06 19:03:36,564][INFO] Step 45: size: 45, coverage: 99.33%, cost: 83.0
[2024-10-06 19:03:36,575][INFO] Step 46: size: 46, coverage: 99.67%, cost: 86.0
[2024-10-06 19:03:36,586][INFO] Step 47: size: 47, coverage: 100.00%, cost: 89.0
[2024-10-06 19:03:36,587][INFO] Size: 47 -> 44
[2024-10-06 19:03:36,587][INFO] Cost: 89.0 -> 84.0
[2024-10-06 22:18:13,200][INFO] Step 1: size: 1, coverage: 7.00%, cost: 1.0
[2024-10-06 22:18:13,210][INFO] Step 2: size: 2, coverage: 13.67%, cost: 2.0
[2024-10-06 22:18:13,221][INFO] Step 3: size: 3, coverage: 19.67%, cost: 3.0
[2024-10-06 22:18:13,231][INFO] Step 4: size: 4, coverage: 25.00%, cost: 4.0
[2024-10-06 22:18:13,241][INFO] Step 5: size: 5, coverage: 30.33%, cost: 5.0
[2024-10-06 22:18:13,251][INFO] Step 6: size: 6, coverage: 34.67%, cost: 6.0
[2024-10-06 22:18:13,261][INFO] Step 7: size: 7, coverage: 38.67%, cost: 7.0
[2024-10-06 22:18:13,271][INFO] Step 8: size: 8, coverage: 42.00%, cost: 8.0
[2024-10-06 22:18:13,282][INFO] Step 9: size: 9, coverage: 45.00%, cost: 9.0
[2024-10-06 22:18:13,292][INFO] Step 10: size: 10, coverage: 48.00%, cost: 10.0
[2024-10-06 22:18:13,302][INFO] Step 11: size: 11, coverage: 50.67%, cost: 11.0
[2024-10-06 22:18:13,312][INFO] Step 12: size: 12, coverage: 53.00%, cost: 12.0
[2024-10-06 22:18:13,322][INFO] Step 13: size: 13, coverage: 55.33%, cost: 13.0
[2024-10-06 22:18:13,333][INFO] Step 14: size: 14, coverage: 57.33%, cost: 14.0
[2024-10-06 22:18:13,343][INFO] Step 15: size: 15, coverage: 59.33%, cost: 15.0
[2024-10-06 22:18:13,353][INFO] Step 16: size: 16, coverage: 63.00%, cost: 17.0
[2024-10-06 22:18:13,363][INFO] Step 17: size: 17, coverage: 64.67%, cost: 18.0
[2024-10-06 22:18:13,372][INFO] Step 18: size: 18, coverage: 66.33%, cost: 19.0
[2024-10-06 22:18:13,382][INFO] Step 19: size: 19, coverage: 68.00%, cost: 20.0
[2024-10-06 22:18:13,392][INFO] Step 20: size: 20, coverage: 71.33%, cost: 22.0
[2024-10-06 22:18:13,402][INFO] Step 21: size: 21, coverage: 73.67%, cost: 24.0
[2024-10-06 22:18:13,413][INFO] Step 22: size: 22, coverage: 76.00%, cost: 26.0
[2024-10-06 22:18:13,423][INFO] Step 23: size: 23, coverage: 78.33%, cost: 28.0
[2024-10-06 22:18:13,433][INFO] Step 24: size: 24, coverage: 81.00%, cost: 31.0
[2024-10-06 22:18:13,443][INFO] Step 25: size: 25, coverage: 83.33%, cost: 34.0
[2024-10-06 22:18:13,453][INFO] Step 26: size: 26, coverage: 84.67%, cost: 36.0
[2024-10-06 22:18:13,463][INFO] Step 27: size: 27, coverage: 86.00%, cost: 38.0
[2024-10-06 22:18:13,473][INFO] Step 28: size: 28, coverage: 88.00%, cost: 41.0
[2024-10-06 22:18:13,483][INFO] Step 29: size: 29, coverage: 89.67%, cost: 44.0
[2024-10-06 22:18:13,493][INFO] Step 30: size: 30, coverage: 90.67%, cost: 46.0
[2024-10-06 22:18:13,504][INFO] Step 31: size: 31, coverage: 91.67%, cost: 48.0
[2024-10-06 22:18:13,514][INFO] Step 32: size: 32, coverage: 92.67%, cost: 50.0
[2024-10-06 22:18:13,524][INFO] Step 33: size: 33, coverage: 94.00%, cost: 53.0
[2024-10-06 22:18:13,534][INFO] Step 34: size: 34, coverage: 94.67%, cost: 55.0
[2024-10-06 22:18:13,545][INFO] Step 35: size: 35, coverage: 95.33%, cost: 57.0
[2024-10-06 22:18:13,555][INFO] Step 36: size: 36, coverage: 96.00%, cost: 60.0
[2024-10-06 22:18:13,566][INFO] Step 37: size: 37, coverage: 96.33%, cost: 62.0
[2024-10-06 22:18:13,576][INFO] Step 38: size: 38, coverage: 96.67%, cost: 64.0
[2024-10-06 22:18:13,587][INFO] Step 39: size: 39, coverage: 97.00%, cost: 66.0
[2024-10-06 22:18:13,597][INFO] Step 40: size: 40, coverage: 97.33%, cost: 68.0
[2024-10-06 22:18:13,608][INFO] Step 41: size: 41, coverage: 97.67%, cost: 70.0
[2024-10-06 22:18:13,619][INFO] Step 42: size: 42, coverage: 98.00%, cost: 72.0
[2024-10-06 22:18:13,630][INFO] Step 43: size: 43, coverage: 98.67%, cost: 77.0
[2024-10-06 22:18:13,641][INFO] Step 44: size: 44, coverage: 99.00%, cost: 80.0
[2024-10-06 22:18:13,652][INFO] Step 45: size: 45, coverage: 99.33%, cost: 83.0
[2024-10-06 22:18:13,663][INFO] Step 46: size: 46, coverage: 99.67%, cost: 86.0
[2024-10-06 22:18:13,674][INFO] Step 47: size: 47, coverage: 100.00%, cost: 89.0
[2024-10-06 22:18:13,675][INFO] Size: 47 -> 44
[2024-10-06 22:18:13,675][INFO] Cost: 89.0 -> 84.0
[2024-10-06 22:21:15,055][INFO] Step 1: size: 1, coverage: 7.00%, cost: 1.0
[2024-10-06 22:21:15,066][INFO] Step 2: size: 2, coverage: 13.67%, cost: 2.0
[2024-10-06 22:21:15,076][INFO] Step 3: size: 3, coverage: 19.67%, cost: 3.0
[2024-10-06 22:21:15,086][INFO] Step 4: size: 4, coverage: 25.00%, cost: 4.0
[2024-10-06 22:21:15,096][INFO] Step 5: size: 5, coverage: 30.33%, cost: 5.0
[2024-10-06 22:21:15,106][INFO] Step 6: size: 6, coverage: 34.67%, cost: 6.0
[2024-10-06 22:21:15,117][INFO] Step 7: size: 7, coverage: 38.67%, cost: 7.0
[2024-10-06 22:21:15,127][INFO] Step 8: size: 8, coverage: 42.00%, cost: 8.0
[2024-10-06 22:21:15,137][INFO] Step 9: size: 9, coverage: 45.00%, cost: 9.0
[2024-10-06 22:21:15,147][INFO] Step 10: size: 10, coverage: 48.00%, cost: 10.0
[2024-10-06 22:21:15,158][INFO] Step 11: size: 11, coverage: 50.67%, cost: 11.0
[2024-10-06 22:21:15,168][INFO] Step 12: size: 12, coverage: 53.00%, cost: 12.0
[2024-10-06 22:21:15,178][INFO] Step 13: size: 13, coverage: 55.33%, cost: 13.0
[2024-10-06 22:21:15,188][INFO] Step 14: size: 14, coverage: 57.33%, cost: 14.0
[2024-10-06 22:21:15,198][INFO] Step 15: size: 15, coverage: 59.33%, cost: 15.0
[2024-10-06 22:21:15,208][INFO] Step 16: size: 16, coverage: 63.00%, cost: 17.0
[2024-10-06 22:21:15,218][INFO] Step 17: size: 17, coverage: 64.67%, cost: 18.0
[2024-10-06 22:21:15,228][INFO] Step 18: size: 18, coverage: 66.33%, cost: 19.0
[2024-10-06 22:21:15,239][INFO] Step 19: size: 19, coverage: 68.00%, cost: 20.0
[2024-10-06 22:21:15,249][INFO] Step 20: size: 20, coverage: 71.33%, cost: 22.0
[2024-10-06 22:21:15,259][INFO] Step 21: size: 21, coverage: 73.67%, cost: 24.0
[2024-10-06 22:21:15,269][INFO] Step 22: size: 22, coverage: 76.00%, cost: 26.0
[2024-10-06 22:21:15,279][INFO] Step 23: size: 23, coverage: 78.33%, cost: 28.0
[2024-10-06 22:21:15,289][INFO] Step 24: size: 24, coverage: 81.00%, cost: 31.0
[2024-10-06 22:21:15,299][INFO] Step 25: size: 25, coverage: 83.33%, cost: 34.0
[2024-10-06 22:21:15,309][INFO] Step 26: size: 26, coverage: 84.67%, cost: 36.0
[2024-10-06 22:21:15,319][INFO] Step 27: size: 27, coverage: 86.00%, cost: 38.0
[2024-10-06 22:21:15,330][INFO] Step 28: size: 28, coverage: 88.00%, cost: 41.0
[2024-10-06 22:21:15,340][INFO] Step 29: size: 29, coverage: 89.67%, cost: 44.0
[2024-10-06 22:21:15,350][INFO] Step 30: size: 30, coverage: 90.67%, cost: 46.0
[2024-10-06 22:21:15,360][INFO] Step 31: size: 31, coverage: 91.67%, cost: 48.0
[2024-10-06 22:21:15,371][INFO] Step 32: size: 32, coverage: 92.67%, cost: 50.0
[2024-10-06 22:21:15,381][INFO] Step 33: size: 33, coverage: 94.00%, cost: 53.0
[2024-10-06 22:21:15,391][INFO] Step 34: size: 34, coverage: 94.67%, cost: 55.0
[2024-10-06 22:21:15,402][INFO] Step 35: size: 35, coverage: 95.33%, cost: 57.0
[2024-10-06 22:21:15,412][INFO] Step 36: size: 36, coverage: 96.00%, cost: 60.0
[2024-10-06 22:21:15,423][INFO] Step 37: size: 37, coverage: 96.33%, cost: 62.0
[2024-10-06 22:21:15,434][INFO] Step 38: size: 38, coverage: 96.67%, cost: 64.0
[2024-10-06 22:21:15,444][INFO] Step 39: size: 39, coverage: 97.00%, cost: 66.0
[2024-10-06 22:21:15,455][INFO] Step 40: size: 40, coverage: 97.33%, cost: 68.0
[2024-10-06 22:21:15,466][INFO] Step 41: size: 41, coverage: 97.67%, cost: 70.0
[2024-10-06 22:21:15,476][INFO] Step 42: size: 42, coverage: 98.00%, cost: 72.0
[2024-10-06 22:21:15,487][INFO] Step 43: size: 43, coverage: 98.67%, cost: 77.0
[2024-10-06 22:21:15,498][INFO] Step 44: size: 44, coverage: 99.00%, cost: 80.0
[2024-10-06 22:21:15,509][INFO] Step 45: size: 45, coverage: 99.33%, cost: 83.0
[2024-10-06 22:21:15,521][INFO] Step 46: size: 46, coverage: 99.67%, cost: 86.0
[2024-10-06 22:21:15,532][INFO] Step 47: size: 47, coverage: 100.00%, cost: 89.0
[2024-10-06 22:21:15,533][INFO] Size: 47 -> 44
[2024-10-06 22:21:15,533][INFO] Cost: 89.0 -> 84.0
[2024-10-08 22:46:16,115][INFO] Step 1: size: 1, coverage: 7.00%, cost: 1.0
[2024-10-08 22:46:16,127][INFO] Step 2: size: 2, coverage: 13.67%, cost: 2.0
[2024-10-08 22:46:16,137][INFO] Step 3: size: 3, coverage: 19.67%, cost: 3.0
[2024-10-08 22:46:16,148][INFO] Step 4: size: 4, coverage: 25.00%, cost: 4.0
[2024-10-08 22:46:16,158][INFO] Step 5: size: 5, coverage: 30.33%, cost: 5.0
[2024-10-08 22:46:16,168][INFO] Step 6: size: 6, coverage: 34.67%, cost: 6.0
[2024-10-08 22:46:16,179][INFO] Step 7: size: 7, coverage: 38.67%, cost: 7.0
[2024-10-08 22:46:16,189][INFO] Step 8: size: 8, coverage: 42.00%, cost: 8.0
[2024-10-08 22:46:16,200][INFO] Step 9: size: 9, coverage: 45.00%, cost: 9.0
[2024-10-08 22:46:16,210][INFO] Step 10: size: 10, coverage: 48.00%, cost: 10.0
[2024-10-08 22:46:16,221][INFO] Step 11: size: 11, coverage: 50.67%, cost: 11.0
[2024-10-08 22:46:16,231][INFO] Step 12: size: 12, coverage: 53.00%, cost: 12.0
[2024-10-08 22:46:16,241][INFO] Step 13: size: 13, coverage: 55.33%, cost: 13.0
[2024-10-08 22:46:16,252][INFO] Step 14: size: 14, coverage: 57.33%, cost: 14.0
[2024-10-08 22:46:16,262][INFO] Step 15: size: 15, coverage: 59.33%, cost: 15.0
[2024-10-08 22:46:16,272][INFO] Step 16: size: 16, coverage: 63.00%, cost: 17.0
[2024-10-08 22:46:16,283][INFO] Step 17: size: 17, coverage: 64.67%, cost: 18.0
[2024-10-08 22:46:16,293][INFO] Step 18: size: 18, coverage: 66.33%, cost: 19.0
[2024-10-08 22:46:16,303][INFO] Step 19: size: 19, coverage: 68.00%, cost: 20.0
[2024-10-08 22:46:16,313][INFO] Step 20: size: 20, coverage: 71.33%, cost: 22.0
[2024-10-08 22:46:16,323][INFO] Step 21: size: 21, coverage: 73.67%, cost: 24.0
[2024-10-08 22:46:16,334][INFO] Step 22: size: 22, coverage: 76.00%, cost: 26.0
[2024-10-08 22:46:16,344][INFO] Step 23: size: 23, coverage: 78.33%, cost: 28.0
[2024-10-08 22:46:16,354][INFO] Step 24: size: 24, coverage: 81.00%, cost: 31.0
[2024-10-08 22:46:16,364][INFO] Step 25: size: 25, coverage: 83.33%, cost: 34.0
[2024-10-08 22:46:16,375][INFO] Step 26: size: 26, coverage: 84.67%, cost: 36.0
[2024-10-08 22:46:16,385][INFO] Step 27: size: 27, coverage: 86.00%, cost: 38.0
[2024-10-08 22:46:16,398][INFO] Step 28: size: 28, coverage: 88.00%, cost: 41.0
[2024-10-08 22:46:16,410][INFO] Step 29: size: 29, coverage: 89.67%, cost: 44.0
[2024-10-08 22:46:16,421][INFO] Step 30: size: 30, coverage: 90.67%, cost: 46.0
[2024-10-08 22:46:16,433][INFO] Step 31: size: 31, coverage: 91.67%, cost: 48.0
[2024-10-08 22:46:16,444][INFO] Step 32: size: 32, coverage: 92.67%, cost: 50.0
[2024-10-08 22:46:16,455][INFO] Step 33: size: 33, coverage: 94.00%, cost: 53.0
[2024-10-08 22:46:16,466][INFO] Step 34: size: 34, coverage: 94.67%, cost: 55.0
[2024-10-08 22:46:16,480][INFO] Step 35: size: 35, coverage: 95.33%, cost: 57.0
[2024-10-08 22:46:16,491][INFO] Step 36: size: 36, coverage: 96.00%, cost: 60.0
[2024-10-08 22:46:16,502][INFO] Step 37: size: 37, coverage: 96.33%, cost: 62.0
[2024-10-08 22:46:16,513][INFO] Step 38: size: 38, coverage: 96.67%, cost: 64.0
[2024-10-08 22:46:16,524][INFO] Step 39: size: 39, coverage: 97.00%, cost: 66.0
[2024-10-08 22:46:16,540][INFO] Step 40: size: 40, coverage: 97.33%, cost: 68.0
[2024-10-08 22:46:16,572][INFO] Step 41: size: 41, coverage: 97.67%, cost: 70.0
[2024-10-08 22:46:16,584][INFO] Step 42: size: 42, coverage: 98.00%, cost: 72.0
[2024-10-08 22:46:16,596][INFO] Step 43: size: 43, coverage: 98.67%, cost: 77.0
[2024-10-08 22:46:16,607][INFO] Step 44: size: 44, coverage: 99.00%, cost: 80.0
[2024-10-08 22:46:16,618][INFO] Step 45: size: 45, coverage: 99.33%, cost: 83.0
[2024-10-08 22:46:16,631][INFO] Step 46: size: 46, coverage: 99.67%, cost: 86.0
[2024-10-08 22:46:16,643][INFO] Step 47: size: 47, coverage: 100.00%, cost: 89.0
[2024-10-08 22:46:16,644][INFO] Size: 47 -> 44
[2024-10-08 22:46:16,644][INFO] Cost: 89.0 -> 84.0
[2024-10-08 23:00:59,225][INFO] Step 1: size: 1, coverage: 7.00%, cost: 1.0
[2024-10-08 23:00:59,236][INFO] Step 2: size: 2, coverage: 13.67%, cost: 2.0
[2024-10-08 23:00:59,248][INFO] Step 3: size: 3, coverage: 19.67%, cost: 3.0
[2024-10-08 23:00:59,258][INFO] Step 4: size: 4, coverage: 25.00%, cost: 4.0
[2024-10-08 23:00:59,269][INFO] Step 5: size: 5, coverage: 30.33%, cost: 5.0
[2024-10-08 23:00:59,280][INFO] Step 6: size: 6, coverage: 34.67%, cost: 6.0
[2024-10-08 23:00:59,291][INFO] Step 7: size: 7, coverage: 38.67%, cost: 7.0
[2024-10-08 23:00:59,301][INFO] Step 8: size: 8, coverage: 42.00%, cost: 8.0
[2024-10-08 23:00:59,312][INFO] Step 9: size: 9, coverage: 45.00%, cost: 9.0
[2024-10-08 23:00:59,323][INFO] Step 10: size: 10, coverage: 48.00%, cost: 10.0
[2024-10-08 23:00:59,334][INFO] Step 11: size: 11, coverage: 50.67%, cost: 11.0
[2024-10-08 23:00:59,344][INFO] Step 12: size: 12, coverage: 53.00%, cost: 12.0
[2024-10-08 23:00:59,355][INFO] Step 13: size: 13, coverage: 55.33%, cost: 13.0
[2024-10-08 23:00:59,366][INFO] Step 14: size: 14, coverage: 57.33%, cost: 14.0
[2024-10-08 23:00:59,376][INFO] Step 15: size: 15, coverage: 59.33%, cost: 15.0
[2024-10-08 23:00:59,387][INFO] Step 16: size: 16, coverage: 63.00%, cost: 17.0
[2024-10-08 23:00:59,397][INFO] Step 17: size: 17, coverage: 64.67%, cost: 18.0
[2024-10-08 23:00:59,407][INFO] Step 18: size: 18, coverage: 66.33%, cost: 19.0
[2024-10-08 23:00:59,418][INFO] Step 19: size: 19, coverage: 68.00%, cost: 20.0
[2024-10-08 23:00:59,428][INFO] Step 20: size: 20, coverage: 71.33%, cost: 22.0
[2024-10-08 23:00:59,439][INFO] Step 21: size: 21, coverage: 73.67%, cost: 24.0
[2024-10-08 23:00:59,449][INFO] Step 22: size: 22, coverage: 76.00%, cost: 26.0
[2024-10-08 23:00:59,460][INFO] Step 23: size: 23, coverage: 78.33%, cost: 28.0
[2024-10-08 23:00:59,470][INFO] Step 24: size: 24, coverage: 81.00%, cost: 31.0
[2024-10-08 23:00:59,481][INFO] Step 25: size: 25, coverage: 83.33%, cost: 34.0
[2024-10-08 23:00:59,491][INFO] Step 26: size: 26, coverage: 84.67%, cost: 36.0
[2024-10-08 23:00:59,502][INFO] Step 27: size: 27, coverage: 86.00%, cost: 38.0
[2024-10-08 23:00:59,512][INFO] Step 28: size: 28, coverage: 88.00%, cost: 41.0
[2024-10-08 23:00:59,523][INFO] Step 29: size: 29, coverage: 89.67%, cost: 44.0
[2024-10-08 23:00:59,534][INFO] Step 30: size: 30, coverage: 90.67%, cost: 46.0
[2024-10-08 23:00:59,544][INFO] Step 31: size: 31, coverage: 91.67%, cost: 48.0
[2024-10-08 23:00:59,555][INFO] Step 32: size: 32, coverage: 92.67%, cost: 50.0
[2024-10-08 23:00:59,566][INFO] Step 33: size: 33, coverage: 94.00%, cost: 53.0
[2024-10-08 23:00:59,576][INFO] Step 34: size: 34, coverage: 94.67%, cost: 55.0
[2024-10-08 23:00:59,587][INFO] Step 35: size: 35, coverage: 95.33%, cost: 57.0
[2024-10-08 23:00:59,598][INFO] Step 36: size: 36, coverage: 96.00%, cost: 60.0
[2024-10-08 23:00:59,609][INFO] Step 37: size: 37, coverage: 96.33%, cost: 62.0
[2024-10-08 23:00:59,620][INFO] Step 38: size: 38, coverage: 96.67%, cost: 64.0
[2024-10-08 23:00:59,631][INFO] Step 39: size: 39, coverage: 97.00%, cost: 66.0
[2024-10-08 23:00:59,642][INFO] Step 40: size: 40, coverage: 97.33%, cost: 68.0
[2024-10-08 23:00:59,654][INFO] Step 41: size: 41, coverage: 97.67%, cost: 70.0
[2024-10-08 23:00:59,665][INFO] Step 42: size: 42, coverage: 98.00%, cost: 72.0
[2024-10-08 23:00:59,677][INFO] Step 43: size: 43, coverage: 98.67%, cost: 77.0
[2024-10-08 23:00:59,688][INFO] Step 44: size: 44, coverage: 99.00%, cost: 80.0
[2024-10-08 23:00:59,700][INFO] Step 45: size: 45, coverage: 99.33%, cost: 83.0
[2024-10-08 23:00:59,711][INFO] Step 46: size: 46, coverage: 99.67%, cost: 86.0
[2024-10-08 23:00:59,723][INFO] Step 47: size: 47, coverage: 100.00%, cost: 89.0
[2024-10-08 23:00:59,724][INFO] Size: 47 -> 44
[2024-10-08 23:00:59,724][INFO] Cost: 89.0 -> 84.0
[2024-10-08 23:02:35,145][INFO] Step 1: size: 1, coverage: 7.00%, cost: 1.0
[2024-10-08 23:02:35,156][INFO] Step 2: size: 2, coverage: 13.67%, cost: 2.0
[2024-10-08 23:02:35,166][INFO] Step 3: size: 3, coverage: 19.67%, cost: 3.0
[2024-10-08 23:02:35,176][INFO] Step 4: size: 4, coverage: 25.00%, cost: 4.0
[2024-10-08 23:02:35,187][INFO] Step 5: size: 5, coverage: 30.33%, cost: 5.0
[2024-10-08 23:02:35,197][INFO] Step 6: size: 6, coverage: 34.67%, cost: 6.0
[2024-10-08 23:02:35,207][INFO] Step 7: size: 7, coverage: 38.67%, cost: 7.0
[2024-10-08 23:02:35,217][INFO] Step 8: size: 8, coverage: 42.00%, cost: 8.0
[2024-10-08 23:02:35,228][INFO] Step 9: size: 9, coverage: 45.00%, cost: 9.0
[2024-10-08 23:02:35,238][INFO] Step 10: size: 10, coverage: 48.00%, cost: 10.0
[2024-10-08 23:02:35,248][INFO] Step 11: size: 11, coverage: 50.67%, cost: 11.0
[2024-10-08 23:02:35,259][INFO] Step 12: size: 12, coverage: 53.00%, cost: 12.0
[2024-10-08 23:02:35,269][INFO] Step 13: size: 13, coverage: 55.33%, cost: 13.0
[2024-10-08 23:02:35,279][INFO] Step 14: size: 14, coverage: 57.33%, cost: 14.0
[2024-10-08 23:02:35,289][INFO] Step 15: size: 15, coverage: 59.33%, cost: 15.0
[2024-10-08 23:02:35,300][INFO] Step 16: size: 16, coverage: 63.00%, cost: 17.0
[2024-10-08 23:02:35,310][INFO] Step 17: size: 17, coverage: 64.67%, cost: 18.0
[2024-10-08 23:02:35,320][INFO] Step 18: size: 18, coverage: 66.33%, cost: 19.0
[2024-10-08 23:02:35,330][INFO] Step 19: size: 19, coverage: 68.00%, cost: 20.0
[2024-10-08 23:02:35,341][INFO] Step 20: size: 20, coverage: 71.33%, cost: 22.0
[2024-10-08 23:02:35,351][INFO] Step 21: size: 21, coverage: 73.67%, cost: 24.0
[2024-10-08 23:02:35,361][INFO] Step 22: size: 22, coverage: 76.00%, cost: 26.0
[2024-10-08 23:02:35,371][INFO] Step 23: size: 23, coverage: 78.33%, cost: 28.0
[2024-10-08 23:02:35,381][INFO] Step 24: size: 24, coverage: 81.00%, cost: 31.0
[2024-10-08 23:02:35,391][INFO] Step 25: size: 25, coverage: 83.33%, cost: 34.0
[2024-10-08 23:02:35,402][INFO] Step 26: size: 26, coverage: 84.67%, cost: 36.0
[2024-10-08 23:02:35,412][INFO] Step 27: size: 27, coverage: 86.00%, cost: 38.0
[2024-10-08 23:02:35,422][INFO] Step 28: size: 28, coverage: 88.00%, cost: 41.0
[2024-10-08 23:02:35,432][INFO] Step 29: size: 29, coverage: 89.67%, cost: 44.0
[2024-10-08 23:02:35,443][INFO] Step 30: size: 30, coverage: 90.67%, cost: 46.0
[2024-10-08 23:02:35,453][INFO] Step 31: size: 31, coverage: 91.67%, cost: 48.0
[2024-10-08 23:02:35,463][INFO] Step 32: size: 32, coverage: 92.67%, cost: 50.0
[2024-10-08 23:02:35,474][INFO] Step 33: size: 33, coverage: 94.00%, cost: 53.0
[2024-10-08 23:02:35,484][INFO] Step 34: size: 34, coverage: 94.67%, cost: 55.0
[2024-10-08 23:02:35,495][INFO] Step 35: size: 35, coverage: 95.33%, cost: 57.0
[2024-10-08 23:02:35,506][INFO] Step 36: size: 36, coverage: 96.00%, cost: 60.0
[2024-10-08 23:02:35,516][INFO] Step 37: size: 37, coverage: 96.33%, cost: 62.0
[2024-10-08 23:02:35,527][INFO] Step 38: size: 38, coverage: 96.67%, cost: 64.0
[2024-10-08 23:02:35,538][INFO] Step 39: size: 39, coverage: 97.00%, cost: 66.0
[2024-10-08 23:02:35,549][INFO] Step 40: size: 40, coverage: 97.33%, cost: 68.0
[2024-10-08 23:02:35,559][INFO] Step 41: size: 41, coverage: 97.67%, cost: 70.0
[2024-10-08 23:02:35,570][INFO] Step 42: size: 42, coverage: 98.00%, cost: 72.0
[2024-10-08 23:02:35,581][INFO] Step 43: size: 43, coverage: 98.67%, cost: 77.0
[2024-10-08 23:02:35,593][INFO] Step 44: size: 44, coverage: 99.00%, cost: 80.0
[2024-10-08 23:02:35,604][INFO] Step 45: size: 45, coverage: 99.33%, cost: 83.0
[2024-10-08 23:02:35,615][INFO] Step 46: size: 46, coverage: 99.67%, cost: 86.0
[2024-10-08 23:02:35,626][INFO] Step 47: size: 47, coverage: 100.00%, cost: 89.0
[2024-10-08 23:02:35,627][INFO] Size: 47 -> 44
[2024-10-08 23:02:35,627][INFO] Cost: 89.0 -> 84.0
[2024-10-08 23:07:29,116][INFO] Step 1: size: 1, coverage: 7.00%, cost: 1.0
[2024-10-08 23:07:29,126][INFO] Step 2: size: 2, coverage: 13.67%, cost: 2.0
[2024-10-08 23:07:29,137][INFO] Step 3: size: 3, coverage: 19.67%, cost: 3.0
[2024-10-08 23:07:29,147][INFO] Step 4: size: 4, coverage: 25.00%, cost: 4.0
[2024-10-08 23:07:29,157][INFO] Step 5: size: 5, coverage: 30.33%, cost: 5.0
[2024-10-08 23:07:29,168][INFO] Step 6: size: 6, coverage: 34.67%, cost: 6.0
[2024-10-08 23:07:29,178][INFO] Step 7: size: 7, coverage: 38.67%, cost: 7.0
[2024-10-08 23:07:29,188][INFO] Step 8: size: 8, coverage: 42.00%, cost: 8.0
[2024-10-08 23:07:29,198][INFO] Step 9: size: 9, coverage: 45.00%, cost: 9.0
[2024-10-08 23:07:29,209][INFO] Step 10: size: 10, coverage: 48.00%, cost: 10.0
[2024-10-08 23:07:29,219][INFO] Step 11: size: 11, coverage: 50.67%, cost: 11.0
[2024-10-08 23:07:29,230][INFO] Step 12: size: 12, coverage: 53.00%, cost: 12.0
[2024-10-08 23:07:29,240][INFO] Step 13: size: 13, coverage: 55.33%, cost: 13.0
[2024-10-08 23:07:29,250][INFO] Step 14: size: 14, coverage: 57.33%, cost: 14.0
[2024-10-08 23:07:29,260][INFO] Step 15: size: 15, coverage: 59.33%, cost: 15.0
[2024-10-08 23:07:29,271][INFO] Step 16: size: 16, coverage: 63.00%, cost: 17.0
[2024-10-08 23:07:29,281][INFO] Step 17: size: 17, coverage: 64.67%, cost: 18.0
[2024-10-08 23:07:29,291][INFO] Step 18: size: 18, coverage: 66.33%, cost: 19.0
[2024-10-08 23:07:29,301][INFO] Step 19: size: 19, coverage: 68.00%, cost: 20.0
[2024-10-08 23:07:29,311][INFO] Step 20: size: 20, coverage: 71.33%, cost: 22.0
[2024-10-08 23:07:29,321][INFO] Step 21: size: 21, coverage: 73.67%, cost: 24.0
[2024-10-08 23:07:29,331][INFO] Step 22: size: 22, coverage: 76.00%, cost: 26.0
[2024-10-08 23:07:29,341][INFO] Step 23: size: 23, coverage: 78.33%, cost: 28.0
[2024-10-08 23:07:29,352][INFO] Step 24: size: 24, coverage: 81.00%, cost: 31.0
[2024-10-08 23:07:29,362][INFO] Step 25: size: 25, coverage: 83.33%, cost: 34.0
[2024-10-08 23:07:29,372][INFO] Step 26: size: 26, coverage: 84.67%, cost: 36.0
[2024-10-08 23:07:29,382][INFO] Step 27: size: 27, coverage: 86.00%, cost: 38.0
[2024-10-08 23:07:29,393][INFO] Step 28: size: 28, coverage: 88.00%, cost: 41.0
[2024-10-08 23:07:29,403][INFO] Step 29: size: 29, coverage: 89.67%, cost: 44.0
[2024-10-08 23:07:29,413][INFO] Step 30: size: 30, coverage: 90.67%, cost: 46.0
[2024-10-08 23:07:29,423][INFO] Step 31: size: 31, coverage: 91.67%, cost: 48.0
[2024-10-08 23:07:29,434][INFO] Step 32: size: 32, coverage: 92.67%, cost: 50.0
[2024-10-08 23:07:29,444][INFO] Step 33: size: 33, coverage: 94.00%, cost: 53.0
[2024-10-08 23:07:29,455][INFO] Step 34: size: 34, coverage: 94.67%, cost: 55.0
[2024-10-08 23:07:29,465][INFO] Step 35: size: 35, coverage: 95.33%, cost: 57.0
[2024-10-08 23:07:29,476][INFO] Step 36: size: 36, coverage: 96.00%, cost: 60.0
[2024-10-08 23:07:29,486][INFO] Step 37: size: 37, coverage: 96.33%, cost: 62.0
[2024-10-08 23:07:29,497][INFO] Step 38: size: 38, coverage: 96.67%, cost: 64.0
[2024-10-08 23:07:29,508][INFO] Step 39: size: 39, coverage: 97.00%, cost: 66.0
[2024-10-08 23:07:29,519][INFO] Step 40: size: 40, coverage: 97.33%, cost: 68.0
[2024-10-08 23:07:29,529][INFO] Step 41: size: 41, coverage: 97.67%, cost: 70.0
[2024-10-08 23:07:29,540][INFO] Step 42: size: 42, coverage: 98.00%, cost: 72.0
[2024-10-08 23:07:29,551][INFO] Step 43: size: 43, coverage: 98.67%, cost: 77.0
[2024-10-08 23:07:29,562][INFO] Step 44: size: 44, coverage: 99.00%, cost: 80.0
[2024-10-08 23:07:29,574][INFO] Step 45: size: 45, coverage: 99.33%, cost: 83.0
[2024-10-08 23:07:29,585][INFO] Step 46: size: 46, coverage: 99.67%, cost: 86.0
[2024-10-08 23:07:29,596][INFO] Step 47: size: 47, coverage: 100.00%, cost: 89.0
[2024-10-08 23:07:29,597][INFO] Size: 47 -> 44
[2024-10-08 23:07:29,597][INFO] Cost: 89.0 -> 84.0
[2024-10-13 15:18:18,858][INFO] Step 1: size: 1, coverage: 9.67%, cost: 18.0
[2024-10-13 15:18:18,869][INFO] Step 2: size: 2, coverage: 18.33%, cost: 31.0
[2024-10-13 15:18:18,879][INFO] Step 3: size: 3, coverage: 26.67%, cost: 115.0
[2024-10-13 15:18:18,889][INFO] Step 4: size: 4, coverage: 34.00%, cost: 118.0
[2024-10-13 15:18:18,900][INFO] Step 5: size: 5, coverage: 41.00%, cost: 155.0
[2024-10-13 15:18:18,910][INFO] Step 6: size: 6, coverage: 47.67%, cost: 205.0
[2024-10-13 15:18:18,920][INFO] Step 7: size: 7, coverage: 53.67%, cost: 215.0
[2024-10-13 15:18:18,930][INFO] Step 8: size: 8, coverage: 59.33%, cost: 226.0
[2024-10-13 15:18:18,940][INFO] Step 9: size: 9, coverage: 65.00%, cost: 237.0
[2024-10-13 15:18:18,950][INFO] Step 10: size: 10, coverage: 69.67%, cost: 285.0
[2024-10-13 15:18:18,960][INFO] Step 11: size: 11, coverage: 73.67%, cost: 305.0
[2024-10-13 15:18:18,970][INFO] Step 12: size: 12, coverage: 77.67%, cost: 329.0
[2024-10-13 15:18:18,980][INFO] Step 13: size: 13, coverage: 81.67%, cost: 357.0
[2024-10-13 15:18:18,990][INFO] Step 14: size: 14, coverage: 84.67%, cost: 364.0
[2024-10-13 15:18:19,000][INFO] Step 15: size: 15, coverage: 87.67%, cost: 389.0
[2024-10-13 15:18:19,010][INFO] Step 16: size: 16, coverage: 90.00%, cost: 406.0
[2024-10-13 15:18:19,020][INFO] Step 17: size: 17, coverage: 92.00%, cost: 433.0
[2024-10-13 15:18:19,030][INFO] Step 18: size: 18, coverage: 94.00%, cost: 465.0
[2024-10-13 15:18:19,040][INFO] Step 19: size: 19, coverage: 95.67%, cost: 495.0
[2024-10-13 15:18:19,051][INFO] Step 20: size: 20, coverage: 97.33%, cost: 535.0
[2024-10-13 15:18:19,061][INFO] Step 21: size: 21, coverage: 98.67%, cost: 568.0
[2024-10-13 15:18:19,071][INFO] Step 22: size: 22, coverage: 99.67%, cost: 570.0
[2024-10-13 15:18:19,082][INFO] Step 23: size: 23, coverage: 100.00%, cost: 571.0
[2024-10-13 15:18:19,082][INFO] Size: 23 -> 23
[2024-10-13 15:18:19,082][INFO] Cost: 571.0 -> 571.0
[2024-10-13 15:22:54,466][INFO] Step 1: size: 1, coverage: 9.67%, cost: 18.0
[2024-10-13 15:22:54,476][INFO] Step 2: size: 2, coverage: 18.33%, cost: 31.0
[2024-10-13 15:22:54,487][INFO] Step 3: size: 3, coverage: 26.67%, cost: 115.0
[2024-10-13 15:22:54,497][INFO] Step 4: size: 4, coverage: 34.00%, cost: 118.0
[2024-10-13 15:22:54,507][INFO] Step 5: size: 5, coverage: 41.00%, cost: 155.0
[2024-10-13 15:22:54,517][INFO] Step 6: size: 6, coverage: 47.67%, cost: 205.0
[2024-10-13 15:22:54,527][INFO] Step 7: size: 7, coverage: 53.67%, cost: 215.0
[2024-10-13 15:22:54,538][INFO] Step 8: size: 8, coverage: 59.33%, cost: 226.0
[2024-10-13 15:22:54,547][INFO] Step 9: size: 9, coverage: 65.00%, cost: 237.0
[2024-10-13 15:22:54,557][INFO] Step 10: size: 10, coverage: 69.67%, cost: 285.0
[2024-10-13 15:22:54,567][INFO] Step 11: size: 11, coverage: 73.67%, cost: 305.0
[2024-10-13 15:22:54,577][INFO] Step 12: size: 12, coverage: 77.67%, cost: 329.0
[2024-10-13 15:22:54,587][INFO] Step 13: size: 13, coverage: 81.67%, cost: 357.0
[2024-10-13 15:22:54,596][INFO] Step 14: size: 14, coverage: 84.67%, cost: 364.0
[2024-10-13 15:22:54,606][INFO] Step 15: size: 15, coverage: 87.67%, cost: 389.0
[2024-10-13 15:22:54,616][INFO] Step 16: size: 16, coverage: 90.00%, cost: 406.0
[2024-10-13 15:22:54,626][INFO] Step 17: size: 17, coverage: 92.00%, cost: 433.0
[2024-10-13 15:22:54,636][INFO] Step 18: size: 18, coverage: 94.00%, cost: 465.0
[2024-10-13 15:22:54,646][INFO] Step 19: size: 19, coverage: 95.67%, cost: 495.0
[2024-10-13 15:22:54,656][INFO] Step 20: size: 20, coverage: 97.33%, cost: 535.0
[2024-10-13 15:22:54,666][INFO] Step 21: size: 21, coverage: 98.67%, cost: 568.0
[2024-10-13 15:22:54,676][INFO] Step 22: size: 22, coverage: 99.67%, cost: 570.0
[2024-10-13 15:22:54,687][INFO] Step 23: size: 23, coverage: 100.00%, cost: 571.0
[2024-10-13 15:22:54,687][INFO] Size: 23 -> 23
[2024-10-13 15:22:54,687][INFO] Cost: 571.0 -> 571.0
[2024-10-13 15:24:45,965][INFO] Step 1: size: 1, coverage: 9.67%, cost: 18.0
[2024-10-13 15:24:45,976][INFO] Step 2: size: 2, coverage: 18.33%, cost: 31.0
[2024-10-13 15:24:45,986][INFO] Step 3: size: 3, coverage: 26.67%, cost: 115.0
[2024-10-13 15:24:45,997][INFO] Step 4: size: 4, coverage: 34.00%, cost: 118.0
[2024-10-13 15:24:46,007][INFO] Step 5: size: 5, coverage: 41.00%, cost: 155.0
[2024-10-13 15:24:46,018][INFO] Step 6: size: 6, coverage: 47.67%, cost: 205.0
[2024-10-13 15:24:46,028][INFO] Step 7: size: 7, coverage: 53.67%, cost: 215.0
[2024-10-13 15:24:46,038][INFO] Step 8: size: 8, coverage: 59.33%, cost: 226.0
[2024-10-13 15:24:46,049][INFO] Step 9: size: 9, coverage: 65.00%, cost: 237.0
[2024-10-13 15:24:46,059][INFO] Step 10: size: 10, coverage: 69.67%, cost: 285.0
[2024-10-13 15:24:46,069][INFO] Step 11: size: 11, coverage: 73.67%, cost: 305.0
[2024-10-13 15:24:46,079][INFO] Step 12: size: 12, coverage: 77.67%, cost: 329.0
[2024-10-13 15:24:46,089][INFO] Step 13: size: 13, coverage: 81.67%, cost: 357.0
[2024-10-13 15:24:46,099][INFO] Step 14: size: 14, coverage: 84.67%, cost: 364.0
[2024-10-13 15:24:46,109][INFO] Step 15: size: 15, coverage: 87.67%, cost: 389.0
[2024-10-13 15:24:46,119][INFO] Step 16: size: 16, coverage: 90.00%, cost: 406.0
[2024-10-13 15:24:46,129][INFO] Step 17: size: 17, coverage: 92.00%, cost: 433.0
[2024-10-13 15:24:46,140][INFO] Step 18: size: 18, coverage: 94.00%, cost: 465.0
[2024-10-13 15:24:46,150][INFO] Step 19: size: 19, coverage: 95.67%, cost: 495.0
[2024-10-13 15:24:46,160][INFO] Step 20: size: 20, coverage: 97.33%, cost: 535.0
[2024-10-13 15:24:46,171][INFO] Step 21: size: 21, coverage: 98.67%, cost: 568.0
[2024-10-13 15:24:46,181][INFO] Step 22: size: 22, coverage: 99.67%, cost: 570.0
[2024-10-13 15:24:46,192][INFO] Step 23: size: 23, coverage: 100.00%, cost: 571.0
[2024-10-13 15:24:46,192][INFO] Size: 23 -> 23
[2024-10-13 15:24:46,192][INFO] Cost: 571.0 -> 571.0
[2024-10-13 15:30:44,894][INFO] Step 1: size: 1, coverage: 9.67%, cost: 18.0
[2024-10-13 15:30:44,904][INFO] Step 2: size: 2, coverage: 18.33%, cost: 31.0
[2024-10-13 15:30:44,915][INFO] Step 3: size: 3, coverage: 26.67%, cost: 115.0
[2024-10-13 15:30:44,925][INFO] Step 4: size: 4, coverage: 34.00%, cost: 118.0
[2024-10-13 15:30:44,935][INFO] Step 5: size: 5, coverage: 41.00%, cost: 155.0
[2024-10-13 15:30:44,945][INFO] Step 6: size: 6, coverage: 47.67%, cost: 205.0
[2024-10-13 15:30:44,956][INFO] Step 7: size: 7, coverage: 53.67%, cost: 215.0
[2024-10-13 15:30:44,966][INFO] Step 8: size: 8, coverage: 59.33%, cost: 226.0
[2024-10-13 15:30:44,976][INFO] Step 9: size: 9, coverage: 65.00%, cost: 237.0
[2024-10-13 15:30:44,986][INFO] Step 10: size: 10, coverage: 69.67%, cost: 285.0
[2024-10-13 15:30:44,995][INFO] Step 11: size: 11, coverage: 73.67%, cost: 305.0
[2024-10-13 15:30:45,005][INFO] Step 12: size: 12, coverage: 77.67%, cost: 329.0
[2024-10-13 15:30:45,015][INFO] Step 13: size: 13, coverage: 81.67%, cost: 357.0
[2024-10-13 15:30:45,025][INFO] Step 14: size: 14, coverage: 84.67%, cost: 364.0
[2024-10-13 15:30:45,035][INFO] Step 15: size: 15, coverage: 87.67%, cost: 389.0
[2024-10-13 15:30:45,045][INFO] Step 16: size: 16, coverage: 90.00%, cost: 406.0
[2024-10-13 15:30:45,055][INFO] Step 17: size: 17, coverage: 92.00%, cost: 433.0
[2024-10-13 15:30:45,065][INFO] Step 18: size: 18, coverage: 94.00%, cost: 465.0
[2024-10-13 15:30:45,075][INFO] Step 19: size: 19, coverage: 95.67%, cost: 495.0
[2024-10-13 15:30:45,085][INFO] Step 20: size: 20, coverage: 97.33%, cost: 535.0
[2024-10-13 15:30:45,095][INFO] Step 21: size: 21, coverage: 98.67%, cost: 568.0
[2024-10-13 15:30:45,105][INFO] Step 22: size: 22, coverage: 99.67%, cost: 570.0
[2024-10-13 15:30:45,116][INFO] Step 23: size: 23, coverage: 100.00%, cost: 571.0
[2024-10-13 15:30:45,116][INFO] Size: 23 -> 23
[2024-10-13 15:30:45,116][INFO] Cost: 571.0 -> 571.0
[2024-10-13 15:36:09,772][INFO] Step 1: size: 1, coverage: 9.67%, cost: 18.0
[2024-10-13 15:36:09,783][INFO] Step 2: size: 2, coverage: 18.33%, cost: 31.0
[2024-10-13 15:36:09,793][INFO] Step 3: size: 3, coverage: 26.67%, cost: 115.0
[2024-10-13 15:36:09,803][INFO] Step 4: size: 4, coverage: 34.00%, cost: 118.0
[2024-10-13 15:36:09,813][INFO] Step 5: size: 5, coverage: 41.00%, cost: 155.0
[2024-10-13 15:36:09,824][INFO] Step 6: size: 6, coverage: 47.67%, cost: 205.0
[2024-10-13 15:36:09,834][INFO] Step 7: size: 7, coverage: 53.67%, cost: 215.0
[2024-10-13 15:36:09,844][INFO] Step 8: size: 8, coverage: 59.33%, cost: 226.0
[2024-10-13 15:36:09,854][INFO] Step 9: size: 9, coverage: 65.00%, cost: 237.0
[2024-10-13 15:36:09,864][INFO] Step 10: size: 10, coverage: 69.67%, cost: 285.0
[2024-10-13 15:36:09,874][INFO] Step 11: size: 11, coverage: 73.67%, cost: 305.0
[2024-10-13 15:36:09,884][INFO] Step 12: size: 12, coverage: 77.67%, cost: 329.0
[2024-10-13 15:36:09,894][INFO] Step 13: size: 13, coverage: 81.67%, cost: 357.0
[2024-10-13 15:36:09,904][INFO] Step 14: size: 14, coverage: 84.67%, cost: 364.0
[2024-10-13 15:36:09,914][INFO] Step 15: size: 15, coverage: 87.67%, cost: 389.0
[2024-10-13 15:36:09,924][INFO] Step 16: size: 16, coverage: 90.00%, cost: 406.0
[2024-10-13 15:36:09,934][INFO] Step 17: size: 17, coverage: 92.00%, cost: 433.0
[2024-10-13 15:36:09,944][INFO] Step 18: size: 18, coverage: 94.00%, cost: 465.0
[2024-10-13 15:36:09,954][INFO] Step 19: size: 19, coverage: 95.67%, cost: 495.0
[2024-10-13 15:36:09,964][INFO] Step 20: size: 20, coverage: 97.33%, cost: 535.0
[2024-10-13 15:36:09,975][INFO] Step 21: size: 21, coverage: 98.67%, cost: 568.0
[2024-10-13 15:36:09,985][INFO] Step 22: size: 22, coverage: 99.67%, cost: 570.0
[2024-10-13 15:36:09,995][INFO] Step 23: size: 23, coverage: 100.00%, cost: 571.0
[2024-10-13 15:36:09,996][INFO] Size: 23 -> 23
[2024-10-13 15:36:09,996][INFO] Cost: 571.0 -> 571.0
[2024-10-13 15:39:24,917][INFO] Step 1: size: 1, coverage: 7.00%, cost: 1.0
[2024-10-13 15:39:24,928][INFO] Step 2: size: 2, coverage: 13.67%, cost: 2.0
[2024-10-13 15:39:24,938][INFO] Step 3: size: 3, coverage: 19.67%, cost: 3.0
[2024-10-13 15:39:24,949][INFO] Step 4: size: 4, coverage: 25.00%, cost: 4.0
[2024-10-13 15:39:24,959][INFO] Step 5: size: 5, coverage: 30.33%, cost: 5.0
[2024-10-13 15:39:24,969][INFO] Step 6: size: 6, coverage: 34.67%, cost: 6.0
[2024-10-13 15:39:24,979][INFO] Step 7: size: 7, coverage: 38.67%, cost: 7.0
[2024-10-13 15:39:24,990][INFO] Step 8: size: 8, coverage: 42.00%, cost: 8.0
[2024-10-13 15:39:25,000][INFO] Step 9: size: 9, coverage: 45.00%, cost: 9.0
[2024-10-13 15:39:25,010][INFO] Step 10: size: 10, coverage: 48.00%, cost: 10.0
[2024-10-13 15:39:25,020][INFO] Step 11: size: 11, coverage: 50.67%, cost: 11.0
[2024-10-13 15:39:25,031][INFO] Step 12: size: 12, coverage: 53.00%, cost: 12.0
[2024-10-13 15:39:25,041][INFO] Step 13: size: 13, coverage: 55.33%, cost: 13.0
[2024-10-13 15:39:25,051][INFO] Step 14: size: 14, coverage: 57.33%, cost: 14.0
[2024-10-13 15:39:25,061][INFO] Step 15: size: 15, coverage: 59.33%, cost: 15.0
[2024-10-13 15:39:25,071][INFO] Step 16: size: 16, coverage: 63.00%, cost: 17.0
[2024-10-13 15:39:25,081][INFO] Step 17: size: 17, coverage: 64.67%, cost: 18.0
[2024-10-13 15:39:25,091][INFO] Step 18: size: 18, coverage: 66.33%, cost: 19.0
[2024-10-13 15:39:25,101][INFO] Step 19: size: 19, coverage: 68.00%, cost: 20.0
[2024-10-13 15:39:25,111][INFO] Step 20: size: 20, coverage: 71.33%, cost: 22.0
[2024-10-13 15:39:25,122][INFO] Step 21: size: 21, coverage: 73.67%, cost: 24.0
[2024-10-13 15:39:25,132][INFO] Step 22: size: 22, coverage: 76.00%, cost: 26.0
[2024-10-13 15:39:25,142][INFO] Step 23: size: 23, coverage: 78.33%, cost: 28.0
[2024-10-13 15:39:25,152][INFO] Step 24: size: 24, coverage: 81.00%, cost: 31.0
[2024-10-13 15:39:25,162][INFO] Step 25: size: 25, coverage: 83.33%, cost: 34.0
[2024-10-13 15:39:25,172][INFO] Step 26: size: 26, coverage: 84.67%, cost: 36.0
[2024-10-13 15:39:25,182][INFO] Step 27: size: 27, coverage: 86.00%, cost: 38.0
[2024-10-13 15:39:25,192][INFO] Step 28: size: 28, coverage: 88.00%, cost: 41.0
[2024-10-13 15:39:25,203][INFO] Step 29: size: 29, coverage: 89.67%, cost: 44.0
[2024-10-13 15:39:25,213][INFO] Step 30: size: 30, coverage: 90.67%, cost: 46.0
[2024-10-13 15:39:25,223][INFO] Step 31: size: 31, coverage: 91.67%, cost: 48.0
[2024-10-13 15:39:25,233][INFO] Step 32: size: 32, coverage: 92.67%, cost: 50.0
[2024-10-13 15:39:25,244][INFO] Step 33: size: 33, coverage: 94.00%, cost: 53.0
[2024-10-13 15:39:25,254][INFO] Step 34: size: 34, coverage: 94.67%, cost: 55.0
[2024-10-13 15:39:25,265][INFO] Step 35: size: 35, coverage: 95.33%, cost: 57.0
[2024-10-13 15:39:25,275][INFO] Step 36: size: 36, coverage: 96.00%, cost: 60.0
[2024-10-13 15:39:25,286][INFO] Step 37: size: 37, coverage: 96.33%, cost: 62.0
[2024-10-13 15:39:25,297][INFO] Step 38: size: 38, coverage: 96.67%, cost: 64.0
[2024-10-13 15:39:25,307][INFO] Step 39: size: 39, coverage: 97.00%, cost: 66.0
[2024-10-13 15:39:25,318][INFO] Step 40: size: 40, coverage: 97.33%, cost: 68.0
[2024-10-13 15:39:25,329][INFO] Step 41: size: 41, coverage: 97.67%, cost: 70.0
[2024-10-13 15:39:25,340][INFO] Step 42: size: 42, coverage: 98.00%, cost: 72.0
[2024-10-13 15:39:25,351][INFO] Step 43: size: 43, coverage: 98.67%, cost: 77.0
[2024-10-13 15:39:25,362][INFO] Step 44: size: 44, coverage: 99.00%, cost: 80.0
[2024-10-13 15:39:25,373][INFO] Step 45: size: 45, coverage: 99.33%, cost: 83.0
[2024-10-13 15:39:25,384][INFO] Step 46: size: 46, coverage: 99.67%, cost: 86.0
[2024-10-13 15:39:25,395][INFO] Step 47: size: 47, coverage: 100.00%, cost: 89.0
[2024-10-13 15:39:25,396][INFO] Size: 47 -> 44
[2024-10-13 15:39:25,396][INFO] Cost: 89.0 -> 84.0
[2024-10-13 15:58:10,555][INFO] Step 1: size: 1, coverage: 7.00%, cost: 1.0
[2024-10-13 15:58:10,565][INFO] Step 2: size: 2, coverage: 13.67%, cost: 2.0
[2024-10-13 15:58:10,576][INFO] Step 3: size: 3, coverage: 19.67%, cost: 3.0
[2024-10-13 15:58:10,586][INFO] Step 4: size: 4, coverage: 25.00%, cost: 4.0
[2024-10-13 15:58:10,596][INFO] Step 5: size: 5, coverage: 30.33%, cost: 5.0
[2024-10-13 15:58:10,607][INFO] Step 6: size: 6, coverage: 34.67%, cost: 6.0
[2024-10-13 15:58:10,617][INFO] Step 7: size: 7, coverage: 38.67%, cost: 7.0
[2024-10-13 15:58:10,628][INFO] Step 8: size: 8, coverage: 42.00%, cost: 8.0
[2024-10-13 15:58:10,638][INFO] Step 9: size: 9, coverage: 45.00%, cost: 9.0
[2024-10-13 15:58:10,649][INFO] Step 10: size: 10, coverage: 48.00%, cost: 10.0
[2024-10-13 15:58:10,659][INFO] Step 11: size: 11, coverage: 50.67%, cost: 11.0
[2024-10-13 15:58:10,669][INFO] Step 12: size: 12, coverage: 53.00%, cost: 12.0
[2024-10-13 15:58:10,680][INFO] Step 13: size: 13, coverage: 55.33%, cost: 13.0
[2024-10-13 15:58:10,690][INFO] Step 14: size: 14, coverage: 57.33%, cost: 14.0
[2024-10-13 15:58:10,700][INFO] Step 15: size: 15, coverage: 59.33%, cost: 15.0
[2024-10-13 15:58:10,710][INFO] Step 16: size: 16, coverage: 63.00%, cost: 17.0
[2024-10-13 15:58:10,720][INFO] Step 17: size: 17, coverage: 64.67%, cost: 18.0
[2024-10-13 15:58:10,730][INFO] Step 18: size: 18, coverage: 66.33%, cost: 19.0
[2024-10-13 15:58:10,741][INFO] Step 19: size: 19, coverage: 68.00%, cost: 20.0
[2024-10-13 15:58:10,751][INFO] Step 20: size: 20, coverage: 71.33%, cost: 22.0
[2024-10-13 15:58:10,761][INFO] Step 21: size: 21, coverage: 73.67%, cost: 24.0
[2024-10-13 15:58:10,771][INFO] Step 22: size: 22, coverage: 76.00%, cost: 26.0
[2024-10-13 15:58:10,781][INFO] Step 23: size: 23, coverage: 78.33%, cost: 28.0
[2024-10-13 15:58:10,792][INFO] Step 24: size: 24, coverage: 81.00%, cost: 31.0
[2024-10-13 15:58:10,802][INFO] Step 25: size: 25, coverage: 83.33%, cost: 34.0
[2024-10-13 15:58:10,812][INFO] Step 26: size: 26, coverage: 84.67%, cost: 36.0
[2024-10-13 15:58:10,822][INFO] Step 27: size: 27, coverage: 86.00%, cost: 38.0
[2024-10-13 15:58:10,832][INFO] Step 28: size: 28, coverage: 88.00%, cost: 41.0
[2024-10-13 15:58:10,843][INFO] Step 29: size: 29, coverage: 89.67%, cost: 44.0
[2024-10-13 15:58:10,853][INFO] Step 30: size: 30, coverage: 90.67%, cost: 46.0
[2024-10-13 15:58:10,863][INFO] Step 31: size: 31, coverage: 91.67%, cost: 48.0
[2024-10-13 15:58:10,874][INFO] Step 32: size: 32, coverage: 92.67%, cost: 50.0
[2024-10-13 15:58:10,884][INFO] Step 33: size: 33, coverage: 94.00%, cost: 53.0
[2024-10-13 15:58:10,895][INFO] Step 34: size: 34, coverage: 94.67%, cost: 55.0
[2024-10-13 15:58:10,905][INFO] Step 35: size: 35, coverage: 95.33%, cost: 57.0
[2024-10-13 15:58:10,916][INFO] Step 36: size: 36, coverage: 96.00%, cost: 60.0
[2024-10-13 15:58:10,927][INFO] Step 37: size: 37, coverage: 96.33%, cost: 62.0
[2024-10-13 15:58:10,937][INFO] Step 38: size: 38, coverage: 96.67%, cost: 64.0
[2024-10-13 15:58:10,948][INFO] Step 39: size: 39, coverage: 97.00%, cost: 66.0
[2024-10-13 15:58:10,959][INFO] Step 40: size: 40, coverage: 97.33%, cost: 68.0
[2024-10-13 15:58:10,970][INFO] Step 41: size: 41, coverage: 97.67%, cost: 70.0
[2024-10-13 15:58:10,981][INFO] Step 42: size: 42, coverage: 98.00%, cost: 72.0
[2024-10-13 15:58:10,992][INFO] Step 43: size: 43, coverage: 98.67%, cost: 77.0
[2024-10-13 15:58:11,003][INFO] Step 44: size: 44, coverage: 99.00%, cost: 80.0
[2024-10-13 15:58:11,014][INFO] Step 45: size: 45, coverage: 99.33%, cost: 83.0
[2024-10-13 15:58:11,025][INFO] Step 46: size: 46, coverage: 99.67%, cost: 86.0
[2024-10-13 15:58:11,036][INFO] Step 47: size: 47, coverage: 100.00%, cost: 89.0
[2024-10-13 15:58:11,037][INFO] Size: 47 -> 44
[2024-10-13 15:58:11,037][INFO] Cost: 89.0 -> 84.0
[2024-10-13 16:04:09,579][INFO] Step 1: size: 1, coverage: 7.00%, cost: 1.0
[2024-10-13 16:04:09,590][INFO] Step 2: size: 2, coverage: 13.67%, cost: 2.0
[2024-10-13 16:04:09,601][INFO] Step 3: size: 3, coverage: 19.67%, cost: 3.0
[2024-10-13 16:04:09,611][INFO] Step 4: size: 4, coverage: 25.00%, cost: 4.0
[2024-10-13 16:04:09,622][INFO] Step 5: size: 5, coverage: 30.33%, cost: 5.0
[2024-10-13 16:04:09,632][INFO] Step 6: size: 6, coverage: 34.67%, cost: 6.0
[2024-10-13 16:04:09,643][INFO] Step 7: size: 7, coverage: 38.67%, cost: 7.0
[2024-10-13 16:04:09,654][INFO] Step 8: size: 8, coverage: 42.00%, cost: 8.0
[2024-10-13 16:04:09,664][INFO] Step 9: size: 9, coverage: 45.00%, cost: 9.0
[2024-10-13 16:04:09,675][INFO] Step 10: size: 10, coverage: 48.00%, cost: 10.0
[2024-10-13 16:04:09,686][INFO] Step 11: size: 11, coverage: 50.67%, cost: 11.0
[2024-10-13 16:04:09,696][INFO] Step 12: size: 12, coverage: 53.00%, cost: 12.0
[2024-10-13 16:04:09,707][INFO] Step 13: size: 13, coverage: 55.33%, cost: 13.0
[2024-10-13 16:04:09,718][INFO] Step 14: size: 14, coverage: 57.33%, cost: 14.0
[2024-10-13 16:04:09,728][INFO] Step 15: size: 15, coverage: 59.33%, cost: 15.0
[2024-10-13 16:04:09,738][INFO] Step 16: size: 16, coverage: 63.00%, cost: 17.0
[2024-10-13 16:04:09,749][INFO] Step 17: size: 17, coverage: 64.67%, cost: 18.0
[2024-10-13 16:04:09,759][INFO] Step 18: size: 18, coverage: 66.33%, cost: 19.0
[2024-10-13 16:04:09,770][INFO] Step 19: size: 19, coverage: 68.00%, cost: 20.0
[2024-10-13 16:04:09,780][INFO] Step 20: size: 20, coverage: 71.33%, cost: 22.0
[2024-10-13 16:04:09,791][INFO] Step 21: size: 21, coverage: 73.67%, cost: 24.0
[2024-10-13 16:04:09,801][INFO] Step 22: size: 22, coverage: 76.00%, cost: 26.0
[2024-10-13 16:04:09,812][INFO] Step 23: size: 23, coverage: 78.33%, cost: 28.0
[2024-10-13 16:04:09,822][INFO] Step 24: size: 24, coverage: 81.00%, cost: 31.0
[2024-10-13 16:04:09,833][INFO] Step 25: size: 25, coverage: 83.33%, cost: 34.0
[2024-10-13 16:04:09,843][INFO] Step 26: size: 26, coverage: 84.67%, cost: 36.0
[2024-10-13 16:04:09,854][INFO] Step 27: size: 27, coverage: 86.00%, cost: 38.0
[2024-10-13 16:04:09,864][INFO] Step 28: size: 28, coverage: 88.00%, cost: 41.0
[2024-10-13 16:04:09,875][INFO] Step 29: size: 29, coverage: 89.67%, cost: 44.0
[2024-10-13 16:04:09,886][INFO] Step 30: size: 30, coverage: 90.67%, cost: 46.0
[2024-10-13 16:04:09,896][INFO] Step 31: size: 31, coverage: 91.67%, cost: 48.0
[2024-10-13 16:04:09,907][INFO] Step 32: size: 32, coverage: 92.67%, cost: 50.0
[2024-10-13 16:04:09,918][INFO] Step 33: size: 33, coverage: 94.00%, cost: 53.0
[2024-10-13 16:04:09,929][INFO] Step 34: size: 34, coverage: 94.67%, cost: 55.0
[2024-10-13 16:04:09,940][INFO] Step 35: size: 35, coverage: 95.33%, cost: 57.0
[2024-10-13 16:04:09,950][INFO] Step 36: size: 36, coverage: 96.00%, cost: 60.0
[2024-10-13 16:04:09,961][INFO] Step 37: size: 37, coverage: 96.33%, cost: 62.0
[2024-10-13 16:04:09,972][INFO] Step 38: size: 38, coverage: 96.67%, cost: 64.0
[2024-10-13 16:04:09,983][INFO] Step 39: size: 39, coverage: 97.00%, cost: 66.0
[2024-10-13 16:04:09,994][INFO] Step 40: size: 40, coverage: 97.33%, cost: 68.0
[2024-10-13 16:04:10,006][INFO] Step 41: size: 41, coverage: 97.67%, cost: 70.0
[2024-10-13 16:04:10,017][INFO] Step 42: size: 42, coverage: 98.00%, cost: 72.0
[2024-10-13 16:04:10,028][INFO] Step 43: size: 43, coverage: 98.67%, cost: 77.0
[2024-10-13 16:04:10,039][INFO] Step 44: size: 44, coverage: 99.00%, cost: 80.0
[2024-10-13 16:04:10,051][INFO] Step 45: size: 45, coverage: 99.33%, cost: 83.0
[2024-10-13 16:04:10,062][INFO] Step 46: size: 46, coverage: 99.67%, cost: 86.0
[2024-10-13 16:04:10,074][INFO] Step 47: size: 47, coverage: 100.00%, cost: 89.0
[2024-10-13 16:04:10,075][INFO] Size: 47 -> 44
[2024-10-13 16:04:10,075][INFO] Cost: 89.0 -> 84.0
[2024-10-13 16:09:42,685][INFO] Step 1: size: 1, coverage: 7.00%, cost: 1.0
[2024-10-13 16:09:42,696][INFO] Step 2: size: 2, coverage: 13.67%, cost: 2.0
[2024-10-13 16:09:42,706][INFO] Step 3: size: 3, coverage: 19.67%, cost: 3.0
[2024-10-13 16:09:42,716][INFO] Step 4: size: 4, coverage: 25.00%, cost: 4.0
[2024-10-13 16:09:42,727][INFO] Step 5: size: 5, coverage: 30.33%, cost: 5.0
[2024-10-13 16:09:42,737][INFO] Step 6: size: 6, coverage: 34.67%, cost: 6.0
[2024-10-13 16:09:42,747][INFO] Step 7: size: 7, coverage: 38.67%, cost: 7.0
[2024-10-13 16:09:42,757][INFO] Step 8: size: 8, coverage: 42.00%, cost: 8.0
[2024-10-13 16:09:42,768][INFO] Step 9: size: 9, coverage: 45.00%, cost: 9.0
[2024-10-13 16:09:42,778][INFO] Step 10: size: 10, coverage: 48.00%, cost: 10.0
[2024-10-13 16:09:42,788][INFO] Step 11: size: 11, coverage: 50.67%, cost: 11.0
[2024-10-13 16:09:42,799][INFO] Step 12: size: 12, coverage: 53.00%, cost: 12.0
[2024-10-13 16:09:42,809][INFO] Step 13: size: 13, coverage: 55.33%, cost: 13.0
[2024-10-13 16:09:42,819][INFO] Step 14: size: 14, coverage: 57.33%, cost: 14.0
[2024-10-13 16:09:42,829][INFO] Step 15: size: 15, coverage: 59.33%, cost: 15.0
[2024-10-13 16:09:42,839][INFO] Step 16: size: 16, coverage: 63.00%, cost: 17.0
[2024-10-13 16:09:42,849][INFO] Step 17: size: 17, coverage: 64.67%, cost: 18.0
[2024-10-13 16:09:42,859][INFO] Step 18: size: 18, coverage: 66.33%, cost: 19.0
[2024-10-13 16:09:42,869][INFO] Step 19: size: 19, coverage: 68.00%, cost: 20.0
[2024-10-13 16:09:42,880][INFO] Step 20: size: 20, coverage: 71.33%, cost: 22.0
[2024-10-13 16:09:42,890][INFO] Step 21: size: 21, coverage: 73.67%, cost: 24.0
[2024-10-13 16:09:42,900][INFO] Step 22: size: 22, coverage: 76.00%, cost: 26.0
[2024-10-13 16:09:42,910][INFO] Step 23: size: 23, coverage: 78.33%, cost: 28.0
[2024-10-13 16:09:42,920][INFO] Step 24: size: 24, coverage: 81.00%, cost: 31.0
[2024-10-13 16:09:42,930][INFO] Step 25: size: 25, coverage: 83.33%, cost: 34.0
[2024-10-13 16:09:42,940][INFO] Step 26: size: 26, coverage: 84.67%, cost: 36.0
[2024-10-13 16:09:42,951][INFO] Step 27: size: 27, coverage: 86.00%, cost: 38.0
[2024-10-13 16:09:42,961][INFO] Step 28: size: 28, coverage: 88.00%, cost: 41.0
[2024-10-13 16:09:42,971][INFO] Step 29: size: 29, coverage: 89.67%, cost: 44.0
[2024-10-13 16:09:42,981][INFO] Step 30: size: 30, coverage: 90.67%, cost: 46.0
[2024-10-13 16:09:42,992][INFO] Step 31: size: 31, coverage: 91.67%, cost: 48.0
[2024-10-13 16:09:43,002][INFO] Step 32: size: 32, coverage: 92.67%, cost: 50.0
[2024-10-13 16:09:43,013][INFO] Step 33: size: 33, coverage: 94.00%, cost: 53.0
[2024-10-13 16:09:43,023][INFO] Step 34: size: 34, coverage: 94.67%, cost: 55.0
[2024-10-13 16:09:43,034][INFO] Step 35: size: 35, coverage: 95.33%, cost: 57.0
[2024-10-13 16:09:43,044][INFO] Step 36: size: 36, coverage: 96.00%, cost: 60.0
[2024-10-13 16:09:43,055][INFO] Step 37: size: 37, coverage: 96.33%, cost: 62.0
[2024-10-13 16:09:43,066][INFO] Step 38: size: 38, coverage: 96.67%, cost: 64.0
[2024-10-13 16:09:43,076][INFO] Step 39: size: 39, coverage: 97.00%, cost: 66.0
[2024-10-13 16:09:43,087][INFO] Step 40: size: 40, coverage: 97.33%, cost: 68.0
[2024-10-13 16:09:43,098][INFO] Step 41: size: 41, coverage: 97.67%, cost: 70.0
[2024-10-13 16:09:43,109][INFO] Step 42: size: 42, coverage: 98.00%, cost: 72.0
[2024-10-13 16:09:43,120][INFO] Step 43: size: 43, coverage: 98.67%, cost: 77.0
[2024-10-13 16:09:43,131][INFO] Step 44: size: 44, coverage: 99.00%, cost: 80.0
[2024-10-13 16:09:43,142][INFO] Step 45: size: 45, coverage: 99.33%, cost: 83.0
[2024-10-13 16:09:43,153][INFO] Step 46: size: 46, coverage: 99.67%, cost: 86.0
[2024-10-13 16:09:43,165][INFO] Step 47: size: 47, coverage: 100.00%, cost: 89.0
[2024-10-13 16:09:43,166][INFO] Size: 47 -> 44
[2024-10-13 16:09:43,166][INFO] Cost: 89.0 -> 84.0
