[2024-10-06 17:31:14,124][INFO] Step 1: size: 1, coverage: 7.67%, cost: 1.0
[2024-10-06 17:31:14,135][INFO] Step 2: size: 2, coverage: 14.33%, cost: 2.0
[2024-10-06 17:31:14,145][INFO] Step 3: size: 3, coverage: 20.67%, cost: 3.0
[2024-10-06 17:31:14,155][INFO] Step 4: size: 4, coverage: 26.00%, cost: 4.0
[2024-10-06 17:31:14,165][INFO] Step 5: size: 5, coverage: 31.00%, cost: 5.0
[2024-10-06 17:31:14,175][INFO] Step 6: size: 6, coverage: 35.67%, cost: 6.0
[2024-10-06 17:31:14,185][INFO] Step 7: size: 7, coverage: 40.00%, cost: 7.0
[2024-10-06 17:31:14,196][INFO] Step 8: size: 8, coverage: 43.67%, cost: 8.0
[2024-10-06 17:31:14,206][INFO] Step 9: size: 9, coverage: 47.00%, cost: 9.0
[2024-10-06 17:31:14,216][INFO] Step 10: size: 10, coverage: 50.33%, cost: 10.0
[2024-10-06 17:31:14,226][INFO] Step 11: size: 11, coverage: 53.00%, cost: 11.0
[2024-10-06 17:31:14,236][INFO] Step 12: size: 12, coverage: 55.67%, cost: 12.0
[2024-10-06 17:31:14,246][INFO] Step 13: size: 13, coverage: 58.00%, cost: 13.0
[2024-10-06 17:31:14,255][INFO] Step 14: size: 14, coverage: 60.00%, cost: 14.0
[2024-10-06 17:31:14,265][INFO] Step 15: size: 15, coverage: 63.67%, cost: 16.0
[2024-10-06 17:31:14,275][INFO] Step 16: size: 16, coverage: 65.33%, cost: 17.0
[2024-10-06 17:31:14,285][INFO] Step 17: size: 17, coverage: 67.00%, cost: 18.0
[2024-10-06 17:31:14,295][INFO] Step 18: size: 18, coverage: 68.67%, cost: 19.0
[2024-10-06 17:31:14,305][INFO] Step 19: size: 19, coverage: 70.33%, cost: 20.0
[2024-10-06 17:31:14,315][INFO] Step 20: size: 20, coverage: 73.33%, cost: 22.0
[2024-10-06 17:31:14,325][INFO] Step 21: size: 21, coverage: 74.67%, cost: 23.0
[2024-10-06 17:31:14,335][INFO] Step 22: size: 22, coverage: 77.33%, cost: 25.0
[2024-10-06 17:31:14,345][INFO] Step 23: size: 23, coverage: 79.67%, cost: 27.0
[2024-10-06 17:31:14,355][INFO] Step 24: size: 24, coverage: 80.67%, cost: 28.0
[2024-10-06 17:31:14,365][INFO] Step 25: size: 25, coverage: 81.67%, cost: 29.0
[2024-10-06 17:31:14,375][INFO] Step 26: size: 26, coverage: 83.67%, cost: 31.0
[2024-10-06 17:31:14,385][INFO] Step 27: size: 27, coverage: 85.33%, cost: 33.0
[2024-10-06 17:31:14,395][INFO] Step 28: size: 28, coverage: 87.00%, cost: 35.0
[2024-10-06 17:31:14,405][INFO] Step 29: size: 29, coverage: 87.67%, cost: 36.0
[2024-10-06 17:31:14,416][INFO] Step 30: size: 30, coverage: 88.33%, cost: 37.0
[2024-10-06 17:31:14,426][INFO] Step 31: size: 31, coverage: 89.67%, cost: 39.0
[2024-10-06 17:31:14,436][INFO] Step 32: size: 32, coverage: 90.67%, cost: 41.0
[2024-10-06 17:31:14,446][INFO] Step 33: size: 33, coverage: 92.00%, cost: 44.0
[2024-10-06 17:31:14,457][INFO] Step 34: size: 34, coverage: 92.33%, cost: 45.0
[2024-10-06 17:31:14,467][INFO] Step 35: size: 35, coverage: 92.67%, cost: 46.0
[2024-10-06 17:31:14,477][INFO] Step 36: size: 36, coverage: 93.33%, cost: 48.0
[2024-10-06 17:31:14,488][INFO] Step 37: size: 37, coverage: 94.00%, cost: 50.0
[2024-10-06 17:31:14,498][INFO] Step 38: size: 38, coverage: 95.00%, cost: 53.0
[2024-10-06 17:31:14,509][INFO] Step 39: size: 39, coverage: 96.00%, cost: 56.0
[2024-10-06 17:31:14,520][INFO] Step 40: size: 40, coverage: 97.00%, cost: 60.0
[2024-10-06 17:31:14,530][INFO] Step 41: size: 41, coverage: 98.00%, cost: 64.0
[2024-10-06 17:31:14,541][INFO] Step 42: size: 42, coverage: 98.67%, cost: 67.0
[2024-10-06 17:31:14,552][INFO] Step 43: size: 43, coverage: 99.33%, cost: 72.0
[2024-10-06 17:31:14,563][INFO] Step 44: size: 44, coverage: 99.67%, cost: 75.0
[2024-10-06 17:31:14,574][INFO] Step 45: size: 45, coverage: 100.00%, cost: 78.0
[2024-10-06 18:50:07,857][INFO] Step 1: size: 1, coverage: 7.67%, cost: 1.0
[2024-10-06 18:50:07,867][INFO] Step 2: size: 2, coverage: 14.33%, cost: 2.0
[2024-10-06 18:50:07,878][INFO] Step 3: size: 3, coverage: 20.67%, cost: 3.0
[2024-10-06 18:50:07,888][INFO] Step 4: size: 4, coverage: 26.00%, cost: 4.0
[2024-10-06 18:50:07,898][INFO] Step 5: size: 5, coverage: 31.00%, cost: 5.0
[2024-10-06 18:50:07,908][INFO] Step 6: size: 6, coverage: 35.67%, cost: 6.0
[2024-10-06 18:50:07,918][INFO] Step 7: size: 7, coverage: 40.00%, cost: 7.0
[2024-10-06 18:50:07,928][INFO] Step 8: size: 8, coverage: 43.67%, cost: 8.0
[2024-10-06 18:50:07,939][INFO] Step 9: size: 9, coverage: 47.00%, cost: 9.0
[2024-10-06 18:50:07,949][INFO] Step 10: size: 10, coverage: 50.33%, cost: 10.0
[2024-10-06 18:50:07,959][INFO] Step 11: size: 11, coverage: 53.00%, cost: 11.0
[2024-10-06 18:50:07,969][INFO] Step 12: size: 12, coverage: 55.67%, cost: 12.0
[2024-10-06 18:50:07,979][INFO] Step 13: size: 13, coverage: 58.00%, cost: 13.0
[2024-10-06 18:50:07,989][INFO] Step 14: size: 14, coverage: 60.00%, cost: 14.0
[2024-10-06 18:50:07,998][INFO] Step 15: size: 15, coverage: 63.67%, cost: 16.0
[2024-10-06 18:50:08,008][INFO] Step 16: size: 16, coverage: 65.33%, cost: 17.0
[2024-10-06 18:50:08,018][INFO] Step 17: size: 17, coverage: 67.00%, cost: 18.0
[2024-10-06 18:50:08,028][INFO] Step 18: size: 18, coverage: 68.67%, cost: 19.0
[2024-10-06 18:50:08,038][INFO] Step 19: size: 19, coverage: 70.33%, cost: 20.0
[2024-10-06 18:50:08,048][INFO] Step 20: size: 20, coverage: 73.33%, cost: 22.0
[2024-10-06 18:50:08,058][INFO] Step 21: size: 21, coverage: 74.67%, cost: 23.0
[2024-10-06 18:50:08,068][INFO] Step 22: size: 22, coverage: 77.33%, cost: 25.0
[2024-10-06 18:50:08,078][INFO] Step 23: size: 23, coverage: 79.67%, cost: 27.0
[2024-10-06 18:50:08,088][INFO] Step 24: size: 24, coverage: 80.67%, cost: 28.0
[2024-10-06 18:50:08,098][INFO] Step 25: size: 25, coverage: 81.67%, cost: 29.0
[2024-10-06 18:50:08,108][INFO] Step 26: size: 26, coverage: 83.67%, cost: 31.0
[2024-10-06 18:50:08,119][INFO] Step 27: size: 27, coverage: 85.33%, cost: 33.0
[2024-10-06 18:50:08,129][INFO] Step 28: size: 28, coverage: 87.00%, cost: 35.0
[2024-10-06 18:50:08,139][INFO] Step 29: size: 29, coverage: 87.67%, cost: 36.0
[2024-10-06 18:50:08,149][INFO] Step 30: size: 30, coverage: 88.33%, cost: 37.0
[2024-10-06 18:50:08,159][INFO] Step 31: size: 31, coverage: 89.67%, cost: 39.0
[2024-10-06 18:50:08,169][INFO] Step 32: size: 32, coverage: 90.67%, cost: 41.0
[2024-10-06 18:50:08,180][INFO] Step 33: size: 33, coverage: 92.00%, cost: 44.0
[2024-10-06 18:50:08,190][INFO] Step 34: size: 34, coverage: 92.33%, cost: 45.0
[2024-10-06 18:50:08,200][INFO] Step 35: size: 35, coverage: 92.67%, cost: 46.0
[2024-10-06 18:50:08,211][INFO] Step 36: size: 36, coverage: 93.33%, cost: 48.0
[2024-10-06 18:50:08,221][INFO] Step 37: size: 37, coverage: 94.00%, cost: 50.0
[2024-10-06 18:50:08,232][INFO] Step 38: size: 38, coverage: 95.00%, cost: 53.0
[2024-10-06 18:50:08,242][INFO] Step 39: size: 39, coverage: 96.00%, cost: 56.0
[2024-10-06 18:50:08,253][INFO] Step 40: size: 40, coverage: 97.00%, cost: 60.0
[2024-10-06 18:50:08,264][INFO] Step 41: size: 41, coverage: 98.00%, cost: 64.0
[2024-10-06 18:50:08,274][INFO] Step 42: size: 42, coverage: 98.67%, cost: 67.0
[2024-10-06 18:50:08,285][INFO] Step 43: size: 43, coverage: 99.33%, cost: 72.0
[2024-10-06 18:50:08,296][INFO] Step 44: size: 44, coverage: 99.67%, cost: 75.0
[2024-10-06 18:50:08,307][INFO] Step 45: size: 45, coverage: 100.00%, cost: 78.0
[2024-10-06 18:50:08,308][INFO] Size: 45 -> 44
[2024-10-06 18:50:08,308][INFO] Cost: 78.0 -> 77.0
[2024-10-06 18:50:08,308][INFO] Pruned solution: [np.int64(3), np.int64(7), np.int64(10), np.int64(1), np.int64(14), np.int64(12), np.int64(5), np.int64(13), np.int64(22), np.int64(34), np.int64(51), np.int64(15), np.int64(44), np.int64(54), np.int64(32), np.int64(39), np.int64(23), np.int64(41), np.int64(68), np.int64(99), np.int64(71), np.int64(76), np.int64(0), np.int64(2), np.int64(8), np.int64(48), np.int64(27), np.int64(33), np.int64(49), np.int64(40), np.int64(24), np.int64(82), np.int64(118), np.int64(4), np.int64(20), np.int64(25), np.int64(18), np.int64(43), np.int64(77), np.int64(19), np.int64(70), np.int64(6), np.int64(109), np.int64(17)]
[2024-10-06 18:52:29,283][INFO] Step 1: size: 1, coverage: 7.67%, cost: 1.0
[2024-10-06 18:52:29,293][INFO] Step 2: size: 2, coverage: 14.33%, cost: 2.0
[2024-10-06 18:52:29,303][INFO] Step 3: size: 3, coverage: 20.67%, cost: 3.0
[2024-10-06 18:52:29,314][INFO] Step 4: size: 4, coverage: 26.00%, cost: 4.0
[2024-10-06 18:52:29,324][INFO] Step 5: size: 5, coverage: 31.00%, cost: 5.0
[2024-10-06 18:52:29,334][INFO] Step 6: size: 6, coverage: 35.67%, cost: 6.0
[2024-10-06 18:52:29,344][INFO] Step 7: size: 7, coverage: 40.00%, cost: 7.0
[2024-10-06 18:52:29,355][INFO] Step 8: size: 8, coverage: 43.67%, cost: 8.0
[2024-10-06 18:52:29,365][INFO] Step 9: size: 9, coverage: 47.00%, cost: 9.0
[2024-10-06 18:52:29,375][INFO] Step 10: size: 10, coverage: 50.33%, cost: 10.0
[2024-10-06 18:52:29,385][INFO] Step 11: size: 11, coverage: 53.00%, cost: 11.0
[2024-10-06 18:52:29,396][INFO] Step 12: size: 12, coverage: 55.67%, cost: 12.0
[2024-10-06 18:52:29,406][INFO] Step 13: size: 13, coverage: 58.00%, cost: 13.0
[2024-10-06 18:52:29,416][INFO] Step 14: size: 14, coverage: 60.00%, cost: 14.0
[2024-10-06 18:52:29,426][INFO] Step 15: size: 15, coverage: 63.67%, cost: 16.0
[2024-10-06 18:52:29,436][INFO] Step 16: size: 16, coverage: 65.33%, cost: 17.0
[2024-10-06 18:52:29,446][INFO] Step 17: size: 17, coverage: 67.00%, cost: 18.0
[2024-10-06 18:52:29,456][INFO] Step 18: size: 18, coverage: 68.67%, cost: 19.0
[2024-10-06 18:52:29,467][INFO] Step 19: size: 19, coverage: 70.33%, cost: 20.0
[2024-10-06 18:52:29,477][INFO] Step 20: size: 20, coverage: 73.33%, cost: 22.0
[2024-10-06 18:52:29,487][INFO] Step 21: size: 21, coverage: 74.67%, cost: 23.0
[2024-10-06 18:52:29,497][INFO] Step 22: size: 22, coverage: 77.33%, cost: 25.0
[2024-10-06 18:52:29,507][INFO] Step 23: size: 23, coverage: 79.67%, cost: 27.0
[2024-10-06 18:52:29,517][INFO] Step 24: size: 24, coverage: 80.67%, cost: 28.0
[2024-10-06 18:52:29,528][INFO] Step 25: size: 25, coverage: 81.67%, cost: 29.0
[2024-10-06 18:52:29,538][INFO] Step 26: size: 26, coverage: 83.67%, cost: 31.0
[2024-10-06 18:52:29,548][INFO] Step 27: size: 27, coverage: 85.33%, cost: 33.0
[2024-10-06 18:52:29,558][INFO] Step 28: size: 28, coverage: 87.00%, cost: 35.0
[2024-10-06 18:52:29,569][INFO] Step 29: size: 29, coverage: 87.67%, cost: 36.0
[2024-10-06 18:52:29,579][INFO] Step 30: size: 30, coverage: 88.33%, cost: 37.0
[2024-10-06 18:52:29,590][INFO] Step 31: size: 31, coverage: 89.67%, cost: 39.0
[2024-10-06 18:52:29,600][INFO] Step 32: size: 32, coverage: 90.67%, cost: 41.0
[2024-10-06 18:52:29,611][INFO] Step 33: size: 33, coverage: 92.00%, cost: 44.0
[2024-10-06 18:52:29,621][INFO] Step 34: size: 34, coverage: 92.33%, cost: 45.0
[2024-10-06 18:52:29,632][INFO] Step 35: size: 35, coverage: 92.67%, cost: 46.0
[2024-10-06 18:52:29,643][INFO] Step 36: size: 36, coverage: 93.33%, cost: 48.0
[2024-10-06 18:52:29,654][INFO] Step 37: size: 37, coverage: 94.00%, cost: 50.0
[2024-10-06 18:52:29,664][INFO] Step 38: size: 38, coverage: 95.00%, cost: 53.0
[2024-10-06 18:52:29,675][INFO] Step 39: size: 39, coverage: 96.00%, cost: 56.0
[2024-10-06 18:52:29,686][INFO] Step 40: size: 40, coverage: 97.00%, cost: 60.0
[2024-10-06 18:52:29,697][INFO] Step 41: size: 41, coverage: 98.00%, cost: 64.0
[2024-10-06 18:52:29,708][INFO] Step 42: size: 42, coverage: 98.67%, cost: 67.0
[2024-10-06 18:52:29,719][INFO] Step 43: size: 43, coverage: 99.33%, cost: 72.0
[2024-10-06 18:52:29,731][INFO] Step 44: size: 44, coverage: 99.67%, cost: 75.0
[2024-10-06 18:52:29,742][INFO] Step 45: size: 45, coverage: 100.00%, cost: 78.0
[2024-10-06 18:52:29,743][INFO] Size: 45 -> 44
[2024-10-06 18:52:29,743][INFO] Cost: 78.0 -> 77.0
[2024-10-06 18:55:40,714][INFO] Step 1: size: 1, coverage: 7.67%, cost: 1.0
[2024-10-06 18:55:40,724][INFO] Step 2: size: 2, coverage: 14.33%, cost: 2.0
[2024-10-06 18:55:40,735][INFO] Step 3: size: 3, coverage: 20.67%, cost: 3.0
[2024-10-06 18:55:40,745][INFO] Step 4: size: 4, coverage: 26.00%, cost: 4.0
[2024-10-06 18:55:40,755][INFO] Step 5: size: 5, coverage: 31.00%, cost: 5.0
[2024-10-06 18:55:40,765][INFO] Step 6: size: 6, coverage: 35.67%, cost: 6.0
[2024-10-06 18:55:40,775][INFO] Step 7: size: 7, coverage: 40.00%, cost: 7.0
[2024-10-06 18:55:40,785][INFO] Step 8: size: 8, coverage: 43.67%, cost: 8.0
[2024-10-06 18:55:40,795][INFO] Step 9: size: 9, coverage: 47.00%, cost: 9.0
[2024-10-06 18:55:40,805][INFO] Step 10: size: 10, coverage: 50.33%, cost: 10.0
[2024-10-06 18:55:40,816][INFO] Step 11: size: 11, coverage: 53.00%, cost: 11.0
[2024-10-06 18:55:40,826][INFO] Step 12: size: 12, coverage: 55.67%, cost: 12.0
[2024-10-06 18:55:40,836][INFO] Step 13: size: 13, coverage: 58.00%, cost: 13.0
[2024-10-06 18:55:40,846][INFO] Step 14: size: 14, coverage: 60.00%, cost: 14.0
[2024-10-06 18:55:40,855][INFO] Step 15: size: 15, coverage: 63.67%, cost: 16.0
[2024-10-06 18:55:40,865][INFO] Step 16: size: 16, coverage: 65.33%, cost: 17.0
[2024-10-06 18:55:40,875][INFO] Step 17: size: 17, coverage: 67.00%, cost: 18.0
[2024-10-06 18:55:40,885][INFO] Step 18: size: 18, coverage: 68.67%, cost: 19.0
[2024-10-06 18:55:40,895][INFO] Step 19: size: 19, coverage: 70.33%, cost: 20.0
[2024-10-06 18:55:40,905][INFO] Step 20: size: 20, coverage: 73.33%, cost: 22.0
[2024-10-06 18:55:40,915][INFO] Step 21: size: 21, coverage: 74.67%, cost: 23.0
[2024-10-06 18:55:40,925][INFO] Step 22: size: 22, coverage: 77.33%, cost: 25.0
[2024-10-06 18:55:40,935][INFO] Step 23: size: 23, coverage: 79.67%, cost: 27.0
[2024-10-06 18:55:40,945][INFO] Step 24: size: 24, coverage: 80.67%, cost: 28.0
[2024-10-06 18:55:40,955][INFO] Step 25: size: 25, coverage: 81.67%, cost: 29.0
[2024-10-06 18:55:40,966][INFO] Step 26: size: 26, coverage: 83.67%, cost: 31.0
[2024-10-06 18:55:40,976][INFO] Step 27: size: 27, coverage: 85.33%, cost: 33.0
[2024-10-06 18:55:40,986][INFO] Step 28: size: 28, coverage: 87.00%, cost: 35.0
[2024-10-06 18:55:40,996][INFO] Step 29: size: 29, coverage: 87.67%, cost: 36.0
[2024-10-06 18:55:41,006][INFO] Step 30: size: 30, coverage: 88.33%, cost: 37.0
[2024-10-06 18:55:41,016][INFO] Step 31: size: 31, coverage: 89.67%, cost: 39.0
[2024-10-06 18:55:41,027][INFO] Step 32: size: 32, coverage: 90.67%, cost: 41.0
[2024-10-06 18:55:41,037][INFO] Step 33: size: 33, coverage: 92.00%, cost: 44.0
[2024-10-06 18:55:41,047][INFO] Step 34: size: 34, coverage: 92.33%, cost: 45.0
[2024-10-06 18:55:41,058][INFO] Step 35: size: 35, coverage: 92.67%, cost: 46.0
[2024-10-06 18:55:41,068][INFO] Step 36: size: 36, coverage: 93.33%, cost: 48.0
[2024-10-06 18:55:41,079][INFO] Step 37: size: 37, coverage: 94.00%, cost: 50.0
[2024-10-06 18:55:41,089][INFO] Step 38: size: 38, coverage: 95.00%, cost: 53.0
[2024-10-06 18:55:41,100][INFO] Step 39: size: 39, coverage: 96.00%, cost: 56.0
[2024-10-06 18:55:41,111][INFO] Step 40: size: 40, coverage: 97.00%, cost: 60.0
[2024-10-06 18:55:41,121][INFO] Step 41: size: 41, coverage: 98.00%, cost: 64.0
[2024-10-06 18:55:41,132][INFO] Step 42: size: 42, coverage: 98.67%, cost: 67.0
[2024-10-06 18:55:41,143][INFO] Step 43: size: 43, coverage: 99.33%, cost: 72.0
[2024-10-06 18:55:41,154][INFO] Step 44: size: 44, coverage: 99.67%, cost: 75.0
[2024-10-06 18:55:41,165][INFO] Step 45: size: 45, coverage: 100.00%, cost: 78.0
[2024-10-06 18:55:41,166][INFO] Size: 45 -> 44
[2024-10-06 18:55:41,166][INFO] Cost: 78.0 -> 77.0
[2024-10-06 19:03:37,141][INFO] Step 1: size: 1, coverage: 7.67%, cost: 1.0
[2024-10-06 19:03:37,152][INFO] Step 2: size: 2, coverage: 14.33%, cost: 2.0
[2024-10-06 19:03:37,162][INFO] Step 3: size: 3, coverage: 20.67%, cost: 3.0
[2024-10-06 19:03:37,172][INFO] Step 4: size: 4, coverage: 26.00%, cost: 4.0
[2024-10-06 19:03:37,182][INFO] Step 5: size: 5, coverage: 31.00%, cost: 5.0
[2024-10-06 19:03:37,193][INFO] Step 6: size: 6, coverage: 35.67%, cost: 6.0
[2024-10-06 19:03:37,203][INFO] Step 7: size: 7, coverage: 40.00%, cost: 7.0
[2024-10-06 19:03:37,213][INFO] Step 8: size: 8, coverage: 43.67%, cost: 8.0
[2024-10-06 19:03:37,223][INFO] Step 9: size: 9, coverage: 47.00%, cost: 9.0
[2024-10-06 19:03:37,234][INFO] Step 10: size: 10, coverage: 50.33%, cost: 10.0
[2024-10-06 19:03:37,244][INFO] Step 11: size: 11, coverage: 53.00%, cost: 11.0
[2024-10-06 19:03:37,254][INFO] Step 12: size: 12, coverage: 55.67%, cost: 12.0
[2024-10-06 19:03:37,264][INFO] Step 13: size: 13, coverage: 58.00%, cost: 13.0
[2024-10-06 19:03:37,274][INFO] Step 14: size: 14, coverage: 60.00%, cost: 14.0
[2024-10-06 19:03:37,284][INFO] Step 15: size: 15, coverage: 63.67%, cost: 16.0
[2024-10-06 19:03:37,294][INFO] Step 16: size: 16, coverage: 65.33%, cost: 17.0
[2024-10-06 19:03:37,304][INFO] Step 17: size: 17, coverage: 67.00%, cost: 18.0
[2024-10-06 19:03:37,314][INFO] Step 18: size: 18, coverage: 68.67%, cost: 19.0
[2024-10-06 19:03:37,324][INFO] Step 19: size: 19, coverage: 70.33%, cost: 20.0
[2024-10-06 19:03:37,334][INFO] Step 20: size: 20, coverage: 73.33%, cost: 22.0
[2024-10-06 19:03:37,344][INFO] Step 21: size: 21, coverage: 74.67%, cost: 23.0
[2024-10-06 19:03:37,354][INFO] Step 22: size: 22, coverage: 77.33%, cost: 25.0
[2024-10-06 19:03:37,364][INFO] Step 23: size: 23, coverage: 79.67%, cost: 27.0
[2024-10-06 19:03:37,374][INFO] Step 24: size: 24, coverage: 80.67%, cost: 28.0
[2024-10-06 19:03:37,384][INFO] Step 25: size: 25, coverage: 81.67%, cost: 29.0
[2024-10-06 19:03:37,395][INFO] Step 26: size: 26, coverage: 83.67%, cost: 31.0
[2024-10-06 19:03:37,405][INFO] Step 27: size: 27, coverage: 85.33%, cost: 33.0
[2024-10-06 19:03:37,415][INFO] Step 28: size: 28, coverage: 87.00%, cost: 35.0
[2024-10-06 19:03:37,425][INFO] Step 29: size: 29, coverage: 87.67%, cost: 36.0
[2024-10-06 19:03:37,435][INFO] Step 30: size: 30, coverage: 88.33%, cost: 37.0
[2024-10-06 19:03:37,446][INFO] Step 31: size: 31, coverage: 89.67%, cost: 39.0
[2024-10-06 19:03:37,456][INFO] Step 32: size: 32, coverage: 90.67%, cost: 41.0
[2024-10-06 19:03:37,466][INFO] Step 33: size: 33, coverage: 92.00%, cost: 44.0
[2024-10-06 19:03:37,477][INFO] Step 34: size: 34, coverage: 92.33%, cost: 45.0
[2024-10-06 19:03:37,487][INFO] Step 35: size: 35, coverage: 92.67%, cost: 46.0
[2024-10-06 19:03:37,498][INFO] Step 36: size: 36, coverage: 93.33%, cost: 48.0
[2024-10-06 19:03:37,508][INFO] Step 37: size: 37, coverage: 94.00%, cost: 50.0
[2024-10-06 19:03:37,519][INFO] Step 38: size: 38, coverage: 95.00%, cost: 53.0
[2024-10-06 19:03:37,529][INFO] Step 39: size: 39, coverage: 96.00%, cost: 56.0
[2024-10-06 19:03:37,540][INFO] Step 40: size: 40, coverage: 97.00%, cost: 60.0
[2024-10-06 19:03:37,551][INFO] Step 41: size: 41, coverage: 98.00%, cost: 64.0
[2024-10-06 19:03:37,562][INFO] Step 42: size: 42, coverage: 98.67%, cost: 67.0
[2024-10-06 19:03:37,573][INFO] Step 43: size: 43, coverage: 99.33%, cost: 72.0
[2024-10-06 19:03:37,584][INFO] Step 44: size: 44, coverage: 99.67%, cost: 75.0
[2024-10-06 19:03:37,594][INFO] Step 45: size: 45, coverage: 100.00%, cost: 78.0
[2024-10-06 19:03:37,595][INFO] Size: 45 -> 44
[2024-10-06 19:03:37,595][INFO] Cost: 78.0 -> 77.0
[2024-10-06 22:18:14,227][INFO] Step 1: size: 1, coverage: 7.67%, cost: 1.0
[2024-10-06 22:18:14,237][INFO] Step 2: size: 2, coverage: 14.33%, cost: 2.0
[2024-10-06 22:18:14,248][INFO] Step 3: size: 3, coverage: 20.67%, cost: 3.0
[2024-10-06 22:18:14,258][INFO] Step 4: size: 4, coverage: 26.00%, cost: 4.0
[2024-10-06 22:18:14,268][INFO] Step 5: size: 5, coverage: 31.00%, cost: 5.0
[2024-10-06 22:18:14,278][INFO] Step 6: size: 6, coverage: 35.67%, cost: 6.0
[2024-10-06 22:18:14,288][INFO] Step 7: size: 7, coverage: 40.00%, cost: 7.0
[2024-10-06 22:18:14,299][INFO] Step 8: size: 8, coverage: 43.67%, cost: 8.0
[2024-10-06 22:18:14,309][INFO] Step 9: size: 9, coverage: 47.00%, cost: 9.0
[2024-10-06 22:18:14,319][INFO] Step 10: size: 10, coverage: 50.33%, cost: 10.0
[2024-10-06 22:18:14,329][INFO] Step 11: size: 11, coverage: 53.00%, cost: 11.0
[2024-10-06 22:18:14,339][INFO] Step 12: size: 12, coverage: 55.67%, cost: 12.0
[2024-10-06 22:18:14,349][INFO] Step 13: size: 13, coverage: 58.00%, cost: 13.0
[2024-10-06 22:18:14,359][INFO] Step 14: size: 14, coverage: 60.00%, cost: 14.0
[2024-10-06 22:18:14,369][INFO] Step 15: size: 15, coverage: 63.67%, cost: 16.0
[2024-10-06 22:18:14,379][INFO] Step 16: size: 16, coverage: 65.33%, cost: 17.0
[2024-10-06 22:18:14,389][INFO] Step 17: size: 17, coverage: 67.00%, cost: 18.0
[2024-10-06 22:18:14,399][INFO] Step 18: size: 18, coverage: 68.67%, cost: 19.0
[2024-10-06 22:18:14,409][INFO] Step 19: size: 19, coverage: 70.33%, cost: 20.0
[2024-10-06 22:18:14,419][INFO] Step 20: size: 20, coverage: 73.33%, cost: 22.0
[2024-10-06 22:18:14,429][INFO] Step 21: size: 21, coverage: 74.67%, cost: 23.0
[2024-10-06 22:18:14,439][INFO] Step 22: size: 22, coverage: 77.33%, cost: 25.0
[2024-10-06 22:18:14,449][INFO] Step 23: size: 23, coverage: 79.67%, cost: 27.0
[2024-10-06 22:18:14,459][INFO] Step 24: size: 24, coverage: 80.67%, cost: 28.0
[2024-10-06 22:18:14,469][INFO] Step 25: size: 25, coverage: 81.67%, cost: 29.0
[2024-10-06 22:18:14,479][INFO] Step 26: size: 26, coverage: 83.67%, cost: 31.0
[2024-10-06 22:18:14,489][INFO] Step 27: size: 27, coverage: 85.33%, cost: 33.0
[2024-10-06 22:18:14,499][INFO] Step 28: size: 28, coverage: 87.00%, cost: 35.0
[2024-10-06 22:18:14,509][INFO] Step 29: size: 29, coverage: 87.67%, cost: 36.0
[2024-10-06 22:18:14,520][INFO] Step 30: size: 30, coverage: 88.33%, cost: 37.0
[2024-10-06 22:18:14,530][INFO] Step 31: size: 31, coverage: 89.67%, cost: 39.0
[2024-10-06 22:18:14,540][INFO] Step 32: size: 32, coverage: 90.67%, cost: 41.0
[2024-10-06 22:18:14,550][INFO] Step 33: size: 33, coverage: 92.00%, cost: 44.0
[2024-10-06 22:18:14,561][INFO] Step 34: size: 34, coverage: 92.33%, cost: 45.0
[2024-10-06 22:18:14,571][INFO] Step 35: size: 35, coverage: 92.67%, cost: 46.0
[2024-10-06 22:18:14,582][INFO] Step 36: size: 36, coverage: 93.33%, cost: 48.0
[2024-10-06 22:18:14,592][INFO] Step 37: size: 37, coverage: 94.00%, cost: 50.0
[2024-10-06 22:18:14,603][INFO] Step 38: size: 38, coverage: 95.00%, cost: 53.0
[2024-10-06 22:18:14,613][INFO] Step 39: size: 39, coverage: 96.00%, cost: 56.0
[2024-10-06 22:18:14,624][INFO] Step 40: size: 40, coverage: 97.00%, cost: 60.0
[2024-10-06 22:18:14,635][INFO] Step 41: size: 41, coverage: 98.00%, cost: 64.0
[2024-10-06 22:18:14,646][INFO] Step 42: size: 42, coverage: 98.67%, cost: 67.0
[2024-10-06 22:18:14,656][INFO] Step 43: size: 43, coverage: 99.33%, cost: 72.0
[2024-10-06 22:18:14,667][INFO] Step 44: size: 44, coverage: 99.67%, cost: 75.0
[2024-10-06 22:18:14,678][INFO] Step 45: size: 45, coverage: 100.00%, cost: 78.0
[2024-10-06 22:18:14,679][INFO] Size: 45 -> 44
[2024-10-06 22:18:14,679][INFO] Cost: 78.0 -> 77.0
[2024-10-06 22:21:16,086][INFO] Step 1: size: 1, coverage: 7.67%, cost: 1.0
[2024-10-06 22:21:16,097][INFO] Step 2: size: 2, coverage: 14.33%, cost: 2.0
[2024-10-06 22:21:16,107][INFO] Step 3: size: 3, coverage: 20.67%, cost: 3.0
[2024-10-06 22:21:16,117][INFO] Step 4: size: 4, coverage: 26.00%, cost: 4.0
[2024-10-06 22:21:16,127][INFO] Step 5: size: 5, coverage: 31.00%, cost: 5.0
[2024-10-06 22:21:16,137][INFO] Step 6: size: 6, coverage: 35.67%, cost: 6.0
[2024-10-06 22:21:16,148][INFO] Step 7: size: 7, coverage: 40.00%, cost: 7.0
[2024-10-06 22:21:16,158][INFO] Step 8: size: 8, coverage: 43.67%, cost: 8.0
[2024-10-06 22:21:16,168][INFO] Step 9: size: 9, coverage: 47.00%, cost: 9.0
[2024-10-06 22:21:16,178][INFO] Step 10: size: 10, coverage: 50.33%, cost: 10.0
[2024-10-06 22:21:16,188][INFO] Step 11: size: 11, coverage: 53.00%, cost: 11.0
[2024-10-06 22:21:16,199][INFO] Step 12: size: 12, coverage: 55.67%, cost: 12.0
[2024-10-06 22:21:16,209][INFO] Step 13: size: 13, coverage: 58.00%, cost: 13.0
[2024-10-06 22:21:16,219][INFO] Step 14: size: 14, coverage: 60.00%, cost: 14.0
[2024-10-06 22:21:16,229][INFO] Step 15: size: 15, coverage: 63.67%, cost: 16.0
[2024-10-06 22:21:16,239][INFO] Step 16: size: 16, coverage: 65.33%, cost: 17.0
[2024-10-06 22:21:16,249][INFO] Step 17: size: 17, coverage: 67.00%, cost: 18.0
[2024-10-06 22:21:16,259][INFO] Step 18: size: 18, coverage: 68.67%, cost: 19.0
[2024-10-06 22:21:16,269][INFO] Step 19: size: 19, coverage: 70.33%, cost: 20.0
[2024-10-06 22:21:16,279][INFO] Step 20: size: 20, coverage: 73.33%, cost: 22.0
[2024-10-06 22:21:16,289][INFO] Step 21: size: 21, coverage: 74.67%, cost: 23.0
[2024-10-06 22:21:16,299][INFO] Step 22: size: 22, coverage: 77.33%, cost: 25.0
[2024-10-06 22:21:16,309][INFO] Step 23: size: 23, coverage: 79.67%, cost: 27.0
[2024-10-06 22:21:16,319][INFO] Step 24: size: 24, coverage: 80.67%, cost: 28.0
[2024-10-06 22:21:16,329][INFO] Step 25: size: 25, coverage: 81.67%, cost: 29.0
[2024-10-06 22:21:16,339][INFO] Step 26: size: 26, coverage: 83.67%, cost: 31.0
[2024-10-06 22:21:16,350][INFO] Step 27: size: 27, coverage: 85.33%, cost: 33.0
[2024-10-06 22:21:16,360][INFO] Step 28: size: 28, coverage: 87.00%, cost: 35.0
[2024-10-06 22:21:16,370][INFO] Step 29: size: 29, coverage: 87.67%, cost: 36.0
[2024-10-06 22:21:16,380][INFO] Step 30: size: 30, coverage: 88.33%, cost: 37.0
[2024-10-06 22:21:16,391][INFO] Step 31: size: 31, coverage: 89.67%, cost: 39.0
[2024-10-06 22:21:16,401][INFO] Step 32: size: 32, coverage: 90.67%, cost: 41.0
[2024-10-06 22:21:16,412][INFO] Step 33: size: 33, coverage: 92.00%, cost: 44.0
[2024-10-06 22:21:16,422][INFO] Step 34: size: 34, coverage: 92.33%, cost: 45.0
[2024-10-06 22:21:16,433][INFO] Step 35: size: 35, coverage: 92.67%, cost: 46.0
[2024-10-06 22:21:16,443][INFO] Step 36: size: 36, coverage: 93.33%, cost: 48.0
[2024-10-06 22:21:16,454][INFO] Step 37: size: 37, coverage: 94.00%, cost: 50.0
[2024-10-06 22:21:16,464][INFO] Step 38: size: 38, coverage: 95.00%, cost: 53.0
[2024-10-06 22:21:16,475][INFO] Step 39: size: 39, coverage: 96.00%, cost: 56.0
[2024-10-06 22:21:16,486][INFO] Step 40: size: 40, coverage: 97.00%, cost: 60.0
[2024-10-06 22:21:16,497][INFO] Step 41: size: 41, coverage: 98.00%, cost: 64.0
[2024-10-06 22:21:16,508][INFO] Step 42: size: 42, coverage: 98.67%, cost: 67.0
[2024-10-06 22:21:16,518][INFO] Step 43: size: 43, coverage: 99.33%, cost: 72.0
[2024-10-06 22:21:16,529][INFO] Step 44: size: 44, coverage: 99.67%, cost: 75.0
[2024-10-06 22:21:16,541][INFO] Step 45: size: 45, coverage: 100.00%, cost: 78.0
[2024-10-06 22:21:16,541][INFO] Size: 45 -> 44
[2024-10-06 22:21:16,541][INFO] Cost: 78.0 -> 77.0
[2024-10-08 22:46:17,226][INFO] Step 1: size: 1, coverage: 7.67%, cost: 1.0
[2024-10-08 22:46:17,238][INFO] Step 2: size: 2, coverage: 14.33%, cost: 2.0
[2024-10-08 22:46:17,248][INFO] Step 3: size: 3, coverage: 20.67%, cost: 3.0
[2024-10-08 22:46:17,259][INFO] Step 4: size: 4, coverage: 26.00%, cost: 4.0
[2024-10-08 22:46:17,270][INFO] Step 5: size: 5, coverage: 31.00%, cost: 5.0
[2024-10-08 22:46:17,280][INFO] Step 6: size: 6, coverage: 35.67%, cost: 6.0
[2024-10-08 22:46:17,291][INFO] Step 7: size: 7, coverage: 40.00%, cost: 7.0
[2024-10-08 22:46:17,301][INFO] Step 8: size: 8, coverage: 43.67%, cost: 8.0
[2024-10-08 22:46:17,311][INFO] Step 9: size: 9, coverage: 47.00%, cost: 9.0
[2024-10-08 22:46:17,322][INFO] Step 10: size: 10, coverage: 50.33%, cost: 10.0
[2024-10-08 22:46:17,332][INFO] Step 11: size: 11, coverage: 53.00%, cost: 11.0
[2024-10-08 22:46:17,342][INFO] Step 12: size: 12, coverage: 55.67%, cost: 12.0
[2024-10-08 22:46:17,353][INFO] Step 13: size: 13, coverage: 58.00%, cost: 13.0
[2024-10-08 22:46:17,363][INFO] Step 14: size: 14, coverage: 60.00%, cost: 14.0
[2024-10-08 22:46:17,373][INFO] Step 15: size: 15, coverage: 63.67%, cost: 16.0
[2024-10-08 22:46:17,383][INFO] Step 16: size: 16, coverage: 65.33%, cost: 17.0
[2024-10-08 22:46:17,394][INFO] Step 17: size: 17, coverage: 67.00%, cost: 18.0
[2024-10-08 22:46:17,405][INFO] Step 18: size: 18, coverage: 68.67%, cost: 19.0
[2024-10-08 22:46:17,415][INFO] Step 19: size: 19, coverage: 70.33%, cost: 20.0
[2024-10-08 22:46:17,425][INFO] Step 20: size: 20, coverage: 73.33%, cost: 22.0
[2024-10-08 22:46:17,435][INFO] Step 21: size: 21, coverage: 74.67%, cost: 23.0
[2024-10-08 22:46:17,446][INFO] Step 22: size: 22, coverage: 77.33%, cost: 25.0
[2024-10-08 22:46:17,456][INFO] Step 23: size: 23, coverage: 79.67%, cost: 27.0
[2024-10-08 22:46:17,466][INFO] Step 24: size: 24, coverage: 80.67%, cost: 28.0
[2024-10-08 22:46:17,477][INFO] Step 25: size: 25, coverage: 81.67%, cost: 29.0
[2024-10-08 22:46:17,487][INFO] Step 26: size: 26, coverage: 83.67%, cost: 31.0
[2024-10-08 22:46:17,497][INFO] Step 27: size: 27, coverage: 85.33%, cost: 33.0
[2024-10-08 22:46:17,508][INFO] Step 28: size: 28, coverage: 87.00%, cost: 35.0
[2024-10-08 22:46:17,518][INFO] Step 29: size: 29, coverage: 87.67%, cost: 36.0
[2024-10-08 22:46:17,528][INFO] Step 30: size: 30, coverage: 88.33%, cost: 37.0
[2024-10-08 22:46:17,539][INFO] Step 31: size: 31, coverage: 89.67%, cost: 39.0
[2024-10-08 22:46:17,549][INFO] Step 32: size: 32, coverage: 90.67%, cost: 41.0
[2024-10-08 22:46:17,560][INFO] Step 33: size: 33, coverage: 92.00%, cost: 44.0
[2024-10-08 22:46:17,570][INFO] Step 34: size: 34, coverage: 92.33%, cost: 45.0
[2024-10-08 22:46:17,581][INFO] Step 35: size: 35, coverage: 92.67%, cost: 46.0
[2024-10-08 22:46:17,592][INFO] Step 36: size: 36, coverage: 93.33%, cost: 48.0
[2024-10-08 22:46:17,603][INFO] Step 37: size: 37, coverage: 94.00%, cost: 50.0
[2024-10-08 22:46:17,614][INFO] Step 38: size: 38, coverage: 95.00%, cost: 53.0
[2024-10-08 22:46:17,625][INFO] Step 39: size: 39, coverage: 96.00%, cost: 56.0
[2024-10-08 22:46:17,636][INFO] Step 40: size: 40, coverage: 97.00%, cost: 60.0
[2024-10-08 22:46:17,647][INFO] Step 41: size: 41, coverage: 98.00%, cost: 64.0
[2024-10-08 22:46:17,658][INFO] Step 42: size: 42, coverage: 98.67%, cost: 67.0
[2024-10-08 22:46:17,670][INFO] Step 43: size: 43, coverage: 99.33%, cost: 72.0
[2024-10-08 22:46:17,681][INFO] Step 44: size: 44, coverage: 99.67%, cost: 75.0
[2024-10-08 22:46:17,692][INFO] Step 45: size: 45, coverage: 100.00%, cost: 78.0
[2024-10-08 22:46:17,693][INFO] Size: 45 -> 44
[2024-10-08 22:46:17,693][INFO] Cost: 78.0 -> 77.0
[2024-10-08 23:01:00,304][INFO] Step 1: size: 1, coverage: 7.67%, cost: 1.0
[2024-10-08 23:01:00,315][INFO] Step 2: size: 2, coverage: 14.33%, cost: 2.0
[2024-10-08 23:01:00,325][INFO] Step 3: size: 3, coverage: 20.67%, cost: 3.0
[2024-10-08 23:01:00,336][INFO] Step 4: size: 4, coverage: 26.00%, cost: 4.0
[2024-10-08 23:01:00,347][INFO] Step 5: size: 5, coverage: 31.00%, cost: 5.0
[2024-10-08 23:01:00,358][INFO] Step 6: size: 6, coverage: 35.67%, cost: 6.0
[2024-10-08 23:01:00,369][INFO] Step 7: size: 7, coverage: 40.00%, cost: 7.0
[2024-10-08 23:01:00,380][INFO] Step 8: size: 8, coverage: 43.67%, cost: 8.0
[2024-10-08 23:01:00,390][INFO] Step 9: size: 9, coverage: 47.00%, cost: 9.0
[2024-10-08 23:01:00,401][INFO] Step 10: size: 10, coverage: 50.33%, cost: 10.0
[2024-10-08 23:01:00,411][INFO] Step 11: size: 11, coverage: 53.00%, cost: 11.0
[2024-10-08 23:01:00,422][INFO] Step 12: size: 12, coverage: 55.67%, cost: 12.0
[2024-10-08 23:01:00,433][INFO] Step 13: size: 13, coverage: 58.00%, cost: 13.0
[2024-10-08 23:01:00,443][INFO] Step 14: size: 14, coverage: 60.00%, cost: 14.0
[2024-10-08 23:01:00,453][INFO] Step 15: size: 15, coverage: 63.67%, cost: 16.0
[2024-10-08 23:01:00,464][INFO] Step 16: size: 16, coverage: 65.33%, cost: 17.0
[2024-10-08 23:01:00,474][INFO] Step 17: size: 17, coverage: 67.00%, cost: 18.0
[2024-10-08 23:01:00,484][INFO] Step 18: size: 18, coverage: 68.67%, cost: 19.0
[2024-10-08 23:01:00,495][INFO] Step 19: size: 19, coverage: 70.33%, cost: 20.0
[2024-10-08 23:01:00,505][INFO] Step 20: size: 20, coverage: 73.33%, cost: 22.0
[2024-10-08 23:01:00,516][INFO] Step 21: size: 21, coverage: 74.67%, cost: 23.0
[2024-10-08 23:01:00,526][INFO] Step 22: size: 22, coverage: 77.33%, cost: 25.0
[2024-10-08 23:01:00,537][INFO] Step 23: size: 23, coverage: 79.67%, cost: 27.0
[2024-10-08 23:01:00,547][INFO] Step 24: size: 24, coverage: 80.67%, cost: 28.0
[2024-10-08 23:01:00,558][INFO] Step 25: size: 25, coverage: 81.67%, cost: 29.0
[2024-10-08 23:01:00,569][INFO] Step 26: size: 26, coverage: 83.67%, cost: 31.0
[2024-10-08 23:01:00,580][INFO] Step 27: size: 27, coverage: 85.33%, cost: 33.0
[2024-10-08 23:01:00,590][INFO] Step 28: size: 28, coverage: 87.00%, cost: 35.0
[2024-10-08 23:01:00,601][INFO] Step 29: size: 29, coverage: 87.67%, cost: 36.0
[2024-10-08 23:01:00,612][INFO] Step 30: size: 30, coverage: 88.33%, cost: 37.0
[2024-10-08 23:01:00,623][INFO] Step 31: size: 31, coverage: 89.67%, cost: 39.0
[2024-10-08 23:01:00,634][INFO] Step 32: size: 32, coverage: 90.67%, cost: 41.0
[2024-10-08 23:01:00,645][INFO] Step 33: size: 33, coverage: 92.00%, cost: 44.0
[2024-10-08 23:01:00,656][INFO] Step 34: size: 34, coverage: 92.33%, cost: 45.0
[2024-10-08 23:01:00,667][INFO] Step 35: size: 35, coverage: 92.67%, cost: 46.0
[2024-10-08 23:01:00,678][INFO] Step 36: size: 36, coverage: 93.33%, cost: 48.0
[2024-10-08 23:01:00,689][INFO] Step 37: size: 37, coverage: 94.00%, cost: 50.0
[2024-10-08 23:01:00,700][INFO] Step 38: size: 38, coverage: 95.00%, cost: 53.0
[2024-10-08 23:01:00,711][INFO] Step 39: size: 39, coverage: 96.00%, cost: 56.0
[2024-10-08 23:01:00,722][INFO] Step 40: size: 40, coverage: 97.00%, cost: 60.0
[2024-10-08 23:01:00,733][INFO] Step 41: size: 41, coverage: 98.00%, cost: 64.0
[2024-10-08 23:01:00,744][INFO] Step 42: size: 42, coverage: 98.67%, cost: 67.0
[2024-10-08 23:01:00,756][INFO] Step 43: size: 43, coverage: 99.33%, cost: 72.0
[2024-10-08 23:01:00,767][INFO] Step 44: size: 44, coverage: 99.67%, cost: 75.0
[2024-10-08 23:01:00,779][INFO] Step 45: size: 45, coverage: 100.00%, cost: 78.0
[2024-10-08 23:01:00,779][INFO] Size: 45 -> 44
[2024-10-08 23:01:00,780][INFO] Cost: 78.0 -> 77.0
[2024-10-08 23:02:36,183][INFO] Step 1: size: 1, coverage: 7.67%, cost: 1.0
[2024-10-08 23:02:36,193][INFO] Step 2: size: 2, coverage: 14.33%, cost: 2.0
[2024-10-08 23:02:36,204][INFO] Step 3: size: 3, coverage: 20.67%, cost: 3.0
[2024-10-08 23:02:36,214][INFO] Step 4: size: 4, coverage: 26.00%, cost: 4.0
[2024-10-08 23:02:36,224][INFO] Step 5: size: 5, coverage: 31.00%, cost: 5.0
[2024-10-08 23:02:36,235][INFO] Step 6: size: 6, coverage: 35.67%, cost: 6.0
[2024-10-08 23:02:36,245][INFO] Step 7: size: 7, coverage: 40.00%, cost: 7.0
[2024-10-08 23:02:36,255][INFO] Step 8: size: 8, coverage: 43.67%, cost: 8.0
[2024-10-08 23:02:36,265][INFO] Step 9: size: 9, coverage: 47.00%, cost: 9.0
[2024-10-08 23:02:36,275][INFO] Step 10: size: 10, coverage: 50.33%, cost: 10.0
[2024-10-08 23:02:36,286][INFO] Step 11: size: 11, coverage: 53.00%, cost: 11.0
[2024-10-08 23:02:36,296][INFO] Step 12: size: 12, coverage: 55.67%, cost: 12.0
[2024-10-08 23:02:36,306][INFO] Step 13: size: 13, coverage: 58.00%, cost: 13.0
[2024-10-08 23:02:36,316][INFO] Step 14: size: 14, coverage: 60.00%, cost: 14.0
[2024-10-08 23:02:36,326][INFO] Step 15: size: 15, coverage: 63.67%, cost: 16.0
[2024-10-08 23:02:36,336][INFO] Step 16: size: 16, coverage: 65.33%, cost: 17.0
[2024-10-08 23:02:36,346][INFO] Step 17: size: 17, coverage: 67.00%, cost: 18.0
[2024-10-08 23:02:36,356][INFO] Step 18: size: 18, coverage: 68.67%, cost: 19.0
[2024-10-08 23:02:36,366][INFO] Step 19: size: 19, coverage: 70.33%, cost: 20.0
[2024-10-08 23:02:36,376][INFO] Step 20: size: 20, coverage: 73.33%, cost: 22.0
[2024-10-08 23:02:36,386][INFO] Step 21: size: 21, coverage: 74.67%, cost: 23.0
[2024-10-08 23:02:36,396][INFO] Step 22: size: 22, coverage: 77.33%, cost: 25.0
[2024-10-08 23:02:36,406][INFO] Step 23: size: 23, coverage: 79.67%, cost: 27.0
[2024-10-08 23:02:36,416][INFO] Step 24: size: 24, coverage: 80.67%, cost: 28.0
[2024-10-08 23:02:36,426][INFO] Step 25: size: 25, coverage: 81.67%, cost: 29.0
[2024-10-08 23:02:36,437][INFO] Step 26: size: 26, coverage: 83.67%, cost: 31.0
[2024-10-08 23:02:36,447][INFO] Step 27: size: 27, coverage: 85.33%, cost: 33.0
[2024-10-08 23:02:36,457][INFO] Step 28: size: 28, coverage: 87.00%, cost: 35.0
[2024-10-08 23:02:36,467][INFO] Step 29: size: 29, coverage: 87.67%, cost: 36.0
[2024-10-08 23:02:36,478][INFO] Step 30: size: 30, coverage: 88.33%, cost: 37.0
[2024-10-08 23:02:36,488][INFO] Step 31: size: 31, coverage: 89.67%, cost: 39.0
[2024-10-08 23:02:36,499][INFO] Step 32: size: 32, coverage: 90.67%, cost: 41.0
[2024-10-08 23:02:36,509][INFO] Step 33: size: 33, coverage: 92.00%, cost: 44.0
[2024-10-08 23:02:36,519][INFO] Step 34: size: 34, coverage: 92.33%, cost: 45.0
[2024-10-08 23:02:36,530][INFO] Step 35: size: 35, coverage: 92.67%, cost: 46.0
[2024-10-08 23:02:36,541][INFO] Step 36: size: 36, coverage: 93.33%, cost: 48.0
[2024-10-08 23:02:36,551][INFO] Step 37: size: 37, coverage: 94.00%, cost: 50.0
[2024-10-08 23:02:36,562][INFO] Step 38: size: 38, coverage: 95.00%, cost: 53.0
[2024-10-08 23:02:36,573][INFO] Step 39: size: 39, coverage: 96.00%, cost: 56.0
[2024-10-08 23:02:36,583][INFO] Step 40: size: 40, coverage: 97.00%, cost: 60.0
[2024-10-08 23:02:36,594][INFO] Step 41: size: 41, coverage: 98.00%, cost: 64.0
[2024-10-08 23:02:36,605][INFO] Step 42: size: 42, coverage: 98.67%, cost: 67.0
[2024-10-08 23:02:36,616][INFO] Step 43: size: 43, coverage: 99.33%, cost: 72.0
[2024-10-08 23:02:36,627][INFO] Step 44: size: 44, coverage: 99.67%, cost: 75.0
[2024-10-08 23:02:36,638][INFO] Step 45: size: 45, coverage: 100.00%, cost: 78.0
[2024-10-08 23:02:36,639][INFO] Size: 45 -> 44
[2024-10-08 23:02:36,639][INFO] Cost: 78.0 -> 77.0
[2024-10-08 23:07:30,155][INFO] Step 1: size: 1, coverage: 7.67%, cost: 1.0
[2024-10-08 23:07:30,166][INFO] Step 2: size: 2, coverage: 14.33%, cost: 2.0
[2024-10-08 23:07:30,176][INFO] Step 3: size: 3, coverage: 20.67%, cost: 3.0
[2024-10-08 23:07:30,186][INFO] Step 4: size: 4, coverage: 26.00%, cost: 4.0
[2024-10-08 23:07:30,197][INFO] Step 5: size: 5, coverage: 31.00%, cost: 5.0
[2024-10-08 23:07:30,207][INFO] Step 6: size: 6, coverage: 35.67%, cost: 6.0
[2024-10-08 23:07:30,217][INFO] Step 7: size: 7, coverage: 40.00%, cost: 7.0
[2024-10-08 23:07:30,227][INFO] Step 8: size: 8, coverage: 43.67%, cost: 8.0
[2024-10-08 23:07:30,238][INFO] Step 9: size: 9, coverage: 47.00%, cost: 9.0
[2024-10-08 23:07:30,248][INFO] Step 10: size: 10, coverage: 50.33%, cost: 10.0
[2024-10-08 23:07:30,258][INFO] Step 11: size: 11, coverage: 53.00%, cost: 11.0
[2024-10-08 23:07:30,269][INFO] Step 12: size: 12, coverage: 55.67%, cost: 12.0
[2024-10-08 23:07:30,279][INFO] Step 13: size: 13, coverage: 58.00%, cost: 13.0
[2024-10-08 23:07:30,289][INFO] Step 14: size: 14, coverage: 60.00%, cost: 14.0
[2024-10-08 23:07:30,299][INFO] Step 15: size: 15, coverage: 63.67%, cost: 16.0
[2024-10-08 23:07:30,309][INFO] Step 16: size: 16, coverage: 65.33%, cost: 17.0
[2024-10-08 23:07:30,319][INFO] Step 17: size: 17, coverage: 67.00%, cost: 18.0
[2024-10-08 23:07:30,329][INFO] Step 18: size: 18, coverage: 68.67%, cost: 19.0
[2024-10-08 23:07:30,339][INFO] Step 19: size: 19, coverage: 70.33%, cost: 20.0
[2024-10-08 23:07:30,349][INFO] Step 20: size: 20, coverage: 73.33%, cost: 22.0
[2024-10-08 23:07:30,359][INFO] Step 21: size: 21, coverage: 74.67%, cost: 23.0
[2024-10-08 23:07:30,370][INFO] Step 22: size: 22, coverage: 77.33%, cost: 25.0
[2024-10-08 23:07:30,380][INFO] Step 23: size: 23, coverage: 79.67%, cost: 27.0
[2024-10-08 23:07:30,390][INFO] Step 24: size: 24, coverage: 80.67%, cost: 28.0
[2024-10-08 23:07:30,400][INFO] Step 25: size: 25, coverage: 81.67%, cost: 29.0
[2024-10-08 23:07:30,411][INFO] Step 26: size: 26, coverage: 83.67%, cost: 31.0
[2024-10-08 23:07:30,421][INFO] Step 27: size: 27, coverage: 85.33%, cost: 33.0
[2024-10-08 23:07:30,431][INFO] Step 28: size: 28, coverage: 87.00%, cost: 35.0
[2024-10-08 23:07:30,441][INFO] Step 29: size: 29, coverage: 87.67%, cost: 36.0
[2024-10-08 23:07:30,452][INFO] Step 30: size: 30, coverage: 88.33%, cost: 37.0
[2024-10-08 23:07:30,462][INFO] Step 31: size: 31, coverage: 89.67%, cost: 39.0
[2024-10-08 23:07:30,473][INFO] Step 32: size: 32, coverage: 90.67%, cost: 41.0
[2024-10-08 23:07:30,483][INFO] Step 33: size: 33, coverage: 92.00%, cost: 44.0
[2024-10-08 23:07:30,494][INFO] Step 34: size: 34, coverage: 92.33%, cost: 45.0
[2024-10-08 23:07:30,504][INFO] Step 35: size: 35, coverage: 92.67%, cost: 46.0
[2024-10-08 23:07:30,515][INFO] Step 36: size: 36, coverage: 93.33%, cost: 48.0
[2024-10-08 23:07:30,526][INFO] Step 37: size: 37, coverage: 94.00%, cost: 50.0
[2024-10-08 23:07:30,536][INFO] Step 38: size: 38, coverage: 95.00%, cost: 53.0
[2024-10-08 23:07:30,547][INFO] Step 39: size: 39, coverage: 96.00%, cost: 56.0
[2024-10-08 23:07:30,558][INFO] Step 40: size: 40, coverage: 97.00%, cost: 60.0
[2024-10-08 23:07:30,569][INFO] Step 41: size: 41, coverage: 98.00%, cost: 64.0
[2024-10-08 23:07:30,580][INFO] Step 42: size: 42, coverage: 98.67%, cost: 67.0
[2024-10-08 23:07:30,591][INFO] Step 43: size: 43, coverage: 99.33%, cost: 72.0
[2024-10-08 23:07:30,602][INFO] Step 44: size: 44, coverage: 99.67%, cost: 75.0
[2024-10-08 23:07:30,613][INFO] Step 45: size: 45, coverage: 100.00%, cost: 78.0
[2024-10-08 23:07:30,614][INFO] Size: 45 -> 44
[2024-10-08 23:07:30,614][INFO] Cost: 78.0 -> 77.0
[2024-10-13 15:18:19,354][INFO] Step 1: size: 1, coverage: 9.67%, cost: 15.0
[2024-10-13 15:18:19,365][INFO] Step 2: size: 2, coverage: 18.67%, cost: 55.0
[2024-10-13 15:18:19,375][INFO] Step 3: size: 3, coverage: 27.33%, cost: 67.0
[2024-10-13 15:18:19,385][INFO] Step 4: size: 4, coverage: 35.00%, cost: 123.0
[2024-10-13 15:18:19,396][INFO] Step 5: size: 5, coverage: 42.00%, cost: 223.0
[2024-10-13 15:18:19,406][INFO] Step 6: size: 6, coverage: 48.33%, cost: 283.0
[2024-10-13 15:18:19,416][INFO] Step 7: size: 7, coverage: 54.00%, cost: 290.0
[2024-10-13 15:18:19,426][INFO] Step 8: size: 8, coverage: 59.33%, cost: 332.0
[2024-10-13 15:18:19,436][INFO] Step 9: size: 9, coverage: 64.33%, cost: 423.0
[2024-10-13 15:18:19,446][INFO] Step 10: size: 10, coverage: 68.67%, cost: 489.0
[2024-10-13 15:18:19,456][INFO] Step 11: size: 11, coverage: 72.67%, cost: 504.0
[2024-10-13 15:18:19,466][INFO] Step 12: size: 12, coverage: 76.33%, cost: 506.0
[2024-10-13 15:18:19,476][INFO] Step 13: size: 13, coverage: 79.67%, cost: 522.0
[2024-10-13 15:18:19,486][INFO] Step 14: size: 14, coverage: 82.67%, cost: 530.0
[2024-10-13 15:18:19,496][INFO] Step 15: size: 15, coverage: 85.33%, cost: 537.0
[2024-10-13 15:18:19,506][INFO] Step 16: size: 16, coverage: 87.67%, cost: 539.0
[2024-10-13 15:18:19,516][INFO] Step 17: size: 17, coverage: 90.00%, cost: 626.0
[2024-10-13 15:18:19,526][INFO] Step 18: size: 18, coverage: 92.00%, cost: 633.0
[2024-10-13 15:18:19,537][INFO] Step 19: size: 19, coverage: 94.00%, cost: 647.0
[2024-10-13 15:18:19,547][INFO] Step 20: size: 20, coverage: 95.67%, cost: 732.0
[2024-10-13 15:18:19,557][INFO] Step 21: size: 21, coverage: 97.00%, cost: 745.0
[2024-10-13 15:18:19,567][INFO] Step 22: size: 22, coverage: 98.00%, cost: 747.0
[2024-10-13 15:18:19,578][INFO] Step 23: size: 23, coverage: 99.00%, cost: 773.0
[2024-10-13 15:18:19,588][INFO] Step 24: size: 24, coverage: 99.67%, cost: 774.0
[2024-10-13 15:18:19,599][INFO] Step 25: size: 25, coverage: 100.00%, cost: 775.0
[2024-10-13 15:18:19,600][INFO] Size: 25 -> 25
[2024-10-13 15:18:19,600][INFO] Cost: 775.0 -> 775.0
[2024-10-13 15:22:54,956][INFO] Step 1: size: 1, coverage: 9.67%, cost: 15.0
[2024-10-13 15:22:54,967][INFO] Step 2: size: 2, coverage: 18.67%, cost: 55.0
[2024-10-13 15:22:54,977][INFO] Step 3: size: 3, coverage: 27.33%, cost: 67.0
[2024-10-13 15:22:54,987][INFO] Step 4: size: 4, coverage: 35.00%, cost: 123.0
[2024-10-13 15:22:54,997][INFO] Step 5: size: 5, coverage: 42.00%, cost: 223.0
[2024-10-13 15:22:55,007][INFO] Step 6: size: 6, coverage: 48.33%, cost: 283.0
[2024-10-13 15:22:55,018][INFO] Step 7: size: 7, coverage: 54.00%, cost: 290.0
[2024-10-13 15:22:55,028][INFO] Step 8: size: 8, coverage: 59.33%, cost: 332.0
[2024-10-13 15:22:55,038][INFO] Step 9: size: 9, coverage: 64.33%, cost: 423.0
[2024-10-13 15:22:55,047][INFO] Step 10: size: 10, coverage: 68.67%, cost: 489.0
[2024-10-13 15:22:55,057][INFO] Step 11: size: 11, coverage: 72.67%, cost: 504.0
[2024-10-13 15:22:55,067][INFO] Step 12: size: 12, coverage: 76.33%, cost: 506.0
[2024-10-13 15:22:55,077][INFO] Step 13: size: 13, coverage: 79.67%, cost: 522.0
[2024-10-13 15:22:55,087][INFO] Step 14: size: 14, coverage: 82.67%, cost: 530.0
[2024-10-13 15:22:55,097][INFO] Step 15: size: 15, coverage: 85.33%, cost: 537.0
[2024-10-13 15:22:55,107][INFO] Step 16: size: 16, coverage: 87.67%, cost: 539.0
[2024-10-13 15:22:55,117][INFO] Step 17: size: 17, coverage: 90.00%, cost: 626.0
[2024-10-13 15:22:55,127][INFO] Step 18: size: 18, coverage: 92.00%, cost: 633.0
[2024-10-13 15:22:55,137][INFO] Step 19: size: 19, coverage: 94.00%, cost: 647.0
[2024-10-13 15:22:55,147][INFO] Step 20: size: 20, coverage: 95.67%, cost: 732.0
[2024-10-13 15:22:55,157][INFO] Step 21: size: 21, coverage: 97.00%, cost: 745.0
[2024-10-13 15:22:55,167][INFO] Step 22: size: 22, coverage: 98.00%, cost: 747.0
[2024-10-13 15:22:55,178][INFO] Step 23: size: 23, coverage: 99.00%, cost: 773.0
[2024-10-13 15:22:55,188][INFO] Step 24: size: 24, coverage: 99.67%, cost: 774.0
[2024-10-13 15:22:55,198][INFO] Step 25: size: 25, coverage: 100.00%, cost: 775.0
[2024-10-13 15:22:55,199][INFO] Size: 25 -> 25
[2024-10-13 15:22:55,199][INFO] Cost: 775.0 -> 775.0
[2024-10-13 15:24:46,469][INFO] Step 1: size: 1, coverage: 9.67%, cost: 15.0
[2024-10-13 15:24:46,479][INFO] Step 2: size: 2, coverage: 18.67%, cost: 55.0
[2024-10-13 15:24:46,490][INFO] Step 3: size: 3, coverage: 27.33%, cost: 67.0
[2024-10-13 15:24:46,500][INFO] Step 4: size: 4, coverage: 35.00%, cost: 123.0
[2024-10-13 15:24:46,511][INFO] Step 5: size: 5, coverage: 42.00%, cost: 223.0
[2024-10-13 15:24:46,521][INFO] Step 6: size: 6, coverage: 48.33%, cost: 283.0
[2024-10-13 15:24:46,532][INFO] Step 7: size: 7, coverage: 54.00%, cost: 290.0
[2024-10-13 15:24:46,542][INFO] Step 8: size: 8, coverage: 59.33%, cost: 332.0
[2024-10-13 15:24:46,552][INFO] Step 9: size: 9, coverage: 64.33%, cost: 423.0
[2024-10-13 15:24:46,562][INFO] Step 10: size: 10, coverage: 68.67%, cost: 489.0
[2024-10-13 15:24:46,573][INFO] Step 11: size: 11, coverage: 72.67%, cost: 504.0
[2024-10-13 15:24:46,583][INFO] Step 12: size: 12, coverage: 76.33%, cost: 506.0
[2024-10-13 15:24:46,593][INFO] Step 13: size: 13, coverage: 79.67%, cost: 522.0
[2024-10-13 15:24:46,603][INFO] Step 14: size: 14, coverage: 82.67%, cost: 530.0
[2024-10-13 15:24:46,613][INFO] Step 15: size: 15, coverage: 85.33%, cost: 537.0
[2024-10-13 15:24:46,624][INFO] Step 16: size: 16, coverage: 87.67%, cost: 539.0
[2024-10-13 15:24:46,634][INFO] Step 17: size: 17, coverage: 90.00%, cost: 626.0
[2024-10-13 15:24:46,644][INFO] Step 18: size: 18, coverage: 92.00%, cost: 633.0
[2024-10-13 15:24:46,655][INFO] Step 19: size: 19, coverage: 94.00%, cost: 647.0
[2024-10-13 15:24:46,665][INFO] Step 20: size: 20, coverage: 95.67%, cost: 732.0
[2024-10-13 15:24:46,675][INFO] Step 21: size: 21, coverage: 97.00%, cost: 745.0
[2024-10-13 15:24:46,686][INFO] Step 22: size: 22, coverage: 98.00%, cost: 747.0
[2024-10-13 15:24:46,697][INFO] Step 23: size: 23, coverage: 99.00%, cost: 773.0
[2024-10-13 15:24:46,707][INFO] Step 24: size: 24, coverage: 99.67%, cost: 774.0
[2024-10-13 15:24:46,718][INFO] Step 25: size: 25, coverage: 100.00%, cost: 775.0
[2024-10-13 15:24:46,719][INFO] Size: 25 -> 25
[2024-10-13 15:24:46,719][INFO] Cost: 775.0 -> 775.0
[2024-10-13 15:30:45,386][INFO] Step 1: size: 1, coverage: 9.67%, cost: 15.0
[2024-10-13 15:30:45,396][INFO] Step 2: size: 2, coverage: 18.67%, cost: 55.0
[2024-10-13 15:30:45,407][INFO] Step 3: size: 3, coverage: 27.33%, cost: 67.0
[2024-10-13 15:30:45,417][INFO] Step 4: size: 4, coverage: 35.00%, cost: 123.0
[2024-10-13 15:30:45,427][INFO] Step 5: size: 5, coverage: 42.00%, cost: 223.0
[2024-10-13 15:30:45,438][INFO] Step 6: size: 6, coverage: 48.33%, cost: 283.0
[2024-10-13 15:30:45,448][INFO] Step 7: size: 7, coverage: 54.00%, cost: 290.0
[2024-10-13 15:30:45,458][INFO] Step 8: size: 8, coverage: 59.33%, cost: 332.0
[2024-10-13 15:30:45,468][INFO] Step 9: size: 9, coverage: 64.33%, cost: 423.0
[2024-10-13 15:30:45,478][INFO] Step 10: size: 10, coverage: 68.67%, cost: 489.0
[2024-10-13 15:30:45,488][INFO] Step 11: size: 11, coverage: 72.67%, cost: 504.0
[2024-10-13 15:30:45,498][INFO] Step 12: size: 12, coverage: 76.33%, cost: 506.0
[2024-10-13 15:30:45,508][INFO] Step 13: size: 13, coverage: 79.67%, cost: 522.0
[2024-10-13 15:30:45,518][INFO] Step 14: size: 14, coverage: 82.67%, cost: 530.0
[2024-10-13 15:30:45,528][INFO] Step 15: size: 15, coverage: 85.33%, cost: 537.0
[2024-10-13 15:30:45,538][INFO] Step 16: size: 16, coverage: 87.67%, cost: 539.0
[2024-10-13 15:30:45,548][INFO] Step 17: size: 17, coverage: 90.00%, cost: 626.0
[2024-10-13 15:30:45,558][INFO] Step 18: size: 18, coverage: 92.00%, cost: 633.0
[2024-10-13 15:30:45,568][INFO] Step 19: size: 19, coverage: 94.00%, cost: 647.0
[2024-10-13 15:30:45,578][INFO] Step 20: size: 20, coverage: 95.67%, cost: 732.0
[2024-10-13 15:30:45,588][INFO] Step 21: size: 21, coverage: 97.00%, cost: 745.0
[2024-10-13 15:30:45,599][INFO] Step 22: size: 22, coverage: 98.00%, cost: 747.0
[2024-10-13 15:30:45,609][INFO] Step 23: size: 23, coverage: 99.00%, cost: 773.0
[2024-10-13 15:30:45,620][INFO] Step 24: size: 24, coverage: 99.67%, cost: 774.0
[2024-10-13 15:30:45,630][INFO] Step 25: size: 25, coverage: 100.00%, cost: 775.0
[2024-10-13 15:30:45,631][INFO] Size: 25 -> 25
[2024-10-13 15:30:45,631][INFO] Cost: 775.0 -> 775.0
[2024-10-13 15:36:10,268][INFO] Step 1: size: 1, coverage: 9.67%, cost: 15.0
[2024-10-13 15:36:10,278][INFO] Step 2: size: 2, coverage: 18.67%, cost: 55.0
[2024-10-13 15:36:10,289][INFO] Step 3: size: 3, coverage: 27.33%, cost: 67.0
[2024-10-13 15:36:10,299][INFO] Step 4: size: 4, coverage: 35.00%, cost: 123.0
[2024-10-13 15:36:10,309][INFO] Step 5: size: 5, coverage: 42.00%, cost: 223.0
[2024-10-13 15:36:10,319][INFO] Step 6: size: 6, coverage: 48.33%, cost: 283.0
[2024-10-13 15:36:10,330][INFO] Step 7: size: 7, coverage: 54.00%, cost: 290.0
[2024-10-13 15:36:10,340][INFO] Step 8: size: 8, coverage: 59.33%, cost: 332.0
[2024-10-13 15:36:10,350][INFO] Step 9: size: 9, coverage: 64.33%, cost: 423.0
[2024-10-13 15:36:10,360][INFO] Step 10: size: 10, coverage: 68.67%, cost: 489.0
[2024-10-13 15:36:10,370][INFO] Step 11: size: 11, coverage: 72.67%, cost: 504.0
[2024-10-13 15:36:10,380][INFO] Step 12: size: 12, coverage: 76.33%, cost: 506.0
[2024-10-13 15:36:10,390][INFO] Step 13: size: 13, coverage: 79.67%, cost: 522.0
[2024-10-13 15:36:10,400][INFO] Step 14: size: 14, coverage: 82.67%, cost: 530.0
[2024-10-13 15:36:10,410][INFO] Step 15: size: 15, coverage: 85.33%, cost: 537.0
[2024-10-13 15:36:10,420][INFO] Step 16: size: 16, coverage: 87.67%, cost: 539.0
[2024-10-13 15:36:10,430][INFO] Step 17: size: 17, coverage: 90.00%, cost: 626.0
[2024-10-13 15:36:10,440][INFO] Step 18: size: 18, coverage: 92.00%, cost: 633.0
[2024-10-13 15:36:10,450][INFO] Step 19: size: 19, coverage: 94.00%, cost: 647.0
[2024-10-13 15:36:10,460][INFO] Step 20: size: 20, coverage: 95.67%, cost: 732.0
[2024-10-13 15:36:10,470][INFO] Step 21: size: 21, coverage: 97.00%, cost: 745.0
[2024-10-13 15:36:10,481][INFO] Step 22: size: 22, coverage: 98.00%, cost: 747.0
[2024-10-13 15:36:10,491][INFO] Step 23: size: 23, coverage: 99.00%, cost: 773.0
[2024-10-13 15:36:10,502][INFO] Step 24: size: 24, coverage: 99.67%, cost: 774.0
[2024-10-13 15:36:10,512][INFO] Step 25: size: 25, coverage: 100.00%, cost: 775.0
[2024-10-13 15:36:10,513][INFO] Size: 25 -> 25
[2024-10-13 15:36:10,513][INFO] Cost: 775.0 -> 775.0
[2024-10-13 15:39:25,952][INFO] Step 1: size: 1, coverage: 7.67%, cost: 1.0
[2024-10-13 15:39:25,962][INFO] Step 2: size: 2, coverage: 14.33%, cost: 2.0
[2024-10-13 15:39:25,973][INFO] Step 3: size: 3, coverage: 20.67%, cost: 3.0
[2024-10-13 15:39:25,983][INFO] Step 4: size: 4, coverage: 26.00%, cost: 4.0
[2024-10-13 15:39:25,993][INFO] Step 5: size: 5, coverage: 31.00%, cost: 5.0
[2024-10-13 15:39:26,004][INFO] Step 6: size: 6, coverage: 35.67%, cost: 6.0
[2024-10-13 15:39:26,014][INFO] Step 7: size: 7, coverage: 40.00%, cost: 7.0
[2024-10-13 15:39:26,024][INFO] Step 8: size: 8, coverage: 43.67%, cost: 8.0
[2024-10-13 15:39:26,034][INFO] Step 9: size: 9, coverage: 47.00%, cost: 9.0
[2024-10-13 15:39:26,045][INFO] Step 10: size: 10, coverage: 50.33%, cost: 10.0
[2024-10-13 15:39:26,055][INFO] Step 11: size: 11, coverage: 53.00%, cost: 11.0
[2024-10-13 15:39:26,065][INFO] Step 12: size: 12, coverage: 55.67%, cost: 12.0
[2024-10-13 15:39:26,075][INFO] Step 13: size: 13, coverage: 58.00%, cost: 13.0
[2024-10-13 15:39:26,085][INFO] Step 14: size: 14, coverage: 60.00%, cost: 14.0
[2024-10-13 15:39:26,095][INFO] Step 15: size: 15, coverage: 63.67%, cost: 16.0
[2024-10-13 15:39:26,105][INFO] Step 16: size: 16, coverage: 65.33%, cost: 17.0
[2024-10-13 15:39:26,115][INFO] Step 17: size: 17, coverage: 67.00%, cost: 18.0
[2024-10-13 15:39:26,125][INFO] Step 18: size: 18, coverage: 68.67%, cost: 19.0
[2024-10-13 15:39:26,136][INFO] Step 19: size: 19, coverage: 70.33%, cost: 20.0
[2024-10-13 15:39:26,146][INFO] Step 20: size: 20, coverage: 73.33%, cost: 22.0
[2024-10-13 15:39:26,156][INFO] Step 21: size: 21, coverage: 74.67%, cost: 23.0
[2024-10-13 15:39:26,166][INFO] Step 22: size: 22, coverage: 77.33%, cost: 25.0
[2024-10-13 15:39:26,176][INFO] Step 23: size: 23, coverage: 79.67%, cost: 27.0
[2024-10-13 15:39:26,186][INFO] Step 24: size: 24, coverage: 80.67%, cost: 28.0
[2024-10-13 15:39:26,197][INFO] Step 25: size: 25, coverage: 81.67%, cost: 29.0
[2024-10-13 15:39:26,207][INFO] Step 26: size: 26, coverage: 83.67%, cost: 31.0
[2024-10-13 15:39:26,217][INFO] Step 27: size: 27, coverage: 85.33%, cost: 33.0
[2024-10-13 15:39:26,227][INFO] Step 28: size: 28, coverage: 87.00%, cost: 35.0
[2024-10-13 15:39:26,237][INFO] Step 29: size: 29, coverage: 87.67%, cost: 36.0
[2024-10-13 15:39:26,248][INFO] Step 30: size: 30, coverage: 88.33%, cost: 37.0
[2024-10-13 15:39:26,258][INFO] Step 31: size: 31, coverage: 89.67%, cost: 39.0
[2024-10-13 15:39:26,269][INFO] Step 32: size: 32, coverage: 90.67%, cost: 41.0
[2024-10-13 15:39:26,279][INFO] Step 33: size: 33, coverage: 92.00%, cost: 44.0
[2024-10-13 15:39:26,290][INFO] Step 34: size: 34, coverage: 92.33%, cost: 45.0
[2024-10-13 15:39:26,300][INFO] Step 35: size: 35, coverage: 92.67%, cost: 46.0
[2024-10-13 15:39:26,311][INFO] Step 36: size: 36, coverage: 93.33%, cost: 48.0
[2024-10-13 15:39:26,321][INFO] Step 37: size: 37, coverage: 94.00%, cost: 50.0
[2024-10-13 15:39:26,332][INFO] Step 38: size: 38, coverage: 95.00%, cost: 53.0
[2024-10-13 15:39:26,343][INFO] Step 39: size: 39, coverage: 96.00%, cost: 56.0
[2024-10-13 15:39:26,354][INFO] Step 40: size: 40, coverage: 97.00%, cost: 60.0
[2024-10-13 15:39:26,364][INFO] Step 41: size: 41, coverage: 98.00%, cost: 64.0
[2024-10-13 15:39:26,375][INFO] Step 42: size: 42, coverage: 98.67%, cost: 67.0
[2024-10-13 15:39:26,386][INFO] Step 43: size: 43, coverage: 99.33%, cost: 72.0
[2024-10-13 15:39:26,398][INFO] Step 44: size: 44, coverage: 99.67%, cost: 75.0
[2024-10-13 15:39:26,409][INFO] Step 45: size: 45, coverage: 100.00%, cost: 78.0
[2024-10-13 15:39:26,410][INFO] Size: 45 -> 44
[2024-10-13 15:39:26,410][INFO] Cost: 78.0 -> 77.0
[2024-10-13 15:58:11,607][INFO] Step 1: size: 1, coverage: 7.67%, cost: 1.0
[2024-10-13 15:58:11,618][INFO] Step 2: size: 2, coverage: 14.33%, cost: 2.0
[2024-10-13 15:58:11,628][INFO] Step 3: size: 3, coverage: 20.67%, cost: 3.0
[2024-10-13 15:58:11,639][INFO] Step 4: size: 4, coverage: 26.00%, cost: 4.0
[2024-10-13 15:58:11,649][INFO] Step 5: size: 5, coverage: 31.00%, cost: 5.0
[2024-10-13 15:58:11,660][INFO] Step 6: size: 6, coverage: 35.67%, cost: 6.0
[2024-10-13 15:58:11,670][INFO] Step 7: size: 7, coverage: 40.00%, cost: 7.0
[2024-10-13 15:58:11,680][INFO] Step 8: size: 8, coverage: 43.67%, cost: 8.0
[2024-10-13 15:58:11,691][INFO] Step 9: size: 9, coverage: 47.00%, cost: 9.0
[2024-10-13 15:58:11,701][INFO] Step 10: size: 10, coverage: 50.33%, cost: 10.0
[2024-10-13 15:58:11,711][INFO] Step 11: size: 11, coverage: 53.00%, cost: 11.0
[2024-10-13 15:58:11,722][INFO] Step 12: size: 12, coverage: 55.67%, cost: 12.0
[2024-10-13 15:58:11,732][INFO] Step 13: size: 13, coverage: 58.00%, cost: 13.0
[2024-10-13 15:58:11,742][INFO] Step 14: size: 14, coverage: 60.00%, cost: 14.0
[2024-10-13 15:58:11,752][INFO] Step 15: size: 15, coverage: 63.67%, cost: 16.0
[2024-10-13 15:58:11,762][INFO] Step 16: size: 16, coverage: 65.33%, cost: 17.0
[2024-10-13 15:58:11,772][INFO] Step 17: size: 17, coverage: 67.00%, cost: 18.0
[2024-10-13 15:58:11,783][INFO] Step 18: size: 18, coverage: 68.67%, cost: 19.0
[2024-10-13 15:58:11,793][INFO] Step 19: size: 19, coverage: 70.33%, cost: 20.0
[2024-10-13 15:58:11,803][INFO] Step 20: size: 20, coverage: 73.33%, cost: 22.0
[2024-10-13 15:58:11,813][INFO] Step 21: size: 21, coverage: 74.67%, cost: 23.0
[2024-10-13 15:58:11,824][INFO] Step 22: size: 22, coverage: 77.33%, cost: 25.0
[2024-10-13 15:58:11,834][INFO] Step 23: size: 23, coverage: 79.67%, cost: 27.0
[2024-10-13 15:58:11,844][INFO] Step 24: size: 24, coverage: 80.67%, cost: 28.0
[2024-10-13 15:58:11,855][INFO] Step 25: size: 25, coverage: 81.67%, cost: 29.0
[2024-10-13 15:58:11,865][INFO] Step 26: size: 26, coverage: 83.67%, cost: 31.0
[2024-10-13 15:58:11,876][INFO] Step 27: size: 27, coverage: 85.33%, cost: 33.0
[2024-10-13 15:58:11,886][INFO] Step 28: size: 28, coverage: 87.00%, cost: 35.0
[2024-10-13 15:58:11,897][INFO] Step 29: size: 29, coverage: 87.67%, cost: 36.0
[2024-10-13 15:58:11,908][INFO] Step 30: size: 30, coverage: 88.33%, cost: 37.0
[2024-10-13 15:58:11,918][INFO] Step 31: size: 31, coverage: 89.67%, cost: 39.0
[2024-10-13 15:58:11,929][INFO] Step 32: size: 32, coverage: 90.67%, cost: 41.0
[2024-10-13 15:58:11,939][INFO] Step 33: size: 33, coverage: 92.00%, cost: 44.0
[2024-10-13 15:58:11,950][INFO] Step 34: size: 34, coverage: 92.33%, cost: 45.0
[2024-10-13 15:58:11,960][INFO] Step 35: size: 35, coverage: 92.67%, cost: 46.0
[2024-10-13 15:58:11,971][INFO] Step 36: size: 36, coverage: 93.33%, cost: 48.0
[2024-10-13 15:58:11,982][INFO] Step 37: size: 37, coverage: 94.00%, cost: 50.0
[2024-10-13 15:58:11,993][INFO] Step 38: size: 38, coverage: 95.00%, cost: 53.0
[2024-10-13 15:58:12,004][INFO] Step 39: size: 39, coverage: 96.00%, cost: 56.0
[2024-10-13 15:58:12,015][INFO] Step 40: size: 40, coverage: 97.00%, cost: 60.0
[2024-10-13 15:58:12,026][INFO] Step 41: size: 41, coverage: 98.00%, cost: 64.0
[2024-10-13 15:58:12,037][INFO] Step 42: size: 42, coverage: 98.67%, cost: 67.0
[2024-10-13 15:58:12,048][INFO] Step 43: size: 43, coverage: 99.33%, cost: 72.0
[2024-10-13 15:58:12,059][INFO] Step 44: size: 44, coverage: 99.67%, cost: 75.0
[2024-10-13 15:58:12,070][INFO] Step 45: size: 45, coverage: 100.00%, cost: 78.0
[2024-10-13 15:58:12,071][INFO] Size: 45 -> 44
[2024-10-13 15:58:12,071][INFO] Cost: 78.0 -> 77.0
[2024-10-13 16:04:10,649][INFO] Step 1: size: 1, coverage: 7.67%, cost: 1.0
[2024-10-13 16:04:10,660][INFO] Step 2: size: 2, coverage: 14.33%, cost: 2.0
[2024-10-13 16:04:10,671][INFO] Step 3: size: 3, coverage: 20.67%, cost: 3.0
[2024-10-13 16:04:10,681][INFO] Step 4: size: 4, coverage: 26.00%, cost: 4.0
[2024-10-13 16:04:10,692][INFO] Step 5: size: 5, coverage: 31.00%, cost: 5.0
[2024-10-13 16:04:10,702][INFO] Step 6: size: 6, coverage: 35.67%, cost: 6.0
[2024-10-13 16:04:10,713][INFO] Step 7: size: 7, coverage: 40.00%, cost: 7.0
[2024-10-13 16:04:10,724][INFO] Step 8: size: 8, coverage: 43.67%, cost: 8.0
[2024-10-13 16:04:10,734][INFO] Step 9: size: 9, coverage: 47.00%, cost: 9.0
[2024-10-13 16:04:10,745][INFO] Step 10: size: 10, coverage: 50.33%, cost: 10.0
[2024-10-13 16:04:10,755][INFO] Step 11: size: 11, coverage: 53.00%, cost: 11.0
[2024-10-13 16:04:10,766][INFO] Step 12: size: 12, coverage: 55.67%, cost: 12.0
[2024-10-13 16:04:10,777][INFO] Step 13: size: 13, coverage: 58.00%, cost: 13.0
[2024-10-13 16:04:10,787][INFO] Step 14: size: 14, coverage: 60.00%, cost: 14.0
[2024-10-13 16:04:10,797][INFO] Step 15: size: 15, coverage: 63.67%, cost: 16.0
[2024-10-13 16:04:10,808][INFO] Step 16: size: 16, coverage: 65.33%, cost: 17.0
[2024-10-13 16:04:10,818][INFO] Step 17: size: 17, coverage: 67.00%, cost: 18.0
[2024-10-13 16:04:10,828][INFO] Step 18: size: 18, coverage: 68.67%, cost: 19.0
[2024-10-13 16:04:10,839][INFO] Step 19: size: 19, coverage: 70.33%, cost: 20.0
[2024-10-13 16:04:10,849][INFO] Step 20: size: 20, coverage: 73.33%, cost: 22.0
[2024-10-13 16:04:10,860][INFO] Step 21: size: 21, coverage: 74.67%, cost: 23.0
[2024-10-13 16:04:10,870][INFO] Step 22: size: 22, coverage: 77.33%, cost: 25.0
[2024-10-13 16:04:10,881][INFO] Step 23: size: 23, coverage: 79.67%, cost: 27.0
[2024-10-13 16:04:10,891][INFO] Step 24: size: 24, coverage: 80.67%, cost: 28.0
[2024-10-13 16:04:10,902][INFO] Step 25: size: 25, coverage: 81.67%, cost: 29.0
[2024-10-13 16:04:10,912][INFO] Step 26: size: 26, coverage: 83.67%, cost: 31.0
[2024-10-13 16:04:10,923][INFO] Step 27: size: 27, coverage: 85.33%, cost: 33.0
[2024-10-13 16:04:10,934][INFO] Step 28: size: 28, coverage: 87.00%, cost: 35.0
[2024-10-13 16:04:10,944][INFO] Step 29: size: 29, coverage: 87.67%, cost: 36.0
[2024-10-13 16:04:10,955][INFO] Step 30: size: 30, coverage: 88.33%, cost: 37.0
[2024-10-13 16:04:10,965][INFO] Step 31: size: 31, coverage: 89.67%, cost: 39.0
[2024-10-13 16:04:10,976][INFO] Step 32: size: 32, coverage: 90.67%, cost: 41.0
[2024-10-13 16:04:10,987][INFO] Step 33: size: 33, coverage: 92.00%, cost: 44.0
[2024-10-13 16:04:10,998][INFO] Step 34: size: 34, coverage: 92.33%, cost: 45.0
[2024-10-13 16:04:11,009][INFO] Step 35: size: 35, coverage: 92.67%, cost: 46.0
[2024-10-13 16:04:11,020][INFO] Step 36: size: 36, coverage: 93.33%, cost: 48.0
[2024-10-13 16:04:11,031][INFO] Step 37: size: 37, coverage: 94.00%, cost: 50.0
[2024-10-13 16:04:11,042][INFO] Step 38: size: 38, coverage: 95.00%, cost: 53.0
[2024-10-13 16:04:11,053][INFO] Step 39: size: 39, coverage: 96.00%, cost: 56.0
[2024-10-13 16:04:11,064][INFO] Step 40: size: 40, coverage: 97.00%, cost: 60.0
[2024-10-13 16:04:11,075][INFO] Step 41: size: 41, coverage: 98.00%, cost: 64.0
[2024-10-13 16:04:11,086][INFO] Step 42: size: 42, coverage: 98.67%, cost: 67.0
[2024-10-13 16:04:11,098][INFO] Step 43: size: 43, coverage: 99.33%, cost: 72.0
[2024-10-13 16:04:11,109][INFO] Step 44: size: 44, coverage: 99.67%, cost: 75.0
[2024-10-13 16:04:11,121][INFO] Step 45: size: 45, coverage: 100.00%, cost: 78.0
[2024-10-13 16:04:11,122][INFO] Size: 45 -> 44
[2024-10-13 16:04:11,122][INFO] Cost: 78.0 -> 77.0
[2024-10-13 16:09:43,722][INFO] Step 1: size: 1, coverage: 7.67%, cost: 1.0
[2024-10-13 16:09:43,732][INFO] Step 2: size: 2, coverage: 14.33%, cost: 2.0
[2024-10-13 16:09:43,742][INFO] Step 3: size: 3, coverage: 20.67%, cost: 3.0
[2024-10-13 16:09:43,753][INFO] Step 4: size: 4, coverage: 26.00%, cost: 4.0
[2024-10-13 16:09:43,763][INFO] Step 5: size: 5, coverage: 31.00%, cost: 5.0
[2024-10-13 16:09:43,774][INFO] Step 6: size: 6, coverage: 35.67%, cost: 6.0
[2024-10-13 16:09:43,784][INFO] Step 7: size: 7, coverage: 40.00%, cost: 7.0
[2024-10-13 16:09:43,794][INFO] Step 8: size: 8, coverage: 43.67%, cost: 8.0
[2024-10-13 16:09:43,804][INFO] Step 9: size: 9, coverage: 47.00%, cost: 9.0
[2024-10-13 16:09:43,815][INFO] Step 10: size: 10, coverage: 50.33%, cost: 10.0
[2024-10-13 16:09:43,825][INFO] Step 11: size: 11, coverage: 53.00%, cost: 11.0
[2024-10-13 16:09:43,835][INFO] Step 12: size: 12, coverage: 55.67%, cost: 12.0
[2024-10-13 16:09:43,846][INFO] Step 13: size: 13, coverage: 58.00%, cost: 13.0
[2024-10-13 16:09:43,856][INFO] Step 14: size: 14, coverage: 60.00%, cost: 14.0
[2024-10-13 16:09:43,865][INFO] Step 15: size: 15, coverage: 63.67%, cost: 16.0
[2024-10-13 16:09:43,876][INFO] Step 16: size: 16, coverage: 65.33%, cost: 17.0
[2024-10-13 16:09:43,886][INFO] Step 17: size: 17, coverage: 67.00%, cost: 18.0
[2024-10-13 16:09:43,896][INFO] Step 18: size: 18, coverage: 68.67%, cost: 19.0
[2024-10-13 16:09:43,906][INFO] Step 19: size: 19, coverage: 70.33%, cost: 20.0
[2024-10-13 16:09:43,916][INFO] Step 20: size: 20, coverage: 73.33%, cost: 22.0
[2024-10-13 16:09:43,926][INFO] Step 21: size: 21, coverage: 74.67%, cost: 23.0
[2024-10-13 16:09:43,936][INFO] Step 22: size: 22, coverage: 77.33%, cost: 25.0
[2024-10-13 16:09:43,946][INFO] Step 23: size: 23, coverage: 79.67%, cost: 27.0
[2024-10-13 16:09:43,956][INFO] Step 24: size: 24, coverage: 80.67%, cost: 28.0
[2024-10-13 16:09:43,966][INFO] Step 25: size: 25, coverage: 81.67%, cost: 29.0
[2024-10-13 16:09:43,976][INFO] Step 26: size: 26, coverage: 83.67%, cost: 31.0
[2024-10-13 16:09:43,987][INFO] Step 27: size: 27, coverage: 85.33%, cost: 33.0
[2024-10-13 16:09:43,997][INFO] Step 28: size: 28, coverage: 87.00%, cost: 35.0
[2024-10-13 16:09:44,007][INFO] Step 29: size: 29, coverage: 87.67%, cost: 36.0
[2024-10-13 16:09:44,018][INFO] Step 30: size: 30, coverage: 88.33%, cost: 37.0
[2024-10-13 16:09:44,028][INFO] Step 31: size: 31, coverage: 89.67%, cost: 39.0
[2024-10-13 16:09:44,038][INFO] Step 32: size: 32, coverage: 90.67%, cost: 41.0
[2024-10-13 16:09:44,049][INFO] Step 33: size: 33, coverage: 92.00%, cost: 44.0
[2024-10-13 16:09:44,059][INFO] Step 34: size: 34, coverage: 92.33%, cost: 45.0
[2024-10-13 16:09:44,070][INFO] Step 35: size: 35, coverage: 92.67%, cost: 46.0
[2024-10-13 16:09:44,080][INFO] Step 36: size: 36, coverage: 93.33%, cost: 48.0
[2024-10-13 16:09:44,091][INFO] Step 37: size: 37, coverage: 94.00%, cost: 50.0
[2024-10-13 16:09:44,101][INFO] Step 38: size: 38, coverage: 95.00%, cost: 53.0
[2024-10-13 16:09:44,112][INFO] Step 39: size: 39, coverage: 96.00%, cost: 56.0
[2024-10-13 16:09:44,123][INFO] Step 40: size: 40, coverage: 97.00%, cost: 60.0
[2024-10-13 16:09:44,134][INFO] Step 41: size: 41, coverage: 98.00%, cost: 64.0
[2024-10-13 16:09:44,144][INFO] Step 42: size: 42, coverage: 98.67%, cost: 67.0
[2024-10-13 16:09:44,155][INFO] Step 43: size: 43, coverage: 99.33%, cost: 72.0
[2024-10-13 16:09:44,166][INFO] Step 44: size: 44, coverage: 99.67%, cost: 75.0
[2024-10-13 16:09:44,177][INFO] Step 45: size: 45, coverage: 100.00%, cost: 78.0
[2024-10-13 16:09:44,178][INFO] Size: 45 -> 44
[2024-10-13 16:09:44,178][INFO] Cost: 78.0 -> 77.0
