[2024-10-06 17:31:11,343][INFO] Step 1: size: 1, coverage: 4.25%, cost: 1.0
[2024-10-06 17:31:11,359][INFO] Step 2: size: 2, coverage: 7.50%, cost: 2.0
[2024-10-06 17:31:11,374][INFO] Step 3: size: 3, coverage: 10.50%, cost: 3.0
[2024-10-06 17:31:11,390][INFO] Step 4: size: 4, coverage: 13.25%, cost: 4.0
[2024-10-06 17:31:11,405][INFO] Step 5: size: 5, coverage: 15.75%, cost: 5.0
[2024-10-06 17:31:11,420][INFO] Step 6: size: 6, coverage: 18.25%, cost: 6.0
[2024-10-06 17:31:11,436][INFO] Step 7: size: 7, coverage: 20.50%, cost: 7.0
[2024-10-06 17:31:11,451][INFO] Step 8: size: 8, coverage: 22.75%, cost: 8.0
[2024-10-06 17:31:11,466][INFO] Step 9: size: 9, coverage: 25.00%, cost: 9.0
[2024-10-06 17:31:11,482][INFO] Step 10: size: 10, coverage: 27.00%, cost: 10.0
[2024-10-06 17:31:11,497][INFO] Step 11: size: 11, coverage: 29.00%, cost: 11.0
[2024-10-06 17:31:11,512][INFO] Step 12: size: 12, coverage: 30.75%, cost: 12.0
[2024-10-06 17:31:11,528][INFO] Step 13: size: 13, coverage: 32.50%, cost: 13.0
[2024-10-06 17:31:11,543][INFO] Step 14: size: 14, coverage: 34.00%, cost: 14.0
[2024-10-06 17:31:11,558][INFO] Step 15: size: 15, coverage: 35.50%, cost: 15.0
[2024-10-06 17:31:11,574][INFO] Step 16: size: 16, coverage: 37.00%, cost: 16.0
[2024-10-06 17:31:11,589][INFO] Step 17: size: 17, coverage: 38.25%, cost: 17.0
[2024-10-06 17:31:11,605][INFO] Step 18: size: 18, coverage: 40.50%, cost: 19.0
[2024-10-06 17:31:11,620][INFO] Step 19: size: 19, coverage: 42.75%, cost: 21.0
[2024-10-06 17:31:11,636][INFO] Step 20: size: 20, coverage: 43.75%, cost: 22.0
[2024-10-06 17:31:11,651][INFO] Step 21: size: 21, coverage: 44.75%, cost: 23.0
[2024-10-06 17:31:11,666][INFO] Step 22: size: 22, coverage: 45.75%, cost: 24.0
[2024-10-06 17:31:11,682][INFO] Step 23: size: 23, coverage: 47.75%, cost: 26.0
[2024-10-06 17:31:11,698][INFO] Step 24: size: 24, coverage: 49.50%, cost: 28.0
[2024-10-06 17:31:11,714][INFO] Step 25: size: 25, coverage: 51.25%, cost: 30.0
[2024-10-06 17:31:11,729][INFO] Step 26: size: 26, coverage: 52.00%, cost: 31.0
[2024-10-06 17:31:11,745][INFO] Step 27: size: 27, coverage: 52.75%, cost: 32.0
[2024-10-06 17:31:11,761][INFO] Step 28: size: 28, coverage: 54.25%, cost: 34.0
[2024-10-06 17:31:11,776][INFO] Step 29: size: 29, coverage: 55.75%, cost: 36.0
[2024-10-06 17:31:11,792][INFO] Step 30: size: 30, coverage: 58.00%, cost: 39.0
[2024-10-06 17:31:11,808][INFO] Step 31: size: 31, coverage: 59.25%, cost: 41.0
[2024-10-06 17:31:11,824][INFO] Step 32: size: 32, coverage: 61.00%, cost: 44.0
[2024-10-06 17:31:11,839][INFO] Step 33: size: 33, coverage: 61.50%, cost: 45.0
[2024-10-06 17:31:11,855][INFO] Step 34: size: 34, coverage: 62.00%, cost: 46.0
[2024-10-06 17:31:11,871][INFO] Step 35: size: 35, coverage: 62.50%, cost: 47.0
[2024-10-06 17:31:11,887][INFO] Step 36: size: 36, coverage: 63.50%, cost: 49.0
[2024-10-06 17:31:11,903][INFO] Step 37: size: 37, coverage: 64.50%, cost: 51.0
[2024-10-06 17:31:11,919][INFO] Step 38: size: 38, coverage: 65.50%, cost: 53.0
[2024-10-06 17:31:11,935][INFO] Step 39: size: 39, coverage: 66.50%, cost: 55.0
[2024-10-06 17:31:11,952][INFO] Step 40: size: 40, coverage: 67.50%, cost: 57.0
[2024-10-06 17:31:11,968][INFO] Step 41: size: 41, coverage: 68.50%, cost: 59.0
[2024-10-06 17:31:11,984][INFO] Step 42: size: 42, coverage: 69.50%, cost: 61.0
[2024-10-06 17:31:12,000][INFO] Step 43: size: 43, coverage: 71.00%, cost: 64.0
[2024-10-06 17:31:12,016][INFO] Step 44: size: 44, coverage: 72.25%, cost: 67.0
[2024-10-06 17:31:12,032][INFO] Step 45: size: 45, coverage: 73.00%, cost: 69.0
[2024-10-06 17:31:12,047][INFO] Step 46: size: 46, coverage: 73.75%, cost: 71.0
[2024-10-06 17:31:12,064][INFO] Step 47: size: 47, coverage: 74.50%, cost: 73.0
[2024-10-06 17:31:12,080][INFO] Step 48: size: 48, coverage: 75.25%, cost: 75.0
[2024-10-06 17:31:12,096][INFO] Step 49: size: 49, coverage: 77.00%, cost: 80.0
[2024-10-06 17:31:12,112][INFO] Step 50: size: 50, coverage: 78.00%, cost: 83.0
[2024-10-06 17:31:12,128][INFO] Step 51: size: 51, coverage: 79.25%, cost: 87.0
[2024-10-06 17:31:12,144][INFO] Step 52: size: 52, coverage: 79.50%, cost: 88.0
[2024-10-06 17:31:12,161][INFO] Step 53: size: 53, coverage: 80.00%, cost: 90.0
[2024-10-06 17:31:12,177][INFO] Step 54: size: 54, coverage: 80.50%, cost: 92.0
[2024-10-06 17:31:12,194][INFO] Step 55: size: 55, coverage: 81.00%, cost: 94.0
[2024-10-06 17:31:12,210][INFO] Step 56: size: 56, coverage: 81.50%, cost: 96.0
[2024-10-06 17:31:12,227][INFO] Step 57: size: 57, coverage: 82.00%, cost: 98.0
[2024-10-06 17:31:12,243][INFO] Step 58: size: 58, coverage: 82.50%, cost: 100.0
[2024-10-06 17:31:12,260][INFO] Step 59: size: 59, coverage: 83.25%, cost: 103.0
[2024-10-06 17:31:12,277][INFO] Step 60: size: 60, coverage: 84.00%, cost: 106.0
[2024-10-06 17:31:12,294][INFO] Step 61: size: 61, coverage: 85.00%, cost: 111.0
[2024-10-06 17:31:12,310][INFO] Step 62: size: 62, coverage: 85.75%, cost: 115.0
[2024-10-06 17:31:12,327][INFO] Step 63: size: 63, coverage: 86.50%, cost: 119.0
[2024-10-06 17:31:12,344][INFO] Step 64: size: 64, coverage: 87.25%, cost: 123.0
[2024-10-06 17:31:12,361][INFO] Step 65: size: 65, coverage: 88.00%, cost: 127.0
[2024-10-06 17:31:12,378][INFO] Step 66: size: 66, coverage: 88.50%, cost: 130.0
[2024-10-06 17:31:12,395][INFO] Step 67: size: 67, coverage: 89.00%, cost: 133.0
[2024-10-06 17:31:12,413][INFO] Step 68: size: 68, coverage: 89.50%, cost: 136.0
[2024-10-06 17:31:12,430][INFO] Step 69: size: 69, coverage: 90.00%, cost: 139.0
[2024-10-06 17:31:12,447][INFO] Step 70: size: 70, coverage: 90.75%, cost: 144.0
[2024-10-06 17:31:12,464][INFO] Step 71: size: 71, coverage: 91.75%, cost: 151.0
[2024-10-06 17:31:12,482][INFO] Step 72: size: 72, coverage: 92.00%, cost: 153.0
[2024-10-06 17:31:12,499][INFO] Step 73: size: 73, coverage: 92.25%, cost: 155.0
[2024-10-06 17:31:12,517][INFO] Step 74: size: 74, coverage: 92.50%, cost: 157.0
[2024-10-06 17:31:12,534][INFO] Step 75: size: 75, coverage: 92.75%, cost: 159.0
[2024-10-06 17:31:12,552][INFO] Step 76: size: 76, coverage: 93.25%, cost: 163.0
[2024-10-06 17:31:12,570][INFO] Step 77: size: 77, coverage: 94.00%, cost: 170.0
[2024-10-06 17:31:12,587][INFO] Step 78: size: 78, coverage: 94.50%, cost: 175.0
[2024-10-06 17:31:12,605][INFO] Step 79: size: 79, coverage: 95.00%, cost: 180.0
[2024-10-06 17:31:12,623][INFO] Step 80: size: 80, coverage: 95.25%, cost: 183.0
[2024-10-06 17:31:12,641][INFO] Step 81: size: 81, coverage: 95.50%, cost: 186.0
[2024-10-06 17:31:12,659][INFO] Step 82: size: 82, coverage: 96.25%, cost: 195.0
[2024-10-06 17:31:12,677][INFO] Step 83: size: 83, coverage: 96.75%, cost: 202.0
[2024-10-06 17:31:12,695][INFO] Step 84: size: 84, coverage: 97.00%, cost: 206.0
[2024-10-06 17:31:12,713][INFO] Step 85: size: 85, coverage: 97.25%, cost: 210.0
[2024-10-06 17:31:12,732][INFO] Step 86: size: 86, coverage: 97.50%, cost: 214.0
[2024-10-06 17:31:12,750][INFO] Step 87: size: 87, coverage: 97.75%, cost: 218.0
[2024-10-06 17:31:12,769][INFO] Step 88: size: 88, coverage: 98.00%, cost: 222.0
[2024-10-06 17:31:12,787][INFO] Step 89: size: 89, coverage: 98.25%, cost: 226.0
[2024-10-06 17:31:12,806][INFO] Step 90: size: 90, coverage: 98.50%, cost: 231.0
[2024-10-06 17:31:12,824][INFO] Step 91: size: 91, coverage: 98.75%, cost: 236.0
[2024-10-06 17:31:12,843][INFO] Step 92: size: 92, coverage: 99.00%, cost: 241.0
[2024-10-06 17:31:12,862][INFO] Step 93: size: 93, coverage: 99.25%, cost: 246.0
[2024-10-06 17:31:12,881][INFO] Step 94: size: 94, coverage: 99.50%, cost: 253.0
[2024-10-06 17:31:12,900][INFO] Step 95: size: 95, coverage: 99.75%, cost: 262.0
[2024-10-06 17:31:12,919][INFO] Step 96: size: 96, coverage: 100.00%, cost: 276.0
[2024-10-06 18:50:05,067][INFO] Step 1: size: 1, coverage: 4.25%, cost: 1.0
[2024-10-06 18:50:05,083][INFO] Step 2: size: 2, coverage: 7.50%, cost: 2.0
[2024-10-06 18:50:05,098][INFO] Step 3: size: 3, coverage: 10.50%, cost: 3.0
[2024-10-06 18:50:05,113][INFO] Step 4: size: 4, coverage: 13.25%, cost: 4.0
[2024-10-06 18:50:05,129][INFO] Step 5: size: 5, coverage: 15.75%, cost: 5.0
[2024-10-06 18:50:05,144][INFO] Step 6: size: 6, coverage: 18.25%, cost: 6.0
[2024-10-06 18:50:05,159][INFO] Step 7: size: 7, coverage: 20.50%, cost: 7.0
[2024-10-06 18:50:05,175][INFO] Step 8: size: 8, coverage: 22.75%, cost: 8.0
[2024-10-06 18:50:05,190][INFO] Step 9: size: 9, coverage: 25.00%, cost: 9.0
[2024-10-06 18:50:05,206][INFO] Step 10: size: 10, coverage: 27.00%, cost: 10.0
[2024-10-06 18:50:05,221][INFO] Step 11: size: 11, coverage: 29.00%, cost: 11.0
[2024-10-06 18:50:05,236][INFO] Step 12: size: 12, coverage: 30.75%, cost: 12.0
[2024-10-06 18:50:05,252][INFO] Step 13: size: 13, coverage: 32.50%, cost: 13.0
[2024-10-06 18:50:05,267][INFO] Step 14: size: 14, coverage: 34.00%, cost: 14.0
[2024-10-06 18:50:05,282][INFO] Step 15: size: 15, coverage: 35.50%, cost: 15.0
[2024-10-06 18:50:05,298][INFO] Step 16: size: 16, coverage: 37.00%, cost: 16.0
[2024-10-06 18:50:05,313][INFO] Step 17: size: 17, coverage: 38.25%, cost: 17.0
[2024-10-06 18:50:05,329][INFO] Step 18: size: 18, coverage: 40.50%, cost: 19.0
[2024-10-06 18:50:05,344][INFO] Step 19: size: 19, coverage: 42.75%, cost: 21.0
[2024-10-06 18:50:05,360][INFO] Step 20: size: 20, coverage: 43.75%, cost: 22.0
[2024-10-06 18:50:05,375][INFO] Step 21: size: 21, coverage: 44.75%, cost: 23.0
[2024-10-06 18:50:05,391][INFO] Step 22: size: 22, coverage: 45.75%, cost: 24.0
[2024-10-06 18:50:05,407][INFO] Step 23: size: 23, coverage: 47.75%, cost: 26.0
[2024-10-06 18:50:05,422][INFO] Step 24: size: 24, coverage: 49.50%, cost: 28.0
[2024-10-06 18:50:05,438][INFO] Step 25: size: 25, coverage: 51.25%, cost: 30.0
[2024-10-06 18:50:05,453][INFO] Step 26: size: 26, coverage: 52.00%, cost: 31.0
[2024-10-06 18:50:05,469][INFO] Step 27: size: 27, coverage: 52.75%, cost: 32.0
[2024-10-06 18:50:05,485][INFO] Step 28: size: 28, coverage: 54.25%, cost: 34.0
[2024-10-06 18:50:05,501][INFO] Step 29: size: 29, coverage: 55.75%, cost: 36.0
[2024-10-06 18:50:05,517][INFO] Step 30: size: 30, coverage: 58.00%, cost: 39.0
[2024-10-06 18:50:05,532][INFO] Step 31: size: 31, coverage: 59.25%, cost: 41.0
[2024-10-06 18:50:05,548][INFO] Step 32: size: 32, coverage: 61.00%, cost: 44.0
[2024-10-06 18:50:05,564][INFO] Step 33: size: 33, coverage: 61.50%, cost: 45.0
[2024-10-06 18:50:05,580][INFO] Step 34: size: 34, coverage: 62.00%, cost: 46.0
[2024-10-06 18:50:05,596][INFO] Step 35: size: 35, coverage: 62.50%, cost: 47.0
[2024-10-06 18:50:05,612][INFO] Step 36: size: 36, coverage: 63.50%, cost: 49.0
[2024-10-06 18:50:05,628][INFO] Step 37: size: 37, coverage: 64.50%, cost: 51.0
[2024-10-06 18:50:05,644][INFO] Step 38: size: 38, coverage: 65.50%, cost: 53.0
[2024-10-06 18:50:05,660][INFO] Step 39: size: 39, coverage: 66.50%, cost: 55.0
[2024-10-06 18:50:05,677][INFO] Step 40: size: 40, coverage: 67.50%, cost: 57.0
[2024-10-06 18:50:05,693][INFO] Step 41: size: 41, coverage: 68.50%, cost: 59.0
[2024-10-06 18:50:05,709][INFO] Step 42: size: 42, coverage: 69.50%, cost: 61.0
[2024-10-06 18:50:05,725][INFO] Step 43: size: 43, coverage: 71.00%, cost: 64.0
[2024-10-06 18:50:05,741][INFO] Step 44: size: 44, coverage: 72.25%, cost: 67.0
[2024-10-06 18:50:05,757][INFO] Step 45: size: 45, coverage: 73.00%, cost: 69.0
[2024-10-06 18:50:05,773][INFO] Step 46: size: 46, coverage: 73.75%, cost: 71.0
[2024-10-06 18:50:05,789][INFO] Step 47: size: 47, coverage: 74.50%, cost: 73.0
[2024-10-06 18:50:05,805][INFO] Step 48: size: 48, coverage: 75.25%, cost: 75.0
[2024-10-06 18:50:05,821][INFO] Step 49: size: 49, coverage: 77.00%, cost: 80.0
[2024-10-06 18:50:05,837][INFO] Step 50: size: 50, coverage: 78.00%, cost: 83.0
[2024-10-06 18:50:05,853][INFO] Step 51: size: 51, coverage: 79.25%, cost: 87.0
[2024-10-06 18:50:05,870][INFO] Step 52: size: 52, coverage: 79.50%, cost: 88.0
[2024-10-06 18:50:05,886][INFO] Step 53: size: 53, coverage: 80.00%, cost: 90.0
[2024-10-06 18:50:05,902][INFO] Step 54: size: 54, coverage: 80.50%, cost: 92.0
[2024-10-06 18:50:05,919][INFO] Step 55: size: 55, coverage: 81.00%, cost: 94.0
[2024-10-06 18:50:05,936][INFO] Step 56: size: 56, coverage: 81.50%, cost: 96.0
[2024-10-06 18:50:05,952][INFO] Step 57: size: 57, coverage: 82.00%, cost: 98.0
[2024-10-06 18:50:05,969][INFO] Step 58: size: 58, coverage: 82.50%, cost: 100.0
[2024-10-06 18:50:05,985][INFO] Step 59: size: 59, coverage: 83.25%, cost: 103.0
[2024-10-06 18:50:06,002][INFO] Step 60: size: 60, coverage: 84.00%, cost: 106.0
[2024-10-06 18:50:06,019][INFO] Step 61: size: 61, coverage: 85.00%, cost: 111.0
[2024-10-06 18:50:06,036][INFO] Step 62: size: 62, coverage: 85.75%, cost: 115.0
[2024-10-06 18:50:06,053][INFO] Step 63: size: 63, coverage: 86.50%, cost: 119.0
[2024-10-06 18:50:06,070][INFO] Step 64: size: 64, coverage: 87.25%, cost: 123.0
[2024-10-06 18:50:06,087][INFO] Step 65: size: 65, coverage: 88.00%, cost: 127.0
[2024-10-06 18:50:06,103][INFO] Step 66: size: 66, coverage: 88.50%, cost: 130.0
[2024-10-06 18:50:06,120][INFO] Step 67: size: 67, coverage: 89.00%, cost: 133.0
[2024-10-06 18:50:06,138][INFO] Step 68: size: 68, coverage: 89.50%, cost: 136.0
[2024-10-06 18:50:06,155][INFO] Step 69: size: 69, coverage: 90.00%, cost: 139.0
[2024-10-06 18:50:06,172][INFO] Step 70: size: 70, coverage: 90.75%, cost: 144.0
[2024-10-06 18:50:06,189][INFO] Step 71: size: 71, coverage: 91.75%, cost: 151.0
[2024-10-06 18:50:06,207][INFO] Step 72: size: 72, coverage: 92.00%, cost: 153.0
[2024-10-06 18:50:06,224][INFO] Step 73: size: 73, coverage: 92.25%, cost: 155.0
[2024-10-06 18:50:06,241][INFO] Step 74: size: 74, coverage: 92.50%, cost: 157.0
[2024-10-06 18:50:06,259][INFO] Step 75: size: 75, coverage: 92.75%, cost: 159.0
[2024-10-06 18:50:06,277][INFO] Step 76: size: 76, coverage: 93.25%, cost: 163.0
[2024-10-06 18:50:06,294][INFO] Step 77: size: 77, coverage: 94.00%, cost: 170.0
[2024-10-06 18:50:06,312][INFO] Step 78: size: 78, coverage: 94.50%, cost: 175.0
[2024-10-06 18:50:06,330][INFO] Step 79: size: 79, coverage: 95.00%, cost: 180.0
[2024-10-06 18:50:06,348][INFO] Step 80: size: 80, coverage: 95.25%, cost: 183.0
[2024-10-06 18:50:06,365][INFO] Step 81: size: 81, coverage: 95.50%, cost: 186.0
[2024-10-06 18:50:06,383][INFO] Step 82: size: 82, coverage: 96.25%, cost: 195.0
[2024-10-06 18:50:06,402][INFO] Step 83: size: 83, coverage: 96.75%, cost: 202.0
[2024-10-06 18:50:06,420][INFO] Step 84: size: 84, coverage: 97.00%, cost: 206.0
[2024-10-06 18:50:06,438][INFO] Step 85: size: 85, coverage: 97.25%, cost: 210.0
[2024-10-06 18:50:06,456][INFO] Step 86: size: 86, coverage: 97.50%, cost: 214.0
[2024-10-06 18:50:06,474][INFO] Step 87: size: 87, coverage: 97.75%, cost: 218.0
[2024-10-06 18:50:06,493][INFO] Step 88: size: 88, coverage: 98.00%, cost: 222.0
[2024-10-06 18:50:06,511][INFO] Step 89: size: 89, coverage: 98.25%, cost: 226.0
[2024-10-06 18:50:06,530][INFO] Step 90: size: 90, coverage: 98.50%, cost: 231.0
[2024-10-06 18:50:06,548][INFO] Step 91: size: 91, coverage: 98.75%, cost: 236.0
[2024-10-06 18:50:06,567][INFO] Step 92: size: 92, coverage: 99.00%, cost: 241.0
[2024-10-06 18:50:06,586][INFO] Step 93: size: 93, coverage: 99.25%, cost: 246.0
[2024-10-06 18:50:06,605][INFO] Step 94: size: 94, coverage: 99.50%, cost: 253.0
[2024-10-06 18:50:06,623][INFO] Step 95: size: 95, coverage: 99.75%, cost: 262.0
[2024-10-06 18:50:06,643][INFO] Step 96: size: 96, coverage: 100.00%, cost: 276.0
[2024-10-06 18:50:06,647][INFO] Size: 96 -> 91
[2024-10-06 18:50:06,647][INFO] Cost: 276.0 -> 268.0
[2024-10-06 18:50:06,647][INFO] Pruned solution: [np.int64(3), np.int64(1), np.int64(10), np.int64(5), np.int64(11), np.int64(9), np.int64(8), np.int64(15), np.int64(29), np.int64(17), np.int64(25), np.int64(34), np.int64(14), np.int64(37), np.int64(73), np.int64(85), np.int64(23), np.int64(28), np.int64(36), np.int64(41), np.int64(45), np.int64(86), np.int64(57), np.int64(68), np.int64(83), np.int64(24), np.int64(39), np.int64(51), np.int64(63), np.int64(76), np.int64(122), np.int64(133), np.int64(77), np.int64(91), np.int64(164), np.int64(44), np.int64(65), np.int64(114), np.int64(154), np.int64(82), np.int64(321), np.int64(111), np.int64(116), np.int64(142), np.int64(163), np.int64(172), np.int64(237), np.int64(511), np.int64(2), np.int64(4), np.int64(16), np.int64(18), np.int64(48), np.int64(43), np.int64(20), np.int64(31), np.int64(42), np.int64(59), np.int64(108), np.int64(60), np.int64(156), np.int64(138), np.int64(98), np.int64(54), np.int64(229), np.int64(95), np.int64(112), np.int64(143), np.int64(187), np.int64(0), np.int64(6), np.int64(30), np.int64(32), np.int64(40), np.int64(162), np.int64(74), np.int64(89), np.int64(67), np.int64(244), np.int64(169), np.int64(7), np.int64(22), np.int64(87), np.int64(132), np.int64(173), np.int64(304), np.int64(27), np.int64(224), np.int64(12), np.int64(136), np.int64(38)]
[2024-10-06 18:52:26,496][INFO] Step 1: size: 1, coverage: 4.25%, cost: 1.0
[2024-10-06 18:52:26,511][INFO] Step 2: size: 2, coverage: 7.50%, cost: 2.0
[2024-10-06 18:52:26,527][INFO] Step 3: size: 3, coverage: 10.50%, cost: 3.0
[2024-10-06 18:52:26,542][INFO] Step 4: size: 4, coverage: 13.25%, cost: 4.0
[2024-10-06 18:52:26,557][INFO] Step 5: size: 5, coverage: 15.75%, cost: 5.0
[2024-10-06 18:52:26,573][INFO] Step 6: size: 6, coverage: 18.25%, cost: 6.0
[2024-10-06 18:52:26,588][INFO] Step 7: size: 7, coverage: 20.50%, cost: 7.0
[2024-10-06 18:52:26,604][INFO] Step 8: size: 8, coverage: 22.75%, cost: 8.0
[2024-10-06 18:52:26,619][INFO] Step 9: size: 9, coverage: 25.00%, cost: 9.0
[2024-10-06 18:52:26,634][INFO] Step 10: size: 10, coverage: 27.00%, cost: 10.0
[2024-10-06 18:52:26,650][INFO] Step 11: size: 11, coverage: 29.00%, cost: 11.0
[2024-10-06 18:52:26,665][INFO] Step 12: size: 12, coverage: 30.75%, cost: 12.0
[2024-10-06 18:52:26,680][INFO] Step 13: size: 13, coverage: 32.50%, cost: 13.0
[2024-10-06 18:52:26,696][INFO] Step 14: size: 14, coverage: 34.00%, cost: 14.0
[2024-10-06 18:52:26,711][INFO] Step 15: size: 15, coverage: 35.50%, cost: 15.0
[2024-10-06 18:52:26,727][INFO] Step 16: size: 16, coverage: 37.00%, cost: 16.0
[2024-10-06 18:52:26,743][INFO] Step 17: size: 17, coverage: 38.25%, cost: 17.0
[2024-10-06 18:52:26,758][INFO] Step 18: size: 18, coverage: 40.50%, cost: 19.0
[2024-10-06 18:52:26,773][INFO] Step 19: size: 19, coverage: 42.75%, cost: 21.0
[2024-10-06 18:52:26,789][INFO] Step 20: size: 20, coverage: 43.75%, cost: 22.0
[2024-10-06 18:52:26,804][INFO] Step 21: size: 21, coverage: 44.75%, cost: 23.0
[2024-10-06 18:52:26,820][INFO] Step 22: size: 22, coverage: 45.75%, cost: 24.0
[2024-10-06 18:52:26,835][INFO] Step 23: size: 23, coverage: 47.75%, cost: 26.0
[2024-10-06 18:52:26,851][INFO] Step 24: size: 24, coverage: 49.50%, cost: 28.0
[2024-10-06 18:52:26,867][INFO] Step 25: size: 25, coverage: 51.25%, cost: 30.0
[2024-10-06 18:52:26,882][INFO] Step 26: size: 26, coverage: 52.00%, cost: 31.0
[2024-10-06 18:52:26,898][INFO] Step 27: size: 27, coverage: 52.75%, cost: 32.0
[2024-10-06 18:52:26,914][INFO] Step 28: size: 28, coverage: 54.25%, cost: 34.0
[2024-10-06 18:52:26,930][INFO] Step 29: size: 29, coverage: 55.75%, cost: 36.0
[2024-10-06 18:52:26,946][INFO] Step 30: size: 30, coverage: 58.00%, cost: 39.0
[2024-10-06 18:52:26,961][INFO] Step 31: size: 31, coverage: 59.25%, cost: 41.0
[2024-10-06 18:52:26,977][INFO] Step 32: size: 32, coverage: 61.00%, cost: 44.0
[2024-10-06 18:52:26,993][INFO] Step 33: size: 33, coverage: 61.50%, cost: 45.0
[2024-10-06 18:52:27,009][INFO] Step 34: size: 34, coverage: 62.00%, cost: 46.0
[2024-10-06 18:52:27,025][INFO] Step 35: size: 35, coverage: 62.50%, cost: 47.0
[2024-10-06 18:52:27,041][INFO] Step 36: size: 36, coverage: 63.50%, cost: 49.0
[2024-10-06 18:52:27,057][INFO] Step 37: size: 37, coverage: 64.50%, cost: 51.0
[2024-10-06 18:52:27,073][INFO] Step 38: size: 38, coverage: 65.50%, cost: 53.0
[2024-10-06 18:52:27,089][INFO] Step 39: size: 39, coverage: 66.50%, cost: 55.0
[2024-10-06 18:52:27,105][INFO] Step 40: size: 40, coverage: 67.50%, cost: 57.0
[2024-10-06 18:52:27,121][INFO] Step 41: size: 41, coverage: 68.50%, cost: 59.0
[2024-10-06 18:52:27,137][INFO] Step 42: size: 42, coverage: 69.50%, cost: 61.0
[2024-10-06 18:52:27,153][INFO] Step 43: size: 43, coverage: 71.00%, cost: 64.0
[2024-10-06 18:52:27,169][INFO] Step 44: size: 44, coverage: 72.25%, cost: 67.0
[2024-10-06 18:52:27,185][INFO] Step 45: size: 45, coverage: 73.00%, cost: 69.0
[2024-10-06 18:52:27,201][INFO] Step 46: size: 46, coverage: 73.75%, cost: 71.0
[2024-10-06 18:52:27,217][INFO] Step 47: size: 47, coverage: 74.50%, cost: 73.0
[2024-10-06 18:52:27,233][INFO] Step 48: size: 48, coverage: 75.25%, cost: 75.0
[2024-10-06 18:52:27,249][INFO] Step 49: size: 49, coverage: 77.00%, cost: 80.0
[2024-10-06 18:52:27,265][INFO] Step 50: size: 50, coverage: 78.00%, cost: 83.0
[2024-10-06 18:52:27,281][INFO] Step 51: size: 51, coverage: 79.25%, cost: 87.0
[2024-10-06 18:52:27,298][INFO] Step 52: size: 52, coverage: 79.50%, cost: 88.0
[2024-10-06 18:52:27,314][INFO] Step 53: size: 53, coverage: 80.00%, cost: 90.0
[2024-10-06 18:52:27,330][INFO] Step 54: size: 54, coverage: 80.50%, cost: 92.0
[2024-10-06 18:52:27,347][INFO] Step 55: size: 55, coverage: 81.00%, cost: 94.0
[2024-10-06 18:52:27,363][INFO] Step 56: size: 56, coverage: 81.50%, cost: 96.0
[2024-10-06 18:52:27,380][INFO] Step 57: size: 57, coverage: 82.00%, cost: 98.0
[2024-10-06 18:52:27,396][INFO] Step 58: size: 58, coverage: 82.50%, cost: 100.0
[2024-10-06 18:52:27,413][INFO] Step 59: size: 59, coverage: 83.25%, cost: 103.0
[2024-10-06 18:52:27,430][INFO] Step 60: size: 60, coverage: 84.00%, cost: 106.0
[2024-10-06 18:52:27,447][INFO] Step 61: size: 61, coverage: 85.00%, cost: 111.0
[2024-10-06 18:52:27,464][INFO] Step 62: size: 62, coverage: 85.75%, cost: 115.0
[2024-10-06 18:52:27,481][INFO] Step 63: size: 63, coverage: 86.50%, cost: 119.0
[2024-10-06 18:52:27,498][INFO] Step 64: size: 64, coverage: 87.25%, cost: 123.0
[2024-10-06 18:52:27,515][INFO] Step 65: size: 65, coverage: 88.00%, cost: 127.0
[2024-10-06 18:52:27,532][INFO] Step 66: size: 66, coverage: 88.50%, cost: 130.0
[2024-10-06 18:52:27,549][INFO] Step 67: size: 67, coverage: 89.00%, cost: 133.0
[2024-10-06 18:52:27,566][INFO] Step 68: size: 68, coverage: 89.50%, cost: 136.0
[2024-10-06 18:52:27,583][INFO] Step 69: size: 69, coverage: 90.00%, cost: 139.0
[2024-10-06 18:52:27,601][INFO] Step 70: size: 70, coverage: 90.75%, cost: 144.0
[2024-10-06 18:52:27,618][INFO] Step 71: size: 71, coverage: 91.75%, cost: 151.0
[2024-10-06 18:52:27,635][INFO] Step 72: size: 72, coverage: 92.00%, cost: 153.0
[2024-10-06 18:52:27,653][INFO] Step 73: size: 73, coverage: 92.25%, cost: 155.0
[2024-10-06 18:52:27,670][INFO] Step 74: size: 74, coverage: 92.50%, cost: 157.0
[2024-10-06 18:52:27,688][INFO] Step 75: size: 75, coverage: 92.75%, cost: 159.0
[2024-10-06 18:52:27,705][INFO] Step 76: size: 76, coverage: 93.25%, cost: 163.0
[2024-10-06 18:52:27,723][INFO] Step 77: size: 77, coverage: 94.00%, cost: 170.0
[2024-10-06 18:52:27,741][INFO] Step 78: size: 78, coverage: 94.50%, cost: 175.0
[2024-10-06 18:52:27,759][INFO] Step 79: size: 79, coverage: 95.00%, cost: 180.0
[2024-10-06 18:52:27,777][INFO] Step 80: size: 80, coverage: 95.25%, cost: 183.0
[2024-10-06 18:52:27,794][INFO] Step 81: size: 81, coverage: 95.50%, cost: 186.0
[2024-10-06 18:52:27,812][INFO] Step 82: size: 82, coverage: 96.25%, cost: 195.0
[2024-10-06 18:52:27,831][INFO] Step 83: size: 83, coverage: 96.75%, cost: 202.0
[2024-10-06 18:52:27,849][INFO] Step 84: size: 84, coverage: 97.00%, cost: 206.0
[2024-10-06 18:52:27,867][INFO] Step 85: size: 85, coverage: 97.25%, cost: 210.0
[2024-10-06 18:52:27,885][INFO] Step 86: size: 86, coverage: 97.50%, cost: 214.0
[2024-10-06 18:52:27,904][INFO] Step 87: size: 87, coverage: 97.75%, cost: 218.0
[2024-10-06 18:52:27,922][INFO] Step 88: size: 88, coverage: 98.00%, cost: 222.0
[2024-10-06 18:52:27,941][INFO] Step 89: size: 89, coverage: 98.25%, cost: 226.0
[2024-10-06 18:52:27,959][INFO] Step 90: size: 90, coverage: 98.50%, cost: 231.0
[2024-10-06 18:52:27,978][INFO] Step 91: size: 91, coverage: 98.75%, cost: 236.0
[2024-10-06 18:52:27,996][INFO] Step 92: size: 92, coverage: 99.00%, cost: 241.0
[2024-10-06 18:52:28,015][INFO] Step 93: size: 93, coverage: 99.25%, cost: 246.0
[2024-10-06 18:52:28,034][INFO] Step 94: size: 94, coverage: 99.50%, cost: 253.0
[2024-10-06 18:52:28,053][INFO] Step 95: size: 95, coverage: 99.75%, cost: 262.0
[2024-10-06 18:52:28,072][INFO] Step 96: size: 96, coverage: 100.00%, cost: 276.0
[2024-10-06 18:52:28,076][INFO] Size: 96 -> 91
[2024-10-06 18:52:28,076][INFO] Cost: 276.0 -> 268.0
[2024-10-06 18:54:37,655][INFO] Step 1: size: 1, coverage: 4.25%, cost: 1.0
[2024-10-06 18:54:37,671][INFO] Step 2: size: 2, coverage: 7.50%, cost: 2.0
[2024-10-06 18:54:37,687][INFO] Step 3: size: 3, coverage: 10.50%, cost: 3.0
[2024-10-06 18:54:37,703][INFO] Step 4: size: 4, coverage: 13.25%, cost: 4.0
[2024-10-06 18:54:37,718][INFO] Step 5: size: 5, coverage: 15.75%, cost: 5.0
[2024-10-06 18:54:37,734][INFO] Step 6: size: 6, coverage: 18.25%, cost: 6.0
[2024-10-06 18:54:37,750][INFO] Step 7: size: 7, coverage: 20.50%, cost: 7.0
[2024-10-06 18:54:37,766][INFO] Step 8: size: 8, coverage: 22.75%, cost: 8.0
[2024-10-06 18:54:37,781][INFO] Step 9: size: 9, coverage: 25.00%, cost: 9.0
[2024-10-06 18:54:37,797][INFO] Step 10: size: 10, coverage: 27.00%, cost: 10.0
[2024-10-06 18:54:37,813][INFO] Step 11: size: 11, coverage: 29.00%, cost: 11.0
[2024-10-06 18:54:37,828][INFO] Step 12: size: 12, coverage: 30.75%, cost: 12.0
[2024-10-06 18:54:37,844][INFO] Step 13: size: 13, coverage: 32.50%, cost: 13.0
[2024-10-06 18:54:37,860][INFO] Step 14: size: 14, coverage: 34.00%, cost: 14.0
[2024-10-06 18:54:37,876][INFO] Step 15: size: 15, coverage: 35.50%, cost: 15.0
[2024-10-06 18:54:37,891][INFO] Step 16: size: 16, coverage: 37.00%, cost: 16.0
[2024-10-06 18:54:37,907][INFO] Step 17: size: 17, coverage: 38.25%, cost: 17.0
[2024-10-06 18:54:37,923][INFO] Step 18: size: 18, coverage: 40.50%, cost: 19.0
[2024-10-06 18:54:37,939][INFO] Step 19: size: 19, coverage: 42.75%, cost: 21.0
[2024-10-06 18:54:37,955][INFO] Step 20: size: 20, coverage: 43.75%, cost: 22.0
[2024-10-06 18:54:37,971][INFO] Step 21: size: 21, coverage: 44.75%, cost: 23.0
[2024-10-06 18:54:37,987][INFO] Step 22: size: 22, coverage: 45.75%, cost: 24.0
[2024-10-06 18:54:38,003][INFO] Step 23: size: 23, coverage: 47.75%, cost: 26.0
[2024-10-06 18:54:38,019][INFO] Step 24: size: 24, coverage: 49.50%, cost: 28.0
[2024-10-06 18:54:38,035][INFO] Step 25: size: 25, coverage: 51.25%, cost: 30.0
[2024-10-06 18:54:38,051][INFO] Step 26: size: 26, coverage: 52.00%, cost: 31.0
[2024-10-06 18:54:38,067][INFO] Step 27: size: 27, coverage: 52.75%, cost: 32.0
[2024-10-06 18:54:38,083][INFO] Step 28: size: 28, coverage: 54.25%, cost: 34.0
[2024-10-06 18:54:38,100][INFO] Step 29: size: 29, coverage: 55.75%, cost: 36.0
[2024-10-06 18:54:38,116][INFO] Step 30: size: 30, coverage: 58.00%, cost: 39.0
[2024-10-06 18:54:38,132][INFO] Step 31: size: 31, coverage: 59.25%, cost: 41.0
[2024-10-06 18:54:38,148][INFO] Step 32: size: 32, coverage: 61.00%, cost: 44.0
[2024-10-06 18:54:38,165][INFO] Step 33: size: 33, coverage: 61.50%, cost: 45.0
[2024-10-06 18:54:38,181][INFO] Step 34: size: 34, coverage: 62.00%, cost: 46.0
[2024-10-06 18:54:38,197][INFO] Step 35: size: 35, coverage: 62.50%, cost: 47.0
[2024-10-06 18:54:38,214][INFO] Step 36: size: 36, coverage: 63.50%, cost: 49.0
[2024-10-06 18:54:38,230][INFO] Step 37: size: 37, coverage: 64.50%, cost: 51.0
[2024-10-06 18:55:37,940][INFO] Step 1: size: 1, coverage: 4.25%, cost: 1.0
[2024-10-06 18:55:37,956][INFO] Step 2: size: 2, coverage: 7.50%, cost: 2.0
[2024-10-06 18:55:37,971][INFO] Step 3: size: 3, coverage: 10.50%, cost: 3.0
[2024-10-06 18:55:37,987][INFO] Step 4: size: 4, coverage: 13.25%, cost: 4.0
[2024-10-06 18:55:38,002][INFO] Step 5: size: 5, coverage: 15.75%, cost: 5.0
[2024-10-06 18:55:38,017][INFO] Step 6: size: 6, coverage: 18.25%, cost: 6.0
[2024-10-06 18:55:38,033][INFO] Step 7: size: 7, coverage: 20.50%, cost: 7.0
[2024-10-06 18:55:38,048][INFO] Step 8: size: 8, coverage: 22.75%, cost: 8.0
[2024-10-06 18:55:38,064][INFO] Step 9: size: 9, coverage: 25.00%, cost: 9.0
[2024-10-06 18:55:38,079][INFO] Step 10: size: 10, coverage: 27.00%, cost: 10.0
[2024-10-06 18:55:38,094][INFO] Step 11: size: 11, coverage: 29.00%, cost: 11.0
[2024-10-06 18:55:38,110][INFO] Step 12: size: 12, coverage: 30.75%, cost: 12.0
[2024-10-06 18:55:38,125][INFO] Step 13: size: 13, coverage: 32.50%, cost: 13.0
[2024-10-06 18:55:38,141][INFO] Step 14: size: 14, coverage: 34.00%, cost: 14.0
[2024-10-06 18:55:38,156][INFO] Step 15: size: 15, coverage: 35.50%, cost: 15.0
[2024-10-06 18:55:38,172][INFO] Step 16: size: 16, coverage: 37.00%, cost: 16.0
[2024-10-06 18:55:38,187][INFO] Step 17: size: 17, coverage: 38.25%, cost: 17.0
[2024-10-06 18:55:38,203][INFO] Step 18: size: 18, coverage: 40.50%, cost: 19.0
[2024-10-06 18:55:38,218][INFO] Step 19: size: 19, coverage: 42.75%, cost: 21.0
[2024-10-06 18:55:38,234][INFO] Step 20: size: 20, coverage: 43.75%, cost: 22.0
[2024-10-06 18:55:38,249][INFO] Step 21: size: 21, coverage: 44.75%, cost: 23.0
[2024-10-06 18:55:38,264][INFO] Step 22: size: 22, coverage: 45.75%, cost: 24.0
[2024-10-06 18:55:38,280][INFO] Step 23: size: 23, coverage: 47.75%, cost: 26.0
[2024-10-06 18:55:38,295][INFO] Step 24: size: 24, coverage: 49.50%, cost: 28.0
[2024-10-06 18:55:38,311][INFO] Step 25: size: 25, coverage: 51.25%, cost: 30.0
[2024-10-06 18:55:38,327][INFO] Step 26: size: 26, coverage: 52.00%, cost: 31.0
[2024-10-06 18:55:38,342][INFO] Step 27: size: 27, coverage: 52.75%, cost: 32.0
[2024-10-06 18:55:38,358][INFO] Step 28: size: 28, coverage: 54.25%, cost: 34.0
[2024-10-06 18:55:38,374][INFO] Step 29: size: 29, coverage: 55.75%, cost: 36.0
[2024-10-06 18:55:38,390][INFO] Step 30: size: 30, coverage: 58.00%, cost: 39.0
[2024-10-06 18:55:38,405][INFO] Step 31: size: 31, coverage: 59.25%, cost: 41.0
[2024-10-06 18:55:38,421][INFO] Step 32: size: 32, coverage: 61.00%, cost: 44.0
[2024-10-06 18:55:38,437][INFO] Step 33: size: 33, coverage: 61.50%, cost: 45.0
[2024-10-06 18:55:38,453][INFO] Step 34: size: 34, coverage: 62.00%, cost: 46.0
[2024-10-06 18:55:38,469][INFO] Step 35: size: 35, coverage: 62.50%, cost: 47.0
[2024-10-06 18:55:38,484][INFO] Step 36: size: 36, coverage: 63.50%, cost: 49.0
[2024-10-06 18:55:38,500][INFO] Step 37: size: 37, coverage: 64.50%, cost: 51.0
[2024-10-06 18:55:38,516][INFO] Step 38: size: 38, coverage: 65.50%, cost: 53.0
[2024-10-06 18:55:38,532][INFO] Step 39: size: 39, coverage: 66.50%, cost: 55.0
[2024-10-06 18:55:38,548][INFO] Step 40: size: 40, coverage: 67.50%, cost: 57.0
[2024-10-06 18:55:38,565][INFO] Step 41: size: 41, coverage: 68.50%, cost: 59.0
[2024-10-06 18:55:38,580][INFO] Step 42: size: 42, coverage: 69.50%, cost: 61.0
[2024-10-06 18:55:38,596][INFO] Step 43: size: 43, coverage: 71.00%, cost: 64.0
[2024-10-06 18:55:38,612][INFO] Step 44: size: 44, coverage: 72.25%, cost: 67.0
[2024-10-06 18:55:38,628][INFO] Step 45: size: 45, coverage: 73.00%, cost: 69.0
[2024-10-06 18:55:38,644][INFO] Step 46: size: 46, coverage: 73.75%, cost: 71.0
[2024-10-06 18:55:38,660][INFO] Step 47: size: 47, coverage: 74.50%, cost: 73.0
[2024-10-06 18:55:38,676][INFO] Step 48: size: 48, coverage: 75.25%, cost: 75.0
[2024-10-06 18:55:38,692][INFO] Step 49: size: 49, coverage: 77.00%, cost: 80.0
[2024-10-06 18:55:38,708][INFO] Step 50: size: 50, coverage: 78.00%, cost: 83.0
[2024-10-06 18:55:38,724][INFO] Step 51: size: 51, coverage: 79.25%, cost: 87.0
[2024-10-06 18:55:38,740][INFO] Step 52: size: 52, coverage: 79.50%, cost: 88.0
[2024-10-06 18:55:38,757][INFO] Step 53: size: 53, coverage: 80.00%, cost: 90.0
[2024-10-06 18:55:38,773][INFO] Step 54: size: 54, coverage: 80.50%, cost: 92.0
[2024-10-06 18:55:38,789][INFO] Step 55: size: 55, coverage: 81.00%, cost: 94.0
[2024-10-06 18:55:38,806][INFO] Step 56: size: 56, coverage: 81.50%, cost: 96.0
[2024-10-06 18:55:38,822][INFO] Step 57: size: 57, coverage: 82.00%, cost: 98.0
[2024-10-06 18:55:38,839][INFO] Step 58: size: 58, coverage: 82.50%, cost: 100.0
[2024-10-06 18:55:38,855][INFO] Step 59: size: 59, coverage: 83.25%, cost: 103.0
[2024-10-06 18:55:38,872][INFO] Step 60: size: 60, coverage: 84.00%, cost: 106.0
[2024-10-06 18:55:38,888][INFO] Step 61: size: 61, coverage: 85.00%, cost: 111.0
[2024-10-06 18:55:38,905][INFO] Step 62: size: 62, coverage: 85.75%, cost: 115.0
[2024-10-06 18:55:38,922][INFO] Step 63: size: 63, coverage: 86.50%, cost: 119.0
[2024-10-06 18:55:38,939][INFO] Step 64: size: 64, coverage: 87.25%, cost: 123.0
[2024-10-06 18:55:38,955][INFO] Step 65: size: 65, coverage: 88.00%, cost: 127.0
[2024-10-06 18:55:38,972][INFO] Step 66: size: 66, coverage: 88.50%, cost: 130.0
[2024-10-06 18:55:38,989][INFO] Step 67: size: 67, coverage: 89.00%, cost: 133.0
[2024-10-06 18:55:39,006][INFO] Step 68: size: 68, coverage: 89.50%, cost: 136.0
[2024-10-06 18:55:39,023][INFO] Step 69: size: 69, coverage: 90.00%, cost: 139.0
[2024-10-06 18:55:39,040][INFO] Step 70: size: 70, coverage: 90.75%, cost: 144.0
[2024-10-06 18:55:39,057][INFO] Step 71: size: 71, coverage: 91.75%, cost: 151.0
[2024-10-06 18:55:39,075][INFO] Step 72: size: 72, coverage: 92.00%, cost: 153.0
[2024-10-06 18:55:39,092][INFO] Step 73: size: 73, coverage: 92.25%, cost: 155.0
[2024-10-06 18:55:39,109][INFO] Step 74: size: 74, coverage: 92.50%, cost: 157.0
[2024-10-06 18:55:39,127][INFO] Step 75: size: 75, coverage: 92.75%, cost: 159.0
[2024-10-06 18:55:39,144][INFO] Step 76: size: 76, coverage: 93.25%, cost: 163.0
[2024-10-06 18:55:39,162][INFO] Step 77: size: 77, coverage: 94.00%, cost: 170.0
[2024-10-06 18:55:39,180][INFO] Step 78: size: 78, coverage: 94.50%, cost: 175.0
[2024-10-06 18:55:39,198][INFO] Step 79: size: 79, coverage: 95.00%, cost: 180.0
[2024-10-06 18:55:39,215][INFO] Step 80: size: 80, coverage: 95.25%, cost: 183.0
[2024-10-06 18:55:39,233][INFO] Step 81: size: 81, coverage: 95.50%, cost: 186.0
[2024-10-06 18:55:39,251][INFO] Step 82: size: 82, coverage: 96.25%, cost: 195.0
[2024-10-06 18:55:39,269][INFO] Step 83: size: 83, coverage: 96.75%, cost: 202.0
[2024-10-06 18:55:39,287][INFO] Step 84: size: 84, coverage: 97.00%, cost: 206.0
[2024-10-06 18:55:39,305][INFO] Step 85: size: 85, coverage: 97.25%, cost: 210.0
[2024-10-06 18:55:39,324][INFO] Step 86: size: 86, coverage: 97.50%, cost: 214.0
[2024-10-06 18:55:39,342][INFO] Step 87: size: 87, coverage: 97.75%, cost: 218.0
[2024-10-06 18:55:39,360][INFO] Step 88: size: 88, coverage: 98.00%, cost: 222.0
[2024-10-06 18:55:39,379][INFO] Step 89: size: 89, coverage: 98.25%, cost: 226.0
[2024-10-06 18:55:39,397][INFO] Step 90: size: 90, coverage: 98.50%, cost: 231.0
[2024-10-06 18:55:39,416][INFO] Step 91: size: 91, coverage: 98.75%, cost: 236.0
[2024-10-06 18:55:39,434][INFO] Step 92: size: 92, coverage: 99.00%, cost: 241.0
[2024-10-06 18:55:39,453][INFO] Step 93: size: 93, coverage: 99.25%, cost: 246.0
[2024-10-06 18:55:39,471][INFO] Step 94: size: 94, coverage: 99.50%, cost: 253.0
[2024-10-06 18:55:39,490][INFO] Step 95: size: 95, coverage: 99.75%, cost: 262.0
[2024-10-06 18:55:39,509][INFO] Step 96: size: 96, coverage: 100.00%, cost: 276.0
[2024-10-06 18:55:39,513][INFO] Size: 96 -> 91
[2024-10-06 18:55:39,513][INFO] Cost: 276.0 -> 268.0
[2024-10-06 19:03:41,186][INFO] Step 1: size: 1, coverage: 4.25%, cost: 1.0
[2024-10-06 19:03:41,202][INFO] Step 2: size: 2, coverage: 7.50%, cost: 2.0
[2024-10-06 19:03:41,218][INFO] Step 3: size: 3, coverage: 10.50%, cost: 3.0
[2024-10-06 19:03:41,234][INFO] Step 4: size: 4, coverage: 13.25%, cost: 4.0
[2024-10-06 19:03:41,249][INFO] Step 5: size: 5, coverage: 15.75%, cost: 5.0
[2024-10-06 19:03:41,265][INFO] Step 6: size: 6, coverage: 18.25%, cost: 6.0
[2024-10-06 19:03:41,280][INFO] Step 7: size: 7, coverage: 20.50%, cost: 7.0
[2024-10-06 19:03:41,296][INFO] Step 8: size: 8, coverage: 22.75%, cost: 8.0
[2024-10-06 19:03:41,311][INFO] Step 9: size: 9, coverage: 25.00%, cost: 9.0
[2024-10-06 19:03:41,327][INFO] Step 10: size: 10, coverage: 27.00%, cost: 10.0
[2024-10-06 19:03:41,343][INFO] Step 11: size: 11, coverage: 29.00%, cost: 11.0
[2024-10-06 19:03:41,358][INFO] Step 12: size: 12, coverage: 30.75%, cost: 12.0
[2024-10-06 19:03:41,374][INFO] Step 13: size: 13, coverage: 32.50%, cost: 13.0
[2024-10-06 19:03:41,390][INFO] Step 14: size: 14, coverage: 34.00%, cost: 14.0
[2024-10-06 19:03:41,406][INFO] Step 15: size: 15, coverage: 35.50%, cost: 15.0
[2024-10-06 19:03:41,421][INFO] Step 16: size: 16, coverage: 37.00%, cost: 16.0
[2024-10-06 19:03:41,437][INFO] Step 17: size: 17, coverage: 38.25%, cost: 17.0
[2024-10-06 19:03:41,453][INFO] Step 18: size: 18, coverage: 40.50%, cost: 19.0
[2024-10-06 19:03:41,468][INFO] Step 19: size: 19, coverage: 42.75%, cost: 21.0
[2024-10-06 19:03:41,484][INFO] Step 20: size: 20, coverage: 43.75%, cost: 22.0
[2024-10-06 19:03:41,500][INFO] Step 21: size: 21, coverage: 44.75%, cost: 23.0
[2024-10-06 19:03:41,516][INFO] Step 22: size: 22, coverage: 45.75%, cost: 24.0
[2024-10-06 19:03:41,532][INFO] Step 23: size: 23, coverage: 47.75%, cost: 26.0
[2024-10-06 19:03:41,548][INFO] Step 24: size: 24, coverage: 49.50%, cost: 28.0
[2024-10-06 19:03:41,564][INFO] Step 25: size: 25, coverage: 51.25%, cost: 30.0
[2024-10-06 19:03:41,580][INFO] Step 26: size: 26, coverage: 52.00%, cost: 31.0
[2024-10-06 19:03:41,596][INFO] Step 27: size: 27, coverage: 52.75%, cost: 32.0
[2024-10-06 19:03:41,612][INFO] Step 28: size: 28, coverage: 54.25%, cost: 34.0
[2024-10-06 19:03:41,628][INFO] Step 29: size: 29, coverage: 55.75%, cost: 36.0
[2024-10-06 19:03:41,644][INFO] Step 30: size: 30, coverage: 58.00%, cost: 39.0
[2024-10-06 19:03:41,660][INFO] Step 31: size: 31, coverage: 59.25%, cost: 41.0
[2024-10-06 19:03:41,676][INFO] Step 32: size: 32, coverage: 61.00%, cost: 44.0
[2024-10-06 19:03:41,692][INFO] Step 33: size: 33, coverage: 61.50%, cost: 45.0
[2024-10-06 19:03:41,708][INFO] Step 34: size: 34, coverage: 62.00%, cost: 46.0
[2024-10-06 19:03:41,724][INFO] Step 35: size: 35, coverage: 62.50%, cost: 47.0
[2024-10-06 19:03:41,740][INFO] Step 36: size: 36, coverage: 63.50%, cost: 49.0
[2024-10-06 19:03:41,756][INFO] Step 37: size: 37, coverage: 64.50%, cost: 51.0
[2024-10-06 19:03:41,772][INFO] Step 38: size: 38, coverage: 65.50%, cost: 53.0
[2024-10-06 19:03:41,789][INFO] Step 39: size: 39, coverage: 66.50%, cost: 55.0
[2024-10-06 19:03:41,805][INFO] Step 40: size: 40, coverage: 67.50%, cost: 57.0
[2024-10-06 19:03:41,821][INFO] Step 41: size: 41, coverage: 68.50%, cost: 59.0
[2024-10-06 19:03:41,837][INFO] Step 42: size: 42, coverage: 69.50%, cost: 61.0
[2024-10-06 19:03:41,853][INFO] Step 43: size: 43, coverage: 71.00%, cost: 64.0
[2024-10-06 19:03:41,870][INFO] Step 44: size: 44, coverage: 72.25%, cost: 67.0
[2024-10-06 19:03:41,886][INFO] Step 45: size: 45, coverage: 73.00%, cost: 69.0
[2024-10-06 19:03:41,902][INFO] Step 46: size: 46, coverage: 73.75%, cost: 71.0
[2024-10-06 19:03:41,918][INFO] Step 47: size: 47, coverage: 74.50%, cost: 73.0
[2024-10-06 19:03:41,934][INFO] Step 48: size: 48, coverage: 75.25%, cost: 75.0
[2024-10-06 19:03:41,951][INFO] Step 49: size: 49, coverage: 77.00%, cost: 80.0
[2024-10-06 19:03:41,967][INFO] Step 50: size: 50, coverage: 78.00%, cost: 83.0
[2024-10-06 19:03:41,983][INFO] Step 51: size: 51, coverage: 79.25%, cost: 87.0
[2024-10-06 19:03:42,000][INFO] Step 52: size: 52, coverage: 79.50%, cost: 88.0
[2024-10-06 19:03:42,016][INFO] Step 53: size: 53, coverage: 80.00%, cost: 90.0
[2024-10-06 19:03:42,033][INFO] Step 54: size: 54, coverage: 80.50%, cost: 92.0
[2024-10-06 19:03:42,049][INFO] Step 55: size: 55, coverage: 81.00%, cost: 94.0
[2024-10-06 19:03:42,066][INFO] Step 56: size: 56, coverage: 81.50%, cost: 96.0
[2024-10-06 19:03:42,083][INFO] Step 57: size: 57, coverage: 82.00%, cost: 98.0
[2024-10-06 19:03:42,100][INFO] Step 58: size: 58, coverage: 82.50%, cost: 100.0
[2024-10-06 19:03:42,117][INFO] Step 59: size: 59, coverage: 83.25%, cost: 103.0
[2024-10-06 19:03:42,133][INFO] Step 60: size: 60, coverage: 84.00%, cost: 106.0
[2024-10-06 19:03:42,151][INFO] Step 61: size: 61, coverage: 85.00%, cost: 111.0
[2024-10-06 19:03:42,168][INFO] Step 62: size: 62, coverage: 85.75%, cost: 115.0
[2024-10-06 19:03:42,185][INFO] Step 63: size: 63, coverage: 86.50%, cost: 119.0
[2024-10-06 19:03:42,202][INFO] Step 64: size: 64, coverage: 87.25%, cost: 123.0
[2024-10-06 19:03:42,219][INFO] Step 65: size: 65, coverage: 88.00%, cost: 127.0
[2024-10-06 19:03:42,236][INFO] Step 66: size: 66, coverage: 88.50%, cost: 130.0
[2024-10-06 19:03:42,253][INFO] Step 67: size: 67, coverage: 89.00%, cost: 133.0
[2024-10-06 19:03:42,271][INFO] Step 68: size: 68, coverage: 89.50%, cost: 136.0
[2024-10-06 19:03:42,288][INFO] Step 69: size: 69, coverage: 90.00%, cost: 139.0
[2024-10-06 19:03:42,306][INFO] Step 70: size: 70, coverage: 90.75%, cost: 144.0
[2024-10-06 19:03:42,323][INFO] Step 71: size: 71, coverage: 91.75%, cost: 151.0
[2024-10-06 19:03:42,341][INFO] Step 72: size: 72, coverage: 92.00%, cost: 153.0
[2024-10-06 19:03:42,358][INFO] Step 73: size: 73, coverage: 92.25%, cost: 155.0
[2024-10-06 19:03:42,376][INFO] Step 74: size: 74, coverage: 92.50%, cost: 157.0
[2024-10-06 19:03:42,394][INFO] Step 75: size: 75, coverage: 92.75%, cost: 159.0
[2024-10-06 19:03:42,411][INFO] Step 76: size: 76, coverage: 93.25%, cost: 163.0
[2024-10-06 19:03:42,429][INFO] Step 77: size: 77, coverage: 94.00%, cost: 170.0
[2024-10-06 19:03:42,447][INFO] Step 78: size: 78, coverage: 94.50%, cost: 175.0
[2024-10-06 19:03:42,465][INFO] Step 79: size: 79, coverage: 95.00%, cost: 180.0
[2024-10-06 19:03:42,483][INFO] Step 80: size: 80, coverage: 95.25%, cost: 183.0
[2024-10-06 19:03:42,501][INFO] Step 81: size: 81, coverage: 95.50%, cost: 186.0
[2024-10-06 19:03:42,520][INFO] Step 82: size: 82, coverage: 96.25%, cost: 195.0
[2024-10-06 19:03:42,538][INFO] Step 83: size: 83, coverage: 96.75%, cost: 202.0
[2024-10-06 19:03:42,556][INFO] Step 84: size: 84, coverage: 97.00%, cost: 206.0
[2024-10-06 19:03:42,575][INFO] Step 85: size: 85, coverage: 97.25%, cost: 210.0
[2024-10-06 19:03:42,593][INFO] Step 86: size: 86, coverage: 97.50%, cost: 214.0
[2024-10-06 19:03:42,612][INFO] Step 87: size: 87, coverage: 97.75%, cost: 218.0
[2024-10-06 19:03:42,630][INFO] Step 88: size: 88, coverage: 98.00%, cost: 222.0
[2024-10-06 19:03:42,649][INFO] Step 89: size: 89, coverage: 98.25%, cost: 226.0
[2024-10-06 19:03:42,668][INFO] Step 90: size: 90, coverage: 98.50%, cost: 231.0
[2024-10-06 19:03:42,686][INFO] Step 91: size: 91, coverage: 98.75%, cost: 236.0
[2024-10-06 19:03:42,705][INFO] Step 92: size: 92, coverage: 99.00%, cost: 241.0
[2024-10-06 19:03:42,724][INFO] Step 93: size: 93, coverage: 99.25%, cost: 246.0
[2024-10-06 19:03:42,743][INFO] Step 94: size: 94, coverage: 99.50%, cost: 253.0
[2024-10-06 19:03:42,762][INFO] Step 95: size: 95, coverage: 99.75%, cost: 262.0
[2024-10-06 19:03:42,781][INFO] Step 96: size: 96, coverage: 100.00%, cost: 276.0
[2024-10-06 19:03:42,785][INFO] Size: 96 -> 91
[2024-10-06 19:03:42,785][INFO] Cost: 276.0 -> 268.0
[2024-10-06 22:18:18,251][INFO] Step 1: size: 1, coverage: 4.25%, cost: 1.0
[2024-10-06 22:18:18,267][INFO] Step 2: size: 2, coverage: 7.50%, cost: 2.0
[2024-10-06 22:18:18,283][INFO] Step 3: size: 3, coverage: 10.50%, cost: 3.0
[2024-10-06 22:18:18,298][INFO] Step 4: size: 4, coverage: 13.25%, cost: 4.0
[2024-10-06 22:18:18,313][INFO] Step 5: size: 5, coverage: 15.75%, cost: 5.0
[2024-10-06 22:18:18,329][INFO] Step 6: size: 6, coverage: 18.25%, cost: 6.0
[2024-10-06 22:18:18,344][INFO] Step 7: size: 7, coverage: 20.50%, cost: 7.0
[2024-10-06 22:18:18,359][INFO] Step 8: size: 8, coverage: 22.75%, cost: 8.0
[2024-10-06 22:18:18,375][INFO] Step 9: size: 9, coverage: 25.00%, cost: 9.0
[2024-10-06 22:18:18,390][INFO] Step 10: size: 10, coverage: 27.00%, cost: 10.0
[2024-10-06 22:18:18,406][INFO] Step 11: size: 11, coverage: 29.00%, cost: 11.0
[2024-10-06 22:18:18,421][INFO] Step 12: size: 12, coverage: 30.75%, cost: 12.0
[2024-10-06 22:18:18,437][INFO] Step 13: size: 13, coverage: 32.50%, cost: 13.0
[2024-10-06 22:18:18,452][INFO] Step 14: size: 14, coverage: 34.00%, cost: 14.0
[2024-10-06 22:18:18,468][INFO] Step 15: size: 15, coverage: 35.50%, cost: 15.0
[2024-10-06 22:18:18,483][INFO] Step 16: size: 16, coverage: 37.00%, cost: 16.0
[2024-10-06 22:18:18,499][INFO] Step 17: size: 17, coverage: 38.25%, cost: 17.0
[2024-10-06 22:18:18,514][INFO] Step 18: size: 18, coverage: 40.50%, cost: 19.0
[2024-10-06 22:18:18,530][INFO] Step 19: size: 19, coverage: 42.75%, cost: 21.0
[2024-10-06 22:18:18,545][INFO] Step 20: size: 20, coverage: 43.75%, cost: 22.0
[2024-10-06 22:18:18,561][INFO] Step 21: size: 21, coverage: 44.75%, cost: 23.0
[2024-10-06 22:18:18,576][INFO] Step 22: size: 22, coverage: 45.75%, cost: 24.0
[2024-10-06 22:18:18,592][INFO] Step 23: size: 23, coverage: 47.75%, cost: 26.0
[2024-10-06 22:18:18,608][INFO] Step 24: size: 24, coverage: 49.50%, cost: 28.0
[2024-10-06 22:18:18,624][INFO] Step 25: size: 25, coverage: 51.25%, cost: 30.0
[2024-10-06 22:18:18,639][INFO] Step 26: size: 26, coverage: 52.00%, cost: 31.0
[2024-10-06 22:18:18,655][INFO] Step 27: size: 27, coverage: 52.75%, cost: 32.0
[2024-10-06 22:18:18,671][INFO] Step 28: size: 28, coverage: 54.25%, cost: 34.0
[2024-10-06 22:18:18,687][INFO] Step 29: size: 29, coverage: 55.75%, cost: 36.0
[2024-10-06 22:18:18,703][INFO] Step 30: size: 30, coverage: 58.00%, cost: 39.0
[2024-10-06 22:18:18,719][INFO] Step 31: size: 31, coverage: 59.25%, cost: 41.0
[2024-10-06 22:18:18,735][INFO] Step 32: size: 32, coverage: 61.00%, cost: 44.0
[2024-10-06 22:18:18,751][INFO] Step 33: size: 33, coverage: 61.50%, cost: 45.0
[2024-10-06 22:18:18,767][INFO] Step 34: size: 34, coverage: 62.00%, cost: 46.0
[2024-10-06 22:18:18,783][INFO] Step 35: size: 35, coverage: 62.50%, cost: 47.0
[2024-10-06 22:18:18,799][INFO] Step 36: size: 36, coverage: 63.50%, cost: 49.0
[2024-10-06 22:18:18,815][INFO] Step 37: size: 37, coverage: 64.50%, cost: 51.0
[2024-10-06 22:18:18,831][INFO] Step 38: size: 38, coverage: 65.50%, cost: 53.0
[2024-10-06 22:18:18,848][INFO] Step 39: size: 39, coverage: 66.50%, cost: 55.0
[2024-10-06 22:18:18,864][INFO] Step 40: size: 40, coverage: 67.50%, cost: 57.0
[2024-10-06 22:18:18,880][INFO] Step 41: size: 41, coverage: 68.50%, cost: 59.0
[2024-10-06 22:18:18,896][INFO] Step 42: size: 42, coverage: 69.50%, cost: 61.0
[2024-10-06 22:18:18,912][INFO] Step 43: size: 43, coverage: 71.00%, cost: 64.0
[2024-10-06 22:18:18,928][INFO] Step 44: size: 44, coverage: 72.25%, cost: 67.0
[2024-10-06 22:18:18,944][INFO] Step 45: size: 45, coverage: 73.00%, cost: 69.0
[2024-10-06 22:18:18,960][INFO] Step 46: size: 46, coverage: 73.75%, cost: 71.0
[2024-10-06 22:18:18,977][INFO] Step 47: size: 47, coverage: 74.50%, cost: 73.0
[2024-10-06 22:18:18,993][INFO] Step 48: size: 48, coverage: 75.25%, cost: 75.0
[2024-10-06 22:18:19,009][INFO] Step 49: size: 49, coverage: 77.00%, cost: 80.0
[2024-10-06 22:18:19,025][INFO] Step 50: size: 50, coverage: 78.00%, cost: 83.0
[2024-10-06 22:18:19,042][INFO] Step 51: size: 51, coverage: 79.25%, cost: 87.0
[2024-10-06 22:18:19,058][INFO] Step 52: size: 52, coverage: 79.50%, cost: 88.0
[2024-10-06 22:18:19,074][INFO] Step 53: size: 53, coverage: 80.00%, cost: 90.0
[2024-10-06 22:18:19,091][INFO] Step 54: size: 54, coverage: 80.50%, cost: 92.0
[2024-10-06 22:18:19,107][INFO] Step 55: size: 55, coverage: 81.00%, cost: 94.0
[2024-10-06 22:18:19,124][INFO] Step 56: size: 56, coverage: 81.50%, cost: 96.0
[2024-10-06 22:18:19,141][INFO] Step 57: size: 57, coverage: 82.00%, cost: 98.0
[2024-10-06 22:18:19,158][INFO] Step 58: size: 58, coverage: 82.50%, cost: 100.0
[2024-10-06 22:18:19,174][INFO] Step 59: size: 59, coverage: 83.25%, cost: 103.0
[2024-10-06 22:18:19,191][INFO] Step 60: size: 60, coverage: 84.00%, cost: 106.0
[2024-10-06 22:18:19,208][INFO] Step 61: size: 61, coverage: 85.00%, cost: 111.0
[2024-10-06 22:18:19,225][INFO] Step 62: size: 62, coverage: 85.75%, cost: 115.0
[2024-10-06 22:18:19,242][INFO] Step 63: size: 63, coverage: 86.50%, cost: 119.0
[2024-10-06 22:18:19,259][INFO] Step 64: size: 64, coverage: 87.25%, cost: 123.0
[2024-10-06 22:18:19,276][INFO] Step 65: size: 65, coverage: 88.00%, cost: 127.0
[2024-10-06 22:18:19,293][INFO] Step 66: size: 66, coverage: 88.50%, cost: 130.0
[2024-10-06 22:18:19,310][INFO] Step 67: size: 67, coverage: 89.00%, cost: 133.0
[2024-10-06 22:18:19,328][INFO] Step 68: size: 68, coverage: 89.50%, cost: 136.0
[2024-10-06 22:18:19,345][INFO] Step 69: size: 69, coverage: 90.00%, cost: 139.0
[2024-10-06 22:18:19,362][INFO] Step 70: size: 70, coverage: 90.75%, cost: 144.0
[2024-10-06 22:18:19,380][INFO] Step 71: size: 71, coverage: 91.75%, cost: 151.0
[2024-10-06 22:18:19,397][INFO] Step 72: size: 72, coverage: 92.00%, cost: 153.0
[2024-10-06 22:18:19,415][INFO] Step 73: size: 73, coverage: 92.25%, cost: 155.0
[2024-10-06 22:18:19,432][INFO] Step 74: size: 74, coverage: 92.50%, cost: 157.0
[2024-10-06 22:18:19,450][INFO] Step 75: size: 75, coverage: 92.75%, cost: 159.0
[2024-10-06 22:18:19,468][INFO] Step 76: size: 76, coverage: 93.25%, cost: 163.0
[2024-10-06 22:18:19,486][INFO] Step 77: size: 77, coverage: 94.00%, cost: 170.0
[2024-10-06 22:18:19,503][INFO] Step 78: size: 78, coverage: 94.50%, cost: 175.0
[2024-10-06 22:18:19,521][INFO] Step 79: size: 79, coverage: 95.00%, cost: 180.0
[2024-10-06 22:18:19,539][INFO] Step 80: size: 80, coverage: 95.25%, cost: 183.0
[2024-10-06 22:18:19,557][INFO] Step 81: size: 81, coverage: 95.50%, cost: 186.0
[2024-10-06 22:18:19,575][INFO] Step 82: size: 82, coverage: 96.25%, cost: 195.0
[2024-10-06 22:18:19,593][INFO] Step 83: size: 83, coverage: 96.75%, cost: 202.0
[2024-10-06 22:18:19,612][INFO] Step 84: size: 84, coverage: 97.00%, cost: 206.0
[2024-10-06 22:18:19,630][INFO] Step 85: size: 85, coverage: 97.25%, cost: 210.0
[2024-10-06 22:18:19,649][INFO] Step 86: size: 86, coverage: 97.50%, cost: 214.0
[2024-10-06 22:18:19,667][INFO] Step 87: size: 87, coverage: 97.75%, cost: 218.0
[2024-10-06 22:18:19,686][INFO] Step 88: size: 88, coverage: 98.00%, cost: 222.0
[2024-10-06 22:18:19,704][INFO] Step 89: size: 89, coverage: 98.25%, cost: 226.0
[2024-10-06 22:18:19,723][INFO] Step 90: size: 90, coverage: 98.50%, cost: 231.0
[2024-10-06 22:18:19,742][INFO] Step 91: size: 91, coverage: 98.75%, cost: 236.0
[2024-10-06 22:18:19,761][INFO] Step 92: size: 92, coverage: 99.00%, cost: 241.0
[2024-10-06 22:18:19,780][INFO] Step 93: size: 93, coverage: 99.25%, cost: 246.0
[2024-10-06 22:18:19,799][INFO] Step 94: size: 94, coverage: 99.50%, cost: 253.0
[2024-10-06 22:18:19,818][INFO] Step 95: size: 95, coverage: 99.75%, cost: 262.0
[2024-10-06 22:18:19,837][INFO] Step 96: size: 96, coverage: 100.00%, cost: 276.0
[2024-10-06 22:18:19,841][INFO] Size: 96 -> 91
[2024-10-06 22:18:19,841][INFO] Cost: 276.0 -> 268.0
[2024-10-06 22:21:20,138][INFO] Step 1: size: 1, coverage: 4.25%, cost: 1.0
[2024-10-06 22:21:20,153][INFO] Step 2: size: 2, coverage: 7.50%, cost: 2.0
[2024-10-06 22:21:20,170][INFO] Step 3: size: 3, coverage: 10.50%, cost: 3.0
[2024-10-06 22:21:20,186][INFO] Step 4: size: 4, coverage: 13.25%, cost: 4.0
[2024-10-06 22:21:20,200][INFO] Step 5: size: 5, coverage: 15.75%, cost: 5.0
[2024-10-06 22:21:20,215][INFO] Step 6: size: 6, coverage: 18.25%, cost: 6.0
[2024-10-06 22:21:20,231][INFO] Step 7: size: 7, coverage: 20.50%, cost: 7.0
[2024-10-06 22:21:20,247][INFO] Step 8: size: 8, coverage: 22.75%, cost: 8.0
[2024-10-06 22:21:20,263][INFO] Step 9: size: 9, coverage: 25.00%, cost: 9.0
[2024-10-06 22:21:20,279][INFO] Step 10: size: 10, coverage: 27.00%, cost: 10.0
[2024-10-06 22:21:20,294][INFO] Step 11: size: 11, coverage: 29.00%, cost: 11.0
[2024-10-06 22:21:20,310][INFO] Step 12: size: 12, coverage: 30.75%, cost: 12.0
[2024-10-06 22:21:20,326][INFO] Step 13: size: 13, coverage: 32.50%, cost: 13.0
[2024-10-06 22:21:20,341][INFO] Step 14: size: 14, coverage: 34.00%, cost: 14.0
[2024-10-06 22:21:20,357][INFO] Step 15: size: 15, coverage: 35.50%, cost: 15.0
[2024-10-06 22:21:20,373][INFO] Step 16: size: 16, coverage: 37.00%, cost: 16.0
[2024-10-06 22:21:20,389][INFO] Step 17: size: 17, coverage: 38.25%, cost: 17.0
[2024-10-06 22:21:20,405][INFO] Step 18: size: 18, coverage: 40.50%, cost: 19.0
[2024-10-06 22:21:20,421][INFO] Step 19: size: 19, coverage: 42.75%, cost: 21.0
[2024-10-06 22:21:20,437][INFO] Step 20: size: 20, coverage: 43.75%, cost: 22.0
[2024-10-06 22:21:20,452][INFO] Step 21: size: 21, coverage: 44.75%, cost: 23.0
[2024-10-06 22:21:20,468][INFO] Step 22: size: 22, coverage: 45.75%, cost: 24.0
[2024-10-06 22:21:20,484][INFO] Step 23: size: 23, coverage: 47.75%, cost: 26.0
[2024-10-06 22:21:20,500][INFO] Step 24: size: 24, coverage: 49.50%, cost: 28.0
[2024-10-06 22:21:20,516][INFO] Step 25: size: 25, coverage: 51.25%, cost: 30.0
[2024-10-06 22:21:20,533][INFO] Step 26: size: 26, coverage: 52.00%, cost: 31.0
[2024-10-06 22:21:20,549][INFO] Step 27: size: 27, coverage: 52.75%, cost: 32.0
[2024-10-06 22:21:20,565][INFO] Step 28: size: 28, coverage: 54.25%, cost: 34.0
[2024-10-06 22:21:20,581][INFO] Step 29: size: 29, coverage: 55.75%, cost: 36.0
[2024-10-06 22:21:20,597][INFO] Step 30: size: 30, coverage: 58.00%, cost: 39.0
[2024-10-06 22:21:20,613][INFO] Step 31: size: 31, coverage: 59.25%, cost: 41.0
[2024-10-06 22:21:20,630][INFO] Step 32: size: 32, coverage: 61.00%, cost: 44.0
[2024-10-06 22:21:20,646][INFO] Step 33: size: 33, coverage: 61.50%, cost: 45.0
[2024-10-06 22:21:20,662][INFO] Step 34: size: 34, coverage: 62.00%, cost: 46.0
[2024-10-06 22:21:20,678][INFO] Step 35: size: 35, coverage: 62.50%, cost: 47.0
[2024-10-06 22:21:20,695][INFO] Step 36: size: 36, coverage: 63.50%, cost: 49.0
[2024-10-06 22:21:20,711][INFO] Step 37: size: 37, coverage: 64.50%, cost: 51.0
[2024-10-06 22:21:20,727][INFO] Step 38: size: 38, coverage: 65.50%, cost: 53.0
[2024-10-06 22:21:20,744][INFO] Step 39: size: 39, coverage: 66.50%, cost: 55.0
[2024-10-06 22:21:20,760][INFO] Step 40: size: 40, coverage: 67.50%, cost: 57.0
[2024-10-06 22:21:20,777][INFO] Step 41: size: 41, coverage: 68.50%, cost: 59.0
[2024-10-06 22:21:20,793][INFO] Step 42: size: 42, coverage: 69.50%, cost: 61.0
[2024-10-06 22:21:20,809][INFO] Step 43: size: 43, coverage: 71.00%, cost: 64.0
[2024-10-06 22:21:20,826][INFO] Step 44: size: 44, coverage: 72.25%, cost: 67.0
[2024-10-06 22:21:20,842][INFO] Step 45: size: 45, coverage: 73.00%, cost: 69.0
[2024-10-06 22:21:20,858][INFO] Step 46: size: 46, coverage: 73.75%, cost: 71.0
[2024-10-06 22:21:20,875][INFO] Step 47: size: 47, coverage: 74.50%, cost: 73.0
[2024-10-06 22:21:20,891][INFO] Step 48: size: 48, coverage: 75.25%, cost: 75.0
[2024-10-06 22:21:20,908][INFO] Step 49: size: 49, coverage: 77.00%, cost: 80.0
[2024-10-06 22:21:20,924][INFO] Step 50: size: 50, coverage: 78.00%, cost: 83.0
[2024-10-06 22:21:20,941][INFO] Step 51: size: 51, coverage: 79.25%, cost: 87.0
[2024-10-06 22:21:20,958][INFO] Step 52: size: 52, coverage: 79.50%, cost: 88.0
[2024-10-06 22:21:20,974][INFO] Step 53: size: 53, coverage: 80.00%, cost: 90.0
[2024-10-06 22:21:20,991][INFO] Step 54: size: 54, coverage: 80.50%, cost: 92.0
[2024-10-06 22:21:21,008][INFO] Step 55: size: 55, coverage: 81.00%, cost: 94.0
[2024-10-06 22:21:21,025][INFO] Step 56: size: 56, coverage: 81.50%, cost: 96.0
[2024-10-06 22:21:21,042][INFO] Step 57: size: 57, coverage: 82.00%, cost: 98.0
[2024-10-06 22:21:21,059][INFO] Step 58: size: 58, coverage: 82.50%, cost: 100.0
[2024-10-06 22:21:21,076][INFO] Step 59: size: 59, coverage: 83.25%, cost: 103.0
[2024-10-06 22:21:21,093][INFO] Step 60: size: 60, coverage: 84.00%, cost: 106.0
[2024-10-06 22:21:21,110][INFO] Step 61: size: 61, coverage: 85.00%, cost: 111.0
[2024-10-06 22:21:21,127][INFO] Step 62: size: 62, coverage: 85.75%, cost: 115.0
[2024-10-06 22:21:21,144][INFO] Step 63: size: 63, coverage: 86.50%, cost: 119.0
[2024-10-06 22:21:21,162][INFO] Step 64: size: 64, coverage: 87.25%, cost: 123.0
[2024-10-06 22:21:21,179][INFO] Step 65: size: 65, coverage: 88.00%, cost: 127.0
[2024-10-06 22:21:21,196][INFO] Step 66: size: 66, coverage: 88.50%, cost: 130.0
[2024-10-06 22:21:21,214][INFO] Step 67: size: 67, coverage: 89.00%, cost: 133.0
[2024-10-06 22:21:21,231][INFO] Step 68: size: 68, coverage: 89.50%, cost: 136.0
[2024-10-06 22:21:21,249][INFO] Step 69: size: 69, coverage: 90.00%, cost: 139.0
[2024-10-06 22:21:21,266][INFO] Step 70: size: 70, coverage: 90.75%, cost: 144.0
[2024-10-06 22:21:21,284][INFO] Step 71: size: 71, coverage: 91.75%, cost: 151.0
[2024-10-06 22:21:21,302][INFO] Step 72: size: 72, coverage: 92.00%, cost: 153.0
[2024-10-06 22:21:21,319][INFO] Step 73: size: 73, coverage: 92.25%, cost: 155.0
[2024-10-06 22:21:21,337][INFO] Step 74: size: 74, coverage: 92.50%, cost: 157.0
[2024-10-06 22:21:21,355][INFO] Step 75: size: 75, coverage: 92.75%, cost: 159.0
[2024-10-06 22:21:21,373][INFO] Step 76: size: 76, coverage: 93.25%, cost: 163.0
[2024-10-06 22:21:21,391][INFO] Step 77: size: 77, coverage: 94.00%, cost: 170.0
[2024-10-06 22:21:21,409][INFO] Step 78: size: 78, coverage: 94.50%, cost: 175.0
[2024-10-06 22:21:21,427][INFO] Step 79: size: 79, coverage: 95.00%, cost: 180.0
[2024-10-06 22:21:21,445][INFO] Step 80: size: 80, coverage: 95.25%, cost: 183.0
[2024-10-06 22:21:21,464][INFO] Step 81: size: 81, coverage: 95.50%, cost: 186.0
[2024-10-06 22:21:21,482][INFO] Step 82: size: 82, coverage: 96.25%, cost: 195.0
[2024-10-06 22:21:21,500][INFO] Step 83: size: 83, coverage: 96.75%, cost: 202.0
[2024-10-06 22:21:21,519][INFO] Step 84: size: 84, coverage: 97.00%, cost: 206.0
[2024-10-06 22:21:21,538][INFO] Step 85: size: 85, coverage: 97.25%, cost: 210.0
[2024-10-06 22:21:21,556][INFO] Step 86: size: 86, coverage: 97.50%, cost: 214.0
[2024-10-06 22:21:21,575][INFO] Step 87: size: 87, coverage: 97.75%, cost: 218.0
[2024-10-06 22:21:21,594][INFO] Step 88: size: 88, coverage: 98.00%, cost: 222.0
[2024-10-06 22:21:21,613][INFO] Step 89: size: 89, coverage: 98.25%, cost: 226.0
[2024-10-06 22:21:21,632][INFO] Step 90: size: 90, coverage: 98.50%, cost: 231.0
[2024-10-06 22:21:21,652][INFO] Step 91: size: 91, coverage: 98.75%, cost: 236.0
[2024-10-06 22:21:21,671][INFO] Step 92: size: 92, coverage: 99.00%, cost: 241.0
[2024-10-06 22:21:21,691][INFO] Step 93: size: 93, coverage: 99.25%, cost: 246.0
[2024-10-06 22:21:21,710][INFO] Step 94: size: 94, coverage: 99.50%, cost: 253.0
[2024-10-06 22:21:21,729][INFO] Step 95: size: 95, coverage: 99.75%, cost: 262.0
[2024-10-06 22:21:21,748][INFO] Step 96: size: 96, coverage: 100.00%, cost: 276.0
[2024-10-06 22:21:21,752][INFO] Size: 96 -> 91
[2024-10-06 22:21:21,752][INFO] Cost: 276.0 -> 268.0
