[2024-10-06 17:31:00,740][INFO] Step 1: size: 1, coverage: 3.25%, cost: 1.0
[2024-10-06 17:31:00,755][INFO] Step 2: size: 2, coverage: 6.25%, cost: 2.0
[2024-10-06 17:31:00,771][INFO] Step 3: size: 3, coverage: 8.75%, cost: 3.0
[2024-10-06 17:31:00,786][INFO] Step 4: size: 4, coverage: 11.25%, cost: 4.0
[2024-10-06 17:31:00,802][INFO] Step 5: size: 5, coverage: 13.75%, cost: 5.0
[2024-10-06 17:31:00,817][INFO] Step 6: size: 6, coverage: 16.25%, cost: 6.0
[2024-10-06 17:31:00,833][INFO] Step 7: size: 7, coverage: 18.50%, cost: 7.0
[2024-10-06 17:31:00,848][INFO] Step 8: size: 8, coverage: 20.75%, cost: 8.0
[2024-10-06 17:31:00,863][INFO] Step 9: size: 9, coverage: 23.00%, cost: 9.0
[2024-10-06 17:31:00,879][INFO] Step 10: size: 10, coverage: 25.00%, cost: 10.0
[2024-10-06 17:31:00,894][INFO] Step 11: size: 11, coverage: 27.00%, cost: 11.0
[2024-10-06 17:31:00,909][INFO] Step 12: size: 12, coverage: 28.75%, cost: 12.0
[2024-10-06 17:31:00,925][INFO] Step 13: size: 13, coverage: 30.50%, cost: 13.0
[2024-10-06 17:31:00,941][INFO] Step 14: size: 14, coverage: 32.25%, cost: 14.0
[2024-10-06 17:31:00,956][INFO] Step 15: size: 15, coverage: 33.75%, cost: 15.0
[2024-10-06 17:31:00,972][INFO] Step 16: size: 16, coverage: 35.25%, cost: 16.0
[2024-10-06 17:31:00,988][INFO] Step 17: size: 17, coverage: 36.75%, cost: 17.0
[2024-10-06 17:31:01,003][INFO] Step 18: size: 18, coverage: 38.00%, cost: 18.0
[2024-10-06 17:31:01,019][INFO] Step 19: size: 19, coverage: 39.25%, cost: 19.0
[2024-10-06 17:31:01,035][INFO] Step 20: size: 20, coverage: 40.50%, cost: 20.0
[2024-10-06 17:31:01,051][INFO] Step 21: size: 21, coverage: 43.00%, cost: 22.0
[2024-10-06 17:31:01,066][INFO] Step 22: size: 22, coverage: 45.25%, cost: 24.0
[2024-10-06 17:31:01,082][INFO] Step 23: size: 23, coverage: 46.25%, cost: 25.0
[2024-10-06 17:31:01,098][INFO] Step 24: size: 24, coverage: 47.25%, cost: 26.0
[2024-10-06 17:31:01,114][INFO] Step 25: size: 25, coverage: 48.25%, cost: 27.0
[2024-10-06 17:31:01,129][INFO] Step 26: size: 26, coverage: 49.25%, cost: 28.0
[2024-10-06 17:31:01,145][INFO] Step 27: size: 27, coverage: 50.25%, cost: 29.0
[2024-10-06 17:31:01,161][INFO] Step 28: size: 28, coverage: 51.25%, cost: 30.0
[2024-10-06 17:31:01,177][INFO] Step 29: size: 29, coverage: 53.25%, cost: 32.0
[2024-10-06 17:31:01,193][INFO] Step 30: size: 30, coverage: 55.00%, cost: 34.0
[2024-10-06 17:31:01,209][INFO] Step 31: size: 31, coverage: 56.75%, cost: 36.0
[2024-10-06 17:31:01,225][INFO] Step 32: size: 32, coverage: 57.50%, cost: 37.0
[2024-10-06 17:31:01,241][INFO] Step 33: size: 33, coverage: 59.00%, cost: 39.0
[2024-10-06 17:31:01,257][INFO] Step 34: size: 34, coverage: 60.25%, cost: 41.0
[2024-10-06 17:31:01,273][INFO] Step 35: size: 35, coverage: 61.50%, cost: 43.0
[2024-10-06 17:31:01,288][INFO] Step 36: size: 36, coverage: 62.75%, cost: 45.0
[2024-10-06 17:31:01,304][INFO] Step 37: size: 37, coverage: 64.00%, cost: 47.0
[2024-10-06 17:31:01,320][INFO] Step 38: size: 38, coverage: 65.75%, cost: 50.0
[2024-10-06 17:31:01,336][INFO] Step 39: size: 39, coverage: 68.00%, cost: 54.0
[2024-10-06 17:31:01,352][INFO] Step 40: size: 40, coverage: 68.50%, cost: 55.0
[2024-10-06 17:31:01,368][INFO] Step 41: size: 41, coverage: 69.00%, cost: 56.0
[2024-10-06 17:31:01,384][INFO] Step 42: size: 42, coverage: 69.50%, cost: 57.0
[2024-10-06 17:31:01,400][INFO] Step 43: size: 43, coverage: 70.00%, cost: 58.0
[2024-10-06 17:31:01,416][INFO] Step 44: size: 44, coverage: 70.50%, cost: 59.0
[2024-10-06 17:31:01,432][INFO] Step 45: size: 45, coverage: 71.00%, cost: 60.0
[2024-10-06 17:31:01,448][INFO] Step 46: size: 46, coverage: 72.00%, cost: 62.0
[2024-10-06 17:31:01,464][INFO] Step 47: size: 47, coverage: 73.00%, cost: 64.0
[2024-10-06 17:31:01,480][INFO] Step 48: size: 48, coverage: 74.00%, cost: 66.0
[2024-10-06 17:31:01,497][INFO] Step 49: size: 49, coverage: 75.50%, cost: 69.0
[2024-10-06 17:31:01,513][INFO] Step 50: size: 50, coverage: 76.25%, cost: 71.0
[2024-10-06 17:31:01,529][INFO] Step 51: size: 51, coverage: 77.00%, cost: 73.0
[2024-10-06 17:31:01,546][INFO] Step 52: size: 52, coverage: 77.75%, cost: 75.0
[2024-10-06 17:31:01,562][INFO] Step 53: size: 53, coverage: 79.25%, cost: 79.0
[2024-10-06 17:31:01,578][INFO] Step 54: size: 54, coverage: 80.75%, cost: 83.0
[2024-10-06 17:31:01,595][INFO] Step 55: size: 55, coverage: 81.75%, cost: 86.0
[2024-10-06 17:31:01,612][INFO] Step 56: size: 56, coverage: 83.00%, cost: 90.0
[2024-10-06 17:31:01,628][INFO] Step 57: size: 57, coverage: 83.25%, cost: 91.0
[2024-10-06 17:31:01,645][INFO] Step 58: size: 58, coverage: 83.50%, cost: 92.0
[2024-10-06 17:31:01,662][INFO] Step 59: size: 59, coverage: 83.75%, cost: 93.0
[2024-10-06 17:31:01,678][INFO] Step 60: size: 60, coverage: 84.25%, cost: 95.0
[2024-10-06 17:31:01,695][INFO] Step 61: size: 61, coverage: 84.75%, cost: 97.0
[2024-10-06 17:31:01,712][INFO] Step 62: size: 62, coverage: 85.25%, cost: 99.0
[2024-10-06 17:31:01,729][INFO] Step 63: size: 63, coverage: 85.75%, cost: 101.0
[2024-10-06 17:31:01,746][INFO] Step 64: size: 64, coverage: 87.00%, cost: 107.0
[2024-10-06 17:31:01,763][INFO] Step 65: size: 65, coverage: 88.00%, cost: 112.0
[2024-10-06 17:31:01,780][INFO] Step 66: size: 66, coverage: 88.75%, cost: 116.0
[2024-10-06 17:31:01,797][INFO] Step 67: size: 67, coverage: 89.50%, cost: 120.0
[2024-10-06 17:31:01,814][INFO] Step 68: size: 68, coverage: 90.25%, cost: 124.0
[2024-10-06 17:31:01,832][INFO] Step 69: size: 69, coverage: 90.75%, cost: 127.0
[2024-10-06 17:31:01,849][INFO] Step 70: size: 70, coverage: 91.25%, cost: 130.0
[2024-10-06 17:31:01,866][INFO] Step 71: size: 71, coverage: 91.75%, cost: 133.0
[2024-10-06 17:31:01,884][INFO] Step 72: size: 72, coverage: 92.00%, cost: 135.0
[2024-10-06 17:31:01,901][INFO] Step 73: size: 73, coverage: 92.25%, cost: 137.0
[2024-10-06 17:31:01,919][INFO] Step 74: size: 74, coverage: 92.50%, cost: 139.0
[2024-10-06 17:31:01,936][INFO] Step 75: size: 75, coverage: 92.75%, cost: 141.0
[2024-10-06 17:31:01,954][INFO] Step 76: size: 76, coverage: 93.25%, cost: 145.0
[2024-10-06 17:31:01,972][INFO] Step 77: size: 77, coverage: 94.00%, cost: 151.0
[2024-10-06 17:31:01,990][INFO] Step 78: size: 78, coverage: 94.50%, cost: 156.0
[2024-10-06 17:31:02,007][INFO] Step 79: size: 79, coverage: 95.00%, cost: 161.0
[2024-10-06 17:31:02,025][INFO] Step 80: size: 80, coverage: 95.50%, cost: 166.0
[2024-10-06 17:31:02,043][INFO] Step 81: size: 81, coverage: 96.00%, cost: 171.0
[2024-10-06 17:31:02,061][INFO] Step 82: size: 82, coverage: 96.50%, cost: 176.0
[2024-10-06 17:31:02,080][INFO] Step 83: size: 83, coverage: 96.75%, cost: 179.0
[2024-10-06 17:31:02,098][INFO] Step 84: size: 84, coverage: 97.00%, cost: 182.0
[2024-10-06 17:31:02,116][INFO] Step 85: size: 85, coverage: 97.25%, cost: 185.0
[2024-10-06 17:31:02,134][INFO] Step 86: size: 86, coverage: 97.50%, cost: 188.0
[2024-10-06 17:31:02,153][INFO] Step 87: size: 87, coverage: 97.75%, cost: 191.0
[2024-10-06 17:31:02,171][INFO] Step 88: size: 88, coverage: 98.00%, cost: 194.0
[2024-10-06 17:31:02,190][INFO] Step 89: size: 89, coverage: 98.25%, cost: 198.0
[2024-10-06 17:31:02,208][INFO] Step 90: size: 90, coverage: 98.50%, cost: 202.0
[2024-10-06 17:31:02,227][INFO] Step 91: size: 91, coverage: 98.75%, cost: 206.0
[2024-10-06 17:31:02,246][INFO] Step 92: size: 92, coverage: 99.00%, cost: 210.0
[2024-10-06 17:31:02,264][INFO] Step 93: size: 93, coverage: 99.25%, cost: 215.0
[2024-10-06 17:31:02,283][INFO] Step 94: size: 94, coverage: 99.50%, cost: 220.0
[2024-10-06 17:31:02,302][INFO] Step 95: size: 95, coverage: 99.75%, cost: 225.0
[2024-10-06 17:31:02,322][INFO] Step 96: size: 96, coverage: 100.00%, cost: 233.0
[2024-10-06 18:49:54,442][INFO] Step 1: size: 1, coverage: 3.25%, cost: 1.0
[2024-10-06 18:49:54,457][INFO] Step 2: size: 2, coverage: 6.25%, cost: 2.0
[2024-10-06 18:49:54,473][INFO] Step 3: size: 3, coverage: 8.75%, cost: 3.0
[2024-10-06 18:49:54,488][INFO] Step 4: size: 4, coverage: 11.25%, cost: 4.0
[2024-10-06 18:49:54,504][INFO] Step 5: size: 5, coverage: 13.75%, cost: 5.0
[2024-10-06 18:49:54,519][INFO] Step 6: size: 6, coverage: 16.25%, cost: 6.0
[2024-10-06 18:49:54,535][INFO] Step 7: size: 7, coverage: 18.50%, cost: 7.0
[2024-10-06 18:49:54,550][INFO] Step 8: size: 8, coverage: 20.75%, cost: 8.0
[2024-10-06 18:49:54,565][INFO] Step 9: size: 9, coverage: 23.00%, cost: 9.0
[2024-10-06 18:49:54,581][INFO] Step 10: size: 10, coverage: 25.00%, cost: 10.0
[2024-10-06 18:49:54,597][INFO] Step 11: size: 11, coverage: 27.00%, cost: 11.0
[2024-10-06 18:49:54,612][INFO] Step 12: size: 12, coverage: 28.75%, cost: 12.0
[2024-10-06 18:49:54,628][INFO] Step 13: size: 13, coverage: 30.50%, cost: 13.0
[2024-10-06 18:49:54,643][INFO] Step 14: size: 14, coverage: 32.25%, cost: 14.0
[2024-10-06 18:49:54,659][INFO] Step 15: size: 15, coverage: 33.75%, cost: 15.0
[2024-10-06 18:49:54,675][INFO] Step 16: size: 16, coverage: 35.25%, cost: 16.0
[2024-10-06 18:49:54,690][INFO] Step 17: size: 17, coverage: 36.75%, cost: 17.0
[2024-10-06 18:49:54,706][INFO] Step 18: size: 18, coverage: 38.00%, cost: 18.0
[2024-10-06 18:49:54,721][INFO] Step 19: size: 19, coverage: 39.25%, cost: 19.0
[2024-10-06 18:49:54,737][INFO] Step 20: size: 20, coverage: 40.50%, cost: 20.0
[2024-10-06 18:49:54,753][INFO] Step 21: size: 21, coverage: 43.00%, cost: 22.0
[2024-10-06 18:49:54,768][INFO] Step 22: size: 22, coverage: 45.25%, cost: 24.0
[2024-10-06 18:49:54,784][INFO] Step 23: size: 23, coverage: 46.25%, cost: 25.0
[2024-10-06 18:49:54,800][INFO] Step 24: size: 24, coverage: 47.25%, cost: 26.0
[2024-10-06 18:49:54,816][INFO] Step 25: size: 25, coverage: 48.25%, cost: 27.0
[2024-10-06 18:49:54,832][INFO] Step 26: size: 26, coverage: 49.25%, cost: 28.0
[2024-10-06 18:49:54,847][INFO] Step 27: size: 27, coverage: 50.25%, cost: 29.0
[2024-10-06 18:49:54,864][INFO] Step 28: size: 28, coverage: 51.25%, cost: 30.0
[2024-10-06 18:49:54,880][INFO] Step 29: size: 29, coverage: 53.25%, cost: 32.0
[2024-10-06 18:49:54,896][INFO] Step 30: size: 30, coverage: 55.00%, cost: 34.0
[2024-10-06 18:49:54,912][INFO] Step 31: size: 31, coverage: 56.75%, cost: 36.0
[2024-10-06 18:49:54,928][INFO] Step 32: size: 32, coverage: 57.50%, cost: 37.0
[2024-10-06 18:49:54,944][INFO] Step 33: size: 33, coverage: 59.00%, cost: 39.0
[2024-10-06 18:49:54,960][INFO] Step 34: size: 34, coverage: 60.25%, cost: 41.0
[2024-10-06 18:49:54,975][INFO] Step 35: size: 35, coverage: 61.50%, cost: 43.0
[2024-10-06 18:49:54,992][INFO] Step 36: size: 36, coverage: 62.75%, cost: 45.0
[2024-10-06 18:49:55,008][INFO] Step 37: size: 37, coverage: 64.00%, cost: 47.0
[2024-10-06 18:49:55,024][INFO] Step 38: size: 38, coverage: 65.75%, cost: 50.0
[2024-10-06 18:49:55,040][INFO] Step 39: size: 39, coverage: 68.00%, cost: 54.0
[2024-10-06 18:49:55,056][INFO] Step 40: size: 40, coverage: 68.50%, cost: 55.0
[2024-10-06 18:49:55,071][INFO] Step 41: size: 41, coverage: 69.00%, cost: 56.0
[2024-10-06 18:49:55,087][INFO] Step 42: size: 42, coverage: 69.50%, cost: 57.0
[2024-10-06 18:49:55,103][INFO] Step 43: size: 43, coverage: 70.00%, cost: 58.0
[2024-10-06 18:49:55,119][INFO] Step 44: size: 44, coverage: 70.50%, cost: 59.0
[2024-10-06 18:49:55,135][INFO] Step 45: size: 45, coverage: 71.00%, cost: 60.0
[2024-10-06 18:49:55,152][INFO] Step 46: size: 46, coverage: 72.00%, cost: 62.0
[2024-10-06 18:49:55,168][INFO] Step 47: size: 47, coverage: 73.00%, cost: 64.0
[2024-10-06 18:49:55,184][INFO] Step 48: size: 48, coverage: 74.00%, cost: 66.0
[2024-10-06 18:49:55,200][INFO] Step 49: size: 49, coverage: 75.50%, cost: 69.0
[2024-10-06 18:49:55,216][INFO] Step 50: size: 50, coverage: 76.25%, cost: 71.0
[2024-10-06 18:49:55,233][INFO] Step 51: size: 51, coverage: 77.00%, cost: 73.0
[2024-10-06 18:49:55,249][INFO] Step 52: size: 52, coverage: 77.75%, cost: 75.0
[2024-10-06 18:49:55,266][INFO] Step 53: size: 53, coverage: 79.25%, cost: 79.0
[2024-10-06 18:49:55,282][INFO] Step 54: size: 54, coverage: 80.75%, cost: 83.0
[2024-10-06 18:49:55,298][INFO] Step 55: size: 55, coverage: 81.75%, cost: 86.0
[2024-10-06 18:49:55,315][INFO] Step 56: size: 56, coverage: 83.00%, cost: 90.0
[2024-10-06 18:49:55,332][INFO] Step 57: size: 57, coverage: 83.25%, cost: 91.0
[2024-10-06 18:49:55,348][INFO] Step 58: size: 58, coverage: 83.50%, cost: 92.0
[2024-10-06 18:49:55,365][INFO] Step 59: size: 59, coverage: 83.75%, cost: 93.0
[2024-10-06 18:49:55,382][INFO] Step 60: size: 60, coverage: 84.25%, cost: 95.0
[2024-10-06 18:49:55,399][INFO] Step 61: size: 61, coverage: 84.75%, cost: 97.0
[2024-10-06 18:49:55,416][INFO] Step 62: size: 62, coverage: 85.25%, cost: 99.0
[2024-10-06 18:49:55,432][INFO] Step 63: size: 63, coverage: 85.75%, cost: 101.0
[2024-10-06 18:49:55,449][INFO] Step 64: size: 64, coverage: 87.00%, cost: 107.0
[2024-10-06 18:49:55,466][INFO] Step 65: size: 65, coverage: 88.00%, cost: 112.0
[2024-10-06 18:49:55,483][INFO] Step 66: size: 66, coverage: 88.75%, cost: 116.0
[2024-10-06 18:49:55,500][INFO] Step 67: size: 67, coverage: 89.50%, cost: 120.0
[2024-10-06 18:49:55,518][INFO] Step 68: size: 68, coverage: 90.25%, cost: 124.0
[2024-10-06 18:49:55,535][INFO] Step 69: size: 69, coverage: 90.75%, cost: 127.0
[2024-10-06 18:49:55,552][INFO] Step 70: size: 70, coverage: 91.25%, cost: 130.0
[2024-10-06 18:49:55,569][INFO] Step 71: size: 71, coverage: 91.75%, cost: 133.0
[2024-10-06 18:49:55,587][INFO] Step 72: size: 72, coverage: 92.00%, cost: 135.0
[2024-10-06 18:49:55,604][INFO] Step 73: size: 73, coverage: 92.25%, cost: 137.0
[2024-10-06 18:49:55,621][INFO] Step 74: size: 74, coverage: 92.50%, cost: 139.0
[2024-10-06 18:49:55,639][INFO] Step 75: size: 75, coverage: 92.75%, cost: 141.0
[2024-10-06 18:49:55,657][INFO] Step 76: size: 76, coverage: 93.25%, cost: 145.0
[2024-10-06 18:49:55,674][INFO] Step 77: size: 77, coverage: 94.00%, cost: 151.0
[2024-10-06 18:49:55,692][INFO] Step 78: size: 78, coverage: 94.50%, cost: 156.0
[2024-10-06 18:49:55,710][INFO] Step 79: size: 79, coverage: 95.00%, cost: 161.0
[2024-10-06 18:49:55,728][INFO] Step 80: size: 80, coverage: 95.50%, cost: 166.0
[2024-10-06 18:49:55,746][INFO] Step 81: size: 81, coverage: 96.00%, cost: 171.0
[2024-10-06 18:49:55,764][INFO] Step 82: size: 82, coverage: 96.50%, cost: 176.0
[2024-10-06 18:49:55,782][INFO] Step 83: size: 83, coverage: 96.75%, cost: 179.0
[2024-10-06 18:49:55,800][INFO] Step 84: size: 84, coverage: 97.00%, cost: 182.0
[2024-10-06 18:49:55,818][INFO] Step 85: size: 85, coverage: 97.25%, cost: 185.0
[2024-10-06 18:49:55,836][INFO] Step 86: size: 86, coverage: 97.50%, cost: 188.0
[2024-10-06 18:49:55,854][INFO] Step 87: size: 87, coverage: 97.75%, cost: 191.0
[2024-10-06 18:49:55,873][INFO] Step 88: size: 88, coverage: 98.00%, cost: 194.0
[2024-10-06 18:49:55,891][INFO] Step 89: size: 89, coverage: 98.25%, cost: 198.0
[2024-10-06 18:49:55,910][INFO] Step 90: size: 90, coverage: 98.50%, cost: 202.0
[2024-10-06 18:49:55,929][INFO] Step 91: size: 91, coverage: 98.75%, cost: 206.0
[2024-10-06 18:49:55,947][INFO] Step 92: size: 92, coverage: 99.00%, cost: 210.0
[2024-10-06 18:49:55,966][INFO] Step 93: size: 93, coverage: 99.25%, cost: 215.0
[2024-10-06 18:49:55,985][INFO] Step 94: size: 94, coverage: 99.50%, cost: 220.0
[2024-10-06 18:49:56,004][INFO] Step 95: size: 95, coverage: 99.75%, cost: 225.0
[2024-10-06 18:49:56,023][INFO] Step 96: size: 96, coverage: 100.00%, cost: 233.0
[2024-10-06 18:49:56,027][INFO] Size: 96 -> 90
[2024-10-06 18:49:56,027][INFO] Cost: 233.0 -> 224.0
[2024-10-06 18:49:56,027][INFO] Pruned solution: [np.int64(1), np.int64(3), np.int64(8), np.int64(6), np.int64(7), np.int64(13), np.int64(16), np.int64(20), np.int64(10), np.int64(26), np.int64(46), np.int64(14), np.int64(24), np.int64(36), np.int64(45), np.int64(32), np.int64(40), np.int64(51), np.int64(88), np.int64(18), np.int64(31), np.int64(34), np.int64(43), np.int64(60), np.int64(47), np.int64(63), np.int64(122), np.int64(131), np.int64(27), np.int64(41), np.int64(67), np.int64(209), np.int64(123), np.int64(148), np.int64(82), np.int64(39), np.int64(66), np.int64(146), np.int64(170), np.int64(183), np.int64(203), np.int64(94), np.int64(97), np.int64(111), np.int64(142), np.int64(158), np.int64(169), np.int64(299), np.int64(2), np.int64(4), np.int64(12), np.int64(19), np.int64(38), np.int64(21), np.int64(52), np.int64(58), np.int64(23), np.int64(86), np.int64(117), np.int64(17), np.int64(49), np.int64(167), np.int64(81), np.int64(53), np.int64(175), np.int64(93), np.int64(106), np.int64(152), np.int64(179), np.int64(5), np.int64(15), np.int64(11), np.int64(42), np.int64(35), np.int64(79), np.int64(76), np.int64(85), np.int64(197), np.int64(133), np.int64(0), np.int64(22), np.int64(120), np.int64(37), np.int64(210), np.int64(161), np.int64(54), np.int64(147), np.int64(9), np.int64(95), np.int64(59)]
[2024-10-06 18:52:15,767][INFO] Step 1: size: 1, coverage: 3.25%, cost: 1.0
[2024-10-06 18:52:15,782][INFO] Step 2: size: 2, coverage: 6.25%, cost: 2.0
[2024-10-06 18:52:15,798][INFO] Step 3: size: 3, coverage: 8.75%, cost: 3.0
[2024-10-06 18:52:15,813][INFO] Step 4: size: 4, coverage: 11.25%, cost: 4.0
[2024-10-06 18:52:15,829][INFO] Step 5: size: 5, coverage: 13.75%, cost: 5.0
[2024-10-06 18:52:15,844][INFO] Step 6: size: 6, coverage: 16.25%, cost: 6.0
[2024-10-06 18:52:15,860][INFO] Step 7: size: 7, coverage: 18.50%, cost: 7.0
[2024-10-06 18:52:15,875][INFO] Step 8: size: 8, coverage: 20.75%, cost: 8.0
[2024-10-06 18:52:15,890][INFO] Step 9: size: 9, coverage: 23.00%, cost: 9.0
[2024-10-06 18:52:15,906][INFO] Step 10: size: 10, coverage: 25.00%, cost: 10.0
[2024-10-06 18:52:15,921][INFO] Step 11: size: 11, coverage: 27.00%, cost: 11.0
[2024-10-06 18:52:15,937][INFO] Step 12: size: 12, coverage: 28.75%, cost: 12.0
[2024-10-06 18:52:15,952][INFO] Step 13: size: 13, coverage: 30.50%, cost: 13.0
[2024-10-06 18:52:15,968][INFO] Step 14: size: 14, coverage: 32.25%, cost: 14.0
[2024-10-06 18:52:15,984][INFO] Step 15: size: 15, coverage: 33.75%, cost: 15.0
[2024-10-06 18:52:15,999][INFO] Step 16: size: 16, coverage: 35.25%, cost: 16.0
[2024-10-06 18:52:16,015][INFO] Step 17: size: 17, coverage: 36.75%, cost: 17.0
[2024-10-06 18:52:16,030][INFO] Step 18: size: 18, coverage: 38.00%, cost: 18.0
[2024-10-06 18:52:16,046][INFO] Step 19: size: 19, coverage: 39.25%, cost: 19.0
[2024-10-06 18:52:16,062][INFO] Step 20: size: 20, coverage: 40.50%, cost: 20.0
[2024-10-06 18:52:16,077][INFO] Step 21: size: 21, coverage: 43.00%, cost: 22.0
[2024-10-06 18:52:16,093][INFO] Step 22: size: 22, coverage: 45.25%, cost: 24.0
[2024-10-06 18:52:16,109][INFO] Step 23: size: 23, coverage: 46.25%, cost: 25.0
[2024-10-06 18:52:16,125][INFO] Step 24: size: 24, coverage: 47.25%, cost: 26.0
[2024-10-06 18:52:16,140][INFO] Step 25: size: 25, coverage: 48.25%, cost: 27.0
[2024-10-06 18:52:16,156][INFO] Step 26: size: 26, coverage: 49.25%, cost: 28.0
[2024-10-06 18:52:16,172][INFO] Step 27: size: 27, coverage: 50.25%, cost: 29.0
[2024-10-06 18:52:16,188][INFO] Step 28: size: 28, coverage: 51.25%, cost: 30.0
[2024-10-06 18:52:16,204][INFO] Step 29: size: 29, coverage: 53.25%, cost: 32.0
[2024-10-06 18:52:16,220][INFO] Step 30: size: 30, coverage: 55.00%, cost: 34.0
[2024-10-06 18:52:16,236][INFO] Step 31: size: 31, coverage: 56.75%, cost: 36.0
[2024-10-06 18:52:16,253][INFO] Step 32: size: 32, coverage: 57.50%, cost: 37.0
[2024-10-06 18:52:16,269][INFO] Step 33: size: 33, coverage: 59.00%, cost: 39.0
[2024-10-06 18:52:16,286][INFO] Step 34: size: 34, coverage: 60.25%, cost: 41.0
[2024-10-06 18:52:16,302][INFO] Step 35: size: 35, coverage: 61.50%, cost: 43.0
[2024-10-06 18:52:16,318][INFO] Step 36: size: 36, coverage: 62.75%, cost: 45.0
[2024-10-06 18:52:16,335][INFO] Step 37: size: 37, coverage: 64.00%, cost: 47.0
[2024-10-06 18:52:16,351][INFO] Step 38: size: 38, coverage: 65.75%, cost: 50.0
[2024-10-06 18:52:16,368][INFO] Step 39: size: 39, coverage: 68.00%, cost: 54.0
[2024-10-06 18:52:16,384][INFO] Step 40: size: 40, coverage: 68.50%, cost: 55.0
[2024-10-06 18:52:16,400][INFO] Step 41: size: 41, coverage: 69.00%, cost: 56.0
[2024-10-06 18:52:16,417][INFO] Step 42: size: 42, coverage: 69.50%, cost: 57.0
[2024-10-06 18:52:16,433][INFO] Step 43: size: 43, coverage: 70.00%, cost: 58.0
[2024-10-06 18:52:16,449][INFO] Step 44: size: 44, coverage: 70.50%, cost: 59.0
[2024-10-06 18:52:16,466][INFO] Step 45: size: 45, coverage: 71.00%, cost: 60.0
[2024-10-06 18:52:16,482][INFO] Step 46: size: 46, coverage: 72.00%, cost: 62.0
[2024-10-06 18:52:16,499][INFO] Step 47: size: 47, coverage: 73.00%, cost: 64.0
[2024-10-06 18:52:16,515][INFO] Step 48: size: 48, coverage: 74.00%, cost: 66.0
[2024-10-06 18:52:16,532][INFO] Step 49: size: 49, coverage: 75.50%, cost: 69.0
[2024-10-06 18:52:16,549][INFO] Step 50: size: 50, coverage: 76.25%, cost: 71.0
[2024-10-06 18:52:16,565][INFO] Step 51: size: 51, coverage: 77.00%, cost: 73.0
[2024-10-06 18:52:16,582][INFO] Step 52: size: 52, coverage: 77.75%, cost: 75.0
[2024-10-06 18:52:16,599][INFO] Step 53: size: 53, coverage: 79.25%, cost: 79.0
[2024-10-06 18:52:16,615][INFO] Step 54: size: 54, coverage: 80.75%, cost: 83.0
[2024-10-06 18:52:16,632][INFO] Step 55: size: 55, coverage: 81.75%, cost: 86.0
[2024-10-06 18:52:16,649][INFO] Step 56: size: 56, coverage: 83.00%, cost: 90.0
[2024-10-06 18:52:16,666][INFO] Step 57: size: 57, coverage: 83.25%, cost: 91.0
[2024-10-06 18:52:16,683][INFO] Step 58: size: 58, coverage: 83.50%, cost: 92.0
[2024-10-06 18:52:16,700][INFO] Step 59: size: 59, coverage: 83.75%, cost: 93.0
[2024-10-06 18:52:16,718][INFO] Step 60: size: 60, coverage: 84.25%, cost: 95.0
[2024-10-06 18:52:16,735][INFO] Step 61: size: 61, coverage: 84.75%, cost: 97.0
[2024-10-06 18:52:16,752][INFO] Step 62: size: 62, coverage: 85.25%, cost: 99.0
[2024-10-06 18:52:16,769][INFO] Step 63: size: 63, coverage: 85.75%, cost: 101.0
[2024-10-06 18:52:16,787][INFO] Step 64: size: 64, coverage: 87.00%, cost: 107.0
[2024-10-06 18:52:16,804][INFO] Step 65: size: 65, coverage: 88.00%, cost: 112.0
[2024-10-06 18:52:16,821][INFO] Step 66: size: 66, coverage: 88.75%, cost: 116.0
[2024-10-06 18:52:16,839][INFO] Step 67: size: 67, coverage: 89.50%, cost: 120.0
[2024-10-06 18:52:16,856][INFO] Step 68: size: 68, coverage: 90.25%, cost: 124.0
[2024-10-06 18:52:16,874][INFO] Step 69: size: 69, coverage: 90.75%, cost: 127.0
[2024-10-06 18:52:16,892][INFO] Step 70: size: 70, coverage: 91.25%, cost: 130.0
[2024-10-06 18:52:16,909][INFO] Step 71: size: 71, coverage: 91.75%, cost: 133.0
[2024-10-06 18:52:16,927][INFO] Step 72: size: 72, coverage: 92.00%, cost: 135.0
[2024-10-06 18:52:16,945][INFO] Step 73: size: 73, coverage: 92.25%, cost: 137.0
[2024-10-06 18:52:16,963][INFO] Step 74: size: 74, coverage: 92.50%, cost: 139.0
[2024-10-06 18:52:16,981][INFO] Step 75: size: 75, coverage: 92.75%, cost: 141.0
[2024-10-06 18:52:16,999][INFO] Step 76: size: 76, coverage: 93.25%, cost: 145.0
[2024-10-06 18:52:17,017][INFO] Step 77: size: 77, coverage: 94.00%, cost: 151.0
[2024-10-06 18:52:17,035][INFO] Step 78: size: 78, coverage: 94.50%, cost: 156.0
[2024-10-06 18:52:17,053][INFO] Step 79: size: 79, coverage: 95.00%, cost: 161.0
[2024-10-06 18:52:17,072][INFO] Step 80: size: 80, coverage: 95.50%, cost: 166.0
[2024-10-06 18:52:17,090][INFO] Step 81: size: 81, coverage: 96.00%, cost: 171.0
[2024-10-06 18:52:17,108][INFO] Step 82: size: 82, coverage: 96.50%, cost: 176.0
[2024-10-06 18:52:17,126][INFO] Step 83: size: 83, coverage: 96.75%, cost: 179.0
[2024-10-06 18:52:17,145][INFO] Step 84: size: 84, coverage: 97.00%, cost: 182.0
[2024-10-06 18:52:17,163][INFO] Step 85: size: 85, coverage: 97.25%, cost: 185.0
[2024-10-06 18:52:17,182][INFO] Step 86: size: 86, coverage: 97.50%, cost: 188.0
[2024-10-06 18:52:17,201][INFO] Step 87: size: 87, coverage: 97.75%, cost: 191.0
[2024-10-06 18:52:17,219][INFO] Step 88: size: 88, coverage: 98.00%, cost: 194.0
[2024-10-06 18:52:17,238][INFO] Step 89: size: 89, coverage: 98.25%, cost: 198.0
[2024-10-06 18:52:17,257][INFO] Step 90: size: 90, coverage: 98.50%, cost: 202.0
[2024-10-06 18:52:17,276][INFO] Step 91: size: 91, coverage: 98.75%, cost: 206.0
[2024-10-06 18:52:17,295][INFO] Step 92: size: 92, coverage: 99.00%, cost: 210.0
[2024-10-06 18:52:17,314][INFO] Step 93: size: 93, coverage: 99.25%, cost: 215.0
[2024-10-06 18:52:17,334][INFO] Step 94: size: 94, coverage: 99.50%, cost: 220.0
[2024-10-06 18:52:17,353][INFO] Step 95: size: 95, coverage: 99.75%, cost: 225.0
[2024-10-06 18:52:17,372][INFO] Step 96: size: 96, coverage: 100.00%, cost: 233.0
[2024-10-06 18:52:17,377][INFO] Size: 96 -> 90
[2024-10-06 18:52:17,377][INFO] Cost: 233.0 -> 224.0
[2024-10-06 18:54:26,718][INFO] Step 1: size: 1, coverage: 3.25%, cost: 1.0
[2024-10-06 18:54:26,734][INFO] Step 2: size: 2, coverage: 6.25%, cost: 2.0
[2024-10-06 18:54:26,750][INFO] Step 3: size: 3, coverage: 8.75%, cost: 3.0
[2024-10-06 18:54:26,766][INFO] Step 4: size: 4, coverage: 11.25%, cost: 4.0
[2024-10-06 18:54:26,781][INFO] Step 5: size: 5, coverage: 13.75%, cost: 5.0
[2024-10-06 18:54:26,797][INFO] Step 6: size: 6, coverage: 16.25%, cost: 6.0
[2024-10-06 18:54:26,813][INFO] Step 7: size: 7, coverage: 18.50%, cost: 7.0
[2024-10-06 18:54:26,828][INFO] Step 8: size: 8, coverage: 20.75%, cost: 8.0
[2024-10-06 18:54:26,844][INFO] Step 9: size: 9, coverage: 23.00%, cost: 9.0
[2024-10-06 18:54:26,860][INFO] Step 10: size: 10, coverage: 25.00%, cost: 10.0
[2024-10-06 18:54:26,875][INFO] Step 11: size: 11, coverage: 27.00%, cost: 11.0
[2024-10-06 18:54:26,891][INFO] Step 12: size: 12, coverage: 28.75%, cost: 12.0
[2024-10-06 18:54:26,906][INFO] Step 13: size: 13, coverage: 30.50%, cost: 13.0
[2024-10-06 18:54:26,922][INFO] Step 14: size: 14, coverage: 32.25%, cost: 14.0
[2024-10-06 18:54:26,938][INFO] Step 15: size: 15, coverage: 33.75%, cost: 15.0
[2024-10-06 18:54:26,953][INFO] Step 16: size: 16, coverage: 35.25%, cost: 16.0
[2024-10-06 18:54:26,969][INFO] Step 17: size: 17, coverage: 36.75%, cost: 17.0
[2024-10-06 18:54:26,985][INFO] Step 18: size: 18, coverage: 38.00%, cost: 18.0
[2024-10-06 18:54:27,000][INFO] Step 19: size: 19, coverage: 39.25%, cost: 19.0
[2024-10-06 18:54:27,016][INFO] Step 20: size: 20, coverage: 40.50%, cost: 20.0
[2024-10-06 18:54:27,032][INFO] Step 21: size: 21, coverage: 43.00%, cost: 22.0
[2024-10-06 18:54:27,048][INFO] Step 22: size: 22, coverage: 45.25%, cost: 24.0
[2024-10-06 18:54:27,064][INFO] Step 23: size: 23, coverage: 46.25%, cost: 25.0
[2024-10-06 18:54:27,080][INFO] Step 24: size: 24, coverage: 47.25%, cost: 26.0
[2024-10-06 18:54:27,096][INFO] Step 25: size: 25, coverage: 48.25%, cost: 27.0
[2024-10-06 18:54:27,112][INFO] Step 26: size: 26, coverage: 49.25%, cost: 28.0
[2024-10-06 18:54:27,128][INFO] Step 27: size: 27, coverage: 50.25%, cost: 29.0
[2024-10-06 18:54:27,145][INFO] Step 28: size: 28, coverage: 51.25%, cost: 30.0
[2024-10-06 18:54:27,161][INFO] Step 29: size: 29, coverage: 53.25%, cost: 32.0
[2024-10-06 18:54:27,177][INFO] Step 30: size: 30, coverage: 55.00%, cost: 34.0
[2024-10-06 18:54:27,193][INFO] Step 31: size: 31, coverage: 56.75%, cost: 36.0
[2024-10-06 18:54:27,209][INFO] Step 32: size: 32, coverage: 57.50%, cost: 37.0
[2024-10-06 18:54:27,225][INFO] Step 33: size: 33, coverage: 59.00%, cost: 39.0
[2024-10-06 18:54:27,241][INFO] Step 34: size: 34, coverage: 60.25%, cost: 41.0
[2024-10-06 18:54:27,257][INFO] Step 35: size: 35, coverage: 61.50%, cost: 43.0
[2024-10-06 18:54:27,273][INFO] Step 36: size: 36, coverage: 62.75%, cost: 45.0
[2024-10-06 18:54:27,290][INFO] Step 37: size: 37, coverage: 64.00%, cost: 47.0
[2024-10-06 18:54:27,306][INFO] Step 38: size: 38, coverage: 65.75%, cost: 50.0
[2024-10-06 18:54:27,322][INFO] Step 39: size: 39, coverage: 68.00%, cost: 54.0
[2024-10-06 18:54:27,338][INFO] Step 40: size: 40, coverage: 68.50%, cost: 55.0
[2024-10-06 18:54:27,354][INFO] Step 41: size: 41, coverage: 69.00%, cost: 56.0
[2024-10-06 18:54:27,370][INFO] Step 42: size: 42, coverage: 69.50%, cost: 57.0
[2024-10-06 18:54:27,386][INFO] Step 43: size: 43, coverage: 70.00%, cost: 58.0
[2024-10-06 18:54:27,402][INFO] Step 44: size: 44, coverage: 70.50%, cost: 59.0
[2024-10-06 18:54:27,418][INFO] Step 45: size: 45, coverage: 71.00%, cost: 60.0
[2024-10-06 18:54:27,434][INFO] Step 46: size: 46, coverage: 72.00%, cost: 62.0
[2024-10-06 18:54:27,450][INFO] Step 47: size: 47, coverage: 73.00%, cost: 64.0
[2024-10-06 18:54:27,467][INFO] Step 48: size: 48, coverage: 74.00%, cost: 66.0
[2024-10-06 18:54:27,483][INFO] Step 49: size: 49, coverage: 75.50%, cost: 69.0
[2024-10-06 18:54:27,499][INFO] Step 50: size: 50, coverage: 76.25%, cost: 71.0
[2024-10-06 18:54:27,516][INFO] Step 51: size: 51, coverage: 77.00%, cost: 73.0
[2024-10-06 18:54:27,532][INFO] Step 52: size: 52, coverage: 77.75%, cost: 75.0
[2024-10-06 18:54:27,549][INFO] Step 53: size: 53, coverage: 79.25%, cost: 79.0
[2024-10-06 18:54:27,565][INFO] Step 54: size: 54, coverage: 80.75%, cost: 83.0
[2024-10-06 18:54:27,582][INFO] Step 55: size: 55, coverage: 81.75%, cost: 86.0
[2024-10-06 18:54:27,599][INFO] Step 56: size: 56, coverage: 83.00%, cost: 90.0
[2024-10-06 18:54:27,615][INFO] Step 57: size: 57, coverage: 83.25%, cost: 91.0
[2024-10-06 18:54:27,632][INFO] Step 58: size: 58, coverage: 83.50%, cost: 92.0
[2024-10-06 18:54:27,649][INFO] Step 59: size: 59, coverage: 83.75%, cost: 93.0
[2024-10-06 18:54:27,666][INFO] Step 60: size: 60, coverage: 84.25%, cost: 95.0
[2024-10-06 18:54:27,683][INFO] Step 61: size: 61, coverage: 84.75%, cost: 97.0
[2024-10-06 18:54:27,700][INFO] Step 62: size: 62, coverage: 85.25%, cost: 99.0
[2024-10-06 18:54:27,717][INFO] Step 63: size: 63, coverage: 85.75%, cost: 101.0
[2024-10-06 18:54:27,734][INFO] Step 64: size: 64, coverage: 87.00%, cost: 107.0
[2024-10-06 18:54:27,751][INFO] Step 65: size: 65, coverage: 88.00%, cost: 112.0
[2024-10-06 18:54:27,768][INFO] Step 66: size: 66, coverage: 88.75%, cost: 116.0
[2024-10-06 18:54:27,785][INFO] Step 67: size: 67, coverage: 89.50%, cost: 120.0
[2024-10-06 18:54:27,802][INFO] Step 68: size: 68, coverage: 90.25%, cost: 124.0
[2024-10-06 18:54:27,820][INFO] Step 69: size: 69, coverage: 90.75%, cost: 127.0
[2024-10-06 18:54:27,837][INFO] Step 70: size: 70, coverage: 91.25%, cost: 130.0
[2024-10-06 18:54:27,854][INFO] Step 71: size: 71, coverage: 91.75%, cost: 133.0
[2024-10-06 18:54:27,872][INFO] Step 72: size: 72, coverage: 92.00%, cost: 135.0
[2024-10-06 18:54:27,889][INFO] Step 73: size: 73, coverage: 92.25%, cost: 137.0
[2024-10-06 18:54:27,907][INFO] Step 74: size: 74, coverage: 92.50%, cost: 139.0
[2024-10-06 18:54:27,925][INFO] Step 75: size: 75, coverage: 92.75%, cost: 141.0
[2024-10-06 18:54:27,942][INFO] Step 76: size: 76, coverage: 93.25%, cost: 145.0
[2024-10-06 18:54:27,960][INFO] Step 77: size: 77, coverage: 94.00%, cost: 151.0
[2024-10-06 18:54:27,978][INFO] Step 78: size: 78, coverage: 94.50%, cost: 156.0
[2024-10-06 18:54:27,996][INFO] Step 79: size: 79, coverage: 95.00%, cost: 161.0
[2024-10-06 18:54:28,014][INFO] Step 80: size: 80, coverage: 95.50%, cost: 166.0
[2024-10-06 18:54:28,032][INFO] Step 81: size: 81, coverage: 96.00%, cost: 171.0
[2024-10-06 18:54:28,050][INFO] Step 82: size: 82, coverage: 96.50%, cost: 176.0
[2024-10-06 18:54:28,068][INFO] Step 83: size: 83, coverage: 96.75%, cost: 179.0
[2024-10-06 18:54:28,086][INFO] Step 84: size: 84, coverage: 97.00%, cost: 182.0
[2024-10-06 18:54:28,104][INFO] Step 85: size: 85, coverage: 97.25%, cost: 185.0
[2024-10-06 18:54:28,123][INFO] Step 86: size: 86, coverage: 97.50%, cost: 188.0
[2024-10-06 18:54:28,141][INFO] Step 87: size: 87, coverage: 97.75%, cost: 191.0
[2024-10-06 18:54:28,159][INFO] Step 88: size: 88, coverage: 98.00%, cost: 194.0
[2024-10-06 18:54:28,178][INFO] Step 89: size: 89, coverage: 98.25%, cost: 198.0
[2024-10-06 18:54:28,196][INFO] Step 90: size: 90, coverage: 98.50%, cost: 202.0
[2024-10-06 18:54:28,215][INFO] Step 91: size: 91, coverage: 98.75%, cost: 206.0
[2024-10-06 18:54:28,234][INFO] Step 92: size: 92, coverage: 99.00%, cost: 210.0
[2024-10-06 18:54:28,253][INFO] Step 93: size: 93, coverage: 99.25%, cost: 215.0
[2024-10-06 18:54:28,271][INFO] Step 94: size: 94, coverage: 99.50%, cost: 220.0
[2024-10-06 18:54:28,291][INFO] Step 95: size: 95, coverage: 99.75%, cost: 225.0
[2024-10-06 18:54:28,310][INFO] Step 96: size: 96, coverage: 100.00%, cost: 233.0
[2024-10-06 18:54:28,314][INFO] Size: 96 -> 90
[2024-10-06 18:54:28,314][INFO] Cost: 233.0 -> 224.0
[2024-10-06 18:55:27,336][INFO] Step 1: size: 1, coverage: 3.25%, cost: 1.0
[2024-10-06 18:55:27,351][INFO] Step 2: size: 2, coverage: 6.25%, cost: 2.0
[2024-10-06 18:55:27,367][INFO] Step 3: size: 3, coverage: 8.75%, cost: 3.0
[2024-10-06 18:55:27,382][INFO] Step 4: size: 4, coverage: 11.25%, cost: 4.0
[2024-10-06 18:55:27,398][INFO] Step 5: size: 5, coverage: 13.75%, cost: 5.0
[2024-10-06 18:55:27,413][INFO] Step 6: size: 6, coverage: 16.25%, cost: 6.0
[2024-10-06 18:55:27,429][INFO] Step 7: size: 7, coverage: 18.50%, cost: 7.0
[2024-10-06 18:55:27,445][INFO] Step 8: size: 8, coverage: 20.75%, cost: 8.0
[2024-10-06 18:55:27,460][INFO] Step 9: size: 9, coverage: 23.00%, cost: 9.0
[2024-10-06 18:55:27,476][INFO] Step 10: size: 10, coverage: 25.00%, cost: 10.0
[2024-10-06 18:55:27,491][INFO] Step 11: size: 11, coverage: 27.00%, cost: 11.0
[2024-10-06 18:55:27,507][INFO] Step 12: size: 12, coverage: 28.75%, cost: 12.0
[2024-10-06 18:55:27,522][INFO] Step 13: size: 13, coverage: 30.50%, cost: 13.0
[2024-10-06 18:55:27,537][INFO] Step 14: size: 14, coverage: 32.25%, cost: 14.0
[2024-10-06 18:55:27,553][INFO] Step 15: size: 15, coverage: 33.75%, cost: 15.0
[2024-10-06 18:55:27,569][INFO] Step 16: size: 16, coverage: 35.25%, cost: 16.0
[2024-10-06 18:55:27,584][INFO] Step 17: size: 17, coverage: 36.75%, cost: 17.0
[2024-10-06 18:55:27,600][INFO] Step 18: size: 18, coverage: 38.00%, cost: 18.0
[2024-10-06 18:55:27,616][INFO] Step 19: size: 19, coverage: 39.25%, cost: 19.0
[2024-10-06 18:55:27,631][INFO] Step 20: size: 20, coverage: 40.50%, cost: 20.0
[2024-10-06 18:55:27,647][INFO] Step 21: size: 21, coverage: 43.00%, cost: 22.0
[2024-10-06 18:55:27,663][INFO] Step 22: size: 22, coverage: 45.25%, cost: 24.0
[2024-10-06 18:55:27,678][INFO] Step 23: size: 23, coverage: 46.25%, cost: 25.0
[2024-10-06 18:55:27,694][INFO] Step 24: size: 24, coverage: 47.25%, cost: 26.0
[2024-10-06 18:55:27,710][INFO] Step 25: size: 25, coverage: 48.25%, cost: 27.0
[2024-10-06 18:55:27,725][INFO] Step 26: size: 26, coverage: 49.25%, cost: 28.0
[2024-10-06 18:55:27,741][INFO] Step 27: size: 27, coverage: 50.25%, cost: 29.0
[2024-10-06 18:55:27,757][INFO] Step 28: size: 28, coverage: 51.25%, cost: 30.0
[2024-10-06 18:55:27,773][INFO] Step 29: size: 29, coverage: 53.25%, cost: 32.0
[2024-10-06 18:55:27,789][INFO] Step 30: size: 30, coverage: 55.00%, cost: 34.0
[2024-10-06 18:55:27,805][INFO] Step 31: size: 31, coverage: 56.75%, cost: 36.0
[2024-10-06 18:55:27,821][INFO] Step 32: size: 32, coverage: 57.50%, cost: 37.0
[2024-10-06 18:55:27,837][INFO] Step 33: size: 33, coverage: 59.00%, cost: 39.0
[2024-10-06 18:55:27,853][INFO] Step 34: size: 34, coverage: 60.25%, cost: 41.0
[2024-10-06 18:55:27,869][INFO] Step 35: size: 35, coverage: 61.50%, cost: 43.0
[2024-10-06 18:55:27,885][INFO] Step 36: size: 36, coverage: 62.75%, cost: 45.0
[2024-10-06 18:55:27,901][INFO] Step 37: size: 37, coverage: 64.00%, cost: 47.0
[2024-10-06 18:55:27,917][INFO] Step 38: size: 38, coverage: 65.75%, cost: 50.0
[2024-10-06 18:55:27,933][INFO] Step 39: size: 39, coverage: 68.00%, cost: 54.0
[2024-10-06 18:55:27,949][INFO] Step 40: size: 40, coverage: 68.50%, cost: 55.0
[2024-10-06 18:55:27,964][INFO] Step 41: size: 41, coverage: 69.00%, cost: 56.0
[2024-10-06 18:55:27,980][INFO] Step 42: size: 42, coverage: 69.50%, cost: 57.0
[2024-10-06 18:55:27,996][INFO] Step 43: size: 43, coverage: 70.00%, cost: 58.0
[2024-10-06 18:55:28,012][INFO] Step 44: size: 44, coverage: 70.50%, cost: 59.0
[2024-10-06 18:55:28,028][INFO] Step 45: size: 45, coverage: 71.00%, cost: 60.0
[2024-10-06 18:55:28,044][INFO] Step 46: size: 46, coverage: 72.00%, cost: 62.0
[2024-10-06 18:55:28,060][INFO] Step 47: size: 47, coverage: 73.00%, cost: 64.0
[2024-10-06 18:55:28,076][INFO] Step 48: size: 48, coverage: 74.00%, cost: 66.0
[2024-10-06 18:55:28,092][INFO] Step 49: size: 49, coverage: 75.50%, cost: 69.0
[2024-10-06 18:55:28,108][INFO] Step 50: size: 50, coverage: 76.25%, cost: 71.0
[2024-10-06 18:55:28,125][INFO] Step 51: size: 51, coverage: 77.00%, cost: 73.0
[2024-10-06 18:55:28,141][INFO] Step 52: size: 52, coverage: 77.75%, cost: 75.0
[2024-10-06 18:55:28,157][INFO] Step 53: size: 53, coverage: 79.25%, cost: 79.0
[2024-10-06 18:55:28,174][INFO] Step 54: size: 54, coverage: 80.75%, cost: 83.0
[2024-10-06 18:55:28,190][INFO] Step 55: size: 55, coverage: 81.75%, cost: 86.0
[2024-10-06 18:55:28,206][INFO] Step 56: size: 56, coverage: 83.00%, cost: 90.0
[2024-10-06 18:55:28,223][INFO] Step 57: size: 57, coverage: 83.25%, cost: 91.0
[2024-10-06 18:55:28,239][INFO] Step 58: size: 58, coverage: 83.50%, cost: 92.0
[2024-10-06 18:55:28,256][INFO] Step 59: size: 59, coverage: 83.75%, cost: 93.0
[2024-10-06 18:55:28,273][INFO] Step 60: size: 60, coverage: 84.25%, cost: 95.0
[2024-10-06 18:55:28,289][INFO] Step 61: size: 61, coverage: 84.75%, cost: 97.0
[2024-10-06 18:55:28,306][INFO] Step 62: size: 62, coverage: 85.25%, cost: 99.0
[2024-10-06 18:55:28,323][INFO] Step 63: size: 63, coverage: 85.75%, cost: 101.0
[2024-10-06 18:55:28,340][INFO] Step 64: size: 64, coverage: 87.00%, cost: 107.0
[2024-10-06 18:55:28,357][INFO] Step 65: size: 65, coverage: 88.00%, cost: 112.0
[2024-10-06 18:55:28,374][INFO] Step 66: size: 66, coverage: 88.75%, cost: 116.0
[2024-10-06 18:55:28,391][INFO] Step 67: size: 67, coverage: 89.50%, cost: 120.0
[2024-10-06 18:55:28,408][INFO] Step 68: size: 68, coverage: 90.25%, cost: 124.0
[2024-10-06 18:55:28,425][INFO] Step 69: size: 69, coverage: 90.75%, cost: 127.0
[2024-10-06 18:55:28,442][INFO] Step 70: size: 70, coverage: 91.25%, cost: 130.0
[2024-10-06 18:55:28,460][INFO] Step 71: size: 71, coverage: 91.75%, cost: 133.0
[2024-10-06 18:55:28,477][INFO] Step 72: size: 72, coverage: 92.00%, cost: 135.0
[2024-10-06 18:55:28,494][INFO] Step 73: size: 73, coverage: 92.25%, cost: 137.0
[2024-10-06 18:55:28,512][INFO] Step 74: size: 74, coverage: 92.50%, cost: 139.0
[2024-10-06 18:55:28,529][INFO] Step 75: size: 75, coverage: 92.75%, cost: 141.0
[2024-10-06 18:55:28,547][INFO] Step 76: size: 76, coverage: 93.25%, cost: 145.0
[2024-10-06 18:55:28,565][INFO] Step 77: size: 77, coverage: 94.00%, cost: 151.0
[2024-10-06 18:55:28,583][INFO] Step 78: size: 78, coverage: 94.50%, cost: 156.0
[2024-10-06 18:55:28,600][INFO] Step 79: size: 79, coverage: 95.00%, cost: 161.0
[2024-10-06 18:55:28,618][INFO] Step 80: size: 80, coverage: 95.50%, cost: 166.0
[2024-10-06 18:55:28,636][INFO] Step 81: size: 81, coverage: 96.00%, cost: 171.0
[2024-10-06 18:55:28,654][INFO] Step 82: size: 82, coverage: 96.50%, cost: 176.0
[2024-10-06 18:55:28,672][INFO] Step 83: size: 83, coverage: 96.75%, cost: 179.0
[2024-10-06 18:55:28,690][INFO] Step 84: size: 84, coverage: 97.00%, cost: 182.0
[2024-10-06 18:55:28,708][INFO] Step 85: size: 85, coverage: 97.25%, cost: 185.0
[2024-10-06 18:55:28,726][INFO] Step 86: size: 86, coverage: 97.50%, cost: 188.0
[2024-10-06 18:55:28,745][INFO] Step 87: size: 87, coverage: 97.75%, cost: 191.0
[2024-10-06 18:55:28,763][INFO] Step 88: size: 88, coverage: 98.00%, cost: 194.0
[2024-10-06 18:55:28,782][INFO] Step 89: size: 89, coverage: 98.25%, cost: 198.0
[2024-10-06 18:55:28,800][INFO] Step 90: size: 90, coverage: 98.50%, cost: 202.0
[2024-10-06 18:55:28,819][INFO] Step 91: size: 91, coverage: 98.75%, cost: 206.0
[2024-10-06 18:55:28,838][INFO] Step 92: size: 92, coverage: 99.00%, cost: 210.0
[2024-10-06 18:55:28,856][INFO] Step 93: size: 93, coverage: 99.25%, cost: 215.0
[2024-10-06 18:55:28,875][INFO] Step 94: size: 94, coverage: 99.50%, cost: 220.0
[2024-10-06 18:55:28,894][INFO] Step 95: size: 95, coverage: 99.75%, cost: 225.0
[2024-10-06 18:55:28,913][INFO] Step 96: size: 96, coverage: 100.00%, cost: 233.0
[2024-10-06 18:55:28,917][INFO] Size: 96 -> 90
[2024-10-06 18:55:28,917][INFO] Cost: 233.0 -> 224.0
[2024-10-06 19:03:44,491][INFO] Step 1: size: 1, coverage: 3.25%, cost: 1.0
[2024-10-06 19:03:44,506][INFO] Step 2: size: 2, coverage: 6.25%, cost: 2.0
[2024-10-06 19:03:44,522][INFO] Step 3: size: 3, coverage: 8.75%, cost: 3.0
[2024-10-06 19:03:44,538][INFO] Step 4: size: 4, coverage: 11.25%, cost: 4.0
[2024-10-06 19:03:44,554][INFO] Step 5: size: 5, coverage: 13.75%, cost: 5.0
[2024-10-06 19:03:44,570][INFO] Step 6: size: 6, coverage: 16.25%, cost: 6.0
[2024-10-06 19:03:44,585][INFO] Step 7: size: 7, coverage: 18.50%, cost: 7.0
[2024-10-06 19:03:44,601][INFO] Step 8: size: 8, coverage: 20.75%, cost: 8.0
[2024-10-06 19:03:44,617][INFO] Step 9: size: 9, coverage: 23.00%, cost: 9.0
[2024-10-06 19:03:44,633][INFO] Step 10: size: 10, coverage: 25.00%, cost: 10.0
[2024-10-06 19:03:44,649][INFO] Step 11: size: 11, coverage: 27.00%, cost: 11.0
[2024-10-06 19:03:44,664][INFO] Step 12: size: 12, coverage: 28.75%, cost: 12.0
[2024-10-06 19:03:44,681][INFO] Step 13: size: 13, coverage: 30.50%, cost: 13.0
[2024-10-06 19:03:44,697][INFO] Step 14: size: 14, coverage: 32.25%, cost: 14.0
[2024-10-06 19:03:44,713][INFO] Step 15: size: 15, coverage: 33.75%, cost: 15.0
[2024-10-06 19:03:44,729][INFO] Step 16: size: 16, coverage: 35.25%, cost: 16.0
[2024-10-06 19:03:44,745][INFO] Step 17: size: 17, coverage: 36.75%, cost: 17.0
[2024-10-06 19:03:44,761][INFO] Step 18: size: 18, coverage: 38.00%, cost: 18.0
[2024-10-06 19:03:44,777][INFO] Step 19: size: 19, coverage: 39.25%, cost: 19.0
[2024-10-06 19:03:44,793][INFO] Step 20: size: 20, coverage: 40.50%, cost: 20.0
[2024-10-06 19:03:44,809][INFO] Step 21: size: 21, coverage: 43.00%, cost: 22.0
[2024-10-06 19:03:44,825][INFO] Step 22: size: 22, coverage: 45.25%, cost: 24.0
[2024-10-06 19:03:44,841][INFO] Step 23: size: 23, coverage: 46.25%, cost: 25.0
[2024-10-06 19:03:44,857][INFO] Step 24: size: 24, coverage: 47.25%, cost: 26.0
[2024-10-06 19:03:44,873][INFO] Step 25: size: 25, coverage: 48.25%, cost: 27.0
[2024-10-06 19:03:44,889][INFO] Step 26: size: 26, coverage: 49.25%, cost: 28.0
[2024-10-06 19:03:44,905][INFO] Step 27: size: 27, coverage: 50.25%, cost: 29.0
[2024-10-06 19:03:44,921][INFO] Step 28: size: 28, coverage: 51.25%, cost: 30.0
[2024-10-06 19:03:44,937][INFO] Step 29: size: 29, coverage: 53.25%, cost: 32.0
[2024-10-06 19:03:44,953][INFO] Step 30: size: 30, coverage: 55.00%, cost: 34.0
[2024-10-06 19:03:44,969][INFO] Step 31: size: 31, coverage: 56.75%, cost: 36.0
[2024-10-06 19:03:44,985][INFO] Step 32: size: 32, coverage: 57.50%, cost: 37.0
[2024-10-06 19:03:45,001][INFO] Step 33: size: 33, coverage: 59.00%, cost: 39.0
[2024-10-06 19:03:45,017][INFO] Step 34: size: 34, coverage: 60.25%, cost: 41.0
[2024-10-06 19:03:45,033][INFO] Step 35: size: 35, coverage: 61.50%, cost: 43.0
[2024-10-06 19:03:45,049][INFO] Step 36: size: 36, coverage: 62.75%, cost: 45.0
[2024-10-06 19:03:45,065][INFO] Step 37: size: 37, coverage: 64.00%, cost: 47.0
[2024-10-06 19:03:45,082][INFO] Step 38: size: 38, coverage: 65.75%, cost: 50.0
[2024-10-06 19:03:45,098][INFO] Step 39: size: 39, coverage: 68.00%, cost: 54.0
[2024-10-06 19:03:45,114][INFO] Step 40: size: 40, coverage: 68.50%, cost: 55.0
[2024-10-06 19:03:45,130][INFO] Step 41: size: 41, coverage: 69.00%, cost: 56.0
[2024-10-06 19:03:45,146][INFO] Step 42: size: 42, coverage: 69.50%, cost: 57.0
[2024-10-06 19:03:45,162][INFO] Step 43: size: 43, coverage: 70.00%, cost: 58.0
[2024-10-06 19:03:45,178][INFO] Step 44: size: 44, coverage: 70.50%, cost: 59.0
[2024-10-06 19:03:45,195][INFO] Step 45: size: 45, coverage: 71.00%, cost: 60.0
[2024-10-06 19:03:45,211][INFO] Step 46: size: 46, coverage: 72.00%, cost: 62.0
[2024-10-06 19:03:45,227][INFO] Step 47: size: 47, coverage: 73.00%, cost: 64.0
[2024-10-06 19:03:45,244][INFO] Step 48: size: 48, coverage: 74.00%, cost: 66.0
[2024-10-06 19:03:45,260][INFO] Step 49: size: 49, coverage: 75.50%, cost: 69.0
[2024-10-06 19:03:45,276][INFO] Step 50: size: 50, coverage: 76.25%, cost: 71.0
[2024-10-06 19:03:45,293][INFO] Step 51: size: 51, coverage: 77.00%, cost: 73.0
[2024-10-06 19:03:45,309][INFO] Step 52: size: 52, coverage: 77.75%, cost: 75.0
[2024-10-06 19:03:45,326][INFO] Step 53: size: 53, coverage: 79.25%, cost: 79.0
[2024-10-06 19:03:45,343][INFO] Step 54: size: 54, coverage: 80.75%, cost: 83.0
[2024-10-06 19:03:45,359][INFO] Step 55: size: 55, coverage: 81.75%, cost: 86.0
[2024-10-06 19:03:45,376][INFO] Step 56: size: 56, coverage: 83.00%, cost: 90.0
[2024-10-06 19:03:45,393][INFO] Step 57: size: 57, coverage: 83.25%, cost: 91.0
[2024-10-06 19:03:45,410][INFO] Step 58: size: 58, coverage: 83.50%, cost: 92.0
[2024-10-06 19:03:45,426][INFO] Step 59: size: 59, coverage: 83.75%, cost: 93.0
[2024-10-06 19:03:45,443][INFO] Step 60: size: 60, coverage: 84.25%, cost: 95.0
[2024-10-06 19:03:45,460][INFO] Step 61: size: 61, coverage: 84.75%, cost: 97.0
[2024-10-06 19:03:45,477][INFO] Step 62: size: 62, coverage: 85.25%, cost: 99.0
[2024-10-06 19:03:45,494][INFO] Step 63: size: 63, coverage: 85.75%, cost: 101.0
[2024-10-06 19:03:45,512][INFO] Step 64: size: 64, coverage: 87.00%, cost: 107.0
[2024-10-06 19:03:45,529][INFO] Step 65: size: 65, coverage: 88.00%, cost: 112.0
[2024-10-06 19:03:45,546][INFO] Step 66: size: 66, coverage: 88.75%, cost: 116.0
[2024-10-06 19:03:45,563][INFO] Step 67: size: 67, coverage: 89.50%, cost: 120.0
[2024-10-06 19:03:45,580][INFO] Step 68: size: 68, coverage: 90.25%, cost: 124.0
[2024-10-06 19:03:45,598][INFO] Step 69: size: 69, coverage: 90.75%, cost: 127.0
[2024-10-06 19:03:45,615][INFO] Step 70: size: 70, coverage: 91.25%, cost: 130.0
[2024-10-06 19:03:45,633][INFO] Step 71: size: 71, coverage: 91.75%, cost: 133.0
[2024-10-06 19:03:45,650][INFO] Step 72: size: 72, coverage: 92.00%, cost: 135.0
[2024-10-06 19:03:45,668][INFO] Step 73: size: 73, coverage: 92.25%, cost: 137.0
[2024-10-06 19:03:45,686][INFO] Step 74: size: 74, coverage: 92.50%, cost: 139.0
[2024-10-06 19:03:45,703][INFO] Step 75: size: 75, coverage: 92.75%, cost: 141.0
[2024-10-06 19:03:45,721][INFO] Step 76: size: 76, coverage: 93.25%, cost: 145.0
[2024-10-06 19:03:45,739][INFO] Step 77: size: 77, coverage: 94.00%, cost: 151.0
[2024-10-06 19:03:45,757][INFO] Step 78: size: 78, coverage: 94.50%, cost: 156.0
[2024-10-06 19:03:45,775][INFO] Step 79: size: 79, coverage: 95.00%, cost: 161.0
[2024-10-06 19:03:45,793][INFO] Step 80: size: 80, coverage: 95.50%, cost: 166.0
[2024-10-06 19:03:45,811][INFO] Step 81: size: 81, coverage: 96.00%, cost: 171.0
[2024-10-06 19:03:45,829][INFO] Step 82: size: 82, coverage: 96.50%, cost: 176.0
[2024-10-06 19:03:45,847][INFO] Step 83: size: 83, coverage: 96.75%, cost: 179.0
[2024-10-06 19:03:45,865][INFO] Step 84: size: 84, coverage: 97.00%, cost: 182.0
[2024-10-06 19:03:45,884][INFO] Step 85: size: 85, coverage: 97.25%, cost: 185.0
[2024-10-06 19:03:45,902][INFO] Step 86: size: 86, coverage: 97.50%, cost: 188.0
[2024-10-06 19:03:45,921][INFO] Step 87: size: 87, coverage: 97.75%, cost: 191.0
[2024-10-06 19:03:45,939][INFO] Step 88: size: 88, coverage: 98.00%, cost: 194.0
[2024-10-06 19:03:45,958][INFO] Step 89: size: 89, coverage: 98.25%, cost: 198.0
[2024-10-06 19:03:45,976][INFO] Step 90: size: 90, coverage: 98.50%, cost: 202.0
[2024-10-06 19:03:45,995][INFO] Step 91: size: 91, coverage: 98.75%, cost: 206.0
[2024-10-06 19:03:46,014][INFO] Step 92: size: 92, coverage: 99.00%, cost: 210.0
[2024-10-06 19:03:46,033][INFO] Step 93: size: 93, coverage: 99.25%, cost: 215.0
[2024-10-06 19:03:46,051][INFO] Step 94: size: 94, coverage: 99.50%, cost: 220.0
[2024-10-06 19:03:46,071][INFO] Step 95: size: 95, coverage: 99.75%, cost: 225.0
[2024-10-06 19:03:46,090][INFO] Step 96: size: 96, coverage: 100.00%, cost: 233.0
[2024-10-06 19:03:46,093][INFO] Size: 96 -> 90
[2024-10-06 19:03:46,093][INFO] Cost: 233.0 -> 224.0
[2024-10-06 22:18:21,532][INFO] Step 1: size: 1, coverage: 3.25%, cost: 1.0
[2024-10-06 22:18:21,548][INFO] Step 2: size: 2, coverage: 6.25%, cost: 2.0
[2024-10-06 22:18:21,563][INFO] Step 3: size: 3, coverage: 8.75%, cost: 3.0
[2024-10-06 22:18:21,579][INFO] Step 4: size: 4, coverage: 11.25%, cost: 4.0
[2024-10-06 22:18:21,594][INFO] Step 5: size: 5, coverage: 13.75%, cost: 5.0
[2024-10-06 22:18:21,610][INFO] Step 6: size: 6, coverage: 16.25%, cost: 6.0
[2024-10-06 22:18:21,625][INFO] Step 7: size: 7, coverage: 18.50%, cost: 7.0
[2024-10-06 22:18:21,640][INFO] Step 8: size: 8, coverage: 20.75%, cost: 8.0
[2024-10-06 22:18:21,656][INFO] Step 9: size: 9, coverage: 23.00%, cost: 9.0
[2024-10-06 22:18:21,671][INFO] Step 10: size: 10, coverage: 25.00%, cost: 10.0
[2024-10-06 22:18:21,687][INFO] Step 11: size: 11, coverage: 27.00%, cost: 11.0
[2024-10-06 22:18:21,702][INFO] Step 12: size: 12, coverage: 28.75%, cost: 12.0
[2024-10-06 22:18:21,718][INFO] Step 13: size: 13, coverage: 30.50%, cost: 13.0
[2024-10-06 22:18:21,733][INFO] Step 14: size: 14, coverage: 32.25%, cost: 14.0
[2024-10-06 22:18:21,749][INFO] Step 15: size: 15, coverage: 33.75%, cost: 15.0
[2024-10-06 22:18:21,764][INFO] Step 16: size: 16, coverage: 35.25%, cost: 16.0
[2024-10-06 22:18:21,780][INFO] Step 17: size: 17, coverage: 36.75%, cost: 17.0
[2024-10-06 22:18:21,796][INFO] Step 18: size: 18, coverage: 38.00%, cost: 18.0
[2024-10-06 22:18:21,812][INFO] Step 19: size: 19, coverage: 39.25%, cost: 19.0
[2024-10-06 22:18:21,827][INFO] Step 20: size: 20, coverage: 40.50%, cost: 20.0
[2024-10-06 22:18:21,843][INFO] Step 21: size: 21, coverage: 43.00%, cost: 22.0
[2024-10-06 22:18:21,859][INFO] Step 22: size: 22, coverage: 45.25%, cost: 24.0
[2024-10-06 22:18:21,875][INFO] Step 23: size: 23, coverage: 46.25%, cost: 25.0
[2024-10-06 22:18:21,890][INFO] Step 24: size: 24, coverage: 47.25%, cost: 26.0
[2024-10-06 22:18:21,906][INFO] Step 25: size: 25, coverage: 48.25%, cost: 27.0
[2024-10-06 22:18:21,922][INFO] Step 26: size: 26, coverage: 49.25%, cost: 28.0
[2024-10-06 22:18:21,938][INFO] Step 27: size: 27, coverage: 50.25%, cost: 29.0
[2024-10-06 22:18:21,954][INFO] Step 28: size: 28, coverage: 51.25%, cost: 30.0
[2024-10-06 22:18:21,970][INFO] Step 29: size: 29, coverage: 53.25%, cost: 32.0
[2024-10-06 22:18:21,986][INFO] Step 30: size: 30, coverage: 55.00%, cost: 34.0
[2024-10-06 22:18:22,002][INFO] Step 31: size: 31, coverage: 56.75%, cost: 36.0
[2024-10-06 22:18:22,018][INFO] Step 32: size: 32, coverage: 57.50%, cost: 37.0
[2024-10-06 22:18:22,034][INFO] Step 33: size: 33, coverage: 59.00%, cost: 39.0
[2024-10-06 22:18:22,050][INFO] Step 34: size: 34, coverage: 60.25%, cost: 41.0
[2024-10-06 22:18:22,066][INFO] Step 35: size: 35, coverage: 61.50%, cost: 43.0
[2024-10-06 22:18:22,082][INFO] Step 36: size: 36, coverage: 62.75%, cost: 45.0
[2024-10-06 22:18:22,098][INFO] Step 37: size: 37, coverage: 64.00%, cost: 47.0
[2024-10-06 22:18:22,114][INFO] Step 38: size: 38, coverage: 65.75%, cost: 50.0
[2024-10-06 22:18:22,130][INFO] Step 39: size: 39, coverage: 68.00%, cost: 54.0
[2024-10-06 22:18:22,146][INFO] Step 40: size: 40, coverage: 68.50%, cost: 55.0
[2024-10-06 22:18:22,162][INFO] Step 41: size: 41, coverage: 69.00%, cost: 56.0
[2024-10-06 22:18:22,178][INFO] Step 42: size: 42, coverage: 69.50%, cost: 57.0
[2024-10-06 22:18:22,194][INFO] Step 43: size: 43, coverage: 70.00%, cost: 58.0
[2024-10-06 22:18:22,210][INFO] Step 44: size: 44, coverage: 70.50%, cost: 59.0
[2024-10-06 22:18:22,227][INFO] Step 45: size: 45, coverage: 71.00%, cost: 60.0
[2024-10-06 22:18:22,243][INFO] Step 46: size: 46, coverage: 72.00%, cost: 62.0
[2024-10-06 22:18:22,259][INFO] Step 47: size: 47, coverage: 73.00%, cost: 64.0
[2024-10-06 22:18:22,275][INFO] Step 48: size: 48, coverage: 74.00%, cost: 66.0
[2024-10-06 22:18:22,292][INFO] Step 49: size: 49, coverage: 75.50%, cost: 69.0
[2024-10-06 22:18:22,308][INFO] Step 50: size: 50, coverage: 76.25%, cost: 71.0
[2024-10-06 22:18:22,325][INFO] Step 51: size: 51, coverage: 77.00%, cost: 73.0
[2024-10-06 22:18:22,341][INFO] Step 52: size: 52, coverage: 77.75%, cost: 75.0
[2024-10-06 22:18:22,358][INFO] Step 53: size: 53, coverage: 79.25%, cost: 79.0
[2024-10-06 22:18:22,374][INFO] Step 54: size: 54, coverage: 80.75%, cost: 83.0
[2024-10-06 22:18:22,391][INFO] Step 55: size: 55, coverage: 81.75%, cost: 86.0
[2024-10-06 22:18:22,407][INFO] Step 56: size: 56, coverage: 83.00%, cost: 90.0
[2024-10-06 22:18:22,424][INFO] Step 57: size: 57, coverage: 83.25%, cost: 91.0
[2024-10-06 22:18:22,441][INFO] Step 58: size: 58, coverage: 83.50%, cost: 92.0
[2024-10-06 22:18:22,457][INFO] Step 59: size: 59, coverage: 83.75%, cost: 93.0
[2024-10-06 22:18:22,474][INFO] Step 60: size: 60, coverage: 84.25%, cost: 95.0
[2024-10-06 22:18:22,491][INFO] Step 61: size: 61, coverage: 84.75%, cost: 97.0
[2024-10-06 22:18:22,508][INFO] Step 62: size: 62, coverage: 85.25%, cost: 99.0
[2024-10-06 22:18:22,525][INFO] Step 63: size: 63, coverage: 85.75%, cost: 101.0
[2024-10-06 22:18:22,542][INFO] Step 64: size: 64, coverage: 87.00%, cost: 107.0
[2024-10-06 22:18:22,559][INFO] Step 65: size: 65, coverage: 88.00%, cost: 112.0
[2024-10-06 22:18:22,576][INFO] Step 66: size: 66, coverage: 88.75%, cost: 116.0
[2024-10-06 22:18:22,593][INFO] Step 67: size: 67, coverage: 89.50%, cost: 120.0
[2024-10-06 22:18:22,611][INFO] Step 68: size: 68, coverage: 90.25%, cost: 124.0
[2024-10-06 22:18:22,628][INFO] Step 69: size: 69, coverage: 90.75%, cost: 127.0
[2024-10-06 22:18:22,645][INFO] Step 70: size: 70, coverage: 91.25%, cost: 130.0
[2024-10-06 22:18:22,663][INFO] Step 71: size: 71, coverage: 91.75%, cost: 133.0
[2024-10-06 22:18:22,680][INFO] Step 72: size: 72, coverage: 92.00%, cost: 135.0
[2024-10-06 22:18:22,698][INFO] Step 73: size: 73, coverage: 92.25%, cost: 137.0
[2024-10-06 22:18:22,715][INFO] Step 74: size: 74, coverage: 92.50%, cost: 139.0
[2024-10-06 22:18:22,733][INFO] Step 75: size: 75, coverage: 92.75%, cost: 141.0
[2024-10-06 22:18:22,751][INFO] Step 76: size: 76, coverage: 93.25%, cost: 145.0
[2024-10-06 22:18:22,769][INFO] Step 77: size: 77, coverage: 94.00%, cost: 151.0
[2024-10-06 22:18:22,786][INFO] Step 78: size: 78, coverage: 94.50%, cost: 156.0
[2024-10-06 22:18:22,804][INFO] Step 79: size: 79, coverage: 95.00%, cost: 161.0
[2024-10-06 22:18:22,822][INFO] Step 80: size: 80, coverage: 95.50%, cost: 166.0
[2024-10-06 22:18:22,840][INFO] Step 81: size: 81, coverage: 96.00%, cost: 171.0
[2024-10-06 22:18:22,859][INFO] Step 82: size: 82, coverage: 96.50%, cost: 176.0
[2024-10-06 22:18:22,877][INFO] Step 83: size: 83, coverage: 96.75%, cost: 179.0
[2024-10-06 22:18:22,895][INFO] Step 84: size: 84, coverage: 97.00%, cost: 182.0
[2024-10-06 22:18:22,913][INFO] Step 85: size: 85, coverage: 97.25%, cost: 185.0
[2024-10-06 22:18:22,932][INFO] Step 86: size: 86, coverage: 97.50%, cost: 188.0
[2024-10-06 22:18:22,950][INFO] Step 87: size: 87, coverage: 97.75%, cost: 191.0
[2024-10-06 22:18:22,969][INFO] Step 88: size: 88, coverage: 98.00%, cost: 194.0
[2024-10-06 22:18:22,987][INFO] Step 89: size: 89, coverage: 98.25%, cost: 198.0
[2024-10-06 22:18:23,006][INFO] Step 90: size: 90, coverage: 98.50%, cost: 202.0
[2024-10-06 22:18:23,025][INFO] Step 91: size: 91, coverage: 98.75%, cost: 206.0
[2024-10-06 22:18:23,044][INFO] Step 92: size: 92, coverage: 99.00%, cost: 210.0
[2024-10-06 22:18:23,063][INFO] Step 93: size: 93, coverage: 99.25%, cost: 215.0
[2024-10-06 22:18:23,081][INFO] Step 94: size: 94, coverage: 99.50%, cost: 220.0
[2024-10-06 22:18:23,101][INFO] Step 95: size: 95, coverage: 99.75%, cost: 225.0
[2024-10-06 22:18:23,120][INFO] Step 96: size: 96, coverage: 100.00%, cost: 233.0
[2024-10-06 22:18:23,124][INFO] Size: 96 -> 90
[2024-10-06 22:18:23,124][INFO] Cost: 233.0 -> 224.0
[2024-10-06 22:21:23,458][INFO] Step 1: size: 1, coverage: 3.25%, cost: 1.0
[2024-10-06 22:21:23,473][INFO] Step 2: size: 2, coverage: 6.25%, cost: 2.0
[2024-10-06 22:21:23,489][INFO] Step 3: size: 3, coverage: 8.75%, cost: 3.0
[2024-10-06 22:21:23,505][INFO] Step 4: size: 4, coverage: 11.25%, cost: 4.0
[2024-10-06 22:21:23,520][INFO] Step 5: size: 5, coverage: 13.75%, cost: 5.0
[2024-10-06 22:21:23,536][INFO] Step 6: size: 6, coverage: 16.25%, cost: 6.0
[2024-10-06 22:21:23,551][INFO] Step 7: size: 7, coverage: 18.50%, cost: 7.0
[2024-10-06 22:21:23,567][INFO] Step 8: size: 8, coverage: 20.75%, cost: 8.0
[2024-10-06 22:21:23,582][INFO] Step 9: size: 9, coverage: 23.00%, cost: 9.0
[2024-10-06 22:21:23,598][INFO] Step 10: size: 10, coverage: 25.00%, cost: 10.0
[2024-10-06 22:21:23,614][INFO] Step 11: size: 11, coverage: 27.00%, cost: 11.0
[2024-10-06 22:21:23,629][INFO] Step 12: size: 12, coverage: 28.75%, cost: 12.0
[2024-10-06 22:21:23,645][INFO] Step 13: size: 13, coverage: 30.50%, cost: 13.0
[2024-10-06 22:21:23,660][INFO] Step 14: size: 14, coverage: 32.25%, cost: 14.0
[2024-10-06 22:21:23,676][INFO] Step 15: size: 15, coverage: 33.75%, cost: 15.0
[2024-10-06 22:21:23,692][INFO] Step 16: size: 16, coverage: 35.25%, cost: 16.0
[2024-10-06 22:21:23,707][INFO] Step 17: size: 17, coverage: 36.75%, cost: 17.0
[2024-10-06 22:21:23,723][INFO] Step 18: size: 18, coverage: 38.00%, cost: 18.0
[2024-10-06 22:21:23,739][INFO] Step 19: size: 19, coverage: 39.25%, cost: 19.0
[2024-10-06 22:21:23,754][INFO] Step 20: size: 20, coverage: 40.50%, cost: 20.0
[2024-10-06 22:21:23,770][INFO] Step 21: size: 21, coverage: 43.00%, cost: 22.0
[2024-10-06 22:21:23,786][INFO] Step 22: size: 22, coverage: 45.25%, cost: 24.0
[2024-10-06 22:21:23,802][INFO] Step 23: size: 23, coverage: 46.25%, cost: 25.0
[2024-10-06 22:21:23,817][INFO] Step 24: size: 24, coverage: 47.25%, cost: 26.0
[2024-10-06 22:21:23,833][INFO] Step 25: size: 25, coverage: 48.25%, cost: 27.0
[2024-10-06 22:21:23,849][INFO] Step 26: size: 26, coverage: 49.25%, cost: 28.0
[2024-10-06 22:21:23,865][INFO] Step 27: size: 27, coverage: 50.25%, cost: 29.0
[2024-10-06 22:21:23,881][INFO] Step 28: size: 28, coverage: 51.25%, cost: 30.0
[2024-10-06 22:21:23,897][INFO] Step 29: size: 29, coverage: 53.25%, cost: 32.0
[2024-10-06 22:21:23,913][INFO] Step 30: size: 30, coverage: 55.00%, cost: 34.0
[2024-10-06 22:21:23,929][INFO] Step 31: size: 31, coverage: 56.75%, cost: 36.0
[2024-10-06 22:21:23,945][INFO] Step 32: size: 32, coverage: 57.50%, cost: 37.0
[2024-10-06 22:21:23,961][INFO] Step 33: size: 33, coverage: 59.00%, cost: 39.0
[2024-10-06 22:21:23,977][INFO] Step 34: size: 34, coverage: 60.25%, cost: 41.0
[2024-10-06 22:21:23,993][INFO] Step 35: size: 35, coverage: 61.50%, cost: 43.0
[2024-10-06 22:21:24,009][INFO] Step 36: size: 36, coverage: 62.75%, cost: 45.0
[2024-10-06 22:21:24,025][INFO] Step 37: size: 37, coverage: 64.00%, cost: 47.0
[2024-10-06 22:21:24,041][INFO] Step 38: size: 38, coverage: 65.75%, cost: 50.0
[2024-10-06 22:21:24,058][INFO] Step 39: size: 39, coverage: 68.00%, cost: 54.0
[2024-10-06 22:21:24,073][INFO] Step 40: size: 40, coverage: 68.50%, cost: 55.0
[2024-10-06 22:21:24,090][INFO] Step 41: size: 41, coverage: 69.00%, cost: 56.0
[2024-10-06 22:21:24,106][INFO] Step 42: size: 42, coverage: 69.50%, cost: 57.0
[2024-10-06 22:21:24,122][INFO] Step 43: size: 43, coverage: 70.00%, cost: 58.0
[2024-10-06 22:21:24,139][INFO] Step 44: size: 44, coverage: 70.50%, cost: 59.0
[2024-10-06 22:21:24,155][INFO] Step 45: size: 45, coverage: 71.00%, cost: 60.0
[2024-10-06 22:21:24,171][INFO] Step 46: size: 46, coverage: 72.00%, cost: 62.0
[2024-10-06 22:21:24,188][INFO] Step 47: size: 47, coverage: 73.00%, cost: 64.0
[2024-10-06 22:21:24,204][INFO] Step 48: size: 48, coverage: 74.00%, cost: 66.0
[2024-10-06 22:21:24,220][INFO] Step 49: size: 49, coverage: 75.50%, cost: 69.0
[2024-10-06 22:21:24,237][INFO] Step 50: size: 50, coverage: 76.25%, cost: 71.0
[2024-10-06 22:21:24,253][INFO] Step 51: size: 51, coverage: 77.00%, cost: 73.0
[2024-10-06 22:21:24,270][INFO] Step 52: size: 52, coverage: 77.75%, cost: 75.0
[2024-10-06 22:21:24,287][INFO] Step 53: size: 53, coverage: 79.25%, cost: 79.0
[2024-10-06 22:21:24,303][INFO] Step 54: size: 54, coverage: 80.75%, cost: 83.0
[2024-10-06 22:21:24,320][INFO] Step 55: size: 55, coverage: 81.75%, cost: 86.0
[2024-10-06 22:21:24,337][INFO] Step 56: size: 56, coverage: 83.00%, cost: 90.0
[2024-10-06 22:21:24,353][INFO] Step 57: size: 57, coverage: 83.25%, cost: 91.0
[2024-10-06 22:21:24,370][INFO] Step 58: size: 58, coverage: 83.50%, cost: 92.0
[2024-10-06 22:21:24,387][INFO] Step 59: size: 59, coverage: 83.75%, cost: 93.0
[2024-10-06 22:21:24,404][INFO] Step 60: size: 60, coverage: 84.25%, cost: 95.0
[2024-10-06 22:21:24,421][INFO] Step 61: size: 61, coverage: 84.75%, cost: 97.0
[2024-10-06 22:21:24,438][INFO] Step 62: size: 62, coverage: 85.25%, cost: 99.0
[2024-10-06 22:21:24,455][INFO] Step 63: size: 63, coverage: 85.75%, cost: 101.0
[2024-10-06 22:21:24,472][INFO] Step 64: size: 64, coverage: 87.00%, cost: 107.0
[2024-10-06 22:21:24,489][INFO] Step 65: size: 65, coverage: 88.00%, cost: 112.0
[2024-10-06 22:21:24,507][INFO] Step 66: size: 66, coverage: 88.75%, cost: 116.0
[2024-10-06 22:21:24,524][INFO] Step 67: size: 67, coverage: 89.50%, cost: 120.0
[2024-10-06 22:21:24,541][INFO] Step 68: size: 68, coverage: 90.25%, cost: 124.0
[2024-10-06 22:21:24,558][INFO] Step 69: size: 69, coverage: 90.75%, cost: 127.0
[2024-10-06 22:21:24,576][INFO] Step 70: size: 70, coverage: 91.25%, cost: 130.0
[2024-10-06 22:21:24,593][INFO] Step 71: size: 71, coverage: 91.75%, cost: 133.0
[2024-10-06 22:21:24,611][INFO] Step 72: size: 72, coverage: 92.00%, cost: 135.0
[2024-10-06 22:21:24,628][INFO] Step 73: size: 73, coverage: 92.25%, cost: 137.0
[2024-10-06 22:21:24,646][INFO] Step 74: size: 74, coverage: 92.50%, cost: 139.0
[2024-10-06 22:21:24,664][INFO] Step 75: size: 75, coverage: 92.75%, cost: 141.0
[2024-10-06 22:21:24,682][INFO] Step 76: size: 76, coverage: 93.25%, cost: 145.0
[2024-10-06 22:21:24,700][INFO] Step 77: size: 77, coverage: 94.00%, cost: 151.0
[2024-10-06 22:21:24,718][INFO] Step 78: size: 78, coverage: 94.50%, cost: 156.0
[2024-10-06 22:21:24,736][INFO] Step 79: size: 79, coverage: 95.00%, cost: 161.0
[2024-10-06 22:21:24,754][INFO] Step 80: size: 80, coverage: 95.50%, cost: 166.0
[2024-10-06 22:21:24,772][INFO] Step 81: size: 81, coverage: 96.00%, cost: 171.0
[2024-10-06 22:21:24,790][INFO] Step 82: size: 82, coverage: 96.50%, cost: 176.0
[2024-10-06 22:21:24,808][INFO] Step 83: size: 83, coverage: 96.75%, cost: 179.0
[2024-10-06 22:21:24,827][INFO] Step 84: size: 84, coverage: 97.00%, cost: 182.0
[2024-10-06 22:21:24,845][INFO] Step 85: size: 85, coverage: 97.25%, cost: 185.0
[2024-10-06 22:21:24,864][INFO] Step 86: size: 86, coverage: 97.50%, cost: 188.0
[2024-10-06 22:21:24,882][INFO] Step 87: size: 87, coverage: 97.75%, cost: 191.0
[2024-10-06 22:21:24,901][INFO] Step 88: size: 88, coverage: 98.00%, cost: 194.0
[2024-10-06 22:21:24,919][INFO] Step 89: size: 89, coverage: 98.25%, cost: 198.0
[2024-10-06 22:21:24,938][INFO] Step 90: size: 90, coverage: 98.50%, cost: 202.0
[2024-10-06 22:21:24,957][INFO] Step 91: size: 91, coverage: 98.75%, cost: 206.0
[2024-10-06 22:21:24,976][INFO] Step 92: size: 92, coverage: 99.00%, cost: 210.0
[2024-10-06 22:21:24,995][INFO] Step 93: size: 93, coverage: 99.25%, cost: 215.0
[2024-10-06 22:21:25,014][INFO] Step 94: size: 94, coverage: 99.50%, cost: 220.0
[2024-10-06 22:21:25,034][INFO] Step 95: size: 95, coverage: 99.75%, cost: 225.0
[2024-10-06 22:21:25,053][INFO] Step 96: size: 96, coverage: 100.00%, cost: 233.0
[2024-10-06 22:21:25,057][INFO] Size: 96 -> 90
[2024-10-06 22:21:25,057][INFO] Cost: 233.0 -> 224.0
