[2024-10-06 17:31:07,093][INFO] Step 1: size: 1, coverage: 7.25%, cost: 1.0
[2024-10-06 17:31:07,108][INFO] Step 2: size: 2, coverage: 13.75%, cost: 2.0
[2024-10-06 17:31:07,123][INFO] Step 3: size: 3, coverage: 20.00%, cost: 3.0
[2024-10-06 17:31:07,137][INFO] Step 4: size: 4, coverage: 25.50%, cost: 4.0
[2024-10-06 17:31:07,152][INFO] Step 5: size: 5, coverage: 30.75%, cost: 5.0
[2024-10-06 17:31:07,167][INFO] Step 6: size: 6, coverage: 36.00%, cost: 6.0
[2024-10-06 17:31:07,182][INFO] Step 7: size: 7, coverage: 40.50%, cost: 7.0
[2024-10-06 17:31:07,196][INFO] Step 8: size: 8, coverage: 44.75%, cost: 8.0
[2024-10-06 17:31:07,211][INFO] Step 9: size: 9, coverage: 48.75%, cost: 9.0
[2024-10-06 17:31:07,225][INFO] Step 10: size: 10, coverage: 52.50%, cost: 10.0
[2024-10-06 17:31:07,240][INFO] Step 11: size: 11, coverage: 55.75%, cost: 11.0
[2024-10-06 17:31:07,254][INFO] Step 12: size: 12, coverage: 59.00%, cost: 12.0
[2024-10-06 17:31:07,269][INFO] Step 13: size: 13, coverage: 62.00%, cost: 13.0
[2024-10-06 17:31:07,283][INFO] Step 14: size: 14, coverage: 64.25%, cost: 14.0
[2024-10-06 17:31:07,297][INFO] Step 15: size: 15, coverage: 66.50%, cost: 15.0
[2024-10-06 17:31:07,312][INFO] Step 16: size: 16, coverage: 68.50%, cost: 16.0
[2024-10-06 17:31:07,326][INFO] Step 17: size: 17, coverage: 70.50%, cost: 17.0
[2024-10-06 17:31:07,340][INFO] Step 18: size: 18, coverage: 72.50%, cost: 18.0
[2024-10-06 17:31:07,354][INFO] Step 19: size: 19, coverage: 74.50%, cost: 19.0
[2024-10-06 17:31:07,368][INFO] Step 20: size: 20, coverage: 76.00%, cost: 20.0
[2024-10-06 17:31:07,382][INFO] Step 21: size: 21, coverage: 77.50%, cost: 21.0
[2024-10-06 17:31:07,396][INFO] Step 22: size: 22, coverage: 79.00%, cost: 22.0
[2024-10-06 17:31:07,410][INFO] Step 23: size: 23, coverage: 80.50%, cost: 23.0
[2024-10-06 17:31:07,424][INFO] Step 24: size: 24, coverage: 81.50%, cost: 24.0
[2024-10-06 17:31:07,438][INFO] Step 25: size: 25, coverage: 82.50%, cost: 25.0
[2024-10-06 17:31:07,452][INFO] Step 26: size: 26, coverage: 83.50%, cost: 26.0
[2024-10-06 17:31:07,467][INFO] Step 27: size: 27, coverage: 84.50%, cost: 27.0
[2024-10-06 17:31:07,481][INFO] Step 28: size: 28, coverage: 85.50%, cost: 28.0
[2024-10-06 17:31:07,495][INFO] Step 29: size: 29, coverage: 86.25%, cost: 29.0
[2024-10-06 17:31:07,510][INFO] Step 30: size: 30, coverage: 87.00%, cost: 30.0
[2024-10-06 17:31:07,524][INFO] Step 31: size: 31, coverage: 87.75%, cost: 31.0
[2024-10-06 17:31:07,539][INFO] Step 32: size: 32, coverage: 88.50%, cost: 32.0
[2024-10-06 17:31:07,553][INFO] Step 33: size: 33, coverage: 89.75%, cost: 34.0
[2024-10-06 17:31:07,568][INFO] Step 34: size: 34, coverage: 90.25%, cost: 35.0
[2024-10-06 17:31:07,582][INFO] Step 35: size: 35, coverage: 90.75%, cost: 36.0
[2024-10-06 17:31:07,597][INFO] Step 36: size: 36, coverage: 91.75%, cost: 38.0
[2024-10-06 17:31:07,612][INFO] Step 37: size: 37, coverage: 93.25%, cost: 41.0
[2024-10-06 17:31:07,627][INFO] Step 38: size: 38, coverage: 94.00%, cost: 43.0
[2024-10-06 17:31:07,642][INFO] Step 39: size: 39, coverage: 94.75%, cost: 45.0
[2024-10-06 17:31:07,657][INFO] Step 40: size: 40, coverage: 95.50%, cost: 47.0
[2024-10-06 17:31:07,671][INFO] Step 41: size: 41, coverage: 96.25%, cost: 49.0
[2024-10-06 17:31:07,686][INFO] Step 42: size: 42, coverage: 96.75%, cost: 51.0
[2024-10-06 17:31:07,701][INFO] Step 43: size: 43, coverage: 97.25%, cost: 53.0
[2024-10-06 17:31:07,717][INFO] Step 44: size: 44, coverage: 97.75%, cost: 55.0
[2024-10-06 17:31:07,732][INFO] Step 45: size: 45, coverage: 98.25%, cost: 58.0
[2024-10-06 17:31:07,747][INFO] Step 46: size: 46, coverage: 98.50%, cost: 60.0
[2024-10-06 17:31:07,762][INFO] Step 47: size: 47, coverage: 98.75%, cost: 62.0
[2024-10-06 17:31:07,778][INFO] Step 48: size: 48, coverage: 99.00%, cost: 64.0
[2024-10-06 17:31:07,793][INFO] Step 49: size: 49, coverage: 99.50%, cost: 68.0
[2024-10-06 17:31:07,809][INFO] Step 50: size: 50, coverage: 99.75%, cost: 71.0
[2024-10-06 17:31:07,824][INFO] Step 51: size: 51, coverage: 100.00%, cost: 74.0
[2024-10-06 18:50:00,798][INFO] Step 1: size: 1, coverage: 7.25%, cost: 1.0
[2024-10-06 18:50:00,814][INFO] Step 2: size: 2, coverage: 13.75%, cost: 2.0
[2024-10-06 18:50:00,829][INFO] Step 3: size: 3, coverage: 20.00%, cost: 3.0
[2024-10-06 18:50:00,843][INFO] Step 4: size: 4, coverage: 25.50%, cost: 4.0
[2024-10-06 18:50:00,858][INFO] Step 5: size: 5, coverage: 30.75%, cost: 5.0
[2024-10-06 18:50:00,873][INFO] Step 6: size: 6, coverage: 36.00%, cost: 6.0
[2024-10-06 18:50:00,887][INFO] Step 7: size: 7, coverage: 40.50%, cost: 7.0
[2024-10-06 18:50:00,902][INFO] Step 8: size: 8, coverage: 44.75%, cost: 8.0
[2024-10-06 18:50:00,916][INFO] Step 9: size: 9, coverage: 48.75%, cost: 9.0
[2024-10-06 18:50:00,931][INFO] Step 10: size: 10, coverage: 52.50%, cost: 10.0
[2024-10-06 18:50:00,945][INFO] Step 11: size: 11, coverage: 55.75%, cost: 11.0
[2024-10-06 18:50:00,960][INFO] Step 12: size: 12, coverage: 59.00%, cost: 12.0
[2024-10-06 18:50:00,974][INFO] Step 13: size: 13, coverage: 62.00%, cost: 13.0
[2024-10-06 18:50:00,989][INFO] Step 14: size: 14, coverage: 64.25%, cost: 14.0
[2024-10-06 18:50:01,003][INFO] Step 15: size: 15, coverage: 66.50%, cost: 15.0
[2024-10-06 18:50:01,017][INFO] Step 16: size: 16, coverage: 68.50%, cost: 16.0
[2024-10-06 18:50:01,031][INFO] Step 17: size: 17, coverage: 70.50%, cost: 17.0
[2024-10-06 18:50:01,045][INFO] Step 18: size: 18, coverage: 72.50%, cost: 18.0
[2024-10-06 18:50:01,059][INFO] Step 19: size: 19, coverage: 74.50%, cost: 19.0
[2024-10-06 18:50:01,073][INFO] Step 20: size: 20, coverage: 76.00%, cost: 20.0
[2024-10-06 18:50:01,087][INFO] Step 21: size: 21, coverage: 77.50%, cost: 21.0
[2024-10-06 18:50:01,101][INFO] Step 22: size: 22, coverage: 79.00%, cost: 22.0
[2024-10-06 18:50:01,116][INFO] Step 23: size: 23, coverage: 80.50%, cost: 23.0
[2024-10-06 18:50:01,130][INFO] Step 24: size: 24, coverage: 81.50%, cost: 24.0
[2024-10-06 18:50:01,144][INFO] Step 25: size: 25, coverage: 82.50%, cost: 25.0
[2024-10-06 18:50:01,158][INFO] Step 26: size: 26, coverage: 83.50%, cost: 26.0
[2024-10-06 18:50:01,172][INFO] Step 27: size: 27, coverage: 84.50%, cost: 27.0
[2024-10-06 18:50:01,187][INFO] Step 28: size: 28, coverage: 85.50%, cost: 28.0
[2024-10-06 18:50:01,201][INFO] Step 29: size: 29, coverage: 86.25%, cost: 29.0
[2024-10-06 18:50:01,215][INFO] Step 30: size: 30, coverage: 87.00%, cost: 30.0
[2024-10-06 18:50:01,230][INFO] Step 31: size: 31, coverage: 87.75%, cost: 31.0
[2024-10-06 18:50:01,244][INFO] Step 32: size: 32, coverage: 88.50%, cost: 32.0
[2024-10-06 18:50:01,259][INFO] Step 33: size: 33, coverage: 89.75%, cost: 34.0
[2024-10-06 18:50:01,273][INFO] Step 34: size: 34, coverage: 90.25%, cost: 35.0
[2024-10-06 18:50:01,288][INFO] Step 35: size: 35, coverage: 90.75%, cost: 36.0
[2024-10-06 18:50:01,302][INFO] Step 36: size: 36, coverage: 91.75%, cost: 38.0
[2024-10-06 18:50:01,317][INFO] Step 37: size: 37, coverage: 93.25%, cost: 41.0
[2024-10-06 18:50:01,332][INFO] Step 38: size: 38, coverage: 94.00%, cost: 43.0
[2024-10-06 18:50:01,347][INFO] Step 39: size: 39, coverage: 94.75%, cost: 45.0
[2024-10-06 18:50:01,361][INFO] Step 40: size: 40, coverage: 95.50%, cost: 47.0
[2024-10-06 18:50:01,376][INFO] Step 41: size: 41, coverage: 96.25%, cost: 49.0
[2024-10-06 18:50:01,391][INFO] Step 42: size: 42, coverage: 96.75%, cost: 51.0
[2024-10-06 18:50:01,406][INFO] Step 43: size: 43, coverage: 97.25%, cost: 53.0
[2024-10-06 18:50:01,421][INFO] Step 44: size: 44, coverage: 97.75%, cost: 55.0
[2024-10-06 18:50:01,437][INFO] Step 45: size: 45, coverage: 98.25%, cost: 58.0
[2024-10-06 18:50:01,452][INFO] Step 46: size: 46, coverage: 98.50%, cost: 60.0
[2024-10-06 18:50:01,467][INFO] Step 47: size: 47, coverage: 98.75%, cost: 62.0
[2024-10-06 18:50:01,482][INFO] Step 48: size: 48, coverage: 99.00%, cost: 64.0
[2024-10-06 18:50:01,498][INFO] Step 49: size: 49, coverage: 99.50%, cost: 68.0
[2024-10-06 18:50:01,514][INFO] Step 50: size: 50, coverage: 99.75%, cost: 71.0
[2024-10-06 18:50:01,529][INFO] Step 51: size: 51, coverage: 100.00%, cost: 74.0
[2024-10-06 18:50:01,531][INFO] Size: 51 -> 50
[2024-10-06 18:50:01,531][INFO] Cost: 74.0 -> 73.0
[2024-10-06 18:50:01,531][INFO] Pruned solution: [np.int64(3), np.int64(6), np.int64(11), np.int64(19), np.int64(15), np.int64(22), np.int64(9), np.int64(10), np.int64(27), np.int64(13), np.int64(28), np.int64(14), np.int64(18), np.int64(32), np.int64(30), np.int64(37), np.int64(21), np.int64(58), np.int64(48), np.int64(65), np.int64(47), np.int64(62), np.int64(40), np.int64(51), np.int64(80), np.int64(0), np.int64(2), np.int64(16), np.int64(7), np.int64(34), np.int64(29), np.int64(24), np.int64(31), np.int64(26), np.int64(63), np.int64(61), np.int64(46), np.int64(108), np.int64(1), np.int64(23), np.int64(17), np.int64(42), np.int64(67), np.int64(115), np.int64(8), np.int64(12), np.int64(112), np.int64(25), np.int64(5), np.int64(79)]
[2024-10-06 18:52:22,229][INFO] Step 1: size: 1, coverage: 7.25%, cost: 1.0
[2024-10-06 18:52:22,244][INFO] Step 2: size: 2, coverage: 13.75%, cost: 2.0
[2024-10-06 18:52:22,259][INFO] Step 3: size: 3, coverage: 20.00%, cost: 3.0
[2024-10-06 18:52:22,274][INFO] Step 4: size: 4, coverage: 25.50%, cost: 4.0
[2024-10-06 18:52:22,289][INFO] Step 5: size: 5, coverage: 30.75%, cost: 5.0
[2024-10-06 18:52:22,304][INFO] Step 6: size: 6, coverage: 36.00%, cost: 6.0
[2024-10-06 18:52:22,319][INFO] Step 7: size: 7, coverage: 40.50%, cost: 7.0
[2024-10-06 18:52:22,333][INFO] Step 8: size: 8, coverage: 44.75%, cost: 8.0
[2024-10-06 18:52:22,348][INFO] Step 9: size: 9, coverage: 48.75%, cost: 9.0
[2024-10-06 18:52:22,362][INFO] Step 10: size: 10, coverage: 52.50%, cost: 10.0
[2024-10-06 18:52:22,377][INFO] Step 11: size: 11, coverage: 55.75%, cost: 11.0
[2024-10-06 18:52:22,391][INFO] Step 12: size: 12, coverage: 59.00%, cost: 12.0
[2024-10-06 18:52:22,406][INFO] Step 13: size: 13, coverage: 62.00%, cost: 13.0
[2024-10-06 18:52:22,421][INFO] Step 14: size: 14, coverage: 64.25%, cost: 14.0
[2024-10-06 18:52:22,435][INFO] Step 15: size: 15, coverage: 66.50%, cost: 15.0
[2024-10-06 18:52:22,449][INFO] Step 16: size: 16, coverage: 68.50%, cost: 16.0
[2024-10-06 18:52:22,463][INFO] Step 17: size: 17, coverage: 70.50%, cost: 17.0
[2024-10-06 18:52:22,477][INFO] Step 18: size: 18, coverage: 72.50%, cost: 18.0
[2024-10-06 18:52:22,491][INFO] Step 19: size: 19, coverage: 74.50%, cost: 19.0
[2024-10-06 18:52:22,506][INFO] Step 20: size: 20, coverage: 76.00%, cost: 20.0
[2024-10-06 18:52:22,520][INFO] Step 21: size: 21, coverage: 77.50%, cost: 21.0
[2024-10-06 18:52:22,534][INFO] Step 22: size: 22, coverage: 79.00%, cost: 22.0
[2024-10-06 18:52:22,548][INFO] Step 23: size: 23, coverage: 80.50%, cost: 23.0
[2024-10-06 18:52:22,562][INFO] Step 24: size: 24, coverage: 81.50%, cost: 24.0
[2024-10-06 18:52:22,577][INFO] Step 25: size: 25, coverage: 82.50%, cost: 25.0
[2024-10-06 18:52:22,591][INFO] Step 26: size: 26, coverage: 83.50%, cost: 26.0
[2024-10-06 18:52:22,605][INFO] Step 27: size: 27, coverage: 84.50%, cost: 27.0
[2024-10-06 18:52:22,620][INFO] Step 28: size: 28, coverage: 85.50%, cost: 28.0
[2024-10-06 18:52:22,634][INFO] Step 29: size: 29, coverage: 86.25%, cost: 29.0
[2024-10-06 18:52:22,648][INFO] Step 30: size: 30, coverage: 87.00%, cost: 30.0
[2024-10-06 18:52:22,663][INFO] Step 31: size: 31, coverage: 87.75%, cost: 31.0
[2024-10-06 18:52:22,677][INFO] Step 32: size: 32, coverage: 88.50%, cost: 32.0
[2024-10-06 18:52:22,692][INFO] Step 33: size: 33, coverage: 89.75%, cost: 34.0
[2024-10-06 18:52:22,706][INFO] Step 34: size: 34, coverage: 90.25%, cost: 35.0
[2024-10-06 18:52:22,721][INFO] Step 35: size: 35, coverage: 90.75%, cost: 36.0
[2024-10-06 18:52:22,736][INFO] Step 36: size: 36, coverage: 91.75%, cost: 38.0
[2024-10-06 18:52:22,751][INFO] Step 37: size: 37, coverage: 93.25%, cost: 41.0
[2024-10-06 18:52:22,765][INFO] Step 38: size: 38, coverage: 94.00%, cost: 43.0
[2024-10-06 18:52:22,780][INFO] Step 39: size: 39, coverage: 94.75%, cost: 45.0
[2024-10-06 18:52:22,795][INFO] Step 40: size: 40, coverage: 95.50%, cost: 47.0
[2024-10-06 18:52:22,810][INFO] Step 41: size: 41, coverage: 96.25%, cost: 49.0
[2024-10-06 18:52:22,825][INFO] Step 42: size: 42, coverage: 96.75%, cost: 51.0
[2024-10-06 18:52:22,840][INFO] Step 43: size: 43, coverage: 97.25%, cost: 53.0
[2024-10-06 18:52:22,855][INFO] Step 44: size: 44, coverage: 97.75%, cost: 55.0
[2024-10-06 18:52:22,871][INFO] Step 45: size: 45, coverage: 98.25%, cost: 58.0
[2024-10-06 18:52:22,886][INFO] Step 46: size: 46, coverage: 98.50%, cost: 60.0
[2024-10-06 18:52:22,901][INFO] Step 47: size: 47, coverage: 98.75%, cost: 62.0
[2024-10-06 18:52:22,917][INFO] Step 48: size: 48, coverage: 99.00%, cost: 64.0
[2024-10-06 18:52:22,932][INFO] Step 49: size: 49, coverage: 99.50%, cost: 68.0
[2024-10-06 18:52:22,948][INFO] Step 50: size: 50, coverage: 99.75%, cost: 71.0
[2024-10-06 18:52:22,964][INFO] Step 51: size: 51, coverage: 100.00%, cost: 74.0
[2024-10-06 18:52:22,965][INFO] Size: 51 -> 50
[2024-10-06 18:52:22,965][INFO] Cost: 74.0 -> 73.0
[2024-10-06 18:54:33,133][INFO] Step 1: size: 1, coverage: 7.25%, cost: 1.0
[2024-10-06 18:54:33,149][INFO] Step 2: size: 2, coverage: 13.75%, cost: 2.0
[2024-10-06 18:54:33,164][INFO] Step 3: size: 3, coverage: 20.00%, cost: 3.0
[2024-10-06 18:54:33,179][INFO] Step 4: size: 4, coverage: 25.50%, cost: 4.0
[2024-10-06 18:54:33,194][INFO] Step 5: size: 5, coverage: 30.75%, cost: 5.0
[2024-10-06 18:54:33,209][INFO] Step 6: size: 6, coverage: 36.00%, cost: 6.0
[2024-10-06 18:54:33,224][INFO] Step 7: size: 7, coverage: 40.50%, cost: 7.0
[2024-10-06 18:54:33,239][INFO] Step 8: size: 8, coverage: 44.75%, cost: 8.0
[2024-10-06 18:54:33,254][INFO] Step 9: size: 9, coverage: 48.75%, cost: 9.0
[2024-10-06 18:54:33,269][INFO] Step 10: size: 10, coverage: 52.50%, cost: 10.0
[2024-10-06 18:54:33,284][INFO] Step 11: size: 11, coverage: 55.75%, cost: 11.0
[2024-10-06 18:54:33,299][INFO] Step 12: size: 12, coverage: 59.00%, cost: 12.0
[2024-10-06 18:54:33,313][INFO] Step 13: size: 13, coverage: 62.00%, cost: 13.0
[2024-10-06 18:54:33,328][INFO] Step 14: size: 14, coverage: 64.25%, cost: 14.0
[2024-10-06 18:54:33,342][INFO] Step 15: size: 15, coverage: 66.50%, cost: 15.0
[2024-10-06 18:54:33,357][INFO] Step 16: size: 16, coverage: 68.50%, cost: 16.0
[2024-10-06 18:54:33,371][INFO] Step 17: size: 17, coverage: 70.50%, cost: 17.0
[2024-10-06 18:54:33,385][INFO] Step 18: size: 18, coverage: 72.50%, cost: 18.0
[2024-10-06 18:54:33,399][INFO] Step 19: size: 19, coverage: 74.50%, cost: 19.0
[2024-10-06 18:54:33,414][INFO] Step 20: size: 20, coverage: 76.00%, cost: 20.0
[2024-10-06 18:54:33,428][INFO] Step 21: size: 21, coverage: 77.50%, cost: 21.0
[2024-10-06 18:54:33,442][INFO] Step 22: size: 22, coverage: 79.00%, cost: 22.0
[2024-10-06 18:54:33,456][INFO] Step 23: size: 23, coverage: 80.50%, cost: 23.0
[2024-10-06 18:54:33,471][INFO] Step 24: size: 24, coverage: 81.50%, cost: 24.0
[2024-10-06 18:54:33,485][INFO] Step 25: size: 25, coverage: 82.50%, cost: 25.0
[2024-10-06 18:54:33,500][INFO] Step 26: size: 26, coverage: 83.50%, cost: 26.0
[2024-10-06 18:54:33,514][INFO] Step 27: size: 27, coverage: 84.50%, cost: 27.0
[2024-10-06 18:54:33,529][INFO] Step 28: size: 28, coverage: 85.50%, cost: 28.0
[2024-10-06 18:54:33,543][INFO] Step 29: size: 29, coverage: 86.25%, cost: 29.0
[2024-10-06 18:54:33,558][INFO] Step 30: size: 30, coverage: 87.00%, cost: 30.0
[2024-10-06 18:54:33,573][INFO] Step 31: size: 31, coverage: 87.75%, cost: 31.0
[2024-10-06 18:54:33,587][INFO] Step 32: size: 32, coverage: 88.50%, cost: 32.0
[2024-10-06 18:54:33,602][INFO] Step 33: size: 33, coverage: 89.75%, cost: 34.0
[2024-10-06 18:54:33,617][INFO] Step 34: size: 34, coverage: 90.25%, cost: 35.0
[2024-10-06 18:54:33,632][INFO] Step 35: size: 35, coverage: 90.75%, cost: 36.0
[2024-10-06 18:54:33,646][INFO] Step 36: size: 36, coverage: 91.75%, cost: 38.0
[2024-10-06 18:54:33,661][INFO] Step 37: size: 37, coverage: 93.25%, cost: 41.0
[2024-10-06 18:54:33,676][INFO] Step 38: size: 38, coverage: 94.00%, cost: 43.0
[2024-10-06 18:54:33,691][INFO] Step 39: size: 39, coverage: 94.75%, cost: 45.0
[2024-10-06 18:54:33,706][INFO] Step 40: size: 40, coverage: 95.50%, cost: 47.0
[2024-10-06 18:54:33,723][INFO] Step 41: size: 41, coverage: 96.25%, cost: 49.0
[2024-10-06 18:54:33,738][INFO] Step 42: size: 42, coverage: 96.75%, cost: 51.0
[2024-10-06 18:54:33,753][INFO] Step 43: size: 43, coverage: 97.25%, cost: 53.0
[2024-10-06 18:54:33,768][INFO] Step 44: size: 44, coverage: 97.75%, cost: 55.0
[2024-10-06 18:54:33,784][INFO] Step 45: size: 45, coverage: 98.25%, cost: 58.0
[2024-10-06 18:54:33,799][INFO] Step 46: size: 46, coverage: 98.50%, cost: 60.0
[2024-10-06 18:54:33,814][INFO] Step 47: size: 47, coverage: 98.75%, cost: 62.0
[2024-10-06 18:54:33,830][INFO] Step 48: size: 48, coverage: 99.00%, cost: 64.0
[2024-10-06 18:54:33,846][INFO] Step 49: size: 49, coverage: 99.50%, cost: 68.0
[2024-10-06 18:54:33,862][INFO] Step 50: size: 50, coverage: 99.75%, cost: 71.0
[2024-10-06 18:54:33,878][INFO] Step 51: size: 51, coverage: 100.00%, cost: 74.0
[2024-10-06 18:54:33,880][INFO] Size: 51 -> 50
[2024-10-06 18:54:33,880][INFO] Cost: 74.0 -> 73.0
[2024-10-06 18:55:33,686][INFO] Step 1: size: 1, coverage: 7.25%, cost: 1.0
[2024-10-06 18:55:33,701][INFO] Step 2: size: 2, coverage: 13.75%, cost: 2.0
[2024-10-06 18:55:33,716][INFO] Step 3: size: 3, coverage: 20.00%, cost: 3.0
[2024-10-06 18:55:33,731][INFO] Step 4: size: 4, coverage: 25.50%, cost: 4.0
[2024-10-06 18:55:33,746][INFO] Step 5: size: 5, coverage: 30.75%, cost: 5.0
[2024-10-06 18:55:33,761][INFO] Step 6: size: 6, coverage: 36.00%, cost: 6.0
[2024-10-06 18:55:33,775][INFO] Step 7: size: 7, coverage: 40.50%, cost: 7.0
[2024-10-06 18:55:33,790][INFO] Step 8: size: 8, coverage: 44.75%, cost: 8.0
[2024-10-06 18:55:33,805][INFO] Step 9: size: 9, coverage: 48.75%, cost: 9.0
[2024-10-06 18:55:33,819][INFO] Step 10: size: 10, coverage: 52.50%, cost: 10.0
[2024-10-06 18:55:33,834][INFO] Step 11: size: 11, coverage: 55.75%, cost: 11.0
[2024-10-06 18:55:33,848][INFO] Step 12: size: 12, coverage: 59.00%, cost: 12.0
[2024-10-06 18:55:33,863][INFO] Step 13: size: 13, coverage: 62.00%, cost: 13.0
[2024-10-06 18:55:33,877][INFO] Step 14: size: 14, coverage: 64.25%, cost: 14.0
[2024-10-06 18:55:33,891][INFO] Step 15: size: 15, coverage: 66.50%, cost: 15.0
[2024-10-06 18:55:33,905][INFO] Step 16: size: 16, coverage: 68.50%, cost: 16.0
[2024-10-06 18:55:33,920][INFO] Step 17: size: 17, coverage: 70.50%, cost: 17.0
[2024-10-06 18:55:33,934][INFO] Step 18: size: 18, coverage: 72.50%, cost: 18.0
[2024-10-06 18:55:33,948][INFO] Step 19: size: 19, coverage: 74.50%, cost: 19.0
[2024-10-06 18:55:33,962][INFO] Step 20: size: 20, coverage: 76.00%, cost: 20.0
[2024-10-06 18:55:33,976][INFO] Step 21: size: 21, coverage: 77.50%, cost: 21.0
[2024-10-06 18:55:33,990][INFO] Step 22: size: 22, coverage: 79.00%, cost: 22.0
[2024-10-06 18:55:34,004][INFO] Step 23: size: 23, coverage: 80.50%, cost: 23.0
[2024-10-06 18:55:34,018][INFO] Step 24: size: 24, coverage: 81.50%, cost: 24.0
[2024-10-06 18:55:34,032][INFO] Step 25: size: 25, coverage: 82.50%, cost: 25.0
[2024-10-06 18:55:34,047][INFO] Step 26: size: 26, coverage: 83.50%, cost: 26.0
[2024-10-06 18:55:34,061][INFO] Step 27: size: 27, coverage: 84.50%, cost: 27.0
[2024-10-06 18:55:34,075][INFO] Step 28: size: 28, coverage: 85.50%, cost: 28.0
[2024-10-06 18:55:34,090][INFO] Step 29: size: 29, coverage: 86.25%, cost: 29.0
[2024-10-06 18:55:34,104][INFO] Step 30: size: 30, coverage: 87.00%, cost: 30.0
[2024-10-06 18:55:34,119][INFO] Step 31: size: 31, coverage: 87.75%, cost: 31.0
[2024-10-06 18:55:34,133][INFO] Step 32: size: 32, coverage: 88.50%, cost: 32.0
[2024-10-06 18:55:34,147][INFO] Step 33: size: 33, coverage: 89.75%, cost: 34.0
[2024-10-06 18:55:34,162][INFO] Step 34: size: 34, coverage: 90.25%, cost: 35.0
[2024-10-06 18:55:34,177][INFO] Step 35: size: 35, coverage: 90.75%, cost: 36.0
[2024-10-06 18:55:34,191][INFO] Step 36: size: 36, coverage: 91.75%, cost: 38.0
[2024-10-06 18:55:34,206][INFO] Step 37: size: 37, coverage: 93.25%, cost: 41.0
[2024-10-06 18:55:34,221][INFO] Step 38: size: 38, coverage: 94.00%, cost: 43.0
[2024-10-06 18:55:34,236][INFO] Step 39: size: 39, coverage: 94.75%, cost: 45.0
[2024-10-06 18:55:34,251][INFO] Step 40: size: 40, coverage: 95.50%, cost: 47.0
[2024-10-06 18:55:34,266][INFO] Step 41: size: 41, coverage: 96.25%, cost: 49.0
[2024-10-06 18:55:34,281][INFO] Step 42: size: 42, coverage: 96.75%, cost: 51.0
[2024-10-06 18:55:34,296][INFO] Step 43: size: 43, coverage: 97.25%, cost: 53.0
[2024-10-06 18:55:34,311][INFO] Step 44: size: 44, coverage: 97.75%, cost: 55.0
[2024-10-06 18:55:34,326][INFO] Step 45: size: 45, coverage: 98.25%, cost: 58.0
[2024-10-06 18:55:34,341][INFO] Step 46: size: 46, coverage: 98.50%, cost: 60.0
[2024-10-06 18:55:34,356][INFO] Step 47: size: 47, coverage: 98.75%, cost: 62.0
[2024-10-06 18:55:34,372][INFO] Step 48: size: 48, coverage: 99.00%, cost: 64.0
[2024-10-06 18:55:34,387][INFO] Step 49: size: 49, coverage: 99.50%, cost: 68.0
[2024-10-06 18:55:34,403][INFO] Step 50: size: 50, coverage: 99.75%, cost: 71.0
[2024-10-06 18:55:34,419][INFO] Step 51: size: 51, coverage: 100.00%, cost: 74.0
[2024-10-06 18:55:34,420][INFO] Size: 51 -> 50
[2024-10-06 18:55:34,420][INFO] Cost: 74.0 -> 73.0
[2024-10-06 19:03:46,914][INFO] Step 1: size: 1, coverage: 7.25%, cost: 1.0
[2024-10-06 19:03:46,930][INFO] Step 2: size: 2, coverage: 13.75%, cost: 2.0
[2024-10-06 19:03:46,945][INFO] Step 3: size: 3, coverage: 20.00%, cost: 3.0
[2024-10-06 19:03:46,960][INFO] Step 4: size: 4, coverage: 25.50%, cost: 4.0
[2024-10-06 19:03:46,975][INFO] Step 5: size: 5, coverage: 30.75%, cost: 5.0
[2024-10-06 19:03:46,990][INFO] Step 6: size: 6, coverage: 36.00%, cost: 6.0
[2024-10-06 19:03:47,005][INFO] Step 7: size: 7, coverage: 40.50%, cost: 7.0
[2024-10-06 19:03:47,020][INFO] Step 8: size: 8, coverage: 44.75%, cost: 8.0
[2024-10-06 19:03:47,035][INFO] Step 9: size: 9, coverage: 48.75%, cost: 9.0
[2024-10-06 19:03:47,049][INFO] Step 10: size: 10, coverage: 52.50%, cost: 10.0
[2024-10-06 19:03:47,064][INFO] Step 11: size: 11, coverage: 55.75%, cost: 11.0
[2024-10-06 19:03:47,078][INFO] Step 12: size: 12, coverage: 59.00%, cost: 12.0
[2024-10-06 19:03:47,093][INFO] Step 13: size: 13, coverage: 62.00%, cost: 13.0
[2024-10-06 19:03:47,107][INFO] Step 14: size: 14, coverage: 64.25%, cost: 14.0
[2024-10-06 19:03:47,122][INFO] Step 15: size: 15, coverage: 66.50%, cost: 15.0
[2024-10-06 19:03:47,136][INFO] Step 16: size: 16, coverage: 68.50%, cost: 16.0
[2024-10-06 19:03:47,150][INFO] Step 17: size: 17, coverage: 70.50%, cost: 17.0
[2024-10-06 19:03:47,165][INFO] Step 18: size: 18, coverage: 72.50%, cost: 18.0
[2024-10-06 19:03:47,179][INFO] Step 19: size: 19, coverage: 74.50%, cost: 19.0
[2024-10-06 19:03:47,193][INFO] Step 20: size: 20, coverage: 76.00%, cost: 20.0
[2024-10-06 19:03:47,207][INFO] Step 21: size: 21, coverage: 77.50%, cost: 21.0
[2024-10-06 19:03:47,222][INFO] Step 22: size: 22, coverage: 79.00%, cost: 22.0
[2024-10-06 19:03:47,236][INFO] Step 23: size: 23, coverage: 80.50%, cost: 23.0
[2024-10-06 19:03:47,250][INFO] Step 24: size: 24, coverage: 81.50%, cost: 24.0
[2024-10-06 19:03:47,265][INFO] Step 25: size: 25, coverage: 82.50%, cost: 25.0
[2024-10-06 19:03:47,279][INFO] Step 26: size: 26, coverage: 83.50%, cost: 26.0
[2024-10-06 19:03:47,294][INFO] Step 27: size: 27, coverage: 84.50%, cost: 27.0
[2024-10-06 19:03:47,308][INFO] Step 28: size: 28, coverage: 85.50%, cost: 28.0
[2024-10-06 19:03:47,323][INFO] Step 29: size: 29, coverage: 86.25%, cost: 29.0
[2024-10-06 19:03:47,337][INFO] Step 30: size: 30, coverage: 87.00%, cost: 30.0
[2024-10-06 19:03:47,352][INFO] Step 31: size: 31, coverage: 87.75%, cost: 31.0
[2024-10-06 19:03:47,366][INFO] Step 32: size: 32, coverage: 88.50%, cost: 32.0
[2024-10-06 19:03:47,381][INFO] Step 33: size: 33, coverage: 89.75%, cost: 34.0
[2024-10-06 19:03:47,396][INFO] Step 34: size: 34, coverage: 90.25%, cost: 35.0
[2024-10-06 19:03:47,410][INFO] Step 35: size: 35, coverage: 90.75%, cost: 36.0
[2024-10-06 19:03:47,425][INFO] Step 36: size: 36, coverage: 91.75%, cost: 38.0
[2024-10-06 19:03:47,440][INFO] Step 37: size: 37, coverage: 93.25%, cost: 41.0
[2024-10-06 19:03:47,455][INFO] Step 38: size: 38, coverage: 94.00%, cost: 43.0
[2024-10-06 19:03:47,470][INFO] Step 39: size: 39, coverage: 94.75%, cost: 45.0
[2024-10-06 19:03:47,485][INFO] Step 40: size: 40, coverage: 95.50%, cost: 47.0
[2024-10-06 19:03:47,500][INFO] Step 41: size: 41, coverage: 96.25%, cost: 49.0
[2024-10-06 19:03:47,515][INFO] Step 42: size: 42, coverage: 96.75%, cost: 51.0
[2024-10-06 19:03:47,531][INFO] Step 43: size: 43, coverage: 97.25%, cost: 53.0
[2024-10-06 19:03:47,546][INFO] Step 44: size: 44, coverage: 97.75%, cost: 55.0
[2024-10-06 19:03:47,561][INFO] Step 45: size: 45, coverage: 98.25%, cost: 58.0
[2024-10-06 19:03:47,577][INFO] Step 46: size: 46, coverage: 98.50%, cost: 60.0
[2024-10-06 19:03:47,592][INFO] Step 47: size: 47, coverage: 98.75%, cost: 62.0
[2024-10-06 19:03:47,608][INFO] Step 48: size: 48, coverage: 99.00%, cost: 64.0
[2024-10-06 19:03:47,623][INFO] Step 49: size: 49, coverage: 99.50%, cost: 68.0
[2024-10-06 19:03:47,639][INFO] Step 50: size: 50, coverage: 99.75%, cost: 71.0
[2024-10-06 19:03:47,655][INFO] Step 51: size: 51, coverage: 100.00%, cost: 74.0
[2024-10-06 19:03:47,656][INFO] Size: 51 -> 50
[2024-10-06 19:03:47,656][INFO] Cost: 74.0 -> 73.0
[2024-10-06 22:18:23,941][INFO] Step 1: size: 1, coverage: 7.25%, cost: 1.0
[2024-10-06 22:18:23,957][INFO] Step 2: size: 2, coverage: 13.75%, cost: 2.0
[2024-10-06 22:18:23,972][INFO] Step 3: size: 3, coverage: 20.00%, cost: 3.0
[2024-10-06 22:18:23,987][INFO] Step 4: size: 4, coverage: 25.50%, cost: 4.0
[2024-10-06 22:18:24,002][INFO] Step 5: size: 5, coverage: 30.75%, cost: 5.0
[2024-10-06 22:18:24,017][INFO] Step 6: size: 6, coverage: 36.00%, cost: 6.0
[2024-10-06 22:18:24,032][INFO] Step 7: size: 7, coverage: 40.50%, cost: 7.0
[2024-10-06 22:18:24,046][INFO] Step 8: size: 8, coverage: 44.75%, cost: 8.0
[2024-10-06 22:18:24,061][INFO] Step 9: size: 9, coverage: 48.75%, cost: 9.0
[2024-10-06 22:18:24,076][INFO] Step 10: size: 10, coverage: 52.50%, cost: 10.0
[2024-10-06 22:18:24,091][INFO] Step 11: size: 11, coverage: 55.75%, cost: 11.0
[2024-10-06 22:18:24,105][INFO] Step 12: size: 12, coverage: 59.00%, cost: 12.0
[2024-10-06 22:18:24,119][INFO] Step 13: size: 13, coverage: 62.00%, cost: 13.0
[2024-10-06 22:18:24,134][INFO] Step 14: size: 14, coverage: 64.25%, cost: 14.0
[2024-10-06 22:18:24,148][INFO] Step 15: size: 15, coverage: 66.50%, cost: 15.0
[2024-10-06 22:18:24,163][INFO] Step 16: size: 16, coverage: 68.50%, cost: 16.0
[2024-10-06 22:18:24,177][INFO] Step 17: size: 17, coverage: 70.50%, cost: 17.0
[2024-10-06 22:18:24,191][INFO] Step 18: size: 18, coverage: 72.50%, cost: 18.0
[2024-10-06 22:18:24,205][INFO] Step 19: size: 19, coverage: 74.50%, cost: 19.0
[2024-10-06 22:18:24,219][INFO] Step 20: size: 20, coverage: 76.00%, cost: 20.0
[2024-10-06 22:18:24,233][INFO] Step 21: size: 21, coverage: 77.50%, cost: 21.0
[2024-10-06 22:18:24,248][INFO] Step 22: size: 22, coverage: 79.00%, cost: 22.0
[2024-10-06 22:18:24,262][INFO] Step 23: size: 23, coverage: 80.50%, cost: 23.0
[2024-10-06 22:18:24,277][INFO] Step 24: size: 24, coverage: 81.50%, cost: 24.0
[2024-10-06 22:18:24,291][INFO] Step 25: size: 25, coverage: 82.50%, cost: 25.0
[2024-10-06 22:18:24,305][INFO] Step 26: size: 26, coverage: 83.50%, cost: 26.0
[2024-10-06 22:18:24,320][INFO] Step 27: size: 27, coverage: 84.50%, cost: 27.0
[2024-10-06 22:18:24,334][INFO] Step 28: size: 28, coverage: 85.50%, cost: 28.0
[2024-10-06 22:18:24,349][INFO] Step 29: size: 29, coverage: 86.25%, cost: 29.0
[2024-10-06 22:18:24,363][INFO] Step 30: size: 30, coverage: 87.00%, cost: 30.0
[2024-10-06 22:18:24,378][INFO] Step 31: size: 31, coverage: 87.75%, cost: 31.0
[2024-10-06 22:18:24,393][INFO] Step 32: size: 32, coverage: 88.50%, cost: 32.0
[2024-10-06 22:18:24,407][INFO] Step 33: size: 33, coverage: 89.75%, cost: 34.0
[2024-10-06 22:18:24,422][INFO] Step 34: size: 34, coverage: 90.25%, cost: 35.0
[2024-10-06 22:18:24,437][INFO] Step 35: size: 35, coverage: 90.75%, cost: 36.0
[2024-10-06 22:18:24,451][INFO] Step 36: size: 36, coverage: 91.75%, cost: 38.0
[2024-10-06 22:18:24,466][INFO] Step 37: size: 37, coverage: 93.25%, cost: 41.0
[2024-10-06 22:18:24,481][INFO] Step 38: size: 38, coverage: 94.00%, cost: 43.0
[2024-10-06 22:18:24,496][INFO] Step 39: size: 39, coverage: 94.75%, cost: 45.0
[2024-10-06 22:18:24,511][INFO] Step 40: size: 40, coverage: 95.50%, cost: 47.0
[2024-10-06 22:18:24,527][INFO] Step 41: size: 41, coverage: 96.25%, cost: 49.0
[2024-10-06 22:18:24,542][INFO] Step 42: size: 42, coverage: 96.75%, cost: 51.0
[2024-10-06 22:18:24,557][INFO] Step 43: size: 43, coverage: 97.25%, cost: 53.0
[2024-10-06 22:18:24,572][INFO] Step 44: size: 44, coverage: 97.75%, cost: 55.0
[2024-10-06 22:18:24,587][INFO] Step 45: size: 45, coverage: 98.25%, cost: 58.0
[2024-10-06 22:18:24,603][INFO] Step 46: size: 46, coverage: 98.50%, cost: 60.0
[2024-10-06 22:18:24,618][INFO] Step 47: size: 47, coverage: 98.75%, cost: 62.0
[2024-10-06 22:18:24,634][INFO] Step 48: size: 48, coverage: 99.00%, cost: 64.0
[2024-10-06 22:18:24,650][INFO] Step 49: size: 49, coverage: 99.50%, cost: 68.0
[2024-10-06 22:18:24,666][INFO] Step 50: size: 50, coverage: 99.75%, cost: 71.0
[2024-10-06 22:18:24,682][INFO] Step 51: size: 51, coverage: 100.00%, cost: 74.0
[2024-10-06 22:18:24,683][INFO] Size: 51 -> 50
[2024-10-06 22:18:24,683][INFO] Cost: 74.0 -> 73.0
[2024-10-06 22:21:25,880][INFO] Step 1: size: 1, coverage: 7.25%, cost: 1.0
[2024-10-06 22:21:25,895][INFO] Step 2: size: 2, coverage: 13.75%, cost: 2.0
[2024-10-06 22:21:25,910][INFO] Step 3: size: 3, coverage: 20.00%, cost: 3.0
[2024-10-06 22:21:25,925][INFO] Step 4: size: 4, coverage: 25.50%, cost: 4.0
[2024-10-06 22:21:25,940][INFO] Step 5: size: 5, coverage: 30.75%, cost: 5.0
[2024-10-06 22:21:25,955][INFO] Step 6: size: 6, coverage: 36.00%, cost: 6.0
[2024-10-06 22:21:25,970][INFO] Step 7: size: 7, coverage: 40.50%, cost: 7.0
[2024-10-06 22:21:25,985][INFO] Step 8: size: 8, coverage: 44.75%, cost: 8.0
[2024-10-06 22:21:25,999][INFO] Step 9: size: 9, coverage: 48.75%, cost: 9.0
[2024-10-06 22:21:26,014][INFO] Step 10: size: 10, coverage: 52.50%, cost: 10.0
[2024-10-06 22:21:26,028][INFO] Step 11: size: 11, coverage: 55.75%, cost: 11.0
[2024-10-06 22:21:26,043][INFO] Step 12: size: 12, coverage: 59.00%, cost: 12.0
[2024-10-06 22:21:26,057][INFO] Step 13: size: 13, coverage: 62.00%, cost: 13.0
[2024-10-06 22:21:26,072][INFO] Step 14: size: 14, coverage: 64.25%, cost: 14.0
[2024-10-06 22:21:26,086][INFO] Step 15: size: 15, coverage: 66.50%, cost: 15.0
[2024-10-06 22:21:26,100][INFO] Step 16: size: 16, coverage: 68.50%, cost: 16.0
[2024-10-06 22:21:26,115][INFO] Step 17: size: 17, coverage: 70.50%, cost: 17.0
[2024-10-06 22:21:26,129][INFO] Step 18: size: 18, coverage: 72.50%, cost: 18.0
[2024-10-06 22:21:26,143][INFO] Step 19: size: 19, coverage: 74.50%, cost: 19.0
[2024-10-06 22:21:26,157][INFO] Step 20: size: 20, coverage: 76.00%, cost: 20.0
[2024-10-06 22:21:26,172][INFO] Step 21: size: 21, coverage: 77.50%, cost: 21.0
[2024-10-06 22:21:26,186][INFO] Step 22: size: 22, coverage: 79.00%, cost: 22.0
[2024-10-06 22:21:26,200][INFO] Step 23: size: 23, coverage: 80.50%, cost: 23.0
[2024-10-06 22:21:26,215][INFO] Step 24: size: 24, coverage: 81.50%, cost: 24.0
[2024-10-06 22:21:26,229][INFO] Step 25: size: 25, coverage: 82.50%, cost: 25.0
[2024-10-06 22:21:26,244][INFO] Step 26: size: 26, coverage: 83.50%, cost: 26.0
[2024-10-06 22:21:26,258][INFO] Step 27: size: 27, coverage: 84.50%, cost: 27.0
[2024-10-06 22:21:26,272][INFO] Step 28: size: 28, coverage: 85.50%, cost: 28.0
[2024-10-06 22:21:26,287][INFO] Step 29: size: 29, coverage: 86.25%, cost: 29.0
[2024-10-06 22:21:26,301][INFO] Step 30: size: 30, coverage: 87.00%, cost: 30.0
[2024-10-06 22:21:26,316][INFO] Step 31: size: 31, coverage: 87.75%, cost: 31.0
[2024-10-06 22:21:26,331][INFO] Step 32: size: 32, coverage: 88.50%, cost: 32.0
[2024-10-06 22:21:26,345][INFO] Step 33: size: 33, coverage: 89.75%, cost: 34.0
[2024-10-06 22:21:26,360][INFO] Step 34: size: 34, coverage: 90.25%, cost: 35.0
[2024-10-06 22:21:26,375][INFO] Step 35: size: 35, coverage: 90.75%, cost: 36.0
[2024-10-06 22:21:26,390][INFO] Step 36: size: 36, coverage: 91.75%, cost: 38.0
[2024-10-06 22:21:26,405][INFO] Step 37: size: 37, coverage: 93.25%, cost: 41.0
[2024-10-06 22:21:26,420][INFO] Step 38: size: 38, coverage: 94.00%, cost: 43.0
[2024-10-06 22:21:26,435][INFO] Step 39: size: 39, coverage: 94.75%, cost: 45.0
[2024-10-06 22:21:26,450][INFO] Step 40: size: 40, coverage: 95.50%, cost: 47.0
[2024-10-06 22:21:26,465][INFO] Step 41: size: 41, coverage: 96.25%, cost: 49.0
[2024-10-06 22:21:26,480][INFO] Step 42: size: 42, coverage: 96.75%, cost: 51.0
[2024-10-06 22:21:26,495][INFO] Step 43: size: 43, coverage: 97.25%, cost: 53.0
[2024-10-06 22:21:26,510][INFO] Step 44: size: 44, coverage: 97.75%, cost: 55.0
[2024-10-06 22:21:26,526][INFO] Step 45: size: 45, coverage: 98.25%, cost: 58.0
[2024-10-06 22:21:26,541][INFO] Step 46: size: 46, coverage: 98.50%, cost: 60.0
[2024-10-06 22:21:26,556][INFO] Step 47: size: 47, coverage: 98.75%, cost: 62.0
[2024-10-06 22:21:26,572][INFO] Step 48: size: 48, coverage: 99.00%, cost: 64.0
[2024-10-06 22:21:26,587][INFO] Step 49: size: 49, coverage: 99.50%, cost: 68.0
[2024-10-06 22:21:26,603][INFO] Step 50: size: 50, coverage: 99.75%, cost: 71.0
[2024-10-06 22:21:26,619][INFO] Step 51: size: 51, coverage: 100.00%, cost: 74.0
[2024-10-06 22:21:26,620][INFO] Size: 51 -> 50
[2024-10-06 22:21:26,620][INFO] Cost: 74.0 -> 73.0
[2024-10-08 22:46:27,883][INFO] Step 1: size: 1, coverage: 7.25%, cost: 1.0
[2024-10-08 22:46:27,900][INFO] Step 2: size: 2, coverage: 13.75%, cost: 2.0
[2024-10-08 22:46:27,915][INFO] Step 3: size: 3, coverage: 20.00%, cost: 3.0
[2024-10-08 22:46:27,931][INFO] Step 4: size: 4, coverage: 25.50%, cost: 4.0
[2024-10-08 22:46:27,946][INFO] Step 5: size: 5, coverage: 30.75%, cost: 5.0
[2024-10-08 22:46:27,962][INFO] Step 6: size: 6, coverage: 36.00%, cost: 6.0
[2024-10-08 22:46:27,978][INFO] Step 7: size: 7, coverage: 40.50%, cost: 7.0
[2024-10-08 22:46:27,996][INFO] Step 8: size: 8, coverage: 44.75%, cost: 8.0
[2024-10-08 22:46:28,011][INFO] Step 9: size: 9, coverage: 48.75%, cost: 9.0
[2024-10-08 22:46:28,027][INFO] Step 10: size: 10, coverage: 52.50%, cost: 10.0
[2024-10-08 22:46:28,042][INFO] Step 11: size: 11, coverage: 55.75%, cost: 11.0
[2024-10-08 22:46:28,057][INFO] Step 12: size: 12, coverage: 59.00%, cost: 12.0
[2024-10-08 22:46:28,073][INFO] Step 13: size: 13, coverage: 62.00%, cost: 13.0
[2024-10-08 22:46:28,088][INFO] Step 14: size: 14, coverage: 64.25%, cost: 14.0
[2024-10-08 22:46:28,104][INFO] Step 15: size: 15, coverage: 66.50%, cost: 15.0
[2024-10-08 22:46:28,120][INFO] Step 16: size: 16, coverage: 68.50%, cost: 16.0
[2024-10-08 22:46:28,135][INFO] Step 17: size: 17, coverage: 70.50%, cost: 17.0
[2024-10-08 22:46:28,151][INFO] Step 18: size: 18, coverage: 72.50%, cost: 18.0
[2024-10-08 22:46:28,167][INFO] Step 19: size: 19, coverage: 74.50%, cost: 19.0
[2024-10-08 22:46:28,183][INFO] Step 20: size: 20, coverage: 76.00%, cost: 20.0
[2024-10-08 22:46:28,199][INFO] Step 21: size: 21, coverage: 77.50%, cost: 21.0
[2024-10-08 22:46:28,216][INFO] Step 22: size: 22, coverage: 79.00%, cost: 22.0
[2024-10-08 22:46:28,232][INFO] Step 23: size: 23, coverage: 80.50%, cost: 23.0
[2024-10-08 22:46:28,249][INFO] Step 24: size: 24, coverage: 81.50%, cost: 24.0
[2024-10-08 22:46:28,265][INFO] Step 25: size: 25, coverage: 82.50%, cost: 25.0
[2024-10-08 22:46:28,281][INFO] Step 26: size: 26, coverage: 83.50%, cost: 26.0
[2024-10-08 22:46:28,297][INFO] Step 27: size: 27, coverage: 84.50%, cost: 27.0
[2024-10-08 22:46:28,313][INFO] Step 28: size: 28, coverage: 85.50%, cost: 28.0
[2024-10-08 22:46:28,329][INFO] Step 29: size: 29, coverage: 86.25%, cost: 29.0
[2024-10-08 22:46:28,345][INFO] Step 30: size: 30, coverage: 87.00%, cost: 30.0
[2024-10-08 22:46:28,361][INFO] Step 31: size: 31, coverage: 87.75%, cost: 31.0
[2024-10-08 22:46:28,378][INFO] Step 32: size: 32, coverage: 88.50%, cost: 32.0
[2024-10-08 22:46:28,393][INFO] Step 33: size: 33, coverage: 89.75%, cost: 34.0
[2024-10-08 22:46:28,409][INFO] Step 34: size: 34, coverage: 90.25%, cost: 35.0
[2024-10-08 22:46:28,425][INFO] Step 35: size: 35, coverage: 90.75%, cost: 36.0
[2024-10-08 22:46:28,441][INFO] Step 36: size: 36, coverage: 91.75%, cost: 38.0
[2024-10-08 22:46:28,457][INFO] Step 37: size: 37, coverage: 93.25%, cost: 41.0
[2024-10-08 22:46:28,473][INFO] Step 38: size: 38, coverage: 94.00%, cost: 43.0
[2024-10-08 22:46:28,489][INFO] Step 39: size: 39, coverage: 94.75%, cost: 45.0
[2024-10-08 22:46:28,506][INFO] Step 40: size: 40, coverage: 95.50%, cost: 47.0
[2024-10-08 22:46:28,522][INFO] Step 41: size: 41, coverage: 96.25%, cost: 49.0
[2024-10-08 22:46:28,538][INFO] Step 42: size: 42, coverage: 96.75%, cost: 51.0
[2024-10-08 22:46:28,554][INFO] Step 43: size: 43, coverage: 97.25%, cost: 53.0
[2024-10-08 22:46:28,570][INFO] Step 44: size: 44, coverage: 97.75%, cost: 55.0
[2024-10-08 22:46:28,586][INFO] Step 45: size: 45, coverage: 98.25%, cost: 58.0
[2024-10-08 22:46:28,602][INFO] Step 46: size: 46, coverage: 98.50%, cost: 60.0
[2024-10-08 22:46:28,618][INFO] Step 47: size: 47, coverage: 98.75%, cost: 62.0
[2024-10-08 22:46:28,634][INFO] Step 48: size: 48, coverage: 99.00%, cost: 64.0
[2024-10-08 22:46:28,651][INFO] Step 49: size: 49, coverage: 99.50%, cost: 68.0
[2024-10-08 22:46:28,668][INFO] Step 50: size: 50, coverage: 99.75%, cost: 71.0
[2024-10-08 22:46:28,685][INFO] Step 51: size: 51, coverage: 100.00%, cost: 74.0
[2024-10-08 22:46:28,686][INFO] Size: 51 -> 50
[2024-10-08 22:46:28,686][INFO] Cost: 74.0 -> 73.0
[2024-10-08 23:01:10,563][INFO] Step 1: size: 1, coverage: 7.25%, cost: 1.0
[2024-10-08 23:01:10,579][INFO] Step 2: size: 2, coverage: 13.75%, cost: 2.0
[2024-10-08 23:01:10,595][INFO] Step 3: size: 3, coverage: 20.00%, cost: 3.0
[2024-10-08 23:01:10,610][INFO] Step 4: size: 4, coverage: 25.50%, cost: 4.0
[2024-10-08 23:01:10,626][INFO] Step 5: size: 5, coverage: 30.75%, cost: 5.0
[2024-10-08 23:01:10,642][INFO] Step 6: size: 6, coverage: 36.00%, cost: 6.0
[2024-10-08 23:01:10,657][INFO] Step 7: size: 7, coverage: 40.50%, cost: 7.0
[2024-10-08 23:01:10,672][INFO] Step 8: size: 8, coverage: 44.75%, cost: 8.0
[2024-10-08 23:01:10,688][INFO] Step 9: size: 9, coverage: 48.75%, cost: 9.0
[2024-10-08 23:01:10,703][INFO] Step 10: size: 10, coverage: 52.50%, cost: 10.0
[2024-10-08 23:01:10,718][INFO] Step 11: size: 11, coverage: 55.75%, cost: 11.0
[2024-10-08 23:01:10,733][INFO] Step 12: size: 12, coverage: 59.00%, cost: 12.0
[2024-10-08 23:01:10,748][INFO] Step 13: size: 13, coverage: 62.00%, cost: 13.0
[2024-10-08 23:01:10,763][INFO] Step 14: size: 14, coverage: 64.25%, cost: 14.0
[2024-10-08 23:01:10,778][INFO] Step 15: size: 15, coverage: 66.50%, cost: 15.0
[2024-10-08 23:01:10,793][INFO] Step 16: size: 16, coverage: 68.50%, cost: 16.0
[2024-10-08 23:01:10,807][INFO] Step 17: size: 17, coverage: 70.50%, cost: 17.0
[2024-10-08 23:01:10,822][INFO] Step 18: size: 18, coverage: 72.50%, cost: 18.0
[2024-10-08 23:01:10,837][INFO] Step 19: size: 19, coverage: 74.50%, cost: 19.0
[2024-10-08 23:01:10,852][INFO] Step 20: size: 20, coverage: 76.00%, cost: 20.0
[2024-10-08 23:01:10,867][INFO] Step 21: size: 21, coverage: 77.50%, cost: 21.0
[2024-10-08 23:01:10,881][INFO] Step 22: size: 22, coverage: 79.00%, cost: 22.0
[2024-10-08 23:01:10,896][INFO] Step 23: size: 23, coverage: 80.50%, cost: 23.0
[2024-10-08 23:01:10,911][INFO] Step 24: size: 24, coverage: 81.50%, cost: 24.0
[2024-10-08 23:01:10,926][INFO] Step 25: size: 25, coverage: 82.50%, cost: 25.0
[2024-10-08 23:01:10,941][INFO] Step 26: size: 26, coverage: 83.50%, cost: 26.0
[2024-10-08 23:01:10,956][INFO] Step 27: size: 27, coverage: 84.50%, cost: 27.0
[2024-10-08 23:01:10,972][INFO] Step 28: size: 28, coverage: 85.50%, cost: 28.0
[2024-10-08 23:01:10,987][INFO] Step 29: size: 29, coverage: 86.25%, cost: 29.0
[2024-10-08 23:01:11,002][INFO] Step 30: size: 30, coverage: 87.00%, cost: 30.0
[2024-10-08 23:01:11,017][INFO] Step 31: size: 31, coverage: 87.75%, cost: 31.0
[2024-10-08 23:01:11,032][INFO] Step 32: size: 32, coverage: 88.50%, cost: 32.0
[2024-10-08 23:01:11,048][INFO] Step 33: size: 33, coverage: 89.75%, cost: 34.0
[2024-10-08 23:01:11,063][INFO] Step 34: size: 34, coverage: 90.25%, cost: 35.0
[2024-10-08 23:01:11,078][INFO] Step 35: size: 35, coverage: 90.75%, cost: 36.0
[2024-10-08 23:01:11,094][INFO] Step 36: size: 36, coverage: 91.75%, cost: 38.0
[2024-10-08 23:01:11,109][INFO] Step 37: size: 37, coverage: 93.25%, cost: 41.0
[2024-10-08 23:01:11,125][INFO] Step 38: size: 38, coverage: 94.00%, cost: 43.0
[2024-10-08 23:01:11,140][INFO] Step 39: size: 39, coverage: 94.75%, cost: 45.0
[2024-10-08 23:01:11,156][INFO] Step 40: size: 40, coverage: 95.50%, cost: 47.0
[2024-10-08 23:01:11,172][INFO] Step 41: size: 41, coverage: 96.25%, cost: 49.0
[2024-10-08 23:01:11,187][INFO] Step 42: size: 42, coverage: 96.75%, cost: 51.0
[2024-10-08 23:01:11,203][INFO] Step 43: size: 43, coverage: 97.25%, cost: 53.0
[2024-10-08 23:01:11,219][INFO] Step 44: size: 44, coverage: 97.75%, cost: 55.0
[2024-10-08 23:01:11,235][INFO] Step 45: size: 45, coverage: 98.25%, cost: 58.0
[2024-10-08 23:01:11,251][INFO] Step 46: size: 46, coverage: 98.50%, cost: 60.0
[2024-10-08 23:01:11,267][INFO] Step 47: size: 47, coverage: 98.75%, cost: 62.0
[2024-10-08 23:01:11,283][INFO] Step 48: size: 48, coverage: 99.00%, cost: 64.0
[2024-10-08 23:01:11,299][INFO] Step 49: size: 49, coverage: 99.50%, cost: 68.0
[2024-10-08 23:01:11,315][INFO] Step 50: size: 50, coverage: 99.75%, cost: 71.0
[2024-10-08 23:01:11,332][INFO] Step 51: size: 51, coverage: 100.00%, cost: 74.0
[2024-10-08 23:01:11,333][INFO] Size: 51 -> 50
[2024-10-08 23:01:11,333][INFO] Cost: 74.0 -> 73.0
[2024-10-08 23:02:45,979][INFO] Step 1: size: 1, coverage: 7.25%, cost: 1.0
[2024-10-08 23:02:45,994][INFO] Step 2: size: 2, coverage: 13.75%, cost: 2.0
[2024-10-08 23:02:46,010][INFO] Step 3: size: 3, coverage: 20.00%, cost: 3.0
[2024-10-08 23:02:46,025][INFO] Step 4: size: 4, coverage: 25.50%, cost: 4.0
[2024-10-08 23:02:46,040][INFO] Step 5: size: 5, coverage: 30.75%, cost: 5.0
[2024-10-08 23:02:46,055][INFO] Step 6: size: 6, coverage: 36.00%, cost: 6.0
[2024-10-08 23:02:46,069][INFO] Step 7: size: 7, coverage: 40.50%, cost: 7.0
[2024-10-08 23:02:46,084][INFO] Step 8: size: 8, coverage: 44.75%, cost: 8.0
[2024-10-08 23:02:46,099][INFO] Step 9: size: 9, coverage: 48.75%, cost: 9.0
[2024-10-08 23:02:46,114][INFO] Step 10: size: 10, coverage: 52.50%, cost: 10.0
[2024-10-08 23:02:46,129][INFO] Step 11: size: 11, coverage: 55.75%, cost: 11.0
[2024-10-08 23:02:46,143][INFO] Step 12: size: 12, coverage: 59.00%, cost: 12.0
[2024-10-08 23:02:46,158][INFO] Step 13: size: 13, coverage: 62.00%, cost: 13.0
[2024-10-08 23:02:46,172][INFO] Step 14: size: 14, coverage: 64.25%, cost: 14.0
[2024-10-08 23:02:46,186][INFO] Step 15: size: 15, coverage: 66.50%, cost: 15.0
[2024-10-08 23:02:46,201][INFO] Step 16: size: 16, coverage: 68.50%, cost: 16.0
[2024-10-08 23:02:46,215][INFO] Step 17: size: 17, coverage: 70.50%, cost: 17.0
[2024-10-08 23:02:46,229][INFO] Step 18: size: 18, coverage: 72.50%, cost: 18.0
[2024-10-08 23:02:46,243][INFO] Step 19: size: 19, coverage: 74.50%, cost: 19.0
[2024-10-08 23:02:46,258][INFO] Step 20: size: 20, coverage: 76.00%, cost: 20.0
[2024-10-08 23:02:46,272][INFO] Step 21: size: 21, coverage: 77.50%, cost: 21.0
[2024-10-08 23:02:46,287][INFO] Step 22: size: 22, coverage: 79.00%, cost: 22.0
[2024-10-08 23:02:46,301][INFO] Step 23: size: 23, coverage: 80.50%, cost: 23.0
[2024-10-08 23:02:46,316][INFO] Step 24: size: 24, coverage: 81.50%, cost: 24.0
[2024-10-08 23:02:46,330][INFO] Step 25: size: 25, coverage: 82.50%, cost: 25.0
[2024-10-08 23:02:46,344][INFO] Step 26: size: 26, coverage: 83.50%, cost: 26.0
[2024-10-08 23:02:46,359][INFO] Step 27: size: 27, coverage: 84.50%, cost: 27.0
[2024-10-08 23:02:46,373][INFO] Step 28: size: 28, coverage: 85.50%, cost: 28.0
[2024-10-08 23:02:46,388][INFO] Step 29: size: 29, coverage: 86.25%, cost: 29.0
[2024-10-08 23:02:46,403][INFO] Step 30: size: 30, coverage: 87.00%, cost: 30.0
[2024-10-08 23:02:46,417][INFO] Step 31: size: 31, coverage: 87.75%, cost: 31.0
[2024-10-08 23:02:46,432][INFO] Step 32: size: 32, coverage: 88.50%, cost: 32.0
[2024-10-08 23:02:46,447][INFO] Step 33: size: 33, coverage: 89.75%, cost: 34.0
[2024-10-08 23:02:46,462][INFO] Step 34: size: 34, coverage: 90.25%, cost: 35.0
[2024-10-08 23:02:46,477][INFO] Step 35: size: 35, coverage: 90.75%, cost: 36.0
[2024-10-08 23:02:46,491][INFO] Step 36: size: 36, coverage: 91.75%, cost: 38.0
[2024-10-08 23:02:46,506][INFO] Step 37: size: 37, coverage: 93.25%, cost: 41.0
[2024-10-08 23:02:46,521][INFO] Step 38: size: 38, coverage: 94.00%, cost: 43.0
[2024-10-08 23:02:46,537][INFO] Step 39: size: 39, coverage: 94.75%, cost: 45.0
[2024-10-08 23:02:46,552][INFO] Step 40: size: 40, coverage: 95.50%, cost: 47.0
[2024-10-08 23:02:46,567][INFO] Step 41: size: 41, coverage: 96.25%, cost: 49.0
[2024-10-08 23:02:46,582][INFO] Step 42: size: 42, coverage: 96.75%, cost: 51.0
[2024-10-08 23:02:46,598][INFO] Step 43: size: 43, coverage: 97.25%, cost: 53.0
[2024-10-08 23:02:46,613][INFO] Step 44: size: 44, coverage: 97.75%, cost: 55.0
[2024-10-08 23:02:46,628][INFO] Step 45: size: 45, coverage: 98.25%, cost: 58.0
[2024-10-08 23:02:46,644][INFO] Step 46: size: 46, coverage: 98.50%, cost: 60.0
[2024-10-08 23:02:46,659][INFO] Step 47: size: 47, coverage: 98.75%, cost: 62.0
[2024-10-08 23:02:46,675][INFO] Step 48: size: 48, coverage: 99.00%, cost: 64.0
[2024-10-08 23:02:46,691][INFO] Step 49: size: 49, coverage: 99.50%, cost: 68.0
[2024-10-08 23:02:46,707][INFO] Step 50: size: 50, coverage: 99.75%, cost: 71.0
[2024-10-08 23:02:46,723][INFO] Step 51: size: 51, coverage: 100.00%, cost: 74.0
[2024-10-08 23:02:46,724][INFO] Size: 51 -> 50
[2024-10-08 23:02:46,724][INFO] Cost: 74.0 -> 73.0
[2024-10-08 23:07:40,084][INFO] Step 1: size: 1, coverage: 7.25%, cost: 1.0
[2024-10-08 23:07:40,100][INFO] Step 2: size: 2, coverage: 13.75%, cost: 2.0
[2024-10-08 23:07:40,116][INFO] Step 3: size: 3, coverage: 20.00%, cost: 3.0
[2024-10-08 23:07:40,131][INFO] Step 4: size: 4, coverage: 25.50%, cost: 4.0
[2024-10-08 23:07:40,146][INFO] Step 5: size: 5, coverage: 30.75%, cost: 5.0
[2024-10-08 23:07:40,161][INFO] Step 6: size: 6, coverage: 36.00%, cost: 6.0
[2024-10-08 23:07:40,176][INFO] Step 7: size: 7, coverage: 40.50%, cost: 7.0
[2024-10-08 23:07:40,191][INFO] Step 8: size: 8, coverage: 44.75%, cost: 8.0
[2024-10-08 23:07:40,206][INFO] Step 9: size: 9, coverage: 48.75%, cost: 9.0
[2024-10-08 23:07:40,220][INFO] Step 10: size: 10, coverage: 52.50%, cost: 10.0
[2024-10-08 23:07:40,235][INFO] Step 11: size: 11, coverage: 55.75%, cost: 11.0
[2024-10-08 23:07:40,249][INFO] Step 12: size: 12, coverage: 59.00%, cost: 12.0
[2024-10-08 23:07:40,264][INFO] Step 13: size: 13, coverage: 62.00%, cost: 13.0
[2024-10-08 23:07:40,278][INFO] Step 14: size: 14, coverage: 64.25%, cost: 14.0
[2024-10-08 23:07:40,293][INFO] Step 15: size: 15, coverage: 66.50%, cost: 15.0
[2024-10-08 23:07:40,307][INFO] Step 16: size: 16, coverage: 68.50%, cost: 16.0
[2024-10-08 23:07:40,321][INFO] Step 17: size: 17, coverage: 70.50%, cost: 17.0
[2024-10-08 23:07:40,335][INFO] Step 18: size: 18, coverage: 72.50%, cost: 18.0
[2024-10-08 23:07:40,350][INFO] Step 19: size: 19, coverage: 74.50%, cost: 19.0
[2024-10-08 23:07:40,364][INFO] Step 20: size: 20, coverage: 76.00%, cost: 20.0
[2024-10-08 23:07:40,378][INFO] Step 21: size: 21, coverage: 77.50%, cost: 21.0
[2024-10-08 23:07:40,393][INFO] Step 22: size: 22, coverage: 79.00%, cost: 22.0
[2024-10-08 23:07:40,407][INFO] Step 23: size: 23, coverage: 80.50%, cost: 23.0
[2024-10-08 23:07:40,422][INFO] Step 24: size: 24, coverage: 81.50%, cost: 24.0
[2024-10-08 23:07:40,436][INFO] Step 25: size: 25, coverage: 82.50%, cost: 25.0
[2024-10-08 23:07:40,450][INFO] Step 26: size: 26, coverage: 83.50%, cost: 26.0
[2024-10-08 23:07:40,465][INFO] Step 27: size: 27, coverage: 84.50%, cost: 27.0
[2024-10-08 23:07:40,480][INFO] Step 28: size: 28, coverage: 85.50%, cost: 28.0
[2024-10-08 23:07:40,494][INFO] Step 29: size: 29, coverage: 86.25%, cost: 29.0
[2024-10-08 23:07:40,509][INFO] Step 30: size: 30, coverage: 87.00%, cost: 30.0
[2024-10-08 23:07:40,523][INFO] Step 31: size: 31, coverage: 87.75%, cost: 31.0
[2024-10-08 23:07:40,538][INFO] Step 32: size: 32, coverage: 88.50%, cost: 32.0
[2024-10-08 23:07:40,553][INFO] Step 33: size: 33, coverage: 89.75%, cost: 34.0
[2024-10-08 23:07:40,568][INFO] Step 34: size: 34, coverage: 90.25%, cost: 35.0
[2024-10-08 23:07:40,583][INFO] Step 35: size: 35, coverage: 90.75%, cost: 36.0
[2024-10-08 23:07:40,597][INFO] Step 36: size: 36, coverage: 91.75%, cost: 38.0
[2024-10-08 23:07:40,612][INFO] Step 37: size: 37, coverage: 93.25%, cost: 41.0
[2024-10-08 23:07:40,627][INFO] Step 38: size: 38, coverage: 94.00%, cost: 43.0
[2024-10-08 23:07:40,642][INFO] Step 39: size: 39, coverage: 94.75%, cost: 45.0
[2024-10-08 23:07:40,658][INFO] Step 40: size: 40, coverage: 95.50%, cost: 47.0
[2024-10-08 23:07:40,673][INFO] Step 41: size: 41, coverage: 96.25%, cost: 49.0
[2024-10-08 23:07:40,688][INFO] Step 42: size: 42, coverage: 96.75%, cost: 51.0
[2024-10-08 23:07:40,703][INFO] Step 43: size: 43, coverage: 97.25%, cost: 53.0
[2024-10-08 23:07:40,719][INFO] Step 44: size: 44, coverage: 97.75%, cost: 55.0
[2024-10-08 23:07:40,734][INFO] Step 45: size: 45, coverage: 98.25%, cost: 58.0
[2024-10-08 23:07:40,749][INFO] Step 46: size: 46, coverage: 98.50%, cost: 60.0
[2024-10-08 23:07:40,765][INFO] Step 47: size: 47, coverage: 98.75%, cost: 62.0
[2024-10-08 23:07:40,781][INFO] Step 48: size: 48, coverage: 99.00%, cost: 64.0
[2024-10-08 23:07:40,797][INFO] Step 49: size: 49, coverage: 99.50%, cost: 68.0
[2024-10-08 23:07:40,813][INFO] Step 50: size: 50, coverage: 99.75%, cost: 71.0
[2024-10-08 23:07:40,828][INFO] Step 51: size: 51, coverage: 100.00%, cost: 74.0
[2024-10-08 23:07:40,830][INFO] Size: 51 -> 50
[2024-10-08 23:07:40,830][INFO] Cost: 74.0 -> 73.0
[2024-10-13 15:18:23,832][INFO] Step 1: size: 1, coverage: 9.50%, cost: 86.0
[2024-10-13 15:18:23,848][INFO] Step 2: size: 2, coverage: 18.50%, cost: 131.0
[2024-10-13 15:18:23,863][INFO] Step 3: size: 3, coverage: 26.00%, cost: 147.0
[2024-10-13 15:18:23,879][INFO] Step 4: size: 4, coverage: 33.00%, cost: 235.0
[2024-10-13 15:18:23,894][INFO] Step 5: size: 5, coverage: 39.25%, cost: 243.0
[2024-10-13 15:18:23,909][INFO] Step 6: size: 6, coverage: 45.25%, cost: 284.0
[2024-10-13 15:18:23,924][INFO] Step 7: size: 7, coverage: 51.00%, cost: 309.0
[2024-10-13 15:18:23,939][INFO] Step 8: size: 8, coverage: 56.25%, cost: 408.0
[2024-10-13 15:18:23,955][INFO] Step 9: size: 9, coverage: 61.00%, cost: 465.0
[2024-10-13 15:18:23,969][INFO] Step 10: size: 10, coverage: 65.50%, cost: 477.0
[2024-10-13 15:18:23,984][INFO] Step 11: size: 11, coverage: 69.75%, cost: 523.0
[2024-10-13 15:18:23,998][INFO] Step 12: size: 12, coverage: 73.50%, cost: 539.0
[2024-10-13 15:18:24,013][INFO] Step 13: size: 13, coverage: 77.25%, cost: 577.0
[2024-10-13 15:18:24,027][INFO] Step 14: size: 14, coverage: 80.50%, cost: 621.0
[2024-10-13 15:18:24,042][INFO] Step 15: size: 15, coverage: 83.25%, cost: 630.0
[2024-10-13 15:18:24,057][INFO] Step 16: size: 16, coverage: 86.00%, cost: 694.0
[2024-10-13 15:18:24,072][INFO] Step 17: size: 17, coverage: 88.25%, cost: 704.0
[2024-10-13 15:18:24,088][INFO] Step 18: size: 18, coverage: 90.25%, cost: 716.0
[2024-10-13 15:18:24,103][INFO] Step 19: size: 19, coverage: 92.25%, cost: 758.0
[2024-10-13 15:18:24,120][INFO] Step 20: size: 20, coverage: 94.00%, cost: 759.0
[2024-10-13 15:18:24,135][INFO] Step 21: size: 21, coverage: 95.50%, cost: 813.0
[2024-10-13 15:18:24,150][INFO] Step 22: size: 22, coverage: 96.75%, cost: 822.0
[2024-10-13 15:18:24,165][INFO] Step 23: size: 23, coverage: 97.75%, cost: 873.0
[2024-10-13 15:18:24,181][INFO] Step 24: size: 24, coverage: 98.75%, cost: 956.0
[2024-10-13 15:18:24,197][INFO] Step 25: size: 25, coverage: 99.50%, cost: 1023.0
[2024-10-13 15:18:24,212][INFO] Step 26: size: 26, coverage: 100.00%, cost: 1036.0
[2024-10-13 15:18:24,213][INFO] Size: 26 -> 26
[2024-10-13 15:18:24,213][INFO] Cost: 1036.0 -> 1036.0
[2024-10-13 15:22:59,356][INFO] Step 1: size: 1, coverage: 9.50%, cost: 86.0
[2024-10-13 15:22:59,372][INFO] Step 2: size: 2, coverage: 18.50%, cost: 131.0
[2024-10-13 15:22:59,387][INFO] Step 3: size: 3, coverage: 26.00%, cost: 147.0
[2024-10-13 15:22:59,402][INFO] Step 4: size: 4, coverage: 33.00%, cost: 235.0
[2024-10-13 15:22:59,416][INFO] Step 5: size: 5, coverage: 39.25%, cost: 243.0
[2024-10-13 15:22:59,431][INFO] Step 6: size: 6, coverage: 45.25%, cost: 284.0
[2024-10-13 15:22:59,446][INFO] Step 7: size: 7, coverage: 51.00%, cost: 309.0
[2024-10-13 15:22:59,461][INFO] Step 8: size: 8, coverage: 56.25%, cost: 408.0
[2024-10-13 15:22:59,475][INFO] Step 9: size: 9, coverage: 61.00%, cost: 465.0
[2024-10-13 15:22:59,490][INFO] Step 10: size: 10, coverage: 65.50%, cost: 477.0
[2024-10-13 15:22:59,504][INFO] Step 11: size: 11, coverage: 69.75%, cost: 523.0
[2024-10-13 15:22:59,518][INFO] Step 12: size: 12, coverage: 73.50%, cost: 539.0
[2024-10-13 15:22:59,532][INFO] Step 13: size: 13, coverage: 77.25%, cost: 577.0
[2024-10-13 15:22:59,546][INFO] Step 14: size: 14, coverage: 80.50%, cost: 621.0
[2024-10-13 15:22:59,561][INFO] Step 15: size: 15, coverage: 83.25%, cost: 630.0
[2024-10-13 15:22:59,575][INFO] Step 16: size: 16, coverage: 86.00%, cost: 694.0
[2024-10-13 15:22:59,589][INFO] Step 17: size: 17, coverage: 88.25%, cost: 704.0
[2024-10-13 15:22:59,603][INFO] Step 18: size: 18, coverage: 90.25%, cost: 716.0
[2024-10-13 15:22:59,617][INFO] Step 19: size: 19, coverage: 92.25%, cost: 758.0
[2024-10-13 15:22:59,631][INFO] Step 20: size: 20, coverage: 94.00%, cost: 759.0
[2024-10-13 15:22:59,646][INFO] Step 21: size: 21, coverage: 95.50%, cost: 813.0
[2024-10-13 15:22:59,660][INFO] Step 22: size: 22, coverage: 96.75%, cost: 822.0
[2024-10-13 15:22:59,675][INFO] Step 23: size: 23, coverage: 97.75%, cost: 873.0
[2024-10-13 15:22:59,690][INFO] Step 24: size: 24, coverage: 98.75%, cost: 956.0
[2024-10-13 15:22:59,704][INFO] Step 25: size: 25, coverage: 99.50%, cost: 1023.0
[2024-10-13 15:22:59,719][INFO] Step 26: size: 26, coverage: 100.00%, cost: 1036.0
[2024-10-13 15:22:59,720][INFO] Size: 26 -> 26
[2024-10-13 15:22:59,720][INFO] Cost: 1036.0 -> 1036.0
[2024-10-13 15:24:50,966][INFO] Step 1: size: 1, coverage: 9.50%, cost: 86.0
[2024-10-13 15:24:50,981][INFO] Step 2: size: 2, coverage: 18.50%, cost: 131.0
[2024-10-13 15:24:50,996][INFO] Step 3: size: 3, coverage: 26.00%, cost: 147.0
[2024-10-13 15:24:51,011][INFO] Step 4: size: 4, coverage: 33.00%, cost: 235.0
[2024-10-13 15:24:51,026][INFO] Step 5: size: 5, coverage: 39.25%, cost: 243.0
[2024-10-13 15:24:51,040][INFO] Step 6: size: 6, coverage: 45.25%, cost: 284.0
[2024-10-13 15:24:51,055][INFO] Step 7: size: 7, coverage: 51.00%, cost: 309.0
[2024-10-13 15:24:51,070][INFO] Step 8: size: 8, coverage: 56.25%, cost: 408.0
[2024-10-13 15:24:51,085][INFO] Step 9: size: 9, coverage: 61.00%, cost: 465.0
[2024-10-13 15:24:51,099][INFO] Step 10: size: 10, coverage: 65.50%, cost: 477.0
[2024-10-13 15:24:51,114][INFO] Step 11: size: 11, coverage: 69.75%, cost: 523.0
[2024-10-13 15:24:51,128][INFO] Step 12: size: 12, coverage: 73.50%, cost: 539.0
[2024-10-13 15:24:51,142][INFO] Step 13: size: 13, coverage: 77.25%, cost: 577.0
[2024-10-13 15:24:51,156][INFO] Step 14: size: 14, coverage: 80.50%, cost: 621.0
[2024-10-13 15:24:51,171][INFO] Step 15: size: 15, coverage: 83.25%, cost: 630.0
[2024-10-13 15:24:51,185][INFO] Step 16: size: 16, coverage: 86.00%, cost: 694.0
[2024-10-13 15:24:51,199][INFO] Step 17: size: 17, coverage: 88.25%, cost: 704.0
[2024-10-13 15:24:51,213][INFO] Step 18: size: 18, coverage: 90.25%, cost: 716.0
[2024-10-13 15:24:51,228][INFO] Step 19: size: 19, coverage: 92.25%, cost: 758.0
[2024-10-13 15:24:51,242][INFO] Step 20: size: 20, coverage: 94.00%, cost: 759.0
[2024-10-13 15:24:51,256][INFO] Step 21: size: 21, coverage: 95.50%, cost: 813.0
[2024-10-13 15:24:51,271][INFO] Step 22: size: 22, coverage: 96.75%, cost: 822.0
[2024-10-13 15:24:51,285][INFO] Step 23: size: 23, coverage: 97.75%, cost: 873.0
[2024-10-13 15:24:51,300][INFO] Step 24: size: 24, coverage: 98.75%, cost: 956.0
[2024-10-13 15:24:51,315][INFO] Step 25: size: 25, coverage: 99.50%, cost: 1023.0
[2024-10-13 15:24:51,330][INFO] Step 26: size: 26, coverage: 100.00%, cost: 1036.0
[2024-10-13 15:24:51,330][INFO] Size: 26 -> 26
[2024-10-13 15:24:51,330][INFO] Cost: 1036.0 -> 1036.0
[2024-10-13 15:30:49,799][INFO] Step 1: size: 1, coverage: 9.50%, cost: 86.0
[2024-10-13 15:30:49,814][INFO] Step 2: size: 2, coverage: 18.50%, cost: 131.0
[2024-10-13 15:30:49,830][INFO] Step 3: size: 3, coverage: 26.00%, cost: 147.0
[2024-10-13 15:30:49,844][INFO] Step 4: size: 4, coverage: 33.00%, cost: 235.0
[2024-10-13 15:30:49,859][INFO] Step 5: size: 5, coverage: 39.25%, cost: 243.0
[2024-10-13 15:30:49,874][INFO] Step 6: size: 6, coverage: 45.25%, cost: 284.0
[2024-10-13 15:30:49,889][INFO] Step 7: size: 7, coverage: 51.00%, cost: 309.0
[2024-10-13 15:30:49,903][INFO] Step 8: size: 8, coverage: 56.25%, cost: 408.0
[2024-10-13 15:30:49,918][INFO] Step 9: size: 9, coverage: 61.00%, cost: 465.0
[2024-10-13 15:30:49,933][INFO] Step 10: size: 10, coverage: 65.50%, cost: 477.0
[2024-10-13 15:30:49,947][INFO] Step 11: size: 11, coverage: 69.75%, cost: 523.0
[2024-10-13 15:30:49,961][INFO] Step 12: size: 12, coverage: 73.50%, cost: 539.0
[2024-10-13 15:30:49,976][INFO] Step 13: size: 13, coverage: 77.25%, cost: 577.0
[2024-10-13 15:30:49,990][INFO] Step 14: size: 14, coverage: 80.50%, cost: 621.0
[2024-10-13 15:30:50,004][INFO] Step 15: size: 15, coverage: 83.25%, cost: 630.0
[2024-10-13 15:30:50,018][INFO] Step 16: size: 16, coverage: 86.00%, cost: 694.0
[2024-10-13 15:30:50,032][INFO] Step 17: size: 17, coverage: 88.25%, cost: 704.0
[2024-10-13 15:30:50,047][INFO] Step 18: size: 18, coverage: 90.25%, cost: 716.0
[2024-10-13 15:30:50,061][INFO] Step 19: size: 19, coverage: 92.25%, cost: 758.0
[2024-10-13 15:30:50,075][INFO] Step 20: size: 20, coverage: 94.00%, cost: 759.0
[2024-10-13 15:30:50,090][INFO] Step 21: size: 21, coverage: 95.50%, cost: 813.0
[2024-10-13 15:30:50,104][INFO] Step 22: size: 22, coverage: 96.75%, cost: 822.0
[2024-10-13 15:30:50,119][INFO] Step 23: size: 23, coverage: 97.75%, cost: 873.0
[2024-10-13 15:30:50,133][INFO] Step 24: size: 24, coverage: 98.75%, cost: 956.0
[2024-10-13 15:30:50,148][INFO] Step 25: size: 25, coverage: 99.50%, cost: 1023.0
[2024-10-13 15:30:50,163][INFO] Step 26: size: 26, coverage: 100.00%, cost: 1036.0
[2024-10-13 15:30:50,164][INFO] Size: 26 -> 26
[2024-10-13 15:30:50,164][INFO] Cost: 1036.0 -> 1036.0
[2024-10-13 15:36:14,695][INFO] Step 1: size: 1, coverage: 9.50%, cost: 86.0
[2024-10-13 15:36:14,711][INFO] Step 2: size: 2, coverage: 18.50%, cost: 131.0
[2024-10-13 15:36:14,726][INFO] Step 3: size: 3, coverage: 26.00%, cost: 147.0
[2024-10-13 15:36:14,741][INFO] Step 4: size: 4, coverage: 33.00%, cost: 235.0
[2024-10-13 15:36:14,755][INFO] Step 5: size: 5, coverage: 39.25%, cost: 243.0
[2024-10-13 15:36:14,770][INFO] Step 6: size: 6, coverage: 45.25%, cost: 284.0
[2024-10-13 15:36:14,785][INFO] Step 7: size: 7, coverage: 51.00%, cost: 309.0
[2024-10-13 15:36:14,800][INFO] Step 8: size: 8, coverage: 56.25%, cost: 408.0
[2024-10-13 15:36:14,815][INFO] Step 9: size: 9, coverage: 61.00%, cost: 465.0
[2024-10-13 15:36:14,829][INFO] Step 10: size: 10, coverage: 65.50%, cost: 477.0
[2024-10-13 15:36:14,844][INFO] Step 11: size: 11, coverage: 69.75%, cost: 523.0
[2024-10-13 15:36:14,858][INFO] Step 12: size: 12, coverage: 73.50%, cost: 539.0
[2024-10-13 15:36:14,872][INFO] Step 13: size: 13, coverage: 77.25%, cost: 577.0
[2024-10-13 15:36:14,887][INFO] Step 14: size: 14, coverage: 80.50%, cost: 621.0
[2024-10-13 15:36:14,901][INFO] Step 15: size: 15, coverage: 83.25%, cost: 630.0
[2024-10-13 15:36:14,915][INFO] Step 16: size: 16, coverage: 86.00%, cost: 694.0
[2024-10-13 15:36:14,929][INFO] Step 17: size: 17, coverage: 88.25%, cost: 704.0
[2024-10-13 15:36:14,944][INFO] Step 18: size: 18, coverage: 90.25%, cost: 716.0
[2024-10-13 15:36:14,958][INFO] Step 19: size: 19, coverage: 92.25%, cost: 758.0
[2024-10-13 15:36:14,972][INFO] Step 20: size: 20, coverage: 94.00%, cost: 759.0
[2024-10-13 15:36:14,987][INFO] Step 21: size: 21, coverage: 95.50%, cost: 813.0
[2024-10-13 15:36:15,001][INFO] Step 22: size: 22, coverage: 96.75%, cost: 822.0
[2024-10-13 15:36:15,016][INFO] Step 23: size: 23, coverage: 97.75%, cost: 873.0
[2024-10-13 15:36:15,031][INFO] Step 24: size: 24, coverage: 98.75%, cost: 956.0
[2024-10-13 15:36:15,046][INFO] Step 25: size: 25, coverage: 99.50%, cost: 1023.0
[2024-10-13 15:36:15,060][INFO] Step 26: size: 26, coverage: 100.00%, cost: 1036.0
[2024-10-13 15:36:15,061][INFO] Size: 26 -> 26
[2024-10-13 15:36:15,061][INFO] Cost: 1036.0 -> 1036.0
[2024-10-13 15:39:35,720][INFO] Step 1: size: 1, coverage: 7.25%, cost: 1.0
[2024-10-13 15:39:35,736][INFO] Step 2: size: 2, coverage: 13.75%, cost: 2.0
[2024-10-13 15:39:35,751][INFO] Step 3: size: 3, coverage: 20.00%, cost: 3.0
[2024-10-13 15:39:35,766][INFO] Step 4: size: 4, coverage: 25.50%, cost: 4.0
[2024-10-13 15:39:35,781][INFO] Step 5: size: 5, coverage: 30.75%, cost: 5.0
[2024-10-13 15:39:35,796][INFO] Step 6: size: 6, coverage: 36.00%, cost: 6.0
[2024-10-13 15:39:35,811][INFO] Step 7: size: 7, coverage: 40.50%, cost: 7.0
[2024-10-13 15:39:35,825][INFO] Step 8: size: 8, coverage: 44.75%, cost: 8.0
[2024-10-13 15:39:35,840][INFO] Step 9: size: 9, coverage: 48.75%, cost: 9.0
[2024-10-13 15:39:35,855][INFO] Step 10: size: 10, coverage: 52.50%, cost: 10.0
[2024-10-13 15:39:35,870][INFO] Step 11: size: 11, coverage: 55.75%, cost: 11.0
[2024-10-13 15:39:35,884][INFO] Step 12: size: 12, coverage: 59.00%, cost: 12.0
[2024-10-13 15:39:35,898][INFO] Step 13: size: 13, coverage: 62.00%, cost: 13.0
[2024-10-13 15:39:35,913][INFO] Step 14: size: 14, coverage: 64.25%, cost: 14.0
[2024-10-13 15:39:35,927][INFO] Step 15: size: 15, coverage: 66.50%, cost: 15.0
[2024-10-13 15:39:35,941][INFO] Step 16: size: 16, coverage: 68.50%, cost: 16.0
[2024-10-13 15:39:35,956][INFO] Step 17: size: 17, coverage: 70.50%, cost: 17.0
[2024-10-13 15:39:35,970][INFO] Step 18: size: 18, coverage: 72.50%, cost: 18.0
[2024-10-13 15:39:35,984][INFO] Step 19: size: 19, coverage: 74.50%, cost: 19.0
[2024-10-13 15:39:35,998][INFO] Step 20: size: 20, coverage: 76.00%, cost: 20.0
[2024-10-13 15:39:36,013][INFO] Step 21: size: 21, coverage: 77.50%, cost: 21.0
[2024-10-13 15:39:36,027][INFO] Step 22: size: 22, coverage: 79.00%, cost: 22.0
[2024-10-13 15:39:36,041][INFO] Step 23: size: 23, coverage: 80.50%, cost: 23.0
[2024-10-13 15:39:36,056][INFO] Step 24: size: 24, coverage: 81.50%, cost: 24.0
[2024-10-13 15:39:36,070][INFO] Step 25: size: 25, coverage: 82.50%, cost: 25.0
[2024-10-13 15:39:36,085][INFO] Step 26: size: 26, coverage: 83.50%, cost: 26.0
[2024-10-13 15:39:36,099][INFO] Step 27: size: 27, coverage: 84.50%, cost: 27.0
[2024-10-13 15:39:36,114][INFO] Step 28: size: 28, coverage: 85.50%, cost: 28.0
[2024-10-13 15:39:36,128][INFO] Step 29: size: 29, coverage: 86.25%, cost: 29.0
[2024-10-13 15:39:36,143][INFO] Step 30: size: 30, coverage: 87.00%, cost: 30.0
[2024-10-13 15:39:36,158][INFO] Step 31: size: 31, coverage: 87.75%, cost: 31.0
[2024-10-13 15:39:36,172][INFO] Step 32: size: 32, coverage: 88.50%, cost: 32.0
[2024-10-13 15:39:36,187][INFO] Step 33: size: 33, coverage: 89.75%, cost: 34.0
[2024-10-13 15:39:36,202][INFO] Step 34: size: 34, coverage: 90.25%, cost: 35.0
[2024-10-13 15:39:36,217][INFO] Step 35: size: 35, coverage: 90.75%, cost: 36.0
[2024-10-13 15:39:36,232][INFO] Step 36: size: 36, coverage: 91.75%, cost: 38.0
[2024-10-13 15:39:36,247][INFO] Step 37: size: 37, coverage: 93.25%, cost: 41.0
[2024-10-13 15:39:36,262][INFO] Step 38: size: 38, coverage: 94.00%, cost: 43.0
[2024-10-13 15:39:36,277][INFO] Step 39: size: 39, coverage: 94.75%, cost: 45.0
[2024-10-13 15:39:36,292][INFO] Step 40: size: 40, coverage: 95.50%, cost: 47.0
[2024-10-13 15:39:36,307][INFO] Step 41: size: 41, coverage: 96.25%, cost: 49.0
[2024-10-13 15:39:36,322][INFO] Step 42: size: 42, coverage: 96.75%, cost: 51.0
[2024-10-13 15:39:36,337][INFO] Step 43: size: 43, coverage: 97.25%, cost: 53.0
[2024-10-13 15:39:36,353][INFO] Step 44: size: 44, coverage: 97.75%, cost: 55.0
[2024-10-13 15:39:36,368][INFO] Step 45: size: 45, coverage: 98.25%, cost: 58.0
[2024-10-13 15:39:36,384][INFO] Step 46: size: 46, coverage: 98.50%, cost: 60.0
[2024-10-13 15:39:36,399][INFO] Step 47: size: 47, coverage: 98.75%, cost: 62.0
[2024-10-13 15:39:36,415][INFO] Step 48: size: 48, coverage: 99.00%, cost: 64.0
[2024-10-13 15:39:36,431][INFO] Step 49: size: 49, coverage: 99.50%, cost: 68.0
[2024-10-13 15:39:36,447][INFO] Step 50: size: 50, coverage: 99.75%, cost: 71.0
[2024-10-13 15:39:36,463][INFO] Step 51: size: 51, coverage: 100.00%, cost: 74.0
[2024-10-13 15:39:36,464][INFO] Size: 51 -> 50
[2024-10-13 15:39:36,464][INFO] Cost: 74.0 -> 73.0
[2024-10-13 15:58:21,717][INFO] Step 1: size: 1, coverage: 7.25%, cost: 1.0
[2024-10-13 15:58:21,733][INFO] Step 2: size: 2, coverage: 13.75%, cost: 2.0
[2024-10-13 15:58:21,748][INFO] Step 3: size: 3, coverage: 20.00%, cost: 3.0
[2024-10-13 15:58:21,764][INFO] Step 4: size: 4, coverage: 25.50%, cost: 4.0
[2024-10-13 15:58:21,779][INFO] Step 5: size: 5, coverage: 30.75%, cost: 5.0
[2024-10-13 15:58:21,796][INFO] Step 6: size: 6, coverage: 36.00%, cost: 6.0
[2024-10-13 15:58:21,811][INFO] Step 7: size: 7, coverage: 40.50%, cost: 7.0
[2024-10-13 15:58:21,826][INFO] Step 8: size: 8, coverage: 44.75%, cost: 8.0
[2024-10-13 15:58:21,841][INFO] Step 9: size: 9, coverage: 48.75%, cost: 9.0
[2024-10-13 15:58:21,858][INFO] Step 10: size: 10, coverage: 52.50%, cost: 10.0
[2024-10-13 15:58:21,873][INFO] Step 11: size: 11, coverage: 55.75%, cost: 11.0
[2024-10-13 15:58:21,888][INFO] Step 12: size: 12, coverage: 59.00%, cost: 12.0
[2024-10-13 15:58:21,903][INFO] Step 13: size: 13, coverage: 62.00%, cost: 13.0
[2024-10-13 15:58:21,918][INFO] Step 14: size: 14, coverage: 64.25%, cost: 14.0
[2024-10-13 15:58:21,932][INFO] Step 15: size: 15, coverage: 66.50%, cost: 15.0
[2024-10-13 15:58:21,947][INFO] Step 16: size: 16, coverage: 68.50%, cost: 16.0
[2024-10-13 15:58:21,961][INFO] Step 17: size: 17, coverage: 70.50%, cost: 17.0
[2024-10-13 15:58:21,975][INFO] Step 18: size: 18, coverage: 72.50%, cost: 18.0
[2024-10-13 15:58:21,990][INFO] Step 19: size: 19, coverage: 74.50%, cost: 19.0
[2024-10-13 15:58:22,005][INFO] Step 20: size: 20, coverage: 76.00%, cost: 20.0
[2024-10-13 15:58:22,020][INFO] Step 21: size: 21, coverage: 77.50%, cost: 21.0
[2024-10-13 15:58:22,034][INFO] Step 22: size: 22, coverage: 79.00%, cost: 22.0
[2024-10-13 15:58:22,049][INFO] Step 23: size: 23, coverage: 80.50%, cost: 23.0
[2024-10-13 15:58:22,064][INFO] Step 24: size: 24, coverage: 81.50%, cost: 24.0
[2024-10-13 15:58:22,079][INFO] Step 25: size: 25, coverage: 82.50%, cost: 25.0
[2024-10-13 15:58:22,094][INFO] Step 26: size: 26, coverage: 83.50%, cost: 26.0
[2024-10-13 15:58:22,108][INFO] Step 27: size: 27, coverage: 84.50%, cost: 27.0
[2024-10-13 15:58:22,123][INFO] Step 28: size: 28, coverage: 85.50%, cost: 28.0
[2024-10-13 15:58:22,138][INFO] Step 29: size: 29, coverage: 86.25%, cost: 29.0
[2024-10-13 15:58:22,153][INFO] Step 30: size: 30, coverage: 87.00%, cost: 30.0
[2024-10-13 15:58:22,168][INFO] Step 31: size: 31, coverage: 87.75%, cost: 31.0
[2024-10-13 15:58:22,182][INFO] Step 32: size: 32, coverage: 88.50%, cost: 32.0
[2024-10-13 15:58:22,197][INFO] Step 33: size: 33, coverage: 89.75%, cost: 34.0
[2024-10-13 15:58:22,213][INFO] Step 34: size: 34, coverage: 90.25%, cost: 35.0
[2024-10-13 15:58:22,228][INFO] Step 35: size: 35, coverage: 90.75%, cost: 36.0
[2024-10-13 15:58:22,243][INFO] Step 36: size: 36, coverage: 91.75%, cost: 38.0
[2024-10-13 15:58:22,258][INFO] Step 37: size: 37, coverage: 93.25%, cost: 41.0
[2024-10-13 15:58:22,273][INFO] Step 38: size: 38, coverage: 94.00%, cost: 43.0
[2024-10-13 15:58:22,289][INFO] Step 39: size: 39, coverage: 94.75%, cost: 45.0
[2024-10-13 15:58:22,304][INFO] Step 40: size: 40, coverage: 95.50%, cost: 47.0
[2024-10-13 15:58:22,319][INFO] Step 41: size: 41, coverage: 96.25%, cost: 49.0
[2024-10-13 15:58:22,334][INFO] Step 42: size: 42, coverage: 96.75%, cost: 51.0
[2024-10-13 15:58:22,350][INFO] Step 43: size: 43, coverage: 97.25%, cost: 53.0
[2024-10-13 15:58:22,366][INFO] Step 44: size: 44, coverage: 97.75%, cost: 55.0
[2024-10-13 15:58:22,381][INFO] Step 45: size: 45, coverage: 98.25%, cost: 58.0
[2024-10-13 15:58:22,397][INFO] Step 46: size: 46, coverage: 98.50%, cost: 60.0
[2024-10-13 15:58:22,413][INFO] Step 47: size: 47, coverage: 98.75%, cost: 62.0
[2024-10-13 15:58:22,428][INFO] Step 48: size: 48, coverage: 99.00%, cost: 64.0
[2024-10-13 15:58:22,444][INFO] Step 49: size: 49, coverage: 99.50%, cost: 68.0
[2024-10-13 15:58:22,460][INFO] Step 50: size: 50, coverage: 99.75%, cost: 71.0
[2024-10-13 15:58:22,476][INFO] Step 51: size: 51, coverage: 100.00%, cost: 74.0
[2024-10-13 15:58:22,478][INFO] Size: 51 -> 50
[2024-10-13 15:58:22,478][INFO] Cost: 74.0 -> 73.0
[2024-10-13 16:04:20,716][INFO] Step 1: size: 1, coverage: 7.25%, cost: 1.0
[2024-10-13 16:04:20,732][INFO] Step 2: size: 2, coverage: 13.75%, cost: 2.0
[2024-10-13 16:04:20,747][INFO] Step 3: size: 3, coverage: 20.00%, cost: 3.0
[2024-10-13 16:04:20,763][INFO] Step 4: size: 4, coverage: 25.50%, cost: 4.0
[2024-10-13 16:04:20,778][INFO] Step 5: size: 5, coverage: 30.75%, cost: 5.0
[2024-10-13 16:04:20,794][INFO] Step 6: size: 6, coverage: 36.00%, cost: 6.0
[2024-10-13 16:04:20,809][INFO] Step 7: size: 7, coverage: 40.50%, cost: 7.0
[2024-10-13 16:04:20,824][INFO] Step 8: size: 8, coverage: 44.75%, cost: 8.0
[2024-10-13 16:04:20,840][INFO] Step 9: size: 9, coverage: 48.75%, cost: 9.0
[2024-10-13 16:04:20,855][INFO] Step 10: size: 10, coverage: 52.50%, cost: 10.0
[2024-10-13 16:04:20,870][INFO] Step 11: size: 11, coverage: 55.75%, cost: 11.0
[2024-10-13 16:04:20,885][INFO] Step 12: size: 12, coverage: 59.00%, cost: 12.0
[2024-10-13 16:04:20,900][INFO] Step 13: size: 13, coverage: 62.00%, cost: 13.0
[2024-10-13 16:04:20,915][INFO] Step 14: size: 14, coverage: 64.25%, cost: 14.0
[2024-10-13 16:04:20,930][INFO] Step 15: size: 15, coverage: 66.50%, cost: 15.0
[2024-10-13 16:04:20,945][INFO] Step 16: size: 16, coverage: 68.50%, cost: 16.0
[2024-10-13 16:04:20,960][INFO] Step 17: size: 17, coverage: 70.50%, cost: 17.0
[2024-10-13 16:04:20,974][INFO] Step 18: size: 18, coverage: 72.50%, cost: 18.0
[2024-10-13 16:04:20,989][INFO] Step 19: size: 19, coverage: 74.50%, cost: 19.0
[2024-10-13 16:04:21,004][INFO] Step 20: size: 20, coverage: 76.00%, cost: 20.0
[2024-10-13 16:04:21,019][INFO] Step 21: size: 21, coverage: 77.50%, cost: 21.0
[2024-10-13 16:04:21,033][INFO] Step 22: size: 22, coverage: 79.00%, cost: 22.0
[2024-10-13 16:04:21,048][INFO] Step 23: size: 23, coverage: 80.50%, cost: 23.0
[2024-10-13 16:04:21,063][INFO] Step 24: size: 24, coverage: 81.50%, cost: 24.0
[2024-10-13 16:04:21,078][INFO] Step 25: size: 25, coverage: 82.50%, cost: 25.0
[2024-10-13 16:04:21,093][INFO] Step 26: size: 26, coverage: 83.50%, cost: 26.0
[2024-10-13 16:04:21,108][INFO] Step 27: size: 27, coverage: 84.50%, cost: 27.0
[2024-10-13 16:04:21,123][INFO] Step 28: size: 28, coverage: 85.50%, cost: 28.0
[2024-10-13 16:04:21,138][INFO] Step 29: size: 29, coverage: 86.25%, cost: 29.0
[2024-10-13 16:04:21,153][INFO] Step 30: size: 30, coverage: 87.00%, cost: 30.0
[2024-10-13 16:04:21,168][INFO] Step 31: size: 31, coverage: 87.75%, cost: 31.0
[2024-10-13 16:04:21,183][INFO] Step 32: size: 32, coverage: 88.50%, cost: 32.0
[2024-10-13 16:04:21,198][INFO] Step 33: size: 33, coverage: 89.75%, cost: 34.0
[2024-10-13 16:04:21,214][INFO] Step 34: size: 34, coverage: 90.25%, cost: 35.0
[2024-10-13 16:04:21,229][INFO] Step 35: size: 35, coverage: 90.75%, cost: 36.0
[2024-10-13 16:04:21,244][INFO] Step 36: size: 36, coverage: 91.75%, cost: 38.0
[2024-10-13 16:04:21,260][INFO] Step 37: size: 37, coverage: 93.25%, cost: 41.0
[2024-10-13 16:04:21,275][INFO] Step 38: size: 38, coverage: 94.00%, cost: 43.0
[2024-10-13 16:04:21,291][INFO] Step 39: size: 39, coverage: 94.75%, cost: 45.0
[2024-10-13 16:04:21,307][INFO] Step 40: size: 40, coverage: 95.50%, cost: 47.0
[2024-10-13 16:04:21,322][INFO] Step 41: size: 41, coverage: 96.25%, cost: 49.0
[2024-10-13 16:04:21,338][INFO] Step 42: size: 42, coverage: 96.75%, cost: 51.0
[2024-10-13 16:04:21,354][INFO] Step 43: size: 43, coverage: 97.25%, cost: 53.0
[2024-10-13 16:04:21,370][INFO] Step 44: size: 44, coverage: 97.75%, cost: 55.0
[2024-10-13 16:04:21,385][INFO] Step 45: size: 45, coverage: 98.25%, cost: 58.0
[2024-10-13 16:04:21,401][INFO] Step 46: size: 46, coverage: 98.50%, cost: 60.0
[2024-10-13 16:04:21,417][INFO] Step 47: size: 47, coverage: 98.75%, cost: 62.0
[2024-10-13 16:04:21,434][INFO] Step 48: size: 48, coverage: 99.00%, cost: 64.0
[2024-10-13 16:04:21,450][INFO] Step 49: size: 49, coverage: 99.50%, cost: 68.0
[2024-10-13 16:04:21,466][INFO] Step 50: size: 50, coverage: 99.75%, cost: 71.0
[2024-10-13 16:04:21,483][INFO] Step 51: size: 51, coverage: 100.00%, cost: 74.0
[2024-10-13 16:04:21,484][INFO] Size: 51 -> 50
[2024-10-13 16:04:21,484][INFO] Cost: 74.0 -> 73.0
[2024-10-13 16:09:53,512][INFO] Step 1: size: 1, coverage: 7.25%, cost: 1.0
[2024-10-13 16:09:53,528][INFO] Step 2: size: 2, coverage: 13.75%, cost: 2.0
[2024-10-13 16:09:53,543][INFO] Step 3: size: 3, coverage: 20.00%, cost: 3.0
[2024-10-13 16:09:53,558][INFO] Step 4: size: 4, coverage: 25.50%, cost: 4.0
[2024-10-13 16:09:53,573][INFO] Step 5: size: 5, coverage: 30.75%, cost: 5.0
[2024-10-13 16:09:53,588][INFO] Step 6: size: 6, coverage: 36.00%, cost: 6.0
[2024-10-13 16:09:53,602][INFO] Step 7: size: 7, coverage: 40.50%, cost: 7.0
[2024-10-13 16:09:53,617][INFO] Step 8: size: 8, coverage: 44.75%, cost: 8.0
[2024-10-13 16:09:53,632][INFO] Step 9: size: 9, coverage: 48.75%, cost: 9.0
[2024-10-13 16:09:53,646][INFO] Step 10: size: 10, coverage: 52.50%, cost: 10.0
[2024-10-13 16:09:53,661][INFO] Step 11: size: 11, coverage: 55.75%, cost: 11.0
[2024-10-13 16:09:53,675][INFO] Step 12: size: 12, coverage: 59.00%, cost: 12.0
[2024-10-13 16:09:53,690][INFO] Step 13: size: 13, coverage: 62.00%, cost: 13.0
[2024-10-13 16:09:53,704][INFO] Step 14: size: 14, coverage: 64.25%, cost: 14.0
[2024-10-13 16:09:53,718][INFO] Step 15: size: 15, coverage: 66.50%, cost: 15.0
[2024-10-13 16:09:53,733][INFO] Step 16: size: 16, coverage: 68.50%, cost: 16.0
[2024-10-13 16:09:53,747][INFO] Step 17: size: 17, coverage: 70.50%, cost: 17.0
[2024-10-13 16:09:53,761][INFO] Step 18: size: 18, coverage: 72.50%, cost: 18.0
[2024-10-13 16:09:53,775][INFO] Step 19: size: 19, coverage: 74.50%, cost: 19.0
[2024-10-13 16:09:53,789][INFO] Step 20: size: 20, coverage: 76.00%, cost: 20.0
[2024-10-13 16:09:53,803][INFO] Step 21: size: 21, coverage: 77.50%, cost: 21.0
[2024-10-13 16:09:53,818][INFO] Step 22: size: 22, coverage: 79.00%, cost: 22.0
[2024-10-13 16:09:53,832][INFO] Step 23: size: 23, coverage: 80.50%, cost: 23.0
[2024-10-13 16:09:53,846][INFO] Step 24: size: 24, coverage: 81.50%, cost: 24.0
[2024-10-13 16:09:53,860][INFO] Step 25: size: 25, coverage: 82.50%, cost: 25.0
[2024-10-13 16:09:53,875][INFO] Step 26: size: 26, coverage: 83.50%, cost: 26.0
[2024-10-13 16:09:53,889][INFO] Step 27: size: 27, coverage: 84.50%, cost: 27.0
[2024-10-13 16:09:53,904][INFO] Step 28: size: 28, coverage: 85.50%, cost: 28.0
[2024-10-13 16:09:53,918][INFO] Step 29: size: 29, coverage: 86.25%, cost: 29.0
[2024-10-13 16:09:53,933][INFO] Step 30: size: 30, coverage: 87.00%, cost: 30.0
[2024-10-13 16:09:53,947][INFO] Step 31: size: 31, coverage: 87.75%, cost: 31.0
[2024-10-13 16:09:53,962][INFO] Step 32: size: 32, coverage: 88.50%, cost: 32.0
[2024-10-13 16:09:53,977][INFO] Step 33: size: 33, coverage: 89.75%, cost: 34.0
[2024-10-13 16:09:53,991][INFO] Step 34: size: 34, coverage: 90.25%, cost: 35.0
[2024-10-13 16:09:54,006][INFO] Step 35: size: 35, coverage: 90.75%, cost: 36.0
[2024-10-13 16:09:54,021][INFO] Step 36: size: 36, coverage: 91.75%, cost: 38.0
[2024-10-13 16:09:54,036][INFO] Step 37: size: 37, coverage: 93.25%, cost: 41.0
[2024-10-13 16:09:54,051][INFO] Step 38: size: 38, coverage: 94.00%, cost: 43.0
[2024-10-13 16:09:54,066][INFO] Step 39: size: 39, coverage: 94.75%, cost: 45.0
[2024-10-13 16:09:54,081][INFO] Step 40: size: 40, coverage: 95.50%, cost: 47.0
[2024-10-13 16:09:54,096][INFO] Step 41: size: 41, coverage: 96.25%, cost: 49.0
[2024-10-13 16:09:54,112][INFO] Step 42: size: 42, coverage: 96.75%, cost: 51.0
[2024-10-13 16:09:54,127][INFO] Step 43: size: 43, coverage: 97.25%, cost: 53.0
[2024-10-13 16:09:54,142][INFO] Step 44: size: 44, coverage: 97.75%, cost: 55.0
[2024-10-13 16:09:54,157][INFO] Step 45: size: 45, coverage: 98.25%, cost: 58.0
[2024-10-13 16:09:54,173][INFO] Step 46: size: 46, coverage: 98.50%, cost: 60.0
[2024-10-13 16:09:54,188][INFO] Step 47: size: 47, coverage: 98.75%, cost: 62.0
[2024-10-13 16:09:54,204][INFO] Step 48: size: 48, coverage: 99.00%, cost: 64.0
[2024-10-13 16:09:54,220][INFO] Step 49: size: 49, coverage: 99.50%, cost: 68.0
[2024-10-13 16:09:54,236][INFO] Step 50: size: 50, coverage: 99.75%, cost: 71.0
[2024-10-13 16:09:54,252][INFO] Step 51: size: 51, coverage: 100.00%, cost: 74.0
[2024-10-13 16:09:54,253][INFO] Size: 51 -> 50
[2024-10-13 16:09:54,253][INFO] Cost: 74.0 -> 73.0
