[2024-10-13 15:18:39,272][INFO] Step 1: size: 1, coverage: 5.50%, cost: 8.0
[2024-10-13 15:18:39,275][INFO] Step 2: size: 2, coverage: 10.50%, cost: 53.0
[2024-10-13 15:18:39,279][INFO] Step 3: size: 3, coverage: 15.50%, cost: 145.0
[2024-10-13 15:18:39,282][INFO] Step 4: size: 4, coverage: 20.00%, cost: 161.0
[2024-10-13 15:18:39,285][INFO] Step 5: size: 5, coverage: 24.00%, cost: 164.0
[2024-10-13 15:18:39,288][INFO] Step 6: size: 6, coverage: 28.00%, cost: 173.0
[2024-10-13 15:18:39,292][INFO] Step 7: size: 7, coverage: 32.00%, cost: 265.0
[2024-10-13 15:18:39,295][INFO] Step 8: size: 8, coverage: 35.50%, cost: 288.0
[2024-10-13 15:18:39,298][INFO] Step 9: size: 9, coverage: 39.00%, cost: 330.0
[2024-10-13 15:18:39,301][INFO] Step 10: size: 10, coverage: 42.50%, cost: 430.0
[2024-10-13 15:18:39,304][INFO] Step 11: size: 11, coverage: 45.50%, cost: 437.0
[2024-10-13 15:18:39,308][INFO] Step 12: size: 12, coverage: 48.50%, cost: 461.0
[2024-10-13 15:18:39,311][INFO] Step 13: size: 13, coverage: 51.50%, cost: 493.0
[2024-10-13 15:18:39,314][INFO] Step 14: size: 14, coverage: 54.50%, cost: 536.0
[2024-10-13 15:18:39,318][INFO] Step 15: size: 15, coverage: 57.50%, cost: 611.0
[2024-10-13 15:18:39,321][INFO] Step 16: size: 16, coverage: 60.50%, cost: 699.0
[2024-10-13 15:18:39,324][INFO] Step 17: size: 17, coverage: 63.00%, cost: 732.0
[2024-10-13 15:18:39,328][INFO] Step 18: size: 18, coverage: 65.50%, cost: 810.0
[2024-10-13 15:18:39,331][INFO] Step 19: size: 19, coverage: 68.00%, cost: 907.0
[2024-10-13 15:18:39,335][INFO] Step 20: size: 20, coverage: 70.00%, cost: 914.0
[2024-10-13 15:18:39,338][INFO] Step 21: size: 21, coverage: 72.00%, cost: 941.0
[2024-10-13 15:18:39,341][INFO] Step 22: size: 22, coverage: 74.00%, cost: 993.0
[2024-10-13 15:18:39,345][INFO] Step 23: size: 23, coverage: 76.00%, cost: 1070.0
[2024-10-13 15:18:39,348][INFO] Step 24: size: 24, coverage: 78.00%, cost: 1163.0
[2024-10-13 15:18:39,351][INFO] Step 25: size: 25, coverage: 80.00%, cost: 1257.0
[2024-10-13 15:18:39,355][INFO] Step 26: size: 26, coverage: 81.50%, cost: 1262.0
[2024-10-13 15:18:39,358][INFO] Step 27: size: 27, coverage: 83.00%, cost: 1269.0
[2024-10-13 15:18:39,362][INFO] Step 28: size: 28, coverage: 84.50%, cost: 1278.0
[2024-10-13 15:18:39,365][INFO] Step 29: size: 29, coverage: 86.00%, cost: 1295.0
[2024-10-13 15:18:39,369][INFO] Step 30: size: 30, coverage: 87.50%, cost: 1316.0
[2024-10-13 15:18:39,372][INFO] Step 31: size: 31, coverage: 89.00%, cost: 1346.0
[2024-10-13 15:18:39,376][INFO] Step 32: size: 32, coverage: 90.50%, cost: 1424.0
[2024-10-13 15:18:39,379][INFO] Step 33: size: 33, coverage: 92.00%, cost: 1518.0
[2024-10-13 15:18:39,383][INFO] Step 34: size: 34, coverage: 93.00%, cost: 1521.0
[2024-10-13 15:18:39,386][INFO] Step 35: size: 35, coverage: 94.00%, cost: 1537.0
[2024-10-13 15:18:39,390][INFO] Step 36: size: 36, coverage: 95.00%, cost: 1554.0
[2024-10-13 15:18:39,394][INFO] Step 37: size: 37, coverage: 96.00%, cost: 1590.0
[2024-10-13 15:18:39,397][INFO] Step 38: size: 38, coverage: 97.00%, cost: 1643.0
[2024-10-13 15:18:39,401][INFO] Step 39: size: 39, coverage: 98.00%, cost: 1704.0
[2024-10-13 15:18:39,404][INFO] Step 40: size: 40, coverage: 98.50%, cost: 1705.0
[2024-10-13 15:18:39,408][INFO] Step 41: size: 41, coverage: 99.00%, cost: 1707.0
[2024-10-13 15:18:39,412][INFO] Step 42: size: 42, coverage: 99.50%, cost: 1713.0
[2024-10-13 15:18:39,416][INFO] Step 43: size: 43, coverage: 100.00%, cost: 1722.0
[2024-10-13 15:18:39,417][INFO] Size: 43 -> 43
[2024-10-13 15:18:39,417][INFO] Cost: 1722.0 -> 1722.0
[2024-10-13 15:40:11,554][INFO] Step 1: size: 1, coverage: 2.00%, cost: 96.0
[2024-10-13 15:40:11,559][INFO] Step 2: size: 2, coverage: 4.00%, cost: 170.0
[2024-10-13 15:40:11,564][INFO] Step 3: size: 3, coverage: 5.00%, cost: 193.0
[2024-10-13 15:40:11,568][INFO] Step 4: size: 4, coverage: 7.50%, cost: 236.0
[2024-10-13 15:40:11,573][INFO] Step 5: size: 5, coverage: 10.00%, cost: 272.0
[2024-10-13 15:40:11,578][INFO] Step 6: size: 6, coverage: 12.00%, cost: 333.0
[2024-10-13 15:40:11,583][INFO] Step 7: size: 7, coverage: 13.00%, cost: 414.0
[2024-10-13 15:40:11,588][INFO] Step 8: size: 8, coverage: 15.00%, cost: 486.0
[2024-10-13 15:40:11,593][INFO] Step 9: size: 9, coverage: 16.50%, cost: 533.0
[2024-10-13 15:40:11,598][INFO] Step 10: size: 10, coverage: 18.50%, cost: 601.0
[2024-10-13 15:40:11,603][INFO] Step 11: size: 11, coverage: 20.50%, cost: 696.0
[2024-10-13 15:40:11,608][INFO] Step 12: size: 12, coverage: 21.50%, cost: 752.0
[2024-10-13 15:40:11,613][INFO] Step 13: size: 13, coverage: 23.50%, cost: 815.0
[2024-10-13 15:40:11,618][INFO] Step 14: size: 14, coverage: 25.00%, cost: 851.0
[2024-10-13 15:40:11,623][INFO] Step 15: size: 15, coverage: 27.00%, cost: 862.0
[2024-10-13 15:40:11,628][INFO] Step 16: size: 16, coverage: 28.00%, cost: 962.0
[2024-10-13 15:40:11,633][INFO] Step 17: size: 17, coverage: 29.50%, cost: 963.0
[2024-10-13 15:40:11,638][INFO] Step 18: size: 18, coverage: 31.50%, cost: 966.0
[2024-10-13 15:40:11,644][INFO] Step 19: size: 19, coverage: 33.00%, cost: 1039.0
[2024-10-13 15:40:11,649][INFO] Step 20: size: 20, coverage: 34.00%, cost: 1111.0
[2024-10-13 15:40:11,655][INFO] Step 21: size: 21, coverage: 35.00%, cost: 1208.0
[2024-10-13 15:40:11,660][INFO] Step 22: size: 22, coverage: 37.00%, cost: 1307.0
[2024-10-13 15:40:11,665][INFO] Step 23: size: 23, coverage: 39.00%, cost: 1400.0
[2024-10-13 15:40:11,670][INFO] Step 24: size: 24, coverage: 39.50%, cost: 1414.0
[2024-10-13 15:40:11,675][INFO] Step 25: size: 25, coverage: 40.00%, cost: 1465.0
[2024-10-13 15:40:11,681][INFO] Step 26: size: 26, coverage: 42.50%, cost: 1558.0
[2024-10-13 15:40:11,686][INFO] Step 27: size: 27, coverage: 43.00%, cost: 1588.0
[2024-10-13 15:40:11,691][INFO] Step 28: size: 28, coverage: 44.50%, cost: 1601.0
[2024-10-13 15:40:11,696][INFO] Step 29: size: 29, coverage: 45.00%, cost: 1615.0
[2024-10-13 15:40:11,702][INFO] Step 30: size: 30, coverage: 46.00%, cost: 1687.0
[2024-10-13 15:40:11,707][INFO] Step 31: size: 31, coverage: 47.00%, cost: 1723.0
[2024-10-13 15:40:11,713][INFO] Step 32: size: 32, coverage: 49.00%, cost: 1805.0
[2024-10-13 15:40:11,718][INFO] Step 33: size: 33, coverage: 50.00%, cost: 1859.0
[2024-10-13 15:40:11,723][INFO] Step 34: size: 34, coverage: 51.00%, cost: 1909.0
[2024-10-13 15:40:11,729][INFO] Step 35: size: 35, coverage: 52.00%, cost: 1995.0
[2024-10-13 15:40:11,734][INFO] Step 36: size: 36, coverage: 52.50%, cost: 2033.0
[2024-10-13 15:40:11,739][INFO] Step 37: size: 37, coverage: 53.00%, cost: 2084.0
[2024-10-13 15:40:11,745][INFO] Step 38: size: 38, coverage: 54.00%, cost: 2150.0
[2024-10-13 15:40:11,750][INFO] Step 39: size: 39, coverage: 56.00%, cost: 2172.0
[2024-10-13 15:40:11,756][INFO] Step 40: size: 40, coverage: 57.00%, cost: 2205.0
[2024-10-13 15:40:11,761][INFO] Step 41: size: 41, coverage: 57.50%, cost: 2226.0
[2024-10-13 15:40:11,767][INFO] Step 42: size: 42, coverage: 58.00%, cost: 2279.0
[2024-10-13 15:40:11,772][INFO] Step 43: size: 43, coverage: 59.00%, cost: 2293.0
[2024-10-13 15:40:11,778][INFO] Step 44: size: 44, coverage: 59.50%, cost: 2345.0
[2024-10-13 15:40:11,783][INFO] Step 45: size: 45, coverage: 61.50%, cost: 2395.0
[2024-10-13 15:40:11,789][INFO] Step 46: size: 46, coverage: 62.00%, cost: 2443.0
[2024-10-13 15:40:11,795][INFO] Step 47: size: 47, coverage: 63.50%, cost: 2476.0
[2024-10-13 15:40:11,800][INFO] Step 48: size: 48, coverage: 65.00%, cost: 2525.0
[2024-10-13 15:40:11,806][INFO] Step 49: size: 49, coverage: 66.00%, cost: 2533.0
[2024-10-13 15:40:11,811][INFO] Step 50: size: 50, coverage: 67.00%, cost: 2553.0
[2024-10-13 15:40:11,817][INFO] Step 51: size: 51, coverage: 67.50%, cost: 2571.0
[2024-10-13 15:40:11,823][INFO] Step 52: size: 52, coverage: 68.00%, cost: 2592.0
[2024-10-13 15:40:11,829][INFO] Step 53: size: 53, coverage: 68.50%, cost: 2679.0
[2024-10-13 15:40:11,834][INFO] Step 54: size: 54, coverage: 69.50%, cost: 2722.0
[2024-10-13 15:40:11,840][INFO] Step 55: size: 55, coverage: 70.00%, cost: 2817.0
[2024-10-13 15:40:11,846][INFO] Step 56: size: 56, coverage: 70.50%, cost: 2824.0
[2024-10-13 15:40:11,852][INFO] Step 57: size: 57, coverage: 71.00%, cost: 2923.0
[2024-10-13 15:40:11,857][INFO] Step 58: size: 58, coverage: 73.00%, cost: 2934.0
[2024-10-13 15:40:11,863][INFO] Step 59: size: 59, coverage: 73.50%, cost: 2965.0
[2024-10-13 15:40:11,869][INFO] Step 60: size: 60, coverage: 74.50%, cost: 3035.0
[2024-10-13 15:40:11,875][INFO] Step 61: size: 61, coverage: 75.00%, cost: 3068.0
[2024-10-13 15:40:11,881][INFO] Step 62: size: 62, coverage: 75.50%, cost: 3117.0
[2024-10-13 15:40:11,886][INFO] Step 63: size: 63, coverage: 76.00%, cost: 3160.0
[2024-10-13 15:40:11,892][INFO] Step 64: size: 64, coverage: 76.50%, cost: 3255.0
[2024-10-13 15:40:11,898][INFO] Step 65: size: 65, coverage: 77.00%, cost: 3309.0
[2024-10-13 15:40:11,904][INFO] Step 66: size: 66, coverage: 78.50%, cost: 3318.0
[2024-10-13 15:40:11,910][INFO] Step 67: size: 67, coverage: 79.00%, cost: 3325.0
[2024-10-13 15:40:11,916][INFO] Step 68: size: 68, coverage: 79.50%, cost: 3375.0
[2024-10-13 15:40:11,921][INFO] Step 69: size: 69, coverage: 80.00%, cost: 3384.0
[2024-10-13 15:40:11,927][INFO] Step 70: size: 70, coverage: 80.50%, cost: 3444.0
[2024-10-13 15:40:11,933][INFO] Step 71: size: 71, coverage: 81.00%, cost: 3480.0
[2024-10-13 15:40:11,939][INFO] Step 72: size: 72, coverage: 81.50%, cost: 3502.0
[2024-10-13 15:40:11,945][INFO] Step 73: size: 73, coverage: 82.00%, cost: 3600.0
[2024-10-13 15:40:11,951][INFO] Step 74: size: 74, coverage: 82.50%, cost: 3697.0
[2024-10-13 15:40:11,957][INFO] Step 75: size: 75, coverage: 83.50%, cost: 3706.0
[2024-10-13 15:40:11,963][INFO] Step 76: size: 76, coverage: 84.50%, cost: 3729.0
[2024-10-13 15:40:11,969][INFO] Step 77: size: 77, coverage: 85.50%, cost: 3738.0
[2024-10-13 15:40:11,975][INFO] Step 78: size: 78, coverage: 86.00%, cost: 3771.0
[2024-10-13 15:40:11,981][INFO] Step 79: size: 79, coverage: 87.00%, cost: 3847.0
[2024-10-13 15:40:11,987][INFO] Step 80: size: 80, coverage: 87.50%, cost: 3933.0
[2024-10-13 15:40:11,993][INFO] Step 81: size: 81, coverage: 88.00%, cost: 3988.0
[2024-10-13 15:40:12,000][INFO] Step 82: size: 82, coverage: 88.50%, cost: 4036.0
[2024-10-13 15:40:12,006][INFO] Step 83: size: 83, coverage: 89.00%, cost: 4052.0
[2024-10-13 15:40:12,012][INFO] Step 84: size: 84, coverage: 89.50%, cost: 4077.0
[2024-10-13 15:40:12,018][INFO] Step 85: size: 85, coverage: 90.50%, cost: 4171.0
[2024-10-13 15:40:12,024][INFO] Step 86: size: 86, coverage: 91.00%, cost: 4231.0
[2024-10-13 15:40:12,030][INFO] Step 87: size: 87, coverage: 92.00%, cost: 4255.0
[2024-10-13 15:40:12,036][INFO] Step 88: size: 88, coverage: 92.50%, cost: 4262.0
[2024-10-13 15:40:12,042][INFO] Step 89: size: 89, coverage: 93.00%, cost: 4282.0
[2024-10-13 15:40:12,049][INFO] Step 90: size: 90, coverage: 94.00%, cost: 4315.0
[2024-10-13 15:40:12,055][INFO] Step 91: size: 91, coverage: 94.50%, cost: 4400.0
[2024-10-13 15:40:12,061][INFO] Step 92: size: 92, coverage: 95.00%, cost: 4475.0
[2024-10-13 15:40:12,067][INFO] Step 93: size: 93, coverage: 95.50%, cost: 4526.0
[2024-10-13 15:40:12,073][INFO] Step 94: size: 94, coverage: 96.00%, cost: 4581.0
[2024-10-13 15:40:12,080][INFO] Step 95: size: 95, coverage: 96.50%, cost: 4654.0
[2024-10-13 15:40:12,086][INFO] Step 96: size: 96, coverage: 97.00%, cost: 4665.0
[2024-10-13 15:40:12,092][INFO] Step 97: size: 97, coverage: 97.50%, cost: 4699.0
[2024-10-13 15:40:12,098][INFO] Step 98: size: 98, coverage: 98.00%, cost: 4741.0
[2024-10-13 15:40:12,105][INFO] Step 99: size: 99, coverage: 98.50%, cost: 4787.0
[2024-10-13 15:40:12,111][INFO] Step 100: size: 100, coverage: 99.00%, cost: 4801.0
[2024-10-13 15:40:12,117][INFO] Step 101: size: 101, coverage: 99.50%, cost: 4848.0
[2024-10-13 15:40:12,124][INFO] Step 102: size: 102, coverage: 100.00%, cost: 4871.0
[2024-10-13 15:40:12,124][INFO] Solved solution used 102 random steps
[2024-10-13 15:40:12,124][INFO] Current randomization probability: 0.0
[2024-10-13 15:40:12,124][INFO] Solved solution used 102 random steps
[2024-10-13 15:40:12,126][INFO] Size: 102 -> 86
[2024-10-13 15:40:12,126][INFO] Cost: 4871.0 -> 4209.0
[2024-10-13 15:58:55,556][INFO] Step 1: size: 1, coverage: 1.00%, cost: 50.0, rand. prob: 0.99
[2024-10-13 15:58:55,561][INFO] Step 2: size: 2, coverage: 3.00%, cost: 145.0, rand. prob: 0.97
[2024-10-13 15:58:55,565][INFO] Step 3: size: 3, coverage: 5.00%, cost: 148.0, rand. prob: 0.95
[2024-10-13 15:58:55,570][INFO] Step 4: size: 4, coverage: 7.50%, cost: 184.0, rand. prob: 0.925
[2024-10-13 15:58:55,575][INFO] Step 5: size: 5, coverage: 9.00%, cost: 236.0, rand. prob: 0.91
[2024-10-13 15:58:55,580][INFO] Step 6: size: 6, coverage: 11.00%, cost: 264.0, rand. prob: 0.89
[2024-10-13 15:58:55,585][INFO] Step 7: size: 7, coverage: 12.50%, cost: 297.0, rand. prob: 0.875
[2024-10-13 15:58:55,590][INFO] Step 8: size: 8, coverage: 14.00%, cost: 313.0, rand. prob: 0.86
[2024-10-13 15:58:55,595][INFO] Step 9: size: 9, coverage: 15.00%, cost: 363.0, rand. prob: 0.85
[2024-10-13 15:58:55,600][INFO] Step 10: size: 10, coverage: 18.00%, cost: 444.0, rand. prob: 0.8200000000000001
[2024-10-13 15:58:55,605][INFO] Step 11: size: 11, coverage: 18.50%, cost: 522.0, rand. prob: 0.815
[2024-10-13 15:58:55,610][INFO] Step 12: size: 12, coverage: 20.00%, cost: 526.0, rand. prob: 0.8
[2024-10-13 15:58:55,615][INFO] Step 13: size: 13, coverage: 21.00%, cost: 531.0, rand. prob: 0.79
[2024-10-13 15:58:55,620][INFO] Step 14: size: 14, coverage: 23.50%, cost: 581.0, rand. prob: 0.765
[2024-10-13 15:58:55,625][INFO] Step 15: size: 15, coverage: 24.50%, cost: 638.0, rand. prob: 0.755
[2024-10-13 15:58:55,630][INFO] Step 16: size: 16, coverage: 26.00%, cost: 707.0, rand. prob: 0.74
[2024-10-13 15:58:55,635][INFO] Step 17: size: 17, coverage: 28.00%, cost: 739.0, rand. prob: 0.72
[2024-10-13 15:58:55,640][INFO] Step 18: size: 18, coverage: 30.50%, cost: 799.0, rand. prob: 0.6950000000000001
[2024-10-13 15:58:55,646][INFO] Step 19: size: 19, coverage: 31.50%, cost: 831.0, rand. prob: 0.685
[2024-10-13 15:58:55,651][INFO] Step 20: size: 20, coverage: 33.50%, cost: 902.0, rand. prob: 0.665
[2024-10-13 15:58:55,656][INFO] Step 21: size: 21, coverage: 35.00%, cost: 916.0, rand. prob: 0.65
[2024-10-13 15:58:55,662][INFO] Step 22: size: 22, coverage: 37.50%, cost: 1006.0, rand. prob: 0.625
[2024-10-13 15:58:55,667][INFO] Step 23: size: 23, coverage: 38.50%, cost: 1092.0, rand. prob: 0.615
[2024-10-13 15:58:55,672][INFO] Step 24: size: 24, coverage: 39.50%, cost: 1143.0, rand. prob: 0.605
[2024-10-13 15:58:55,677][INFO] Step 25: size: 25, coverage: 41.50%, cost: 1145.0, rand. prob: 0.585
[2024-10-13 15:58:55,683][INFO] Step 26: size: 26, coverage: 43.50%, cost: 1146.0, rand. prob: 0.565
[2024-10-13 15:58:55,688][INFO] Step 27: size: 27, coverage: 44.50%, cost: 1242.0, rand. prob: 0.5549999999999999
[2024-10-13 15:58:55,693][INFO] Step 28: size: 28, coverage: 45.50%, cost: 1329.0, rand. prob: 0.5449999999999999
[2024-10-13 15:58:55,699][INFO] Step 29: size: 29, coverage: 47.00%, cost: 1330.0, rand. prob: 0.53
[2024-10-13 15:58:55,704][INFO] Step 30: size: 30, coverage: 48.50%, cost: 1331.0, rand. prob: 0.515
[2024-10-13 15:58:55,709][INFO] Step 31: size: 31, coverage: 49.50%, cost: 1400.0, rand. prob: 0.505
[2024-10-13 15:58:55,715][INFO] Step 32: size: 32, coverage: 50.50%, cost: 1401.0, rand. prob: 0.495
[2024-10-13 15:58:55,720][INFO] Step 33: size: 33, coverage: 51.50%, cost: 1402.0, rand. prob: 0.485
[2024-10-13 15:58:55,726][INFO] Step 34: size: 34, coverage: 52.00%, cost: 1428.0, rand. prob: 0.48
[2024-10-13 15:58:55,731][INFO] Step 35: size: 35, coverage: 53.00%, cost: 1500.0, rand. prob: 0.47
[2024-10-13 15:58:55,736][INFO] Step 36: size: 36, coverage: 54.00%, cost: 1501.0, rand. prob: 0.45999999999999996
[2024-10-13 15:58:55,742][INFO] Step 37: size: 37, coverage: 54.50%, cost: 1576.0, rand. prob: 0.45499999999999996
[2024-10-13 15:58:55,747][INFO] Step 38: size: 38, coverage: 55.50%, cost: 1577.0, rand. prob: 0.44499999999999995
[2024-10-13 15:58:55,753][INFO] Step 39: size: 39, coverage: 56.00%, cost: 1589.0, rand. prob: 0.43999999999999995
[2024-10-13 15:58:55,758][INFO] Step 40: size: 40, coverage: 58.50%, cost: 1592.0, rand. prob: 0.41500000000000004
[2024-10-13 15:58:55,764][INFO] Step 41: size: 41, coverage: 60.00%, cost: 1594.0, rand. prob: 0.4
[2024-10-13 15:58:55,769][INFO] Step 42: size: 42, coverage: 60.50%, cost: 1678.0, rand. prob: 0.395
[2024-10-13 15:58:55,775][INFO] Step 43: size: 43, coverage: 61.00%, cost: 1679.0, rand. prob: 0.39
[2024-10-13 15:58:55,780][INFO] Step 44: size: 44, coverage: 61.50%, cost: 1680.0, rand. prob: 0.385
[2024-10-13 15:58:55,786][INFO] Step 45: size: 45, coverage: 62.50%, cost: 1682.0, rand. prob: 0.375
[2024-10-13 15:58:55,792][INFO] Step 46: size: 46, coverage: 65.00%, cost: 1688.0, rand. prob: 0.35
[2024-10-13 15:58:55,797][INFO] Step 47: size: 47, coverage: 66.00%, cost: 1691.0, rand. prob: 0.33999999999999997
[2024-10-13 15:58:55,803][INFO] Step 48: size: 48, coverage: 67.00%, cost: 1743.0, rand. prob: 0.32999999999999996
[2024-10-13 15:58:55,808][INFO] Step 49: size: 49, coverage: 67.50%, cost: 1810.0, rand. prob: 0.32499999999999996
[2024-10-13 15:58:55,814][INFO] Step 50: size: 50, coverage: 68.50%, cost: 1862.0, rand. prob: 0.31499999999999995
[2024-10-13 15:58:55,819][INFO] Step 51: size: 51, coverage: 70.00%, cost: 1893.0, rand. prob: 0.30000000000000004
[2024-10-13 15:58:55,825][INFO] Step 52: size: 52, coverage: 70.50%, cost: 1957.0, rand. prob: 0.29500000000000004
[2024-10-13 15:58:55,831][INFO] Step 53: size: 53, coverage: 72.00%, cost: 1962.0, rand. prob: 0.28
[2024-10-13 15:58:55,836][INFO] Step 54: size: 54, coverage: 72.50%, cost: 2048.0, rand. prob: 0.275
[2024-10-13 15:58:55,842][INFO] Step 55: size: 55, coverage: 73.00%, cost: 2050.0, rand. prob: 0.27
[2024-10-13 15:58:55,848][INFO] Step 56: size: 56, coverage: 74.50%, cost: 2056.0, rand. prob: 0.255
[2024-10-13 15:58:55,853][INFO] Step 57: size: 57, coverage: 76.00%, cost: 2063.0, rand. prob: 0.24
[2024-10-13 15:58:55,859][INFO] Step 58: size: 58, coverage: 77.50%, cost: 2070.0, rand. prob: 0.22499999999999998
[2024-10-13 15:58:55,864][INFO] Step 59: size: 59, coverage: 78.00%, cost: 2125.0, rand. prob: 0.21999999999999997
[2024-10-13 15:58:55,870][INFO] Step 60: size: 60, coverage: 78.50%, cost: 2214.0, rand. prob: 0.21499999999999997
[2024-10-13 15:58:55,876][INFO] Step 61: size: 61, coverage: 79.00%, cost: 2217.0, rand. prob: 0.20999999999999996
[2024-10-13 15:58:55,882][INFO] Step 62: size: 62, coverage: 79.50%, cost: 2220.0, rand. prob: 0.20499999999999996
[2024-10-13 15:58:55,887][INFO] Step 63: size: 63, coverage: 80.00%, cost: 2223.0, rand. prob: 0.19999999999999996
[2024-10-13 15:58:55,893][INFO] Step 64: size: 64, coverage: 80.50%, cost: 2226.0, rand. prob: 0.19499999999999995
[2024-10-13 15:58:55,899][INFO] Step 65: size: 65, coverage: 81.00%, cost: 2229.0, rand. prob: 0.18999999999999995
[2024-10-13 15:58:55,905][INFO] Step 66: size: 66, coverage: 81.50%, cost: 2232.0, rand. prob: 0.18500000000000005
[2024-10-13 15:58:55,910][INFO] Step 67: size: 67, coverage: 82.00%, cost: 2289.0, rand. prob: 0.18000000000000005
[2024-10-13 15:58:55,916][INFO] Step 68: size: 68, coverage: 82.50%, cost: 2292.0, rand. prob: 0.17500000000000004
[2024-10-13 15:58:55,922][INFO] Step 69: size: 69, coverage: 83.00%, cost: 2295.0, rand. prob: 0.17000000000000004
[2024-10-13 15:58:55,928][INFO] Step 70: size: 70, coverage: 83.50%, cost: 2353.0, rand. prob: 0.16500000000000004
[2024-10-13 15:58:55,934][INFO] Step 71: size: 71, coverage: 84.00%, cost: 2356.0, rand. prob: 0.16000000000000003
[2024-10-13 15:58:55,940][INFO] Step 72: size: 72, coverage: 85.00%, cost: 2362.0, rand. prob: 0.15000000000000002
[2024-10-13 15:58:55,945][INFO] Step 73: size: 73, coverage: 86.00%, cost: 2396.0, rand. prob: 0.14
[2024-10-13 15:58:55,951][INFO] Step 74: size: 74, coverage: 87.00%, cost: 2402.0, rand. prob: 0.13
[2024-10-13 15:58:55,957][INFO] Step 75: size: 75, coverage: 87.50%, cost: 2406.0, rand. prob: 0.125
[2024-10-13 15:58:55,963][INFO] Step 76: size: 76, coverage: 88.00%, cost: 2410.0, rand. prob: 0.12
[2024-10-13 15:58:55,969][INFO] Step 77: size: 77, coverage: 89.00%, cost: 2419.0, rand. prob: 0.10999999999999999
[2024-10-13 15:58:55,975][INFO] Step 78: size: 78, coverage: 90.00%, cost: 2428.0, rand. prob: 0.09999999999999998
[2024-10-13 15:58:55,981][INFO] Step 79: size: 79, coverage: 91.00%, cost: 2439.0, rand. prob: 0.08999999999999997
[2024-10-13 15:58:55,987][INFO] Step 80: size: 80, coverage: 91.50%, cost: 2445.0, rand. prob: 0.08499999999999996
[2024-10-13 15:58:55,993][INFO] Step 81: size: 81, coverage: 92.00%, cost: 2452.0, rand. prob: 0.07999999999999996
[2024-10-13 15:58:55,999][INFO] Step 82: size: 82, coverage: 92.50%, cost: 2462.0, rand. prob: 0.07499999999999996
[2024-10-13 15:58:56,005][INFO] Step 83: size: 83, coverage: 93.00%, cost: 2469.0, rand. prob: 0.06999999999999995
[2024-10-13 15:58:56,011][INFO] Step 84: size: 84, coverage: 93.50%, cost: 2476.0, rand. prob: 0.06499999999999995
[2024-10-13 15:58:56,017][INFO] Step 85: size: 85, coverage: 94.00%, cost: 2484.0, rand. prob: 0.06000000000000005
[2024-10-13 15:58:56,023][INFO] Step 86: size: 86, coverage: 95.00%, cost: 2501.0, rand. prob: 0.050000000000000044
[2024-10-13 15:58:56,029][INFO] Step 87: size: 87, coverage: 95.50%, cost: 2582.0, rand. prob: 0.04500000000000004
[2024-10-13 15:58:56,035][INFO] Step 88: size: 88, coverage: 96.50%, cost: 2599.0, rand. prob: 0.03500000000000003
[2024-10-13 15:58:56,041][INFO] Step 89: size: 89, coverage: 97.00%, cost: 2608.0, rand. prob: 0.030000000000000027
[2024-10-13 15:58:56,047][INFO] Step 90: size: 90, coverage: 97.50%, cost: 2641.0, rand. prob: 0.025000000000000022
[2024-10-13 15:58:56,053][INFO] Step 91: size: 91, coverage: 98.00%, cost: 2650.0, rand. prob: 0.020000000000000018
[2024-10-13 15:58:56,059][INFO] Step 92: size: 92, coverage: 98.50%, cost: 2661.0, rand. prob: 0.015000000000000013
[2024-10-13 15:58:56,065][INFO] Step 93: size: 93, coverage: 99.00%, cost: 2674.0, rand. prob: 0.010000000000000009
[2024-10-13 15:58:56,071][INFO] Step 94: size: 94, coverage: 99.50%, cost: 2694.0, rand. prob: 0.0050000000000000044
[2024-10-13 15:58:56,077][INFO] Step 95: size: 95, coverage: 100.00%, cost: 2737.0, rand. prob: 0.0
[2024-10-13 15:58:56,080][INFO] Size: 95 -> 81
[2024-10-13 15:58:56,080][INFO] Cost: 2737.0 -> 2093.0
[2024-10-13 16:04:53,970][INFO] Step 1: size: 1, coverage: 1.50%, cost: 85.0, rand. prob: 0.985
[2024-10-13 16:04:53,975][INFO] Step 2: size: 2, coverage: 4.50%, cost: 164.0, rand. prob: 0.955
[2024-10-13 16:04:53,980][INFO] Step 3: size: 3, coverage: 7.00%, cost: 194.0, rand. prob: 0.9299999999999999
[2024-10-13 16:04:53,985][INFO] Step 4: size: 4, coverage: 8.50%, cost: 294.0, rand. prob: 0.915
[2024-10-13 16:04:53,990][INFO] Step 5: size: 5, coverage: 9.50%, cost: 377.0, rand. prob: 0.905
[2024-10-13 16:04:53,995][INFO] Step 6: size: 6, coverage: 11.00%, cost: 451.0, rand. prob: 0.89
[2024-10-13 16:04:54,000][INFO] Step 7: size: 7, coverage: 12.50%, cost: 537.0, rand. prob: 0.875
[2024-10-13 16:04:54,005][INFO] Step 8: size: 8, coverage: 16.50%, cost: 538.0, rand. prob: 0.835
[2024-10-13 16:04:54,010][INFO] Step 9: size: 9, coverage: 17.50%, cost: 572.0, rand. prob: 0.825
[2024-10-13 16:04:54,015][INFO] Step 10: size: 10, coverage: 20.50%, cost: 591.0, rand. prob: 0.795
[2024-10-13 16:04:54,020][INFO] Step 11: size: 11, coverage: 21.50%, cost: 599.0, rand. prob: 0.785
[2024-10-13 16:04:54,026][INFO] Step 12: size: 12, coverage: 23.50%, cost: 691.0, rand. prob: 0.765
[2024-10-13 16:04:54,031][INFO] Step 13: size: 13, coverage: 25.00%, cost: 789.0, rand. prob: 0.75
[2024-10-13 16:04:54,036][INFO] Step 14: size: 14, coverage: 27.50%, cost: 790.0, rand. prob: 0.725
[2024-10-13 16:04:54,041][INFO] Step 15: size: 15, coverage: 29.00%, cost: 863.0, rand. prob: 0.71
[2024-10-13 16:04:54,047][INFO] Step 16: size: 16, coverage: 31.00%, cost: 933.0, rand. prob: 0.69
[2024-10-13 16:04:54,052][INFO] Step 17: size: 17, coverage: 32.00%, cost: 952.0, rand. prob: 0.6799999999999999
[2024-10-13 16:04:54,057][INFO] Step 18: size: 18, coverage: 33.50%, cost: 1013.0, rand. prob: 0.665
[2024-10-13 16:04:54,063][INFO] Step 19: size: 19, coverage: 35.00%, cost: 1014.0, rand. prob: 0.65
[2024-10-13 16:04:54,068][INFO] Step 20: size: 20, coverage: 36.50%, cost: 1015.0, rand. prob: 0.635
[2024-10-13 16:04:54,073][INFO] Step 21: size: 21, coverage: 39.00%, cost: 1017.0, rand. prob: 0.61
[2024-10-13 16:04:54,079][INFO] Step 22: size: 22, coverage: 40.00%, cost: 1018.0, rand. prob: 0.6
[2024-10-13 16:04:54,084][INFO] Step 23: size: 23, coverage: 41.00%, cost: 1019.0, rand. prob: 0.5900000000000001
[2024-10-13 16:04:54,089][INFO] Step 24: size: 24, coverage: 42.00%, cost: 1106.0, rand. prob: 0.5800000000000001
[2024-10-13 16:04:54,095][INFO] Step 25: size: 25, coverage: 42.50%, cost: 1108.0, rand. prob: 0.575
[2024-10-13 16:04:54,100][INFO] Step 26: size: 26, coverage: 43.50%, cost: 1202.0, rand. prob: 0.565
[2024-10-13 16:04:54,105][INFO] Step 27: size: 27, coverage: 44.00%, cost: 1251.0, rand. prob: 0.56
[2024-10-13 16:04:54,111][INFO] Step 28: size: 28, coverage: 44.50%, cost: 1258.0, rand. prob: 0.5549999999999999
[2024-10-13 16:04:54,116][INFO] Step 29: size: 29, coverage: 45.50%, cost: 1332.0, rand. prob: 0.5449999999999999
[2024-10-13 16:04:54,122][INFO] Step 30: size: 30, coverage: 48.00%, cost: 1335.0, rand. prob: 0.52
[2024-10-13 16:04:54,127][INFO] Step 31: size: 31, coverage: 49.00%, cost: 1364.0, rand. prob: 0.51
[2024-10-13 16:04:54,133][INFO] Step 32: size: 32, coverage: 50.50%, cost: 1368.0, rand. prob: 0.495
[2024-10-13 16:04:54,138][INFO] Step 33: size: 33, coverage: 53.50%, cost: 1372.0, rand. prob: 0.46499999999999997
[2024-10-13 16:04:54,144][INFO] Step 34: size: 34, coverage: 55.50%, cost: 1375.0, rand. prob: 0.44499999999999995
[2024-10-13 16:04:54,149][INFO] Step 35: size: 35, coverage: 57.50%, cost: 1378.0, rand. prob: 0.42500000000000004
[2024-10-13 16:04:54,155][INFO] Step 36: size: 36, coverage: 58.00%, cost: 1435.0, rand. prob: 0.42000000000000004
[2024-10-13 16:04:54,160][INFO] Step 37: size: 37, coverage: 58.50%, cost: 1452.0, rand. prob: 0.41500000000000004
[2024-10-13 16:04:54,166][INFO] Step 38: size: 38, coverage: 59.00%, cost: 1453.0, rand. prob: 0.41000000000000003
[2024-10-13 16:04:54,171][INFO] Step 39: size: 39, coverage: 60.00%, cost: 1455.0, rand. prob: 0.4
[2024-10-13 16:04:54,177][INFO] Step 40: size: 40, coverage: 61.00%, cost: 1457.0, rand. prob: 0.39
[2024-10-13 16:04:54,182][INFO] Step 41: size: 41, coverage: 63.50%, cost: 1463.0, rand. prob: 0.365
[2024-10-13 16:04:54,188][INFO] Step 42: size: 42, coverage: 64.50%, cost: 1466.0, rand. prob: 0.355
[2024-10-13 16:04:54,194][INFO] Step 43: size: 43, coverage: 65.50%, cost: 1469.0, rand. prob: 0.345
[2024-10-13 16:04:54,199][INFO] Step 44: size: 44, coverage: 66.50%, cost: 1472.0, rand. prob: 0.33499999999999996
[2024-10-13 16:04:54,205][INFO] Step 45: size: 45, coverage: 67.00%, cost: 1481.0, rand. prob: 0.32999999999999996
[2024-10-13 16:04:54,210][INFO] Step 46: size: 46, coverage: 67.50%, cost: 1492.0, rand. prob: 0.32499999999999996
[2024-10-13 16:04:54,216][INFO] Step 47: size: 47, coverage: 68.50%, cost: 1495.0, rand. prob: 0.31499999999999995
[2024-10-13 16:04:54,221][INFO] Step 48: size: 48, coverage: 69.50%, cost: 1498.0, rand. prob: 0.30500000000000005
[2024-10-13 16:04:54,227][INFO] Step 49: size: 49, coverage: 70.50%, cost: 1501.0, rand. prob: 0.29500000000000004
[2024-10-13 16:04:54,233][INFO] Step 50: size: 50, coverage: 71.50%, cost: 1504.0, rand. prob: 0.28500000000000003
[2024-10-13 16:04:54,238][INFO] Step 51: size: 51, coverage: 72.50%, cost: 1581.0, rand. prob: 0.275
[2024-10-13 16:04:54,244][INFO] Step 52: size: 52, coverage: 73.00%, cost: 1583.0, rand. prob: 0.27
[2024-10-13 16:04:54,250][INFO] Step 53: size: 53, coverage: 74.00%, cost: 1614.0, rand. prob: 0.26
[2024-10-13 16:04:54,255][INFO] Step 54: size: 54, coverage: 75.00%, cost: 1618.0, rand. prob: 0.25
[2024-10-13 16:04:54,261][INFO] Step 55: size: 55, coverage: 76.00%, cost: 1622.0, rand. prob: 0.24
[2024-10-13 16:04:54,267][INFO] Step 56: size: 56, coverage: 77.50%, cost: 1628.0, rand. prob: 0.22499999999999998
[2024-10-13 16:04:54,272][INFO] Step 57: size: 57, coverage: 78.50%, cost: 1633.0, rand. prob: 0.21499999999999997
[2024-10-13 16:04:54,278][INFO] Step 58: size: 58, coverage: 79.00%, cost: 1636.0, rand. prob: 0.20999999999999996
[2024-10-13 16:04:54,284][INFO] Step 59: size: 59, coverage: 79.50%, cost: 1718.0, rand. prob: 0.20499999999999996
[2024-10-13 16:04:54,289][INFO] Step 60: size: 60, coverage: 80.50%, cost: 1724.0, rand. prob: 0.19499999999999995
[2024-10-13 16:04:54,295][INFO] Step 61: size: 61, coverage: 81.00%, cost: 1791.0, rand. prob: 0.18999999999999995
[2024-10-13 16:04:54,301][INFO] Step 62: size: 62, coverage: 82.00%, cost: 1798.0, rand. prob: 0.18000000000000005
[2024-10-13 16:04:54,307][INFO] Step 63: size: 63, coverage: 82.50%, cost: 1802.0, rand. prob: 0.17500000000000004
[2024-10-13 16:04:54,312][INFO] Step 64: size: 64, coverage: 83.00%, cost: 1855.0, rand. prob: 0.17000000000000004
[2024-10-13 16:04:54,318][INFO] Step 65: size: 65, coverage: 83.50%, cost: 1876.0, rand. prob: 0.16500000000000004
[2024-10-13 16:04:54,324][INFO] Step 66: size: 66, coverage: 84.00%, cost: 1972.0, rand. prob: 0.16000000000000003
[2024-10-13 16:04:54,330][INFO] Step 67: size: 67, coverage: 85.00%, cost: 1980.0, rand. prob: 0.15000000000000002
[2024-10-13 16:04:54,335][INFO] Step 68: size: 68, coverage: 85.50%, cost: 1985.0, rand. prob: 0.14500000000000002
[2024-10-13 16:04:54,341][INFO] Step 69: size: 69, coverage: 87.00%, cost: 2002.0, rand. prob: 0.13
[2024-10-13 16:04:54,347][INFO] Step 70: size: 70, coverage: 88.50%, cost: 2019.0, rand. prob: 0.11499999999999999
[2024-10-13 16:04:54,353][INFO] Step 71: size: 71, coverage: 89.00%, cost: 2025.0, rand. prob: 0.10999999999999999
[2024-10-13 16:04:54,358][INFO] Step 72: size: 72, coverage: 89.50%, cost: 2031.0, rand. prob: 0.10499999999999998
[2024-10-13 16:04:54,364][INFO] Step 73: size: 73, coverage: 90.00%, cost: 2037.0, rand. prob: 0.09999999999999998
[2024-10-13 16:04:54,370][INFO] Step 74: size: 74, coverage: 90.50%, cost: 2043.0, rand. prob: 0.09499999999999997
[2024-10-13 16:04:54,376][INFO] Step 75: size: 75, coverage: 91.00%, cost: 2050.0, rand. prob: 0.08999999999999997
[2024-10-13 16:04:54,382][INFO] Step 76: size: 76, coverage: 92.00%, cost: 2065.0, rand. prob: 0.07999999999999996
[2024-10-13 16:04:54,387][INFO] Step 77: size: 77, coverage: 92.50%, cost: 2073.0, rand. prob: 0.07499999999999996
[2024-10-13 16:04:54,393][INFO] Step 78: size: 78, coverage: 93.00%, cost: 2082.0, rand. prob: 0.06999999999999995
[2024-10-13 16:04:54,399][INFO] Step 79: size: 79, coverage: 93.50%, cost: 2091.0, rand. prob: 0.06499999999999995
[2024-10-13 16:04:54,405][INFO] Step 80: size: 80, coverage: 94.00%, cost: 2100.0, rand. prob: 0.06000000000000005
[2024-10-13 16:04:54,411][INFO] Step 81: size: 81, coverage: 94.50%, cost: 2110.0, rand. prob: 0.05500000000000005
[2024-10-13 16:04:54,416][INFO] Step 82: size: 82, coverage: 95.00%, cost: 2120.0, rand. prob: 0.050000000000000044
[2024-10-13 16:04:54,422][INFO] Step 83: size: 83, coverage: 95.50%, cost: 2131.0, rand. prob: 0.04500000000000004
[2024-10-13 16:04:54,428][INFO] Step 84: size: 84, coverage: 96.00%, cost: 2212.0, rand. prob: 0.040000000000000036
[2024-10-13 16:04:54,434][INFO] Step 85: size: 85, coverage: 96.50%, cost: 2224.0, rand. prob: 0.03500000000000003
[2024-10-13 16:04:54,440][INFO] Step 86: size: 86, coverage: 97.00%, cost: 2236.0, rand. prob: 0.030000000000000027
[2024-10-13 16:04:54,446][INFO] Step 87: size: 87, coverage: 97.50%, cost: 2249.0, rand. prob: 0.025000000000000022
[2024-10-13 16:04:54,452][INFO] Step 88: size: 88, coverage: 98.00%, cost: 2264.0, rand. prob: 0.020000000000000018
[2024-10-13 16:04:54,458][INFO] Step 89: size: 89, coverage: 98.50%, cost: 2282.0, rand. prob: 0.015000000000000013
[2024-10-13 16:04:54,464][INFO] Step 90: size: 90, coverage: 99.00%, cost: 2302.0, rand. prob: 0.010000000000000009
[2024-10-13 16:04:54,469][INFO] Step 91: size: 91, coverage: 99.50%, cost: 2329.0, rand. prob: 0.0050000000000000044
[2024-10-13 16:04:54,475][INFO] Step 92: size: 92, coverage: 100.00%, cost: 2372.0, rand. prob: 0.0
[2024-10-13 16:04:54,477][INFO] Size: 92 -> 75
[2024-10-13 16:04:54,477][INFO] Cost: 2372.0 -> 1919.0
[2024-10-13 16:10:25,756][INFO] Step 1: size: 1, coverage: 1.50%, cost: 85.0, rand. prob: 0.985
[2024-10-13 16:10:25,761][INFO] Step 2: size: 2, coverage: 4.50%, cost: 164.0, rand. prob: 0.955
[2024-10-13 16:10:25,765][INFO] Step 3: size: 3, coverage: 7.00%, cost: 194.0, rand. prob: 0.9299999999999999
[2024-10-13 16:10:25,770][INFO] Step 4: size: 4, coverage: 8.50%, cost: 294.0, rand. prob: 0.915
[2024-10-13 16:10:25,775][INFO] Step 5: size: 5, coverage: 9.50%, cost: 377.0, rand. prob: 0.905
[2024-10-13 16:10:25,780][INFO] Step 6: size: 6, coverage: 11.00%, cost: 451.0, rand. prob: 0.89
[2024-10-13 16:10:25,785][INFO] Step 7: size: 7, coverage: 12.50%, cost: 537.0, rand. prob: 0.875
[2024-10-13 16:10:25,790][INFO] Step 8: size: 8, coverage: 16.50%, cost: 538.0, rand. prob: 0.835
[2024-10-13 16:10:25,795][INFO] Step 9: size: 9, coverage: 17.50%, cost: 572.0, rand. prob: 0.825
[2024-10-13 16:10:25,800][INFO] Step 10: size: 10, coverage: 20.50%, cost: 591.0, rand. prob: 0.795
[2024-10-13 16:10:25,805][INFO] Step 11: size: 11, coverage: 21.50%, cost: 599.0, rand. prob: 0.785
[2024-10-13 16:10:25,810][INFO] Step 12: size: 12, coverage: 23.50%, cost: 691.0, rand. prob: 0.765
[2024-10-13 16:10:25,815][INFO] Step 13: size: 13, coverage: 25.00%, cost: 789.0, rand. prob: 0.75
[2024-10-13 16:10:25,820][INFO] Step 14: size: 14, coverage: 27.50%, cost: 790.0, rand. prob: 0.725
[2024-10-13 16:10:25,825][INFO] Step 15: size: 15, coverage: 29.00%, cost: 863.0, rand. prob: 0.71
[2024-10-13 16:10:25,830][INFO] Step 16: size: 16, coverage: 31.00%, cost: 933.0, rand. prob: 0.69
[2024-10-13 16:10:25,835][INFO] Step 17: size: 17, coverage: 32.00%, cost: 952.0, rand. prob: 0.6799999999999999
[2024-10-13 16:10:25,840][INFO] Step 18: size: 18, coverage: 33.50%, cost: 1013.0, rand. prob: 0.665
[2024-10-13 16:10:25,846][INFO] Step 19: size: 19, coverage: 35.00%, cost: 1014.0, rand. prob: 0.65
[2024-10-13 16:10:25,851][INFO] Step 20: size: 20, coverage: 36.50%, cost: 1015.0, rand. prob: 0.635
[2024-10-13 16:10:25,856][INFO] Step 21: size: 21, coverage: 39.00%, cost: 1017.0, rand. prob: 0.61
[2024-10-13 16:10:25,861][INFO] Step 22: size: 22, coverage: 40.00%, cost: 1018.0, rand. prob: 0.6
[2024-10-13 16:10:25,866][INFO] Step 23: size: 23, coverage: 41.00%, cost: 1019.0, rand. prob: 0.5900000000000001
[2024-10-13 16:10:25,871][INFO] Step 24: size: 24, coverage: 42.00%, cost: 1106.0, rand. prob: 0.5800000000000001
[2024-10-13 16:10:25,876][INFO] Step 25: size: 25, coverage: 42.50%, cost: 1108.0, rand. prob: 0.575
[2024-10-13 16:10:25,882][INFO] Step 26: size: 26, coverage: 43.50%, cost: 1202.0, rand. prob: 0.565
[2024-10-13 16:10:25,887][INFO] Step 27: size: 27, coverage: 44.00%, cost: 1251.0, rand. prob: 0.56
[2024-10-13 16:10:25,892][INFO] Step 28: size: 28, coverage: 44.50%, cost: 1258.0, rand. prob: 0.5549999999999999
[2024-10-13 16:10:25,898][INFO] Step 29: size: 29, coverage: 45.50%, cost: 1332.0, rand. prob: 0.5449999999999999
[2024-10-13 16:10:25,903][INFO] Step 30: size: 30, coverage: 48.00%, cost: 1335.0, rand. prob: 0.52
[2024-10-13 16:10:25,908][INFO] Step 31: size: 31, coverage: 49.00%, cost: 1364.0, rand. prob: 0.51
[2024-10-13 16:10:25,914][INFO] Step 32: size: 32, coverage: 50.50%, cost: 1368.0, rand. prob: 0.495
[2024-10-13 16:10:25,921][INFO] Step 33: size: 33, coverage: 53.50%, cost: 1372.0, rand. prob: 0.46499999999999997
[2024-10-13 16:10:25,926][INFO] Step 34: size: 34, coverage: 55.50%, cost: 1375.0, rand. prob: 0.44499999999999995
[2024-10-13 16:10:25,931][INFO] Step 35: size: 35, coverage: 57.50%, cost: 1378.0, rand. prob: 0.42500000000000004
[2024-10-13 16:10:25,937][INFO] Step 36: size: 36, coverage: 58.00%, cost: 1435.0, rand. prob: 0.42000000000000004
[2024-10-13 16:10:25,942][INFO] Step 37: size: 37, coverage: 58.50%, cost: 1452.0, rand. prob: 0.41500000000000004
[2024-10-13 16:10:25,948][INFO] Step 38: size: 38, coverage: 59.00%, cost: 1453.0, rand. prob: 0.41000000000000003
[2024-10-13 16:10:25,953][INFO] Step 39: size: 39, coverage: 60.00%, cost: 1455.0, rand. prob: 0.4
[2024-10-13 16:10:25,958][INFO] Step 40: size: 40, coverage: 61.00%, cost: 1457.0, rand. prob: 0.39
[2024-10-13 16:10:25,964][INFO] Step 41: size: 41, coverage: 63.50%, cost: 1463.0, rand. prob: 0.365
[2024-10-13 16:10:25,969][INFO] Step 42: size: 42, coverage: 64.50%, cost: 1466.0, rand. prob: 0.355
[2024-10-13 16:10:25,975][INFO] Step 43: size: 43, coverage: 65.50%, cost: 1469.0, rand. prob: 0.345
[2024-10-13 16:10:25,980][INFO] Step 44: size: 44, coverage: 66.50%, cost: 1472.0, rand. prob: 0.33499999999999996
[2024-10-13 16:10:25,985][INFO] Step 45: size: 45, coverage: 67.00%, cost: 1481.0, rand. prob: 0.32999999999999996
[2024-10-13 16:10:25,991][INFO] Step 46: size: 46, coverage: 67.50%, cost: 1492.0, rand. prob: 0.32499999999999996
[2024-10-13 16:10:25,996][INFO] Step 47: size: 47, coverage: 68.50%, cost: 1495.0, rand. prob: 0.31499999999999995
[2024-10-13 16:10:26,002][INFO] Step 48: size: 48, coverage: 69.50%, cost: 1498.0, rand. prob: 0.30500000000000005
[2024-10-13 16:10:26,007][INFO] Step 49: size: 49, coverage: 70.50%, cost: 1501.0, rand. prob: 0.29500000000000004
[2024-10-13 16:10:26,012][INFO] Step 50: size: 50, coverage: 71.50%, cost: 1504.0, rand. prob: 0.28500000000000003
[2024-10-13 16:10:26,018][INFO] Step 51: size: 51, coverage: 72.50%, cost: 1581.0, rand. prob: 0.275
[2024-10-13 16:10:26,023][INFO] Step 52: size: 52, coverage: 73.00%, cost: 1583.0, rand. prob: 0.27
[2024-10-13 16:10:26,029][INFO] Step 53: size: 53, coverage: 74.00%, cost: 1614.0, rand. prob: 0.26
[2024-10-13 16:10:26,034][INFO] Step 54: size: 54, coverage: 75.00%, cost: 1618.0, rand. prob: 0.25
[2024-10-13 16:10:26,040][INFO] Step 55: size: 55, coverage: 76.00%, cost: 1622.0, rand. prob: 0.24
[2024-10-13 16:10:26,045][INFO] Step 56: size: 56, coverage: 77.50%, cost: 1628.0, rand. prob: 0.22499999999999998
[2024-10-13 16:10:26,051][INFO] Step 57: size: 57, coverage: 78.50%, cost: 1633.0, rand. prob: 0.21499999999999997
[2024-10-13 16:10:26,056][INFO] Step 58: size: 58, coverage: 79.00%, cost: 1636.0, rand. prob: 0.20999999999999996
[2024-10-13 16:10:26,062][INFO] Step 59: size: 59, coverage: 79.50%, cost: 1718.0, rand. prob: 0.20499999999999996
[2024-10-13 16:10:26,067][INFO] Step 60: size: 60, coverage: 80.50%, cost: 1724.0, rand. prob: 0.19499999999999995
[2024-10-13 16:10:26,073][INFO] Step 61: size: 61, coverage: 81.00%, cost: 1791.0, rand. prob: 0.18999999999999995
[2024-10-13 16:10:26,078][INFO] Step 62: size: 62, coverage: 82.00%, cost: 1798.0, rand. prob: 0.18000000000000005
[2024-10-13 16:10:26,084][INFO] Step 63: size: 63, coverage: 82.50%, cost: 1802.0, rand. prob: 0.17500000000000004
[2024-10-13 16:10:26,090][INFO] Step 64: size: 64, coverage: 83.00%, cost: 1855.0, rand. prob: 0.17000000000000004
[2024-10-13 16:10:26,095][INFO] Step 65: size: 65, coverage: 83.50%, cost: 1876.0, rand. prob: 0.16500000000000004
[2024-10-13 16:10:26,101][INFO] Step 66: size: 66, coverage: 84.00%, cost: 1972.0, rand. prob: 0.16000000000000003
[2024-10-13 16:10:26,107][INFO] Step 67: size: 67, coverage: 85.00%, cost: 1980.0, rand. prob: 0.15000000000000002
[2024-10-13 16:10:26,112][INFO] Step 68: size: 68, coverage: 85.50%, cost: 1985.0, rand. prob: 0.14500000000000002
[2024-10-13 16:10:26,118][INFO] Step 69: size: 69, coverage: 87.00%, cost: 2002.0, rand. prob: 0.13
[2024-10-13 16:10:26,124][INFO] Step 70: size: 70, coverage: 88.50%, cost: 2019.0, rand. prob: 0.11499999999999999
[2024-10-13 16:10:26,129][INFO] Step 71: size: 71, coverage: 89.00%, cost: 2025.0, rand. prob: 0.10999999999999999
[2024-10-13 16:10:26,135][INFO] Step 72: size: 72, coverage: 89.50%, cost: 2031.0, rand. prob: 0.10499999999999998
[2024-10-13 16:10:26,140][INFO] Step 73: size: 73, coverage: 90.00%, cost: 2037.0, rand. prob: 0.09999999999999998
[2024-10-13 16:10:26,146][INFO] Step 74: size: 74, coverage: 90.50%, cost: 2043.0, rand. prob: 0.09499999999999997
[2024-10-13 16:10:26,152][INFO] Step 75: size: 75, coverage: 91.00%, cost: 2050.0, rand. prob: 0.08999999999999997
[2024-10-13 16:10:26,157][INFO] Step 76: size: 76, coverage: 92.00%, cost: 2065.0, rand. prob: 0.07999999999999996
[2024-10-13 16:10:26,163][INFO] Step 77: size: 77, coverage: 92.50%, cost: 2073.0, rand. prob: 0.07499999999999996
[2024-10-13 16:10:26,169][INFO] Step 78: size: 78, coverage: 93.00%, cost: 2082.0, rand. prob: 0.06999999999999995
[2024-10-13 16:10:26,174][INFO] Step 79: size: 79, coverage: 93.50%, cost: 2091.0, rand. prob: 0.06499999999999995
[2024-10-13 16:10:26,180][INFO] Step 80: size: 80, coverage: 94.00%, cost: 2100.0, rand. prob: 0.06000000000000005
[2024-10-13 16:10:26,186][INFO] Step 81: size: 81, coverage: 94.50%, cost: 2110.0, rand. prob: 0.05500000000000005
[2024-10-13 16:10:26,191][INFO] Step 82: size: 82, coverage: 95.00%, cost: 2120.0, rand. prob: 0.050000000000000044
[2024-10-13 16:10:26,197][INFO] Step 83: size: 83, coverage: 95.50%, cost: 2131.0, rand. prob: 0.04500000000000004
[2024-10-13 16:10:26,203][INFO] Step 84: size: 84, coverage: 96.00%, cost: 2212.0, rand. prob: 0.040000000000000036
[2024-10-13 16:10:26,208][INFO] Step 85: size: 85, coverage: 96.50%, cost: 2224.0, rand. prob: 0.03500000000000003
[2024-10-13 16:10:26,214][INFO] Step 86: size: 86, coverage: 97.00%, cost: 2236.0, rand. prob: 0.030000000000000027
[2024-10-13 16:10:26,220][INFO] Step 87: size: 87, coverage: 97.50%, cost: 2249.0, rand. prob: 0.025000000000000022
[2024-10-13 16:10:26,226][INFO] Step 88: size: 88, coverage: 98.00%, cost: 2264.0, rand. prob: 0.020000000000000018
[2024-10-13 16:10:26,231][INFO] Step 89: size: 89, coverage: 98.50%, cost: 2282.0, rand. prob: 0.015000000000000013
[2024-10-13 16:10:26,237][INFO] Step 90: size: 90, coverage: 99.00%, cost: 2302.0, rand. prob: 0.010000000000000009
[2024-10-13 16:10:26,243][INFO] Step 91: size: 91, coverage: 99.50%, cost: 2329.0, rand. prob: 0.0050000000000000044
[2024-10-13 16:10:26,249][INFO] Step 92: size: 92, coverage: 100.00%, cost: 2372.0, rand. prob: 0.0
[2024-10-13 16:10:26,251][INFO] Size: 92 -> 75
[2024-10-13 16:10:26,251][INFO] Cost: 2372.0 -> 1919.0
