[2024-10-13 15:18:39,725][INFO] Step 1: size: 1, coverage: 5.00%, cost: 8.0
[2024-10-13 15:18:39,729][INFO] Step 2: size: 2, coverage: 10.00%, cost: 76.0
[2024-10-13 15:18:39,732][INFO] Step 3: size: 3, coverage: 15.00%, cost: 156.0
[2024-10-13 15:18:39,735][INFO] Step 4: size: 4, coverage: 19.50%, cost: 228.0
[2024-10-13 15:18:39,738][INFO] Step 5: size: 5, coverage: 23.50%, cost: 254.0
[2024-10-13 15:18:39,741][INFO] Step 6: size: 6, coverage: 27.00%, cost: 264.0
[2024-10-13 15:18:39,745][INFO] Step 7: size: 7, coverage: 30.50%, cost: 282.0
[2024-10-13 15:18:39,748][INFO] Step 8: size: 8, coverage: 34.00%, cost: 304.0
[2024-10-13 15:18:39,751][INFO] Step 9: size: 9, coverage: 37.50%, cost: 352.0
[2024-10-13 15:18:39,755][INFO] Step 10: size: 10, coverage: 41.00%, cost: 439.0
[2024-10-13 15:18:39,758][INFO] Step 11: size: 11, coverage: 44.00%, cost: 441.0
[2024-10-13 15:18:39,761][INFO] Step 12: size: 12, coverage: 47.00%, cost: 451.0
[2024-10-13 15:18:39,764][INFO] Step 13: size: 13, coverage: 50.00%, cost: 465.0
[2024-10-13 15:18:39,767][INFO] Step 14: size: 14, coverage: 53.00%, cost: 500.0
[2024-10-13 15:18:39,771][INFO] Step 15: size: 15, coverage: 56.00%, cost: 537.0
[2024-10-13 15:18:39,774][INFO] Step 16: size: 16, coverage: 59.00%, cost: 587.0
[2024-10-13 15:18:39,777][INFO] Step 17: size: 17, coverage: 61.50%, cost: 598.0
[2024-10-13 15:18:39,781][INFO] Step 18: size: 18, coverage: 64.00%, cost: 637.0
[2024-10-13 15:18:39,784][INFO] Step 19: size: 19, coverage: 66.50%, cost: 725.0
[2024-10-13 15:18:39,787][INFO] Step 20: size: 20, coverage: 68.50%, cost: 726.0
[2024-10-13 15:18:39,791][INFO] Step 21: size: 21, coverage: 70.50%, cost: 734.0
[2024-10-13 15:18:39,794][INFO] Step 22: size: 22, coverage: 72.50%, cost: 746.0
[2024-10-13 15:18:39,797][INFO] Step 23: size: 23, coverage: 74.50%, cost: 765.0
[2024-10-13 15:18:39,801][INFO] Step 24: size: 24, coverage: 76.50%, cost: 819.0
[2024-10-13 15:18:39,804][INFO] Step 25: size: 25, coverage: 78.50%, cost: 903.0
[2024-10-13 15:18:39,807][INFO] Step 26: size: 26, coverage: 80.00%, cost: 913.0
[2024-10-13 15:18:39,811][INFO] Step 27: size: 27, coverage: 81.50%, cost: 923.0
[2024-10-13 15:18:39,814][INFO] Step 28: size: 28, coverage: 83.00%, cost: 938.0
[2024-10-13 15:18:39,818][INFO] Step 29: size: 29, coverage: 84.50%, cost: 954.0
[2024-10-13 15:18:39,821][INFO] Step 30: size: 30, coverage: 86.00%, cost: 988.0
[2024-10-13 15:18:39,825][INFO] Step 31: size: 31, coverage: 87.50%, cost: 1022.0
[2024-10-13 15:18:39,828][INFO] Step 32: size: 32, coverage: 89.00%, cost: 1060.0
[2024-10-13 15:18:39,832][INFO] Step 33: size: 33, coverage: 90.50%, cost: 1136.0
[2024-10-13 15:18:39,835][INFO] Step 34: size: 34, coverage: 92.00%, cost: 1220.0
[2024-10-13 15:18:39,839][INFO] Step 35: size: 35, coverage: 93.00%, cost: 1228.0
[2024-10-13 15:18:39,843][INFO] Step 36: size: 36, coverage: 94.00%, cost: 1238.0
[2024-10-13 15:18:39,846][INFO] Step 37: size: 37, coverage: 95.00%, cost: 1264.0
[2024-10-13 15:18:39,850][INFO] Step 38: size: 38, coverage: 96.00%, cost: 1293.0
[2024-10-13 15:18:39,853][INFO] Step 39: size: 39, coverage: 97.00%, cost: 1326.0
[2024-10-13 15:18:39,857][INFO] Step 40: size: 40, coverage: 98.00%, cost: 1403.0
[2024-10-13 15:18:39,861][INFO] Step 41: size: 41, coverage: 99.00%, cost: 1492.0
[2024-10-13 15:18:39,865][INFO] Step 42: size: 42, coverage: 99.50%, cost: 1494.0
[2024-10-13 15:18:39,868][INFO] Step 43: size: 43, coverage: 100.00%, cost: 1509.0
[2024-10-13 15:18:39,869][INFO] Size: 43 -> 43
[2024-10-13 15:18:39,869][INFO] Cost: 1509.0 -> 1509.0
[2024-10-13 15:40:13,273][INFO] Step 1: size: 1, coverage: 2.00%, cost: 66.0
[2024-10-13 15:40:13,278][INFO] Step 2: size: 2, coverage: 4.00%, cost: 121.0
[2024-10-13 15:40:13,283][INFO] Step 3: size: 3, coverage: 5.50%, cost: 136.0
[2024-10-13 15:40:13,287][INFO] Step 4: size: 4, coverage: 6.00%, cost: 142.0
[2024-10-13 15:40:13,292][INFO] Step 5: size: 5, coverage: 8.00%, cost: 187.0
[2024-10-13 15:40:13,297][INFO] Step 6: size: 6, coverage: 9.50%, cost: 221.0
[2024-10-13 15:40:13,302][INFO] Step 7: size: 7, coverage: 11.00%, cost: 239.0
[2024-10-13 15:40:13,307][INFO] Step 8: size: 8, coverage: 11.50%, cost: 256.0
[2024-10-13 15:40:13,312][INFO] Step 9: size: 9, coverage: 14.00%, cost: 356.0
[2024-10-13 15:40:13,317][INFO] Step 10: size: 10, coverage: 15.50%, cost: 447.0
[2024-10-13 15:40:13,322][INFO] Step 11: size: 11, coverage: 18.00%, cost: 513.0
[2024-10-13 15:40:13,327][INFO] Step 12: size: 12, coverage: 20.00%, cost: 564.0
[2024-10-13 15:40:13,332][INFO] Step 13: size: 13, coverage: 20.50%, cost: 620.0
[2024-10-13 15:40:13,337][INFO] Step 14: size: 14, coverage: 22.00%, cost: 703.0
[2024-10-13 15:40:13,342][INFO] Step 15: size: 15, coverage: 24.00%, cost: 751.0
[2024-10-13 15:40:13,347][INFO] Step 16: size: 16, coverage: 25.00%, cost: 832.0
[2024-10-13 15:40:13,352][INFO] Step 17: size: 17, coverage: 26.50%, cost: 919.0
[2024-10-13 15:40:13,357][INFO] Step 18: size: 18, coverage: 28.00%, cost: 998.0
[2024-10-13 15:40:13,363][INFO] Step 19: size: 19, coverage: 30.50%, cost: 1029.0
[2024-10-13 15:40:13,368][INFO] Step 20: size: 20, coverage: 32.50%, cost: 1084.0
[2024-10-13 15:40:13,373][INFO] Step 21: size: 21, coverage: 34.50%, cost: 1184.0
[2024-10-13 15:40:13,378][INFO] Step 22: size: 22, coverage: 36.00%, cost: 1213.0
[2024-10-13 15:40:13,384][INFO] Step 23: size: 23, coverage: 39.50%, cost: 1263.0
[2024-10-13 15:40:13,389][INFO] Step 24: size: 24, coverage: 41.00%, cost: 1349.0
[2024-10-13 15:40:13,394][INFO] Step 25: size: 25, coverage: 41.50%, cost: 1351.0
[2024-10-13 15:40:13,399][INFO] Step 26: size: 26, coverage: 42.00%, cost: 1414.0
[2024-10-13 15:40:13,404][INFO] Step 27: size: 27, coverage: 43.50%, cost: 1428.0
[2024-10-13 15:40:13,410][INFO] Step 28: size: 28, coverage: 44.50%, cost: 1472.0
[2024-10-13 15:40:13,415][INFO] Step 29: size: 29, coverage: 45.00%, cost: 1549.0
[2024-10-13 15:40:13,420][INFO] Step 30: size: 30, coverage: 45.50%, cost: 1609.0
[2024-10-13 15:40:13,426][INFO] Step 31: size: 31, coverage: 46.50%, cost: 1697.0
[2024-10-13 15:40:13,431][INFO] Step 32: size: 32, coverage: 48.00%, cost: 1709.0
[2024-10-13 15:40:13,436][INFO] Step 33: size: 33, coverage: 50.50%, cost: 1755.0
[2024-10-13 15:40:13,442][INFO] Step 34: size: 34, coverage: 51.50%, cost: 1833.0
[2024-10-13 15:40:13,447][INFO] Step 35: size: 35, coverage: 53.00%, cost: 1843.0
[2024-10-13 15:40:13,452][INFO] Step 36: size: 36, coverage: 54.50%, cost: 1922.0
[2024-10-13 15:40:13,458][INFO] Step 37: size: 37, coverage: 56.00%, cost: 1996.0
[2024-10-13 15:40:13,463][INFO] Step 38: size: 38, coverage: 57.50%, cost: 2069.0
[2024-10-13 15:40:13,469][INFO] Step 39: size: 39, coverage: 58.50%, cost: 2095.0
[2024-10-13 15:40:13,474][INFO] Step 40: size: 40, coverage: 60.00%, cost: 2174.0
[2024-10-13 15:40:13,480][INFO] Step 41: size: 41, coverage: 61.00%, cost: 2240.0
[2024-10-13 15:40:13,485][INFO] Step 42: size: 42, coverage: 63.00%, cost: 2291.0
[2024-10-13 15:40:13,491][INFO] Step 43: size: 43, coverage: 64.00%, cost: 2359.0
[2024-10-13 15:40:13,496][INFO] Step 44: size: 44, coverage: 64.50%, cost: 2374.0
[2024-10-13 15:40:13,502][INFO] Step 45: size: 45, coverage: 65.50%, cost: 2380.0
[2024-10-13 15:40:13,508][INFO] Step 46: size: 46, coverage: 66.00%, cost: 2479.0
[2024-10-13 15:40:13,513][INFO] Step 47: size: 47, coverage: 67.00%, cost: 2517.0
[2024-10-13 15:40:13,519][INFO] Step 48: size: 48, coverage: 69.00%, cost: 2616.0
[2024-10-13 15:40:13,524][INFO] Step 49: size: 49, coverage: 69.50%, cost: 2690.0
[2024-10-13 15:40:13,530][INFO] Step 50: size: 50, coverage: 70.50%, cost: 2698.0
[2024-10-13 15:40:13,536][INFO] Step 51: size: 51, coverage: 71.50%, cost: 2699.0
[2024-10-13 15:40:13,541][INFO] Step 52: size: 52, coverage: 72.00%, cost: 2726.0
[2024-10-13 15:40:13,547][INFO] Step 53: size: 53, coverage: 72.50%, cost: 2805.0
[2024-10-13 15:40:13,553][INFO] Step 54: size: 54, coverage: 73.50%, cost: 2808.0
[2024-10-13 15:40:13,559][INFO] Step 55: size: 55, coverage: 74.00%, cost: 2907.0
[2024-10-13 15:40:13,564][INFO] Step 56: size: 56, coverage: 74.50%, cost: 2936.0
[2024-10-13 15:40:13,570][INFO] Step 57: size: 57, coverage: 75.50%, cost: 2953.0
[2024-10-13 15:40:13,576][INFO] Step 58: size: 58, coverage: 76.00%, cost: 3031.0
[2024-10-13 15:40:13,582][INFO] Step 59: size: 59, coverage: 77.00%, cost: 3089.0
[2024-10-13 15:40:13,587][INFO] Step 60: size: 60, coverage: 77.50%, cost: 3122.0
[2024-10-13 15:40:13,593][INFO] Step 61: size: 61, coverage: 78.00%, cost: 3139.0
[2024-10-13 15:40:13,599][INFO] Step 62: size: 62, coverage: 78.50%, cost: 3225.0
[2024-10-13 15:40:13,605][INFO] Step 63: size: 63, coverage: 80.00%, cost: 3308.0
[2024-10-13 15:40:13,611][INFO] Step 64: size: 64, coverage: 82.00%, cost: 3358.0
[2024-10-13 15:40:13,616][INFO] Step 65: size: 65, coverage: 82.50%, cost: 3427.0
[2024-10-13 15:40:13,622][INFO] Step 66: size: 66, coverage: 83.00%, cost: 3513.0
[2024-10-13 15:40:13,628][INFO] Step 67: size: 67, coverage: 84.00%, cost: 3582.0
[2024-10-13 15:40:13,634][INFO] Step 68: size: 68, coverage: 85.00%, cost: 3633.0
[2024-10-13 15:40:13,640][INFO] Step 69: size: 69, coverage: 85.50%, cost: 3700.0
[2024-10-13 15:40:13,646][INFO] Step 70: size: 70, coverage: 86.00%, cost: 3727.0
[2024-10-13 15:40:13,652][INFO] Step 71: size: 71, coverage: 86.50%, cost: 3804.0
[2024-10-13 15:40:13,658][INFO] Step 72: size: 72, coverage: 87.00%, cost: 3827.0
[2024-10-13 15:40:13,664][INFO] Step 73: size: 73, coverage: 87.50%, cost: 3873.0
[2024-10-13 15:40:13,670][INFO] Step 74: size: 74, coverage: 88.50%, cost: 3909.0
[2024-10-13 15:40:13,676][INFO] Step 75: size: 75, coverage: 89.00%, cost: 3973.0
[2024-10-13 15:40:13,682][INFO] Step 76: size: 76, coverage: 89.50%, cost: 4072.0
[2024-10-13 15:40:13,688][INFO] Step 77: size: 77, coverage: 90.00%, cost: 4145.0
[2024-10-13 15:40:13,694][INFO] Step 78: size: 78, coverage: 90.50%, cost: 4234.0
[2024-10-13 15:40:13,700][INFO] Step 79: size: 79, coverage: 91.00%, cost: 4247.0
[2024-10-13 15:40:13,706][INFO] Step 80: size: 80, coverage: 91.50%, cost: 4337.0
[2024-10-13 15:40:13,712][INFO] Step 81: size: 81, coverage: 92.00%, cost: 4410.0
[2024-10-13 15:40:13,718][INFO] Step 82: size: 82, coverage: 92.50%, cost: 4446.0
[2024-10-13 15:40:13,724][INFO] Step 83: size: 83, coverage: 93.00%, cost: 4461.0
[2024-10-13 15:40:13,730][INFO] Step 84: size: 84, coverage: 94.00%, cost: 4507.0
[2024-10-13 15:40:13,736][INFO] Step 85: size: 85, coverage: 94.50%, cost: 4531.0
[2024-10-13 15:40:13,742][INFO] Step 86: size: 86, coverage: 95.00%, cost: 4602.0
[2024-10-13 15:40:13,749][INFO] Step 87: size: 87, coverage: 95.50%, cost: 4614.0
[2024-10-13 15:40:13,755][INFO] Step 88: size: 88, coverage: 96.00%, cost: 4704.0
[2024-10-13 15:40:13,761][INFO] Step 89: size: 89, coverage: 96.50%, cost: 4727.0
[2024-10-13 15:40:13,767][INFO] Step 90: size: 90, coverage: 97.00%, cost: 4759.0
[2024-10-13 15:40:13,773][INFO] Step 91: size: 91, coverage: 97.50%, cost: 4794.0
[2024-10-13 15:40:13,779][INFO] Step 92: size: 92, coverage: 98.00%, cost: 4853.0
[2024-10-13 15:40:13,786][INFO] Step 93: size: 93, coverage: 98.50%, cost: 4888.0
[2024-10-13 15:40:13,792][INFO] Step 94: size: 94, coverage: 99.00%, cost: 4908.0
[2024-10-13 15:40:13,798][INFO] Step 95: size: 95, coverage: 99.50%, cost: 4923.0
[2024-10-13 15:40:13,804][INFO] Step 96: size: 96, coverage: 100.00%, cost: 4971.0
[2024-10-13 15:40:13,804][INFO] Solved solution used 96 random steps
[2024-10-13 15:40:13,804][INFO] Current randomization probability: 0.0
[2024-10-13 15:40:13,805][INFO] Solved solution used 96 random steps
[2024-10-13 15:40:13,807][INFO] Size: 96 -> 82
[2024-10-13 15:40:13,807][INFO] Cost: 4971.0 -> 4220.0
[2024-10-13 15:58:57,062][INFO] Step 1: size: 1, coverage: 1.00%, cost: 77.0, rand. prob: 0.99
[2024-10-13 15:58:57,066][INFO] Step 2: size: 2, coverage: 4.00%, cost: 161.0, rand. prob: 0.96
[2024-10-13 15:58:57,072][INFO] Step 3: size: 3, coverage: 5.50%, cost: 242.0, rand. prob: 0.945
[2024-10-13 15:58:57,076][INFO] Step 4: size: 4, coverage: 6.50%, cost: 291.0, rand. prob: 0.935
[2024-10-13 15:58:57,081][INFO] Step 5: size: 5, coverage: 10.00%, cost: 345.0, rand. prob: 0.9
[2024-10-13 15:58:57,086][INFO] Step 6: size: 6, coverage: 12.50%, cost: 391.0, rand. prob: 0.875
[2024-10-13 15:58:57,092][INFO] Step 7: size: 7, coverage: 14.00%, cost: 472.0, rand. prob: 0.86
[2024-10-13 15:58:57,097][INFO] Step 8: size: 8, coverage: 17.00%, cost: 473.0, rand. prob: 0.83
[2024-10-13 15:58:57,102][INFO] Step 9: size: 9, coverage: 17.50%, cost: 544.0, rand. prob: 0.825
[2024-10-13 15:58:57,107][INFO] Step 10: size: 10, coverage: 19.50%, cost: 638.0, rand. prob: 0.8049999999999999
[2024-10-13 15:58:57,112][INFO] Step 11: size: 11, coverage: 22.00%, cost: 639.0, rand. prob: 0.78
[2024-10-13 15:58:57,117][INFO] Step 12: size: 12, coverage: 24.00%, cost: 699.0, rand. prob: 0.76
[2024-10-13 15:58:57,122][INFO] Step 13: size: 13, coverage: 25.00%, cost: 797.0, rand. prob: 0.75
[2024-10-13 15:58:57,128][INFO] Step 14: size: 14, coverage: 26.00%, cost: 870.0, rand. prob: 0.74
[2024-10-13 15:58:57,133][INFO] Step 15: size: 15, coverage: 28.00%, cost: 871.0, rand. prob: 0.72
[2024-10-13 15:58:57,139][INFO] Step 16: size: 16, coverage: 30.00%, cost: 893.0, rand. prob: 0.7
[2024-10-13 15:58:57,144][INFO] Step 17: size: 17, coverage: 31.00%, cost: 979.0, rand. prob: 0.69
[2024-10-13 15:58:57,149][INFO] Step 18: size: 18, coverage: 32.00%, cost: 989.0, rand. prob: 0.6799999999999999
[2024-10-13 15:58:57,155][INFO] Step 19: size: 19, coverage: 34.00%, cost: 990.0, rand. prob: 0.6599999999999999
[2024-10-13 15:58:57,160][INFO] Step 20: size: 20, coverage: 34.50%, cost: 1078.0, rand. prob: 0.655
[2024-10-13 15:58:57,165][INFO] Step 21: size: 21, coverage: 36.50%, cost: 1099.0, rand. prob: 0.635
[2024-10-13 15:58:57,170][INFO] Step 22: size: 22, coverage: 38.00%, cost: 1152.0, rand. prob: 0.62
[2024-10-13 15:58:57,176][INFO] Step 23: size: 23, coverage: 39.50%, cost: 1228.0, rand. prob: 0.605
[2024-10-13 15:58:57,181][INFO] Step 24: size: 24, coverage: 42.00%, cost: 1264.0, rand. prob: 0.5800000000000001
[2024-10-13 15:58:57,186][INFO] Step 25: size: 25, coverage: 44.00%, cost: 1294.0, rand. prob: 0.56
[2024-10-13 15:58:57,191][INFO] Step 26: size: 26, coverage: 46.50%, cost: 1296.0, rand. prob: 0.5349999999999999
[2024-10-13 15:58:57,197][INFO] Step 27: size: 27, coverage: 47.50%, cost: 1395.0, rand. prob: 0.525
[2024-10-13 15:58:57,202][INFO] Step 28: size: 28, coverage: 48.00%, cost: 1405.0, rand. prob: 0.52
[2024-10-13 15:58:57,208][INFO] Step 29: size: 29, coverage: 49.50%, cost: 1413.0, rand. prob: 0.505
[2024-10-13 15:58:57,213][INFO] Step 30: size: 30, coverage: 50.50%, cost: 1414.0, rand. prob: 0.495
[2024-10-13 15:58:57,218][INFO] Step 31: size: 31, coverage: 51.50%, cost: 1415.0, rand. prob: 0.485
[2024-10-13 15:58:57,224][INFO] Step 32: size: 32, coverage: 52.50%, cost: 1481.0, rand. prob: 0.475
[2024-10-13 15:58:57,230][INFO] Step 33: size: 33, coverage: 54.50%, cost: 1483.0, rand. prob: 0.45499999999999996
[2024-10-13 15:58:57,235][INFO] Step 34: size: 34, coverage: 56.00%, cost: 1485.0, rand. prob: 0.43999999999999995
[2024-10-13 15:58:57,241][INFO] Step 35: size: 35, coverage: 56.50%, cost: 1486.0, rand. prob: 0.43500000000000005
[2024-10-13 15:58:57,246][INFO] Step 36: size: 36, coverage: 57.00%, cost: 1487.0, rand. prob: 0.43000000000000005
[2024-10-13 15:58:57,251][INFO] Step 37: size: 37, coverage: 57.50%, cost: 1488.0, rand. prob: 0.42500000000000004
[2024-10-13 15:58:57,257][INFO] Step 38: size: 38, coverage: 58.00%, cost: 1489.0, rand. prob: 0.42000000000000004
[2024-10-13 15:58:57,262][INFO] Step 39: size: 39, coverage: 59.00%, cost: 1491.0, rand. prob: 0.41000000000000003
[2024-10-13 15:58:57,268][INFO] Step 40: size: 40, coverage: 60.00%, cost: 1493.0, rand. prob: 0.4
[2024-10-13 15:58:57,273][INFO] Step 41: size: 41, coverage: 61.50%, cost: 1571.0, rand. prob: 0.385
[2024-10-13 15:58:57,279][INFO] Step 42: size: 42, coverage: 63.00%, cost: 1574.0, rand. prob: 0.37
[2024-10-13 15:58:57,284][INFO] Step 43: size: 43, coverage: 63.50%, cost: 1658.0, rand. prob: 0.365
[2024-10-13 15:58:57,290][INFO] Step 44: size: 44, coverage: 65.00%, cost: 1662.0, rand. prob: 0.35
[2024-10-13 15:58:57,295][INFO] Step 45: size: 45, coverage: 65.50%, cost: 1717.0, rand. prob: 0.345
[2024-10-13 15:58:57,301][INFO] Step 46: size: 46, coverage: 67.00%, cost: 1721.0, rand. prob: 0.32999999999999996
[2024-10-13 15:58:57,306][INFO] Step 47: size: 47, coverage: 68.00%, cost: 1724.0, rand. prob: 0.31999999999999995
[2024-10-13 15:58:57,312][INFO] Step 48: size: 48, coverage: 68.50%, cost: 1763.0, rand. prob: 0.31499999999999995
[2024-10-13 15:58:57,318][INFO] Step 49: size: 49, coverage: 69.50%, cost: 1767.0, rand. prob: 0.30500000000000005
[2024-10-13 15:58:57,323][INFO] Step 50: size: 50, coverage: 70.50%, cost: 1803.0, rand. prob: 0.29500000000000004
[2024-10-13 15:58:57,329][INFO] Step 51: size: 51, coverage: 71.50%, cost: 1822.0, rand. prob: 0.28500000000000003
[2024-10-13 15:58:57,335][INFO] Step 52: size: 52, coverage: 72.50%, cost: 1826.0, rand. prob: 0.275
[2024-10-13 15:58:57,341][INFO] Step 53: size: 53, coverage: 73.50%, cost: 1830.0, rand. prob: 0.265
[2024-10-13 15:58:57,347][INFO] Step 54: size: 54, coverage: 76.00%, cost: 1840.0, rand. prob: 0.24
[2024-10-13 15:58:57,353][INFO] Step 55: size: 55, coverage: 77.50%, cost: 1847.0, rand. prob: 0.22499999999999998
[2024-10-13 15:58:57,359][INFO] Step 56: size: 56, coverage: 78.50%, cost: 1852.0, rand. prob: 0.21499999999999997
[2024-10-13 15:58:57,364][INFO] Step 57: size: 57, coverage: 79.50%, cost: 1858.0, rand. prob: 0.20499999999999996
[2024-10-13 15:58:57,370][INFO] Step 58: size: 58, coverage: 81.00%, cost: 1886.0, rand. prob: 0.18999999999999995
[2024-10-13 15:58:57,376][INFO] Step 59: size: 59, coverage: 82.50%, cost: 1896.0, rand. prob: 0.17500000000000004
[2024-10-13 15:58:57,382][INFO] Step 60: size: 60, coverage: 83.50%, cost: 1903.0, rand. prob: 0.16500000000000004
[2024-10-13 15:58:57,388][INFO] Step 61: size: 61, coverage: 84.50%, cost: 1924.0, rand. prob: 0.15500000000000003
[2024-10-13 15:58:57,393][INFO] Step 62: size: 62, coverage: 85.00%, cost: 1928.0, rand. prob: 0.15000000000000002
[2024-10-13 15:58:57,400][INFO] Step 63: size: 63, coverage: 86.00%, cost: 1936.0, rand. prob: 0.14
[2024-10-13 15:58:57,406][INFO] Step 64: size: 64, coverage: 86.50%, cost: 1941.0, rand. prob: 0.135
[2024-10-13 15:58:57,412][INFO] Step 65: size: 65, coverage: 87.00%, cost: 1946.0, rand. prob: 0.13
[2024-10-13 15:58:57,419][INFO] Step 66: size: 66, coverage: 87.50%, cost: 1951.0, rand. prob: 0.125
[2024-10-13 15:58:57,424][INFO] Step 67: size: 67, coverage: 88.50%, cost: 1961.0, rand. prob: 0.11499999999999999
[2024-10-13 15:58:57,431][INFO] Step 68: size: 68, coverage: 89.00%, cost: 1967.0, rand. prob: 0.10999999999999999
[2024-10-13 15:58:57,437][INFO] Step 69: size: 69, coverage: 89.50%, cost: 2015.0, rand. prob: 0.10499999999999998
[2024-10-13 15:58:57,442][INFO] Step 70: size: 70, coverage: 90.50%, cost: 2028.0, rand. prob: 0.09499999999999997
[2024-10-13 15:58:57,448][INFO] Step 71: size: 71, coverage: 91.00%, cost: 2035.0, rand. prob: 0.08999999999999997
[2024-10-13 15:58:57,454][INFO] Step 72: size: 72, coverage: 91.50%, cost: 2042.0, rand. prob: 0.08499999999999996
[2024-10-13 15:58:57,460][INFO] Step 73: size: 73, coverage: 92.00%, cost: 2049.0, rand. prob: 0.07999999999999996
[2024-10-13 15:58:57,466][INFO] Step 74: size: 74, coverage: 92.50%, cost: 2057.0, rand. prob: 0.07499999999999996
[2024-10-13 15:58:57,472][INFO] Step 75: size: 75, coverage: 93.00%, cost: 2065.0, rand. prob: 0.06999999999999995
[2024-10-13 15:58:57,478][INFO] Step 76: size: 76, coverage: 93.50%, cost: 2074.0, rand. prob: 0.06499999999999995
[2024-10-13 15:58:57,484][INFO] Step 77: size: 77, coverage: 94.00%, cost: 2083.0, rand. prob: 0.06000000000000005
[2024-10-13 15:58:57,490][INFO] Step 78: size: 78, coverage: 94.50%, cost: 2159.0, rand. prob: 0.05500000000000005
[2024-10-13 15:58:57,496][INFO] Step 79: size: 79, coverage: 95.00%, cost: 2168.0, rand. prob: 0.050000000000000044
[2024-10-13 15:58:57,502][INFO] Step 80: size: 80, coverage: 95.50%, cost: 2178.0, rand. prob: 0.04500000000000004
[2024-10-13 15:58:57,508][INFO] Step 81: size: 81, coverage: 96.00%, cost: 2191.0, rand. prob: 0.040000000000000036
[2024-10-13 15:58:57,514][INFO] Step 82: size: 82, coverage: 96.50%, cost: 2205.0, rand. prob: 0.03500000000000003
[2024-10-13 15:58:57,519][INFO] Step 83: size: 83, coverage: 97.50%, cost: 2234.0, rand. prob: 0.025000000000000022
[2024-10-13 15:58:57,525][INFO] Step 84: size: 84, coverage: 98.00%, cost: 2249.0, rand. prob: 0.020000000000000018
[2024-10-13 15:58:57,531][INFO] Step 85: size: 85, coverage: 98.50%, cost: 2264.0, rand. prob: 0.015000000000000013
[2024-10-13 15:58:57,537][INFO] Step 86: size: 86, coverage: 99.00%, cost: 2281.0, rand. prob: 0.010000000000000009
[2024-10-13 15:58:57,543][INFO] Step 87: size: 87, coverage: 100.00%, cost: 2326.0, rand. prob: 0.0
[2024-10-13 15:58:57,544][INFO] Size: 87 -> 76
[2024-10-13 15:58:57,545][INFO] Cost: 2326.0 -> 1788.0
[2024-10-13 16:04:55,442][INFO] Step 1: size: 1, coverage: 2.00%, cost: 82.0, rand. prob: 0.98
[2024-10-13 16:04:55,447][INFO] Step 2: size: 2, coverage: 3.50%, cost: 111.0, rand. prob: 0.965
[2024-10-13 16:04:55,452][INFO] Step 3: size: 3, coverage: 4.50%, cost: 182.0, rand. prob: 0.955
[2024-10-13 16:04:55,456][INFO] Step 4: size: 4, coverage: 7.50%, cost: 183.0, rand. prob: 0.925
[2024-10-13 16:04:55,461][INFO] Step 5: size: 5, coverage: 10.00%, cost: 184.0, rand. prob: 0.9
[2024-10-13 16:04:55,466][INFO] Step 6: size: 6, coverage: 12.50%, cost: 185.0, rand. prob: 0.875
[2024-10-13 16:04:55,471][INFO] Step 7: size: 7, coverage: 13.50%, cost: 247.0, rand. prob: 0.865
[2024-10-13 16:04:55,476][INFO] Step 8: size: 8, coverage: 14.50%, cost: 304.0, rand. prob: 0.855
[2024-10-13 16:04:55,481][INFO] Step 9: size: 9, coverage: 18.00%, cost: 359.0, rand. prob: 0.8200000000000001
[2024-10-13 16:04:55,486][INFO] Step 10: size: 10, coverage: 20.00%, cost: 360.0, rand. prob: 0.8
[2024-10-13 16:04:55,492][INFO] Step 11: size: 11, coverage: 21.50%, cost: 401.0, rand. prob: 0.785
[2024-10-13 16:04:55,497][INFO] Step 12: size: 12, coverage: 22.50%, cost: 447.0, rand. prob: 0.775
[2024-10-13 16:04:55,502][INFO] Step 13: size: 13, coverage: 24.00%, cost: 463.0, rand. prob: 0.76
[2024-10-13 16:04:55,507][INFO] Step 14: size: 14, coverage: 26.00%, cost: 464.0, rand. prob: 0.74
[2024-10-13 16:04:55,512][INFO] Step 15: size: 15, coverage: 27.50%, cost: 471.0, rand. prob: 0.725
[2024-10-13 16:04:55,518][INFO] Step 16: size: 16, coverage: 32.00%, cost: 521.0, rand. prob: 0.6799999999999999
[2024-10-13 16:04:55,523][INFO] Step 17: size: 17, coverage: 34.50%, cost: 593.0, rand. prob: 0.655
[2024-10-13 16:04:55,528][INFO] Step 18: size: 18, coverage: 36.50%, cost: 594.0, rand. prob: 0.635
[2024-10-13 16:04:55,533][INFO] Step 19: size: 19, coverage: 37.50%, cost: 655.0, rand. prob: 0.625
[2024-10-13 16:04:55,539][INFO] Step 20: size: 20, coverage: 40.00%, cost: 688.0, rand. prob: 0.6
[2024-10-13 16:04:55,544][INFO] Step 21: size: 21, coverage: 42.50%, cost: 690.0, rand. prob: 0.575
[2024-10-13 16:04:55,549][INFO] Step 22: size: 22, coverage: 43.00%, cost: 779.0, rand. prob: 0.5700000000000001
[2024-10-13 16:04:55,555][INFO] Step 23: size: 23, coverage: 44.00%, cost: 814.0, rand. prob: 0.56
[2024-10-13 16:04:55,560][INFO] Step 24: size: 24, coverage: 45.50%, cost: 864.0, rand. prob: 0.5449999999999999
[2024-10-13 16:04:55,565][INFO] Step 25: size: 25, coverage: 46.50%, cost: 865.0, rand. prob: 0.5349999999999999
[2024-10-13 16:04:55,571][INFO] Step 26: size: 26, coverage: 48.50%, cost: 951.0, rand. prob: 0.515
[2024-10-13 16:04:55,576][INFO] Step 27: size: 27, coverage: 49.50%, cost: 952.0, rand. prob: 0.505
[2024-10-13 16:04:55,581][INFO] Step 28: size: 28, coverage: 51.50%, cost: 954.0, rand. prob: 0.485
[2024-10-13 16:04:55,587][INFO] Step 29: size: 29, coverage: 52.00%, cost: 1008.0, rand. prob: 0.48
[2024-10-13 16:04:55,592][INFO] Step 30: size: 30, coverage: 53.50%, cost: 1089.0, rand. prob: 0.46499999999999997
[2024-10-13 16:04:55,598][INFO] Step 31: size: 31, coverage: 56.00%, cost: 1092.0, rand. prob: 0.43999999999999995
[2024-10-13 16:04:55,603][INFO] Step 32: size: 32, coverage: 58.50%, cost: 1095.0, rand. prob: 0.41500000000000004
[2024-10-13 16:04:55,608][INFO] Step 33: size: 33, coverage: 60.00%, cost: 1097.0, rand. prob: 0.4
[2024-10-13 16:04:55,614][INFO] Step 34: size: 34, coverage: 60.50%, cost: 1098.0, rand. prob: 0.395
[2024-10-13 16:04:55,619][INFO] Step 35: size: 35, coverage: 61.00%, cost: 1099.0, rand. prob: 0.39
[2024-10-13 16:04:55,625][INFO] Step 36: size: 36, coverage: 61.50%, cost: 1100.0, rand. prob: 0.385
[2024-10-13 16:04:55,630][INFO] Step 37: size: 37, coverage: 62.50%, cost: 1102.0, rand. prob: 0.375
[2024-10-13 16:04:55,636][INFO] Step 38: size: 38, coverage: 63.00%, cost: 1200.0, rand. prob: 0.37
[2024-10-13 16:04:55,641][INFO] Step 39: size: 39, coverage: 64.00%, cost: 1202.0, rand. prob: 0.36
[2024-10-13 16:04:55,647][INFO] Step 40: size: 40, coverage: 65.00%, cost: 1204.0, rand. prob: 0.35
[2024-10-13 16:04:55,652][INFO] Step 41: size: 41, coverage: 67.00%, cost: 1208.0, rand. prob: 0.32999999999999996
[2024-10-13 16:04:55,657][INFO] Step 42: size: 42, coverage: 68.50%, cost: 1212.0, rand. prob: 0.31499999999999995
[2024-10-13 16:04:55,663][INFO] Step 43: size: 43, coverage: 71.00%, cost: 1291.0, rand. prob: 0.29000000000000004
[2024-10-13 16:04:55,669][INFO] Step 44: size: 44, coverage: 72.50%, cost: 1325.0, rand. prob: 0.275
[2024-10-13 16:04:55,674][INFO] Step 45: size: 45, coverage: 73.00%, cost: 1327.0, rand. prob: 0.27
[2024-10-13 16:04:55,680][INFO] Step 46: size: 46, coverage: 74.00%, cost: 1331.0, rand. prob: 0.26
[2024-10-13 16:04:55,685][INFO] Step 47: size: 47, coverage: 75.00%, cost: 1335.0, rand. prob: 0.25
[2024-10-13 16:04:55,691][INFO] Step 48: size: 48, coverage: 76.50%, cost: 1342.0, rand. prob: 0.235
[2024-10-13 16:04:55,696][INFO] Step 49: size: 49, coverage: 78.00%, cost: 1349.0, rand. prob: 0.21999999999999997
[2024-10-13 16:04:55,702][INFO] Step 50: size: 50, coverage: 80.00%, cost: 1359.0, rand. prob: 0.19999999999999996
[2024-10-13 16:04:55,707][INFO] Step 51: size: 51, coverage: 81.50%, cost: 1439.0, rand. prob: 0.18500000000000005
[2024-10-13 16:04:55,713][INFO] Step 52: size: 52, coverage: 83.00%, cost: 1447.0, rand. prob: 0.17000000000000004
[2024-10-13 16:04:55,718][INFO] Step 53: size: 53, coverage: 83.50%, cost: 1450.0, rand. prob: 0.16500000000000004
[2024-10-13 16:04:55,724][INFO] Step 54: size: 54, coverage: 84.00%, cost: 1454.0, rand. prob: 0.16000000000000003
[2024-10-13 16:04:55,729][INFO] Step 55: size: 55, coverage: 84.50%, cost: 1459.0, rand. prob: 0.15500000000000003
[2024-10-13 16:04:55,735][INFO] Step 56: size: 56, coverage: 85.00%, cost: 1464.0, rand. prob: 0.15000000000000002
[2024-10-13 16:04:55,740][INFO] Step 57: size: 57, coverage: 85.50%, cost: 1469.0, rand. prob: 0.14500000000000002
[2024-10-13 16:04:55,746][INFO] Step 58: size: 58, coverage: 86.50%, cost: 1479.0, rand. prob: 0.135
[2024-10-13 16:04:55,752][INFO] Step 59: size: 59, coverage: 87.50%, cost: 1489.0, rand. prob: 0.125
[2024-10-13 16:04:55,757][INFO] Step 60: size: 60, coverage: 88.50%, cost: 1500.0, rand. prob: 0.11499999999999999
[2024-10-13 16:04:55,763][INFO] Step 61: size: 61, coverage: 89.50%, cost: 1512.0, rand. prob: 0.10499999999999998
[2024-10-13 16:04:55,768][INFO] Step 62: size: 62, coverage: 90.50%, cost: 1525.0, rand. prob: 0.09499999999999997
[2024-10-13 16:04:55,774][INFO] Step 63: size: 63, coverage: 91.00%, cost: 1532.0, rand. prob: 0.08999999999999997
[2024-10-13 16:04:55,779][INFO] Step 64: size: 64, coverage: 91.50%, cost: 1545.0, rand. prob: 0.08499999999999996
[2024-10-13 16:04:55,785][INFO] Step 65: size: 65, coverage: 92.50%, cost: 1559.0, rand. prob: 0.07499999999999996
[2024-10-13 16:04:55,791][INFO] Step 66: size: 66, coverage: 93.50%, cost: 1573.0, rand. prob: 0.06499999999999995
[2024-10-13 16:04:55,796][INFO] Step 67: size: 67, coverage: 94.00%, cost: 1581.0, rand. prob: 0.06000000000000005
[2024-10-13 16:04:55,802][INFO] Step 68: size: 68, coverage: 94.50%, cost: 1590.0, rand. prob: 0.05500000000000005
[2024-10-13 16:04:55,807][INFO] Step 69: size: 69, coverage: 95.00%, cost: 1599.0, rand. prob: 0.050000000000000044
[2024-10-13 16:04:55,813][INFO] Step 70: size: 70, coverage: 95.50%, cost: 1608.0, rand. prob: 0.04500000000000004
[2024-10-13 16:04:55,819][INFO] Step 71: size: 71, coverage: 96.00%, cost: 1618.0, rand. prob: 0.040000000000000036
[2024-10-13 16:04:55,824][INFO] Step 72: size: 72, coverage: 96.50%, cost: 1633.0, rand. prob: 0.03500000000000003
[2024-10-13 16:04:55,830][INFO] Step 73: size: 73, coverage: 97.00%, cost: 1648.0, rand. prob: 0.030000000000000027
[2024-10-13 16:04:55,835][INFO] Step 74: size: 74, coverage: 97.50%, cost: 1665.0, rand. prob: 0.025000000000000022
[2024-10-13 16:04:55,841][INFO] Step 75: size: 75, coverage: 98.00%, cost: 1695.0, rand. prob: 0.020000000000000018
[2024-10-13 16:04:55,847][INFO] Step 76: size: 76, coverage: 98.50%, cost: 1712.0, rand. prob: 0.015000000000000013
[2024-10-13 16:04:55,853][INFO] Step 77: size: 77, coverage: 99.00%, cost: 1729.0, rand. prob: 0.010000000000000009
[2024-10-13 16:04:55,858][INFO] Step 78: size: 78, coverage: 99.50%, cost: 1755.0, rand. prob: 0.0050000000000000044
[2024-10-13 16:04:55,864][INFO] Step 79: size: 79, coverage: 100.00%, cost: 1785.0, rand. prob: 0.0
[2024-10-13 16:04:55,866][INFO] Size: 79 -> 68
[2024-10-13 16:04:55,866][INFO] Cost: 1785.0 -> 1479.0
[2024-10-13 16:10:27,187][INFO] Step 1: size: 1, coverage: 2.00%, cost: 82.0, rand. prob: 0.98
[2024-10-13 16:10:27,191][INFO] Step 2: size: 2, coverage: 3.50%, cost: 111.0, rand. prob: 0.965
[2024-10-13 16:10:27,196][INFO] Step 3: size: 3, coverage: 4.50%, cost: 182.0, rand. prob: 0.955
[2024-10-13 16:10:27,201][INFO] Step 4: size: 4, coverage: 7.50%, cost: 183.0, rand. prob: 0.925
[2024-10-13 16:10:27,206][INFO] Step 5: size: 5, coverage: 10.00%, cost: 184.0, rand. prob: 0.9
[2024-10-13 16:10:27,210][INFO] Step 6: size: 6, coverage: 12.50%, cost: 185.0, rand. prob: 0.875
[2024-10-13 16:10:27,215][INFO] Step 7: size: 7, coverage: 13.50%, cost: 247.0, rand. prob: 0.865
[2024-10-13 16:10:27,220][INFO] Step 8: size: 8, coverage: 14.50%, cost: 304.0, rand. prob: 0.855
[2024-10-13 16:10:27,225][INFO] Step 9: size: 9, coverage: 18.00%, cost: 359.0, rand. prob: 0.8200000000000001
[2024-10-13 16:10:27,230][INFO] Step 10: size: 10, coverage: 20.00%, cost: 360.0, rand. prob: 0.8
[2024-10-13 16:10:27,235][INFO] Step 11: size: 11, coverage: 21.50%, cost: 401.0, rand. prob: 0.785
[2024-10-13 16:10:27,240][INFO] Step 12: size: 12, coverage: 22.50%, cost: 447.0, rand. prob: 0.775
[2024-10-13 16:10:27,245][INFO] Step 13: size: 13, coverage: 24.00%, cost: 463.0, rand. prob: 0.76
[2024-10-13 16:10:27,250][INFO] Step 14: size: 14, coverage: 26.00%, cost: 464.0, rand. prob: 0.74
[2024-10-13 16:10:27,255][INFO] Step 15: size: 15, coverage: 27.50%, cost: 471.0, rand. prob: 0.725
[2024-10-13 16:10:27,260][INFO] Step 16: size: 16, coverage: 32.00%, cost: 521.0, rand. prob: 0.6799999999999999
[2024-10-13 16:10:27,265][INFO] Step 17: size: 17, coverage: 34.50%, cost: 593.0, rand. prob: 0.655
[2024-10-13 16:10:27,270][INFO] Step 18: size: 18, coverage: 36.50%, cost: 594.0, rand. prob: 0.635
[2024-10-13 16:10:27,276][INFO] Step 19: size: 19, coverage: 37.50%, cost: 655.0, rand. prob: 0.625
[2024-10-13 16:10:27,281][INFO] Step 20: size: 20, coverage: 40.00%, cost: 688.0, rand. prob: 0.6
[2024-10-13 16:10:27,286][INFO] Step 21: size: 21, coverage: 42.50%, cost: 690.0, rand. prob: 0.575
[2024-10-13 16:10:27,291][INFO] Step 22: size: 22, coverage: 43.00%, cost: 779.0, rand. prob: 0.5700000000000001
[2024-10-13 16:10:27,296][INFO] Step 23: size: 23, coverage: 44.00%, cost: 814.0, rand. prob: 0.56
[2024-10-13 16:10:27,301][INFO] Step 24: size: 24, coverage: 45.50%, cost: 864.0, rand. prob: 0.5449999999999999
[2024-10-13 16:10:27,307][INFO] Step 25: size: 25, coverage: 46.50%, cost: 865.0, rand. prob: 0.5349999999999999
[2024-10-13 16:10:27,312][INFO] Step 26: size: 26, coverage: 48.50%, cost: 951.0, rand. prob: 0.515
[2024-10-13 16:10:27,317][INFO] Step 27: size: 27, coverage: 49.50%, cost: 952.0, rand. prob: 0.505
[2024-10-13 16:10:27,322][INFO] Step 28: size: 28, coverage: 51.50%, cost: 954.0, rand. prob: 0.485
[2024-10-13 16:10:27,327][INFO] Step 29: size: 29, coverage: 52.00%, cost: 1008.0, rand. prob: 0.48
[2024-10-13 16:10:27,333][INFO] Step 30: size: 30, coverage: 53.50%, cost: 1089.0, rand. prob: 0.46499999999999997
[2024-10-13 16:10:27,338][INFO] Step 31: size: 31, coverage: 56.00%, cost: 1092.0, rand. prob: 0.43999999999999995
[2024-10-13 16:10:27,343][INFO] Step 32: size: 32, coverage: 58.50%, cost: 1095.0, rand. prob: 0.41500000000000004
[2024-10-13 16:10:27,348][INFO] Step 33: size: 33, coverage: 60.00%, cost: 1097.0, rand. prob: 0.4
[2024-10-13 16:10:27,354][INFO] Step 34: size: 34, coverage: 60.50%, cost: 1098.0, rand. prob: 0.395
[2024-10-13 16:10:27,359][INFO] Step 35: size: 35, coverage: 61.00%, cost: 1099.0, rand. prob: 0.39
[2024-10-13 16:10:27,364][INFO] Step 36: size: 36, coverage: 61.50%, cost: 1100.0, rand. prob: 0.385
[2024-10-13 16:10:27,369][INFO] Step 37: size: 37, coverage: 62.50%, cost: 1102.0, rand. prob: 0.375
[2024-10-13 16:10:27,375][INFO] Step 38: size: 38, coverage: 63.00%, cost: 1200.0, rand. prob: 0.37
[2024-10-13 16:10:27,380][INFO] Step 39: size: 39, coverage: 64.00%, cost: 1202.0, rand. prob: 0.36
[2024-10-13 16:10:27,385][INFO] Step 40: size: 40, coverage: 65.00%, cost: 1204.0, rand. prob: 0.35
[2024-10-13 16:10:27,391][INFO] Step 41: size: 41, coverage: 67.00%, cost: 1208.0, rand. prob: 0.32999999999999996
[2024-10-13 16:10:27,396][INFO] Step 42: size: 42, coverage: 68.50%, cost: 1212.0, rand. prob: 0.31499999999999995
[2024-10-13 16:10:27,402][INFO] Step 43: size: 43, coverage: 71.00%, cost: 1291.0, rand. prob: 0.29000000000000004
[2024-10-13 16:10:27,407][INFO] Step 44: size: 44, coverage: 72.50%, cost: 1325.0, rand. prob: 0.275
[2024-10-13 16:10:27,412][INFO] Step 45: size: 45, coverage: 73.00%, cost: 1327.0, rand. prob: 0.27
[2024-10-13 16:10:27,418][INFO] Step 46: size: 46, coverage: 74.00%, cost: 1331.0, rand. prob: 0.26
[2024-10-13 16:10:27,423][INFO] Step 47: size: 47, coverage: 75.00%, cost: 1335.0, rand. prob: 0.25
[2024-10-13 16:10:27,429][INFO] Step 48: size: 48, coverage: 76.50%, cost: 1342.0, rand. prob: 0.235
[2024-10-13 16:10:27,434][INFO] Step 49: size: 49, coverage: 78.00%, cost: 1349.0, rand. prob: 0.21999999999999997
[2024-10-13 16:10:27,439][INFO] Step 50: size: 50, coverage: 80.00%, cost: 1359.0, rand. prob: 0.19999999999999996
[2024-10-13 16:10:27,445][INFO] Step 51: size: 51, coverage: 81.50%, cost: 1439.0, rand. prob: 0.18500000000000005
[2024-10-13 16:10:27,450][INFO] Step 52: size: 52, coverage: 83.00%, cost: 1447.0, rand. prob: 0.17000000000000004
[2024-10-13 16:10:27,456][INFO] Step 53: size: 53, coverage: 83.50%, cost: 1450.0, rand. prob: 0.16500000000000004
[2024-10-13 16:10:27,461][INFO] Step 54: size: 54, coverage: 84.00%, cost: 1454.0, rand. prob: 0.16000000000000003
[2024-10-13 16:10:27,466][INFO] Step 55: size: 55, coverage: 84.50%, cost: 1459.0, rand. prob: 0.15500000000000003
[2024-10-13 16:10:27,472][INFO] Step 56: size: 56, coverage: 85.00%, cost: 1464.0, rand. prob: 0.15000000000000002
[2024-10-13 16:10:27,477][INFO] Step 57: size: 57, coverage: 85.50%, cost: 1469.0, rand. prob: 0.14500000000000002
[2024-10-13 16:10:27,483][INFO] Step 58: size: 58, coverage: 86.50%, cost: 1479.0, rand. prob: 0.135
[2024-10-13 16:10:27,488][INFO] Step 59: size: 59, coverage: 87.50%, cost: 1489.0, rand. prob: 0.125
[2024-10-13 16:10:27,493][INFO] Step 60: size: 60, coverage: 88.50%, cost: 1500.0, rand. prob: 0.11499999999999999
[2024-10-13 16:10:27,499][INFO] Step 61: size: 61, coverage: 89.50%, cost: 1512.0, rand. prob: 0.10499999999999998
[2024-10-13 16:10:27,504][INFO] Step 62: size: 62, coverage: 90.50%, cost: 1525.0, rand. prob: 0.09499999999999997
[2024-10-13 16:10:27,510][INFO] Step 63: size: 63, coverage: 91.00%, cost: 1532.0, rand. prob: 0.08999999999999997
[2024-10-13 16:10:27,515][INFO] Step 64: size: 64, coverage: 91.50%, cost: 1545.0, rand. prob: 0.08499999999999996
[2024-10-13 16:10:27,521][INFO] Step 65: size: 65, coverage: 92.50%, cost: 1559.0, rand. prob: 0.07499999999999996
[2024-10-13 16:10:27,526][INFO] Step 66: size: 66, coverage: 93.50%, cost: 1573.0, rand. prob: 0.06499999999999995
[2024-10-13 16:10:27,532][INFO] Step 67: size: 67, coverage: 94.00%, cost: 1581.0, rand. prob: 0.06000000000000005
[2024-10-13 16:10:27,537][INFO] Step 68: size: 68, coverage: 94.50%, cost: 1590.0, rand. prob: 0.05500000000000005
[2024-10-13 16:10:27,543][INFO] Step 69: size: 69, coverage: 95.00%, cost: 1599.0, rand. prob: 0.050000000000000044
[2024-10-13 16:10:27,548][INFO] Step 70: size: 70, coverage: 95.50%, cost: 1608.0, rand. prob: 0.04500000000000004
[2024-10-13 16:10:27,554][INFO] Step 71: size: 71, coverage: 96.00%, cost: 1618.0, rand. prob: 0.040000000000000036
[2024-10-13 16:10:27,559][INFO] Step 72: size: 72, coverage: 96.50%, cost: 1633.0, rand. prob: 0.03500000000000003
[2024-10-13 16:10:27,565][INFO] Step 73: size: 73, coverage: 97.00%, cost: 1648.0, rand. prob: 0.030000000000000027
[2024-10-13 16:10:27,570][INFO] Step 74: size: 74, coverage: 97.50%, cost: 1665.0, rand. prob: 0.025000000000000022
[2024-10-13 16:10:27,576][INFO] Step 75: size: 75, coverage: 98.00%, cost: 1695.0, rand. prob: 0.020000000000000018
[2024-10-13 16:10:27,581][INFO] Step 76: size: 76, coverage: 98.50%, cost: 1712.0, rand. prob: 0.015000000000000013
[2024-10-13 16:10:27,587][INFO] Step 77: size: 77, coverage: 99.00%, cost: 1729.0, rand. prob: 0.010000000000000009
[2024-10-13 16:10:27,592][INFO] Step 78: size: 78, coverage: 99.50%, cost: 1755.0, rand. prob: 0.0050000000000000044
[2024-10-13 16:10:27,598][INFO] Step 79: size: 79, coverage: 100.00%, cost: 1785.0, rand. prob: 0.0
[2024-10-13 16:10:27,599][INFO] Size: 79 -> 68
[2024-10-13 16:10:27,599][INFO] Cost: 1785.0 -> 1479.0
