[2024-10-13 15:18:39,874][INFO] Step 1: size: 1, coverage: 6.00%, cost: 67.0
[2024-10-13 15:18:39,877][INFO] Step 2: size: 2, coverage: 11.00%, cost: 81.0
[2024-10-13 15:18:39,880][INFO] Step 3: size: 3, coverage: 16.00%, cost: 174.0
[2024-10-13 15:18:39,884][INFO] Step 4: size: 4, coverage: 20.50%, cost: 260.0
[2024-10-13 15:18:39,887][INFO] Step 5: size: 5, coverage: 24.50%, cost: 265.0
[2024-10-13 15:18:39,890][INFO] Step 6: size: 6, coverage: 28.50%, cost: 325.0
[2024-10-13 15:18:39,893][INFO] Step 7: size: 7, coverage: 32.00%, cost: 333.0
[2024-10-13 15:18:39,897][INFO] Step 8: size: 8, coverage: 35.50%, cost: 349.0
[2024-10-13 15:18:39,900][INFO] Step 9: size: 9, coverage: 39.00%, cost: 369.0
[2024-10-13 15:18:39,903][INFO] Step 10: size: 10, coverage: 42.50%, cost: 464.0
[2024-10-13 15:18:39,906][INFO] Step 11: size: 11, coverage: 45.50%, cost: 470.0
[2024-10-13 15:18:39,910][INFO] Step 12: size: 12, coverage: 48.50%, cost: 500.0
[2024-10-13 15:18:39,913][INFO] Step 13: size: 13, coverage: 51.50%, cost: 560.0
[2024-10-13 15:18:39,916][INFO] Step 14: size: 14, coverage: 54.50%, cost: 650.0
[2024-10-13 15:18:39,920][INFO] Step 15: size: 15, coverage: 57.50%, cost: 749.0
[2024-10-13 15:18:39,923][INFO] Step 16: size: 16, coverage: 60.00%, cost: 755.0
[2024-10-13 15:18:39,927][INFO] Step 17: size: 17, coverage: 62.50%, cost: 763.0
[2024-10-13 15:18:39,930][INFO] Step 18: size: 18, coverage: 65.00%, cost: 781.0
[2024-10-13 15:18:39,933][INFO] Step 19: size: 19, coverage: 67.50%, cost: 843.0
[2024-10-13 15:18:39,937][INFO] Step 20: size: 20, coverage: 70.00%, cost: 910.0
[2024-10-13 15:18:39,940][INFO] Step 21: size: 21, coverage: 72.50%, cost: 978.0
[2024-10-13 15:18:39,943][INFO] Step 22: size: 22, coverage: 74.50%, cost: 1007.0
[2024-10-13 15:18:39,947][INFO] Step 23: size: 23, coverage: 76.50%, cost: 1069.0
[2024-10-13 15:18:39,950][INFO] Step 24: size: 24, coverage: 78.50%, cost: 1152.0
[2024-10-13 15:18:39,953][INFO] Step 25: size: 25, coverage: 80.00%, cost: 1156.0
[2024-10-13 15:18:39,957][INFO] Step 26: size: 26, coverage: 81.50%, cost: 1162.0
[2024-10-13 15:18:39,960][INFO] Step 27: size: 27, coverage: 83.00%, cost: 1169.0
[2024-10-13 15:18:39,964][INFO] Step 28: size: 28, coverage: 84.50%, cost: 1176.0
[2024-10-13 15:18:39,967][INFO] Step 29: size: 29, coverage: 86.00%, cost: 1200.0
[2024-10-13 15:18:39,971][INFO] Step 30: size: 30, coverage: 87.50%, cost: 1238.0
[2024-10-13 15:18:39,974][INFO] Step 31: size: 31, coverage: 89.00%, cost: 1284.0
[2024-10-13 15:18:39,978][INFO] Step 32: size: 32, coverage: 90.50%, cost: 1331.0
[2024-10-13 15:18:39,981][INFO] Step 33: size: 33, coverage: 92.00%, cost: 1410.0
[2024-10-13 15:18:39,985][INFO] Step 34: size: 34, coverage: 93.00%, cost: 1411.0
[2024-10-13 15:18:39,988][INFO] Step 35: size: 35, coverage: 94.00%, cost: 1426.0
[2024-10-13 15:18:39,992][INFO] Step 36: size: 36, coverage: 95.00%, cost: 1444.0
[2024-10-13 15:18:39,996][INFO] Step 37: size: 37, coverage: 96.00%, cost: 1463.0
[2024-10-13 15:18:39,999][INFO] Step 38: size: 38, coverage: 97.00%, cost: 1495.0
[2024-10-13 15:18:40,003][INFO] Step 39: size: 39, coverage: 98.00%, cost: 1580.0
[2024-10-13 15:18:40,007][INFO] Step 40: size: 40, coverage: 98.50%, cost: 1581.0
[2024-10-13 15:18:40,010][INFO] Step 41: size: 41, coverage: 99.00%, cost: 1584.0
[2024-10-13 15:18:40,014][INFO] Step 42: size: 42, coverage: 99.50%, cost: 1593.0
[2024-10-13 15:18:40,018][INFO] Step 43: size: 43, coverage: 100.00%, cost: 1607.0
[2024-10-13 15:18:40,018][INFO] Size: 43 -> 43
[2024-10-13 15:18:40,018][INFO] Cost: 1607.0 -> 1607.0
[2024-10-13 15:40:13,813][INFO] Step 1: size: 1, coverage: 2.00%, cost: 27.0
[2024-10-13 15:40:13,818][INFO] Step 2: size: 2, coverage: 4.50%, cost: 117.0
[2024-10-13 15:40:13,822][INFO] Step 3: size: 3, coverage: 6.50%, cost: 148.0
[2024-10-13 15:40:13,827][INFO] Step 4: size: 4, coverage: 8.00%, cost: 230.0
[2024-10-13 15:40:13,832][INFO] Step 5: size: 5, coverage: 8.50%, cost: 241.0
[2024-10-13 15:40:13,837][INFO] Step 6: size: 6, coverage: 11.00%, cost: 282.0
[2024-10-13 15:40:13,842][INFO] Step 7: size: 7, coverage: 12.00%, cost: 368.0
[2024-10-13 15:40:13,847][INFO] Step 8: size: 8, coverage: 13.50%, cost: 425.0
[2024-10-13 15:40:13,852][INFO] Step 9: size: 9, coverage: 15.00%, cost: 492.0
[2024-10-13 15:40:13,857][INFO] Step 10: size: 10, coverage: 16.00%, cost: 536.0
[2024-10-13 15:40:13,862][INFO] Step 11: size: 11, coverage: 17.00%, cost: 594.0
[2024-10-13 15:40:13,867][INFO] Step 12: size: 12, coverage: 18.00%, cost: 673.0
[2024-10-13 15:40:13,872][INFO] Step 13: size: 13, coverage: 22.50%, cost: 759.0
[2024-10-13 15:40:13,877][INFO] Step 14: size: 14, coverage: 23.00%, cost: 773.0
[2024-10-13 15:40:13,882][INFO] Step 15: size: 15, coverage: 24.50%, cost: 776.0
[2024-10-13 15:40:13,887][INFO] Step 16: size: 16, coverage: 26.00%, cost: 841.0
[2024-10-13 15:40:13,893][INFO] Step 17: size: 17, coverage: 27.00%, cost: 851.0
[2024-10-13 15:40:13,898][INFO] Step 18: size: 18, coverage: 28.00%, cost: 858.0
[2024-10-13 15:40:13,903][INFO] Step 19: size: 19, coverage: 30.00%, cost: 952.0
[2024-10-13 15:40:13,908][INFO] Step 20: size: 20, coverage: 31.00%, cost: 1026.0
[2024-10-13 15:40:13,913][INFO] Step 21: size: 21, coverage: 32.50%, cost: 1126.0
[2024-10-13 15:40:13,919][INFO] Step 22: size: 22, coverage: 34.00%, cost: 1154.0
[2024-10-13 15:40:13,924][INFO] Step 23: size: 23, coverage: 36.50%, cost: 1238.0
[2024-10-13 15:40:13,929][INFO] Step 24: size: 24, coverage: 38.00%, cost: 1284.0
[2024-10-13 15:40:13,934][INFO] Step 25: size: 25, coverage: 38.50%, cost: 1354.0
[2024-10-13 15:40:13,940][INFO] Step 26: size: 26, coverage: 40.00%, cost: 1392.0
[2024-10-13 15:40:13,945][INFO] Step 27: size: 27, coverage: 41.00%, cost: 1430.0
[2024-10-13 15:40:13,950][INFO] Step 28: size: 28, coverage: 42.00%, cost: 1480.0
[2024-10-13 15:40:13,956][INFO] Step 29: size: 29, coverage: 43.00%, cost: 1578.0
[2024-10-13 15:40:13,961][INFO] Step 30: size: 30, coverage: 44.00%, cost: 1611.0
[2024-10-13 15:40:13,966][INFO] Step 31: size: 31, coverage: 46.00%, cost: 1623.0
[2024-10-13 15:40:13,972][INFO] Step 32: size: 32, coverage: 46.50%, cost: 1630.0
[2024-10-13 15:40:13,977][INFO] Step 33: size: 33, coverage: 47.50%, cost: 1645.0
[2024-10-13 15:40:13,982][INFO] Step 34: size: 34, coverage: 48.50%, cost: 1722.0
[2024-10-13 15:40:13,988][INFO] Step 35: size: 35, coverage: 49.50%, cost: 1782.0
[2024-10-13 15:40:13,993][INFO] Step 36: size: 36, coverage: 50.00%, cost: 1837.0
[2024-10-13 15:40:13,999][INFO] Step 37: size: 37, coverage: 50.50%, cost: 1870.0
[2024-10-13 15:40:14,004][INFO] Step 38: size: 38, coverage: 51.50%, cost: 1918.0
[2024-10-13 15:40:14,010][INFO] Step 39: size: 39, coverage: 53.50%, cost: 1960.0
[2024-10-13 15:40:14,015][INFO] Step 40: size: 40, coverage: 54.00%, cost: 1985.0
[2024-10-13 15:40:14,021][INFO] Step 41: size: 41, coverage: 55.50%, cost: 1992.0
[2024-10-13 15:40:14,026][INFO] Step 42: size: 42, coverage: 56.50%, cost: 2070.0
[2024-10-13 15:40:14,032][INFO] Step 43: size: 43, coverage: 57.50%, cost: 2130.0
[2024-10-13 15:40:14,037][INFO] Step 44: size: 44, coverage: 58.50%, cost: 2160.0
[2024-10-13 15:40:14,043][INFO] Step 45: size: 45, coverage: 59.50%, cost: 2193.0
[2024-10-13 15:40:14,048][INFO] Step 46: size: 46, coverage: 60.00%, cost: 2281.0
[2024-10-13 15:40:14,054][INFO] Step 47: size: 47, coverage: 61.00%, cost: 2347.0
[2024-10-13 15:40:14,060][INFO] Step 48: size: 48, coverage: 61.50%, cost: 2358.0
[2024-10-13 15:40:14,065][INFO] Step 49: size: 49, coverage: 63.50%, cost: 2377.0
[2024-10-13 15:40:14,071][INFO] Step 50: size: 50, coverage: 64.00%, cost: 2453.0
[2024-10-13 15:40:14,077][INFO] Step 51: size: 51, coverage: 65.00%, cost: 2459.0
[2024-10-13 15:40:14,082][INFO] Step 52: size: 52, coverage: 65.50%, cost: 2501.0
[2024-10-13 15:40:14,088][INFO] Step 53: size: 53, coverage: 66.00%, cost: 2585.0
[2024-10-13 15:40:14,094][INFO] Step 54: size: 54, coverage: 67.00%, cost: 2603.0
[2024-10-13 15:40:14,099][INFO] Step 55: size: 55, coverage: 68.00%, cost: 2638.0
[2024-10-13 15:40:14,105][INFO] Step 56: size: 56, coverage: 68.50%, cost: 2728.0
[2024-10-13 15:40:14,111][INFO] Step 57: size: 57, coverage: 69.00%, cost: 2767.0
[2024-10-13 15:40:14,117][INFO] Step 58: size: 58, coverage: 69.50%, cost: 2772.0
[2024-10-13 15:40:14,122][INFO] Step 59: size: 59, coverage: 70.50%, cost: 2820.0
[2024-10-13 15:40:14,128][INFO] Step 60: size: 60, coverage: 72.00%, cost: 2910.0
[2024-10-13 15:40:14,134][INFO] Step 61: size: 61, coverage: 72.50%, cost: 2951.0
[2024-10-13 15:40:14,140][INFO] Step 62: size: 62, coverage: 74.00%, cost: 3016.0
[2024-10-13 15:40:14,146][INFO] Step 63: size: 63, coverage: 75.00%, cost: 3035.0
[2024-10-13 15:40:14,151][INFO] Step 64: size: 64, coverage: 76.00%, cost: 3098.0
[2024-10-13 15:40:14,157][INFO] Step 65: size: 65, coverage: 76.50%, cost: 3099.0
[2024-10-13 15:40:14,163][INFO] Step 66: size: 66, coverage: 77.00%, cost: 3100.0
[2024-10-13 15:40:14,169][INFO] Step 67: size: 67, coverage: 78.50%, cost: 3141.0
[2024-10-13 15:40:14,175][INFO] Step 68: size: 68, coverage: 79.00%, cost: 3167.0
[2024-10-13 15:40:14,181][INFO] Step 69: size: 69, coverage: 79.50%, cost: 3196.0
[2024-10-13 15:40:14,187][INFO] Step 70: size: 70, coverage: 80.00%, cost: 3285.0
[2024-10-13 15:40:14,193][INFO] Step 71: size: 71, coverage: 80.50%, cost: 3381.0
[2024-10-13 15:40:14,198][INFO] Step 72: size: 72, coverage: 81.00%, cost: 3410.0
[2024-10-13 15:40:14,204][INFO] Step 73: size: 73, coverage: 81.50%, cost: 3422.0
[2024-10-13 15:40:14,210][INFO] Step 74: size: 74, coverage: 82.00%, cost: 3469.0
[2024-10-13 15:40:14,216][INFO] Step 75: size: 75, coverage: 82.50%, cost: 3494.0
[2024-10-13 15:40:14,222][INFO] Step 76: size: 76, coverage: 83.00%, cost: 3523.0
[2024-10-13 15:40:14,228][INFO] Step 77: size: 77, coverage: 84.50%, cost: 3539.0
[2024-10-13 15:40:14,234][INFO] Step 78: size: 78, coverage: 85.50%, cost: 3619.0
[2024-10-13 15:40:14,240][INFO] Step 79: size: 79, coverage: 86.50%, cost: 3659.0
[2024-10-13 15:40:14,246][INFO] Step 80: size: 80, coverage: 87.00%, cost: 3662.0
[2024-10-13 15:40:14,253][INFO] Step 81: size: 81, coverage: 87.50%, cost: 3739.0
[2024-10-13 15:40:14,259][INFO] Step 82: size: 82, coverage: 88.00%, cost: 3777.0
[2024-10-13 15:40:14,265][INFO] Step 83: size: 83, coverage: 88.50%, cost: 3817.0
[2024-10-13 15:40:14,271][INFO] Step 84: size: 84, coverage: 89.50%, cost: 3865.0
[2024-10-13 15:40:14,277][INFO] Step 85: size: 85, coverage: 90.50%, cost: 3912.0
[2024-10-13 15:40:14,283][INFO] Step 86: size: 86, coverage: 91.00%, cost: 3950.0
[2024-10-13 15:40:14,289][INFO] Step 87: size: 87, coverage: 92.00%, cost: 3967.0
[2024-10-13 15:40:14,295][INFO] Step 88: size: 88, coverage: 92.50%, cost: 4020.0
[2024-10-13 15:40:14,301][INFO] Step 89: size: 89, coverage: 93.00%, cost: 4087.0
[2024-10-13 15:40:14,308][INFO] Step 90: size: 90, coverage: 93.50%, cost: 4150.0
[2024-10-13 15:40:14,314][INFO] Step 91: size: 91, coverage: 94.00%, cost: 4186.0
[2024-10-13 15:40:14,320][INFO] Step 92: size: 92, coverage: 94.50%, cost: 4197.0
[2024-10-13 15:40:14,326][INFO] Step 93: size: 93, coverage: 95.00%, cost: 4272.0
[2024-10-13 15:40:14,332][INFO] Step 94: size: 94, coverage: 95.50%, cost: 4330.0
[2024-10-13 15:40:14,339][INFO] Step 95: size: 95, coverage: 96.00%, cost: 4395.0
[2024-10-13 15:40:14,345][INFO] Step 96: size: 96, coverage: 96.50%, cost: 4426.0
[2024-10-13 15:40:14,351][INFO] Step 97: size: 97, coverage: 97.00%, cost: 4432.0
[2024-10-13 15:40:14,357][INFO] Step 98: size: 98, coverage: 97.50%, cost: 4441.0
[2024-10-13 15:40:14,364][INFO] Step 99: size: 99, coverage: 98.00%, cost: 4526.0
[2024-10-13 15:40:14,370][INFO] Step 100: size: 100, coverage: 98.50%, cost: 4549.0
[2024-10-13 15:40:14,376][INFO] Step 101: size: 101, coverage: 99.00%, cost: 4585.0
[2024-10-13 15:40:14,383][INFO] Step 102: size: 102, coverage: 99.50%, cost: 4598.0
[2024-10-13 15:40:14,389][INFO] Step 103: size: 103, coverage: 100.00%, cost: 4604.0
[2024-10-13 15:40:14,389][INFO] Solved solution used 103 random steps
[2024-10-13 15:40:14,389][INFO] Current randomization probability: 0.0
[2024-10-13 15:40:14,389][INFO] Solved solution used 103 random steps
[2024-10-13 15:40:14,392][INFO] Size: 103 -> 87
[2024-10-13 15:40:14,392][INFO] Cost: 4604.0 -> 3839.0
[2024-10-13 15:58:57,551][INFO] Step 1: size: 1, coverage: 1.50%, cost: 42.0, rand. prob: 0.985
[2024-10-13 15:58:57,556][INFO] Step 2: size: 2, coverage: 2.50%, cost: 45.0, rand. prob: 0.975
[2024-10-13 15:58:57,561][INFO] Step 3: size: 3, coverage: 4.00%, cost: 73.0, rand. prob: 0.96
[2024-10-13 15:58:57,566][INFO] Step 4: size: 4, coverage: 5.50%, cost: 136.0, rand. prob: 0.945
[2024-10-13 15:58:57,570][INFO] Step 5: size: 5, coverage: 7.00%, cost: 196.0, rand. prob: 0.9299999999999999
[2024-10-13 15:58:57,575][INFO] Step 6: size: 6, coverage: 9.50%, cost: 197.0, rand. prob: 0.905
[2024-10-13 15:58:57,580][INFO] Step 7: size: 7, coverage: 13.00%, cost: 269.0, rand. prob: 0.87
[2024-10-13 15:58:57,585][INFO] Step 8: size: 8, coverage: 15.00%, cost: 292.0, rand. prob: 0.85
[2024-10-13 15:58:57,591][INFO] Step 9: size: 9, coverage: 16.50%, cost: 333.0, rand. prob: 0.835
[2024-10-13 15:58:57,596][INFO] Step 10: size: 10, coverage: 18.50%, cost: 369.0, rand. prob: 0.815
[2024-10-13 15:58:57,601][INFO] Step 11: size: 11, coverage: 21.00%, cost: 429.0, rand. prob: 0.79
[2024-10-13 15:58:57,606][INFO] Step 12: size: 12, coverage: 23.00%, cost: 508.0, rand. prob: 0.77
[2024-10-13 15:58:57,611][INFO] Step 13: size: 13, coverage: 24.50%, cost: 577.0, rand. prob: 0.755
[2024-10-13 15:58:57,616][INFO] Step 14: size: 14, coverage: 26.50%, cost: 623.0, rand. prob: 0.735
[2024-10-13 15:58:57,621][INFO] Step 15: size: 15, coverage: 28.00%, cost: 689.0, rand. prob: 0.72
[2024-10-13 15:58:57,627][INFO] Step 16: size: 16, coverage: 29.00%, cost: 783.0, rand. prob: 0.71
[2024-10-13 15:58:57,632][INFO] Step 17: size: 17, coverage: 30.00%, cost: 838.0, rand. prob: 0.7
[2024-10-13 15:58:57,637][INFO] Step 18: size: 18, coverage: 31.50%, cost: 899.0, rand. prob: 0.685
[2024-10-13 15:58:57,643][INFO] Step 19: size: 19, coverage: 33.00%, cost: 935.0, rand. prob: 0.6699999999999999
[2024-10-13 15:58:57,648][INFO] Step 20: size: 20, coverage: 35.00%, cost: 945.0, rand. prob: 0.65
[2024-10-13 15:58:57,653][INFO] Step 21: size: 21, coverage: 36.00%, cost: 1045.0, rand. prob: 0.64
[2024-10-13 15:58:57,659][INFO] Step 22: size: 22, coverage: 38.50%, cost: 1046.0, rand. prob: 0.615
[2024-10-13 15:58:57,664][INFO] Step 23: size: 23, coverage: 40.50%, cost: 1047.0, rand. prob: 0.595
[2024-10-13 15:58:57,669][INFO] Step 24: size: 24, coverage: 42.00%, cost: 1088.0, rand. prob: 0.5800000000000001
[2024-10-13 15:58:57,675][INFO] Step 25: size: 25, coverage: 43.50%, cost: 1089.0, rand. prob: 0.565
[2024-10-13 15:58:57,680][INFO] Step 26: size: 26, coverage: 45.00%, cost: 1090.0, rand. prob: 0.55
[2024-10-13 15:58:57,685][INFO] Step 27: size: 27, coverage: 46.00%, cost: 1091.0, rand. prob: 0.54
[2024-10-13 15:58:57,691][INFO] Step 28: size: 28, coverage: 47.50%, cost: 1189.0, rand. prob: 0.525
[2024-10-13 15:58:57,696][INFO] Step 29: size: 29, coverage: 49.50%, cost: 1288.0, rand. prob: 0.505
[2024-10-13 15:58:57,701][INFO] Step 30: size: 30, coverage: 50.50%, cost: 1289.0, rand. prob: 0.495
[2024-10-13 15:58:57,706][INFO] Step 31: size: 31, coverage: 51.50%, cost: 1290.0, rand. prob: 0.485
[2024-10-13 15:58:57,712][INFO] Step 32: size: 32, coverage: 52.00%, cost: 1303.0, rand. prob: 0.48
[2024-10-13 15:58:57,717][INFO] Step 33: size: 33, coverage: 53.00%, cost: 1304.0, rand. prob: 0.47
[2024-10-13 15:58:57,723][INFO] Step 34: size: 34, coverage: 55.00%, cost: 1306.0, rand. prob: 0.44999999999999996
[2024-10-13 15:58:57,728][INFO] Step 35: size: 35, coverage: 56.50%, cost: 1308.0, rand. prob: 0.43500000000000005
[2024-10-13 15:58:57,734][INFO] Step 36: size: 36, coverage: 58.50%, cost: 1311.0, rand. prob: 0.41500000000000004
[2024-10-13 15:58:57,739][INFO] Step 37: size: 37, coverage: 59.00%, cost: 1312.0, rand. prob: 0.41000000000000003
[2024-10-13 15:58:57,745][INFO] Step 38: size: 38, coverage: 60.50%, cost: 1351.0, rand. prob: 0.395
[2024-10-13 15:58:57,750][INFO] Step 39: size: 39, coverage: 62.50%, cost: 1369.0, rand. prob: 0.375
[2024-10-13 15:58:57,756][INFO] Step 40: size: 40, coverage: 63.00%, cost: 1449.0, rand. prob: 0.37
[2024-10-13 15:58:57,761][INFO] Step 41: size: 41, coverage: 64.00%, cost: 1451.0, rand. prob: 0.36
[2024-10-13 15:58:57,766][INFO] Step 42: size: 42, coverage: 65.00%, cost: 1453.0, rand. prob: 0.35
[2024-10-13 15:58:57,772][INFO] Step 43: size: 43, coverage: 66.00%, cost: 1455.0, rand. prob: 0.33999999999999997
[2024-10-13 15:58:57,777][INFO] Step 44: size: 44, coverage: 67.00%, cost: 1457.0, rand. prob: 0.32999999999999996
[2024-10-13 15:58:57,783][INFO] Step 45: size: 45, coverage: 68.50%, cost: 1460.0, rand. prob: 0.31499999999999995
[2024-10-13 15:58:57,788][INFO] Step 46: size: 46, coverage: 70.00%, cost: 1464.0, rand. prob: 0.30000000000000004
[2024-10-13 15:58:57,794][INFO] Step 47: size: 47, coverage: 71.00%, cost: 1467.0, rand. prob: 0.29000000000000004
[2024-10-13 15:58:57,799][INFO] Step 48: size: 48, coverage: 72.00%, cost: 1470.0, rand. prob: 0.28
[2024-10-13 15:58:57,805][INFO] Step 49: size: 49, coverage: 73.00%, cost: 1473.0, rand. prob: 0.27
[2024-10-13 15:58:57,810][INFO] Step 50: size: 50, coverage: 75.00%, cost: 1479.0, rand. prob: 0.25
[2024-10-13 15:58:57,816][INFO] Step 51: size: 51, coverage: 76.50%, cost: 1484.0, rand. prob: 0.235
[2024-10-13 15:58:57,821][INFO] Step 52: size: 52, coverage: 77.00%, cost: 1486.0, rand. prob: 0.22999999999999998
[2024-10-13 15:58:57,827][INFO] Step 53: size: 53, coverage: 77.50%, cost: 1488.0, rand. prob: 0.22499999999999998
[2024-10-13 15:58:57,832][INFO] Step 54: size: 54, coverage: 78.50%, cost: 1492.0, rand. prob: 0.21499999999999997
[2024-10-13 15:58:57,838][INFO] Step 55: size: 55, coverage: 80.00%, cost: 1499.0, rand. prob: 0.19999999999999996
[2024-10-13 15:58:57,844][INFO] Step 56: size: 56, coverage: 81.00%, cost: 1504.0, rand. prob: 0.18999999999999995
[2024-10-13 15:58:57,849][INFO] Step 57: size: 57, coverage: 82.00%, cost: 1509.0, rand. prob: 0.18000000000000005
[2024-10-13 15:58:57,855][INFO] Step 58: size: 58, coverage: 83.50%, cost: 1517.0, rand. prob: 0.16500000000000004
[2024-10-13 15:58:57,860][INFO] Step 59: size: 59, coverage: 85.00%, cost: 1525.0, rand. prob: 0.15000000000000002
[2024-10-13 15:58:57,866][INFO] Step 60: size: 60, coverage: 85.50%, cost: 1528.0, rand. prob: 0.14500000000000002
[2024-10-13 15:58:57,871][INFO] Step 61: size: 61, coverage: 86.00%, cost: 1531.0, rand. prob: 0.14
[2024-10-13 15:58:57,877][INFO] Step 62: size: 62, coverage: 87.00%, cost: 1537.0, rand. prob: 0.13
[2024-10-13 15:58:57,882][INFO] Step 63: size: 63, coverage: 88.00%, cost: 1543.0, rand. prob: 0.12
[2024-10-13 15:58:57,888][INFO] Step 64: size: 64, coverage: 89.00%, cost: 1550.0, rand. prob: 0.10999999999999999
[2024-10-13 15:58:57,894][INFO] Step 65: size: 65, coverage: 90.00%, cost: 1558.0, rand. prob: 0.09999999999999998
[2024-10-13 15:58:57,899][INFO] Step 66: size: 66, coverage: 91.00%, cost: 1566.0, rand. prob: 0.08999999999999997
[2024-10-13 15:58:57,905][INFO] Step 67: size: 67, coverage: 92.00%, cost: 1575.0, rand. prob: 0.07999999999999996
[2024-10-13 15:58:57,910][INFO] Step 68: size: 68, coverage: 93.00%, cost: 1584.0, rand. prob: 0.06999999999999995
[2024-10-13 15:58:57,916][INFO] Step 69: size: 69, coverage: 93.50%, cost: 1589.0, rand. prob: 0.06499999999999995
[2024-10-13 15:58:57,921][INFO] Step 70: size: 70, coverage: 94.00%, cost: 1596.0, rand. prob: 0.06000000000000005
[2024-10-13 15:58:57,927][INFO] Step 71: size: 71, coverage: 94.50%, cost: 1603.0, rand. prob: 0.05500000000000005
[2024-10-13 15:58:57,933][INFO] Step 72: size: 72, coverage: 95.00%, cost: 1652.0, rand. prob: 0.050000000000000044
[2024-10-13 15:58:57,938][INFO] Step 73: size: 73, coverage: 95.50%, cost: 1659.0, rand. prob: 0.04500000000000004
[2024-10-13 15:58:57,944][INFO] Step 74: size: 74, coverage: 96.00%, cost: 1666.0, rand. prob: 0.040000000000000036
[2024-10-13 15:58:57,949][INFO] Step 75: size: 75, coverage: 96.50%, cost: 1673.0, rand. prob: 0.03500000000000003
[2024-10-13 15:58:57,955][INFO] Step 76: size: 76, coverage: 97.50%, cost: 1688.0, rand. prob: 0.025000000000000022
[2024-10-13 15:58:57,961][INFO] Step 77: size: 77, coverage: 98.00%, cost: 1697.0, rand. prob: 0.020000000000000018
[2024-10-13 15:58:57,967][INFO] Step 78: size: 78, coverage: 98.50%, cost: 1708.0, rand. prob: 0.015000000000000013
[2024-10-13 15:58:57,972][INFO] Step 79: size: 79, coverage: 99.00%, cost: 1721.0, rand. prob: 0.010000000000000009
[2024-10-13 15:58:57,978][INFO] Step 80: size: 80, coverage: 99.50%, cost: 1735.0, rand. prob: 0.0050000000000000044
[2024-10-13 15:58:57,983][INFO] Step 81: size: 81, coverage: 100.00%, cost: 1752.0, rand. prob: 0.0
[2024-10-13 15:58:57,985][INFO] Size: 81 -> 71
[2024-10-13 15:58:57,985][INFO] Cost: 1752.0 -> 1431.0
[2024-10-13 16:04:55,872][INFO] Step 1: size: 1, coverage: 4.00%, cost: 61.0, rand. prob: 0.96
[2024-10-13 16:04:55,877][INFO] Step 2: size: 2, coverage: 7.00%, cost: 121.0, rand. prob: 0.9299999999999999
[2024-10-13 16:04:55,882][INFO] Step 3: size: 3, coverage: 11.00%, cost: 157.0, rand. prob: 0.89
[2024-10-13 16:04:55,887][INFO] Step 4: size: 4, coverage: 14.50%, cost: 189.0, rand. prob: 0.855
[2024-10-13 16:04:55,892][INFO] Step 5: size: 5, coverage: 17.00%, cost: 190.0, rand. prob: 0.83
[2024-10-13 16:04:55,897][INFO] Step 6: size: 6, coverage: 17.50%, cost: 217.0, rand. prob: 0.825
[2024-10-13 16:04:55,902][INFO] Step 7: size: 7, coverage: 18.00%, cost: 298.0, rand. prob: 0.8200000000000001
[2024-10-13 16:04:55,907][INFO] Step 8: size: 8, coverage: 19.00%, cost: 353.0, rand. prob: 0.81
[2024-10-13 16:04:55,912][INFO] Step 9: size: 9, coverage: 21.00%, cost: 354.0, rand. prob: 0.79
[2024-10-13 16:04:55,917][INFO] Step 10: size: 10, coverage: 22.50%, cost: 417.0, rand. prob: 0.775
[2024-10-13 16:04:55,922][INFO] Step 11: size: 11, coverage: 24.50%, cost: 427.0, rand. prob: 0.755
[2024-10-13 16:04:55,927][INFO] Step 12: size: 12, coverage: 26.50%, cost: 428.0, rand. prob: 0.735
[2024-10-13 16:04:55,933][INFO] Step 13: size: 13, coverage: 28.00%, cost: 469.0, rand. prob: 0.72
[2024-10-13 16:04:55,938][INFO] Step 14: size: 14, coverage: 30.50%, cost: 475.0, rand. prob: 0.6950000000000001
[2024-10-13 16:04:55,943][INFO] Step 15: size: 15, coverage: 32.00%, cost: 476.0, rand. prob: 0.6799999999999999
[2024-10-13 16:04:55,948][INFO] Step 16: size: 16, coverage: 33.00%, cost: 555.0, rand. prob: 0.6699999999999999
[2024-10-13 16:04:55,954][INFO] Step 17: size: 17, coverage: 34.00%, cost: 583.0, rand. prob: 0.6599999999999999
[2024-10-13 16:04:55,959][INFO] Step 18: size: 18, coverage: 35.00%, cost: 663.0, rand. prob: 0.65
[2024-10-13 16:04:55,964][INFO] Step 19: size: 19, coverage: 36.50%, cost: 668.0, rand. prob: 0.635
[2024-10-13 16:04:55,970][INFO] Step 20: size: 20, coverage: 38.00%, cost: 669.0, rand. prob: 0.62
[2024-10-13 16:04:55,975][INFO] Step 21: size: 21, coverage: 38.50%, cost: 707.0, rand. prob: 0.615
[2024-10-13 16:04:55,980][INFO] Step 22: size: 22, coverage: 39.00%, cost: 792.0, rand. prob: 0.61
[2024-10-13 16:04:55,986][INFO] Step 23: size: 23, coverage: 41.50%, cost: 813.0, rand. prob: 0.585
[2024-10-13 16:04:55,991][INFO] Step 24: size: 24, coverage: 42.00%, cost: 833.0, rand. prob: 0.5800000000000001
[2024-10-13 16:04:55,996][INFO] Step 25: size: 25, coverage: 44.00%, cost: 841.0, rand. prob: 0.56
[2024-10-13 16:04:56,002][INFO] Step 26: size: 26, coverage: 45.00%, cost: 882.0, rand. prob: 0.55
[2024-10-13 16:04:56,007][INFO] Step 27: size: 27, coverage: 46.00%, cost: 883.0, rand. prob: 0.54
[2024-10-13 16:04:56,013][INFO] Step 28: size: 28, coverage: 48.00%, cost: 905.0, rand. prob: 0.52
[2024-10-13 16:04:56,018][INFO] Step 29: size: 29, coverage: 49.00%, cost: 906.0, rand. prob: 0.51
[2024-10-13 16:04:56,023][INFO] Step 30: size: 30, coverage: 51.00%, cost: 908.0, rand. prob: 0.49
[2024-10-13 16:04:56,029][INFO] Step 31: size: 31, coverage: 53.50%, cost: 911.0, rand. prob: 0.46499999999999997
[2024-10-13 16:04:56,034][INFO] Step 32: size: 32, coverage: 54.00%, cost: 952.0, rand. prob: 0.45999999999999996
[2024-10-13 16:04:56,040][INFO] Step 33: size: 33, coverage: 55.00%, cost: 965.0, rand. prob: 0.44999999999999996
[2024-10-13 16:04:56,045][INFO] Step 34: size: 34, coverage: 55.50%, cost: 1021.0, rand. prob: 0.44499999999999995
[2024-10-13 16:04:56,051][INFO] Step 35: size: 35, coverage: 56.00%, cost: 1081.0, rand. prob: 0.43999999999999995
[2024-10-13 16:04:56,056][INFO] Step 36: size: 36, coverage: 56.50%, cost: 1116.0, rand. prob: 0.43500000000000005
[2024-10-13 16:04:56,062][INFO] Step 37: size: 37, coverage: 58.00%, cost: 1118.0, rand. prob: 0.42000000000000004
[2024-10-13 16:04:56,067][INFO] Step 38: size: 38, coverage: 60.00%, cost: 1121.0, rand. prob: 0.4
[2024-10-13 16:04:56,073][INFO] Step 39: size: 39, coverage: 61.00%, cost: 1177.0, rand. prob: 0.39
[2024-10-13 16:04:56,078][INFO] Step 40: size: 40, coverage: 62.00%, cost: 1184.0, rand. prob: 0.38
[2024-10-13 16:04:56,084][INFO] Step 41: size: 41, coverage: 64.00%, cost: 1187.0, rand. prob: 0.36
[2024-10-13 16:04:56,089][INFO] Step 42: size: 42, coverage: 65.00%, cost: 1229.0, rand. prob: 0.35
[2024-10-13 16:04:56,095][INFO] Step 43: size: 43, coverage: 68.00%, cost: 1234.0, rand. prob: 0.31999999999999995
[2024-10-13 16:04:56,100][INFO] Step 44: size: 44, coverage: 69.00%, cost: 1245.0, rand. prob: 0.31000000000000005
[2024-10-13 16:04:56,106][INFO] Step 45: size: 45, coverage: 69.50%, cost: 1246.0, rand. prob: 0.30500000000000005
[2024-10-13 16:04:56,112][INFO] Step 46: size: 46, coverage: 70.00%, cost: 1247.0, rand. prob: 0.30000000000000004
[2024-10-13 16:04:56,117][INFO] Step 47: size: 47, coverage: 70.50%, cost: 1248.0, rand. prob: 0.29500000000000004
[2024-10-13 16:04:56,123][INFO] Step 48: size: 48, coverage: 71.50%, cost: 1250.0, rand. prob: 0.28500000000000003
[2024-10-13 16:04:56,128][INFO] Step 49: size: 49, coverage: 72.00%, cost: 1309.0, rand. prob: 0.28
[2024-10-13 16:04:56,134][INFO] Step 50: size: 50, coverage: 72.50%, cost: 1362.0, rand. prob: 0.275
[2024-10-13 16:04:56,140][INFO] Step 51: size: 51, coverage: 73.50%, cost: 1364.0, rand. prob: 0.265
[2024-10-13 16:04:56,145][INFO] Step 52: size: 52, coverage: 74.50%, cost: 1366.0, rand. prob: 0.255
[2024-10-13 16:04:56,151][INFO] Step 53: size: 53, coverage: 75.50%, cost: 1368.0, rand. prob: 0.245
[2024-10-13 16:04:56,157][INFO] Step 54: size: 54, coverage: 76.00%, cost: 1372.0, rand. prob: 0.24
[2024-10-13 16:04:56,162][INFO] Step 55: size: 55, coverage: 77.00%, cost: 1374.0, rand. prob: 0.22999999999999998
[2024-10-13 16:04:56,168][INFO] Step 56: size: 56, coverage: 79.00%, cost: 1379.0, rand. prob: 0.20999999999999996
[2024-10-13 16:04:56,174][INFO] Step 57: size: 57, coverage: 80.00%, cost: 1382.0, rand. prob: 0.19999999999999996
[2024-10-13 16:04:56,179][INFO] Step 58: size: 58, coverage: 80.50%, cost: 1384.0, rand. prob: 0.19499999999999995
[2024-10-13 16:04:56,185][INFO] Step 59: size: 59, coverage: 81.50%, cost: 1388.0, rand. prob: 0.18500000000000005
[2024-10-13 16:04:56,191][INFO] Step 60: size: 60, coverage: 82.00%, cost: 1406.0, rand. prob: 0.18000000000000005
[2024-10-13 16:04:56,197][INFO] Step 61: size: 61, coverage: 83.00%, cost: 1410.0, rand. prob: 0.17000000000000004
[2024-10-13 16:04:56,202][INFO] Step 62: size: 62, coverage: 84.00%, cost: 1415.0, rand. prob: 0.16000000000000003
[2024-10-13 16:04:56,208][INFO] Step 63: size: 63, coverage: 85.50%, cost: 1423.0, rand. prob: 0.14500000000000002
[2024-10-13 16:04:56,214][INFO] Step 64: size: 64, coverage: 86.00%, cost: 1426.0, rand. prob: 0.14
[2024-10-13 16:04:56,220][INFO] Step 65: size: 65, coverage: 86.50%, cost: 1429.0, rand. prob: 0.135
[2024-10-13 16:04:56,225][INFO] Step 66: size: 66, coverage: 87.50%, cost: 1435.0, rand. prob: 0.125
[2024-10-13 16:04:56,231][INFO] Step 67: size: 67, coverage: 89.00%, cost: 1445.0, rand. prob: 0.10999999999999999
[2024-10-13 16:04:56,237][INFO] Step 68: size: 68, coverage: 90.00%, cost: 1452.0, rand. prob: 0.09999999999999998
[2024-10-13 16:04:56,243][INFO] Step 69: size: 69, coverage: 91.00%, cost: 1460.0, rand. prob: 0.08999999999999997
[2024-10-13 16:04:56,249][INFO] Step 70: size: 70, coverage: 92.50%, cost: 1477.0, rand. prob: 0.07499999999999996
[2024-10-13 16:04:56,254][INFO] Step 71: size: 71, coverage: 93.00%, cost: 1483.0, rand. prob: 0.06999999999999995
[2024-10-13 16:04:56,260][INFO] Step 72: size: 72, coverage: 93.50%, cost: 1489.0, rand. prob: 0.06499999999999995
[2024-10-13 16:04:56,266][INFO] Step 73: size: 73, coverage: 94.00%, cost: 1496.0, rand. prob: 0.06000000000000005
[2024-10-13 16:04:56,272][INFO] Step 74: size: 74, coverage: 94.50%, cost: 1503.0, rand. prob: 0.05500000000000005
[2024-10-13 16:04:56,277][INFO] Step 75: size: 75, coverage: 95.00%, cost: 1510.0, rand. prob: 0.050000000000000044
[2024-10-13 16:04:56,283][INFO] Step 76: size: 76, coverage: 95.50%, cost: 1518.0, rand. prob: 0.04500000000000004
[2024-10-13 16:04:56,289][INFO] Step 77: size: 77, coverage: 96.00%, cost: 1526.0, rand. prob: 0.040000000000000036
[2024-10-13 16:04:56,295][INFO] Step 78: size: 78, coverage: 96.50%, cost: 1535.0, rand. prob: 0.03500000000000003
[2024-10-13 16:04:56,300][INFO] Step 79: size: 79, coverage: 97.00%, cost: 1544.0, rand. prob: 0.030000000000000027
[2024-10-13 16:04:56,306][INFO] Step 80: size: 80, coverage: 97.50%, cost: 1557.0, rand. prob: 0.025000000000000022
[2024-10-13 16:04:56,312][INFO] Step 81: size: 81, coverage: 98.00%, cost: 1571.0, rand. prob: 0.020000000000000018
[2024-10-13 16:04:56,318][INFO] Step 82: size: 82, coverage: 98.50%, cost: 1586.0, rand. prob: 0.015000000000000013
[2024-10-13 16:04:56,323][INFO] Step 83: size: 83, coverage: 99.00%, cost: 1601.0, rand. prob: 0.010000000000000009
[2024-10-13 16:04:56,329][INFO] Step 84: size: 84, coverage: 99.50%, cost: 1617.0, rand. prob: 0.0050000000000000044
[2024-10-13 16:04:56,335][INFO] Step 85: size: 85, coverage: 100.00%, cost: 1634.0, rand. prob: 0.0
[2024-10-13 16:04:56,337][INFO] Size: 85 -> 76
[2024-10-13 16:04:56,337][INFO] Cost: 1634.0 -> 1393.0
[2024-10-13 16:10:27,606][INFO] Step 1: size: 1, coverage: 4.00%, cost: 61.0, rand. prob: 0.96
[2024-10-13 16:10:27,610][INFO] Step 2: size: 2, coverage: 7.00%, cost: 121.0, rand. prob: 0.9299999999999999
[2024-10-13 16:10:27,615][INFO] Step 3: size: 3, coverage: 11.00%, cost: 157.0, rand. prob: 0.89
[2024-10-13 16:10:27,620][INFO] Step 4: size: 4, coverage: 14.50%, cost: 189.0, rand. prob: 0.855
[2024-10-13 16:10:27,625][INFO] Step 5: size: 5, coverage: 17.00%, cost: 190.0, rand. prob: 0.83
[2024-10-13 16:10:27,630][INFO] Step 6: size: 6, coverage: 17.50%, cost: 217.0, rand. prob: 0.825
[2024-10-13 16:10:27,634][INFO] Step 7: size: 7, coverage: 18.00%, cost: 298.0, rand. prob: 0.8200000000000001
[2024-10-13 16:10:27,639][INFO] Step 8: size: 8, coverage: 19.00%, cost: 353.0, rand. prob: 0.81
[2024-10-13 16:10:27,644][INFO] Step 9: size: 9, coverage: 21.00%, cost: 354.0, rand. prob: 0.79
[2024-10-13 16:10:27,649][INFO] Step 10: size: 10, coverage: 22.50%, cost: 417.0, rand. prob: 0.775
[2024-10-13 16:10:27,654][INFO] Step 11: size: 11, coverage: 24.50%, cost: 427.0, rand. prob: 0.755
[2024-10-13 16:10:27,659][INFO] Step 12: size: 12, coverage: 26.50%, cost: 428.0, rand. prob: 0.735
[2024-10-13 16:10:27,665][INFO] Step 13: size: 13, coverage: 28.00%, cost: 469.0, rand. prob: 0.72
[2024-10-13 16:10:27,670][INFO] Step 14: size: 14, coverage: 30.50%, cost: 475.0, rand. prob: 0.6950000000000001
[2024-10-13 16:10:27,675][INFO] Step 15: size: 15, coverage: 32.00%, cost: 476.0, rand. prob: 0.6799999999999999
[2024-10-13 16:10:27,680][INFO] Step 16: size: 16, coverage: 33.00%, cost: 555.0, rand. prob: 0.6699999999999999
[2024-10-13 16:10:27,685][INFO] Step 17: size: 17, coverage: 34.00%, cost: 583.0, rand. prob: 0.6599999999999999
[2024-10-13 16:10:27,690][INFO] Step 18: size: 18, coverage: 35.00%, cost: 663.0, rand. prob: 0.65
[2024-10-13 16:10:27,696][INFO] Step 19: size: 19, coverage: 36.50%, cost: 668.0, rand. prob: 0.635
[2024-10-13 16:10:27,701][INFO] Step 20: size: 20, coverage: 38.00%, cost: 669.0, rand. prob: 0.62
[2024-10-13 16:10:27,706][INFO] Step 21: size: 21, coverage: 38.50%, cost: 707.0, rand. prob: 0.615
[2024-10-13 16:10:27,711][INFO] Step 22: size: 22, coverage: 39.00%, cost: 792.0, rand. prob: 0.61
[2024-10-13 16:10:27,716][INFO] Step 23: size: 23, coverage: 41.50%, cost: 813.0, rand. prob: 0.585
[2024-10-13 16:10:27,721][INFO] Step 24: size: 24, coverage: 42.00%, cost: 833.0, rand. prob: 0.5800000000000001
[2024-10-13 16:10:27,727][INFO] Step 25: size: 25, coverage: 44.00%, cost: 841.0, rand. prob: 0.56
[2024-10-13 16:10:27,732][INFO] Step 26: size: 26, coverage: 45.00%, cost: 882.0, rand. prob: 0.55
[2024-10-13 16:10:27,737][INFO] Step 27: size: 27, coverage: 46.00%, cost: 883.0, rand. prob: 0.54
[2024-10-13 16:10:27,743][INFO] Step 28: size: 28, coverage: 48.00%, cost: 905.0, rand. prob: 0.52
[2024-10-13 16:10:27,748][INFO] Step 29: size: 29, coverage: 49.00%, cost: 906.0, rand. prob: 0.51
[2024-10-13 16:10:27,753][INFO] Step 30: size: 30, coverage: 51.00%, cost: 908.0, rand. prob: 0.49
[2024-10-13 16:10:27,758][INFO] Step 31: size: 31, coverage: 53.50%, cost: 911.0, rand. prob: 0.46499999999999997
[2024-10-13 16:10:27,765][INFO] Step 32: size: 32, coverage: 54.00%, cost: 952.0, rand. prob: 0.45999999999999996
[2024-10-13 16:10:27,770][INFO] Step 33: size: 33, coverage: 55.00%, cost: 965.0, rand. prob: 0.44999999999999996
[2024-10-13 16:10:27,775][INFO] Step 34: size: 34, coverage: 55.50%, cost: 1021.0, rand. prob: 0.44499999999999995
[2024-10-13 16:10:27,781][INFO] Step 35: size: 35, coverage: 56.00%, cost: 1081.0, rand. prob: 0.43999999999999995
[2024-10-13 16:10:27,786][INFO] Step 36: size: 36, coverage: 56.50%, cost: 1116.0, rand. prob: 0.43500000000000005
[2024-10-13 16:10:27,791][INFO] Step 37: size: 37, coverage: 58.00%, cost: 1118.0, rand. prob: 0.42000000000000004
[2024-10-13 16:10:27,797][INFO] Step 38: size: 38, coverage: 60.00%, cost: 1121.0, rand. prob: 0.4
[2024-10-13 16:10:27,802][INFO] Step 39: size: 39, coverage: 61.00%, cost: 1177.0, rand. prob: 0.39
[2024-10-13 16:10:27,808][INFO] Step 40: size: 40, coverage: 62.00%, cost: 1184.0, rand. prob: 0.38
[2024-10-13 16:10:27,813][INFO] Step 41: size: 41, coverage: 64.00%, cost: 1187.0, rand. prob: 0.36
[2024-10-13 16:10:27,819][INFO] Step 42: size: 42, coverage: 65.00%, cost: 1229.0, rand. prob: 0.35
[2024-10-13 16:10:27,824][INFO] Step 43: size: 43, coverage: 68.00%, cost: 1234.0, rand. prob: 0.31999999999999995
[2024-10-13 16:10:27,830][INFO] Step 44: size: 44, coverage: 69.00%, cost: 1245.0, rand. prob: 0.31000000000000005
[2024-10-13 16:10:27,835][INFO] Step 45: size: 45, coverage: 69.50%, cost: 1246.0, rand. prob: 0.30500000000000005
[2024-10-13 16:10:27,840][INFO] Step 46: size: 46, coverage: 70.00%, cost: 1247.0, rand. prob: 0.30000000000000004
[2024-10-13 16:10:27,846][INFO] Step 47: size: 47, coverage: 70.50%, cost: 1248.0, rand. prob: 0.29500000000000004
[2024-10-13 16:10:27,851][INFO] Step 48: size: 48, coverage: 71.50%, cost: 1250.0, rand. prob: 0.28500000000000003
[2024-10-13 16:10:27,857][INFO] Step 49: size: 49, coverage: 72.00%, cost: 1309.0, rand. prob: 0.28
[2024-10-13 16:10:27,863][INFO] Step 50: size: 50, coverage: 72.50%, cost: 1362.0, rand. prob: 0.275
[2024-10-13 16:10:27,868][INFO] Step 51: size: 51, coverage: 73.50%, cost: 1364.0, rand. prob: 0.265
[2024-10-13 16:10:27,874][INFO] Step 52: size: 52, coverage: 74.50%, cost: 1366.0, rand. prob: 0.255
[2024-10-13 16:10:27,879][INFO] Step 53: size: 53, coverage: 75.50%, cost: 1368.0, rand. prob: 0.245
[2024-10-13 16:10:27,885][INFO] Step 54: size: 54, coverage: 76.00%, cost: 1372.0, rand. prob: 0.24
[2024-10-13 16:10:27,890][INFO] Step 55: size: 55, coverage: 77.00%, cost: 1374.0, rand. prob: 0.22999999999999998
[2024-10-13 16:10:27,896][INFO] Step 56: size: 56, coverage: 79.00%, cost: 1379.0, rand. prob: 0.20999999999999996
[2024-10-13 16:10:27,902][INFO] Step 57: size: 57, coverage: 80.00%, cost: 1382.0, rand. prob: 0.19999999999999996
[2024-10-13 16:10:27,907][INFO] Step 58: size: 58, coverage: 80.50%, cost: 1384.0, rand. prob: 0.19499999999999995
[2024-10-13 16:10:27,913][INFO] Step 59: size: 59, coverage: 81.50%, cost: 1388.0, rand. prob: 0.18500000000000005
[2024-10-13 16:10:27,918][INFO] Step 60: size: 60, coverage: 82.00%, cost: 1406.0, rand. prob: 0.18000000000000005
[2024-10-13 16:10:27,924][INFO] Step 61: size: 61, coverage: 83.00%, cost: 1410.0, rand. prob: 0.17000000000000004
[2024-10-13 16:10:27,929][INFO] Step 62: size: 62, coverage: 84.00%, cost: 1415.0, rand. prob: 0.16000000000000003
[2024-10-13 16:10:27,935][INFO] Step 63: size: 63, coverage: 85.50%, cost: 1423.0, rand. prob: 0.14500000000000002
[2024-10-13 16:10:27,941][INFO] Step 64: size: 64, coverage: 86.00%, cost: 1426.0, rand. prob: 0.14
[2024-10-13 16:10:27,946][INFO] Step 65: size: 65, coverage: 86.50%, cost: 1429.0, rand. prob: 0.135
[2024-10-13 16:10:27,952][INFO] Step 66: size: 66, coverage: 87.50%, cost: 1435.0, rand. prob: 0.125
[2024-10-13 16:10:27,958][INFO] Step 67: size: 67, coverage: 89.00%, cost: 1445.0, rand. prob: 0.10999999999999999
[2024-10-13 16:10:27,963][INFO] Step 68: size: 68, coverage: 90.00%, cost: 1452.0, rand. prob: 0.09999999999999998
[2024-10-13 16:10:27,969][INFO] Step 69: size: 69, coverage: 91.00%, cost: 1460.0, rand. prob: 0.08999999999999997
[2024-10-13 16:10:27,975][INFO] Step 70: size: 70, coverage: 92.50%, cost: 1477.0, rand. prob: 0.07499999999999996
[2024-10-13 16:10:27,980][INFO] Step 71: size: 71, coverage: 93.00%, cost: 1483.0, rand. prob: 0.06999999999999995
[2024-10-13 16:10:27,986][INFO] Step 72: size: 72, coverage: 93.50%, cost: 1489.0, rand. prob: 0.06499999999999995
[2024-10-13 16:10:27,991][INFO] Step 73: size: 73, coverage: 94.00%, cost: 1496.0, rand. prob: 0.06000000000000005
[2024-10-13 16:10:27,997][INFO] Step 74: size: 74, coverage: 94.50%, cost: 1503.0, rand. prob: 0.05500000000000005
[2024-10-13 16:10:28,002][INFO] Step 75: size: 75, coverage: 95.00%, cost: 1510.0, rand. prob: 0.050000000000000044
[2024-10-13 16:10:28,008][INFO] Step 76: size: 76, coverage: 95.50%, cost: 1518.0, rand. prob: 0.04500000000000004
[2024-10-13 16:10:28,014][INFO] Step 77: size: 77, coverage: 96.00%, cost: 1526.0, rand. prob: 0.040000000000000036
[2024-10-13 16:10:28,019][INFO] Step 78: size: 78, coverage: 96.50%, cost: 1535.0, rand. prob: 0.03500000000000003
[2024-10-13 16:10:28,025][INFO] Step 79: size: 79, coverage: 97.00%, cost: 1544.0, rand. prob: 0.030000000000000027
[2024-10-13 16:10:28,031][INFO] Step 80: size: 80, coverage: 97.50%, cost: 1557.0, rand. prob: 0.025000000000000022
[2024-10-13 16:10:28,036][INFO] Step 81: size: 81, coverage: 98.00%, cost: 1571.0, rand. prob: 0.020000000000000018
[2024-10-13 16:10:28,042][INFO] Step 82: size: 82, coverage: 98.50%, cost: 1586.0, rand. prob: 0.015000000000000013
[2024-10-13 16:10:28,048][INFO] Step 83: size: 83, coverage: 99.00%, cost: 1601.0, rand. prob: 0.010000000000000009
[2024-10-13 16:10:28,053][INFO] Step 84: size: 84, coverage: 99.50%, cost: 1617.0, rand. prob: 0.0050000000000000044
[2024-10-13 16:10:28,059][INFO] Step 85: size: 85, coverage: 100.00%, cost: 1634.0, rand. prob: 0.0
[2024-10-13 16:10:28,062][INFO] Size: 85 -> 76
[2024-10-13 16:10:28,062][INFO] Cost: 1634.0 -> 1393.0
