[2024-10-13 15:18:40,023][INFO] Step 1: size: 1, coverage: 5.00%, cost: 26.0
[2024-10-13 15:18:40,026][INFO] Step 2: size: 2, coverage: 10.00%, cost: 117.0
[2024-10-13 15:18:40,030][INFO] Step 3: size: 3, coverage: 14.50%, cost: 121.0
[2024-10-13 15:18:40,033][INFO] Step 4: size: 4, coverage: 19.00%, cost: 216.0
[2024-10-13 15:18:40,036][INFO] Step 5: size: 5, coverage: 23.00%, cost: 227.0
[2024-10-13 15:18:40,039][INFO] Step 6: size: 6, coverage: 27.00%, cost: 256.0
[2024-10-13 15:18:40,043][INFO] Step 7: size: 7, coverage: 31.00%, cost: 321.0
[2024-10-13 15:18:40,046][INFO] Step 8: size: 8, coverage: 34.50%, cost: 323.0
[2024-10-13 15:18:40,049][INFO] Step 9: size: 9, coverage: 38.00%, cost: 327.0
[2024-10-13 15:18:40,052][INFO] Step 10: size: 10, coverage: 41.50%, cost: 350.0
[2024-10-13 15:18:40,056][INFO] Step 11: size: 11, coverage: 45.00%, cost: 409.0
[2024-10-13 15:18:40,059][INFO] Step 12: size: 12, coverage: 48.00%, cost: 410.0
[2024-10-13 15:18:40,062][INFO] Step 13: size: 13, coverage: 51.00%, cost: 420.0
[2024-10-13 15:18:40,065][INFO] Step 14: size: 14, coverage: 54.00%, cost: 450.0
[2024-10-13 15:18:40,068][INFO] Step 15: size: 15, coverage: 57.00%, cost: 510.0
[2024-10-13 15:18:40,072][INFO] Step 16: size: 16, coverage: 60.00%, cost: 595.0
[2024-10-13 15:18:40,075][INFO] Step 17: size: 17, coverage: 62.50%, cost: 599.0
[2024-10-13 15:18:40,078][INFO] Step 18: size: 18, coverage: 65.00%, cost: 655.0
[2024-10-13 15:18:40,081][INFO] Step 19: size: 19, coverage: 67.50%, cost: 725.0
[2024-10-13 15:18:40,085][INFO] Step 20: size: 20, coverage: 70.00%, cost: 814.0
[2024-10-13 15:18:40,088][INFO] Step 21: size: 21, coverage: 72.00%, cost: 822.0
[2024-10-13 15:18:40,091][INFO] Step 22: size: 22, coverage: 74.00%, cost: 831.0
[2024-10-13 15:18:40,095][INFO] Step 23: size: 23, coverage: 76.00%, cost: 857.0
[2024-10-13 15:18:40,098][INFO] Step 24: size: 24, coverage: 78.00%, cost: 914.0
[2024-10-13 15:18:40,101][INFO] Step 25: size: 25, coverage: 80.00%, cost: 981.0
[2024-10-13 15:18:40,105][INFO] Step 26: size: 26, coverage: 82.00%, cost: 1058.0
[2024-10-13 15:18:40,108][INFO] Step 27: size: 27, coverage: 84.00%, cost: 1135.0
[2024-10-13 15:18:40,112][INFO] Step 28: size: 28, coverage: 86.00%, cost: 1233.0
[2024-10-13 15:18:40,115][INFO] Step 29: size: 29, coverage: 87.50%, cost: 1248.0
[2024-10-13 15:18:40,119][INFO] Step 30: size: 30, coverage: 89.00%, cost: 1276.0
[2024-10-13 15:18:40,122][INFO] Step 31: size: 31, coverage: 90.50%, cost: 1310.0
[2024-10-13 15:18:40,126][INFO] Step 32: size: 32, coverage: 92.00%, cost: 1409.0
[2024-10-13 15:18:40,129][INFO] Step 33: size: 33, coverage: 93.00%, cost: 1410.0
[2024-10-13 15:18:40,133][INFO] Step 34: size: 34, coverage: 94.00%, cost: 1415.0
[2024-10-13 15:18:40,136][INFO] Step 35: size: 35, coverage: 95.00%, cost: 1426.0
[2024-10-13 15:18:40,140][INFO] Step 36: size: 36, coverage: 96.00%, cost: 1484.0
[2024-10-13 15:18:40,143][INFO] Step 37: size: 37, coverage: 97.00%, cost: 1543.0
[2024-10-13 15:18:40,147][INFO] Step 38: size: 38, coverage: 98.00%, cost: 1611.0
[2024-10-13 15:18:40,151][INFO] Step 39: size: 39, coverage: 98.50%, cost: 1612.0
[2024-10-13 15:18:40,154][INFO] Step 40: size: 40, coverage: 99.00%, cost: 1618.0
[2024-10-13 15:18:40,158][INFO] Step 41: size: 41, coverage: 99.50%, cost: 1624.0
[2024-10-13 15:18:40,162][INFO] Step 42: size: 42, coverage: 100.00%, cost: 1643.0
[2024-10-13 15:18:40,163][INFO] Size: 42 -> 42
[2024-10-13 15:18:40,163][INFO] Cost: 1643.0 -> 1643.0
[2024-10-13 15:40:14,398][INFO] Step 1: size: 1, coverage: 1.00%, cost: 22.0
[2024-10-13 15:40:14,403][INFO] Step 2: size: 2, coverage: 2.50%, cost: 104.0
[2024-10-13 15:40:14,407][INFO] Step 3: size: 3, coverage: 4.50%, cost: 114.0
[2024-10-13 15:40:14,412][INFO] Step 4: size: 4, coverage: 7.50%, cost: 165.0
[2024-10-13 15:40:14,417][INFO] Step 5: size: 5, coverage: 10.00%, cost: 169.0
[2024-10-13 15:40:14,422][INFO] Step 6: size: 6, coverage: 11.50%, cost: 224.0
[2024-10-13 15:40:14,427][INFO] Step 7: size: 7, coverage: 13.50%, cost: 253.0
[2024-10-13 15:40:14,432][INFO] Step 8: size: 8, coverage: 15.00%, cost: 322.0
[2024-10-13 15:40:14,437][INFO] Step 9: size: 9, coverage: 16.50%, cost: 353.0
[2024-10-13 15:40:14,442][INFO] Step 10: size: 10, coverage: 17.50%, cost: 401.0
[2024-10-13 15:40:14,447][INFO] Step 11: size: 11, coverage: 18.50%, cost: 448.0
[2024-10-13 15:40:14,452][INFO] Step 12: size: 12, coverage: 19.50%, cost: 520.0
[2024-10-13 15:40:14,457][INFO] Step 13: size: 13, coverage: 20.50%, cost: 577.0
[2024-10-13 15:40:14,462][INFO] Step 14: size: 14, coverage: 21.50%, cost: 601.0
[2024-10-13 15:40:14,468][INFO] Step 15: size: 15, coverage: 25.00%, cost: 643.0
[2024-10-13 15:40:14,473][INFO] Step 16: size: 16, coverage: 26.00%, cost: 659.0
[2024-10-13 15:40:14,478][INFO] Step 17: size: 17, coverage: 27.50%, cost: 724.0
[2024-10-13 15:40:14,483][INFO] Step 18: size: 18, coverage: 30.00%, cost: 812.0
[2024-10-13 15:40:14,488][INFO] Step 19: size: 19, coverage: 31.00%, cost: 824.0
[2024-10-13 15:40:14,494][INFO] Step 20: size: 20, coverage: 33.00%, cost: 867.0
[2024-10-13 15:40:14,499][INFO] Step 21: size: 21, coverage: 34.00%, cost: 892.0
[2024-10-13 15:40:14,504][INFO] Step 22: size: 22, coverage: 35.00%, cost: 940.0
[2024-10-13 15:40:14,510][INFO] Step 23: size: 23, coverage: 37.00%, cost: 1012.0
[2024-10-13 15:40:14,515][INFO] Step 24: size: 24, coverage: 37.50%, cost: 1036.0
[2024-10-13 15:40:14,520][INFO] Step 25: size: 25, coverage: 38.50%, cost: 1126.0
[2024-10-13 15:40:14,526][INFO] Step 26: size: 26, coverage: 40.00%, cost: 1181.0
[2024-10-13 15:40:14,531][INFO] Step 27: size: 27, coverage: 41.00%, cost: 1200.0
[2024-10-13 15:40:14,536][INFO] Step 28: size: 28, coverage: 42.00%, cost: 1273.0
[2024-10-13 15:40:14,542][INFO] Step 29: size: 29, coverage: 42.50%, cost: 1362.0
[2024-10-13 15:40:14,547][INFO] Step 30: size: 30, coverage: 44.00%, cost: 1433.0
[2024-10-13 15:40:14,553][INFO] Step 31: size: 31, coverage: 45.00%, cost: 1447.0
[2024-10-13 15:40:14,558][INFO] Step 32: size: 32, coverage: 48.00%, cost: 1490.0
[2024-10-13 15:40:14,563][INFO] Step 33: size: 33, coverage: 48.50%, cost: 1525.0
[2024-10-13 15:40:14,569][INFO] Step 34: size: 34, coverage: 49.50%, cost: 1602.0
[2024-10-13 15:40:14,575][INFO] Step 35: size: 35, coverage: 50.00%, cost: 1695.0
[2024-10-13 15:40:14,580][INFO] Step 36: size: 36, coverage: 51.00%, cost: 1738.0
[2024-10-13 15:40:14,586][INFO] Step 37: size: 37, coverage: 52.50%, cost: 1768.0
[2024-10-13 15:40:14,591][INFO] Step 38: size: 38, coverage: 54.50%, cost: 1821.0
[2024-10-13 15:40:14,597][INFO] Step 39: size: 39, coverage: 56.50%, cost: 1845.0
[2024-10-13 15:40:14,602][INFO] Step 40: size: 40, coverage: 58.00%, cost: 1920.0
[2024-10-13 15:40:14,608][INFO] Step 41: size: 41, coverage: 59.00%, cost: 1998.0
[2024-10-13 15:40:14,613][INFO] Step 42: size: 42, coverage: 59.50%, cost: 2078.0
[2024-10-13 15:40:14,619][INFO] Step 43: size: 43, coverage: 60.00%, cost: 2145.0
[2024-10-13 15:40:14,625][INFO] Step 44: size: 44, coverage: 60.50%, cost: 2184.0
[2024-10-13 15:40:14,630][INFO] Step 45: size: 45, coverage: 61.00%, cost: 2252.0
[2024-10-13 15:40:14,636][INFO] Step 46: size: 46, coverage: 62.00%, cost: 2339.0
[2024-10-13 15:40:14,642][INFO] Step 47: size: 47, coverage: 63.50%, cost: 2404.0
[2024-10-13 15:40:14,647][INFO] Step 48: size: 48, coverage: 65.00%, cost: 2463.0
[2024-10-13 15:40:14,653][INFO] Step 49: size: 49, coverage: 66.50%, cost: 2528.0
[2024-10-13 15:40:14,659][INFO] Step 50: size: 50, coverage: 67.00%, cost: 2597.0
[2024-10-13 15:40:14,665][INFO] Step 51: size: 51, coverage: 68.50%, cost: 2622.0
[2024-10-13 15:40:14,670][INFO] Step 52: size: 52, coverage: 69.50%, cost: 2648.0
[2024-10-13 15:40:14,676][INFO] Step 53: size: 53, coverage: 70.50%, cost: 2673.0
[2024-10-13 15:40:14,682][INFO] Step 54: size: 54, coverage: 71.00%, cost: 2760.0
[2024-10-13 15:40:14,688][INFO] Step 55: size: 55, coverage: 72.00%, cost: 2797.0
[2024-10-13 15:40:14,694][INFO] Step 56: size: 56, coverage: 72.50%, cost: 2813.0
[2024-10-13 15:40:14,699][INFO] Step 57: size: 57, coverage: 73.00%, cost: 2866.0
[2024-10-13 15:40:14,705][INFO] Step 58: size: 58, coverage: 74.00%, cost: 2891.0
[2024-10-13 15:40:14,711][INFO] Step 59: size: 59, coverage: 74.50%, cost: 2930.0
[2024-10-13 15:40:14,717][INFO] Step 60: size: 60, coverage: 75.00%, cost: 2934.0
[2024-10-13 15:40:14,723][INFO] Step 61: size: 61, coverage: 75.50%, cost: 3001.0
[2024-10-13 15:40:14,728][INFO] Step 62: size: 62, coverage: 76.00%, cost: 3034.0
[2024-10-13 15:40:14,734][INFO] Step 63: size: 63, coverage: 77.00%, cost: 3098.0
[2024-10-13 15:40:14,740][INFO] Step 64: size: 64, coverage: 77.50%, cost: 3149.0
[2024-10-13 15:40:14,746][INFO] Step 65: size: 65, coverage: 78.50%, cost: 3232.0
[2024-10-13 15:40:14,752][INFO] Step 66: size: 66, coverage: 79.00%, cost: 3322.0
[2024-10-13 15:40:14,758][INFO] Step 67: size: 67, coverage: 79.50%, cost: 3354.0
[2024-10-13 15:40:14,764][INFO] Step 68: size: 68, coverage: 80.00%, cost: 3386.0
[2024-10-13 15:40:14,770][INFO] Step 69: size: 69, coverage: 80.50%, cost: 3454.0
[2024-10-13 15:40:14,776][INFO] Step 70: size: 70, coverage: 81.50%, cost: 3546.0
[2024-10-13 15:40:14,782][INFO] Step 71: size: 71, coverage: 82.00%, cost: 3547.0
[2024-10-13 15:40:14,788][INFO] Step 72: size: 72, coverage: 82.50%, cost: 3620.0
[2024-10-13 15:40:14,794][INFO] Step 73: size: 73, coverage: 83.50%, cost: 3684.0
[2024-10-13 15:40:14,800][INFO] Step 74: size: 74, coverage: 84.50%, cost: 3701.0
[2024-10-13 15:40:14,806][INFO] Step 75: size: 75, coverage: 85.50%, cost: 3738.0
[2024-10-13 15:40:14,812][INFO] Step 76: size: 76, coverage: 86.00%, cost: 3760.0
[2024-10-13 15:40:14,818][INFO] Step 77: size: 77, coverage: 86.50%, cost: 3838.0
[2024-10-13 15:40:14,824][INFO] Step 78: size: 78, coverage: 87.00%, cost: 3842.0
[2024-10-13 15:40:14,830][INFO] Step 79: size: 79, coverage: 87.50%, cost: 3920.0
[2024-10-13 15:40:14,836][INFO] Step 80: size: 80, coverage: 88.00%, cost: 3993.0
[2024-10-13 15:40:14,843][INFO] Step 81: size: 81, coverage: 88.50%, cost: 4018.0
[2024-10-13 15:40:14,849][INFO] Step 82: size: 82, coverage: 89.00%, cost: 4040.0
[2024-10-13 15:40:14,855][INFO] Step 83: size: 83, coverage: 89.50%, cost: 4062.0
[2024-10-13 15:40:14,861][INFO] Step 84: size: 84, coverage: 90.00%, cost: 4118.0
[2024-10-13 15:40:14,867][INFO] Step 85: size: 85, coverage: 90.50%, cost: 4182.0
[2024-10-13 15:40:14,873][INFO] Step 86: size: 86, coverage: 91.00%, cost: 4274.0
[2024-10-13 15:40:14,880][INFO] Step 87: size: 87, coverage: 92.00%, cost: 4362.0
[2024-10-13 15:40:14,886][INFO] Step 88: size: 88, coverage: 92.50%, cost: 4430.0
[2024-10-13 15:40:14,892][INFO] Step 89: size: 89, coverage: 93.00%, cost: 4477.0
[2024-10-13 15:40:14,898][INFO] Step 90: size: 90, coverage: 93.50%, cost: 4541.0
[2024-10-13 15:40:14,905][INFO] Step 91: size: 91, coverage: 94.00%, cost: 4542.0
[2024-10-13 15:40:14,911][INFO] Step 92: size: 92, coverage: 94.50%, cost: 4546.0
[2024-10-13 15:40:14,917][INFO] Step 93: size: 93, coverage: 95.00%, cost: 4616.0
[2024-10-13 15:40:14,923][INFO] Step 94: size: 94, coverage: 95.50%, cost: 4705.0
[2024-10-13 15:40:14,930][INFO] Step 95: size: 95, coverage: 96.00%, cost: 4793.0
[2024-10-13 15:40:14,936][INFO] Step 96: size: 96, coverage: 96.50%, cost: 4823.0
[2024-10-13 15:40:14,942][INFO] Step 97: size: 97, coverage: 97.00%, cost: 4863.0
[2024-10-13 15:40:14,949][INFO] Step 98: size: 98, coverage: 97.50%, cost: 4898.0
[2024-10-13 15:40:14,955][INFO] Step 99: size: 99, coverage: 98.00%, cost: 4931.0
[2024-10-13 15:40:14,962][INFO] Step 100: size: 100, coverage: 98.50%, cost: 4958.0
[2024-10-13 15:40:14,968][INFO] Step 101: size: 101, coverage: 99.00%, cost: 4994.0
[2024-10-13 15:40:14,974][INFO] Step 102: size: 102, coverage: 99.50%, cost: 5052.0
[2024-10-13 15:40:14,981][INFO] Step 103: size: 103, coverage: 100.00%, cost: 5139.0
[2024-10-13 15:40:14,981][INFO] Solved solution used 103 random steps
[2024-10-13 15:40:14,981][INFO] Current randomization probability: 0.0
[2024-10-13 15:40:14,981][INFO] Solved solution used 103 random steps
[2024-10-13 15:40:14,983][INFO] Size: 103 -> 84
[2024-10-13 15:40:14,983][INFO] Cost: 5139.0 -> 4402.0
[2024-10-13 15:58:57,991][INFO] Step 1: size: 1, coverage: 1.50%, cost: 89.0, rand. prob: 0.985
[2024-10-13 15:58:57,996][INFO] Step 2: size: 2, coverage: 3.00%, cost: 99.0, rand. prob: 0.97
[2024-10-13 15:58:58,001][INFO] Step 3: size: 3, coverage: 4.50%, cost: 130.0, rand. prob: 0.955
[2024-10-13 15:58:58,006][INFO] Step 4: size: 4, coverage: 7.00%, cost: 227.0, rand. prob: 0.9299999999999999
[2024-10-13 15:58:58,010][INFO] Step 5: size: 5, coverage: 10.00%, cost: 228.0, rand. prob: 0.9
[2024-10-13 15:58:58,015][INFO] Step 6: size: 6, coverage: 12.00%, cost: 236.0, rand. prob: 0.88
[2024-10-13 15:58:58,020][INFO] Step 7: size: 7, coverage: 14.00%, cost: 336.0, rand. prob: 0.86
[2024-10-13 15:58:58,025][INFO] Step 8: size: 8, coverage: 17.00%, cost: 337.0, rand. prob: 0.83
[2024-10-13 15:58:58,030][INFO] Step 9: size: 9, coverage: 19.00%, cost: 380.0, rand. prob: 0.81
[2024-10-13 15:58:58,035][INFO] Step 10: size: 10, coverage: 20.50%, cost: 395.0, rand. prob: 0.795
[2024-10-13 15:58:58,040][INFO] Step 11: size: 11, coverage: 21.50%, cost: 424.0, rand. prob: 0.785
[2024-10-13 15:58:58,045][INFO] Step 12: size: 12, coverage: 22.00%, cost: 434.0, rand. prob: 0.78
[2024-10-13 15:58:58,051][INFO] Step 13: size: 13, coverage: 23.00%, cost: 451.0, rand. prob: 0.77
[2024-10-13 15:58:58,056][INFO] Step 14: size: 14, coverage: 24.50%, cost: 467.0, rand. prob: 0.755
[2024-10-13 15:58:58,061][INFO] Step 15: size: 15, coverage: 27.00%, cost: 468.0, rand. prob: 0.73
[2024-10-13 15:58:58,066][INFO] Step 16: size: 16, coverage: 29.50%, cost: 526.0, rand. prob: 0.7050000000000001
[2024-10-13 15:58:58,071][INFO] Step 17: size: 17, coverage: 31.50%, cost: 535.0, rand. prob: 0.685
[2024-10-13 15:58:58,076][INFO] Step 18: size: 18, coverage: 32.50%, cost: 542.0, rand. prob: 0.675
[2024-10-13 15:58:58,082][INFO] Step 19: size: 19, coverage: 34.00%, cost: 597.0, rand. prob: 0.6599999999999999
[2024-10-13 15:58:58,087][INFO] Step 20: size: 20, coverage: 34.50%, cost: 607.0, rand. prob: 0.655
[2024-10-13 15:58:58,092][INFO] Step 21: size: 21, coverage: 36.00%, cost: 671.0, rand. prob: 0.64
[2024-10-13 15:58:58,097][INFO] Step 22: size: 22, coverage: 37.00%, cost: 712.0, rand. prob: 0.63
[2024-10-13 15:58:58,103][INFO] Step 23: size: 23, coverage: 37.50%, cost: 736.0, rand. prob: 0.625
[2024-10-13 15:58:58,108][INFO] Step 24: size: 24, coverage: 38.50%, cost: 836.0, rand. prob: 0.615
[2024-10-13 15:58:58,113][INFO] Step 25: size: 25, coverage: 40.50%, cost: 837.0, rand. prob: 0.595
[2024-10-13 15:58:58,119][INFO] Step 26: size: 26, coverage: 42.00%, cost: 838.0, rand. prob: 0.5800000000000001
[2024-10-13 15:58:58,124][INFO] Step 27: size: 27, coverage: 43.00%, cost: 848.0, rand. prob: 0.5700000000000001
[2024-10-13 15:58:58,130][INFO] Step 28: size: 28, coverage: 46.00%, cost: 875.0, rand. prob: 0.54
[2024-10-13 15:58:58,135][INFO] Step 29: size: 29, coverage: 47.00%, cost: 887.0, rand. prob: 0.53
[2024-10-13 15:58:58,141][INFO] Step 30: size: 30, coverage: 50.50%, cost: 924.0, rand. prob: 0.495
[2024-10-13 15:58:58,146][INFO] Step 31: size: 31, coverage: 51.50%, cost: 998.0, rand. prob: 0.485
[2024-10-13 15:58:58,151][INFO] Step 32: size: 32, coverage: 52.50%, cost: 1084.0, rand. prob: 0.475
[2024-10-13 15:58:58,157][INFO] Step 33: size: 33, coverage: 54.00%, cost: 1145.0, rand. prob: 0.45999999999999996
[2024-10-13 15:58:58,162][INFO] Step 34: size: 34, coverage: 56.00%, cost: 1201.0, rand. prob: 0.43999999999999995
[2024-10-13 15:58:58,169][INFO] Step 35: size: 35, coverage: 57.00%, cost: 1219.0, rand. prob: 0.43000000000000005
[2024-10-13 15:58:58,175][INFO] Step 36: size: 36, coverage: 58.00%, cost: 1220.0, rand. prob: 0.42000000000000004
[2024-10-13 15:58:58,182][INFO] Step 37: size: 37, coverage: 59.50%, cost: 1240.0, rand. prob: 0.405
[2024-10-13 15:58:58,188][INFO] Step 38: size: 38, coverage: 60.50%, cost: 1241.0, rand. prob: 0.395
[2024-10-13 15:58:58,194][INFO] Step 39: size: 39, coverage: 61.00%, cost: 1304.0, rand. prob: 0.39
[2024-10-13 15:58:58,200][INFO] Step 40: size: 40, coverage: 62.50%, cost: 1306.0, rand. prob: 0.375
[2024-10-13 15:58:58,206][INFO] Step 41: size: 41, coverage: 63.00%, cost: 1357.0, rand. prob: 0.37
[2024-10-13 15:58:58,213][INFO] Step 42: size: 42, coverage: 64.00%, cost: 1432.0, rand. prob: 0.36
[2024-10-13 15:58:58,218][INFO] Step 43: size: 43, coverage: 65.00%, cost: 1454.0, rand. prob: 0.35
[2024-10-13 15:58:58,225][INFO] Step 44: size: 44, coverage: 65.50%, cost: 1545.0, rand. prob: 0.345
[2024-10-13 15:58:58,232][INFO] Step 45: size: 45, coverage: 66.00%, cost: 1546.0, rand. prob: 0.33999999999999997
[2024-10-13 15:58:58,238][INFO] Step 46: size: 46, coverage: 67.50%, cost: 1549.0, rand. prob: 0.32499999999999996
[2024-10-13 15:58:58,244][INFO] Step 47: size: 47, coverage: 69.50%, cost: 1553.0, rand. prob: 0.30500000000000005
[2024-10-13 15:58:58,251][INFO] Step 48: size: 48, coverage: 71.00%, cost: 1557.0, rand. prob: 0.29000000000000004
[2024-10-13 15:58:58,257][INFO] Step 49: size: 49, coverage: 72.50%, cost: 1562.0, rand. prob: 0.275
[2024-10-13 15:58:58,263][INFO] Step 50: size: 50, coverage: 75.00%, cost: 1571.0, rand. prob: 0.25
[2024-10-13 15:58:58,270][INFO] Step 51: size: 51, coverage: 75.50%, cost: 1573.0, rand. prob: 0.245
[2024-10-13 15:58:58,276][INFO] Step 52: size: 52, coverage: 76.00%, cost: 1575.0, rand. prob: 0.24
[2024-10-13 15:58:58,282][INFO] Step 53: size: 53, coverage: 76.50%, cost: 1577.0, rand. prob: 0.235
[2024-10-13 15:58:58,287][INFO] Step 54: size: 54, coverage: 77.50%, cost: 1581.0, rand. prob: 0.22499999999999998
[2024-10-13 15:58:58,293][INFO] Step 55: size: 55, coverage: 78.00%, cost: 1626.0, rand. prob: 0.21999999999999997
[2024-10-13 15:58:58,300][INFO] Step 56: size: 56, coverage: 79.00%, cost: 1630.0, rand. prob: 0.20999999999999996
[2024-10-13 15:58:58,305][INFO] Step 57: size: 57, coverage: 81.00%, cost: 1638.0, rand. prob: 0.18999999999999995
[2024-10-13 15:58:58,311][INFO] Step 58: size: 58, coverage: 82.00%, cost: 1643.0, rand. prob: 0.18000000000000005
[2024-10-13 15:58:58,317][INFO] Step 59: size: 59, coverage: 83.00%, cost: 1648.0, rand. prob: 0.17000000000000004
[2024-10-13 15:58:58,322][INFO] Step 60: size: 60, coverage: 83.50%, cost: 1651.0, rand. prob: 0.16500000000000004
[2024-10-13 15:58:58,328][INFO] Step 61: size: 61, coverage: 84.00%, cost: 1654.0, rand. prob: 0.16000000000000003
[2024-10-13 15:58:58,335][INFO] Step 62: size: 62, coverage: 84.50%, cost: 1748.0, rand. prob: 0.15500000000000003
[2024-10-13 15:58:58,341][INFO] Step 63: size: 63, coverage: 86.00%, cost: 1757.0, rand. prob: 0.14
[2024-10-13 15:58:58,346][INFO] Step 64: size: 64, coverage: 86.50%, cost: 1761.0, rand. prob: 0.135
[2024-10-13 15:58:58,352][INFO] Step 65: size: 65, coverage: 87.50%, cost: 1770.0, rand. prob: 0.125
[2024-10-13 15:58:58,358][INFO] Step 66: size: 66, coverage: 88.00%, cost: 1775.0, rand. prob: 0.12
[2024-10-13 15:58:58,363][INFO] Step 67: size: 67, coverage: 88.50%, cost: 1780.0, rand. prob: 0.11499999999999999
[2024-10-13 15:58:58,369][INFO] Step 68: size: 68, coverage: 89.00%, cost: 1785.0, rand. prob: 0.10999999999999999
[2024-10-13 15:58:58,374][INFO] Step 69: size: 69, coverage: 89.50%, cost: 1790.0, rand. prob: 0.10499999999999998
[2024-10-13 15:58:58,380][INFO] Step 70: size: 70, coverage: 90.00%, cost: 1796.0, rand. prob: 0.09999999999999998
[2024-10-13 15:58:58,386][INFO] Step 71: size: 71, coverage: 90.50%, cost: 1802.0, rand. prob: 0.09499999999999997
[2024-10-13 15:58:58,392][INFO] Step 72: size: 72, coverage: 91.00%, cost: 1808.0, rand. prob: 0.08999999999999997
[2024-10-13 15:58:58,397][INFO] Step 73: size: 73, coverage: 91.50%, cost: 1814.0, rand. prob: 0.08499999999999996
[2024-10-13 15:58:58,403][INFO] Step 74: size: 74, coverage: 92.00%, cost: 1820.0, rand. prob: 0.07999999999999996
[2024-10-13 15:58:58,408][INFO] Step 75: size: 75, coverage: 92.50%, cost: 1826.0, rand. prob: 0.07499999999999996
[2024-10-13 15:58:58,414][INFO] Step 76: size: 76, coverage: 93.00%, cost: 1832.0, rand. prob: 0.06999999999999995
[2024-10-13 15:58:58,420][INFO] Step 77: size: 77, coverage: 93.50%, cost: 1838.0, rand. prob: 0.06499999999999995
[2024-10-13 15:58:58,426][INFO] Step 78: size: 78, coverage: 94.00%, cost: 1845.0, rand. prob: 0.06000000000000005
[2024-10-13 15:58:58,432][INFO] Step 79: size: 79, coverage: 94.50%, cost: 1852.0, rand. prob: 0.05500000000000005
[2024-10-13 15:58:58,438][INFO] Step 80: size: 80, coverage: 95.50%, cost: 1870.0, rand. prob: 0.04500000000000004
[2024-10-13 15:58:58,444][INFO] Step 81: size: 81, coverage: 97.00%, cost: 1897.0, rand. prob: 0.030000000000000027
[2024-10-13 15:58:58,449][INFO] Step 82: size: 82, coverage: 98.00%, cost: 1918.0, rand. prob: 0.020000000000000018
[2024-10-13 15:58:58,456][INFO] Step 83: size: 83, coverage: 98.50%, cost: 1932.0, rand. prob: 0.015000000000000013
[2024-10-13 15:58:58,462][INFO] Step 84: size: 84, coverage: 99.00%, cost: 1946.0, rand. prob: 0.010000000000000009
[2024-10-13 15:58:58,469][INFO] Step 85: size: 85, coverage: 99.50%, cost: 1961.0, rand. prob: 0.0050000000000000044
[2024-10-13 15:58:58,474][INFO] Step 86: size: 86, coverage: 100.00%, cost: 1990.0, rand. prob: 0.0
[2024-10-13 15:58:58,476][INFO] Size: 86 -> 76
[2024-10-13 15:58:58,476][INFO] Cost: 1990.0 -> 1554.0
[2024-10-13 16:04:56,343][INFO] Step 1: size: 1, coverage: 0.50%, cost: 62.0, rand. prob: 0.995
[2024-10-13 16:04:56,348][INFO] Step 2: size: 2, coverage: 3.00%, cost: 80.0, rand. prob: 0.97
[2024-10-13 16:04:56,353][INFO] Step 3: size: 3, coverage: 6.50%, cost: 81.0, rand. prob: 0.935
[2024-10-13 16:04:56,358][INFO] Step 4: size: 4, coverage: 7.50%, cost: 155.0, rand. prob: 0.925
[2024-10-13 16:04:56,363][INFO] Step 5: size: 5, coverage: 9.00%, cost: 203.0, rand. prob: 0.91
[2024-10-13 16:04:56,368][INFO] Step 6: size: 6, coverage: 9.50%, cost: 224.0, rand. prob: 0.905
[2024-10-13 16:04:56,373][INFO] Step 7: size: 7, coverage: 11.50%, cost: 280.0, rand. prob: 0.885
[2024-10-13 16:04:56,378][INFO] Step 8: size: 8, coverage: 12.50%, cost: 353.0, rand. prob: 0.875
[2024-10-13 16:04:56,384][INFO] Step 9: size: 9, coverage: 15.00%, cost: 442.0, rand. prob: 0.85
[2024-10-13 16:04:56,389][INFO] Step 10: size: 10, coverage: 15.50%, cost: 464.0, rand. prob: 0.845
[2024-10-13 16:04:56,394][INFO] Step 11: size: 11, coverage: 17.50%, cost: 520.0, rand. prob: 0.825
[2024-10-13 16:04:56,399][INFO] Step 12: size: 12, coverage: 18.50%, cost: 597.0, rand. prob: 0.815
[2024-10-13 16:04:56,404][INFO] Step 13: size: 13, coverage: 20.00%, cost: 633.0, rand. prob: 0.8
[2024-10-13 16:04:56,410][INFO] Step 14: size: 14, coverage: 23.00%, cost: 663.0, rand. prob: 0.77
[2024-10-13 16:04:56,415][INFO] Step 15: size: 15, coverage: 25.50%, cost: 664.0, rand. prob: 0.745
[2024-10-13 16:04:56,420][INFO] Step 16: size: 16, coverage: 27.50%, cost: 764.0, rand. prob: 0.725
[2024-10-13 16:04:56,426][INFO] Step 17: size: 17, coverage: 29.00%, cost: 774.0, rand. prob: 0.71
[2024-10-13 16:04:56,431][INFO] Step 18: size: 18, coverage: 30.50%, cost: 781.0, rand. prob: 0.6950000000000001
[2024-10-13 16:04:56,437][INFO] Step 19: size: 19, coverage: 33.00%, cost: 782.0, rand. prob: 0.6699999999999999
[2024-10-13 16:04:56,442][INFO] Step 20: size: 20, coverage: 33.50%, cost: 818.0, rand. prob: 0.665
[2024-10-13 16:04:56,448][INFO] Step 21: size: 21, coverage: 34.50%, cost: 885.0, rand. prob: 0.655
[2024-10-13 16:04:56,453][INFO] Step 22: size: 22, coverage: 36.00%, cost: 886.0, rand. prob: 0.64
[2024-10-13 16:04:56,458][INFO] Step 23: size: 23, coverage: 37.50%, cost: 887.0, rand. prob: 0.625
[2024-10-13 16:04:56,464][INFO] Step 24: size: 24, coverage: 39.00%, cost: 888.0, rand. prob: 0.61
[2024-10-13 16:04:56,469][INFO] Step 25: size: 25, coverage: 40.50%, cost: 889.0, rand. prob: 0.595
[2024-10-13 16:04:56,475][INFO] Step 26: size: 26, coverage: 41.50%, cost: 890.0, rand. prob: 0.585
[2024-10-13 16:04:56,480][INFO] Step 27: size: 27, coverage: 42.50%, cost: 962.0, rand. prob: 0.575
[2024-10-13 16:04:56,486][INFO] Step 28: size: 28, coverage: 43.00%, cost: 1039.0, rand. prob: 0.5700000000000001
[2024-10-13 16:04:56,491][INFO] Step 29: size: 29, coverage: 45.00%, cost: 1041.0, rand. prob: 0.55
[2024-10-13 16:04:56,497][INFO] Step 30: size: 30, coverage: 46.00%, cost: 1126.0, rand. prob: 0.54
[2024-10-13 16:04:56,502][INFO] Step 31: size: 31, coverage: 49.00%, cost: 1130.0, rand. prob: 0.51
[2024-10-13 16:04:56,508][INFO] Step 32: size: 32, coverage: 50.00%, cost: 1188.0, rand. prob: 0.5
[2024-10-13 16:04:56,513][INFO] Step 33: size: 33, coverage: 52.50%, cost: 1192.0, rand. prob: 0.475
[2024-10-13 16:04:56,519][INFO] Step 34: size: 34, coverage: 53.00%, cost: 1193.0, rand. prob: 0.47
[2024-10-13 16:04:56,525][INFO] Step 35: size: 35, coverage: 53.50%, cost: 1231.0, rand. prob: 0.46499999999999997
[2024-10-13 16:04:56,530][INFO] Step 36: size: 36, coverage: 54.00%, cost: 1232.0, rand. prob: 0.45999999999999996
[2024-10-13 16:04:56,536][INFO] Step 37: size: 37, coverage: 55.00%, cost: 1267.0, rand. prob: 0.44999999999999996
[2024-10-13 16:04:56,541][INFO] Step 38: size: 38, coverage: 56.00%, cost: 1285.0, rand. prob: 0.43999999999999995
[2024-10-13 16:04:56,547][INFO] Step 39: size: 39, coverage: 58.00%, cost: 1290.0, rand. prob: 0.42000000000000004
[2024-10-13 16:04:56,552][INFO] Step 40: size: 40, coverage: 59.50%, cost: 1294.0, rand. prob: 0.405
[2024-10-13 16:04:56,558][INFO] Step 41: size: 41, coverage: 61.50%, cost: 1300.0, rand. prob: 0.385
[2024-10-13 16:04:56,563][INFO] Step 42: size: 42, coverage: 63.50%, cost: 1306.0, rand. prob: 0.365
[2024-10-13 16:04:56,569][INFO] Step 43: size: 43, coverage: 64.00%, cost: 1308.0, rand. prob: 0.36
[2024-10-13 16:04:56,575][INFO] Step 44: size: 44, coverage: 65.00%, cost: 1313.0, rand. prob: 0.35
[2024-10-13 16:04:56,580][INFO] Step 45: size: 45, coverage: 66.50%, cost: 1347.0, rand. prob: 0.33499999999999996
[2024-10-13 16:04:56,586][INFO] Step 46: size: 46, coverage: 67.00%, cost: 1352.0, rand. prob: 0.32999999999999996
[2024-10-13 16:04:56,592][INFO] Step 47: size: 47, coverage: 68.00%, cost: 1421.0, rand. prob: 0.31999999999999995
[2024-10-13 16:04:56,597][INFO] Step 48: size: 48, coverage: 69.00%, cost: 1425.0, rand. prob: 0.31000000000000005
[2024-10-13 16:04:56,603][INFO] Step 49: size: 49, coverage: 70.00%, cost: 1429.0, rand. prob: 0.30000000000000004
[2024-10-13 16:04:56,609][INFO] Step 50: size: 50, coverage: 71.00%, cost: 1433.0, rand. prob: 0.29000000000000004
[2024-10-13 16:04:56,614][INFO] Step 51: size: 51, coverage: 73.50%, cost: 1444.0, rand. prob: 0.265
[2024-10-13 16:04:56,620][INFO] Step 52: size: 52, coverage: 74.00%, cost: 1507.0, rand. prob: 0.26
[2024-10-13 16:04:56,626][INFO] Step 53: size: 53, coverage: 75.00%, cost: 1556.0, rand. prob: 0.25
[2024-10-13 16:04:56,631][INFO] Step 54: size: 54, coverage: 77.00%, cost: 1565.0, rand. prob: 0.22999999999999998
[2024-10-13 16:04:56,637][INFO] Step 55: size: 55, coverage: 77.50%, cost: 1568.0, rand. prob: 0.22499999999999998
[2024-10-13 16:04:56,643][INFO] Step 56: size: 56, coverage: 78.00%, cost: 1571.0, rand. prob: 0.21999999999999997
[2024-10-13 16:04:56,648][INFO] Step 57: size: 57, coverage: 79.00%, cost: 1577.0, rand. prob: 0.20999999999999996
[2024-10-13 16:04:56,654][INFO] Step 58: size: 58, coverage: 80.50%, cost: 1586.0, rand. prob: 0.19499999999999995
[2024-10-13 16:04:56,660][INFO] Step 59: size: 59, coverage: 82.00%, cost: 1596.0, rand. prob: 0.18000000000000005
[2024-10-13 16:04:56,665][INFO] Step 60: size: 60, coverage: 83.00%, cost: 1603.0, rand. prob: 0.17000000000000004
[2024-10-13 16:04:56,671][INFO] Step 61: size: 61, coverage: 83.50%, cost: 1607.0, rand. prob: 0.16500000000000004
[2024-10-13 16:04:56,677][INFO] Step 62: size: 62, coverage: 84.00%, cost: 1682.0, rand. prob: 0.16000000000000003
[2024-10-13 16:04:56,683][INFO] Step 63: size: 63, coverage: 84.50%, cost: 1686.0, rand. prob: 0.15500000000000003
[2024-10-13 16:04:56,688][INFO] Step 64: size: 64, coverage: 85.00%, cost: 1690.0, rand. prob: 0.15000000000000002
[2024-10-13 16:04:56,694][INFO] Step 65: size: 65, coverage: 86.00%, cost: 1699.0, rand. prob: 0.14
[2024-10-13 16:04:56,700][INFO] Step 66: size: 66, coverage: 86.50%, cost: 1704.0, rand. prob: 0.135
[2024-10-13 16:04:56,706][INFO] Step 67: size: 67, coverage: 87.00%, cost: 1709.0, rand. prob: 0.13
[2024-10-13 16:04:56,711][INFO] Step 68: size: 68, coverage: 87.50%, cost: 1714.0, rand. prob: 0.125
[2024-10-13 16:04:56,717][INFO] Step 69: size: 69, coverage: 89.00%, cost: 1730.0, rand. prob: 0.10999999999999999
[2024-10-13 16:04:56,723][INFO] Step 70: size: 70, coverage: 89.50%, cost: 1736.0, rand. prob: 0.10499999999999998
[2024-10-13 16:04:56,729][INFO] Step 71: size: 71, coverage: 90.00%, cost: 1742.0, rand. prob: 0.09999999999999998
[2024-10-13 16:04:56,734][INFO] Step 72: size: 72, coverage: 90.50%, cost: 1748.0, rand. prob: 0.09499999999999997
[2024-10-13 16:04:56,740][INFO] Step 73: size: 73, coverage: 91.00%, cost: 1754.0, rand. prob: 0.08999999999999997
[2024-10-13 16:04:56,746][INFO] Step 74: size: 74, coverage: 92.00%, cost: 1766.0, rand. prob: 0.07999999999999996
[2024-10-13 16:04:56,752][INFO] Step 75: size: 75, coverage: 92.50%, cost: 1848.0, rand. prob: 0.07499999999999996
[2024-10-13 16:04:56,758][INFO] Step 76: size: 76, coverage: 93.00%, cost: 1855.0, rand. prob: 0.06999999999999995
[2024-10-13 16:04:56,763][INFO] Step 77: size: 77, coverage: 93.50%, cost: 1862.0, rand. prob: 0.06499999999999995
[2024-10-13 16:04:56,769][INFO] Step 78: size: 78, coverage: 94.50%, cost: 1876.0, rand. prob: 0.05500000000000005
[2024-10-13 16:04:56,775][INFO] Step 79: size: 79, coverage: 95.50%, cost: 1890.0, rand. prob: 0.04500000000000004
[2024-10-13 16:04:56,781][INFO] Step 80: size: 80, coverage: 96.50%, cost: 1904.0, rand. prob: 0.03500000000000003
[2024-10-13 16:04:56,786][INFO] Step 81: size: 81, coverage: 97.00%, cost: 1912.0, rand. prob: 0.030000000000000027
[2024-10-13 16:04:56,792][INFO] Step 82: size: 82, coverage: 97.50%, cost: 1924.0, rand. prob: 0.025000000000000022
[2024-10-13 16:04:56,798][INFO] Step 83: size: 83, coverage: 98.50%, cost: 1948.0, rand. prob: 0.015000000000000013
[2024-10-13 16:04:56,804][INFO] Step 84: size: 84, coverage: 99.00%, cost: 1961.0, rand. prob: 0.010000000000000009
[2024-10-13 16:04:56,810][INFO] Step 85: size: 85, coverage: 99.50%, cost: 1978.0, rand. prob: 0.0050000000000000044
[2024-10-13 16:04:56,816][INFO] Step 86: size: 86, coverage: 100.00%, cost: 2007.0, rand. prob: 0.0
[2024-10-13 16:04:56,818][INFO] Size: 86 -> 81
[2024-10-13 16:04:56,818][INFO] Cost: 2007.0 -> 1868.0
[2024-10-13 16:10:28,069][INFO] Step 1: size: 1, coverage: 0.50%, cost: 62.0, rand. prob: 0.995
[2024-10-13 16:10:28,073][INFO] Step 2: size: 2, coverage: 3.00%, cost: 80.0, rand. prob: 0.97
[2024-10-13 16:10:28,078][INFO] Step 3: size: 3, coverage: 6.50%, cost: 81.0, rand. prob: 0.935
[2024-10-13 16:10:28,083][INFO] Step 4: size: 4, coverage: 7.50%, cost: 155.0, rand. prob: 0.925
[2024-10-13 16:10:28,087][INFO] Step 5: size: 5, coverage: 9.00%, cost: 203.0, rand. prob: 0.91
[2024-10-13 16:10:28,092][INFO] Step 6: size: 6, coverage: 9.50%, cost: 224.0, rand. prob: 0.905
[2024-10-13 16:10:28,097][INFO] Step 7: size: 7, coverage: 11.50%, cost: 280.0, rand. prob: 0.885
[2024-10-13 16:10:28,102][INFO] Step 8: size: 8, coverage: 12.50%, cost: 353.0, rand. prob: 0.875
[2024-10-13 16:10:28,107][INFO] Step 9: size: 9, coverage: 15.00%, cost: 442.0, rand. prob: 0.85
[2024-10-13 16:10:28,112][INFO] Step 10: size: 10, coverage: 15.50%, cost: 464.0, rand. prob: 0.845
[2024-10-13 16:10:28,117][INFO] Step 11: size: 11, coverage: 17.50%, cost: 520.0, rand. prob: 0.825
[2024-10-13 16:10:28,122][INFO] Step 12: size: 12, coverage: 18.50%, cost: 597.0, rand. prob: 0.815
[2024-10-13 16:10:28,127][INFO] Step 13: size: 13, coverage: 20.00%, cost: 633.0, rand. prob: 0.8
[2024-10-13 16:10:28,132][INFO] Step 14: size: 14, coverage: 23.00%, cost: 663.0, rand. prob: 0.77
[2024-10-13 16:10:28,137][INFO] Step 15: size: 15, coverage: 25.50%, cost: 664.0, rand. prob: 0.745
[2024-10-13 16:10:28,143][INFO] Step 16: size: 16, coverage: 27.50%, cost: 764.0, rand. prob: 0.725
[2024-10-13 16:10:28,148][INFO] Step 17: size: 17, coverage: 29.00%, cost: 774.0, rand. prob: 0.71
[2024-10-13 16:10:28,153][INFO] Step 18: size: 18, coverage: 30.50%, cost: 781.0, rand. prob: 0.6950000000000001
[2024-10-13 16:10:28,158][INFO] Step 19: size: 19, coverage: 33.00%, cost: 782.0, rand. prob: 0.6699999999999999
[2024-10-13 16:10:28,164][INFO] Step 20: size: 20, coverage: 33.50%, cost: 818.0, rand. prob: 0.665
[2024-10-13 16:10:28,169][INFO] Step 21: size: 21, coverage: 34.50%, cost: 885.0, rand. prob: 0.655
[2024-10-13 16:10:28,174][INFO] Step 22: size: 22, coverage: 36.00%, cost: 886.0, rand. prob: 0.64
[2024-10-13 16:10:28,179][INFO] Step 23: size: 23, coverage: 37.50%, cost: 887.0, rand. prob: 0.625
[2024-10-13 16:10:28,185][INFO] Step 24: size: 24, coverage: 39.00%, cost: 888.0, rand. prob: 0.61
[2024-10-13 16:10:28,190][INFO] Step 25: size: 25, coverage: 40.50%, cost: 889.0, rand. prob: 0.595
[2024-10-13 16:10:28,195][INFO] Step 26: size: 26, coverage: 41.50%, cost: 890.0, rand. prob: 0.585
[2024-10-13 16:10:28,200][INFO] Step 27: size: 27, coverage: 42.50%, cost: 962.0, rand. prob: 0.575
[2024-10-13 16:10:28,205][INFO] Step 28: size: 28, coverage: 43.00%, cost: 1039.0, rand. prob: 0.5700000000000001
[2024-10-13 16:10:28,211][INFO] Step 29: size: 29, coverage: 45.00%, cost: 1041.0, rand. prob: 0.55
[2024-10-13 16:10:28,216][INFO] Step 30: size: 30, coverage: 46.00%, cost: 1126.0, rand. prob: 0.54
[2024-10-13 16:10:28,221][INFO] Step 31: size: 31, coverage: 49.00%, cost: 1130.0, rand. prob: 0.51
[2024-10-13 16:10:28,227][INFO] Step 32: size: 32, coverage: 50.00%, cost: 1188.0, rand. prob: 0.5
[2024-10-13 16:10:28,232][INFO] Step 33: size: 33, coverage: 52.50%, cost: 1192.0, rand. prob: 0.475
[2024-10-13 16:10:28,237][INFO] Step 34: size: 34, coverage: 53.00%, cost: 1193.0, rand. prob: 0.47
[2024-10-13 16:10:28,243][INFO] Step 35: size: 35, coverage: 53.50%, cost: 1231.0, rand. prob: 0.46499999999999997
[2024-10-13 16:10:28,248][INFO] Step 36: size: 36, coverage: 54.00%, cost: 1232.0, rand. prob: 0.45999999999999996
[2024-10-13 16:10:28,253][INFO] Step 37: size: 37, coverage: 55.00%, cost: 1267.0, rand. prob: 0.44999999999999996
[2024-10-13 16:10:28,259][INFO] Step 38: size: 38, coverage: 56.00%, cost: 1285.0, rand. prob: 0.43999999999999995
[2024-10-13 16:10:28,264][INFO] Step 39: size: 39, coverage: 58.00%, cost: 1290.0, rand. prob: 0.42000000000000004
[2024-10-13 16:10:28,270][INFO] Step 40: size: 40, coverage: 59.50%, cost: 1294.0, rand. prob: 0.405
[2024-10-13 16:10:28,275][INFO] Step 41: size: 41, coverage: 61.50%, cost: 1300.0, rand. prob: 0.385
[2024-10-13 16:10:28,280][INFO] Step 42: size: 42, coverage: 63.50%, cost: 1306.0, rand. prob: 0.365
[2024-10-13 16:10:28,286][INFO] Step 43: size: 43, coverage: 64.00%, cost: 1308.0, rand. prob: 0.36
[2024-10-13 16:10:28,291][INFO] Step 44: size: 44, coverage: 65.00%, cost: 1313.0, rand. prob: 0.35
[2024-10-13 16:10:28,297][INFO] Step 45: size: 45, coverage: 66.50%, cost: 1347.0, rand. prob: 0.33499999999999996
[2024-10-13 16:10:28,302][INFO] Step 46: size: 46, coverage: 67.00%, cost: 1352.0, rand. prob: 0.32999999999999996
[2024-10-13 16:10:28,308][INFO] Step 47: size: 47, coverage: 68.00%, cost: 1421.0, rand. prob: 0.31999999999999995
[2024-10-13 16:10:28,313][INFO] Step 48: size: 48, coverage: 69.00%, cost: 1425.0, rand. prob: 0.31000000000000005
[2024-10-13 16:10:28,319][INFO] Step 49: size: 49, coverage: 70.00%, cost: 1429.0, rand. prob: 0.30000000000000004
[2024-10-13 16:10:28,324][INFO] Step 50: size: 50, coverage: 71.00%, cost: 1433.0, rand. prob: 0.29000000000000004
[2024-10-13 16:10:28,330][INFO] Step 51: size: 51, coverage: 73.50%, cost: 1444.0, rand. prob: 0.265
[2024-10-13 16:10:28,335][INFO] Step 52: size: 52, coverage: 74.00%, cost: 1507.0, rand. prob: 0.26
[2024-10-13 16:10:28,341][INFO] Step 53: size: 53, coverage: 75.00%, cost: 1556.0, rand. prob: 0.25
[2024-10-13 16:10:28,346][INFO] Step 54: size: 54, coverage: 77.00%, cost: 1565.0, rand. prob: 0.22999999999999998
[2024-10-13 16:10:28,352][INFO] Step 55: size: 55, coverage: 77.50%, cost: 1568.0, rand. prob: 0.22499999999999998
[2024-10-13 16:10:28,358][INFO] Step 56: size: 56, coverage: 78.00%, cost: 1571.0, rand. prob: 0.21999999999999997
[2024-10-13 16:10:28,363][INFO] Step 57: size: 57, coverage: 79.00%, cost: 1577.0, rand. prob: 0.20999999999999996
[2024-10-13 16:10:28,369][INFO] Step 58: size: 58, coverage: 80.50%, cost: 1586.0, rand. prob: 0.19499999999999995
[2024-10-13 16:10:28,374][INFO] Step 59: size: 59, coverage: 82.00%, cost: 1596.0, rand. prob: 0.18000000000000005
[2024-10-13 16:10:28,380][INFO] Step 60: size: 60, coverage: 83.00%, cost: 1603.0, rand. prob: 0.17000000000000004
[2024-10-13 16:10:28,385][INFO] Step 61: size: 61, coverage: 83.50%, cost: 1607.0, rand. prob: 0.16500000000000004
[2024-10-13 16:10:28,391][INFO] Step 62: size: 62, coverage: 84.00%, cost: 1682.0, rand. prob: 0.16000000000000003
[2024-10-13 16:10:28,396][INFO] Step 63: size: 63, coverage: 84.50%, cost: 1686.0, rand. prob: 0.15500000000000003
[2024-10-13 16:10:28,402][INFO] Step 64: size: 64, coverage: 85.00%, cost: 1690.0, rand. prob: 0.15000000000000002
[2024-10-13 16:10:28,408][INFO] Step 65: size: 65, coverage: 86.00%, cost: 1699.0, rand. prob: 0.14
[2024-10-13 16:10:28,413][INFO] Step 66: size: 66, coverage: 86.50%, cost: 1704.0, rand. prob: 0.135
[2024-10-13 16:10:28,419][INFO] Step 67: size: 67, coverage: 87.00%, cost: 1709.0, rand. prob: 0.13
[2024-10-13 16:10:28,425][INFO] Step 68: size: 68, coverage: 87.50%, cost: 1714.0, rand. prob: 0.125
[2024-10-13 16:10:28,430][INFO] Step 69: size: 69, coverage: 89.00%, cost: 1730.0, rand. prob: 0.10999999999999999
[2024-10-13 16:10:28,436][INFO] Step 70: size: 70, coverage: 89.50%, cost: 1736.0, rand. prob: 0.10499999999999998
[2024-10-13 16:10:28,441][INFO] Step 71: size: 71, coverage: 90.00%, cost: 1742.0, rand. prob: 0.09999999999999998
[2024-10-13 16:10:28,447][INFO] Step 72: size: 72, coverage: 90.50%, cost: 1748.0, rand. prob: 0.09499999999999997
[2024-10-13 16:10:28,453][INFO] Step 73: size: 73, coverage: 91.00%, cost: 1754.0, rand. prob: 0.08999999999999997
[2024-10-13 16:10:28,458][INFO] Step 74: size: 74, coverage: 92.00%, cost: 1766.0, rand. prob: 0.07999999999999996
[2024-10-13 16:10:28,464][INFO] Step 75: size: 75, coverage: 92.50%, cost: 1848.0, rand. prob: 0.07499999999999996
[2024-10-13 16:10:28,470][INFO] Step 76: size: 76, coverage: 93.00%, cost: 1855.0, rand. prob: 0.06999999999999995
[2024-10-13 16:10:28,476][INFO] Step 77: size: 77, coverage: 93.50%, cost: 1862.0, rand. prob: 0.06499999999999995
[2024-10-13 16:10:28,481][INFO] Step 78: size: 78, coverage: 94.50%, cost: 1876.0, rand. prob: 0.05500000000000005
[2024-10-13 16:10:28,487][INFO] Step 79: size: 79, coverage: 95.50%, cost: 1890.0, rand. prob: 0.04500000000000004
[2024-10-13 16:10:28,493][INFO] Step 80: size: 80, coverage: 96.50%, cost: 1904.0, rand. prob: 0.03500000000000003
[2024-10-13 16:10:28,498][INFO] Step 81: size: 81, coverage: 97.00%, cost: 1912.0, rand. prob: 0.030000000000000027
[2024-10-13 16:10:28,504][INFO] Step 82: size: 82, coverage: 97.50%, cost: 1924.0, rand. prob: 0.025000000000000022
[2024-10-13 16:10:28,510][INFO] Step 83: size: 83, coverage: 98.50%, cost: 1948.0, rand. prob: 0.015000000000000013
[2024-10-13 16:10:28,516][INFO] Step 84: size: 84, coverage: 99.00%, cost: 1961.0, rand. prob: 0.010000000000000009
[2024-10-13 16:10:28,521][INFO] Step 85: size: 85, coverage: 99.50%, cost: 1978.0, rand. prob: 0.0050000000000000044
[2024-10-13 16:10:28,527][INFO] Step 86: size: 86, coverage: 100.00%, cost: 2007.0, rand. prob: 0.0
[2024-10-13 16:10:28,529][INFO] Size: 86 -> 81
[2024-10-13 16:10:28,529][INFO] Cost: 2007.0 -> 1868.0
