[2024-10-13 15:18:41,079][INFO] Step 1: size: 1, coverage: 6.50%, cost: 46.0
[2024-10-13 15:18:41,086][INFO] Step 2: size: 2, coverage: 12.00%, cost: 82.0
[2024-10-13 15:18:41,092][INFO] Step 3: size: 3, coverage: 17.00%, cost: 111.0
[2024-10-13 15:18:41,099][INFO] Step 4: size: 4, coverage: 22.00%, cost: 164.0
[2024-10-13 15:18:41,105][INFO] Step 5: size: 5, coverage: 26.00%, cost: 169.0
[2024-10-13 15:18:41,111][INFO] Step 6: size: 6, coverage: 30.00%, cost: 192.0
[2024-10-13 15:18:41,118][INFO] Step 7: size: 7, coverage: 34.00%, cost: 223.0
[2024-10-13 15:18:41,124][INFO] Step 8: size: 8, coverage: 37.50%, cost: 228.0
[2024-10-13 15:18:41,131][INFO] Step 9: size: 9, coverage: 41.00%, cost: 238.0
[2024-10-13 15:18:41,137][INFO] Step 10: size: 10, coverage: 44.50%, cost: 249.0
[2024-10-13 15:18:41,144][INFO] Step 11: size: 11, coverage: 48.00%, cost: 315.0
[2024-10-13 15:18:41,150][INFO] Step 12: size: 12, coverage: 51.00%, cost: 327.0
[2024-10-13 15:18:41,156][INFO] Step 13: size: 13, coverage: 54.00%, cost: 342.0
[2024-10-13 15:18:41,163][INFO] Step 14: size: 14, coverage: 57.00%, cost: 361.0
[2024-10-13 15:18:41,169][INFO] Step 15: size: 15, coverage: 60.00%, cost: 400.0
[2024-10-13 15:18:41,176][INFO] Step 16: size: 16, coverage: 63.00%, cost: 450.0
[2024-10-13 15:18:41,183][INFO] Step 17: size: 17, coverage: 66.00%, cost: 511.0
[2024-10-13 15:18:41,189][INFO] Step 18: size: 18, coverage: 69.00%, cost: 604.0
[2024-10-13 15:18:41,196][INFO] Step 19: size: 19, coverage: 71.50%, cost: 632.0
[2024-10-13 15:18:41,202][INFO] Step 20: size: 20, coverage: 74.00%, cost: 666.0
[2024-10-13 15:18:41,209][INFO] Step 21: size: 21, coverage: 76.50%, cost: 703.0
[2024-10-13 15:18:41,216][INFO] Step 22: size: 22, coverage: 79.00%, cost: 777.0
[2024-10-13 15:18:41,222][INFO] Step 23: size: 23, coverage: 81.00%, cost: 790.0
[2024-10-13 15:18:41,229][INFO] Step 24: size: 24, coverage: 83.00%, cost: 837.0
[2024-10-13 15:18:41,236][INFO] Step 25: size: 25, coverage: 85.00%, cost: 884.0
[2024-10-13 15:18:41,243][INFO] Step 26: size: 26, coverage: 87.00%, cost: 936.0
[2024-10-13 15:18:41,250][INFO] Step 27: size: 27, coverage: 88.50%, cost: 946.0
[2024-10-13 15:18:41,257][INFO] Step 28: size: 28, coverage: 90.00%, cost: 967.0
[2024-10-13 15:18:41,264][INFO] Step 29: size: 29, coverage: 91.50%, cost: 1029.0
[2024-10-13 15:18:41,271][INFO] Step 30: size: 30, coverage: 93.00%, cost: 1116.0
[2024-10-13 15:18:41,278][INFO] Step 31: size: 31, coverage: 94.00%, cost: 1119.0
[2024-10-13 15:18:41,285][INFO] Step 32: size: 32, coverage: 95.00%, cost: 1137.0
[2024-10-13 15:18:41,292][INFO] Step 33: size: 33, coverage: 96.00%, cost: 1160.0
[2024-10-13 15:18:41,299][INFO] Step 34: size: 34, coverage: 97.00%, cost: 1197.0
[2024-10-13 15:18:41,306][INFO] Step 35: size: 35, coverage: 98.00%, cost: 1256.0
[2024-10-13 15:18:41,314][INFO] Step 36: size: 36, coverage: 98.50%, cost: 1257.0
[2024-10-13 15:18:41,321][INFO] Step 37: size: 37, coverage: 99.00%, cost: 1258.0
[2024-10-13 15:18:41,328][INFO] Step 38: size: 38, coverage: 99.50%, cost: 1260.0
[2024-10-13 15:18:41,336][INFO] Step 39: size: 39, coverage: 100.00%, cost: 1263.0
[2024-10-13 15:18:41,337][INFO] Size: 39 -> 39
[2024-10-13 15:18:41,337][INFO] Cost: 1263.0 -> 1263.0
[2024-10-13 15:40:19,144][INFO] Step 1: size: 1, coverage: 1.50%, cost: 4.0
[2024-10-13 15:40:19,154][INFO] Step 2: size: 2, coverage: 4.50%, cost: 62.0
[2024-10-13 15:40:19,163][INFO] Step 3: size: 3, coverage: 6.00%, cost: 116.0
[2024-10-13 15:40:19,173][INFO] Step 4: size: 4, coverage: 8.00%, cost: 176.0
[2024-10-13 15:40:19,183][INFO] Step 5: size: 5, coverage: 9.50%, cost: 241.0
[2024-10-13 15:40:19,193][INFO] Step 6: size: 6, coverage: 12.50%, cost: 309.0
[2024-10-13 15:40:19,203][INFO] Step 7: size: 7, coverage: 14.50%, cost: 392.0
[2024-10-13 15:40:19,213][INFO] Step 8: size: 8, coverage: 15.50%, cost: 403.0
[2024-10-13 15:40:19,223][INFO] Step 9: size: 9, coverage: 17.50%, cost: 467.0
[2024-10-13 15:40:19,233][INFO] Step 10: size: 10, coverage: 20.50%, cost: 478.0
[2024-10-13 15:40:19,243][INFO] Step 11: size: 11, coverage: 21.50%, cost: 493.0
[2024-10-13 15:40:19,253][INFO] Step 12: size: 12, coverage: 22.50%, cost: 553.0
[2024-10-13 15:40:19,263][INFO] Step 13: size: 13, coverage: 24.00%, cost: 624.0
[2024-10-13 15:40:19,274][INFO] Step 14: size: 14, coverage: 26.00%, cost: 654.0
[2024-10-13 15:40:19,285][INFO] Step 15: size: 15, coverage: 27.50%, cost: 733.0
[2024-10-13 15:40:19,295][INFO] Step 16: size: 16, coverage: 29.00%, cost: 781.0
[2024-10-13 15:40:19,306][INFO] Step 17: size: 17, coverage: 31.00%, cost: 806.0
[2024-10-13 15:40:19,316][INFO] Step 18: size: 18, coverage: 32.50%, cost: 890.0
[2024-10-13 15:40:19,327][INFO] Step 19: size: 19, coverage: 33.50%, cost: 987.0
[2024-10-13 15:40:19,338][INFO] Step 20: size: 20, coverage: 34.50%, cost: 1037.0
[2024-10-13 15:40:19,349][INFO] Step 21: size: 21, coverage: 36.50%, cost: 1040.0
[2024-10-13 15:40:19,360][INFO] Step 22: size: 22, coverage: 37.50%, cost: 1050.0
[2024-10-13 15:40:19,371][INFO] Step 23: size: 23, coverage: 39.00%, cost: 1101.0
[2024-10-13 15:40:19,382][INFO] Step 24: size: 24, coverage: 40.50%, cost: 1184.0
[2024-10-13 15:40:19,393][INFO] Step 25: size: 25, coverage: 42.00%, cost: 1196.0
[2024-10-13 15:40:19,404][INFO] Step 26: size: 26, coverage: 43.50%, cost: 1240.0
[2024-10-13 15:40:19,415][INFO] Step 27: size: 27, coverage: 44.00%, cost: 1303.0
[2024-10-13 15:40:19,426][INFO] Step 28: size: 28, coverage: 46.00%, cost: 1331.0
[2024-10-13 15:40:19,437][INFO] Step 29: size: 29, coverage: 47.50%, cost: 1428.0
[2024-10-13 15:40:19,449][INFO] Step 30: size: 30, coverage: 49.00%, cost: 1479.0
[2024-10-13 15:40:19,460][INFO] Step 31: size: 31, coverage: 50.00%, cost: 1504.0
[2024-10-13 15:40:19,471][INFO] Step 32: size: 32, coverage: 51.00%, cost: 1584.0
[2024-10-13 15:40:19,482][INFO] Step 33: size: 33, coverage: 53.00%, cost: 1671.0
[2024-10-13 15:40:19,494][INFO] Step 34: size: 34, coverage: 54.00%, cost: 1716.0
[2024-10-13 15:40:19,505][INFO] Step 35: size: 35, coverage: 55.00%, cost: 1791.0
[2024-10-13 15:40:19,517][INFO] Step 36: size: 36, coverage: 57.00%, cost: 1846.0
[2024-10-13 15:40:19,528][INFO] Step 37: size: 37, coverage: 58.00%, cost: 1928.0
[2024-10-13 15:40:19,539][INFO] Step 38: size: 38, coverage: 59.50%, cost: 2016.0
[2024-10-13 15:40:19,550][INFO] Step 39: size: 39, coverage: 60.00%, cost: 2115.0
[2024-10-13 15:40:19,562][INFO] Step 40: size: 40, coverage: 60.50%, cost: 2144.0
[2024-10-13 15:40:19,573][INFO] Step 41: size: 41, coverage: 61.00%, cost: 2169.0
[2024-10-13 15:40:19,586][INFO] Step 42: size: 42, coverage: 62.00%, cost: 2191.0
[2024-10-13 15:40:19,597][INFO] Step 43: size: 43, coverage: 63.50%, cost: 2257.0
[2024-10-13 15:40:19,609][INFO] Step 44: size: 44, coverage: 64.00%, cost: 2326.0
[2024-10-13 15:40:19,620][INFO] Step 45: size: 45, coverage: 64.50%, cost: 2339.0
[2024-10-13 15:40:19,632][INFO] Step 46: size: 46, coverage: 65.00%, cost: 2343.0
[2024-10-13 15:40:19,644][INFO] Step 47: size: 47, coverage: 66.00%, cost: 2348.0
[2024-10-13 15:40:19,655][INFO] Step 48: size: 48, coverage: 66.50%, cost: 2383.0
[2024-10-13 15:40:19,667][INFO] Step 49: size: 49, coverage: 67.00%, cost: 2415.0
[2024-10-13 15:40:19,679][INFO] Step 50: size: 50, coverage: 67.50%, cost: 2459.0
[2024-10-13 15:40:19,690][INFO] Step 51: size: 51, coverage: 68.00%, cost: 2500.0
[2024-10-13 15:40:19,702][INFO] Step 52: size: 52, coverage: 70.50%, cost: 2553.0
[2024-10-13 15:40:19,713][INFO] Step 53: size: 53, coverage: 72.00%, cost: 2620.0
[2024-10-13 15:40:19,725][INFO] Step 54: size: 54, coverage: 72.50%, cost: 2622.0
[2024-10-13 15:40:19,737][INFO] Step 55: size: 55, coverage: 73.00%, cost: 2671.0
[2024-10-13 15:40:19,748][INFO] Step 56: size: 56, coverage: 73.50%, cost: 2741.0
[2024-10-13 15:40:19,760][INFO] Step 57: size: 57, coverage: 74.00%, cost: 2819.0
[2024-10-13 15:40:19,772][INFO] Step 58: size: 58, coverage: 75.00%, cost: 2881.0
[2024-10-13 15:40:19,784][INFO] Step 59: size: 59, coverage: 76.00%, cost: 2917.0
[2024-10-13 15:40:19,796][INFO] Step 60: size: 60, coverage: 76.50%, cost: 2969.0
[2024-10-13 15:40:19,808][INFO] Step 61: size: 61, coverage: 77.00%, cost: 3067.0
[2024-10-13 15:40:19,820][INFO] Step 62: size: 62, coverage: 78.00%, cost: 3143.0
[2024-10-13 15:40:19,832][INFO] Step 63: size: 63, coverage: 78.50%, cost: 3158.0
[2024-10-13 15:40:19,844][INFO] Step 64: size: 64, coverage: 79.00%, cost: 3207.0
[2024-10-13 15:40:19,856][INFO] Step 65: size: 65, coverage: 79.50%, cost: 3289.0
[2024-10-13 15:40:19,868][INFO] Step 66: size: 66, coverage: 80.00%, cost: 3356.0
[2024-10-13 15:40:19,883][INFO] Step 67: size: 67, coverage: 80.50%, cost: 3360.0
[2024-10-13 15:40:19,895][INFO] Step 68: size: 68, coverage: 81.00%, cost: 3455.0
[2024-10-13 15:40:19,907][INFO] Step 69: size: 69, coverage: 82.00%, cost: 3465.0
[2024-10-13 15:40:19,920][INFO] Step 70: size: 70, coverage: 82.50%, cost: 3562.0
[2024-10-13 15:40:19,932][INFO] Step 71: size: 71, coverage: 83.00%, cost: 3619.0
[2024-10-13 15:40:19,945][INFO] Step 72: size: 72, coverage: 83.50%, cost: 3676.0
[2024-10-13 15:40:19,957][INFO] Step 73: size: 73, coverage: 84.00%, cost: 3762.0
[2024-10-13 15:40:19,969][INFO] Step 74: size: 74, coverage: 84.50%, cost: 3804.0
[2024-10-13 15:40:19,982][INFO] Step 75: size: 75, coverage: 85.00%, cost: 3859.0
[2024-10-13 15:40:19,994][INFO] Step 76: size: 76, coverage: 85.50%, cost: 3864.0
[2024-10-13 15:40:20,006][INFO] Step 77: size: 77, coverage: 86.00%, cost: 3929.0
[2024-10-13 15:40:20,018][INFO] Step 78: size: 78, coverage: 86.50%, cost: 4008.0
[2024-10-13 15:40:20,031][INFO] Step 79: size: 79, coverage: 87.50%, cost: 4085.0
[2024-10-13 15:40:20,043][INFO] Step 80: size: 80, coverage: 88.00%, cost: 4086.0
[2024-10-13 15:40:20,056][INFO] Step 81: size: 81, coverage: 88.50%, cost: 4097.0
[2024-10-13 15:40:20,068][INFO] Step 82: size: 82, coverage: 89.50%, cost: 4111.0
[2024-10-13 15:40:20,081][INFO] Step 83: size: 83, coverage: 90.00%, cost: 4187.0
[2024-10-13 15:40:20,093][INFO] Step 84: size: 84, coverage: 90.50%, cost: 4285.0
[2024-10-13 15:40:20,106][INFO] Step 85: size: 85, coverage: 91.00%, cost: 4297.0
[2024-10-13 15:40:20,118][INFO] Step 86: size: 86, coverage: 91.50%, cost: 4381.0
[2024-10-13 15:40:20,131][INFO] Step 87: size: 87, coverage: 92.00%, cost: 4394.0
[2024-10-13 15:40:20,143][INFO] Step 88: size: 88, coverage: 92.50%, cost: 4486.0
[2024-10-13 15:40:20,156][INFO] Step 89: size: 89, coverage: 93.00%, cost: 4521.0
[2024-10-13 15:40:20,168][INFO] Step 90: size: 90, coverage: 93.50%, cost: 4533.0
[2024-10-13 15:40:20,181][INFO] Step 91: size: 91, coverage: 95.00%, cost: 4633.0
[2024-10-13 15:40:20,194][INFO] Step 92: size: 92, coverage: 95.50%, cost: 4724.0
[2024-10-13 15:40:20,207][INFO] Step 93: size: 93, coverage: 96.00%, cost: 4744.0
[2024-10-13 15:40:20,220][INFO] Step 94: size: 94, coverage: 96.50%, cost: 4784.0
[2024-10-13 15:40:20,233][INFO] Step 95: size: 95, coverage: 97.00%, cost: 4860.0
[2024-10-13 15:40:20,246][INFO] Step 96: size: 96, coverage: 97.50%, cost: 4903.0
[2024-10-13 15:40:20,259][INFO] Step 97: size: 97, coverage: 98.00%, cost: 4935.0
[2024-10-13 15:40:20,272][INFO] Step 98: size: 98, coverage: 98.50%, cost: 4955.0
[2024-10-13 15:40:20,286][INFO] Step 99: size: 99, coverage: 99.00%, cost: 4989.0
[2024-10-13 15:40:20,299][INFO] Step 100: size: 100, coverage: 99.50%, cost: 5069.0
[2024-10-13 15:40:20,312][INFO] Step 101: size: 101, coverage: 100.00%, cost: 5072.0
[2024-10-13 15:40:20,312][INFO] Solved solution used 101 random steps
[2024-10-13 15:40:20,312][INFO] Current randomization probability: 0.0
[2024-10-13 15:40:20,312][INFO] Solved solution used 101 random steps
[2024-10-13 15:40:20,315][INFO] Size: 101 -> 85
[2024-10-13 15:40:20,315][INFO] Cost: 5072.0 -> 4232.0
[2024-10-13 15:59:01,695][INFO] Step 1: size: 1, coverage: 1.50%, cost: 47.0, rand. prob: 0.985
[2024-10-13 15:59:01,704][INFO] Step 2: size: 2, coverage: 2.50%, cost: 55.0, rand. prob: 0.975
[2024-10-13 15:59:01,714][INFO] Step 3: size: 3, coverage: 3.00%, cost: 141.0, rand. prob: 0.97
[2024-10-13 15:59:01,723][INFO] Step 4: size: 4, coverage: 4.00%, cost: 176.0, rand. prob: 0.96
[2024-10-13 15:59:01,733][INFO] Step 5: size: 5, coverage: 6.00%, cost: 179.0, rand. prob: 0.94
[2024-10-13 15:59:01,742][INFO] Step 6: size: 6, coverage: 9.00%, cost: 180.0, rand. prob: 0.91
[2024-10-13 15:59:01,752][INFO] Step 7: size: 7, coverage: 10.00%, cost: 214.0, rand. prob: 0.9
[2024-10-13 15:59:01,762][INFO] Step 8: size: 8, coverage: 13.00%, cost: 313.0, rand. prob: 0.87
[2024-10-13 15:59:01,772][INFO] Step 9: size: 9, coverage: 15.00%, cost: 386.0, rand. prob: 0.85
[2024-10-13 15:59:01,782][INFO] Step 10: size: 10, coverage: 16.50%, cost: 393.0, rand. prob: 0.835
[2024-10-13 15:59:01,792][INFO] Step 11: size: 11, coverage: 18.50%, cost: 394.0, rand. prob: 0.815
[2024-10-13 15:59:01,802][INFO] Step 12: size: 12, coverage: 20.00%, cost: 418.0, rand. prob: 0.8
[2024-10-13 15:59:01,812][INFO] Step 13: size: 13, coverage: 21.50%, cost: 496.0, rand. prob: 0.785
[2024-10-13 15:59:01,822][INFO] Step 14: size: 14, coverage: 25.00%, cost: 499.0, rand. prob: 0.75
[2024-10-13 15:59:01,833][INFO] Step 15: size: 15, coverage: 26.50%, cost: 598.0, rand. prob: 0.735
[2024-10-13 15:59:01,843][INFO] Step 16: size: 16, coverage: 27.50%, cost: 625.0, rand. prob: 0.725
[2024-10-13 15:59:01,853][INFO] Step 17: size: 17, coverage: 30.00%, cost: 626.0, rand. prob: 0.7
[2024-10-13 15:59:01,864][INFO] Step 18: size: 18, coverage: 32.50%, cost: 693.0, rand. prob: 0.675
[2024-10-13 15:59:01,874][INFO] Step 19: size: 19, coverage: 35.00%, cost: 694.0, rand. prob: 0.65
[2024-10-13 15:59:01,885][INFO] Step 20: size: 20, coverage: 36.50%, cost: 749.0, rand. prob: 0.635
[2024-10-13 15:59:01,895][INFO] Step 21: size: 21, coverage: 37.00%, cost: 778.0, rand. prob: 0.63
[2024-10-13 15:59:01,906][INFO] Step 22: size: 22, coverage: 39.00%, cost: 779.0, rand. prob: 0.61
[2024-10-13 15:59:01,916][INFO] Step 23: size: 23, coverage: 41.50%, cost: 815.0, rand. prob: 0.585
[2024-10-13 15:59:01,927][INFO] Step 24: size: 24, coverage: 43.50%, cost: 816.0, rand. prob: 0.565
[2024-10-13 15:59:01,937][INFO] Step 25: size: 25, coverage: 46.50%, cost: 899.0, rand. prob: 0.5349999999999999
[2024-10-13 15:59:01,948][INFO] Step 26: size: 26, coverage: 48.00%, cost: 947.0, rand. prob: 0.52
[2024-10-13 15:59:01,958][INFO] Step 27: size: 27, coverage: 49.00%, cost: 1016.0, rand. prob: 0.51
[2024-10-13 15:59:01,969][INFO] Step 28: size: 28, coverage: 51.00%, cost: 1017.0, rand. prob: 0.49
[2024-10-13 15:59:01,980][INFO] Step 29: size: 29, coverage: 52.50%, cost: 1018.0, rand. prob: 0.475
[2024-10-13 15:59:01,990][INFO] Step 30: size: 30, coverage: 54.00%, cost: 1019.0, rand. prob: 0.45999999999999996
[2024-10-13 15:59:02,001][INFO] Step 31: size: 31, coverage: 55.50%, cost: 1020.0, rand. prob: 0.44499999999999995
[2024-10-13 15:59:02,012][INFO] Step 32: size: 32, coverage: 58.00%, cost: 1022.0, rand. prob: 0.42000000000000004
[2024-10-13 15:59:02,022][INFO] Step 33: size: 33, coverage: 59.00%, cost: 1023.0, rand. prob: 0.41000000000000003
[2024-10-13 15:59:02,033][INFO] Step 34: size: 34, coverage: 60.00%, cost: 1024.0, rand. prob: 0.4
[2024-10-13 15:59:02,043][INFO] Step 35: size: 35, coverage: 61.00%, cost: 1025.0, rand. prob: 0.39
[2024-10-13 15:59:02,054][INFO] Step 36: size: 36, coverage: 62.00%, cost: 1026.0, rand. prob: 0.38
[2024-10-13 15:59:02,065][INFO] Step 37: size: 37, coverage: 63.00%, cost: 1075.0, rand. prob: 0.37
[2024-10-13 15:59:02,076][INFO] Step 38: size: 38, coverage: 64.00%, cost: 1076.0, rand. prob: 0.36
[2024-10-13 15:59:02,087][INFO] Step 39: size: 39, coverage: 65.00%, cost: 1097.0, rand. prob: 0.35
[2024-10-13 15:59:02,098][INFO] Step 40: size: 40, coverage: 66.50%, cost: 1099.0, rand. prob: 0.33499999999999996
[2024-10-13 15:59:02,109][INFO] Step 41: size: 41, coverage: 68.50%, cost: 1102.0, rand. prob: 0.31499999999999995
[2024-10-13 15:59:02,120][INFO] Step 42: size: 42, coverage: 69.00%, cost: 1134.0, rand. prob: 0.31000000000000005
[2024-10-13 15:59:02,131][INFO] Step 43: size: 43, coverage: 69.50%, cost: 1135.0, rand. prob: 0.30500000000000005
[2024-10-13 15:59:02,142][INFO] Step 44: size: 44, coverage: 70.00%, cost: 1136.0, rand. prob: 0.30000000000000004
[2024-10-13 15:59:02,153][INFO] Step 45: size: 45, coverage: 70.50%, cost: 1137.0, rand. prob: 0.29500000000000004
[2024-10-13 15:59:02,165][INFO] Step 46: size: 46, coverage: 71.50%, cost: 1139.0, rand. prob: 0.28500000000000003
[2024-10-13 15:59:02,177][INFO] Step 47: size: 47, coverage: 72.50%, cost: 1141.0, rand. prob: 0.275
[2024-10-13 15:59:02,188][INFO] Step 48: size: 48, coverage: 73.50%, cost: 1143.0, rand. prob: 0.265
[2024-10-13 15:59:02,199][INFO] Step 49: size: 49, coverage: 74.50%, cost: 1145.0, rand. prob: 0.255
[2024-10-13 15:59:02,210][INFO] Step 50: size: 50, coverage: 76.00%, cost: 1148.0, rand. prob: 0.24
[2024-10-13 15:59:02,222][INFO] Step 51: size: 51, coverage: 76.50%, cost: 1159.0, rand. prob: 0.235
[2024-10-13 15:59:02,233][INFO] Step 52: size: 52, coverage: 79.00%, cost: 1164.0, rand. prob: 0.20999999999999996
[2024-10-13 15:59:02,244][INFO] Step 53: size: 53, coverage: 81.00%, cost: 1169.0, rand. prob: 0.18999999999999995
[2024-10-13 15:59:02,255][INFO] Step 54: size: 54, coverage: 82.00%, cost: 1172.0, rand. prob: 0.18000000000000005
[2024-10-13 15:59:02,266][INFO] Step 55: size: 55, coverage: 83.00%, cost: 1175.0, rand. prob: 0.17000000000000004
[2024-10-13 15:59:02,277][INFO] Step 56: size: 56, coverage: 84.00%, cost: 1178.0, rand. prob: 0.16000000000000003
[2024-10-13 15:59:02,288][INFO] Step 57: size: 57, coverage: 85.00%, cost: 1181.0, rand. prob: 0.15000000000000002
[2024-10-13 15:59:02,299][INFO] Step 58: size: 58, coverage: 85.50%, cost: 1183.0, rand. prob: 0.14500000000000002
[2024-10-13 15:59:02,310][INFO] Step 59: size: 59, coverage: 86.00%, cost: 1238.0, rand. prob: 0.14
[2024-10-13 15:59:02,321][INFO] Step 60: size: 60, coverage: 86.50%, cost: 1240.0, rand. prob: 0.135
[2024-10-13 15:59:02,332][INFO] Step 61: size: 61, coverage: 87.00%, cost: 1242.0, rand. prob: 0.13
[2024-10-13 15:59:02,344][INFO] Step 62: size: 62, coverage: 87.50%, cost: 1244.0, rand. prob: 0.125
[2024-10-13 15:59:02,355][INFO] Step 63: size: 63, coverage: 88.50%, cost: 1248.0, rand. prob: 0.11499999999999999
[2024-10-13 15:59:02,366][INFO] Step 64: size: 64, coverage: 89.50%, cost: 1252.0, rand. prob: 0.10499999999999998
[2024-10-13 15:59:02,377][INFO] Step 65: size: 65, coverage: 91.00%, cost: 1258.0, rand. prob: 0.08999999999999997
[2024-10-13 15:59:02,388][INFO] Step 66: size: 66, coverage: 92.00%, cost: 1263.0, rand. prob: 0.07999999999999996
[2024-10-13 15:59:02,400][INFO] Step 67: size: 67, coverage: 92.50%, cost: 1266.0, rand. prob: 0.07499999999999996
[2024-10-13 15:59:02,411][INFO] Step 68: size: 68, coverage: 93.00%, cost: 1269.0, rand. prob: 0.06999999999999995
[2024-10-13 15:59:02,422][INFO] Step 69: size: 69, coverage: 93.50%, cost: 1272.0, rand. prob: 0.06499999999999995
[2024-10-13 15:59:02,433][INFO] Step 70: size: 70, coverage: 94.00%, cost: 1276.0, rand. prob: 0.06000000000000005
[2024-10-13 15:59:02,445][INFO] Step 71: size: 71, coverage: 94.50%, cost: 1280.0, rand. prob: 0.05500000000000005
[2024-10-13 15:59:02,456][INFO] Step 72: size: 72, coverage: 95.50%, cost: 1288.0, rand. prob: 0.04500000000000004
[2024-10-13 15:59:02,467][INFO] Step 73: size: 73, coverage: 96.00%, cost: 1293.0, rand. prob: 0.040000000000000036
[2024-10-13 15:59:02,478][INFO] Step 74: size: 74, coverage: 96.50%, cost: 1298.0, rand. prob: 0.03500000000000003
[2024-10-13 15:59:02,490][INFO] Step 75: size: 75, coverage: 97.00%, cost: 1303.0, rand. prob: 0.030000000000000027
[2024-10-13 15:59:02,501][INFO] Step 76: size: 76, coverage: 97.50%, cost: 1309.0, rand. prob: 0.025000000000000022
[2024-10-13 15:59:02,512][INFO] Step 77: size: 77, coverage: 98.00%, cost: 1316.0, rand. prob: 0.020000000000000018
[2024-10-13 15:59:02,524][INFO] Step 78: size: 78, coverage: 98.50%, cost: 1325.0, rand. prob: 0.015000000000000013
[2024-10-13 15:59:02,535][INFO] Step 79: size: 79, coverage: 99.00%, cost: 1334.0, rand. prob: 0.010000000000000009
[2024-10-13 15:59:02,547][INFO] Step 80: size: 80, coverage: 99.50%, cost: 1344.0, rand. prob: 0.0050000000000000044
[2024-10-13 15:59:02,558][INFO] Step 81: size: 81, coverage: 100.00%, cost: 1355.0, rand. prob: 0.0
[2024-10-13 15:59:02,560][INFO] Size: 81 -> 74
[2024-10-13 15:59:02,560][INFO] Cost: 1355.0 -> 1197.0
[2024-10-13 16:05:00,200][INFO] Step 1: size: 1, coverage: 1.50%, cost: 56.0, rand. prob: 0.985
[2024-10-13 16:05:00,210][INFO] Step 2: size: 2, coverage: 2.00%, cost: 129.0, rand. prob: 0.98
[2024-10-13 16:05:00,220][INFO] Step 3: size: 3, coverage: 3.00%, cost: 206.0, rand. prob: 0.97
[2024-10-13 16:05:00,229][INFO] Step 4: size: 4, coverage: 3.50%, cost: 256.0, rand. prob: 0.965
[2024-10-13 16:05:00,239][INFO] Step 5: size: 5, coverage: 4.50%, cost: 273.0, rand. prob: 0.955
[2024-10-13 16:05:00,249][INFO] Step 6: size: 6, coverage: 6.50%, cost: 339.0, rand. prob: 0.935
[2024-10-13 16:05:00,259][INFO] Step 7: size: 7, coverage: 9.00%, cost: 429.0, rand. prob: 0.91
[2024-10-13 16:05:00,269][INFO] Step 8: size: 8, coverage: 10.50%, cost: 525.0, rand. prob: 0.895
[2024-10-13 16:05:00,279][INFO] Step 9: size: 9, coverage: 12.50%, cost: 573.0, rand. prob: 0.875
[2024-10-13 16:05:00,289][INFO] Step 10: size: 10, coverage: 13.50%, cost: 596.0, rand. prob: 0.865
[2024-10-13 16:05:00,300][INFO] Step 11: size: 11, coverage: 14.50%, cost: 662.0, rand. prob: 0.855
[2024-10-13 16:05:00,310][INFO] Step 12: size: 12, coverage: 17.50%, cost: 663.0, rand. prob: 0.825
[2024-10-13 16:05:00,320][INFO] Step 13: size: 13, coverage: 20.00%, cost: 674.0, rand. prob: 0.8
[2024-10-13 16:05:00,331][INFO] Step 14: size: 14, coverage: 22.00%, cost: 733.0, rand. prob: 0.78
[2024-10-13 16:05:00,341][INFO] Step 15: size: 15, coverage: 24.50%, cost: 775.0, rand. prob: 0.755
[2024-10-13 16:05:00,352][INFO] Step 16: size: 16, coverage: 26.50%, cost: 786.0, rand. prob: 0.735
[2024-10-13 16:05:00,363][INFO] Step 17: size: 17, coverage: 28.00%, cost: 801.0, rand. prob: 0.72
[2024-10-13 16:05:00,373][INFO] Step 18: size: 18, coverage: 29.50%, cost: 817.0, rand. prob: 0.7050000000000001
[2024-10-13 16:05:00,384][INFO] Step 19: size: 19, coverage: 32.00%, cost: 818.0, rand. prob: 0.6799999999999999
[2024-10-13 16:05:00,395][INFO] Step 20: size: 20, coverage: 33.50%, cost: 908.0, rand. prob: 0.665
[2024-10-13 16:05:00,405][INFO] Step 21: size: 21, coverage: 34.00%, cost: 959.0, rand. prob: 0.6599999999999999
[2024-10-13 16:05:00,416][INFO] Step 22: size: 22, coverage: 36.50%, cost: 981.0, rand. prob: 0.635
[2024-10-13 16:05:00,427][INFO] Step 23: size: 23, coverage: 37.50%, cost: 1066.0, rand. prob: 0.625
[2024-10-13 16:05:00,438][INFO] Step 24: size: 24, coverage: 40.00%, cost: 1067.0, rand. prob: 0.6
[2024-10-13 16:05:00,448][INFO] Step 25: size: 25, coverage: 42.00%, cost: 1081.0, rand. prob: 0.5800000000000001
[2024-10-13 16:05:00,459][INFO] Step 26: size: 26, coverage: 44.00%, cost: 1082.0, rand. prob: 0.56
[2024-10-13 16:05:00,470][INFO] Step 27: size: 27, coverage: 46.00%, cost: 1083.0, rand. prob: 0.54
[2024-10-13 16:05:00,481][INFO] Step 28: size: 28, coverage: 48.00%, cost: 1160.0, rand. prob: 0.52
[2024-10-13 16:05:00,492][INFO] Step 29: size: 29, coverage: 50.50%, cost: 1226.0, rand. prob: 0.495
[2024-10-13 16:05:00,503][INFO] Step 30: size: 30, coverage: 53.50%, cost: 1269.0, rand. prob: 0.46499999999999997
[2024-10-13 16:05:00,513][INFO] Step 31: size: 31, coverage: 54.50%, cost: 1345.0, rand. prob: 0.45499999999999996
[2024-10-13 16:05:00,524][INFO] Step 32: size: 32, coverage: 56.00%, cost: 1423.0, rand. prob: 0.43999999999999995
[2024-10-13 16:05:00,535][INFO] Step 33: size: 33, coverage: 58.00%, cost: 1424.0, rand. prob: 0.42000000000000004
[2024-10-13 16:05:00,546][INFO] Step 34: size: 34, coverage: 59.50%, cost: 1425.0, rand. prob: 0.405
[2024-10-13 16:05:00,557][INFO] Step 35: size: 35, coverage: 60.00%, cost: 1452.0, rand. prob: 0.4
[2024-10-13 16:05:00,568][INFO] Step 36: size: 36, coverage: 61.50%, cost: 1453.0, rand. prob: 0.385
[2024-10-13 16:05:00,579][INFO] Step 37: size: 37, coverage: 63.00%, cost: 1454.0, rand. prob: 0.37
[2024-10-13 16:05:00,590][INFO] Step 38: size: 38, coverage: 64.50%, cost: 1455.0, rand. prob: 0.355
[2024-10-13 16:05:00,601][INFO] Step 39: size: 39, coverage: 65.50%, cost: 1456.0, rand. prob: 0.345
[2024-10-13 16:05:00,612][INFO] Step 40: size: 40, coverage: 67.50%, cost: 1458.0, rand. prob: 0.32499999999999996
[2024-10-13 16:05:00,623][INFO] Step 41: size: 41, coverage: 68.00%, cost: 1495.0, rand. prob: 0.31999999999999995
[2024-10-13 16:05:00,634][INFO] Step 42: size: 42, coverage: 68.50%, cost: 1571.0, rand. prob: 0.31499999999999995
[2024-10-13 16:05:00,646][INFO] Step 43: size: 43, coverage: 69.00%, cost: 1596.0, rand. prob: 0.31000000000000005
[2024-10-13 16:05:00,657][INFO] Step 44: size: 44, coverage: 70.50%, cost: 1598.0, rand. prob: 0.29500000000000004
[2024-10-13 16:05:00,668][INFO] Step 45: size: 45, coverage: 71.00%, cost: 1599.0, rand. prob: 0.29000000000000004
[2024-10-13 16:05:00,679][INFO] Step 46: size: 46, coverage: 71.50%, cost: 1600.0, rand. prob: 0.28500000000000003
[2024-10-13 16:05:00,690][INFO] Step 47: size: 47, coverage: 72.00%, cost: 1601.0, rand. prob: 0.28
[2024-10-13 16:05:00,702][INFO] Step 48: size: 48, coverage: 72.50%, cost: 1602.0, rand. prob: 0.275
[2024-10-13 16:05:00,713][INFO] Step 49: size: 49, coverage: 73.00%, cost: 1664.0, rand. prob: 0.27
[2024-10-13 16:05:00,725][INFO] Step 50: size: 50, coverage: 73.50%, cost: 1724.0, rand. prob: 0.265
[2024-10-13 16:05:00,736][INFO] Step 51: size: 51, coverage: 74.00%, cost: 1725.0, rand. prob: 0.26
[2024-10-13 16:05:00,748][INFO] Step 52: size: 52, coverage: 74.50%, cost: 1738.0, rand. prob: 0.255
[2024-10-13 16:05:00,759][INFO] Step 53: size: 53, coverage: 75.50%, cost: 1742.0, rand. prob: 0.245
[2024-10-13 16:05:00,771][INFO] Step 54: size: 54, coverage: 76.00%, cost: 1743.0, rand. prob: 0.24
[2024-10-13 16:05:00,782][INFO] Step 55: size: 55, coverage: 76.50%, cost: 1744.0, rand. prob: 0.235
[2024-10-13 16:05:00,794][INFO] Step 56: size: 56, coverage: 77.00%, cost: 1745.0, rand. prob: 0.22999999999999998
[2024-10-13 16:05:00,806][INFO] Step 57: size: 57, coverage: 78.00%, cost: 1747.0, rand. prob: 0.21999999999999997
[2024-10-13 16:05:00,817][INFO] Step 58: size: 58, coverage: 79.00%, cost: 1749.0, rand. prob: 0.20999999999999996
[2024-10-13 16:05:00,829][INFO] Step 59: size: 59, coverage: 81.00%, cost: 1754.0, rand. prob: 0.18999999999999995
[2024-10-13 16:05:00,841][INFO] Step 60: size: 60, coverage: 83.00%, cost: 1759.0, rand. prob: 0.17000000000000004
[2024-10-13 16:05:00,853][INFO] Step 61: size: 61, coverage: 84.00%, cost: 1762.0, rand. prob: 0.16000000000000003
[2024-10-13 16:05:00,864][INFO] Step 62: size: 62, coverage: 85.50%, cost: 1767.0, rand. prob: 0.14500000000000002
[2024-10-13 16:05:00,876][INFO] Step 63: size: 63, coverage: 86.00%, cost: 1769.0, rand. prob: 0.14
[2024-10-13 16:05:00,888][INFO] Step 64: size: 64, coverage: 87.50%, cost: 1802.0, rand. prob: 0.125
[2024-10-13 16:05:00,899][INFO] Step 65: size: 65, coverage: 88.00%, cost: 1804.0, rand. prob: 0.12
[2024-10-13 16:05:00,911][INFO] Step 66: size: 66, coverage: 88.50%, cost: 1806.0, rand. prob: 0.11499999999999999
[2024-10-13 16:05:00,923][INFO] Step 67: size: 67, coverage: 89.50%, cost: 1852.0, rand. prob: 0.10499999999999998
[2024-10-13 16:05:00,935][INFO] Step 68: size: 68, coverage: 90.00%, cost: 1854.0, rand. prob: 0.09999999999999998
[2024-10-13 16:05:00,947][INFO] Step 69: size: 69, coverage: 91.00%, cost: 1858.0, rand. prob: 0.08999999999999997
[2024-10-13 16:05:00,959][INFO] Step 70: size: 70, coverage: 92.00%, cost: 1863.0, rand. prob: 0.07999999999999996
[2024-10-13 16:05:00,971][INFO] Step 71: size: 71, coverage: 92.50%, cost: 1948.0, rand. prob: 0.07499999999999996
[2024-10-13 16:05:00,982][INFO] Step 72: size: 72, coverage: 93.00%, cost: 1951.0, rand. prob: 0.06999999999999995
[2024-10-13 16:05:00,994][INFO] Step 73: size: 73, coverage: 93.50%, cost: 1954.0, rand. prob: 0.06499999999999995
[2024-10-13 16:05:01,006][INFO] Step 74: size: 74, coverage: 94.00%, cost: 1957.0, rand. prob: 0.06000000000000005
[2024-10-13 16:05:01,018][INFO] Step 75: size: 75, coverage: 94.50%, cost: 1961.0, rand. prob: 0.05500000000000005
[2024-10-13 16:05:01,030][INFO] Step 76: size: 76, coverage: 95.00%, cost: 1965.0, rand. prob: 0.050000000000000044
[2024-10-13 16:05:01,042][INFO] Step 77: size: 77, coverage: 95.50%, cost: 1969.0, rand. prob: 0.04500000000000004
[2024-10-13 16:05:01,054][INFO] Step 78: size: 78, coverage: 96.00%, cost: 1973.0, rand. prob: 0.040000000000000036
[2024-10-13 16:05:01,066][INFO] Step 79: size: 79, coverage: 96.50%, cost: 1977.0, rand. prob: 0.03500000000000003
[2024-10-13 16:05:01,078][INFO] Step 80: size: 80, coverage: 97.50%, cost: 1985.0, rand. prob: 0.025000000000000022
[2024-10-13 16:05:01,090][INFO] Step 81: size: 81, coverage: 98.00%, cost: 1990.0, rand. prob: 0.020000000000000018
[2024-10-13 16:05:01,102][INFO] Step 82: size: 82, coverage: 98.50%, cost: 1995.0, rand. prob: 0.015000000000000013
[2024-10-13 16:05:01,115][INFO] Step 83: size: 83, coverage: 99.00%, cost: 2001.0, rand. prob: 0.010000000000000009
[2024-10-13 16:05:01,127][INFO] Step 84: size: 84, coverage: 99.50%, cost: 2010.0, rand. prob: 0.0050000000000000044
[2024-10-13 16:05:01,139][INFO] Step 85: size: 85, coverage: 100.00%, cost: 2019.0, rand. prob: 0.0
[2024-10-13 16:05:01,141][INFO] Size: 85 -> 75
[2024-10-13 16:05:01,141][INFO] Cost: 2019.0 -> 1657.0
[2024-10-13 16:10:31,537][INFO] Step 1: size: 1, coverage: 1.50%, cost: 56.0, rand. prob: 0.985
[2024-10-13 16:10:31,545][INFO] Step 2: size: 2, coverage: 2.00%, cost: 129.0, rand. prob: 0.98
[2024-10-13 16:10:31,552][INFO] Step 3: size: 3, coverage: 3.00%, cost: 206.0, rand. prob: 0.97
[2024-10-13 16:10:31,560][INFO] Step 4: size: 4, coverage: 3.50%, cost: 256.0, rand. prob: 0.965
[2024-10-13 16:10:31,569][INFO] Step 5: size: 5, coverage: 4.50%, cost: 273.0, rand. prob: 0.955
[2024-10-13 16:10:31,577][INFO] Step 6: size: 6, coverage: 6.50%, cost: 339.0, rand. prob: 0.935
[2024-10-13 16:10:31,586][INFO] Step 7: size: 7, coverage: 9.00%, cost: 429.0, rand. prob: 0.91
[2024-10-13 16:10:31,594][INFO] Step 8: size: 8, coverage: 10.50%, cost: 525.0, rand. prob: 0.895
[2024-10-13 16:10:31,603][INFO] Step 9: size: 9, coverage: 12.50%, cost: 573.0, rand. prob: 0.875
[2024-10-13 16:10:31,611][INFO] Step 10: size: 10, coverage: 13.50%, cost: 596.0, rand. prob: 0.865
[2024-10-13 16:10:31,620][INFO] Step 11: size: 11, coverage: 14.50%, cost: 662.0, rand. prob: 0.855
[2024-10-13 16:10:31,628][INFO] Step 12: size: 12, coverage: 17.50%, cost: 663.0, rand. prob: 0.825
[2024-10-13 16:10:31,637][INFO] Step 13: size: 13, coverage: 20.00%, cost: 674.0, rand. prob: 0.8
[2024-10-13 16:10:31,646][INFO] Step 14: size: 14, coverage: 22.00%, cost: 733.0, rand. prob: 0.78
[2024-10-13 16:10:31,655][INFO] Step 15: size: 15, coverage: 24.50%, cost: 775.0, rand. prob: 0.755
[2024-10-13 16:10:31,664][INFO] Step 16: size: 16, coverage: 26.50%, cost: 786.0, rand. prob: 0.735
[2024-10-13 16:10:31,673][INFO] Step 17: size: 17, coverage: 28.00%, cost: 801.0, rand. prob: 0.72
[2024-10-13 16:10:31,682][INFO] Step 18: size: 18, coverage: 29.50%, cost: 817.0, rand. prob: 0.7050000000000001
[2024-10-13 16:10:31,690][INFO] Step 19: size: 19, coverage: 32.00%, cost: 818.0, rand. prob: 0.6799999999999999
[2024-10-13 16:10:31,699][INFO] Step 20: size: 20, coverage: 33.50%, cost: 908.0, rand. prob: 0.665
[2024-10-13 16:10:31,708][INFO] Step 21: size: 21, coverage: 34.00%, cost: 959.0, rand. prob: 0.6599999999999999
[2024-10-13 16:10:31,717][INFO] Step 22: size: 22, coverage: 36.50%, cost: 981.0, rand. prob: 0.635
[2024-10-13 16:10:31,726][INFO] Step 23: size: 23, coverage: 37.50%, cost: 1066.0, rand. prob: 0.625
[2024-10-13 16:10:31,735][INFO] Step 24: size: 24, coverage: 40.00%, cost: 1067.0, rand. prob: 0.6
[2024-10-13 16:10:31,744][INFO] Step 25: size: 25, coverage: 42.00%, cost: 1081.0, rand. prob: 0.5800000000000001
[2024-10-13 16:10:31,753][INFO] Step 26: size: 26, coverage: 44.00%, cost: 1082.0, rand. prob: 0.56
[2024-10-13 16:10:31,762][INFO] Step 27: size: 27, coverage: 46.00%, cost: 1083.0, rand. prob: 0.54
[2024-10-13 16:10:31,771][INFO] Step 28: size: 28, coverage: 48.00%, cost: 1160.0, rand. prob: 0.52
[2024-10-13 16:10:31,780][INFO] Step 29: size: 29, coverage: 50.50%, cost: 1226.0, rand. prob: 0.495
[2024-10-13 16:10:31,789][INFO] Step 30: size: 30, coverage: 53.50%, cost: 1269.0, rand. prob: 0.46499999999999997
[2024-10-13 16:10:31,798][INFO] Step 31: size: 31, coverage: 54.50%, cost: 1345.0, rand. prob: 0.45499999999999996
[2024-10-13 16:10:31,808][INFO] Step 32: size: 32, coverage: 56.00%, cost: 1423.0, rand. prob: 0.43999999999999995
[2024-10-13 16:10:31,817][INFO] Step 33: size: 33, coverage: 58.00%, cost: 1424.0, rand. prob: 0.42000000000000004
[2024-10-13 16:10:31,826][INFO] Step 34: size: 34, coverage: 59.50%, cost: 1425.0, rand. prob: 0.405
[2024-10-13 16:10:31,835][INFO] Step 35: size: 35, coverage: 60.00%, cost: 1452.0, rand. prob: 0.4
[2024-10-13 16:10:31,844][INFO] Step 36: size: 36, coverage: 61.50%, cost: 1453.0, rand. prob: 0.385
[2024-10-13 16:10:31,853][INFO] Step 37: size: 37, coverage: 63.00%, cost: 1454.0, rand. prob: 0.37
[2024-10-13 16:10:31,862][INFO] Step 38: size: 38, coverage: 64.50%, cost: 1455.0, rand. prob: 0.355
[2024-10-13 16:10:31,872][INFO] Step 39: size: 39, coverage: 65.50%, cost: 1456.0, rand. prob: 0.345
[2024-10-13 16:10:31,881][INFO] Step 40: size: 40, coverage: 67.50%, cost: 1458.0, rand. prob: 0.32499999999999996
[2024-10-13 16:10:31,890][INFO] Step 41: size: 41, coverage: 68.00%, cost: 1495.0, rand. prob: 0.31999999999999995
[2024-10-13 16:10:31,899][INFO] Step 42: size: 42, coverage: 68.50%, cost: 1571.0, rand. prob: 0.31499999999999995
[2024-10-13 16:10:31,909][INFO] Step 43: size: 43, coverage: 69.00%, cost: 1596.0, rand. prob: 0.31000000000000005
[2024-10-13 16:10:31,918][INFO] Step 44: size: 44, coverage: 70.50%, cost: 1598.0, rand. prob: 0.29500000000000004
[2024-10-13 16:10:31,927][INFO] Step 45: size: 45, coverage: 71.00%, cost: 1599.0, rand. prob: 0.29000000000000004
[2024-10-13 16:10:31,937][INFO] Step 46: size: 46, coverage: 71.50%, cost: 1600.0, rand. prob: 0.28500000000000003
[2024-10-13 16:10:31,946][INFO] Step 47: size: 47, coverage: 72.00%, cost: 1601.0, rand. prob: 0.28
[2024-10-13 16:10:31,955][INFO] Step 48: size: 48, coverage: 72.50%, cost: 1602.0, rand. prob: 0.275
[2024-10-13 16:10:31,965][INFO] Step 49: size: 49, coverage: 73.00%, cost: 1664.0, rand. prob: 0.27
[2024-10-13 16:10:31,974][INFO] Step 50: size: 50, coverage: 73.50%, cost: 1724.0, rand. prob: 0.265
[2024-10-13 16:10:31,984][INFO] Step 51: size: 51, coverage: 74.00%, cost: 1725.0, rand. prob: 0.26
[2024-10-13 16:10:31,993][INFO] Step 52: size: 52, coverage: 74.50%, cost: 1738.0, rand. prob: 0.255
[2024-10-13 16:10:32,003][INFO] Step 53: size: 53, coverage: 75.50%, cost: 1742.0, rand. prob: 0.245
[2024-10-13 16:10:32,013][INFO] Step 54: size: 54, coverage: 76.00%, cost: 1743.0, rand. prob: 0.24
[2024-10-13 16:10:32,022][INFO] Step 55: size: 55, coverage: 76.50%, cost: 1744.0, rand. prob: 0.235
[2024-10-13 16:10:32,032][INFO] Step 56: size: 56, coverage: 77.00%, cost: 1745.0, rand. prob: 0.22999999999999998
[2024-10-13 16:10:32,042][INFO] Step 57: size: 57, coverage: 78.00%, cost: 1747.0, rand. prob: 0.21999999999999997
[2024-10-13 16:10:32,051][INFO] Step 58: size: 58, coverage: 79.00%, cost: 1749.0, rand. prob: 0.20999999999999996
[2024-10-13 16:10:32,061][INFO] Step 59: size: 59, coverage: 81.00%, cost: 1754.0, rand. prob: 0.18999999999999995
[2024-10-13 16:10:32,071][INFO] Step 60: size: 60, coverage: 83.00%, cost: 1759.0, rand. prob: 0.17000000000000004
[2024-10-13 16:10:32,081][INFO] Step 61: size: 61, coverage: 84.00%, cost: 1762.0, rand. prob: 0.16000000000000003
[2024-10-13 16:10:32,090][INFO] Step 62: size: 62, coverage: 85.50%, cost: 1767.0, rand. prob: 0.14500000000000002
[2024-10-13 16:10:32,100][INFO] Step 63: size: 63, coverage: 86.00%, cost: 1769.0, rand. prob: 0.14
[2024-10-13 16:10:32,110][INFO] Step 64: size: 64, coverage: 87.50%, cost: 1802.0, rand. prob: 0.125
[2024-10-13 16:10:32,120][INFO] Step 65: size: 65, coverage: 88.00%, cost: 1804.0, rand. prob: 0.12
[2024-10-13 16:10:32,129][INFO] Step 66: size: 66, coverage: 88.50%, cost: 1806.0, rand. prob: 0.11499999999999999
[2024-10-13 16:10:32,139][INFO] Step 67: size: 67, coverage: 89.50%, cost: 1852.0, rand. prob: 0.10499999999999998
[2024-10-13 16:10:32,149][INFO] Step 68: size: 68, coverage: 90.00%, cost: 1854.0, rand. prob: 0.09999999999999998
[2024-10-13 16:10:32,159][INFO] Step 69: size: 69, coverage: 91.00%, cost: 1858.0, rand. prob: 0.08999999999999997
[2024-10-13 16:10:32,169][INFO] Step 70: size: 70, coverage: 92.00%, cost: 1863.0, rand. prob: 0.07999999999999996
[2024-10-13 16:10:32,179][INFO] Step 71: size: 71, coverage: 92.50%, cost: 1948.0, rand. prob: 0.07499999999999996
[2024-10-13 16:10:32,189][INFO] Step 72: size: 72, coverage: 93.00%, cost: 1951.0, rand. prob: 0.06999999999999995
[2024-10-13 16:10:32,199][INFO] Step 73: size: 73, coverage: 93.50%, cost: 1954.0, rand. prob: 0.06499999999999995
[2024-10-13 16:10:32,209][INFO] Step 74: size: 74, coverage: 94.00%, cost: 1957.0, rand. prob: 0.06000000000000005
[2024-10-13 16:10:32,219][INFO] Step 75: size: 75, coverage: 94.50%, cost: 1961.0, rand. prob: 0.05500000000000005
[2024-10-13 16:10:32,229][INFO] Step 76: size: 76, coverage: 95.00%, cost: 1965.0, rand. prob: 0.050000000000000044
[2024-10-13 16:10:32,239][INFO] Step 77: size: 77, coverage: 95.50%, cost: 1969.0, rand. prob: 0.04500000000000004
[2024-10-13 16:10:32,249][INFO] Step 78: size: 78, coverage: 96.00%, cost: 1973.0, rand. prob: 0.040000000000000036
[2024-10-13 16:10:32,259][INFO] Step 79: size: 79, coverage: 96.50%, cost: 1977.0, rand. prob: 0.03500000000000003
[2024-10-13 16:10:32,269][INFO] Step 80: size: 80, coverage: 97.50%, cost: 1985.0, rand. prob: 0.025000000000000022
[2024-10-13 16:10:32,279][INFO] Step 81: size: 81, coverage: 98.00%, cost: 1990.0, rand. prob: 0.020000000000000018
[2024-10-13 16:10:32,289][INFO] Step 82: size: 82, coverage: 98.50%, cost: 1995.0, rand. prob: 0.015000000000000013
[2024-10-13 16:10:32,299][INFO] Step 83: size: 83, coverage: 99.00%, cost: 2001.0, rand. prob: 0.010000000000000009
[2024-10-13 16:10:32,309][INFO] Step 84: size: 84, coverage: 99.50%, cost: 2010.0, rand. prob: 0.0050000000000000044
[2024-10-13 16:10:32,320][INFO] Step 85: size: 85, coverage: 100.00%, cost: 2019.0, rand. prob: 0.0
[2024-10-13 16:10:32,321][INFO] Size: 85 -> 75
[2024-10-13 16:10:32,321][INFO] Cost: 2019.0 -> 1657.0
