[2024-10-13 15:18:41,598][INFO] Step 1: size: 1, coverage: 5.50%, cost: 89.0
[2024-10-13 15:18:41,604][INFO] Step 2: size: 2, coverage: 10.50%, cost: 90.0
[2024-10-13 15:18:41,610][INFO] Step 3: size: 3, coverage: 15.50%, cost: 97.0
[2024-10-13 15:18:41,617][INFO] Step 4: size: 4, coverage: 20.00%, cost: 98.0
[2024-10-13 15:18:41,623][INFO] Step 5: size: 5, coverage: 24.50%, cost: 109.0
[2024-10-13 15:18:41,630][INFO] Step 6: size: 6, coverage: 29.00%, cost: 146.0
[2024-10-13 15:18:41,636][INFO] Step 7: size: 7, coverage: 33.00%, cost: 188.0
[2024-10-13 15:18:41,643][INFO] Step 8: size: 8, coverage: 37.00%, cost: 276.0
[2024-10-13 15:18:41,649][INFO] Step 9: size: 9, coverage: 40.50%, cost: 278.0
[2024-10-13 15:18:41,655][INFO] Step 10: size: 10, coverage: 44.00%, cost: 327.0
[2024-10-13 15:18:41,662][INFO] Step 11: size: 11, coverage: 47.50%, cost: 384.0
[2024-10-13 15:18:41,668][INFO] Step 12: size: 12, coverage: 51.00%, cost: 442.0
[2024-10-13 15:18:41,675][INFO] Step 13: size: 13, coverage: 54.50%, cost: 504.0
[2024-10-13 15:18:41,681][INFO] Step 14: size: 14, coverage: 57.50%, cost: 530.0
[2024-10-13 15:18:41,688][INFO] Step 15: size: 15, coverage: 60.50%, cost: 559.0
[2024-10-13 15:18:41,694][INFO] Step 16: size: 16, coverage: 63.50%, cost: 635.0
[2024-10-13 15:18:41,701][INFO] Step 17: size: 17, coverage: 66.50%, cost: 725.0
[2024-10-13 15:18:41,707][INFO] Step 18: size: 18, coverage: 69.00%, cost: 732.0
[2024-10-13 15:18:41,714][INFO] Step 19: size: 19, coverage: 71.50%, cost: 740.0
[2024-10-13 15:18:41,721][INFO] Step 20: size: 20, coverage: 74.00%, cost: 814.0
[2024-10-13 15:18:41,727][INFO] Step 21: size: 21, coverage: 76.00%, cost: 818.0
[2024-10-13 15:18:41,734][INFO] Step 22: size: 22, coverage: 78.00%, cost: 845.0
[2024-10-13 15:18:41,741][INFO] Step 23: size: 23, coverage: 80.00%, cost: 876.0
[2024-10-13 15:18:41,747][INFO] Step 24: size: 24, coverage: 82.00%, cost: 909.0
[2024-10-13 15:18:41,754][INFO] Step 25: size: 25, coverage: 84.00%, cost: 954.0
[2024-10-13 15:18:41,761][INFO] Step 26: size: 26, coverage: 86.00%, cost: 1053.0
[2024-10-13 15:18:41,768][INFO] Step 27: size: 27, coverage: 87.50%, cost: 1056.0
[2024-10-13 15:18:41,775][INFO] Step 28: size: 28, coverage: 89.00%, cost: 1076.0
[2024-10-13 15:18:41,782][INFO] Step 29: size: 29, coverage: 90.50%, cost: 1103.0
[2024-10-13 15:18:41,789][INFO] Step 30: size: 30, coverage: 91.50%, cost: 1104.0
[2024-10-13 15:18:41,796][INFO] Step 31: size: 31, coverage: 92.50%, cost: 1106.0
[2024-10-13 15:18:41,803][INFO] Step 32: size: 32, coverage: 93.50%, cost: 1111.0
[2024-10-13 15:18:41,810][INFO] Step 33: size: 33, coverage: 94.50%, cost: 1117.0
[2024-10-13 15:18:41,818][INFO] Step 34: size: 34, coverage: 95.50%, cost: 1123.0
[2024-10-13 15:18:41,825][INFO] Step 35: size: 35, coverage: 96.50%, cost: 1133.0
[2024-10-13 15:18:41,832][INFO] Step 36: size: 36, coverage: 97.50%, cost: 1162.0
[2024-10-13 15:18:41,839][INFO] Step 37: size: 37, coverage: 98.50%, cost: 1206.0
[2024-10-13 15:18:41,847][INFO] Step 38: size: 38, coverage: 99.00%, cost: 1207.0
[2024-10-13 15:18:41,854][INFO] Step 39: size: 39, coverage: 99.50%, cost: 1210.0
[2024-10-13 15:18:41,862][INFO] Step 40: size: 40, coverage: 100.00%, cost: 1216.0
[2024-10-13 15:18:41,862][INFO] Size: 40 -> 40
[2024-10-13 15:18:41,862][INFO] Cost: 1216.0 -> 1216.0
[2024-10-13 15:40:21,481][INFO] Step 1: size: 1, coverage: 1.00%, cost: 45.0
[2024-10-13 15:40:21,490][INFO] Step 2: size: 2, coverage: 3.00%, cost: 138.0
[2024-10-13 15:40:21,500][INFO] Step 3: size: 3, coverage: 3.50%, cost: 204.0
[2024-10-13 15:40:21,509][INFO] Step 4: size: 4, coverage: 6.00%, cost: 254.0
[2024-10-13 15:40:21,519][INFO] Step 5: size: 5, coverage: 9.00%, cost: 345.0
[2024-10-13 15:40:21,529][INFO] Step 6: size: 6, coverage: 11.50%, cost: 351.0
[2024-10-13 15:40:21,538][INFO] Step 7: size: 7, coverage: 13.00%, cost: 398.0
[2024-10-13 15:40:21,548][INFO] Step 8: size: 8, coverage: 13.50%, cost: 405.0
[2024-10-13 15:40:21,558][INFO] Step 9: size: 9, coverage: 14.00%, cost: 408.0
[2024-10-13 15:40:21,568][INFO] Step 10: size: 10, coverage: 15.50%, cost: 456.0
[2024-10-13 15:40:21,578][INFO] Step 11: size: 11, coverage: 16.00%, cost: 517.0
[2024-10-13 15:40:21,588][INFO] Step 12: size: 12, coverage: 17.50%, cost: 520.0
[2024-10-13 15:40:21,598][INFO] Step 13: size: 13, coverage: 19.50%, cost: 542.0
[2024-10-13 15:40:21,609][INFO] Step 14: size: 14, coverage: 20.50%, cost: 619.0
[2024-10-13 15:40:21,619][INFO] Step 15: size: 15, coverage: 22.50%, cost: 698.0
[2024-10-13 15:40:21,629][INFO] Step 16: size: 16, coverage: 26.00%, cost: 740.0
[2024-10-13 15:40:21,640][INFO] Step 17: size: 17, coverage: 26.50%, cost: 826.0
[2024-10-13 15:40:21,650][INFO] Step 18: size: 18, coverage: 27.50%, cost: 878.0
[2024-10-13 15:40:21,661][INFO] Step 19: size: 19, coverage: 28.00%, cost: 914.0
[2024-10-13 15:40:21,671][INFO] Step 20: size: 20, coverage: 29.50%, cost: 988.0
[2024-10-13 15:40:21,681][INFO] Step 21: size: 21, coverage: 30.50%, cost: 1080.0
[2024-10-13 15:40:21,692][INFO] Step 22: size: 22, coverage: 31.00%, cost: 1092.0
[2024-10-13 15:40:21,702][INFO] Step 23: size: 23, coverage: 32.50%, cost: 1175.0
[2024-10-13 15:40:21,713][INFO] Step 24: size: 24, coverage: 33.00%, cost: 1204.0
[2024-10-13 15:40:21,724][INFO] Step 25: size: 25, coverage: 36.50%, cost: 1226.0
[2024-10-13 15:40:21,734][INFO] Step 26: size: 26, coverage: 37.50%, cost: 1280.0
[2024-10-13 15:40:21,745][INFO] Step 27: size: 27, coverage: 39.00%, cost: 1355.0
[2024-10-13 15:40:21,756][INFO] Step 28: size: 28, coverage: 40.50%, cost: 1426.0
[2024-10-13 15:40:21,768][INFO] Step 29: size: 29, coverage: 42.00%, cost: 1464.0
[2024-10-13 15:40:21,780][INFO] Step 30: size: 30, coverage: 43.00%, cost: 1479.0
[2024-10-13 15:40:21,792][INFO] Step 31: size: 31, coverage: 44.00%, cost: 1575.0
[2024-10-13 15:40:21,804][INFO] Step 32: size: 32, coverage: 45.50%, cost: 1646.0
[2024-10-13 15:40:21,817][INFO] Step 33: size: 33, coverage: 48.00%, cost: 1702.0
[2024-10-13 15:40:21,830][INFO] Step 34: size: 34, coverage: 50.00%, cost: 1753.0
[2024-10-13 15:40:21,843][INFO] Step 35: size: 35, coverage: 51.00%, cost: 1777.0
[2024-10-13 15:40:21,854][INFO] Step 36: size: 36, coverage: 51.50%, cost: 1865.0
[2024-10-13 15:40:21,867][INFO] Step 37: size: 37, coverage: 52.00%, cost: 1926.0
[2024-10-13 15:40:21,879][INFO] Step 38: size: 38, coverage: 53.00%, cost: 2013.0
[2024-10-13 15:40:21,891][INFO] Step 39: size: 39, coverage: 54.00%, cost: 2056.0
[2024-10-13 15:40:21,903][INFO] Step 40: size: 40, coverage: 55.00%, cost: 2102.0
[2024-10-13 15:40:21,914][INFO] Step 41: size: 41, coverage: 56.00%, cost: 2154.0
[2024-10-13 15:40:21,926][INFO] Step 42: size: 42, coverage: 57.00%, cost: 2231.0
[2024-10-13 15:40:21,937][INFO] Step 43: size: 43, coverage: 57.50%, cost: 2276.0
[2024-10-13 15:40:21,949][INFO] Step 44: size: 44, coverage: 59.50%, cost: 2291.0
[2024-10-13 15:40:21,960][INFO] Step 45: size: 45, coverage: 60.00%, cost: 2380.0
[2024-10-13 15:40:21,973][INFO] Step 46: size: 46, coverage: 61.50%, cost: 2470.0
[2024-10-13 15:40:21,985][INFO] Step 47: size: 47, coverage: 63.00%, cost: 2500.0
[2024-10-13 15:40:21,999][INFO] Step 48: size: 48, coverage: 64.00%, cost: 2596.0
[2024-10-13 15:40:22,012][INFO] Step 49: size: 49, coverage: 64.50%, cost: 2647.0
[2024-10-13 15:40:22,024][INFO] Step 50: size: 50, coverage: 65.00%, cost: 2726.0
[2024-10-13 15:40:22,037][INFO] Step 51: size: 51, coverage: 65.50%, cost: 2804.0
[2024-10-13 15:40:22,050][INFO] Step 52: size: 52, coverage: 67.00%, cost: 2833.0
[2024-10-13 15:40:22,062][INFO] Step 53: size: 53, coverage: 68.00%, cost: 2870.0
[2024-10-13 15:40:22,075][INFO] Step 54: size: 54, coverage: 69.00%, cost: 2923.0
[2024-10-13 15:40:22,087][INFO] Step 55: size: 55, coverage: 69.50%, cost: 2961.0
[2024-10-13 15:40:22,099][INFO] Step 56: size: 56, coverage: 70.00%, cost: 3015.0
[2024-10-13 15:40:22,110][INFO] Step 57: size: 57, coverage: 71.50%, cost: 3104.0
[2024-10-13 15:40:22,122][INFO] Step 58: size: 58, coverage: 73.00%, cost: 3150.0
[2024-10-13 15:40:22,134][INFO] Step 59: size: 59, coverage: 73.50%, cost: 3207.0
[2024-10-13 15:40:22,146][INFO] Step 60: size: 60, coverage: 74.00%, cost: 3297.0
[2024-10-13 15:40:22,158][INFO] Step 61: size: 61, coverage: 75.50%, cost: 3395.0
[2024-10-13 15:40:22,170][INFO] Step 62: size: 62, coverage: 76.00%, cost: 3425.0
[2024-10-13 15:40:22,181][INFO] Step 63: size: 63, coverage: 76.50%, cost: 3456.0
[2024-10-13 15:40:22,193][INFO] Step 64: size: 64, coverage: 77.00%, cost: 3487.0
[2024-10-13 15:40:22,205][INFO] Step 65: size: 65, coverage: 77.50%, cost: 3559.0
[2024-10-13 15:40:22,218][INFO] Step 66: size: 66, coverage: 78.00%, cost: 3626.0
[2024-10-13 15:40:22,230][INFO] Step 67: size: 67, coverage: 79.00%, cost: 3644.0
[2024-10-13 15:40:22,242][INFO] Step 68: size: 68, coverage: 80.00%, cost: 3673.0
[2024-10-13 15:40:22,255][INFO] Step 69: size: 69, coverage: 80.50%, cost: 3771.0
[2024-10-13 15:40:22,267][INFO] Step 70: size: 70, coverage: 81.50%, cost: 3784.0
[2024-10-13 15:40:22,281][INFO] Step 71: size: 71, coverage: 82.00%, cost: 3820.0
[2024-10-13 15:40:22,293][INFO] Step 72: size: 72, coverage: 83.50%, cost: 3881.0
[2024-10-13 15:40:22,306][INFO] Step 73: size: 73, coverage: 84.50%, cost: 3963.0
[2024-10-13 15:40:22,319][INFO] Step 74: size: 74, coverage: 85.00%, cost: 4020.0
[2024-10-13 15:40:22,332][INFO] Step 75: size: 75, coverage: 87.00%, cost: 4036.0
[2024-10-13 15:40:22,346][INFO] Step 76: size: 76, coverage: 87.50%, cost: 4037.0
[2024-10-13 15:40:22,360][INFO] Step 77: size: 77, coverage: 88.00%, cost: 4058.0
[2024-10-13 15:40:22,374][INFO] Step 78: size: 78, coverage: 89.00%, cost: 4155.0
[2024-10-13 15:40:22,387][INFO] Step 79: size: 79, coverage: 89.50%, cost: 4220.0
[2024-10-13 15:40:22,400][INFO] Step 80: size: 80, coverage: 90.00%, cost: 4222.0
[2024-10-13 15:40:22,413][INFO] Step 81: size: 81, coverage: 91.00%, cost: 4268.0
[2024-10-13 15:40:22,425][INFO] Step 82: size: 82, coverage: 91.50%, cost: 4323.0
[2024-10-13 15:40:22,438][INFO] Step 83: size: 83, coverage: 92.00%, cost: 4370.0
[2024-10-13 15:40:22,450][INFO] Step 84: size: 84, coverage: 92.50%, cost: 4461.0
[2024-10-13 15:40:22,463][INFO] Step 85: size: 85, coverage: 93.00%, cost: 4498.0
[2024-10-13 15:40:22,475][INFO] Step 86: size: 86, coverage: 93.50%, cost: 4566.0
[2024-10-13 15:40:22,487][INFO] Step 87: size: 87, coverage: 94.00%, cost: 4574.0
[2024-10-13 15:40:22,500][INFO] Step 88: size: 88, coverage: 94.50%, cost: 4585.0
[2024-10-13 15:40:22,513][INFO] Step 89: size: 89, coverage: 95.00%, cost: 4634.0
[2024-10-13 15:40:22,525][INFO] Step 90: size: 90, coverage: 95.50%, cost: 4677.0
[2024-10-13 15:40:22,538][INFO] Step 91: size: 91, coverage: 96.00%, cost: 4689.0
[2024-10-13 15:40:22,550][INFO] Step 92: size: 92, coverage: 96.50%, cost: 4751.0
[2024-10-13 15:40:22,563][INFO] Step 93: size: 93, coverage: 97.00%, cost: 4806.0
[2024-10-13 15:40:22,575][INFO] Step 94: size: 94, coverage: 97.50%, cost: 4893.0
[2024-10-13 15:40:22,588][INFO] Step 95: size: 95, coverage: 98.00%, cost: 4945.0
[2024-10-13 15:40:22,601][INFO] Step 96: size: 96, coverage: 98.50%, cost: 5032.0
[2024-10-13 15:40:22,614][INFO] Step 97: size: 97, coverage: 99.00%, cost: 5060.0
[2024-10-13 15:40:22,627][INFO] Step 98: size: 98, coverage: 99.50%, cost: 5132.0
[2024-10-13 15:40:22,640][INFO] Step 99: size: 99, coverage: 100.00%, cost: 5216.0
[2024-10-13 15:40:22,640][INFO] Solved solution used 99 random steps
[2024-10-13 15:40:22,640][INFO] Current randomization probability: 0.0
[2024-10-13 15:40:22,640][INFO] Solved solution used 99 random steps
[2024-10-13 15:40:22,642][INFO] Size: 99 -> 80
[2024-10-13 15:40:22,642][INFO] Cost: 5216.0 -> 4179.0
[2024-10-13 15:59:03,502][INFO] Step 1: size: 1, coverage: 2.50%, cost: 95.0, rand. prob: 0.975
[2024-10-13 15:59:03,511][INFO] Step 2: size: 2, coverage: 4.50%, cost: 147.0, rand. prob: 0.955
[2024-10-13 15:59:03,521][INFO] Step 3: size: 3, coverage: 5.50%, cost: 199.0, rand. prob: 0.945
[2024-10-13 15:59:03,531][INFO] Step 4: size: 4, coverage: 8.00%, cost: 228.0, rand. prob: 0.92
[2024-10-13 15:59:03,540][INFO] Step 5: size: 5, coverage: 11.50%, cost: 287.0, rand. prob: 0.885
[2024-10-13 15:59:03,550][INFO] Step 6: size: 6, coverage: 13.50%, cost: 360.0, rand. prob: 0.865
[2024-10-13 15:59:03,560][INFO] Step 7: size: 7, coverage: 14.50%, cost: 402.0, rand. prob: 0.855
[2024-10-13 15:59:03,570][INFO] Step 8: size: 8, coverage: 16.50%, cost: 449.0, rand. prob: 0.835
[2024-10-13 15:59:03,580][INFO] Step 9: size: 9, coverage: 17.50%, cost: 456.0, rand. prob: 0.825
[2024-10-13 15:59:03,590][INFO] Step 10: size: 10, coverage: 19.50%, cost: 464.0, rand. prob: 0.8049999999999999
[2024-10-13 15:59:03,600][INFO] Step 11: size: 11, coverage: 20.50%, cost: 531.0, rand. prob: 0.795
[2024-10-13 15:59:03,610][INFO] Step 12: size: 12, coverage: 21.00%, cost: 631.0, rand. prob: 0.79
[2024-10-13 15:59:03,620][INFO] Step 13: size: 13, coverage: 25.50%, cost: 632.0, rand. prob: 0.745
[2024-10-13 15:59:03,630][INFO] Step 14: size: 14, coverage: 27.50%, cost: 730.0, rand. prob: 0.725
[2024-10-13 15:59:03,641][INFO] Step 15: size: 15, coverage: 30.00%, cost: 731.0, rand. prob: 0.7
[2024-10-13 15:59:03,651][INFO] Step 16: size: 16, coverage: 31.00%, cost: 808.0, rand. prob: 0.69
[2024-10-13 15:59:03,661][INFO] Step 17: size: 17, coverage: 32.50%, cost: 878.0, rand. prob: 0.675
[2024-10-13 15:59:03,672][INFO] Step 18: size: 18, coverage: 34.00%, cost: 880.0, rand. prob: 0.6599999999999999
[2024-10-13 15:59:03,682][INFO] Step 19: size: 19, coverage: 35.00%, cost: 976.0, rand. prob: 0.65
[2024-10-13 15:59:03,693][INFO] Step 20: size: 20, coverage: 35.50%, cost: 995.0, rand. prob: 0.645
[2024-10-13 15:59:03,704][INFO] Step 21: size: 21, coverage: 38.50%, cost: 1045.0, rand. prob: 0.615
[2024-10-13 15:59:03,715][INFO] Step 22: size: 22, coverage: 40.00%, cost: 1046.0, rand. prob: 0.6
[2024-10-13 15:59:03,725][INFO] Step 23: size: 23, coverage: 41.50%, cost: 1047.0, rand. prob: 0.585
[2024-10-13 15:59:03,736][INFO] Step 24: size: 24, coverage: 42.50%, cost: 1069.0, rand. prob: 0.575
[2024-10-13 15:59:03,746][INFO] Step 25: size: 25, coverage: 44.00%, cost: 1117.0, rand. prob: 0.56
[2024-10-13 15:59:03,757][INFO] Step 26: size: 26, coverage: 45.50%, cost: 1118.0, rand. prob: 0.5449999999999999
[2024-10-13 15:59:03,767][INFO] Step 27: size: 27, coverage: 47.00%, cost: 1119.0, rand. prob: 0.53
[2024-10-13 15:59:03,778][INFO] Step 28: size: 28, coverage: 48.50%, cost: 1180.0, rand. prob: 0.515
[2024-10-13 15:59:03,789][INFO] Step 29: size: 29, coverage: 50.00%, cost: 1239.0, rand. prob: 0.5
[2024-10-13 15:59:03,800][INFO] Step 30: size: 30, coverage: 51.50%, cost: 1240.0, rand. prob: 0.485
[2024-10-13 15:59:03,810][INFO] Step 31: size: 31, coverage: 53.00%, cost: 1241.0, rand. prob: 0.47
[2024-10-13 15:59:03,821][INFO] Step 32: size: 32, coverage: 56.00%, cost: 1243.0, rand. prob: 0.43999999999999995
[2024-10-13 15:59:03,832][INFO] Step 33: size: 33, coverage: 57.00%, cost: 1244.0, rand. prob: 0.43000000000000005
[2024-10-13 15:59:03,843][INFO] Step 34: size: 34, coverage: 57.50%, cost: 1246.0, rand. prob: 0.42500000000000004
[2024-10-13 15:59:03,853][INFO] Step 35: size: 35, coverage: 59.00%, cost: 1298.0, rand. prob: 0.41000000000000003
[2024-10-13 15:59:03,864][INFO] Step 36: size: 36, coverage: 60.00%, cost: 1299.0, rand. prob: 0.4
[2024-10-13 15:59:03,875][INFO] Step 37: size: 37, coverage: 61.00%, cost: 1300.0, rand. prob: 0.39
[2024-10-13 15:59:03,886][INFO] Step 38: size: 38, coverage: 62.00%, cost: 1301.0, rand. prob: 0.38
[2024-10-13 15:59:03,897][INFO] Step 39: size: 39, coverage: 63.00%, cost: 1369.0, rand. prob: 0.37
[2024-10-13 15:59:03,907][INFO] Step 40: size: 40, coverage: 64.50%, cost: 1371.0, rand. prob: 0.355
[2024-10-13 15:59:03,918][INFO] Step 41: size: 41, coverage: 66.00%, cost: 1373.0, rand. prob: 0.33999999999999997
[2024-10-13 15:59:03,930][INFO] Step 42: size: 42, coverage: 67.50%, cost: 1375.0, rand. prob: 0.32499999999999996
[2024-10-13 15:59:03,941][INFO] Step 43: size: 43, coverage: 68.00%, cost: 1419.0, rand. prob: 0.31999999999999995
[2024-10-13 15:59:03,951][INFO] Step 44: size: 44, coverage: 70.00%, cost: 1422.0, rand. prob: 0.30000000000000004
[2024-10-13 15:59:03,962][INFO] Step 45: size: 45, coverage: 72.50%, cost: 1426.0, rand. prob: 0.275
[2024-10-13 15:59:03,973][INFO] Step 46: size: 46, coverage: 73.00%, cost: 1427.0, rand. prob: 0.27
[2024-10-13 15:59:03,984][INFO] Step 47: size: 47, coverage: 73.50%, cost: 1428.0, rand. prob: 0.265
[2024-10-13 15:59:03,995][INFO] Step 48: size: 48, coverage: 74.00%, cost: 1429.0, rand. prob: 0.26
[2024-10-13 15:59:04,006][INFO] Step 49: size: 49, coverage: 74.50%, cost: 1430.0, rand. prob: 0.255
[2024-10-13 15:59:04,017][INFO] Step 50: size: 50, coverage: 75.00%, cost: 1431.0, rand. prob: 0.25
[2024-10-13 15:59:04,028][INFO] Step 51: size: 51, coverage: 76.00%, cost: 1433.0, rand. prob: 0.24
[2024-10-13 15:59:04,039][INFO] Step 52: size: 52, coverage: 76.50%, cost: 1436.0, rand. prob: 0.235
[2024-10-13 15:59:04,051][INFO] Step 53: size: 53, coverage: 77.00%, cost: 1452.0, rand. prob: 0.22999999999999998
[2024-10-13 15:59:04,062][INFO] Step 54: size: 54, coverage: 78.00%, cost: 1454.0, rand. prob: 0.21999999999999997
[2024-10-13 15:59:04,073][INFO] Step 55: size: 55, coverage: 79.50%, cost: 1458.0, rand. prob: 0.20499999999999996
[2024-10-13 15:59:04,084][INFO] Step 56: size: 56, coverage: 81.00%, cost: 1462.0, rand. prob: 0.18999999999999995
[2024-10-13 15:59:04,095][INFO] Step 57: size: 57, coverage: 82.00%, cost: 1465.0, rand. prob: 0.18000000000000005
[2024-10-13 15:59:04,106][INFO] Step 58: size: 58, coverage: 83.00%, cost: 1468.0, rand. prob: 0.17000000000000004
[2024-10-13 15:59:04,117][INFO] Step 59: size: 59, coverage: 83.50%, cost: 1470.0, rand. prob: 0.16500000000000004
[2024-10-13 15:59:04,129][INFO] Step 60: size: 60, coverage: 84.00%, cost: 1539.0, rand. prob: 0.16000000000000003
[2024-10-13 15:59:04,140][INFO] Step 61: size: 61, coverage: 84.50%, cost: 1619.0, rand. prob: 0.15500000000000003
[2024-10-13 15:59:04,152][INFO] Step 62: size: 62, coverage: 85.00%, cost: 1621.0, rand. prob: 0.15000000000000002
[2024-10-13 15:59:04,163][INFO] Step 63: size: 63, coverage: 85.50%, cost: 1623.0, rand. prob: 0.14500000000000002
[2024-10-13 15:59:04,174][INFO] Step 64: size: 64, coverage: 86.00%, cost: 1625.0, rand. prob: 0.14
[2024-10-13 15:59:04,186][INFO] Step 65: size: 65, coverage: 87.00%, cost: 1635.0, rand. prob: 0.13
[2024-10-13 15:59:04,197][INFO] Step 66: size: 66, coverage: 87.50%, cost: 1637.0, rand. prob: 0.125
[2024-10-13 15:59:04,209][INFO] Step 67: size: 67, coverage: 88.00%, cost: 1639.0, rand. prob: 0.12
[2024-10-13 15:59:04,220][INFO] Step 68: size: 68, coverage: 89.00%, cost: 1643.0, rand. prob: 0.10999999999999999
[2024-10-13 15:59:04,231][INFO] Step 69: size: 69, coverage: 90.00%, cost: 1676.0, rand. prob: 0.09999999999999998
[2024-10-13 15:59:04,243][INFO] Step 70: size: 70, coverage: 91.50%, cost: 1682.0, rand. prob: 0.08499999999999996
[2024-10-13 15:59:04,254][INFO] Step 71: size: 71, coverage: 92.00%, cost: 1685.0, rand. prob: 0.07999999999999996
[2024-10-13 15:59:04,266][INFO] Step 72: size: 72, coverage: 92.50%, cost: 1688.0, rand. prob: 0.07499999999999996
[2024-10-13 15:59:04,277][INFO] Step 73: size: 73, coverage: 93.50%, cost: 1694.0, rand. prob: 0.06499999999999995
[2024-10-13 15:59:04,289][INFO] Step 74: size: 74, coverage: 94.00%, cost: 1698.0, rand. prob: 0.06000000000000005
[2024-10-13 15:59:04,300][INFO] Step 75: size: 75, coverage: 94.50%, cost: 1702.0, rand. prob: 0.05500000000000005
[2024-10-13 15:59:04,312][INFO] Step 76: size: 76, coverage: 95.00%, cost: 1706.0, rand. prob: 0.050000000000000044
[2024-10-13 15:59:04,323][INFO] Step 77: size: 77, coverage: 95.50%, cost: 1710.0, rand. prob: 0.04500000000000004
[2024-10-13 15:59:04,335][INFO] Step 78: size: 78, coverage: 96.50%, cost: 1718.0, rand. prob: 0.03500000000000003
[2024-10-13 15:59:04,347][INFO] Step 79: size: 79, coverage: 97.50%, cost: 1727.0, rand. prob: 0.025000000000000022
[2024-10-13 15:59:04,358][INFO] Step 80: size: 80, coverage: 98.00%, cost: 1733.0, rand. prob: 0.020000000000000018
[2024-10-13 15:59:04,370][INFO] Step 81: size: 81, coverage: 98.50%, cost: 1740.0, rand. prob: 0.015000000000000013
[2024-10-13 15:59:04,381][INFO] Step 82: size: 82, coverage: 99.00%, cost: 1748.0, rand. prob: 0.010000000000000009
[2024-10-13 15:59:04,393][INFO] Step 83: size: 83, coverage: 99.50%, cost: 1757.0, rand. prob: 0.0050000000000000044
[2024-10-13 15:59:04,405][INFO] Step 84: size: 84, coverage: 100.00%, cost: 1766.0, rand. prob: 0.0
[2024-10-13 15:59:04,407][INFO] Size: 84 -> 74
[2024-10-13 15:59:04,407][INFO] Cost: 1766.0 -> 1444.0
[2024-10-13 16:05:02,142][INFO] Step 1: size: 1, coverage: 1.50%, cost: 25.0, rand. prob: 0.985
[2024-10-13 16:05:02,152][INFO] Step 2: size: 2, coverage: 3.00%, cost: 100.0, rand. prob: 0.97
[2024-10-13 16:05:02,161][INFO] Step 3: size: 3, coverage: 4.50%, cost: 122.0, rand. prob: 0.955
[2024-10-13 16:05:02,171][INFO] Step 4: size: 4, coverage: 9.50%, cost: 123.0, rand. prob: 0.905
[2024-10-13 16:05:02,181][INFO] Step 5: size: 5, coverage: 10.00%, cost: 142.0, rand. prob: 0.9
[2024-10-13 16:05:02,191][INFO] Step 6: size: 6, coverage: 12.50%, cost: 185.0, rand. prob: 0.875
[2024-10-13 16:05:02,201][INFO] Step 7: size: 7, coverage: 14.50%, cost: 279.0, rand. prob: 0.855
[2024-10-13 16:05:02,211][INFO] Step 8: size: 8, coverage: 18.50%, cost: 280.0, rand. prob: 0.815
[2024-10-13 16:05:02,221][INFO] Step 9: size: 9, coverage: 21.50%, cost: 352.0, rand. prob: 0.785
[2024-10-13 16:05:02,231][INFO] Step 10: size: 10, coverage: 24.00%, cost: 440.0, rand. prob: 0.76
[2024-10-13 16:05:02,241][INFO] Step 11: size: 11, coverage: 25.00%, cost: 450.0, rand. prob: 0.75
[2024-10-13 16:05:02,252][INFO] Step 12: size: 12, coverage: 27.00%, cost: 451.0, rand. prob: 0.73
[2024-10-13 16:05:02,262][INFO] Step 13: size: 13, coverage: 29.00%, cost: 452.0, rand. prob: 0.71
[2024-10-13 16:05:02,274][INFO] Step 14: size: 14, coverage: 30.50%, cost: 521.0, rand. prob: 0.6950000000000001
[2024-10-13 16:05:02,285][INFO] Step 15: size: 15, coverage: 33.00%, cost: 557.0, rand. prob: 0.6699999999999999
[2024-10-13 16:05:02,295][INFO] Step 16: size: 16, coverage: 34.50%, cost: 570.0, rand. prob: 0.655
[2024-10-13 16:05:02,306][INFO] Step 17: size: 17, coverage: 35.50%, cost: 617.0, rand. prob: 0.645
[2024-10-13 16:05:02,316][INFO] Step 18: size: 18, coverage: 36.50%, cost: 640.0, rand. prob: 0.635
[2024-10-13 16:05:02,327][INFO] Step 19: size: 19, coverage: 38.00%, cost: 641.0, rand. prob: 0.62
[2024-10-13 16:05:02,337][INFO] Step 20: size: 20, coverage: 39.50%, cost: 642.0, rand. prob: 0.605
[2024-10-13 16:05:02,348][INFO] Step 21: size: 21, coverage: 41.00%, cost: 643.0, rand. prob: 0.5900000000000001
[2024-10-13 16:05:02,358][INFO] Step 22: size: 22, coverage: 42.50%, cost: 707.0, rand. prob: 0.575
[2024-10-13 16:05:02,369][INFO] Step 23: size: 23, coverage: 44.00%, cost: 708.0, rand. prob: 0.56
[2024-10-13 16:05:02,379][INFO] Step 24: size: 24, coverage: 45.00%, cost: 729.0, rand. prob: 0.55
[2024-10-13 16:05:02,390][INFO] Step 25: size: 25, coverage: 46.00%, cost: 758.0, rand. prob: 0.54
[2024-10-13 16:05:02,401][INFO] Step 26: size: 26, coverage: 46.50%, cost: 794.0, rand. prob: 0.5349999999999999
[2024-10-13 16:05:02,412][INFO] Step 27: size: 27, coverage: 48.50%, cost: 861.0, rand. prob: 0.515
[2024-10-13 16:05:02,423][INFO] Step 28: size: 28, coverage: 49.50%, cost: 899.0, rand. prob: 0.505
[2024-10-13 16:05:02,433][INFO] Step 29: size: 29, coverage: 52.00%, cost: 901.0, rand. prob: 0.48
[2024-10-13 16:05:02,444][INFO] Step 30: size: 30, coverage: 53.50%, cost: 925.0, rand. prob: 0.46499999999999997
[2024-10-13 16:05:02,455][INFO] Step 31: size: 31, coverage: 54.00%, cost: 926.0, rand. prob: 0.45999999999999996
[2024-10-13 16:05:02,466][INFO] Step 32: size: 32, coverage: 55.00%, cost: 927.0, rand. prob: 0.44999999999999996
[2024-10-13 16:05:02,477][INFO] Step 33: size: 33, coverage: 55.50%, cost: 956.0, rand. prob: 0.44499999999999995
[2024-10-13 16:05:02,488][INFO] Step 34: size: 34, coverage: 56.50%, cost: 957.0, rand. prob: 0.43500000000000005
[2024-10-13 16:05:02,498][INFO] Step 35: size: 35, coverage: 58.50%, cost: 959.0, rand. prob: 0.41500000000000004
[2024-10-13 16:05:02,509][INFO] Step 36: size: 36, coverage: 59.00%, cost: 992.0, rand. prob: 0.41000000000000003
[2024-10-13 16:05:02,520][INFO] Step 37: size: 37, coverage: 60.50%, cost: 994.0, rand. prob: 0.395
[2024-10-13 16:05:02,531][INFO] Step 38: size: 38, coverage: 62.00%, cost: 996.0, rand. prob: 0.38
[2024-10-13 16:05:02,542][INFO] Step 39: size: 39, coverage: 63.50%, cost: 998.0, rand. prob: 0.365
[2024-10-13 16:05:02,554][INFO] Step 40: size: 40, coverage: 64.50%, cost: 1010.0, rand. prob: 0.355
[2024-10-13 16:05:02,565][INFO] Step 41: size: 41, coverage: 66.00%, cost: 1012.0, rand. prob: 0.33999999999999997
[2024-10-13 16:05:02,576][INFO] Step 42: size: 42, coverage: 67.50%, cost: 1014.0, rand. prob: 0.32499999999999996
[2024-10-13 16:05:02,587][INFO] Step 43: size: 43, coverage: 69.50%, cost: 1017.0, rand. prob: 0.30500000000000005
[2024-10-13 16:05:02,598][INFO] Step 44: size: 44, coverage: 70.00%, cost: 1077.0, rand. prob: 0.30000000000000004
[2024-10-13 16:05:02,609][INFO] Step 45: size: 45, coverage: 70.50%, cost: 1149.0, rand. prob: 0.29500000000000004
[2024-10-13 16:05:02,620][INFO] Step 46: size: 46, coverage: 71.00%, cost: 1150.0, rand. prob: 0.29000000000000004
[2024-10-13 16:05:02,631][INFO] Step 47: size: 47, coverage: 71.50%, cost: 1151.0, rand. prob: 0.28500000000000003
[2024-10-13 16:05:02,643][INFO] Step 48: size: 48, coverage: 72.00%, cost: 1211.0, rand. prob: 0.28
[2024-10-13 16:05:02,654][INFO] Step 49: size: 49, coverage: 72.50%, cost: 1212.0, rand. prob: 0.275
[2024-10-13 16:05:02,665][INFO] Step 50: size: 50, coverage: 73.00%, cost: 1213.0, rand. prob: 0.27
[2024-10-13 16:05:02,676][INFO] Step 51: size: 51, coverage: 73.50%, cost: 1214.0, rand. prob: 0.265
[2024-10-13 16:05:02,688][INFO] Step 52: size: 52, coverage: 74.00%, cost: 1215.0, rand. prob: 0.26
[2024-10-13 16:05:02,699][INFO] Step 53: size: 53, coverage: 75.00%, cost: 1217.0, rand. prob: 0.25
[2024-10-13 16:05:02,711][INFO] Step 54: size: 54, coverage: 75.50%, cost: 1251.0, rand. prob: 0.245
[2024-10-13 16:05:02,722][INFO] Step 55: size: 55, coverage: 76.50%, cost: 1282.0, rand. prob: 0.235
[2024-10-13 16:05:02,733][INFO] Step 56: size: 56, coverage: 78.50%, cost: 1286.0, rand. prob: 0.21499999999999997
[2024-10-13 16:05:02,745][INFO] Step 57: size: 57, coverage: 79.00%, cost: 1298.0, rand. prob: 0.20999999999999996
[2024-10-13 16:05:02,756][INFO] Step 58: size: 58, coverage: 79.50%, cost: 1307.0, rand. prob: 0.20499999999999996
[2024-10-13 16:05:02,768][INFO] Step 59: size: 59, coverage: 81.00%, cost: 1311.0, rand. prob: 0.18999999999999995
[2024-10-13 16:05:02,780][INFO] Step 60: size: 60, coverage: 82.00%, cost: 1314.0, rand. prob: 0.18000000000000005
[2024-10-13 16:05:02,791][INFO] Step 61: size: 61, coverage: 83.00%, cost: 1394.0, rand. prob: 0.17000000000000004
[2024-10-13 16:05:02,803][INFO] Step 62: size: 62, coverage: 84.00%, cost: 1397.0, rand. prob: 0.16000000000000003
[2024-10-13 16:05:02,814][INFO] Step 63: size: 63, coverage: 85.50%, cost: 1402.0, rand. prob: 0.14500000000000002
[2024-10-13 16:05:02,826][INFO] Step 64: size: 64, coverage: 86.00%, cost: 1404.0, rand. prob: 0.14
[2024-10-13 16:05:02,838][INFO] Step 65: size: 65, coverage: 86.50%, cost: 1406.0, rand. prob: 0.135
[2024-10-13 16:05:02,849][INFO] Step 66: size: 66, coverage: 87.00%, cost: 1408.0, rand. prob: 0.13
[2024-10-13 16:05:02,861][INFO] Step 67: size: 67, coverage: 87.50%, cost: 1410.0, rand. prob: 0.125
[2024-10-13 16:05:02,873][INFO] Step 68: size: 68, coverage: 88.00%, cost: 1412.0, rand. prob: 0.12
[2024-10-13 16:05:02,885][INFO] Step 69: size: 69, coverage: 88.50%, cost: 1414.0, rand. prob: 0.11499999999999999
[2024-10-13 16:05:02,897][INFO] Step 70: size: 70, coverage: 89.00%, cost: 1416.0, rand. prob: 0.10999999999999999
[2024-10-13 16:05:02,908][INFO] Step 71: size: 71, coverage: 89.50%, cost: 1418.0, rand. prob: 0.10499999999999998
[2024-10-13 16:05:02,920][INFO] Step 72: size: 72, coverage: 90.50%, cost: 1423.0, rand. prob: 0.09499999999999997
[2024-10-13 16:05:02,932][INFO] Step 73: size: 73, coverage: 91.00%, cost: 1426.0, rand. prob: 0.08999999999999997
[2024-10-13 16:05:02,944][INFO] Step 74: size: 74, coverage: 91.50%, cost: 1429.0, rand. prob: 0.08499999999999996
[2024-10-13 16:05:02,956][INFO] Step 75: size: 75, coverage: 92.00%, cost: 1432.0, rand. prob: 0.07999999999999996
[2024-10-13 16:05:02,968][INFO] Step 76: size: 76, coverage: 92.50%, cost: 1435.0, rand. prob: 0.07499999999999996
[2024-10-13 16:05:02,980][INFO] Step 77: size: 77, coverage: 93.00%, cost: 1438.0, rand. prob: 0.06999999999999995
[2024-10-13 16:05:02,992][INFO] Step 78: size: 78, coverage: 93.50%, cost: 1441.0, rand. prob: 0.06499999999999995
[2024-10-13 16:05:03,004][INFO] Step 79: size: 79, coverage: 94.00%, cost: 1444.0, rand. prob: 0.06000000000000005
[2024-10-13 16:05:03,016][INFO] Step 80: size: 80, coverage: 94.50%, cost: 1447.0, rand. prob: 0.05500000000000005
[2024-10-13 16:05:03,028][INFO] Step 81: size: 81, coverage: 95.00%, cost: 1452.0, rand. prob: 0.050000000000000044
[2024-10-13 16:05:03,040][INFO] Step 82: size: 82, coverage: 95.50%, cost: 1458.0, rand. prob: 0.04500000000000004
[2024-10-13 16:05:03,052][INFO] Step 83: size: 83, coverage: 96.00%, cost: 1464.0, rand. prob: 0.040000000000000036
[2024-10-13 16:05:03,064][INFO] Step 84: size: 84, coverage: 96.50%, cost: 1470.0, rand. prob: 0.03500000000000003
[2024-10-13 16:05:03,076][INFO] Step 85: size: 85, coverage: 97.00%, cost: 1476.0, rand. prob: 0.030000000000000027
[2024-10-13 16:05:03,088][INFO] Step 86: size: 86, coverage: 97.50%, cost: 1482.0, rand. prob: 0.025000000000000022
[2024-10-13 16:05:03,100][INFO] Step 87: size: 87, coverage: 98.00%, cost: 1489.0, rand. prob: 0.020000000000000018
[2024-10-13 16:05:03,112][INFO] Step 88: size: 88, coverage: 98.50%, cost: 1497.0, rand. prob: 0.015000000000000013
[2024-10-13 16:05:03,125][INFO] Step 89: size: 89, coverage: 99.00%, cost: 1505.0, rand. prob: 0.010000000000000009
[2024-10-13 16:05:03,137][INFO] Step 90: size: 90, coverage: 99.50%, cost: 1513.0, rand. prob: 0.0050000000000000044
[2024-10-13 16:05:03,149][INFO] Step 91: size: 91, coverage: 100.00%, cost: 1522.0, rand. prob: 0.0
[2024-10-13 16:05:03,151][INFO] Size: 91 -> 80
[2024-10-13 16:05:03,151][INFO] Cost: 1522.0 -> 1375.0
[2024-10-13 16:10:33,157][INFO] Step 1: size: 1, coverage: 1.50%, cost: 25.0, rand. prob: 0.985
[2024-10-13 16:10:33,164][INFO] Step 2: size: 2, coverage: 3.00%, cost: 100.0, rand. prob: 0.97
[2024-10-13 16:10:33,173][INFO] Step 3: size: 3, coverage: 4.50%, cost: 122.0, rand. prob: 0.955
[2024-10-13 16:10:33,181][INFO] Step 4: size: 4, coverage: 9.50%, cost: 123.0, rand. prob: 0.905
[2024-10-13 16:10:33,189][INFO] Step 5: size: 5, coverage: 10.00%, cost: 142.0, rand. prob: 0.9
[2024-10-13 16:10:33,197][INFO] Step 6: size: 6, coverage: 12.50%, cost: 185.0, rand. prob: 0.875
[2024-10-13 16:10:33,206][INFO] Step 7: size: 7, coverage: 14.50%, cost: 279.0, rand. prob: 0.855
[2024-10-13 16:10:33,214][INFO] Step 8: size: 8, coverage: 18.50%, cost: 280.0, rand. prob: 0.815
[2024-10-13 16:10:33,223][INFO] Step 9: size: 9, coverage: 21.50%, cost: 352.0, rand. prob: 0.785
[2024-10-13 16:10:33,231][INFO] Step 10: size: 10, coverage: 24.00%, cost: 440.0, rand. prob: 0.76
[2024-10-13 16:10:33,240][INFO] Step 11: size: 11, coverage: 25.00%, cost: 450.0, rand. prob: 0.75
[2024-10-13 16:10:33,248][INFO] Step 12: size: 12, coverage: 27.00%, cost: 451.0, rand. prob: 0.73
[2024-10-13 16:10:33,257][INFO] Step 13: size: 13, coverage: 29.00%, cost: 452.0, rand. prob: 0.71
[2024-10-13 16:10:33,266][INFO] Step 14: size: 14, coverage: 30.50%, cost: 521.0, rand. prob: 0.6950000000000001
[2024-10-13 16:10:33,274][INFO] Step 15: size: 15, coverage: 33.00%, cost: 557.0, rand. prob: 0.6699999999999999
[2024-10-13 16:10:33,283][INFO] Step 16: size: 16, coverage: 34.50%, cost: 570.0, rand. prob: 0.655
[2024-10-13 16:10:33,292][INFO] Step 17: size: 17, coverage: 35.50%, cost: 617.0, rand. prob: 0.645
[2024-10-13 16:10:33,301][INFO] Step 18: size: 18, coverage: 36.50%, cost: 640.0, rand. prob: 0.635
[2024-10-13 16:10:33,309][INFO] Step 19: size: 19, coverage: 38.00%, cost: 641.0, rand. prob: 0.62
[2024-10-13 16:10:33,318][INFO] Step 20: size: 20, coverage: 39.50%, cost: 642.0, rand. prob: 0.605
[2024-10-13 16:10:33,327][INFO] Step 21: size: 21, coverage: 41.00%, cost: 643.0, rand. prob: 0.5900000000000001
[2024-10-13 16:10:33,336][INFO] Step 22: size: 22, coverage: 42.50%, cost: 707.0, rand. prob: 0.575
[2024-10-13 16:10:33,345][INFO] Step 23: size: 23, coverage: 44.00%, cost: 708.0, rand. prob: 0.56
[2024-10-13 16:10:33,353][INFO] Step 24: size: 24, coverage: 45.00%, cost: 729.0, rand. prob: 0.55
[2024-10-13 16:10:33,362][INFO] Step 25: size: 25, coverage: 46.00%, cost: 758.0, rand. prob: 0.54
[2024-10-13 16:10:33,371][INFO] Step 26: size: 26, coverage: 46.50%, cost: 794.0, rand. prob: 0.5349999999999999
[2024-10-13 16:10:33,380][INFO] Step 27: size: 27, coverage: 48.50%, cost: 861.0, rand. prob: 0.515
[2024-10-13 16:10:33,389][INFO] Step 28: size: 28, coverage: 49.50%, cost: 899.0, rand. prob: 0.505
[2024-10-13 16:10:33,398][INFO] Step 29: size: 29, coverage: 52.00%, cost: 901.0, rand. prob: 0.48
[2024-10-13 16:10:33,407][INFO] Step 30: size: 30, coverage: 53.50%, cost: 925.0, rand. prob: 0.46499999999999997
[2024-10-13 16:10:33,416][INFO] Step 31: size: 31, coverage: 54.00%, cost: 926.0, rand. prob: 0.45999999999999996
[2024-10-13 16:10:33,425][INFO] Step 32: size: 32, coverage: 55.00%, cost: 927.0, rand. prob: 0.44999999999999996
[2024-10-13 16:10:33,434][INFO] Step 33: size: 33, coverage: 55.50%, cost: 956.0, rand. prob: 0.44499999999999995
[2024-10-13 16:10:33,443][INFO] Step 34: size: 34, coverage: 56.50%, cost: 957.0, rand. prob: 0.43500000000000005
[2024-10-13 16:10:33,452][INFO] Step 35: size: 35, coverage: 58.50%, cost: 959.0, rand. prob: 0.41500000000000004
[2024-10-13 16:10:33,462][INFO] Step 36: size: 36, coverage: 59.00%, cost: 992.0, rand. prob: 0.41000000000000003
[2024-10-13 16:10:33,471][INFO] Step 37: size: 37, coverage: 60.50%, cost: 994.0, rand. prob: 0.395
[2024-10-13 16:10:33,480][INFO] Step 38: size: 38, coverage: 62.00%, cost: 996.0, rand. prob: 0.38
[2024-10-13 16:10:33,489][INFO] Step 39: size: 39, coverage: 63.50%, cost: 998.0, rand. prob: 0.365
[2024-10-13 16:10:33,498][INFO] Step 40: size: 40, coverage: 64.50%, cost: 1010.0, rand. prob: 0.355
[2024-10-13 16:10:33,507][INFO] Step 41: size: 41, coverage: 66.00%, cost: 1012.0, rand. prob: 0.33999999999999997
[2024-10-13 16:10:33,516][INFO] Step 42: size: 42, coverage: 67.50%, cost: 1014.0, rand. prob: 0.32499999999999996
[2024-10-13 16:10:33,526][INFO] Step 43: size: 43, coverage: 69.50%, cost: 1017.0, rand. prob: 0.30500000000000005
[2024-10-13 16:10:33,535][INFO] Step 44: size: 44, coverage: 70.00%, cost: 1077.0, rand. prob: 0.30000000000000004
[2024-10-13 16:10:33,544][INFO] Step 45: size: 45, coverage: 70.50%, cost: 1149.0, rand. prob: 0.29500000000000004
[2024-10-13 16:10:33,554][INFO] Step 46: size: 46, coverage: 71.00%, cost: 1150.0, rand. prob: 0.29000000000000004
[2024-10-13 16:10:33,563][INFO] Step 47: size: 47, coverage: 71.50%, cost: 1151.0, rand. prob: 0.28500000000000003
[2024-10-13 16:10:33,572][INFO] Step 48: size: 48, coverage: 72.00%, cost: 1211.0, rand. prob: 0.28
[2024-10-13 16:10:33,582][INFO] Step 49: size: 49, coverage: 72.50%, cost: 1212.0, rand. prob: 0.275
[2024-10-13 16:10:33,591][INFO] Step 50: size: 50, coverage: 73.00%, cost: 1213.0, rand. prob: 0.27
[2024-10-13 16:10:33,601][INFO] Step 51: size: 51, coverage: 73.50%, cost: 1214.0, rand. prob: 0.265
[2024-10-13 16:10:33,611][INFO] Step 52: size: 52, coverage: 74.00%, cost: 1215.0, rand. prob: 0.26
[2024-10-13 16:10:33,620][INFO] Step 53: size: 53, coverage: 75.00%, cost: 1217.0, rand. prob: 0.25
[2024-10-13 16:10:33,630][INFO] Step 54: size: 54, coverage: 75.50%, cost: 1251.0, rand. prob: 0.245
[2024-10-13 16:10:33,639][INFO] Step 55: size: 55, coverage: 76.50%, cost: 1282.0, rand. prob: 0.235
[2024-10-13 16:10:33,649][INFO] Step 56: size: 56, coverage: 78.50%, cost: 1286.0, rand. prob: 0.21499999999999997
[2024-10-13 16:10:33,658][INFO] Step 57: size: 57, coverage: 79.00%, cost: 1298.0, rand. prob: 0.20999999999999996
[2024-10-13 16:10:33,668][INFO] Step 58: size: 58, coverage: 79.50%, cost: 1307.0, rand. prob: 0.20499999999999996
[2024-10-13 16:10:33,678][INFO] Step 59: size: 59, coverage: 81.00%, cost: 1311.0, rand. prob: 0.18999999999999995
[2024-10-13 16:10:33,687][INFO] Step 60: size: 60, coverage: 82.00%, cost: 1314.0, rand. prob: 0.18000000000000005
[2024-10-13 16:10:33,697][INFO] Step 61: size: 61, coverage: 83.00%, cost: 1394.0, rand. prob: 0.17000000000000004
[2024-10-13 16:10:33,707][INFO] Step 62: size: 62, coverage: 84.00%, cost: 1397.0, rand. prob: 0.16000000000000003
[2024-10-13 16:10:33,716][INFO] Step 63: size: 63, coverage: 85.50%, cost: 1402.0, rand. prob: 0.14500000000000002
[2024-10-13 16:10:33,726][INFO] Step 64: size: 64, coverage: 86.00%, cost: 1404.0, rand. prob: 0.14
[2024-10-13 16:10:33,736][INFO] Step 65: size: 65, coverage: 86.50%, cost: 1406.0, rand. prob: 0.135
[2024-10-13 16:10:33,746][INFO] Step 66: size: 66, coverage: 87.00%, cost: 1408.0, rand. prob: 0.13
[2024-10-13 16:10:33,756][INFO] Step 67: size: 67, coverage: 87.50%, cost: 1410.0, rand. prob: 0.125
[2024-10-13 16:10:33,766][INFO] Step 68: size: 68, coverage: 88.00%, cost: 1412.0, rand. prob: 0.12
[2024-10-13 16:10:33,775][INFO] Step 69: size: 69, coverage: 88.50%, cost: 1414.0, rand. prob: 0.11499999999999999
[2024-10-13 16:10:33,785][INFO] Step 70: size: 70, coverage: 89.00%, cost: 1416.0, rand. prob: 0.10999999999999999
[2024-10-13 16:10:33,795][INFO] Step 71: size: 71, coverage: 89.50%, cost: 1418.0, rand. prob: 0.10499999999999998
[2024-10-13 16:10:33,805][INFO] Step 72: size: 72, coverage: 90.50%, cost: 1423.0, rand. prob: 0.09499999999999997
[2024-10-13 16:10:33,815][INFO] Step 73: size: 73, coverage: 91.00%, cost: 1426.0, rand. prob: 0.08999999999999997
[2024-10-13 16:10:33,825][INFO] Step 74: size: 74, coverage: 91.50%, cost: 1429.0, rand. prob: 0.08499999999999996
[2024-10-13 16:10:33,835][INFO] Step 75: size: 75, coverage: 92.00%, cost: 1432.0, rand. prob: 0.07999999999999996
[2024-10-13 16:10:33,845][INFO] Step 76: size: 76, coverage: 92.50%, cost: 1435.0, rand. prob: 0.07499999999999996
[2024-10-13 16:10:33,855][INFO] Step 77: size: 77, coverage: 93.00%, cost: 1438.0, rand. prob: 0.06999999999999995
[2024-10-13 16:10:33,865][INFO] Step 78: size: 78, coverage: 93.50%, cost: 1441.0, rand. prob: 0.06499999999999995
[2024-10-13 16:10:33,875][INFO] Step 79: size: 79, coverage: 94.00%, cost: 1444.0, rand. prob: 0.06000000000000005
[2024-10-13 16:10:33,885][INFO] Step 80: size: 80, coverage: 94.50%, cost: 1447.0, rand. prob: 0.05500000000000005
[2024-10-13 16:10:33,895][INFO] Step 81: size: 81, coverage: 95.00%, cost: 1452.0, rand. prob: 0.050000000000000044
[2024-10-13 16:10:33,905][INFO] Step 82: size: 82, coverage: 95.50%, cost: 1458.0, rand. prob: 0.04500000000000004
[2024-10-13 16:10:33,915][INFO] Step 83: size: 83, coverage: 96.00%, cost: 1464.0, rand. prob: 0.040000000000000036
[2024-10-13 16:10:33,925][INFO] Step 84: size: 84, coverage: 96.50%, cost: 1470.0, rand. prob: 0.03500000000000003
[2024-10-13 16:10:33,935][INFO] Step 85: size: 85, coverage: 97.00%, cost: 1476.0, rand. prob: 0.030000000000000027
[2024-10-13 16:10:33,946][INFO] Step 86: size: 86, coverage: 97.50%, cost: 1482.0, rand. prob: 0.025000000000000022
[2024-10-13 16:10:33,956][INFO] Step 87: size: 87, coverage: 98.00%, cost: 1489.0, rand. prob: 0.020000000000000018
[2024-10-13 16:10:33,966][INFO] Step 88: size: 88, coverage: 98.50%, cost: 1497.0, rand. prob: 0.015000000000000013
[2024-10-13 16:10:33,976][INFO] Step 89: size: 89, coverage: 99.00%, cost: 1505.0, rand. prob: 0.010000000000000009
[2024-10-13 16:10:33,986][INFO] Step 90: size: 90, coverage: 99.50%, cost: 1513.0, rand. prob: 0.0050000000000000044
[2024-10-13 16:10:33,997][INFO] Step 91: size: 91, coverage: 100.00%, cost: 1522.0, rand. prob: 0.0
[2024-10-13 16:10:33,998][INFO] Size: 91 -> 80
[2024-10-13 16:10:33,998][INFO] Cost: 1522.0 -> 1375.0
