[2024-10-13 15:18:42,877][INFO] Step 1: size: 1, coverage: 9.50%, cost: 17.0
[2024-10-13 15:18:42,880][INFO] Step 2: size: 2, coverage: 18.00%, cost: 28.0
[2024-10-13 15:18:42,883][INFO] Step 3: size: 3, coverage: 26.00%, cost: 86.0
[2024-10-13 15:18:42,887][INFO] Step 4: size: 4, coverage: 33.50%, cost: 167.0
[2024-10-13 15:18:42,890][INFO] Step 5: size: 5, coverage: 40.00%, cost: 187.0
[2024-10-13 15:18:42,893][INFO] Step 6: size: 6, coverage: 46.50%, cost: 236.0
[2024-10-13 15:18:42,896][INFO] Step 7: size: 7, coverage: 53.00%, cost: 317.0
[2024-10-13 15:18:42,899][INFO] Step 8: size: 8, coverage: 59.00%, cost: 412.0
[2024-10-13 15:18:42,902][INFO] Step 9: size: 9, coverage: 64.00%, cost: 439.0
[2024-10-13 15:18:42,905][INFO] Step 10: size: 10, coverage: 68.50%, cost: 498.0
[2024-10-13 15:18:42,909][INFO] Step 11: size: 11, coverage: 72.50%, cost: 510.0
[2024-10-13 15:18:42,912][INFO] Step 12: size: 12, coverage: 76.50%, cost: 527.0
[2024-10-13 15:18:42,915][INFO] Step 13: size: 13, coverage: 80.50%, cost: 620.0
[2024-10-13 15:18:42,918][INFO] Step 14: size: 14, coverage: 84.00%, cost: 679.0
[2024-10-13 15:18:42,921][INFO] Step 15: size: 15, coverage: 87.00%, cost: 684.0
[2024-10-13 15:18:42,925][INFO] Step 16: size: 16, coverage: 90.00%, cost: 695.0
[2024-10-13 15:18:42,928][INFO] Step 17: size: 17, coverage: 93.00%, cost: 713.0
[2024-10-13 15:18:42,931][INFO] Step 18: size: 18, coverage: 95.50%, cost: 748.0
[2024-10-13 15:18:42,934][INFO] Step 19: size: 19, coverage: 97.50%, cost: 798.0
[2024-10-13 15:18:42,937][INFO] Step 20: size: 20, coverage: 98.50%, cost: 802.0
[2024-10-13 15:18:42,941][INFO] Step 21: size: 21, coverage: 99.50%, cost: 809.0
[2024-10-13 15:18:42,944][INFO] Step 22: size: 22, coverage: 100.00%, cost: 812.0
[2024-10-13 15:18:42,944][INFO] Size: 22 -> 22
[2024-10-13 15:18:42,944][INFO] Cost: 812.0 -> 812.0
[2024-10-13 15:40:26,619][INFO] Step 1: size: 1, coverage: 6.00%, cost: 49.0
[2024-10-13 15:40:26,624][INFO] Step 2: size: 2, coverage: 10.00%, cost: 120.0
[2024-10-13 15:40:26,629][INFO] Step 3: size: 3, coverage: 15.50%, cost: 148.0
[2024-10-13 15:40:26,634][INFO] Step 4: size: 4, coverage: 18.50%, cost: 196.0
[2024-10-13 15:40:26,639][INFO] Step 5: size: 5, coverage: 22.00%, cost: 287.0
[2024-10-13 15:40:26,644][INFO] Step 6: size: 6, coverage: 27.00%, cost: 305.0
[2024-10-13 15:40:26,649][INFO] Step 7: size: 7, coverage: 30.00%, cost: 321.0
[2024-10-13 15:40:26,654][INFO] Step 8: size: 8, coverage: 33.50%, cost: 414.0
[2024-10-13 15:40:26,659][INFO] Step 9: size: 9, coverage: 37.00%, cost: 444.0
[2024-10-13 15:40:26,664][INFO] Step 10: size: 10, coverage: 38.50%, cost: 498.0
[2024-10-13 15:40:26,669][INFO] Step 11: size: 11, coverage: 42.00%, cost: 554.0
[2024-10-13 15:40:26,674][INFO] Step 12: size: 12, coverage: 44.00%, cost: 561.0
[2024-10-13 15:40:26,679][INFO] Step 13: size: 13, coverage: 48.50%, cost: 604.0
[2024-10-13 15:40:26,684][INFO] Step 14: size: 14, coverage: 49.50%, cost: 639.0
[2024-10-13 15:40:26,689][INFO] Step 15: size: 15, coverage: 51.00%, cost: 734.0
[2024-10-13 15:40:26,694][INFO] Step 16: size: 16, coverage: 54.00%, cost: 746.0
[2024-10-13 15:40:26,699][INFO] Step 17: size: 17, coverage: 57.50%, cost: 802.0
[2024-10-13 15:40:26,704][INFO] Step 18: size: 18, coverage: 59.50%, cost: 805.0
[2024-10-13 15:40:26,710][INFO] Step 19: size: 19, coverage: 61.50%, cost: 831.0
[2024-10-13 15:40:26,715][INFO] Step 20: size: 20, coverage: 64.50%, cost: 852.0
[2024-10-13 15:40:26,720][INFO] Step 21: size: 21, coverage: 66.00%, cost: 938.0
[2024-10-13 15:40:26,725][INFO] Step 22: size: 22, coverage: 69.00%, cost: 977.0
[2024-10-13 15:40:26,730][INFO] Step 23: size: 23, coverage: 70.00%, cost: 1077.0
[2024-10-13 15:40:26,735][INFO] Step 24: size: 24, coverage: 71.00%, cost: 1131.0
[2024-10-13 15:40:26,740][INFO] Step 25: size: 25, coverage: 72.50%, cost: 1163.0
[2024-10-13 15:40:26,745][INFO] Step 26: size: 26, coverage: 75.50%, cost: 1219.0
[2024-10-13 15:40:26,751][INFO] Step 27: size: 27, coverage: 77.00%, cost: 1316.0
[2024-10-13 15:40:26,756][INFO] Step 28: size: 28, coverage: 79.00%, cost: 1377.0
[2024-10-13 15:40:26,761][INFO] Step 29: size: 29, coverage: 80.00%, cost: 1454.0
[2024-10-13 15:40:26,767][INFO] Step 30: size: 30, coverage: 81.00%, cost: 1463.0
[2024-10-13 15:40:26,772][INFO] Step 31: size: 31, coverage: 83.00%, cost: 1531.0
[2024-10-13 15:40:26,777][INFO] Step 32: size: 32, coverage: 83.50%, cost: 1550.0
[2024-10-13 15:40:26,782][INFO] Step 33: size: 33, coverage: 84.50%, cost: 1597.0
[2024-10-13 15:40:26,788][INFO] Step 34: size: 34, coverage: 85.50%, cost: 1607.0
[2024-10-13 15:40:26,793][INFO] Step 35: size: 35, coverage: 86.50%, cost: 1634.0
[2024-10-13 15:40:26,798][INFO] Step 36: size: 36, coverage: 88.50%, cost: 1710.0
[2024-10-13 15:40:26,803][INFO] Step 37: size: 37, coverage: 90.50%, cost: 1810.0
[2024-10-13 15:40:26,809][INFO] Step 38: size: 38, coverage: 92.00%, cost: 1870.0
[2024-10-13 15:40:26,814][INFO] Step 39: size: 39, coverage: 92.50%, cost: 1953.0
[2024-10-13 15:40:26,819][INFO] Step 40: size: 40, coverage: 93.00%, cost: 2024.0
[2024-10-13 15:40:26,824][INFO] Step 41: size: 41, coverage: 93.50%, cost: 2025.0
[2024-10-13 15:40:26,829][INFO] Step 42: size: 42, coverage: 94.00%, cost: 2031.0
[2024-10-13 15:40:26,834][INFO] Step 43: size: 43, coverage: 94.50%, cost: 2050.0
[2024-10-13 15:40:26,840][INFO] Step 44: size: 44, coverage: 95.50%, cost: 2140.0
[2024-10-13 15:40:26,845][INFO] Step 45: size: 45, coverage: 96.00%, cost: 2211.0
[2024-10-13 15:40:26,850][INFO] Step 46: size: 46, coverage: 96.50%, cost: 2215.0
[2024-10-13 15:40:26,855][INFO] Step 47: size: 47, coverage: 97.00%, cost: 2282.0
[2024-10-13 15:40:26,861][INFO] Step 48: size: 48, coverage: 97.50%, cost: 2332.0
[2024-10-13 15:40:26,866][INFO] Step 49: size: 49, coverage: 98.00%, cost: 2352.0
[2024-10-13 15:40:26,872][INFO] Step 50: size: 50, coverage: 98.50%, cost: 2393.0
[2024-10-13 15:40:26,877][INFO] Step 51: size: 51, coverage: 99.00%, cost: 2488.0
[2024-10-13 15:40:26,882][INFO] Step 52: size: 52, coverage: 99.50%, cost: 2569.0
[2024-10-13 15:40:26,888][INFO] Step 53: size: 53, coverage: 100.00%, cost: 2575.0
[2024-10-13 15:40:26,888][INFO] Solved solution used 53 random steps
[2024-10-13 15:40:26,888][INFO] Current randomization probability: 0.0
[2024-10-13 15:40:26,888][INFO] Solved solution used 53 random steps
[2024-10-13 15:40:26,889][INFO] Size: 53 -> 41
[2024-10-13 15:40:26,889][INFO] Cost: 2575.0 -> 1815.0
[2024-10-13 15:59:08,072][INFO] Step 1: size: 1, coverage: 5.50%, cost: 27.0, rand. prob: 0.945
[2024-10-13 15:59:08,077][INFO] Step 2: size: 2, coverage: 10.50%, cost: 62.0, rand. prob: 0.895
[2024-10-13 15:59:08,081][INFO] Step 3: size: 3, coverage: 18.00%, cost: 107.0, rand. prob: 0.8200000000000001
[2024-10-13 15:59:08,086][INFO] Step 4: size: 4, coverage: 21.50%, cost: 165.0, rand. prob: 0.785
[2024-10-13 15:59:08,091][INFO] Step 5: size: 5, coverage: 28.50%, cost: 182.0, rand. prob: 0.7150000000000001
[2024-10-13 15:59:08,096][INFO] Step 6: size: 6, coverage: 35.50%, cost: 183.0, rand. prob: 0.645
[2024-10-13 15:59:08,101][INFO] Step 7: size: 7, coverage: 38.00%, cost: 200.0, rand. prob: 0.62
[2024-10-13 15:59:08,106][INFO] Step 8: size: 8, coverage: 44.00%, cost: 201.0, rand. prob: 0.56
[2024-10-13 15:59:08,111][INFO] Step 9: size: 9, coverage: 46.00%, cost: 206.0, rand. prob: 0.54
[2024-10-13 15:59:08,116][INFO] Step 10: size: 10, coverage: 49.50%, cost: 207.0, rand. prob: 0.505
[2024-10-13 15:59:08,121][INFO] Step 11: size: 11, coverage: 50.50%, cost: 218.0, rand. prob: 0.495
[2024-10-13 15:59:08,126][INFO] Step 12: size: 12, coverage: 53.50%, cost: 219.0, rand. prob: 0.46499999999999997
[2024-10-13 15:59:08,131][INFO] Step 13: size: 13, coverage: 55.00%, cost: 300.0, rand. prob: 0.44999999999999996
[2024-10-13 15:59:08,135][INFO] Step 14: size: 14, coverage: 57.50%, cost: 301.0, rand. prob: 0.42500000000000004
[2024-10-13 15:59:08,140][INFO] Step 15: size: 15, coverage: 58.00%, cost: 353.0, rand. prob: 0.42000000000000004
[2024-10-13 15:59:08,145][INFO] Step 16: size: 16, coverage: 62.00%, cost: 418.0, rand. prob: 0.38
[2024-10-13 15:59:08,150][INFO] Step 17: size: 17, coverage: 62.50%, cost: 513.0, rand. prob: 0.375
[2024-10-13 15:59:08,155][INFO] Step 18: size: 18, coverage: 65.00%, cost: 583.0, rand. prob: 0.35
[2024-10-13 15:59:08,160][INFO] Step 19: size: 19, coverage: 67.50%, cost: 604.0, rand. prob: 0.32499999999999996
[2024-10-13 15:59:08,165][INFO] Step 20: size: 20, coverage: 70.00%, cost: 605.0, rand. prob: 0.30000000000000004
[2024-10-13 15:59:08,170][INFO] Step 21: size: 21, coverage: 73.50%, cost: 607.0, rand. prob: 0.265
[2024-10-13 15:59:08,175][INFO] Step 22: size: 22, coverage: 75.00%, cost: 608.0, rand. prob: 0.25
[2024-10-13 15:59:08,180][INFO] Step 23: size: 23, coverage: 76.00%, cost: 609.0, rand. prob: 0.24
[2024-10-13 15:59:08,185][INFO] Step 24: size: 24, coverage: 78.50%, cost: 611.0, rand. prob: 0.21499999999999997
[2024-10-13 15:59:08,190][INFO] Step 25: size: 25, coverage: 79.50%, cost: 612.0, rand. prob: 0.20499999999999996
[2024-10-13 15:59:08,195][INFO] Step 26: size: 26, coverage: 81.50%, cost: 614.0, rand. prob: 0.18500000000000005
[2024-10-13 15:59:08,199][INFO] Step 27: size: 27, coverage: 83.00%, cost: 616.0, rand. prob: 0.17000000000000004
[2024-10-13 15:59:08,204][INFO] Step 28: size: 28, coverage: 84.50%, cost: 618.0, rand. prob: 0.15500000000000003
[2024-10-13 15:59:08,209][INFO] Step 29: size: 29, coverage: 86.50%, cost: 661.0, rand. prob: 0.135
[2024-10-13 15:59:08,214][INFO] Step 30: size: 30, coverage: 87.00%, cost: 662.0, rand. prob: 0.13
[2024-10-13 15:59:08,219][INFO] Step 31: size: 31, coverage: 87.50%, cost: 663.0, rand. prob: 0.125
[2024-10-13 15:59:08,224][INFO] Step 32: size: 32, coverage: 88.00%, cost: 664.0, rand. prob: 0.12
[2024-10-13 15:59:08,229][INFO] Step 33: size: 33, coverage: 88.50%, cost: 665.0, rand. prob: 0.11499999999999999
[2024-10-13 15:59:08,234][INFO] Step 34: size: 34, coverage: 90.00%, cost: 668.0, rand. prob: 0.09999999999999998
[2024-10-13 15:59:08,240][INFO] Step 35: size: 35, coverage: 91.50%, cost: 671.0, rand. prob: 0.08499999999999996
[2024-10-13 15:59:08,244][INFO] Step 36: size: 36, coverage: 93.00%, cost: 675.0, rand. prob: 0.06999999999999995
[2024-10-13 15:59:08,249][INFO] Step 37: size: 37, coverage: 94.50%, cost: 679.0, rand. prob: 0.05500000000000005
[2024-10-13 15:59:08,254][INFO] Step 38: size: 38, coverage: 96.00%, cost: 684.0, rand. prob: 0.040000000000000036
[2024-10-13 15:59:08,259][INFO] Step 39: size: 39, coverage: 96.50%, cost: 712.0, rand. prob: 0.03500000000000003
[2024-10-13 15:59:08,264][INFO] Step 40: size: 40, coverage: 97.00%, cost: 714.0, rand. prob: 0.030000000000000027
[2024-10-13 15:59:08,269][INFO] Step 41: size: 41, coverage: 98.50%, cost: 724.0, rand. prob: 0.015000000000000013
[2024-10-13 15:59:08,274][INFO] Step 42: size: 42, coverage: 99.00%, cost: 728.0, rand. prob: 0.010000000000000009
[2024-10-13 15:59:08,279][INFO] Step 43: size: 43, coverage: 99.50%, cost: 732.0, rand. prob: 0.0050000000000000044
[2024-10-13 15:59:08,284][INFO] Step 44: size: 44, coverage: 100.00%, cost: 739.0, rand. prob: 0.0
[2024-10-13 15:59:08,284][INFO] Size: 44 -> 41
[2024-10-13 15:59:08,284][INFO] Cost: 739.0 -> 659.0
[2024-10-13 16:05:06,627][INFO] Step 1: size: 1, coverage: 6.00%, cost: 26.0, rand. prob: 0.94
[2024-10-13 16:05:06,632][INFO] Step 2: size: 2, coverage: 10.00%, cost: 102.0, rand. prob: 0.9
[2024-10-13 16:05:06,637][INFO] Step 3: size: 3, coverage: 16.00%, cost: 162.0, rand. prob: 0.84
[2024-10-13 16:05:06,642][INFO] Step 4: size: 4, coverage: 20.00%, cost: 205.0, rand. prob: 0.8
[2024-10-13 16:05:06,647][INFO] Step 5: size: 5, coverage: 26.00%, cost: 271.0, rand. prob: 0.74
[2024-10-13 16:05:06,652][INFO] Step 6: size: 6, coverage: 30.00%, cost: 286.0, rand. prob: 0.7
[2024-10-13 16:05:06,657][INFO] Step 7: size: 7, coverage: 35.00%, cost: 287.0, rand. prob: 0.65
[2024-10-13 16:05:06,662][INFO] Step 8: size: 8, coverage: 36.50%, cost: 291.0, rand. prob: 0.635
[2024-10-13 16:05:06,667][INFO] Step 9: size: 9, coverage: 40.00%, cost: 379.0, rand. prob: 0.6
[2024-10-13 16:05:06,672][INFO] Step 10: size: 10, coverage: 44.50%, cost: 380.0, rand. prob: 0.5549999999999999
[2024-10-13 16:05:06,677][INFO] Step 11: size: 11, coverage: 48.00%, cost: 477.0, rand. prob: 0.52
[2024-10-13 16:05:06,682][INFO] Step 12: size: 12, coverage: 51.50%, cost: 478.0, rand. prob: 0.485
[2024-10-13 16:05:06,687][INFO] Step 13: size: 13, coverage: 55.00%, cost: 479.0, rand. prob: 0.44999999999999996
[2024-10-13 16:05:06,692][INFO] Step 14: size: 14, coverage: 58.00%, cost: 480.0, rand. prob: 0.42000000000000004
[2024-10-13 16:05:06,697][INFO] Step 15: size: 15, coverage: 60.50%, cost: 557.0, rand. prob: 0.395
[2024-10-13 16:05:06,702][INFO] Step 16: size: 16, coverage: 63.00%, cost: 558.0, rand. prob: 0.37
[2024-10-13 16:05:06,707][INFO] Step 17: size: 17, coverage: 65.50%, cost: 559.0, rand. prob: 0.345
[2024-10-13 16:05:06,712][INFO] Step 18: size: 18, coverage: 66.50%, cost: 633.0, rand. prob: 0.33499999999999996
[2024-10-13 16:05:06,717][INFO] Step 19: size: 19, coverage: 69.00%, cost: 634.0, rand. prob: 0.31000000000000005
[2024-10-13 16:05:06,722][INFO] Step 20: size: 20, coverage: 70.00%, cost: 734.0, rand. prob: 0.30000000000000004
[2024-10-13 16:05:06,727][INFO] Step 21: size: 21, coverage: 71.50%, cost: 735.0, rand. prob: 0.28500000000000003
[2024-10-13 16:05:06,732][INFO] Step 22: size: 22, coverage: 72.50%, cost: 747.0, rand. prob: 0.275
[2024-10-13 16:05:06,737][INFO] Step 23: size: 23, coverage: 74.00%, cost: 748.0, rand. prob: 0.26
[2024-10-13 16:05:06,742][INFO] Step 24: size: 24, coverage: 75.50%, cost: 749.0, rand. prob: 0.245
[2024-10-13 16:05:06,747][INFO] Step 25: size: 25, coverage: 78.50%, cost: 751.0, rand. prob: 0.21499999999999997
[2024-10-13 16:05:06,752][INFO] Step 26: size: 26, coverage: 81.00%, cost: 753.0, rand. prob: 0.18999999999999995
[2024-10-13 16:05:06,757][INFO] Step 27: size: 27, coverage: 82.00%, cost: 754.0, rand. prob: 0.18000000000000005
[2024-10-13 16:05:06,762][INFO] Step 28: size: 28, coverage: 83.50%, cost: 756.0, rand. prob: 0.16500000000000004
[2024-10-13 16:05:06,767][INFO] Step 29: size: 29, coverage: 85.50%, cost: 759.0, rand. prob: 0.14500000000000002
[2024-10-13 16:05:06,772][INFO] Step 30: size: 30, coverage: 86.00%, cost: 760.0, rand. prob: 0.14
[2024-10-13 16:05:06,777][INFO] Step 31: size: 31, coverage: 87.00%, cost: 762.0, rand. prob: 0.13
[2024-10-13 16:05:06,782][INFO] Step 32: size: 32, coverage: 89.00%, cost: 767.0, rand. prob: 0.10999999999999999
[2024-10-13 16:05:06,787][INFO] Step 33: size: 33, coverage: 90.50%, cost: 771.0, rand. prob: 0.09499999999999997
[2024-10-13 16:05:06,792][INFO] Step 34: size: 34, coverage: 92.00%, cost: 775.0, rand. prob: 0.07999999999999996
[2024-10-13 16:05:06,797][INFO] Step 35: size: 35, coverage: 93.00%, cost: 778.0, rand. prob: 0.06999999999999995
[2024-10-13 16:05:06,802][INFO] Step 36: size: 36, coverage: 93.50%, cost: 780.0, rand. prob: 0.06499999999999995
[2024-10-13 16:05:06,806][INFO] Step 37: size: 37, coverage: 94.00%, cost: 782.0, rand. prob: 0.06000000000000005
[2024-10-13 16:05:06,811][INFO] Step 38: size: 38, coverage: 95.00%, cost: 786.0, rand. prob: 0.050000000000000044
[2024-10-13 16:05:06,816][INFO] Step 39: size: 39, coverage: 95.50%, cost: 789.0, rand. prob: 0.04500000000000004
[2024-10-13 16:05:06,821][INFO] Step 40: size: 40, coverage: 96.00%, cost: 792.0, rand. prob: 0.040000000000000036
[2024-10-13 16:05:06,826][INFO] Step 41: size: 41, coverage: 96.50%, cost: 851.0, rand. prob: 0.03500000000000003
[2024-10-13 16:05:06,831][INFO] Step 42: size: 42, coverage: 97.50%, cost: 858.0, rand. prob: 0.025000000000000022
[2024-10-13 16:05:06,836][INFO] Step 43: size: 43, coverage: 98.00%, cost: 862.0, rand. prob: 0.020000000000000018
[2024-10-13 16:05:06,842][INFO] Step 44: size: 44, coverage: 98.50%, cost: 867.0, rand. prob: 0.015000000000000013
[2024-10-13 16:05:06,847][INFO] Step 45: size: 45, coverage: 99.00%, cost: 873.0, rand. prob: 0.010000000000000009
[2024-10-13 16:05:06,852][INFO] Step 46: size: 46, coverage: 99.50%, cost: 883.0, rand. prob: 0.0050000000000000044
[2024-10-13 16:05:06,857][INFO] Step 47: size: 47, coverage: 100.00%, cost: 896.0, rand. prob: 0.0
[2024-10-13 16:05:06,858][INFO] Size: 47 -> 43
[2024-10-13 16:05:06,858][INFO] Cost: 896.0 -> 712.0
[2024-10-13 16:10:37,318][INFO] Step 1: size: 1, coverage: 6.00%, cost: 26.0, rand. prob: 0.94
[2024-10-13 16:10:37,323][INFO] Step 2: size: 2, coverage: 10.00%, cost: 102.0, rand. prob: 0.9
[2024-10-13 16:10:37,328][INFO] Step 3: size: 3, coverage: 16.00%, cost: 162.0, rand. prob: 0.84
[2024-10-13 16:10:37,333][INFO] Step 4: size: 4, coverage: 20.00%, cost: 205.0, rand. prob: 0.8
[2024-10-13 16:10:37,338][INFO] Step 5: size: 5, coverage: 26.00%, cost: 271.0, rand. prob: 0.74
[2024-10-13 16:10:37,342][INFO] Step 6: size: 6, coverage: 30.00%, cost: 286.0, rand. prob: 0.7
[2024-10-13 16:10:37,347][INFO] Step 7: size: 7, coverage: 35.00%, cost: 287.0, rand. prob: 0.65
[2024-10-13 16:10:37,352][INFO] Step 8: size: 8, coverage: 36.50%, cost: 291.0, rand. prob: 0.635
[2024-10-13 16:10:37,357][INFO] Step 9: size: 9, coverage: 40.00%, cost: 379.0, rand. prob: 0.6
[2024-10-13 16:10:37,362][INFO] Step 10: size: 10, coverage: 44.50%, cost: 380.0, rand. prob: 0.5549999999999999
[2024-10-13 16:10:37,367][INFO] Step 11: size: 11, coverage: 48.00%, cost: 477.0, rand. prob: 0.52
[2024-10-13 16:10:37,372][INFO] Step 12: size: 12, coverage: 51.50%, cost: 478.0, rand. prob: 0.485
[2024-10-13 16:10:37,376][INFO] Step 13: size: 13, coverage: 55.00%, cost: 479.0, rand. prob: 0.44999999999999996
[2024-10-13 16:10:37,381][INFO] Step 14: size: 14, coverage: 58.00%, cost: 480.0, rand. prob: 0.42000000000000004
[2024-10-13 16:10:37,386][INFO] Step 15: size: 15, coverage: 60.50%, cost: 557.0, rand. prob: 0.395
[2024-10-13 16:10:37,391][INFO] Step 16: size: 16, coverage: 63.00%, cost: 558.0, rand. prob: 0.37
[2024-10-13 16:10:37,396][INFO] Step 17: size: 17, coverage: 65.50%, cost: 559.0, rand. prob: 0.345
[2024-10-13 16:10:37,401][INFO] Step 18: size: 18, coverage: 66.50%, cost: 633.0, rand. prob: 0.33499999999999996
[2024-10-13 16:10:37,405][INFO] Step 19: size: 19, coverage: 69.00%, cost: 634.0, rand. prob: 0.31000000000000005
[2024-10-13 16:10:37,410][INFO] Step 20: size: 20, coverage: 70.00%, cost: 734.0, rand. prob: 0.30000000000000004
[2024-10-13 16:10:37,415][INFO] Step 21: size: 21, coverage: 71.50%, cost: 735.0, rand. prob: 0.28500000000000003
[2024-10-13 16:10:37,420][INFO] Step 22: size: 22, coverage: 72.50%, cost: 747.0, rand. prob: 0.275
[2024-10-13 16:10:37,425][INFO] Step 23: size: 23, coverage: 74.00%, cost: 748.0, rand. prob: 0.26
[2024-10-13 16:10:37,430][INFO] Step 24: size: 24, coverage: 75.50%, cost: 749.0, rand. prob: 0.245
[2024-10-13 16:10:37,435][INFO] Step 25: size: 25, coverage: 78.50%, cost: 751.0, rand. prob: 0.21499999999999997
[2024-10-13 16:10:37,440][INFO] Step 26: size: 26, coverage: 81.00%, cost: 753.0, rand. prob: 0.18999999999999995
[2024-10-13 16:10:37,444][INFO] Step 27: size: 27, coverage: 82.00%, cost: 754.0, rand. prob: 0.18000000000000005
[2024-10-13 16:10:37,449][INFO] Step 28: size: 28, coverage: 83.50%, cost: 756.0, rand. prob: 0.16500000000000004
[2024-10-13 16:10:37,454][INFO] Step 29: size: 29, coverage: 85.50%, cost: 759.0, rand. prob: 0.14500000000000002
[2024-10-13 16:10:37,459][INFO] Step 30: size: 30, coverage: 86.00%, cost: 760.0, rand. prob: 0.14
[2024-10-13 16:10:37,464][INFO] Step 31: size: 31, coverage: 87.00%, cost: 762.0, rand. prob: 0.13
[2024-10-13 16:10:37,469][INFO] Step 32: size: 32, coverage: 89.00%, cost: 767.0, rand. prob: 0.10999999999999999
[2024-10-13 16:10:37,474][INFO] Step 33: size: 33, coverage: 90.50%, cost: 771.0, rand. prob: 0.09499999999999997
[2024-10-13 16:10:37,478][INFO] Step 34: size: 34, coverage: 92.00%, cost: 775.0, rand. prob: 0.07999999999999996
[2024-10-13 16:10:37,483][INFO] Step 35: size: 35, coverage: 93.00%, cost: 778.0, rand. prob: 0.06999999999999995
[2024-10-13 16:10:37,488][INFO] Step 36: size: 36, coverage: 93.50%, cost: 780.0, rand. prob: 0.06499999999999995
[2024-10-13 16:10:37,493][INFO] Step 37: size: 37, coverage: 94.00%, cost: 782.0, rand. prob: 0.06000000000000005
[2024-10-13 16:10:37,498][INFO] Step 38: size: 38, coverage: 95.00%, cost: 786.0, rand. prob: 0.050000000000000044
[2024-10-13 16:10:37,503][INFO] Step 39: size: 39, coverage: 95.50%, cost: 789.0, rand. prob: 0.04500000000000004
[2024-10-13 16:10:37,508][INFO] Step 40: size: 40, coverage: 96.00%, cost: 792.0, rand. prob: 0.040000000000000036
[2024-10-13 16:10:37,512][INFO] Step 41: size: 41, coverage: 96.50%, cost: 851.0, rand. prob: 0.03500000000000003
[2024-10-13 16:10:37,517][INFO] Step 42: size: 42, coverage: 97.50%, cost: 858.0, rand. prob: 0.025000000000000022
[2024-10-13 16:10:37,522][INFO] Step 43: size: 43, coverage: 98.00%, cost: 862.0, rand. prob: 0.020000000000000018
[2024-10-13 16:10:37,527][INFO] Step 44: size: 44, coverage: 98.50%, cost: 867.0, rand. prob: 0.015000000000000013
[2024-10-13 16:10:37,532][INFO] Step 45: size: 45, coverage: 99.00%, cost: 873.0, rand. prob: 0.010000000000000009
[2024-10-13 16:10:37,537][INFO] Step 46: size: 46, coverage: 99.50%, cost: 883.0, rand. prob: 0.0050000000000000044
[2024-10-13 16:10:37,542][INFO] Step 47: size: 47, coverage: 100.00%, cost: 896.0, rand. prob: 0.0
[2024-10-13 16:10:37,543][INFO] Size: 47 -> 43
[2024-10-13 16:10:37,543][INFO] Cost: 896.0 -> 712.0
