[2024-10-13 15:18:43,528][INFO] Step 1: size: 1, coverage: 5.33%, cost: 6.0
[2024-10-13 15:18:43,539][INFO] Step 2: size: 2, coverage: 10.33%, cost: 22.0
[2024-10-13 15:18:43,550][INFO] Step 3: size: 3, coverage: 15.33%, cost: 87.0
[2024-10-13 15:18:43,560][INFO] Step 4: size: 4, coverage: 20.00%, cost: 171.0
[2024-10-13 15:18:43,571][INFO] Step 5: size: 5, coverage: 24.33%, cost: 199.0
[2024-10-13 15:18:43,582][INFO] Step 6: size: 6, coverage: 28.67%, cost: 240.0
[2024-10-13 15:18:43,593][INFO] Step 7: size: 7, coverage: 32.67%, cost: 334.0
[2024-10-13 15:18:43,603][INFO] Step 8: size: 8, coverage: 36.00%, cost: 341.0
[2024-10-13 15:18:43,614][INFO] Step 9: size: 9, coverage: 39.33%, cost: 358.0
[2024-10-13 15:18:43,625][INFO] Step 10: size: 10, coverage: 42.67%, cost: 425.0
[2024-10-13 15:18:43,636][INFO] Step 11: size: 11, coverage: 46.00%, cost: 493.0
[2024-10-13 15:18:43,648][INFO] Step 12: size: 12, coverage: 49.00%, cost: 520.0
[2024-10-13 15:18:43,660][INFO] Step 13: size: 13, coverage: 52.00%, cost: 597.0
[2024-10-13 15:18:43,671][INFO] Step 14: size: 14, coverage: 54.67%, cost: 599.0
[2024-10-13 15:18:43,682][INFO] Step 15: size: 15, coverage: 57.33%, cost: 616.0
[2024-10-13 15:18:43,692][INFO] Step 16: size: 16, coverage: 60.00%, cost: 634.0
[2024-10-13 15:18:43,703][INFO] Step 17: size: 17, coverage: 62.67%, cost: 701.0
[2024-10-13 15:18:43,714][INFO] Step 18: size: 18, coverage: 65.00%, cost: 707.0
[2024-10-13 15:18:43,725][INFO] Step 19: size: 19, coverage: 67.33%, cost: 738.0
[2024-10-13 15:18:43,736][INFO] Step 20: size: 20, coverage: 69.67%, cost: 773.0
[2024-10-13 15:18:43,747][INFO] Step 21: size: 21, coverage: 71.67%, cost: 787.0
[2024-10-13 15:18:43,758][INFO] Step 22: size: 22, coverage: 73.67%, cost: 809.0
[2024-10-13 15:18:43,769][INFO] Step 23: size: 23, coverage: 75.67%, cost: 832.0
[2024-10-13 15:18:43,780][INFO] Step 24: size: 24, coverage: 77.67%, cost: 878.0
[2024-10-13 15:18:43,790][INFO] Step 25: size: 25, coverage: 79.67%, cost: 934.0
[2024-10-13 15:18:43,801][INFO] Step 26: size: 26, coverage: 81.67%, cost: 1020.0
[2024-10-13 15:18:43,812][INFO] Step 27: size: 27, coverage: 83.67%, cost: 1108.0
[2024-10-13 15:18:43,823][INFO] Step 28: size: 28, coverage: 85.33%, cost: 1139.0
[2024-10-13 15:18:43,835][INFO] Step 29: size: 29, coverage: 87.00%, cost: 1221.0
[2024-10-13 15:18:43,846][INFO] Step 30: size: 30, coverage: 88.33%, cost: 1228.0
[2024-10-13 15:18:43,857][INFO] Step 31: size: 31, coverage: 89.67%, cost: 1245.0
[2024-10-13 15:18:43,869][INFO] Step 32: size: 32, coverage: 91.00%, cost: 1285.0
[2024-10-13 15:18:43,880][INFO] Step 33: size: 33, coverage: 92.33%, cost: 1342.0
[2024-10-13 15:18:43,891][INFO] Step 34: size: 34, coverage: 93.67%, cost: 1422.0
[2024-10-13 15:18:43,903][INFO] Step 35: size: 35, coverage: 94.67%, cost: 1438.0
[2024-10-13 15:18:43,915][INFO] Step 36: size: 36, coverage: 95.67%, cost: 1460.0
[2024-10-13 15:18:43,926][INFO] Step 37: size: 37, coverage: 96.67%, cost: 1488.0
[2024-10-13 15:18:43,938][INFO] Step 38: size: 38, coverage: 97.67%, cost: 1545.0
[2024-10-13 15:18:43,950][INFO] Step 39: size: 39, coverage: 98.33%, cost: 1552.0
[2024-10-13 15:18:43,962][INFO] Step 40: size: 40, coverage: 99.00%, cost: 1561.0
[2024-10-13 15:18:43,974][INFO] Step 41: size: 41, coverage: 99.67%, cost: 1578.0
[2024-10-13 15:18:43,987][INFO] Step 42: size: 42, coverage: 100.00%, cost: 1581.0
[2024-10-13 15:18:43,988][INFO] Size: 42 -> 42
[2024-10-13 15:18:43,988][INFO] Cost: 1581.0 -> 1581.0
[2024-10-13 15:40:29,758][INFO] Step 1: size: 1, coverage: 2.67%, cost: 10.0
[2024-10-13 15:40:29,775][INFO] Step 2: size: 2, coverage: 4.67%, cost: 71.0
[2024-10-13 15:40:29,790][INFO] Step 3: size: 3, coverage: 7.33%, cost: 99.0
[2024-10-13 15:40:29,807][INFO] Step 4: size: 4, coverage: 8.33%, cost: 174.0
[2024-10-13 15:40:29,833][INFO] Step 5: size: 5, coverage: 9.67%, cost: 262.0
[2024-10-13 15:40:29,849][INFO] Step 6: size: 6, coverage: 12.00%, cost: 270.0
[2024-10-13 15:40:29,866][INFO] Step 7: size: 7, coverage: 12.67%, cost: 281.0
[2024-10-13 15:40:29,884][INFO] Step 8: size: 8, coverage: 14.33%, cost: 333.0
[2024-10-13 15:40:29,902][INFO] Step 9: size: 9, coverage: 15.00%, cost: 355.0
[2024-10-13 15:40:29,919][INFO] Step 10: size: 10, coverage: 16.67%, cost: 411.0
[2024-10-13 15:40:29,935][INFO] Step 11: size: 11, coverage: 18.67%, cost: 470.0
[2024-10-13 15:40:29,952][INFO] Step 12: size: 12, coverage: 20.33%, cost: 498.0
[2024-10-13 15:40:29,968][INFO] Step 13: size: 13, coverage: 23.00%, cost: 519.0
[2024-10-13 15:40:29,985][INFO] Step 14: size: 14, coverage: 24.67%, cost: 604.0
[2024-10-13 15:40:30,003][INFO] Step 15: size: 15, coverage: 25.00%, cost: 666.0
[2024-10-13 15:40:30,020][INFO] Step 16: size: 16, coverage: 26.67%, cost: 680.0
[2024-10-13 15:40:30,037][INFO] Step 17: size: 17, coverage: 28.00%, cost: 756.0
[2024-10-13 15:40:30,054][INFO] Step 18: size: 18, coverage: 28.67%, cost: 758.0
[2024-10-13 15:40:30,071][INFO] Step 19: size: 19, coverage: 29.33%, cost: 817.0
[2024-10-13 15:40:30,089][INFO] Step 20: size: 20, coverage: 30.33%, cost: 821.0
[2024-10-13 15:40:30,106][INFO] Step 21: size: 21, coverage: 32.00%, cost: 849.0
[2024-10-13 15:40:30,123][INFO] Step 22: size: 22, coverage: 32.67%, cost: 904.0
[2024-10-13 15:40:30,141][INFO] Step 23: size: 23, coverage: 34.67%, cost: 971.0
[2024-10-13 15:40:30,158][INFO] Step 24: size: 24, coverage: 35.67%, cost: 1068.0
[2024-10-13 15:40:30,176][INFO] Step 25: size: 25, coverage: 37.00%, cost: 1097.0
[2024-10-13 15:40:30,194][INFO] Step 26: size: 26, coverage: 38.00%, cost: 1131.0
[2024-10-13 15:40:30,211][INFO] Step 27: size: 27, coverage: 39.00%, cost: 1138.0
[2024-10-13 15:40:30,229][INFO] Step 28: size: 28, coverage: 40.33%, cost: 1169.0
[2024-10-13 15:40:30,247][INFO] Step 29: size: 29, coverage: 41.00%, cost: 1241.0
[2024-10-13 15:40:30,264][INFO] Step 30: size: 30, coverage: 41.67%, cost: 1295.0
[2024-10-13 15:40:30,282][INFO] Step 31: size: 31, coverage: 43.33%, cost: 1306.0
[2024-10-13 15:40:30,300][INFO] Step 32: size: 32, coverage: 44.00%, cost: 1346.0
[2024-10-13 15:40:30,318][INFO] Step 33: size: 33, coverage: 45.33%, cost: 1405.0
[2024-10-13 15:40:30,336][INFO] Step 34: size: 34, coverage: 45.67%, cost: 1500.0
[2024-10-13 15:40:30,354][INFO] Step 35: size: 35, coverage: 46.67%, cost: 1537.0
[2024-10-13 15:40:30,373][INFO] Step 36: size: 36, coverage: 47.00%, cost: 1631.0
[2024-10-13 15:40:30,391][INFO] Step 37: size: 37, coverage: 48.00%, cost: 1726.0
[2024-10-13 15:40:30,409][INFO] Step 38: size: 38, coverage: 49.33%, cost: 1789.0
[2024-10-13 15:40:30,428][INFO] Step 39: size: 39, coverage: 50.33%, cost: 1841.0
[2024-10-13 15:40:30,446][INFO] Step 40: size: 40, coverage: 51.33%, cost: 1940.0
[2024-10-13 15:40:30,475][INFO] Step 41: size: 41, coverage: 53.00%, cost: 1983.0
[2024-10-13 15:40:30,494][INFO] Step 42: size: 42, coverage: 54.67%, cost: 2074.0
[2024-10-13 15:40:30,512][INFO] Step 43: size: 43, coverage: 55.33%, cost: 2163.0
[2024-10-13 15:40:30,531][INFO] Step 44: size: 44, coverage: 56.00%, cost: 2256.0
[2024-10-13 15:40:30,550][INFO] Step 45: size: 45, coverage: 57.33%, cost: 2323.0
[2024-10-13 15:40:30,569][INFO] Step 46: size: 46, coverage: 57.67%, cost: 2405.0
[2024-10-13 15:40:30,589][INFO] Step 47: size: 47, coverage: 58.33%, cost: 2490.0
[2024-10-13 15:40:30,608][INFO] Step 48: size: 48, coverage: 60.00%, cost: 2509.0
[2024-10-13 15:40:30,627][INFO] Step 49: size: 49, coverage: 61.00%, cost: 2510.0
[2024-10-13 15:40:30,646][INFO] Step 50: size: 50, coverage: 62.33%, cost: 2541.0
[2024-10-13 15:40:30,666][INFO] Step 51: size: 51, coverage: 63.00%, cost: 2549.0
[2024-10-13 15:40:30,686][INFO] Step 52: size: 52, coverage: 65.33%, cost: 2612.0
[2024-10-13 15:40:30,705][INFO] Step 53: size: 53, coverage: 65.67%, cost: 2634.0
[2024-10-13 15:40:30,723][INFO] Step 54: size: 54, coverage: 66.33%, cost: 2656.0
[2024-10-13 15:40:30,743][INFO] Step 55: size: 55, coverage: 67.00%, cost: 2673.0
[2024-10-13 15:40:30,763][INFO] Step 56: size: 56, coverage: 67.67%, cost: 2743.0
[2024-10-13 15:40:30,783][INFO] Step 57: size: 57, coverage: 68.67%, cost: 2803.0
[2024-10-13 15:40:30,802][INFO] Step 58: size: 58, coverage: 69.67%, cost: 2897.0
[2024-10-13 15:40:30,821][INFO] Step 59: size: 59, coverage: 70.67%, cost: 2927.0
[2024-10-13 15:40:30,841][INFO] Step 60: size: 60, coverage: 72.00%, cost: 2994.0
[2024-10-13 15:40:30,860][INFO] Step 61: size: 61, coverage: 72.33%, cost: 3083.0
[2024-10-13 15:40:30,880][INFO] Step 62: size: 62, coverage: 73.00%, cost: 3167.0
[2024-10-13 15:40:30,899][INFO] Step 63: size: 63, coverage: 74.00%, cost: 3204.0
[2024-10-13 15:40:30,920][INFO] Step 64: size: 64, coverage: 74.67%, cost: 3215.0
[2024-10-13 15:40:30,940][INFO] Step 65: size: 65, coverage: 75.00%, cost: 3230.0
[2024-10-13 15:40:30,959][INFO] Step 66: size: 66, coverage: 76.33%, cost: 3300.0
[2024-10-13 15:40:30,979][INFO] Step 67: size: 67, coverage: 77.67%, cost: 3317.0
[2024-10-13 15:40:30,998][INFO] Step 68: size: 68, coverage: 78.00%, cost: 3368.0
[2024-10-13 15:40:31,017][INFO] Step 69: size: 69, coverage: 78.33%, cost: 3377.0
[2024-10-13 15:40:31,037][INFO] Step 70: size: 70, coverage: 79.33%, cost: 3441.0
[2024-10-13 15:40:31,056][INFO] Step 71: size: 71, coverage: 80.00%, cost: 3494.0
[2024-10-13 15:40:31,075][INFO] Step 72: size: 72, coverage: 80.67%, cost: 3572.0
[2024-10-13 15:40:31,095][INFO] Step 73: size: 73, coverage: 81.00%, cost: 3656.0
[2024-10-13 15:40:31,115][INFO] Step 74: size: 74, coverage: 81.67%, cost: 3747.0
[2024-10-13 15:40:31,134][INFO] Step 75: size: 75, coverage: 82.33%, cost: 3789.0
[2024-10-13 15:40:31,154][INFO] Step 76: size: 76, coverage: 82.67%, cost: 3882.0
[2024-10-13 15:40:31,173][INFO] Step 77: size: 77, coverage: 83.00%, cost: 3959.0
[2024-10-13 15:40:31,193][INFO] Step 78: size: 78, coverage: 83.67%, cost: 4054.0
[2024-10-13 15:40:31,213][INFO] Step 79: size: 79, coverage: 84.00%, cost: 4121.0
[2024-10-13 15:40:31,233][INFO] Step 80: size: 80, coverage: 84.67%, cost: 4177.0
[2024-10-13 15:40:31,253][INFO] Step 81: size: 81, coverage: 85.33%, cost: 4187.0
[2024-10-13 15:40:31,272][INFO] Step 82: size: 82, coverage: 85.67%, cost: 4193.0
[2024-10-13 15:40:31,293][INFO] Step 83: size: 83, coverage: 86.67%, cost: 4208.0
[2024-10-13 15:40:31,313][INFO] Step 84: size: 84, coverage: 87.33%, cost: 4234.0
[2024-10-13 15:40:31,333][INFO] Step 85: size: 85, coverage: 88.00%, cost: 4291.0
[2024-10-13 15:40:31,353][INFO] Step 86: size: 86, coverage: 88.33%, cost: 4322.0
[2024-10-13 15:40:31,373][INFO] Step 87: size: 87, coverage: 88.67%, cost: 4400.0
[2024-10-13 15:40:31,393][INFO] Step 88: size: 88, coverage: 89.00%, cost: 4456.0
[2024-10-13 15:40:31,413][INFO] Step 89: size: 89, coverage: 89.33%, cost: 4541.0
[2024-10-13 15:40:31,433][INFO] Step 90: size: 90, coverage: 89.67%, cost: 4638.0
[2024-10-13 15:40:31,454][INFO] Step 91: size: 91, coverage: 90.00%, cost: 4706.0
[2024-10-13 15:40:31,474][INFO] Step 92: size: 92, coverage: 90.67%, cost: 4707.0
[2024-10-13 15:40:31,494][INFO] Step 93: size: 93, coverage: 91.00%, cost: 4784.0
[2024-10-13 15:40:31,515][INFO] Step 94: size: 94, coverage: 91.67%, cost: 4820.0
[2024-10-13 15:40:31,535][INFO] Step 95: size: 95, coverage: 92.00%, cost: 4841.0
[2024-10-13 15:40:31,556][INFO] Step 96: size: 96, coverage: 92.33%, cost: 4936.0
[2024-10-13 15:40:31,577][INFO] Step 97: size: 97, coverage: 92.67%, cost: 4964.0
[2024-10-13 15:40:31,598][INFO] Step 98: size: 98, coverage: 93.00%, cost: 5007.0
[2024-10-13 15:40:31,618][INFO] Step 99: size: 99, coverage: 93.33%, cost: 5103.0
[2024-10-13 15:40:31,639][INFO] Step 100: size: 100, coverage: 94.00%, cost: 5163.0
[2024-10-13 15:40:31,660][INFO] Step 101: size: 101, coverage: 94.33%, cost: 5220.0
[2024-10-13 15:40:31,682][INFO] Step 102: size: 102, coverage: 94.67%, cost: 5221.0
[2024-10-13 15:40:31,703][INFO] Step 103: size: 103, coverage: 95.00%, cost: 5267.0
[2024-10-13 15:40:31,723][INFO] Step 104: size: 104, coverage: 95.33%, cost: 5276.0
[2024-10-13 15:40:31,744][INFO] Step 105: size: 105, coverage: 95.67%, cost: 5296.0
[2024-10-13 15:40:31,765][INFO] Step 106: size: 106, coverage: 96.00%, cost: 5379.0
[2024-10-13 15:40:31,786][INFO] Step 107: size: 107, coverage: 96.33%, cost: 5471.0
[2024-10-13 15:40:31,808][INFO] Step 108: size: 108, coverage: 96.67%, cost: 5543.0
[2024-10-13 15:40:31,829][INFO] Step 109: size: 109, coverage: 97.00%, cost: 5599.0
[2024-10-13 15:40:31,850][INFO] Step 110: size: 110, coverage: 97.33%, cost: 5644.0
[2024-10-13 15:40:31,872][INFO] Step 111: size: 111, coverage: 98.00%, cost: 5736.0
[2024-10-13 15:40:31,893][INFO] Step 112: size: 112, coverage: 98.33%, cost: 5829.0
[2024-10-13 15:40:31,915][INFO] Step 113: size: 113, coverage: 98.67%, cost: 5887.0
[2024-10-13 15:40:31,936][INFO] Step 114: size: 114, coverage: 99.00%, cost: 5958.0
[2024-10-13 15:40:31,958][INFO] Step 115: size: 115, coverage: 99.33%, cost: 6024.0
[2024-10-13 15:40:31,980][INFO] Step 116: size: 116, coverage: 99.67%, cost: 6083.0
[2024-10-13 15:40:32,001][INFO] Step 117: size: 117, coverage: 100.00%, cost: 6181.0
[2024-10-13 15:40:32,001][INFO] Solved solution used 117 random steps
[2024-10-13 15:40:32,001][INFO] Current randomization probability: 0.0
[2024-10-13 15:40:32,002][INFO] Solved solution used 117 random steps
[2024-10-13 15:40:32,006][INFO] Size: 117 -> 95
[2024-10-13 15:40:32,006][INFO] Cost: 6181.0 -> 4986.0
[2024-10-13 15:59:10,342][INFO] Step 1: size: 1, coverage: 1.00%, cost: 84.0, rand. prob: 0.99
[2024-10-13 15:59:10,357][INFO] Step 2: size: 2, coverage: 4.33%, cost: 147.0, rand. prob: 0.9566666666666667
[2024-10-13 15:59:10,373][INFO] Step 3: size: 3, coverage: 6.00%, cost: 203.0, rand. prob: 0.94
[2024-10-13 15:59:10,388][INFO] Step 4: size: 4, coverage: 9.67%, cost: 204.0, rand. prob: 0.9033333333333333
[2024-10-13 15:59:10,404][INFO] Step 5: size: 5, coverage: 11.33%, cost: 215.0, rand. prob: 0.8866666666666667
[2024-10-13 15:59:10,420][INFO] Step 6: size: 6, coverage: 12.67%, cost: 298.0, rand. prob: 0.8733333333333333
[2024-10-13 15:59:10,436][INFO] Step 7: size: 7, coverage: 15.67%, cost: 299.0, rand. prob: 0.8433333333333333
[2024-10-13 15:59:10,452][INFO] Step 8: size: 8, coverage: 17.33%, cost: 310.0, rand. prob: 0.8266666666666667
[2024-10-13 15:59:10,468][INFO] Step 9: size: 9, coverage: 19.00%, cost: 317.0, rand. prob: 0.81
[2024-10-13 15:59:10,485][INFO] Step 10: size: 10, coverage: 21.67%, cost: 407.0, rand. prob: 0.7833333333333333
[2024-10-13 15:59:10,501][INFO] Step 11: size: 11, coverage: 24.00%, cost: 408.0, rand. prob: 0.76
[2024-10-13 15:59:10,517][INFO] Step 12: size: 12, coverage: 26.00%, cost: 409.0, rand. prob: 0.74
[2024-10-13 15:59:10,534][INFO] Step 13: size: 13, coverage: 27.00%, cost: 443.0, rand. prob: 0.73
[2024-10-13 15:59:10,550][INFO] Step 14: size: 14, coverage: 28.67%, cost: 444.0, rand. prob: 0.7133333333333334
[2024-10-13 15:59:10,567][INFO] Step 15: size: 15, coverage: 29.67%, cost: 473.0, rand. prob: 0.7033333333333334
[2024-10-13 15:59:10,584][INFO] Step 16: size: 16, coverage: 31.33%, cost: 474.0, rand. prob: 0.6866666666666666
[2024-10-13 15:59:10,601][INFO] Step 17: size: 17, coverage: 32.00%, cost: 564.0, rand. prob: 0.6799999999999999
[2024-10-13 15:59:10,618][INFO] Step 18: size: 18, coverage: 32.67%, cost: 659.0, rand. prob: 0.6733333333333333
[2024-10-13 15:59:10,635][INFO] Step 19: size: 19, coverage: 33.00%, cost: 727.0, rand. prob: 0.6699999999999999
[2024-10-13 15:59:10,652][INFO] Step 20: size: 20, coverage: 34.67%, cost: 728.0, rand. prob: 0.6533333333333333
[2024-10-13 15:59:10,669][INFO] Step 21: size: 21, coverage: 35.33%, cost: 801.0, rand. prob: 0.6466666666666667
[2024-10-13 15:59:10,686][INFO] Step 22: size: 22, coverage: 37.33%, cost: 881.0, rand. prob: 0.6266666666666667
[2024-10-13 15:59:10,704][INFO] Step 23: size: 23, coverage: 38.67%, cost: 882.0, rand. prob: 0.6133333333333333
[2024-10-13 15:59:10,721][INFO] Step 24: size: 24, coverage: 40.00%, cost: 883.0, rand. prob: 0.6
[2024-10-13 15:59:10,738][INFO] Step 25: size: 25, coverage: 40.67%, cost: 902.0, rand. prob: 0.5933333333333333
[2024-10-13 15:59:10,756][INFO] Step 26: size: 26, coverage: 42.00%, cost: 903.0, rand. prob: 0.5800000000000001
[2024-10-13 15:59:10,773][INFO] Step 27: size: 27, coverage: 43.33%, cost: 904.0, rand. prob: 0.5666666666666667
[2024-10-13 15:59:10,791][INFO] Step 28: size: 28, coverage: 44.67%, cost: 905.0, rand. prob: 0.5533333333333333
[2024-10-13 15:59:10,808][INFO] Step 29: size: 29, coverage: 46.00%, cost: 945.0, rand. prob: 0.54
[2024-10-13 15:59:10,826][INFO] Step 30: size: 30, coverage: 47.00%, cost: 946.0, rand. prob: 0.53
[2024-10-13 15:59:10,843][INFO] Step 31: size: 31, coverage: 48.00%, cost: 947.0, rand. prob: 0.52
[2024-10-13 15:59:10,861][INFO] Step 32: size: 32, coverage: 49.00%, cost: 1009.0, rand. prob: 0.51
[2024-10-13 15:59:10,879][INFO] Step 33: size: 33, coverage: 50.33%, cost: 1060.0, rand. prob: 0.4966666666666667
[2024-10-13 15:59:10,897][INFO] Step 34: size: 34, coverage: 50.67%, cost: 1066.0, rand. prob: 0.4933333333333333
[2024-10-13 15:59:10,915][INFO] Step 35: size: 35, coverage: 51.33%, cost: 1158.0, rand. prob: 0.4866666666666667
[2024-10-13 15:59:10,932][INFO] Step 36: size: 36, coverage: 53.33%, cost: 1160.0, rand. prob: 0.4666666666666667
[2024-10-13 15:59:10,950][INFO] Step 37: size: 37, coverage: 55.33%, cost: 1162.0, rand. prob: 0.44666666666666666
[2024-10-13 15:59:10,968][INFO] Step 38: size: 38, coverage: 57.00%, cost: 1164.0, rand. prob: 0.43000000000000005
[2024-10-13 15:59:10,986][INFO] Step 39: size: 39, coverage: 58.33%, cost: 1202.0, rand. prob: 0.41666666666666663
[2024-10-13 15:59:11,004][INFO] Step 40: size: 40, coverage: 60.00%, cost: 1204.0, rand. prob: 0.4
[2024-10-13 15:59:11,022][INFO] Step 41: size: 41, coverage: 61.33%, cost: 1280.0, rand. prob: 0.3866666666666667
[2024-10-13 15:59:11,040][INFO] Step 42: size: 42, coverage: 62.00%, cost: 1281.0, rand. prob: 0.38
[2024-10-13 15:59:11,058][INFO] Step 43: size: 43, coverage: 62.67%, cost: 1282.0, rand. prob: 0.3733333333333333
[2024-10-13 15:59:11,076][INFO] Step 44: size: 44, coverage: 63.67%, cost: 1336.0, rand. prob: 0.3633333333333333
[2024-10-13 15:59:11,094][INFO] Step 45: size: 45, coverage: 64.00%, cost: 1341.0, rand. prob: 0.36
[2024-10-13 15:59:11,112][INFO] Step 46: size: 46, coverage: 64.67%, cost: 1342.0, rand. prob: 0.3533333333333334
[2024-10-13 15:59:11,130][INFO] Step 47: size: 47, coverage: 66.00%, cost: 1344.0, rand. prob: 0.33999999999999997
[2024-10-13 15:59:11,148][INFO] Step 48: size: 48, coverage: 67.33%, cost: 1346.0, rand. prob: 0.32666666666666666
[2024-10-13 15:59:11,167][INFO] Step 49: size: 49, coverage: 68.00%, cost: 1446.0, rand. prob: 0.31999999999999995
[2024-10-13 15:59:11,185][INFO] Step 50: size: 50, coverage: 70.00%, cost: 1449.0, rand. prob: 0.30000000000000004
[2024-10-13 15:59:11,203][INFO] Step 51: size: 51, coverage: 71.00%, cost: 1451.0, rand. prob: 0.29000000000000004
[2024-10-13 15:59:11,221][INFO] Step 52: size: 52, coverage: 72.00%, cost: 1453.0, rand. prob: 0.28
[2024-10-13 15:59:11,239][INFO] Step 53: size: 53, coverage: 72.67%, cost: 1528.0, rand. prob: 0.2733333333333333
[2024-10-13 15:59:11,257][INFO] Step 54: size: 54, coverage: 73.67%, cost: 1530.0, rand. prob: 0.2633333333333333
[2024-10-13 15:59:11,275][INFO] Step 55: size: 55, coverage: 74.00%, cost: 1531.0, rand. prob: 0.26
[2024-10-13 15:59:11,293][INFO] Step 56: size: 56, coverage: 74.33%, cost: 1532.0, rand. prob: 0.2566666666666667
[2024-10-13 15:59:11,311][INFO] Step 57: size: 57, coverage: 74.67%, cost: 1533.0, rand. prob: 0.2533333333333333
[2024-10-13 15:59:11,329][INFO] Step 58: size: 58, coverage: 75.00%, cost: 1534.0, rand. prob: 0.25
[2024-10-13 15:59:11,348][INFO] Step 59: size: 59, coverage: 75.67%, cost: 1536.0, rand. prob: 0.2433333333333333
[2024-10-13 15:59:11,366][INFO] Step 60: size: 60, coverage: 76.00%, cost: 1549.0, rand. prob: 0.24
[2024-10-13 15:59:11,384][INFO] Step 61: size: 61, coverage: 76.67%, cost: 1551.0, rand. prob: 0.23333333333333328
[2024-10-13 15:59:11,403][INFO] Step 62: size: 62, coverage: 77.33%, cost: 1553.0, rand. prob: 0.22666666666666668
[2024-10-13 15:59:11,421][INFO] Step 63: size: 63, coverage: 78.00%, cost: 1555.0, rand. prob: 0.21999999999999997
[2024-10-13 15:59:11,439][INFO] Step 64: size: 64, coverage: 78.67%, cost: 1557.0, rand. prob: 0.21333333333333337
[2024-10-13 15:59:11,458][INFO] Step 65: size: 65, coverage: 79.33%, cost: 1559.0, rand. prob: 0.20666666666666667
[2024-10-13 15:59:11,476][INFO] Step 66: size: 66, coverage: 80.33%, cost: 1562.0, rand. prob: 0.19666666666666666
[2024-10-13 15:59:11,495][INFO] Step 67: size: 67, coverage: 81.33%, cost: 1565.0, rand. prob: 0.18666666666666665
[2024-10-13 15:59:11,513][INFO] Step 68: size: 68, coverage: 82.33%, cost: 1568.0, rand. prob: 0.17666666666666664
[2024-10-13 15:59:11,532][INFO] Step 69: size: 69, coverage: 83.33%, cost: 1571.0, rand. prob: 0.16666666666666663
[2024-10-13 15:59:11,550][INFO] Step 70: size: 70, coverage: 84.67%, cost: 1575.0, rand. prob: 0.15333333333333332
[2024-10-13 15:59:11,569][INFO] Step 71: size: 71, coverage: 85.67%, cost: 1579.0, rand. prob: 0.1433333333333333
[2024-10-13 15:59:11,587][INFO] Step 72: size: 72, coverage: 86.33%, cost: 1582.0, rand. prob: 0.13666666666666671
[2024-10-13 15:59:11,605][INFO] Step 73: size: 73, coverage: 87.00%, cost: 1585.0, rand. prob: 0.13
[2024-10-13 15:59:11,624][INFO] Step 74: size: 74, coverage: 87.67%, cost: 1588.0, rand. prob: 0.1233333333333333
[2024-10-13 15:59:11,643][INFO] Step 75: size: 75, coverage: 88.00%, cost: 1665.0, rand. prob: 0.12
[2024-10-13 15:59:11,661][INFO] Step 76: size: 76, coverage: 89.00%, cost: 1670.0, rand. prob: 0.10999999999999999
[2024-10-13 15:59:11,680][INFO] Step 77: size: 77, coverage: 89.33%, cost: 1740.0, rand. prob: 0.10666666666666669
[2024-10-13 15:59:11,699][INFO] Step 78: size: 78, coverage: 89.67%, cost: 1742.0, rand. prob: 0.10333333333333339
[2024-10-13 15:59:11,717][INFO] Step 79: size: 79, coverage: 90.00%, cost: 1744.0, rand. prob: 0.09999999999999998
[2024-10-13 15:59:11,736][INFO] Step 80: size: 80, coverage: 90.33%, cost: 1746.0, rand. prob: 0.09666666666666668
[2024-10-13 15:59:11,755][INFO] Step 81: size: 81, coverage: 90.67%, cost: 1748.0, rand. prob: 0.09333333333333338
[2024-10-13 15:59:11,774][INFO] Step 82: size: 82, coverage: 91.00%, cost: 1750.0, rand. prob: 0.08999999999999997
[2024-10-13 15:59:11,793][INFO] Step 83: size: 83, coverage: 91.67%, cost: 1754.0, rand. prob: 0.08333333333333337
[2024-10-13 15:59:11,812][INFO] Step 84: size: 84, coverage: 92.33%, cost: 1758.0, rand. prob: 0.07666666666666666
[2024-10-13 15:59:11,831][INFO] Step 85: size: 85, coverage: 93.00%, cost: 1762.0, rand. prob: 0.06999999999999995
[2024-10-13 15:59:11,850][INFO] Step 86: size: 86, coverage: 93.67%, cost: 1767.0, rand. prob: 0.06333333333333335
[2024-10-13 15:59:11,869][INFO] Step 87: size: 87, coverage: 94.33%, cost: 1772.0, rand. prob: 0.05666666666666664
[2024-10-13 15:59:11,888][INFO] Step 88: size: 88, coverage: 95.33%, cost: 1780.0, rand. prob: 0.046666666666666634
[2024-10-13 15:59:11,907][INFO] Step 89: size: 89, coverage: 95.67%, cost: 1783.0, rand. prob: 0.043333333333333335
[2024-10-13 15:59:11,926][INFO] Step 90: size: 90, coverage: 96.00%, cost: 1786.0, rand. prob: 0.040000000000000036
[2024-10-13 15:59:11,945][INFO] Step 91: size: 91, coverage: 96.33%, cost: 1789.0, rand. prob: 0.036666666666666625
[2024-10-13 15:59:11,964][INFO] Step 92: size: 92, coverage: 96.67%, cost: 1792.0, rand. prob: 0.033333333333333326
[2024-10-13 15:59:11,983][INFO] Step 93: size: 93, coverage: 97.00%, cost: 1796.0, rand. prob: 0.030000000000000027
[2024-10-13 15:59:12,002][INFO] Step 94: size: 94, coverage: 97.33%, cost: 1800.0, rand. prob: 0.026666666666666616
[2024-10-13 15:59:12,021][INFO] Step 95: size: 95, coverage: 97.67%, cost: 1804.0, rand. prob: 0.023333333333333317
[2024-10-13 15:59:12,040][INFO] Step 96: size: 96, coverage: 98.00%, cost: 1808.0, rand. prob: 0.020000000000000018
[2024-10-13 15:59:12,059][INFO] Step 97: size: 97, coverage: 98.33%, cost: 1813.0, rand. prob: 0.01666666666666672
[2024-10-13 15:59:12,079][INFO] Step 98: size: 98, coverage: 98.67%, cost: 1819.0, rand. prob: 0.013333333333333308
[2024-10-13 15:59:12,098][INFO] Step 99: size: 99, coverage: 99.00%, cost: 1825.0, rand. prob: 0.010000000000000009
[2024-10-13 15:59:12,118][INFO] Step 100: size: 100, coverage: 99.33%, cost: 1831.0, rand. prob: 0.00666666666666671
[2024-10-13 15:59:12,138][INFO] Step 101: size: 101, coverage: 99.67%, cost: 1840.0, rand. prob: 0.0033333333333332993
[2024-10-13 15:59:12,159][INFO] Step 102: size: 102, coverage: 100.00%, cost: 1853.0, rand. prob: 0.0
[2024-10-13 15:59:12,163][INFO] Size: 102 -> 88
[2024-10-13 15:59:12,163][INFO] Cost: 1853.0 -> 1246.0
[2024-10-13 16:05:08,930][INFO] Step 1: size: 1, coverage: 1.33%, cost: 48.0, rand. prob: 0.9866666666666667
[2024-10-13 16:05:08,946][INFO] Step 2: size: 2, coverage: 3.33%, cost: 60.0, rand. prob: 0.9666666666666667
[2024-10-13 16:05:08,962][INFO] Step 3: size: 3, coverage: 7.00%, cost: 61.0, rand. prob: 0.9299999999999999
[2024-10-13 16:05:08,978][INFO] Step 4: size: 4, coverage: 8.33%, cost: 81.0, rand. prob: 0.9166666666666666
[2024-10-13 16:05:08,994][INFO] Step 5: size: 5, coverage: 11.00%, cost: 139.0, rand. prob: 0.89
[2024-10-13 16:05:09,011][INFO] Step 6: size: 6, coverage: 12.00%, cost: 165.0, rand. prob: 0.88
[2024-10-13 16:05:09,027][INFO] Step 7: size: 7, coverage: 13.67%, cost: 234.0, rand. prob: 0.8633333333333333
[2024-10-13 16:05:09,044][INFO] Step 8: size: 8, coverage: 15.67%, cost: 326.0, rand. prob: 0.8433333333333333
[2024-10-13 16:05:09,060][INFO] Step 9: size: 9, coverage: 17.67%, cost: 347.0, rand. prob: 0.8233333333333334
[2024-10-13 16:05:09,077][INFO] Step 10: size: 10, coverage: 20.33%, cost: 348.0, rand. prob: 0.7966666666666666
[2024-10-13 16:05:09,094][INFO] Step 11: size: 11, coverage: 22.67%, cost: 349.0, rand. prob: 0.7733333333333333
[2024-10-13 16:05:09,111][INFO] Step 12: size: 12, coverage: 24.67%, cost: 434.0, rand. prob: 0.7533333333333333
[2024-10-13 16:05:09,128][INFO] Step 13: size: 13, coverage: 26.33%, cost: 470.0, rand. prob: 0.7366666666666667
[2024-10-13 16:05:09,145][INFO] Step 14: size: 14, coverage: 28.33%, cost: 471.0, rand. prob: 0.7166666666666667
[2024-10-13 16:05:09,162][INFO] Step 15: size: 15, coverage: 30.33%, cost: 472.0, rand. prob: 0.6966666666666667
[2024-10-13 16:05:09,179][INFO] Step 16: size: 16, coverage: 32.33%, cost: 534.0, rand. prob: 0.6766666666666667
[2024-10-13 16:05:09,197][INFO] Step 17: size: 17, coverage: 33.67%, cost: 535.0, rand. prob: 0.6633333333333333
[2024-10-13 16:05:09,214][INFO] Step 18: size: 18, coverage: 35.33%, cost: 536.0, rand. prob: 0.6466666666666667
[2024-10-13 16:05:09,231][INFO] Step 19: size: 19, coverage: 37.33%, cost: 597.0, rand. prob: 0.6266666666666667
[2024-10-13 16:05:09,248][INFO] Step 20: size: 20, coverage: 38.00%, cost: 653.0, rand. prob: 0.62
[2024-10-13 16:05:09,266][INFO] Step 21: size: 21, coverage: 39.00%, cost: 750.0, rand. prob: 0.61
[2024-10-13 16:05:09,283][INFO] Step 22: size: 22, coverage: 40.33%, cost: 751.0, rand. prob: 0.5966666666666667
[2024-10-13 16:05:09,301][INFO] Step 23: size: 23, coverage: 41.67%, cost: 752.0, rand. prob: 0.5833333333333333
[2024-10-13 16:05:09,318][INFO] Step 24: size: 24, coverage: 44.00%, cost: 783.0, rand. prob: 0.56
[2024-10-13 16:05:09,336][INFO] Step 25: size: 25, coverage: 47.33%, cost: 820.0, rand. prob: 0.5266666666666666
[2024-10-13 16:05:09,354][INFO] Step 26: size: 26, coverage: 47.67%, cost: 888.0, rand. prob: 0.5233333333333333
[2024-10-13 16:05:09,372][INFO] Step 27: size: 27, coverage: 50.00%, cost: 890.0, rand. prob: 0.5
[2024-10-13 16:05:09,390][INFO] Step 28: size: 28, coverage: 52.00%, cost: 925.0, rand. prob: 0.48
[2024-10-13 16:05:09,408][INFO] Step 29: size: 29, coverage: 54.33%, cost: 927.0, rand. prob: 0.45666666666666667
[2024-10-13 16:05:09,425][INFO] Step 30: size: 30, coverage: 55.00%, cost: 1020.0, rand. prob: 0.44999999999999996
[2024-10-13 16:05:09,443][INFO] Step 31: size: 31, coverage: 55.67%, cost: 1031.0, rand. prob: 0.44333333333333336
[2024-10-13 16:05:09,461][INFO] Step 32: size: 32, coverage: 56.00%, cost: 1124.0, rand. prob: 0.43999999999999995
[2024-10-13 16:05:09,479][INFO] Step 33: size: 33, coverage: 57.00%, cost: 1192.0, rand. prob: 0.43000000000000005
[2024-10-13 16:05:09,497][INFO] Step 34: size: 34, coverage: 58.00%, cost: 1213.0, rand. prob: 0.42000000000000004
[2024-10-13 16:05:09,515][INFO] Step 35: size: 35, coverage: 59.00%, cost: 1214.0, rand. prob: 0.41000000000000003
[2024-10-13 16:05:09,533][INFO] Step 36: size: 36, coverage: 59.33%, cost: 1217.0, rand. prob: 0.4066666666666666
[2024-10-13 16:05:09,551][INFO] Step 37: size: 37, coverage: 60.33%, cost: 1218.0, rand. prob: 0.3966666666666666
[2024-10-13 16:05:09,569][INFO] Step 38: size: 38, coverage: 62.00%, cost: 1220.0, rand. prob: 0.38
[2024-10-13 16:05:09,587][INFO] Step 39: size: 39, coverage: 62.33%, cost: 1234.0, rand. prob: 0.3766666666666667
[2024-10-13 16:05:09,605][INFO] Step 40: size: 40, coverage: 63.00%, cost: 1235.0, rand. prob: 0.37
[2024-10-13 16:05:09,623][INFO] Step 41: size: 41, coverage: 63.67%, cost: 1236.0, rand. prob: 0.3633333333333333
[2024-10-13 16:05:09,641][INFO] Step 42: size: 42, coverage: 64.33%, cost: 1237.0, rand. prob: 0.3566666666666667
[2024-10-13 16:05:09,659][INFO] Step 43: size: 43, coverage: 65.00%, cost: 1238.0, rand. prob: 0.35
[2024-10-13 16:05:09,677][INFO] Step 44: size: 44, coverage: 65.67%, cost: 1239.0, rand. prob: 0.3433333333333334
[2024-10-13 16:05:09,695][INFO] Step 45: size: 45, coverage: 67.00%, cost: 1241.0, rand. prob: 0.32999999999999996
[2024-10-13 16:05:09,714][INFO] Step 46: size: 46, coverage: 67.67%, cost: 1314.0, rand. prob: 0.32333333333333336
[2024-10-13 16:05:09,732][INFO] Step 47: size: 47, coverage: 69.00%, cost: 1316.0, rand. prob: 0.31000000000000005
[2024-10-13 16:05:09,750][INFO] Step 48: size: 48, coverage: 70.33%, cost: 1318.0, rand. prob: 0.29666666666666663
[2024-10-13 16:05:09,768][INFO] Step 49: size: 49, coverage: 72.00%, cost: 1321.0, rand. prob: 0.28
[2024-10-13 16:05:09,787][INFO] Step 50: size: 50, coverage: 73.67%, cost: 1324.0, rand. prob: 0.2633333333333333
[2024-10-13 16:05:09,805][INFO] Step 51: size: 51, coverage: 75.33%, cost: 1327.0, rand. prob: 0.2466666666666667
[2024-10-13 16:05:09,823][INFO] Step 52: size: 52, coverage: 76.33%, cost: 1329.0, rand. prob: 0.2366666666666667
[2024-10-13 16:05:09,841][INFO] Step 53: size: 53, coverage: 77.67%, cost: 1332.0, rand. prob: 0.22333333333333338
[2024-10-13 16:05:09,859][INFO] Step 54: size: 54, coverage: 79.00%, cost: 1335.0, rand. prob: 0.20999999999999996
[2024-10-13 16:05:09,877][INFO] Step 55: size: 55, coverage: 79.33%, cost: 1336.0, rand. prob: 0.20666666666666667
[2024-10-13 16:05:09,896][INFO] Step 56: size: 56, coverage: 80.00%, cost: 1394.0, rand. prob: 0.19999999999999996
[2024-10-13 16:05:09,914][INFO] Step 57: size: 57, coverage: 80.33%, cost: 1395.0, rand. prob: 0.19666666666666666
[2024-10-13 16:05:09,932][INFO] Step 58: size: 58, coverage: 80.67%, cost: 1396.0, rand. prob: 0.19333333333333336
[2024-10-13 16:05:09,950][INFO] Step 59: size: 59, coverage: 81.00%, cost: 1397.0, rand. prob: 0.18999999999999995
[2024-10-13 16:05:09,968][INFO] Step 60: size: 60, coverage: 81.67%, cost: 1399.0, rand. prob: 0.18333333333333335
[2024-10-13 16:05:09,987][INFO] Step 61: size: 61, coverage: 82.33%, cost: 1401.0, rand. prob: 0.17666666666666664
[2024-10-13 16:05:10,005][INFO] Step 62: size: 62, coverage: 83.00%, cost: 1403.0, rand. prob: 0.17000000000000004
[2024-10-13 16:05:10,024][INFO] Step 63: size: 63, coverage: 83.67%, cost: 1494.0, rand. prob: 0.16333333333333333
[2024-10-13 16:05:10,042][INFO] Step 64: size: 64, coverage: 84.33%, cost: 1496.0, rand. prob: 0.15666666666666662
[2024-10-13 16:05:10,060][INFO] Step 65: size: 65, coverage: 85.00%, cost: 1498.0, rand. prob: 0.15000000000000002
[2024-10-13 16:05:10,079][INFO] Step 66: size: 66, coverage: 85.67%, cost: 1500.0, rand. prob: 0.1433333333333333
[2024-10-13 16:05:10,097][INFO] Step 67: size: 67, coverage: 86.00%, cost: 1560.0, rand. prob: 0.14
[2024-10-13 16:05:10,116][INFO] Step 68: size: 68, coverage: 87.00%, cost: 1563.0, rand. prob: 0.13
[2024-10-13 16:05:10,134][INFO] Step 69: size: 69, coverage: 87.67%, cost: 1566.0, rand. prob: 0.1233333333333333
[2024-10-13 16:05:10,153][INFO] Step 70: size: 70, coverage: 88.00%, cost: 1639.0, rand. prob: 0.12
[2024-10-13 16:05:10,172][INFO] Step 71: size: 71, coverage: 88.67%, cost: 1642.0, rand. prob: 0.11333333333333329
[2024-10-13 16:05:10,190][INFO] Step 72: size: 72, coverage: 89.33%, cost: 1645.0, rand. prob: 0.10666666666666669
[2024-10-13 16:05:10,209][INFO] Step 73: size: 73, coverage: 90.00%, cost: 1648.0, rand. prob: 0.09999999999999998
[2024-10-13 16:05:10,228][INFO] Step 74: size: 74, coverage: 90.67%, cost: 1651.0, rand. prob: 0.09333333333333338
[2024-10-13 16:05:10,247][INFO] Step 75: size: 75, coverage: 91.67%, cost: 1656.0, rand. prob: 0.08333333333333337
[2024-10-13 16:05:10,265][INFO] Step 76: size: 76, coverage: 92.00%, cost: 1658.0, rand. prob: 0.07999999999999996
[2024-10-13 16:05:10,284][INFO] Step 77: size: 77, coverage: 92.33%, cost: 1660.0, rand. prob: 0.07666666666666666
[2024-10-13 16:05:10,303][INFO] Step 78: size: 78, coverage: 92.67%, cost: 1707.0, rand. prob: 0.07333333333333336
[2024-10-13 16:05:10,322][INFO] Step 79: size: 79, coverage: 93.00%, cost: 1709.0, rand. prob: 0.06999999999999995
[2024-10-13 16:05:10,341][INFO] Step 80: size: 80, coverage: 93.33%, cost: 1711.0, rand. prob: 0.06666666666666665
[2024-10-13 16:05:10,360][INFO] Step 81: size: 81, coverage: 93.67%, cost: 1713.0, rand. prob: 0.06333333333333335
[2024-10-13 16:05:10,379][INFO] Step 82: size: 82, coverage: 94.00%, cost: 1776.0, rand. prob: 0.06000000000000005
[2024-10-13 16:05:10,398][INFO] Step 83: size: 83, coverage: 94.67%, cost: 1781.0, rand. prob: 0.053333333333333344
[2024-10-13 16:05:10,417][INFO] Step 84: size: 84, coverage: 95.33%, cost: 1786.0, rand. prob: 0.046666666666666634
[2024-10-13 16:05:10,436][INFO] Step 85: size: 85, coverage: 95.67%, cost: 1789.0, rand. prob: 0.043333333333333335
[2024-10-13 16:05:10,455][INFO] Step 86: size: 86, coverage: 96.33%, cost: 1795.0, rand. prob: 0.036666666666666625
[2024-10-13 16:05:10,474][INFO] Step 87: size: 87, coverage: 97.00%, cost: 1801.0, rand. prob: 0.030000000000000027
[2024-10-13 16:05:10,493][INFO] Step 88: size: 88, coverage: 97.67%, cost: 1808.0, rand. prob: 0.023333333333333317
[2024-10-13 16:05:10,512][INFO] Step 89: size: 89, coverage: 98.33%, cost: 1815.0, rand. prob: 0.01666666666666672
[2024-10-13 16:05:10,531][INFO] Step 90: size: 90, coverage: 98.67%, cost: 1819.0, rand. prob: 0.013333333333333308
[2024-10-13 16:05:10,550][INFO] Step 91: size: 91, coverage: 99.00%, cost: 1824.0, rand. prob: 0.010000000000000009
[2024-10-13 16:05:10,570][INFO] Step 92: size: 92, coverage: 99.33%, cost: 1832.0, rand. prob: 0.00666666666666671
[2024-10-13 16:05:10,589][INFO] Step 93: size: 93, coverage: 99.67%, cost: 1841.0, rand. prob: 0.0033333333333332993
[2024-10-13 16:05:10,608][INFO] Step 94: size: 94, coverage: 100.00%, cost: 1854.0, rand. prob: 0.0
[2024-10-13 16:05:10,611][INFO] Size: 94 -> 86
[2024-10-13 16:05:10,611][INFO] Cost: 1854.0 -> 1686.0
[2024-10-13 16:10:39,571][INFO] Step 1: size: 1, coverage: 1.33%, cost: 48.0, rand. prob: 0.9866666666666667
[2024-10-13 16:10:39,587][INFO] Step 2: size: 2, coverage: 3.33%, cost: 60.0, rand. prob: 0.9666666666666667
[2024-10-13 16:10:39,602][INFO] Step 3: size: 3, coverage: 7.00%, cost: 61.0, rand. prob: 0.9299999999999999
[2024-10-13 16:10:39,617][INFO] Step 4: size: 4, coverage: 8.33%, cost: 81.0, rand. prob: 0.9166666666666666
[2024-10-13 16:10:39,633][INFO] Step 5: size: 5, coverage: 11.00%, cost: 139.0, rand. prob: 0.89
[2024-10-13 16:10:39,649][INFO] Step 6: size: 6, coverage: 12.00%, cost: 165.0, rand. prob: 0.88
[2024-10-13 16:10:39,665][INFO] Step 7: size: 7, coverage: 13.67%, cost: 234.0, rand. prob: 0.8633333333333333
[2024-10-13 16:10:39,681][INFO] Step 8: size: 8, coverage: 15.67%, cost: 326.0, rand. prob: 0.8433333333333333
[2024-10-13 16:10:39,697][INFO] Step 9: size: 9, coverage: 17.67%, cost: 347.0, rand. prob: 0.8233333333333334
[2024-10-13 16:10:39,713][INFO] Step 10: size: 10, coverage: 20.33%, cost: 348.0, rand. prob: 0.7966666666666666
[2024-10-13 16:10:39,730][INFO] Step 11: size: 11, coverage: 22.67%, cost: 349.0, rand. prob: 0.7733333333333333
[2024-10-13 16:10:39,746][INFO] Step 12: size: 12, coverage: 24.67%, cost: 434.0, rand. prob: 0.7533333333333333
[2024-10-13 16:10:39,763][INFO] Step 13: size: 13, coverage: 26.33%, cost: 470.0, rand. prob: 0.7366666666666667
[2024-10-13 16:10:39,779][INFO] Step 14: size: 14, coverage: 28.33%, cost: 471.0, rand. prob: 0.7166666666666667
[2024-10-13 16:10:39,796][INFO] Step 15: size: 15, coverage: 30.33%, cost: 472.0, rand. prob: 0.6966666666666667
[2024-10-13 16:10:39,813][INFO] Step 16: size: 16, coverage: 32.33%, cost: 534.0, rand. prob: 0.6766666666666667
[2024-10-13 16:10:39,830][INFO] Step 17: size: 17, coverage: 33.67%, cost: 535.0, rand. prob: 0.6633333333333333
[2024-10-13 16:10:39,847][INFO] Step 18: size: 18, coverage: 35.33%, cost: 536.0, rand. prob: 0.6466666666666667
[2024-10-13 16:10:39,864][INFO] Step 19: size: 19, coverage: 37.33%, cost: 597.0, rand. prob: 0.6266666666666667
[2024-10-13 16:10:39,881][INFO] Step 20: size: 20, coverage: 38.00%, cost: 653.0, rand. prob: 0.62
[2024-10-13 16:10:39,897][INFO] Step 21: size: 21, coverage: 39.00%, cost: 750.0, rand. prob: 0.61
[2024-10-13 16:10:39,914][INFO] Step 22: size: 22, coverage: 40.33%, cost: 751.0, rand. prob: 0.5966666666666667
[2024-10-13 16:10:39,932][INFO] Step 23: size: 23, coverage: 41.67%, cost: 752.0, rand. prob: 0.5833333333333333
[2024-10-13 16:10:39,949][INFO] Step 24: size: 24, coverage: 44.00%, cost: 783.0, rand. prob: 0.56
[2024-10-13 16:10:39,966][INFO] Step 25: size: 25, coverage: 47.33%, cost: 820.0, rand. prob: 0.5266666666666666
[2024-10-13 16:10:39,983][INFO] Step 26: size: 26, coverage: 47.67%, cost: 888.0, rand. prob: 0.5233333333333333
[2024-10-13 16:10:40,001][INFO] Step 27: size: 27, coverage: 50.00%, cost: 890.0, rand. prob: 0.5
[2024-10-13 16:10:40,018][INFO] Step 28: size: 28, coverage: 52.00%, cost: 925.0, rand. prob: 0.48
[2024-10-13 16:10:40,036][INFO] Step 29: size: 29, coverage: 54.33%, cost: 927.0, rand. prob: 0.45666666666666667
[2024-10-13 16:10:40,053][INFO] Step 30: size: 30, coverage: 55.00%, cost: 1020.0, rand. prob: 0.44999999999999996
[2024-10-13 16:10:40,070][INFO] Step 31: size: 31, coverage: 55.67%, cost: 1031.0, rand. prob: 0.44333333333333336
[2024-10-13 16:10:40,088][INFO] Step 32: size: 32, coverage: 56.00%, cost: 1124.0, rand. prob: 0.43999999999999995
[2024-10-13 16:10:40,106][INFO] Step 33: size: 33, coverage: 57.00%, cost: 1192.0, rand. prob: 0.43000000000000005
[2024-10-13 16:10:40,123][INFO] Step 34: size: 34, coverage: 58.00%, cost: 1213.0, rand. prob: 0.42000000000000004
[2024-10-13 16:10:40,140][INFO] Step 35: size: 35, coverage: 59.00%, cost: 1214.0, rand. prob: 0.41000000000000003
[2024-10-13 16:10:40,158][INFO] Step 36: size: 36, coverage: 59.33%, cost: 1217.0, rand. prob: 0.4066666666666666
[2024-10-13 16:10:40,175][INFO] Step 37: size: 37, coverage: 60.33%, cost: 1218.0, rand. prob: 0.3966666666666666
[2024-10-13 16:10:40,193][INFO] Step 38: size: 38, coverage: 62.00%, cost: 1220.0, rand. prob: 0.38
[2024-10-13 16:10:40,210][INFO] Step 39: size: 39, coverage: 62.33%, cost: 1234.0, rand. prob: 0.3766666666666667
[2024-10-13 16:10:40,228][INFO] Step 40: size: 40, coverage: 63.00%, cost: 1235.0, rand. prob: 0.37
[2024-10-13 16:10:40,245][INFO] Step 41: size: 41, coverage: 63.67%, cost: 1236.0, rand. prob: 0.3633333333333333
[2024-10-13 16:10:40,263][INFO] Step 42: size: 42, coverage: 64.33%, cost: 1237.0, rand. prob: 0.3566666666666667
[2024-10-13 16:10:40,280][INFO] Step 43: size: 43, coverage: 65.00%, cost: 1238.0, rand. prob: 0.35
[2024-10-13 16:10:40,298][INFO] Step 44: size: 44, coverage: 65.67%, cost: 1239.0, rand. prob: 0.3433333333333334
[2024-10-13 16:10:40,316][INFO] Step 45: size: 45, coverage: 67.00%, cost: 1241.0, rand. prob: 0.32999999999999996
[2024-10-13 16:10:40,334][INFO] Step 46: size: 46, coverage: 67.67%, cost: 1314.0, rand. prob: 0.32333333333333336
[2024-10-13 16:10:40,352][INFO] Step 47: size: 47, coverage: 69.00%, cost: 1316.0, rand. prob: 0.31000000000000005
[2024-10-13 16:10:40,370][INFO] Step 48: size: 48, coverage: 70.33%, cost: 1318.0, rand. prob: 0.29666666666666663
[2024-10-13 16:10:40,387][INFO] Step 49: size: 49, coverage: 72.00%, cost: 1321.0, rand. prob: 0.28
[2024-10-13 16:10:40,405][INFO] Step 50: size: 50, coverage: 73.67%, cost: 1324.0, rand. prob: 0.2633333333333333
[2024-10-13 16:10:40,423][INFO] Step 51: size: 51, coverage: 75.33%, cost: 1327.0, rand. prob: 0.2466666666666667
[2024-10-13 16:10:40,441][INFO] Step 52: size: 52, coverage: 76.33%, cost: 1329.0, rand. prob: 0.2366666666666667
[2024-10-13 16:10:40,459][INFO] Step 53: size: 53, coverage: 77.67%, cost: 1332.0, rand. prob: 0.22333333333333338
[2024-10-13 16:10:40,476][INFO] Step 54: size: 54, coverage: 79.00%, cost: 1335.0, rand. prob: 0.20999999999999996
[2024-10-13 16:10:40,494][INFO] Step 55: size: 55, coverage: 79.33%, cost: 1336.0, rand. prob: 0.20666666666666667
[2024-10-13 16:10:40,512][INFO] Step 56: size: 56, coverage: 80.00%, cost: 1394.0, rand. prob: 0.19999999999999996
[2024-10-13 16:10:40,530][INFO] Step 57: size: 57, coverage: 80.33%, cost: 1395.0, rand. prob: 0.19666666666666666
[2024-10-13 16:10:40,548][INFO] Step 58: size: 58, coverage: 80.67%, cost: 1396.0, rand. prob: 0.19333333333333336
[2024-10-13 16:10:40,566][INFO] Step 59: size: 59, coverage: 81.00%, cost: 1397.0, rand. prob: 0.18999999999999995
[2024-10-13 16:10:40,584][INFO] Step 60: size: 60, coverage: 81.67%, cost: 1399.0, rand. prob: 0.18333333333333335
[2024-10-13 16:10:40,601][INFO] Step 61: size: 61, coverage: 82.33%, cost: 1401.0, rand. prob: 0.17666666666666664
[2024-10-13 16:10:40,619][INFO] Step 62: size: 62, coverage: 83.00%, cost: 1403.0, rand. prob: 0.17000000000000004
[2024-10-13 16:10:40,637][INFO] Step 63: size: 63, coverage: 83.67%, cost: 1494.0, rand. prob: 0.16333333333333333
[2024-10-13 16:10:40,655][INFO] Step 64: size: 64, coverage: 84.33%, cost: 1496.0, rand. prob: 0.15666666666666662
[2024-10-13 16:10:40,674][INFO] Step 65: size: 65, coverage: 85.00%, cost: 1498.0, rand. prob: 0.15000000000000002
[2024-10-13 16:10:40,692][INFO] Step 66: size: 66, coverage: 85.67%, cost: 1500.0, rand. prob: 0.1433333333333333
[2024-10-13 16:10:40,710][INFO] Step 67: size: 67, coverage: 86.00%, cost: 1560.0, rand. prob: 0.14
[2024-10-13 16:10:40,728][INFO] Step 68: size: 68, coverage: 87.00%, cost: 1563.0, rand. prob: 0.13
[2024-10-13 16:10:40,746][INFO] Step 69: size: 69, coverage: 87.67%, cost: 1566.0, rand. prob: 0.1233333333333333
[2024-10-13 16:10:40,764][INFO] Step 70: size: 70, coverage: 88.00%, cost: 1639.0, rand. prob: 0.12
[2024-10-13 16:10:40,783][INFO] Step 71: size: 71, coverage: 88.67%, cost: 1642.0, rand. prob: 0.11333333333333329
[2024-10-13 16:10:40,801][INFO] Step 72: size: 72, coverage: 89.33%, cost: 1645.0, rand. prob: 0.10666666666666669
[2024-10-13 16:10:40,819][INFO] Step 73: size: 73, coverage: 90.00%, cost: 1648.0, rand. prob: 0.09999999999999998
[2024-10-13 16:10:40,838][INFO] Step 74: size: 74, coverage: 90.67%, cost: 1651.0, rand. prob: 0.09333333333333338
[2024-10-13 16:10:40,856][INFO] Step 75: size: 75, coverage: 91.67%, cost: 1656.0, rand. prob: 0.08333333333333337
[2024-10-13 16:10:40,874][INFO] Step 76: size: 76, coverage: 92.00%, cost: 1658.0, rand. prob: 0.07999999999999996
[2024-10-13 16:10:40,893][INFO] Step 77: size: 77, coverage: 92.33%, cost: 1660.0, rand. prob: 0.07666666666666666
[2024-10-13 16:10:40,911][INFO] Step 78: size: 78, coverage: 92.67%, cost: 1707.0, rand. prob: 0.07333333333333336
[2024-10-13 16:10:40,930][INFO] Step 79: size: 79, coverage: 93.00%, cost: 1709.0, rand. prob: 0.06999999999999995
[2024-10-13 16:10:40,948][INFO] Step 80: size: 80, coverage: 93.33%, cost: 1711.0, rand. prob: 0.06666666666666665
[2024-10-13 16:10:40,967][INFO] Step 81: size: 81, coverage: 93.67%, cost: 1713.0, rand. prob: 0.06333333333333335
[2024-10-13 16:10:40,986][INFO] Step 82: size: 82, coverage: 94.00%, cost: 1776.0, rand. prob: 0.06000000000000005
[2024-10-13 16:10:41,004][INFO] Step 83: size: 83, coverage: 94.67%, cost: 1781.0, rand. prob: 0.053333333333333344
[2024-10-13 16:10:41,023][INFO] Step 84: size: 84, coverage: 95.33%, cost: 1786.0, rand. prob: 0.046666666666666634
[2024-10-13 16:10:41,041][INFO] Step 85: size: 85, coverage: 95.67%, cost: 1789.0, rand. prob: 0.043333333333333335
[2024-10-13 16:10:41,060][INFO] Step 86: size: 86, coverage: 96.33%, cost: 1795.0, rand. prob: 0.036666666666666625
[2024-10-13 16:10:41,079][INFO] Step 87: size: 87, coverage: 97.00%, cost: 1801.0, rand. prob: 0.030000000000000027
[2024-10-13 16:10:41,098][INFO] Step 88: size: 88, coverage: 97.67%, cost: 1808.0, rand. prob: 0.023333333333333317
[2024-10-13 16:10:41,116][INFO] Step 89: size: 89, coverage: 98.33%, cost: 1815.0, rand. prob: 0.01666666666666672
[2024-10-13 16:10:41,135][INFO] Step 90: size: 90, coverage: 98.67%, cost: 1819.0, rand. prob: 0.013333333333333308
[2024-10-13 16:10:41,154][INFO] Step 91: size: 91, coverage: 99.00%, cost: 1824.0, rand. prob: 0.010000000000000009
[2024-10-13 16:10:41,173][INFO] Step 92: size: 92, coverage: 99.33%, cost: 1832.0, rand. prob: 0.00666666666666671
[2024-10-13 16:10:41,192][INFO] Step 93: size: 93, coverage: 99.67%, cost: 1841.0, rand. prob: 0.0033333333333332993
[2024-10-13 16:10:41,211][INFO] Step 94: size: 94, coverage: 100.00%, cost: 1854.0, rand. prob: 0.0
[2024-10-13 16:10:41,214][INFO] Size: 94 -> 86
[2024-10-13 16:10:41,214][INFO] Cost: 1854.0 -> 1686.0
