[2024-10-13 15:18:44,004][INFO] Step 1: size: 1, coverage: 5.67%, cost: 62.0
[2024-10-13 15:18:44,015][INFO] Step 2: size: 2, coverage: 10.67%, cost: 76.0
[2024-10-13 15:18:44,025][INFO] Step 3: size: 3, coverage: 15.33%, cost: 85.0
[2024-10-13 15:18:44,036][INFO] Step 4: size: 4, coverage: 19.67%, cost: 159.0
[2024-10-13 15:18:44,047][INFO] Step 5: size: 5, coverage: 23.67%, cost: 163.0
[2024-10-13 15:18:44,058][INFO] Step 6: size: 6, coverage: 27.33%, cost: 169.0
[2024-10-13 15:18:44,069][INFO] Step 7: size: 7, coverage: 31.00%, cost: 197.0
[2024-10-13 15:18:44,080][INFO] Step 8: size: 8, coverage: 34.67%, cost: 239.0
[2024-10-13 15:18:44,091][INFO] Step 9: size: 9, coverage: 38.33%, cost: 327.0
[2024-10-13 15:18:44,102][INFO] Step 10: size: 10, coverage: 41.67%, cost: 331.0
[2024-10-13 15:18:44,113][INFO] Step 11: size: 11, coverage: 45.00%, cost: 371.0
[2024-10-13 15:18:44,124][INFO] Step 12: size: 12, coverage: 48.33%, cost: 436.0
[2024-10-13 15:18:44,136][INFO] Step 13: size: 13, coverage: 51.33%, cost: 437.0
[2024-10-13 15:18:44,147][INFO] Step 14: size: 14, coverage: 54.00%, cost: 456.0
[2024-10-13 15:18:44,158][INFO] Step 15: size: 15, coverage: 56.67%, cost: 480.0
[2024-10-13 15:18:44,169][INFO] Step 16: size: 16, coverage: 59.33%, cost: 512.0
[2024-10-13 15:18:44,180][INFO] Step 17: size: 17, coverage: 62.00%, cost: 551.0
[2024-10-13 15:18:44,191][INFO] Step 18: size: 18, coverage: 64.67%, cost: 620.0
[2024-10-13 15:18:44,202][INFO] Step 19: size: 19, coverage: 67.33%, cost: 690.0
[2024-10-13 15:18:44,213][INFO] Step 20: size: 20, coverage: 69.67%, cost: 711.0
[2024-10-13 15:18:44,224][INFO] Step 21: size: 21, coverage: 72.00%, cost: 735.0
[2024-10-13 15:18:44,236][INFO] Step 22: size: 22, coverage: 74.33%, cost: 795.0
[2024-10-13 15:18:44,247][INFO] Step 23: size: 23, coverage: 76.33%, cost: 811.0
[2024-10-13 15:18:44,258][INFO] Step 24: size: 24, coverage: 78.33%, cost: 870.0
[2024-10-13 15:18:44,269][INFO] Step 25: size: 25, coverage: 80.00%, cost: 881.0
[2024-10-13 15:18:44,281][INFO] Step 26: size: 26, coverage: 81.67%, cost: 894.0
[2024-10-13 15:18:44,292][INFO] Step 27: size: 27, coverage: 83.33%, cost: 922.0
[2024-10-13 15:18:44,303][INFO] Step 28: size: 28, coverage: 85.00%, cost: 973.0
[2024-10-13 15:18:44,315][INFO] Step 29: size: 29, coverage: 86.67%, cost: 1053.0
[2024-10-13 15:18:44,327][INFO] Step 30: size: 30, coverage: 88.00%, cost: 1055.0
[2024-10-13 15:18:44,338][INFO] Step 31: size: 31, coverage: 89.33%, cost: 1074.0
[2024-10-13 15:18:44,350][INFO] Step 32: size: 32, coverage: 90.67%, cost: 1094.0
[2024-10-13 15:18:44,363][INFO] Step 33: size: 33, coverage: 92.00%, cost: 1130.0
[2024-10-13 15:18:44,381][INFO] Step 34: size: 34, coverage: 93.33%, cost: 1206.0
[2024-10-13 15:18:44,396][INFO] Step 35: size: 35, coverage: 94.33%, cost: 1207.0
[2024-10-13 15:18:44,409][INFO] Step 36: size: 36, coverage: 95.33%, cost: 1256.0
[2024-10-13 15:18:44,427][INFO] Step 37: size: 37, coverage: 96.33%, cost: 1316.0
[2024-10-13 15:18:44,443][INFO] Step 38: size: 38, coverage: 97.33%, cost: 1406.0
[2024-10-13 15:18:44,455][INFO] Step 39: size: 39, coverage: 98.00%, cost: 1407.0
[2024-10-13 15:18:44,467][INFO] Step 40: size: 40, coverage: 98.67%, cost: 1413.0
[2024-10-13 15:18:44,480][INFO] Step 41: size: 41, coverage: 99.33%, cost: 1428.0
[2024-10-13 15:18:44,492][INFO] Step 42: size: 42, coverage: 99.67%, cost: 1430.0
[2024-10-13 15:18:44,505][INFO] Step 43: size: 43, coverage: 100.00%, cost: 1433.0
[2024-10-13 15:18:44,506][INFO] Size: 43 -> 43
[2024-10-13 15:18:44,506][INFO] Cost: 1433.0 -> 1433.0
[2024-10-13 15:40:32,026][INFO] Step 1: size: 1, coverage: 2.33%, cost: 13.0
[2024-10-13 15:40:32,042][INFO] Step 2: size: 2, coverage: 5.67%, cost: 26.0
[2024-10-13 15:40:32,057][INFO] Step 3: size: 3, coverage: 7.00%, cost: 68.0
[2024-10-13 15:40:32,073][INFO] Step 4: size: 4, coverage: 9.00%, cost: 90.0
[2024-10-13 15:40:32,089][INFO] Step 5: size: 5, coverage: 10.67%, cost: 189.0
[2024-10-13 15:40:32,105][INFO] Step 6: size: 6, coverage: 11.33%, cost: 190.0
[2024-10-13 15:40:32,121][INFO] Step 7: size: 7, coverage: 12.67%, cost: 288.0
[2024-10-13 15:40:32,137][INFO] Step 8: size: 8, coverage: 14.33%, cost: 308.0
[2024-10-13 15:40:32,153][INFO] Step 9: size: 9, coverage: 16.00%, cost: 316.0
[2024-10-13 15:40:32,170][INFO] Step 10: size: 10, coverage: 18.33%, cost: 329.0
[2024-10-13 15:40:32,187][INFO] Step 11: size: 11, coverage: 19.67%, cost: 423.0
[2024-10-13 15:40:32,203][INFO] Step 12: size: 12, coverage: 22.33%, cost: 469.0
[2024-10-13 15:40:32,220][INFO] Step 13: size: 13, coverage: 24.00%, cost: 502.0
[2024-10-13 15:40:32,237][INFO] Step 14: size: 14, coverage: 26.00%, cost: 528.0
[2024-10-13 15:40:32,254][INFO] Step 15: size: 15, coverage: 26.33%, cost: 532.0
[2024-10-13 15:40:32,271][INFO] Step 16: size: 16, coverage: 27.67%, cost: 540.0
[2024-10-13 15:40:32,288][INFO] Step 17: size: 17, coverage: 29.00%, cost: 585.0
[2024-10-13 15:40:32,306][INFO] Step 18: size: 18, coverage: 30.33%, cost: 604.0
[2024-10-13 15:40:32,323][INFO] Step 19: size: 19, coverage: 32.33%, cost: 679.0
[2024-10-13 15:40:32,340][INFO] Step 20: size: 20, coverage: 33.67%, cost: 749.0
[2024-10-13 15:40:32,358][INFO] Step 21: size: 21, coverage: 34.67%, cost: 774.0
[2024-10-13 15:40:32,375][INFO] Step 22: size: 22, coverage: 35.33%, cost: 833.0
[2024-10-13 15:40:32,393][INFO] Step 23: size: 23, coverage: 37.00%, cost: 862.0
[2024-10-13 15:40:32,411][INFO] Step 24: size: 24, coverage: 38.67%, cost: 957.0
[2024-10-13 15:40:32,428][INFO] Step 25: size: 25, coverage: 40.33%, cost: 970.0
[2024-10-13 15:40:32,446][INFO] Step 26: size: 26, coverage: 41.67%, cost: 1028.0
[2024-10-13 15:40:32,464][INFO] Step 27: size: 27, coverage: 42.33%, cost: 1067.0
[2024-10-13 15:40:32,481][INFO] Step 28: size: 28, coverage: 43.33%, cost: 1104.0
[2024-10-13 15:40:32,499][INFO] Step 29: size: 29, coverage: 44.00%, cost: 1175.0
[2024-10-13 15:40:32,517][INFO] Step 30: size: 30, coverage: 44.67%, cost: 1269.0
[2024-10-13 15:40:32,535][INFO] Step 31: size: 31, coverage: 45.33%, cost: 1311.0
[2024-10-13 15:40:32,553][INFO] Step 32: size: 32, coverage: 45.67%, cost: 1371.0
[2024-10-13 15:40:32,571][INFO] Step 33: size: 33, coverage: 47.33%, cost: 1436.0
[2024-10-13 15:40:32,589][INFO] Step 34: size: 34, coverage: 48.33%, cost: 1516.0
[2024-10-13 15:40:32,607][INFO] Step 35: size: 35, coverage: 49.67%, cost: 1541.0
[2024-10-13 15:40:32,626][INFO] Step 36: size: 36, coverage: 50.67%, cost: 1596.0
[2024-10-13 15:40:32,644][INFO] Step 37: size: 37, coverage: 52.00%, cost: 1673.0
[2024-10-13 15:40:32,662][INFO] Step 38: size: 38, coverage: 54.00%, cost: 1701.0
[2024-10-13 15:40:32,681][INFO] Step 39: size: 39, coverage: 55.00%, cost: 1729.0
[2024-10-13 15:40:32,699][INFO] Step 40: size: 40, coverage: 55.67%, cost: 1789.0
[2024-10-13 15:40:32,718][INFO] Step 41: size: 41, coverage: 56.33%, cost: 1814.0
[2024-10-13 15:40:32,736][INFO] Step 42: size: 42, coverage: 57.00%, cost: 1897.0
[2024-10-13 15:40:32,755][INFO] Step 43: size: 43, coverage: 57.67%, cost: 1948.0
[2024-10-13 15:40:32,774][INFO] Step 44: size: 44, coverage: 58.33%, cost: 2005.0
[2024-10-13 15:40:32,792][INFO] Step 45: size: 45, coverage: 59.67%, cost: 2067.0
[2024-10-13 15:40:32,811][INFO] Step 46: size: 46, coverage: 60.00%, cost: 2154.0
[2024-10-13 15:40:32,829][INFO] Step 47: size: 47, coverage: 62.00%, cost: 2178.0
[2024-10-13 15:40:32,848][INFO] Step 48: size: 48, coverage: 62.33%, cost: 2217.0
[2024-10-13 15:40:32,867][INFO] Step 49: size: 49, coverage: 63.33%, cost: 2240.0
[2024-10-13 15:40:32,885][INFO] Step 50: size: 50, coverage: 64.33%, cost: 2278.0
[2024-10-13 15:40:32,905][INFO] Step 51: size: 51, coverage: 65.33%, cost: 2347.0
[2024-10-13 15:40:32,923][INFO] Step 52: size: 52, coverage: 66.00%, cost: 2367.0
[2024-10-13 15:40:32,942][INFO] Step 53: size: 53, coverage: 66.67%, cost: 2464.0
[2024-10-13 15:40:32,961][INFO] Step 54: size: 54, coverage: 67.67%, cost: 2523.0
[2024-10-13 15:40:32,981][INFO] Step 55: size: 55, coverage: 68.00%, cost: 2531.0
[2024-10-13 15:40:33,000][INFO] Step 56: size: 56, coverage: 69.67%, cost: 2593.0
[2024-10-13 15:40:33,019][INFO] Step 57: size: 57, coverage: 70.00%, cost: 2647.0
[2024-10-13 15:40:33,038][INFO] Step 58: size: 58, coverage: 70.33%, cost: 2672.0
[2024-10-13 15:40:33,073][INFO] Step 59: size: 59, coverage: 71.33%, cost: 2723.0
[2024-10-13 15:40:33,107][INFO] Step 60: size: 60, coverage: 72.33%, cost: 2763.0
[2024-10-13 15:40:33,142][INFO] Step 61: size: 61, coverage: 73.00%, cost: 2801.0
[2024-10-13 15:40:33,181][INFO] Step 62: size: 62, coverage: 73.67%, cost: 2863.0
[2024-10-13 15:40:33,220][INFO] Step 63: size: 63, coverage: 74.33%, cost: 2930.0
[2024-10-13 15:40:33,244][INFO] Step 64: size: 64, coverage: 74.67%, cost: 2942.0
[2024-10-13 15:40:33,269][INFO] Step 65: size: 65, coverage: 75.67%, cost: 3033.0
[2024-10-13 15:40:33,290][INFO] Step 66: size: 66, coverage: 76.33%, cost: 3095.0
[2024-10-13 15:40:33,309][INFO] Step 67: size: 67, coverage: 76.67%, cost: 3139.0
[2024-10-13 15:40:33,330][INFO] Step 68: size: 68, coverage: 77.67%, cost: 3142.0
[2024-10-13 15:40:33,350][INFO] Step 69: size: 69, coverage: 78.00%, cost: 3168.0
[2024-10-13 15:40:33,371][INFO] Step 70: size: 70, coverage: 78.33%, cost: 3198.0
[2024-10-13 15:40:33,391][INFO] Step 71: size: 71, coverage: 78.67%, cost: 3237.0
[2024-10-13 15:40:33,411][INFO] Step 72: size: 72, coverage: 79.33%, cost: 3300.0
[2024-10-13 15:40:33,433][INFO] Step 73: size: 73, coverage: 79.67%, cost: 3343.0
[2024-10-13 15:40:33,454][INFO] Step 74: size: 74, coverage: 80.00%, cost: 3410.0
[2024-10-13 15:40:33,474][INFO] Step 75: size: 75, coverage: 81.00%, cost: 3434.0
[2024-10-13 15:40:33,494][INFO] Step 76: size: 76, coverage: 81.33%, cost: 3520.0
[2024-10-13 15:40:33,515][INFO] Step 77: size: 77, coverage: 82.33%, cost: 3562.0
[2024-10-13 15:40:33,535][INFO] Step 78: size: 78, coverage: 84.00%, cost: 3593.0
[2024-10-13 15:40:33,556][INFO] Step 79: size: 79, coverage: 84.33%, cost: 3625.0
[2024-10-13 15:40:33,576][INFO] Step 80: size: 80, coverage: 85.67%, cost: 3652.0
[2024-10-13 15:40:33,597][INFO] Step 81: size: 81, coverage: 86.00%, cost: 3722.0
[2024-10-13 15:40:33,617][INFO] Step 82: size: 82, coverage: 86.33%, cost: 3817.0
[2024-10-13 15:40:33,637][INFO] Step 83: size: 83, coverage: 87.00%, cost: 3840.0
[2024-10-13 15:40:33,658][INFO] Step 84: size: 84, coverage: 87.33%, cost: 3932.0
[2024-10-13 15:40:33,679][INFO] Step 85: size: 85, coverage: 87.67%, cost: 4021.0
[2024-10-13 15:40:33,700][INFO] Step 86: size: 86, coverage: 88.33%, cost: 4114.0
[2024-10-13 15:40:33,720][INFO] Step 87: size: 87, coverage: 88.67%, cost: 4180.0
[2024-10-13 15:40:33,740][INFO] Step 88: size: 88, coverage: 89.67%, cost: 4186.0
[2024-10-13 15:40:33,760][INFO] Step 89: size: 89, coverage: 90.33%, cost: 4286.0
[2024-10-13 15:40:33,780][INFO] Step 90: size: 90, coverage: 91.00%, cost: 4381.0
[2024-10-13 15:40:33,801][INFO] Step 91: size: 91, coverage: 91.33%, cost: 4396.0
[2024-10-13 15:40:33,821][INFO] Step 92: size: 92, coverage: 91.67%, cost: 4433.0
[2024-10-13 15:40:33,841][INFO] Step 93: size: 93, coverage: 92.00%, cost: 4471.0
[2024-10-13 15:40:33,861][INFO] Step 94: size: 94, coverage: 92.67%, cost: 4542.0
[2024-10-13 15:40:33,882][INFO] Step 95: size: 95, coverage: 93.33%, cost: 4609.0
[2024-10-13 15:40:33,902][INFO] Step 96: size: 96, coverage: 93.67%, cost: 4684.0
[2024-10-13 15:40:33,923][INFO] Step 97: size: 97, coverage: 94.00%, cost: 4758.0
[2024-10-13 15:40:33,943][INFO] Step 98: size: 98, coverage: 94.67%, cost: 4791.0
[2024-10-13 15:40:33,963][INFO] Step 99: size: 99, coverage: 95.00%, cost: 4872.0
[2024-10-13 15:40:33,984][INFO] Step 100: size: 100, coverage: 95.33%, cost: 4937.0
[2024-10-13 15:40:34,005][INFO] Step 101: size: 101, coverage: 95.67%, cost: 5031.0
[2024-10-13 15:40:34,025][INFO] Step 102: size: 102, coverage: 96.00%, cost: 5104.0
[2024-10-13 15:40:34,046][INFO] Step 103: size: 103, coverage: 96.33%, cost: 5152.0
[2024-10-13 15:40:34,067][INFO] Step 104: size: 104, coverage: 96.67%, cost: 5250.0
[2024-10-13 15:40:34,088][INFO] Step 105: size: 105, coverage: 97.00%, cost: 5274.0
[2024-10-13 15:40:34,109][INFO] Step 106: size: 106, coverage: 97.33%, cost: 5313.0
[2024-10-13 15:40:34,130][INFO] Step 107: size: 107, coverage: 97.67%, cost: 5405.0
[2024-10-13 15:40:34,151][INFO] Step 108: size: 108, coverage: 98.00%, cost: 5448.0
[2024-10-13 15:40:34,172][INFO] Step 109: size: 109, coverage: 98.33%, cost: 5483.0
[2024-10-13 15:40:34,193][INFO] Step 110: size: 110, coverage: 98.67%, cost: 5495.0
[2024-10-13 15:40:34,214][INFO] Step 111: size: 111, coverage: 99.00%, cost: 5528.0
[2024-10-13 15:40:34,235][INFO] Step 112: size: 112, coverage: 99.33%, cost: 5555.0
[2024-10-13 15:40:34,256][INFO] Step 113: size: 113, coverage: 99.67%, cost: 5621.0
[2024-10-13 15:40:34,277][INFO] Step 114: size: 114, coverage: 100.00%, cost: 5659.0
[2024-10-13 15:40:34,277][INFO] Solved solution used 114 random steps
[2024-10-13 15:40:34,277][INFO] Current randomization probability: 0.0
[2024-10-13 15:40:34,277][INFO] Solved solution used 114 random steps
[2024-10-13 15:40:34,281][INFO] Size: 114 -> 89
[2024-10-13 15:40:34,281][INFO] Cost: 5659.0 -> 4638.0
[2024-10-13 15:59:12,184][INFO] Step 1: size: 1, coverage: 2.00%, cost: 19.0, rand. prob: 0.98
[2024-10-13 15:59:12,200][INFO] Step 2: size: 2, coverage: 3.67%, cost: 51.0, rand. prob: 0.9633333333333334
[2024-10-13 15:59:12,216][INFO] Step 3: size: 3, coverage: 5.33%, cost: 107.0, rand. prob: 0.9466666666666667
[2024-10-13 15:59:12,233][INFO] Step 4: size: 4, coverage: 7.00%, cost: 196.0, rand. prob: 0.9299999999999999
[2024-10-13 15:59:12,250][INFO] Step 5: size: 5, coverage: 11.00%, cost: 197.0, rand. prob: 0.89
[2024-10-13 15:59:12,267][INFO] Step 6: size: 6, coverage: 12.33%, cost: 207.0, rand. prob: 0.8766666666666667
[2024-10-13 15:59:12,283][INFO] Step 7: size: 7, coverage: 14.33%, cost: 307.0, rand. prob: 0.8566666666666667
[2024-10-13 15:59:12,299][INFO] Step 8: size: 8, coverage: 17.67%, cost: 308.0, rand. prob: 0.8233333333333334
[2024-10-13 15:59:12,316][INFO] Step 9: size: 9, coverage: 18.33%, cost: 332.0, rand. prob: 0.8166666666666667
[2024-10-13 15:59:12,332][INFO] Step 10: size: 10, coverage: 19.67%, cost: 414.0, rand. prob: 0.8033333333333333
[2024-10-13 15:59:12,349][INFO] Step 11: size: 11, coverage: 21.00%, cost: 465.0, rand. prob: 0.79
[2024-10-13 15:59:12,366][INFO] Step 12: size: 12, coverage: 24.00%, cost: 490.0, rand. prob: 0.76
[2024-10-13 15:59:12,383][INFO] Step 13: size: 13, coverage: 25.33%, cost: 493.0, rand. prob: 0.7466666666666666
[2024-10-13 15:59:12,401][INFO] Step 14: size: 14, coverage: 27.00%, cost: 567.0, rand. prob: 0.73
[2024-10-13 15:59:12,418][INFO] Step 15: size: 15, coverage: 28.00%, cost: 599.0, rand. prob: 0.72
[2024-10-13 15:59:12,435][INFO] Step 16: size: 16, coverage: 30.67%, cost: 600.0, rand. prob: 0.6933333333333334
[2024-10-13 15:59:12,453][INFO] Step 17: size: 17, coverage: 33.00%, cost: 601.0, rand. prob: 0.6699999999999999
[2024-10-13 15:59:12,470][INFO] Step 18: size: 18, coverage: 34.33%, cost: 620.0, rand. prob: 0.6566666666666667
[2024-10-13 15:59:12,487][INFO] Step 19: size: 19, coverage: 35.33%, cost: 648.0, rand. prob: 0.6466666666666667
[2024-10-13 15:59:12,505][INFO] Step 20: size: 20, coverage: 36.67%, cost: 664.0, rand. prob: 0.6333333333333333
[2024-10-13 15:59:12,523][INFO] Step 21: size: 21, coverage: 38.00%, cost: 711.0, rand. prob: 0.62
[2024-10-13 15:59:12,540][INFO] Step 22: size: 22, coverage: 39.00%, cost: 728.0, rand. prob: 0.61
[2024-10-13 15:59:12,558][INFO] Step 23: size: 23, coverage: 41.00%, cost: 729.0, rand. prob: 0.5900000000000001
[2024-10-13 15:59:12,576][INFO] Step 24: size: 24, coverage: 42.00%, cost: 759.0, rand. prob: 0.5800000000000001
[2024-10-13 15:59:12,594][INFO] Step 25: size: 25, coverage: 44.00%, cost: 838.0, rand. prob: 0.56
[2024-10-13 15:59:12,611][INFO] Step 26: size: 26, coverage: 46.00%, cost: 839.0, rand. prob: 0.54
[2024-10-13 15:59:12,629][INFO] Step 27: size: 27, coverage: 46.67%, cost: 843.0, rand. prob: 0.5333333333333333
[2024-10-13 15:59:12,647][INFO] Step 28: size: 28, coverage: 48.00%, cost: 859.0, rand. prob: 0.52
[2024-10-13 15:59:12,665][INFO] Step 29: size: 29, coverage: 49.67%, cost: 860.0, rand. prob: 0.5033333333333334
[2024-10-13 15:59:12,683][INFO] Step 30: size: 30, coverage: 50.67%, cost: 957.0, rand. prob: 0.4933333333333333
[2024-10-13 15:59:12,701][INFO] Step 31: size: 31, coverage: 52.00%, cost: 958.0, rand. prob: 0.48
[2024-10-13 15:59:12,719][INFO] Step 32: size: 32, coverage: 53.33%, cost: 959.0, rand. prob: 0.4666666666666667
[2024-10-13 15:59:12,737][INFO] Step 33: size: 33, coverage: 56.00%, cost: 961.0, rand. prob: 0.43999999999999995
[2024-10-13 15:59:12,755][INFO] Step 34: size: 34, coverage: 56.67%, cost: 1039.0, rand. prob: 0.43333333333333335
[2024-10-13 15:59:12,773][INFO] Step 35: size: 35, coverage: 57.33%, cost: 1123.0, rand. prob: 0.42666666666666664
[2024-10-13 15:59:12,791][INFO] Step 36: size: 36, coverage: 58.33%, cost: 1124.0, rand. prob: 0.41666666666666663
[2024-10-13 15:59:12,809][INFO] Step 37: size: 37, coverage: 58.67%, cost: 1207.0, rand. prob: 0.41333333333333333
[2024-10-13 15:59:12,827][INFO] Step 38: size: 38, coverage: 59.67%, cost: 1222.0, rand. prob: 0.4033333333333333
[2024-10-13 15:59:12,844][INFO] Step 39: size: 39, coverage: 60.67%, cost: 1223.0, rand. prob: 0.3933333333333333
[2024-10-13 15:59:12,862][INFO] Step 40: size: 40, coverage: 61.67%, cost: 1224.0, rand. prob: 0.3833333333333333
[2024-10-13 15:59:12,880][INFO] Step 41: size: 41, coverage: 62.67%, cost: 1225.0, rand. prob: 0.3733333333333333
[2024-10-13 15:59:12,898][INFO] Step 42: size: 42, coverage: 64.67%, cost: 1227.0, rand. prob: 0.3533333333333334
[2024-10-13 15:59:12,916][INFO] Step 43: size: 43, coverage: 66.67%, cost: 1229.0, rand. prob: 0.33333333333333337
[2024-10-13 15:59:12,934][INFO] Step 44: size: 44, coverage: 67.67%, cost: 1243.0, rand. prob: 0.32333333333333336
[2024-10-13 15:59:12,952][INFO] Step 45: size: 45, coverage: 69.33%, cost: 1245.0, rand. prob: 0.30666666666666664
[2024-10-13 15:59:12,970][INFO] Step 46: size: 46, coverage: 70.00%, cost: 1298.0, rand. prob: 0.30000000000000004
[2024-10-13 15:59:12,988][INFO] Step 47: size: 47, coverage: 70.67%, cost: 1324.0, rand. prob: 0.29333333333333333
[2024-10-13 15:59:13,006][INFO] Step 48: size: 48, coverage: 71.33%, cost: 1325.0, rand. prob: 0.2866666666666666
[2024-10-13 15:59:13,023][INFO] Step 49: size: 49, coverage: 72.00%, cost: 1326.0, rand. prob: 0.28
[2024-10-13 15:59:13,041][INFO] Step 50: size: 50, coverage: 72.67%, cost: 1327.0, rand. prob: 0.2733333333333333
[2024-10-13 15:59:13,059][INFO] Step 51: size: 51, coverage: 73.33%, cost: 1328.0, rand. prob: 0.2666666666666667
[2024-10-13 15:59:13,077][INFO] Step 52: size: 52, coverage: 74.67%, cost: 1330.0, rand. prob: 0.2533333333333333
[2024-10-13 15:59:13,096][INFO] Step 53: size: 53, coverage: 75.67%, cost: 1332.0, rand. prob: 0.2433333333333333
[2024-10-13 15:59:13,114][INFO] Step 54: size: 54, coverage: 76.33%, cost: 1407.0, rand. prob: 0.2366666666666667
[2024-10-13 15:59:13,133][INFO] Step 55: size: 55, coverage: 77.33%, cost: 1409.0, rand. prob: 0.22666666666666668
[2024-10-13 15:59:13,151][INFO] Step 56: size: 56, coverage: 78.67%, cost: 1412.0, rand. prob: 0.21333333333333337
[2024-10-13 15:59:13,169][INFO] Step 57: size: 57, coverage: 79.67%, cost: 1494.0, rand. prob: 0.20333333333333337
[2024-10-13 15:59:13,188][INFO] Step 58: size: 58, coverage: 80.00%, cost: 1495.0, rand. prob: 0.19999999999999996
[2024-10-13 15:59:13,206][INFO] Step 59: size: 59, coverage: 80.33%, cost: 1496.0, rand. prob: 0.19666666666666666
[2024-10-13 15:59:13,225][INFO] Step 60: size: 60, coverage: 80.67%, cost: 1596.0, rand. prob: 0.19333333333333336
[2024-10-13 15:59:13,243][INFO] Step 61: size: 61, coverage: 81.00%, cost: 1597.0, rand. prob: 0.18999999999999995
[2024-10-13 15:59:13,262][INFO] Step 62: size: 62, coverage: 81.67%, cost: 1599.0, rand. prob: 0.18333333333333335
[2024-10-13 15:59:13,280][INFO] Step 63: size: 63, coverage: 82.33%, cost: 1601.0, rand. prob: 0.17666666666666664
[2024-10-13 15:59:13,299][INFO] Step 64: size: 64, coverage: 83.00%, cost: 1603.0, rand. prob: 0.17000000000000004
[2024-10-13 15:59:13,318][INFO] Step 65: size: 65, coverage: 83.67%, cost: 1605.0, rand. prob: 0.16333333333333333
[2024-10-13 15:59:13,337][INFO] Step 66: size: 66, coverage: 84.33%, cost: 1607.0, rand. prob: 0.15666666666666662
[2024-10-13 15:59:13,355][INFO] Step 67: size: 67, coverage: 85.33%, cost: 1610.0, rand. prob: 0.1466666666666666
[2024-10-13 15:59:13,374][INFO] Step 68: size: 68, coverage: 86.67%, cost: 1615.0, rand. prob: 0.1333333333333333
[2024-10-13 15:59:13,393][INFO] Step 69: size: 69, coverage: 87.67%, cost: 1619.0, rand. prob: 0.1233333333333333
[2024-10-13 15:59:13,411][INFO] Step 70: size: 70, coverage: 88.33%, cost: 1622.0, rand. prob: 0.1166666666666667
[2024-10-13 15:59:13,430][INFO] Step 71: size: 71, coverage: 89.00%, cost: 1625.0, rand. prob: 0.10999999999999999
[2024-10-13 15:59:13,449][INFO] Step 72: size: 72, coverage: 89.67%, cost: 1628.0, rand. prob: 0.10333333333333339
[2024-10-13 15:59:13,468][INFO] Step 73: size: 73, coverage: 90.00%, cost: 1630.0, rand. prob: 0.09999999999999998
[2024-10-13 15:59:13,487][INFO] Step 74: size: 74, coverage: 90.67%, cost: 1659.0, rand. prob: 0.09333333333333338
[2024-10-13 15:59:13,506][INFO] Step 75: size: 75, coverage: 91.00%, cost: 1727.0, rand. prob: 0.08999999999999997
[2024-10-13 15:59:13,525][INFO] Step 76: size: 76, coverage: 91.33%, cost: 1729.0, rand. prob: 0.08666666666666667
[2024-10-13 15:59:13,543][INFO] Step 77: size: 77, coverage: 91.67%, cost: 1731.0, rand. prob: 0.08333333333333337
[2024-10-13 15:59:13,563][INFO] Step 78: size: 78, coverage: 92.33%, cost: 1735.0, rand. prob: 0.07666666666666666
[2024-10-13 15:59:13,581][INFO] Step 79: size: 79, coverage: 93.00%, cost: 1739.0, rand. prob: 0.06999999999999995
[2024-10-13 15:59:13,600][INFO] Step 80: size: 80, coverage: 93.67%, cost: 1744.0, rand. prob: 0.06333333333333335
[2024-10-13 15:59:13,619][INFO] Step 81: size: 81, coverage: 94.00%, cost: 1788.0, rand. prob: 0.06000000000000005
[2024-10-13 15:59:13,638][INFO] Step 82: size: 82, coverage: 94.33%, cost: 1791.0, rand. prob: 0.05666666666666664
[2024-10-13 15:59:13,657][INFO] Step 83: size: 83, coverage: 94.67%, cost: 1794.0, rand. prob: 0.053333333333333344
[2024-10-13 15:59:13,675][INFO] Step 84: size: 84, coverage: 95.00%, cost: 1797.0, rand. prob: 0.050000000000000044
[2024-10-13 15:59:13,694][INFO] Step 85: size: 85, coverage: 95.33%, cost: 1800.0, rand. prob: 0.046666666666666634
[2024-10-13 15:59:13,713][INFO] Step 86: size: 86, coverage: 95.67%, cost: 1803.0, rand. prob: 0.043333333333333335
[2024-10-13 15:59:13,732][INFO] Step 87: size: 87, coverage: 96.00%, cost: 1823.0, rand. prob: 0.040000000000000036
[2024-10-13 15:59:13,752][INFO] Step 88: size: 88, coverage: 96.33%, cost: 1826.0, rand. prob: 0.036666666666666625
[2024-10-13 15:59:13,771][INFO] Step 89: size: 89, coverage: 96.67%, cost: 1829.0, rand. prob: 0.033333333333333326
[2024-10-13 15:59:13,790][INFO] Step 90: size: 90, coverage: 97.33%, cost: 1835.0, rand. prob: 0.026666666666666616
[2024-10-13 15:59:13,810][INFO] Step 91: size: 91, coverage: 97.67%, cost: 1839.0, rand. prob: 0.023333333333333317
[2024-10-13 15:59:13,829][INFO] Step 92: size: 92, coverage: 98.00%, cost: 1843.0, rand. prob: 0.020000000000000018
[2024-10-13 15:59:13,848][INFO] Step 93: size: 93, coverage: 98.67%, cost: 1851.0, rand. prob: 0.013333333333333308
[2024-10-13 15:59:13,868][INFO] Step 94: size: 94, coverage: 99.00%, cost: 1857.0, rand. prob: 0.010000000000000009
[2024-10-13 15:59:13,887][INFO] Step 95: size: 95, coverage: 99.33%, cost: 1864.0, rand. prob: 0.00666666666666671
[2024-10-13 15:59:13,906][INFO] Step 96: size: 96, coverage: 99.67%, cost: 1873.0, rand. prob: 0.0033333333333332993
[2024-10-13 15:59:13,926][INFO] Step 97: size: 97, coverage: 100.00%, cost: 1884.0, rand. prob: 0.0
[2024-10-13 15:59:13,929][INFO] Size: 97 -> 85
[2024-10-13 15:59:13,929][INFO] Cost: 1884.0 -> 1670.0
[2024-10-13 16:05:10,631][INFO] Step 1: size: 1, coverage: 2.00%, cost: 56.0, rand. prob: 0.98
[2024-10-13 16:05:10,647][INFO] Step 2: size: 2, coverage: 4.67%, cost: 136.0, rand. prob: 0.9533333333333334
[2024-10-13 16:05:10,663][INFO] Step 3: size: 3, coverage: 6.33%, cost: 173.0, rand. prob: 0.9366666666666666
[2024-10-13 16:05:10,679][INFO] Step 4: size: 4, coverage: 8.33%, cost: 195.0, rand. prob: 0.9166666666666666
[2024-10-13 16:05:10,695][INFO] Step 5: size: 5, coverage: 11.67%, cost: 204.0, rand. prob: 0.8833333333333333
[2024-10-13 16:05:10,712][INFO] Step 6: size: 6, coverage: 12.33%, cost: 221.0, rand. prob: 0.8766666666666667
[2024-10-13 16:05:10,728][INFO] Step 7: size: 7, coverage: 16.00%, cost: 222.0, rand. prob: 0.84
[2024-10-13 16:05:10,744][INFO] Step 8: size: 8, coverage: 18.33%, cost: 281.0, rand. prob: 0.8166666666666667
[2024-10-13 16:05:10,761][INFO] Step 9: size: 9, coverage: 19.67%, cost: 309.0, rand. prob: 0.8033333333333333
[2024-10-13 16:05:10,778][INFO] Step 10: size: 10, coverage: 21.00%, cost: 400.0, rand. prob: 0.79
[2024-10-13 16:05:10,794][INFO] Step 11: size: 11, coverage: 24.67%, cost: 401.0, rand. prob: 0.7533333333333333
[2024-10-13 16:05:10,811][INFO] Step 12: size: 12, coverage: 26.00%, cost: 476.0, rand. prob: 0.74
[2024-10-13 16:05:10,828][INFO] Step 13: size: 13, coverage: 27.67%, cost: 478.0, rand. prob: 0.7233333333333334
[2024-10-13 16:05:10,845][INFO] Step 14: size: 14, coverage: 28.67%, cost: 491.0, rand. prob: 0.7133333333333334
[2024-10-13 16:05:10,862][INFO] Step 15: size: 15, coverage: 30.67%, cost: 561.0, rand. prob: 0.6933333333333334
[2024-10-13 16:05:10,879][INFO] Step 16: size: 16, coverage: 31.67%, cost: 650.0, rand. prob: 0.6833333333333333
[2024-10-13 16:05:10,896][INFO] Step 17: size: 17, coverage: 33.33%, cost: 734.0, rand. prob: 0.6666666666666667
[2024-10-13 16:05:10,914][INFO] Step 18: size: 18, coverage: 34.00%, cost: 821.0, rand. prob: 0.6599999999999999
[2024-10-13 16:05:10,931][INFO] Step 19: size: 19, coverage: 34.67%, cost: 875.0, rand. prob: 0.6533333333333333
[2024-10-13 16:05:10,949][INFO] Step 20: size: 20, coverage: 36.67%, cost: 966.0, rand. prob: 0.6333333333333333
[2024-10-13 16:05:10,966][INFO] Step 21: size: 21, coverage: 37.67%, cost: 1023.0, rand. prob: 0.6233333333333333
[2024-10-13 16:05:10,984][INFO] Step 22: size: 22, coverage: 40.33%, cost: 1024.0, rand. prob: 0.5966666666666667
[2024-10-13 16:05:11,001][INFO] Step 23: size: 23, coverage: 41.67%, cost: 1111.0, rand. prob: 0.5833333333333333
[2024-10-13 16:05:11,019][INFO] Step 24: size: 24, coverage: 42.67%, cost: 1128.0, rand. prob: 0.5733333333333333
[2024-10-13 16:05:11,037][INFO] Step 25: size: 25, coverage: 44.67%, cost: 1129.0, rand. prob: 0.5533333333333333
[2024-10-13 16:05:11,054][INFO] Step 26: size: 26, coverage: 45.33%, cost: 1131.0, rand. prob: 0.5466666666666666
[2024-10-13 16:05:11,072][INFO] Step 27: size: 27, coverage: 46.67%, cost: 1150.0, rand. prob: 0.5333333333333333
[2024-10-13 16:05:11,090][INFO] Step 28: size: 28, coverage: 48.67%, cost: 1151.0, rand. prob: 0.5133333333333333
[2024-10-13 16:05:11,108][INFO] Step 29: size: 29, coverage: 50.33%, cost: 1152.0, rand. prob: 0.4966666666666667
[2024-10-13 16:05:11,126][INFO] Step 30: size: 30, coverage: 52.00%, cost: 1153.0, rand. prob: 0.48
[2024-10-13 16:05:11,144][INFO] Step 31: size: 31, coverage: 53.67%, cost: 1206.0, rand. prob: 0.4633333333333334
[2024-10-13 16:05:11,162][INFO] Step 32: size: 32, coverage: 55.33%, cost: 1207.0, rand. prob: 0.44666666666666666
[2024-10-13 16:05:11,180][INFO] Step 33: size: 33, coverage: 56.33%, cost: 1208.0, rand. prob: 0.43666666666666665
[2024-10-13 16:05:11,198][INFO] Step 34: size: 34, coverage: 57.67%, cost: 1221.0, rand. prob: 0.42333333333333334
[2024-10-13 16:05:11,216][INFO] Step 35: size: 35, coverage: 58.67%, cost: 1222.0, rand. prob: 0.41333333333333333
[2024-10-13 16:05:11,233][INFO] Step 36: size: 36, coverage: 59.67%, cost: 1223.0, rand. prob: 0.4033333333333333
[2024-10-13 16:05:11,251][INFO] Step 37: size: 37, coverage: 62.33%, cost: 1306.0, rand. prob: 0.3766666666666667
[2024-10-13 16:05:11,269][INFO] Step 38: size: 38, coverage: 63.33%, cost: 1313.0, rand. prob: 0.3666666666666667
[2024-10-13 16:05:11,287][INFO] Step 39: size: 39, coverage: 64.33%, cost: 1314.0, rand. prob: 0.3566666666666667
[2024-10-13 16:05:11,305][INFO] Step 40: size: 40, coverage: 65.33%, cost: 1315.0, rand. prob: 0.3466666666666667
[2024-10-13 16:05:11,323][INFO] Step 41: size: 41, coverage: 66.33%, cost: 1316.0, rand. prob: 0.33666666666666667
[2024-10-13 16:05:11,341][INFO] Step 42: size: 42, coverage: 68.00%, cost: 1318.0, rand. prob: 0.31999999999999995
[2024-10-13 16:05:11,359][INFO] Step 43: size: 43, coverage: 68.67%, cost: 1319.0, rand. prob: 0.31333333333333335
[2024-10-13 16:05:11,377][INFO] Step 44: size: 44, coverage: 69.67%, cost: 1380.0, rand. prob: 0.30333333333333334
[2024-10-13 16:05:11,395][INFO] Step 45: size: 45, coverage: 70.33%, cost: 1381.0, rand. prob: 0.29666666666666663
[2024-10-13 16:05:11,413][INFO] Step 46: size: 46, coverage: 71.00%, cost: 1382.0, rand. prob: 0.29000000000000004
[2024-10-13 16:05:11,431][INFO] Step 47: size: 47, coverage: 71.67%, cost: 1383.0, rand. prob: 0.2833333333333333
[2024-10-13 16:05:11,449][INFO] Step 48: size: 48, coverage: 73.00%, cost: 1385.0, rand. prob: 0.27
[2024-10-13 16:05:11,468][INFO] Step 49: size: 49, coverage: 73.33%, cost: 1405.0, rand. prob: 0.2666666666666667
[2024-10-13 16:05:11,486][INFO] Step 50: size: 50, coverage: 74.67%, cost: 1407.0, rand. prob: 0.2533333333333333
[2024-10-13 16:05:11,504][INFO] Step 51: size: 51, coverage: 75.67%, cost: 1409.0, rand. prob: 0.2433333333333333
[2024-10-13 16:05:11,522][INFO] Step 52: size: 52, coverage: 76.00%, cost: 1420.0, rand. prob: 0.24
[2024-10-13 16:05:11,540][INFO] Step 53: size: 53, coverage: 77.00%, cost: 1422.0, rand. prob: 0.22999999999999998
[2024-10-13 16:05:11,559][INFO] Step 54: size: 54, coverage: 77.33%, cost: 1430.0, rand. prob: 0.22666666666666668
[2024-10-13 16:05:11,577][INFO] Step 55: size: 55, coverage: 78.33%, cost: 1432.0, rand. prob: 0.21666666666666667
[2024-10-13 16:05:11,595][INFO] Step 56: size: 56, coverage: 79.67%, cost: 1435.0, rand. prob: 0.20333333333333337
[2024-10-13 16:05:11,613][INFO] Step 57: size: 57, coverage: 80.00%, cost: 1436.0, rand. prob: 0.19999999999999996
[2024-10-13 16:05:11,631][INFO] Step 58: size: 58, coverage: 80.33%, cost: 1437.0, rand. prob: 0.19666666666666666
[2024-10-13 16:05:11,650][INFO] Step 59: size: 59, coverage: 81.00%, cost: 1439.0, rand. prob: 0.18999999999999995
[2024-10-13 16:05:11,668][INFO] Step 60: size: 60, coverage: 81.67%, cost: 1441.0, rand. prob: 0.18333333333333335
[2024-10-13 16:05:11,686][INFO] Step 61: size: 61, coverage: 82.33%, cost: 1443.0, rand. prob: 0.17666666666666664
[2024-10-13 16:05:11,704][INFO] Step 62: size: 62, coverage: 83.00%, cost: 1445.0, rand. prob: 0.17000000000000004
[2024-10-13 16:05:11,723][INFO] Step 63: size: 63, coverage: 83.67%, cost: 1447.0, rand. prob: 0.16333333333333333
[2024-10-13 16:05:11,741][INFO] Step 64: size: 64, coverage: 84.33%, cost: 1449.0, rand. prob: 0.15666666666666662
[2024-10-13 16:05:11,759][INFO] Step 65: size: 65, coverage: 85.33%, cost: 1453.0, rand. prob: 0.1466666666666666
[2024-10-13 16:05:11,778][INFO] Step 66: size: 66, coverage: 86.33%, cost: 1457.0, rand. prob: 0.13666666666666671
[2024-10-13 16:05:11,796][INFO] Step 67: size: 67, coverage: 87.33%, cost: 1461.0, rand. prob: 0.1266666666666667
[2024-10-13 16:05:11,814][INFO] Step 68: size: 68, coverage: 88.00%, cost: 1464.0, rand. prob: 0.12
[2024-10-13 16:05:11,833][INFO] Step 69: size: 69, coverage: 88.67%, cost: 1467.0, rand. prob: 0.11333333333333329
[2024-10-13 16:05:11,851][INFO] Step 70: size: 70, coverage: 89.33%, cost: 1470.0, rand. prob: 0.10666666666666669
[2024-10-13 16:05:11,870][INFO] Step 71: size: 71, coverage: 90.00%, cost: 1473.0, rand. prob: 0.09999999999999998
[2024-10-13 16:05:11,888][INFO] Step 72: size: 72, coverage: 90.33%, cost: 1475.0, rand. prob: 0.09666666666666668
[2024-10-13 16:05:11,907][INFO] Step 73: size: 73, coverage: 90.67%, cost: 1477.0, rand. prob: 0.09333333333333338
[2024-10-13 16:05:11,925][INFO] Step 74: size: 74, coverage: 91.00%, cost: 1479.0, rand. prob: 0.08999999999999997
[2024-10-13 16:05:11,944][INFO] Step 75: size: 75, coverage: 91.67%, cost: 1483.0, rand. prob: 0.08333333333333337
[2024-10-13 16:05:11,962][INFO] Step 76: size: 76, coverage: 92.33%, cost: 1488.0, rand. prob: 0.07666666666666666
[2024-10-13 16:05:11,981][INFO] Step 77: size: 77, coverage: 92.67%, cost: 1509.0, rand. prob: 0.07333333333333336
[2024-10-13 16:05:12,000][INFO] Step 78: size: 78, coverage: 93.00%, cost: 1512.0, rand. prob: 0.06999999999999995
[2024-10-13 16:05:12,018][INFO] Step 79: size: 79, coverage: 93.33%, cost: 1515.0, rand. prob: 0.06666666666666665
[2024-10-13 16:05:12,037][INFO] Step 80: size: 80, coverage: 93.67%, cost: 1518.0, rand. prob: 0.06333333333333335
[2024-10-13 16:05:12,056][INFO] Step 81: size: 81, coverage: 94.00%, cost: 1557.0, rand. prob: 0.06000000000000005
[2024-10-13 16:05:12,075][INFO] Step 82: size: 82, coverage: 94.33%, cost: 1560.0, rand. prob: 0.05666666666666664
[2024-10-13 16:05:12,093][INFO] Step 83: size: 83, coverage: 94.67%, cost: 1563.0, rand. prob: 0.053333333333333344
[2024-10-13 16:05:12,112][INFO] Step 84: size: 84, coverage: 95.00%, cost: 1566.0, rand. prob: 0.050000000000000044
[2024-10-13 16:05:12,131][INFO] Step 85: size: 85, coverage: 95.67%, cost: 1572.0, rand. prob: 0.043333333333333335
[2024-10-13 16:05:12,150][INFO] Step 86: size: 86, coverage: 96.33%, cost: 1578.0, rand. prob: 0.036666666666666625
[2024-10-13 16:05:12,169][INFO] Step 87: size: 87, coverage: 97.00%, cost: 1585.0, rand. prob: 0.030000000000000027
[2024-10-13 16:05:12,188][INFO] Step 88: size: 88, coverage: 97.33%, cost: 1589.0, rand. prob: 0.026666666666666616
[2024-10-13 16:05:12,207][INFO] Step 89: size: 89, coverage: 97.67%, cost: 1593.0, rand. prob: 0.023333333333333317
[2024-10-13 16:05:12,226][INFO] Step 90: size: 90, coverage: 98.00%, cost: 1597.0, rand. prob: 0.020000000000000018
[2024-10-13 16:05:12,245][INFO] Step 91: size: 91, coverage: 98.33%, cost: 1601.0, rand. prob: 0.01666666666666672
[2024-10-13 16:05:12,264][INFO] Step 92: size: 92, coverage: 98.67%, cost: 1606.0, rand. prob: 0.013333333333333308
[2024-10-13 16:05:12,283][INFO] Step 93: size: 93, coverage: 99.00%, cost: 1611.0, rand. prob: 0.010000000000000009
[2024-10-13 16:05:12,302][INFO] Step 94: size: 94, coverage: 99.33%, cost: 1617.0, rand. prob: 0.00666666666666671
[2024-10-13 16:05:12,321][INFO] Step 95: size: 95, coverage: 99.67%, cost: 1625.0, rand. prob: 0.0033333333333332993
[2024-10-13 16:05:12,341][INFO] Step 96: size: 96, coverage: 100.00%, cost: 1636.0, rand. prob: 0.0
[2024-10-13 16:05:12,344][INFO] Size: 96 -> 85
[2024-10-13 16:05:12,344][INFO] Cost: 1636.0 -> 1319.0
[2024-10-13 16:10:41,234][INFO] Step 1: size: 1, coverage: 2.00%, cost: 56.0, rand. prob: 0.98
[2024-10-13 16:10:41,249][INFO] Step 2: size: 2, coverage: 4.67%, cost: 136.0, rand. prob: 0.9533333333333334
[2024-10-13 16:10:41,264][INFO] Step 3: size: 3, coverage: 6.33%, cost: 173.0, rand. prob: 0.9366666666666666
[2024-10-13 16:10:41,280][INFO] Step 4: size: 4, coverage: 8.33%, cost: 195.0, rand. prob: 0.9166666666666666
[2024-10-13 16:10:41,296][INFO] Step 5: size: 5, coverage: 11.67%, cost: 204.0, rand. prob: 0.8833333333333333
[2024-10-13 16:10:41,312][INFO] Step 6: size: 6, coverage: 12.33%, cost: 221.0, rand. prob: 0.8766666666666667
[2024-10-13 16:10:41,328][INFO] Step 7: size: 7, coverage: 16.00%, cost: 222.0, rand. prob: 0.84
[2024-10-13 16:10:41,344][INFO] Step 8: size: 8, coverage: 18.33%, cost: 281.0, rand. prob: 0.8166666666666667
[2024-10-13 16:10:41,360][INFO] Step 9: size: 9, coverage: 19.67%, cost: 309.0, rand. prob: 0.8033333333333333
[2024-10-13 16:10:41,376][INFO] Step 10: size: 10, coverage: 21.00%, cost: 400.0, rand. prob: 0.79
[2024-10-13 16:10:41,392][INFO] Step 11: size: 11, coverage: 24.67%, cost: 401.0, rand. prob: 0.7533333333333333
[2024-10-13 16:10:41,408][INFO] Step 12: size: 12, coverage: 26.00%, cost: 476.0, rand. prob: 0.74
[2024-10-13 16:10:41,425][INFO] Step 13: size: 13, coverage: 27.67%, cost: 478.0, rand. prob: 0.7233333333333334
[2024-10-13 16:10:41,441][INFO] Step 14: size: 14, coverage: 28.67%, cost: 491.0, rand. prob: 0.7133333333333334
[2024-10-13 16:10:41,458][INFO] Step 15: size: 15, coverage: 30.67%, cost: 561.0, rand. prob: 0.6933333333333334
[2024-10-13 16:10:41,475][INFO] Step 16: size: 16, coverage: 31.67%, cost: 650.0, rand. prob: 0.6833333333333333
[2024-10-13 16:10:41,491][INFO] Step 17: size: 17, coverage: 33.33%, cost: 734.0, rand. prob: 0.6666666666666667
[2024-10-13 16:10:41,508][INFO] Step 18: size: 18, coverage: 34.00%, cost: 821.0, rand. prob: 0.6599999999999999
[2024-10-13 16:10:41,525][INFO] Step 19: size: 19, coverage: 34.67%, cost: 875.0, rand. prob: 0.6533333333333333
[2024-10-13 16:10:41,542][INFO] Step 20: size: 20, coverage: 36.67%, cost: 966.0, rand. prob: 0.6333333333333333
[2024-10-13 16:10:41,559][INFO] Step 21: size: 21, coverage: 37.67%, cost: 1023.0, rand. prob: 0.6233333333333333
[2024-10-13 16:10:41,576][INFO] Step 22: size: 22, coverage: 40.33%, cost: 1024.0, rand. prob: 0.5966666666666667
[2024-10-13 16:10:41,593][INFO] Step 23: size: 23, coverage: 41.67%, cost: 1111.0, rand. prob: 0.5833333333333333
[2024-10-13 16:10:41,611][INFO] Step 24: size: 24, coverage: 42.67%, cost: 1128.0, rand. prob: 0.5733333333333333
[2024-10-13 16:10:41,628][INFO] Step 25: size: 25, coverage: 44.67%, cost: 1129.0, rand. prob: 0.5533333333333333
[2024-10-13 16:10:41,645][INFO] Step 26: size: 26, coverage: 45.33%, cost: 1131.0, rand. prob: 0.5466666666666666
[2024-10-13 16:10:41,663][INFO] Step 27: size: 27, coverage: 46.67%, cost: 1150.0, rand. prob: 0.5333333333333333
[2024-10-13 16:10:41,680][INFO] Step 28: size: 28, coverage: 48.67%, cost: 1151.0, rand. prob: 0.5133333333333333
[2024-10-13 16:10:41,698][INFO] Step 29: size: 29, coverage: 50.33%, cost: 1152.0, rand. prob: 0.4966666666666667
[2024-10-13 16:10:41,715][INFO] Step 30: size: 30, coverage: 52.00%, cost: 1153.0, rand. prob: 0.48
[2024-10-13 16:10:41,733][INFO] Step 31: size: 31, coverage: 53.67%, cost: 1206.0, rand. prob: 0.4633333333333334
[2024-10-13 16:10:41,751][INFO] Step 32: size: 32, coverage: 55.33%, cost: 1207.0, rand. prob: 0.44666666666666666
[2024-10-13 16:10:41,768][INFO] Step 33: size: 33, coverage: 56.33%, cost: 1208.0, rand. prob: 0.43666666666666665
[2024-10-13 16:10:41,786][INFO] Step 34: size: 34, coverage: 57.67%, cost: 1221.0, rand. prob: 0.42333333333333334
[2024-10-13 16:10:41,803][INFO] Step 35: size: 35, coverage: 58.67%, cost: 1222.0, rand. prob: 0.41333333333333333
[2024-10-13 16:10:41,820][INFO] Step 36: size: 36, coverage: 59.67%, cost: 1223.0, rand. prob: 0.4033333333333333
[2024-10-13 16:10:41,838][INFO] Step 37: size: 37, coverage: 62.33%, cost: 1306.0, rand. prob: 0.3766666666666667
[2024-10-13 16:10:41,855][INFO] Step 38: size: 38, coverage: 63.33%, cost: 1313.0, rand. prob: 0.3666666666666667
[2024-10-13 16:10:41,873][INFO] Step 39: size: 39, coverage: 64.33%, cost: 1314.0, rand. prob: 0.3566666666666667
[2024-10-13 16:10:41,890][INFO] Step 40: size: 40, coverage: 65.33%, cost: 1315.0, rand. prob: 0.3466666666666667
[2024-10-13 16:10:41,908][INFO] Step 41: size: 41, coverage: 66.33%, cost: 1316.0, rand. prob: 0.33666666666666667
[2024-10-13 16:10:41,925][INFO] Step 42: size: 42, coverage: 68.00%, cost: 1318.0, rand. prob: 0.31999999999999995
[2024-10-13 16:10:41,943][INFO] Step 43: size: 43, coverage: 68.67%, cost: 1319.0, rand. prob: 0.31333333333333335
[2024-10-13 16:10:41,960][INFO] Step 44: size: 44, coverage: 69.67%, cost: 1380.0, rand. prob: 0.30333333333333334
[2024-10-13 16:10:41,978][INFO] Step 45: size: 45, coverage: 70.33%, cost: 1381.0, rand. prob: 0.29666666666666663
[2024-10-13 16:10:41,995][INFO] Step 46: size: 46, coverage: 71.00%, cost: 1382.0, rand. prob: 0.29000000000000004
[2024-10-13 16:10:42,013][INFO] Step 47: size: 47, coverage: 71.67%, cost: 1383.0, rand. prob: 0.2833333333333333
[2024-10-13 16:10:42,031][INFO] Step 48: size: 48, coverage: 73.00%, cost: 1385.0, rand. prob: 0.27
[2024-10-13 16:10:42,048][INFO] Step 49: size: 49, coverage: 73.33%, cost: 1405.0, rand. prob: 0.2666666666666667
[2024-10-13 16:10:42,066][INFO] Step 50: size: 50, coverage: 74.67%, cost: 1407.0, rand. prob: 0.2533333333333333
[2024-10-13 16:10:42,084][INFO] Step 51: size: 51, coverage: 75.67%, cost: 1409.0, rand. prob: 0.2433333333333333
[2024-10-13 16:10:42,101][INFO] Step 52: size: 52, coverage: 76.00%, cost: 1420.0, rand. prob: 0.24
[2024-10-13 16:10:42,119][INFO] Step 53: size: 53, coverage: 77.00%, cost: 1422.0, rand. prob: 0.22999999999999998
[2024-10-13 16:10:42,137][INFO] Step 54: size: 54, coverage: 77.33%, cost: 1430.0, rand. prob: 0.22666666666666668
[2024-10-13 16:10:42,155][INFO] Step 55: size: 55, coverage: 78.33%, cost: 1432.0, rand. prob: 0.21666666666666667
[2024-10-13 16:10:42,173][INFO] Step 56: size: 56, coverage: 79.67%, cost: 1435.0, rand. prob: 0.20333333333333337
[2024-10-13 16:10:42,191][INFO] Step 57: size: 57, coverage: 80.00%, cost: 1436.0, rand. prob: 0.19999999999999996
[2024-10-13 16:10:42,208][INFO] Step 58: size: 58, coverage: 80.33%, cost: 1437.0, rand. prob: 0.19666666666666666
[2024-10-13 16:10:42,226][INFO] Step 59: size: 59, coverage: 81.00%, cost: 1439.0, rand. prob: 0.18999999999999995
[2024-10-13 16:10:42,244][INFO] Step 60: size: 60, coverage: 81.67%, cost: 1441.0, rand. prob: 0.18333333333333335
[2024-10-13 16:10:42,262][INFO] Step 61: size: 61, coverage: 82.33%, cost: 1443.0, rand. prob: 0.17666666666666664
[2024-10-13 16:10:42,280][INFO] Step 62: size: 62, coverage: 83.00%, cost: 1445.0, rand. prob: 0.17000000000000004
[2024-10-13 16:10:42,298][INFO] Step 63: size: 63, coverage: 83.67%, cost: 1447.0, rand. prob: 0.16333333333333333
[2024-10-13 16:10:42,316][INFO] Step 64: size: 64, coverage: 84.33%, cost: 1449.0, rand. prob: 0.15666666666666662
[2024-10-13 16:10:42,334][INFO] Step 65: size: 65, coverage: 85.33%, cost: 1453.0, rand. prob: 0.1466666666666666
[2024-10-13 16:10:42,352][INFO] Step 66: size: 66, coverage: 86.33%, cost: 1457.0, rand. prob: 0.13666666666666671
[2024-10-13 16:10:42,370][INFO] Step 67: size: 67, coverage: 87.33%, cost: 1461.0, rand. prob: 0.1266666666666667
[2024-10-13 16:10:42,387][INFO] Step 68: size: 68, coverage: 88.00%, cost: 1464.0, rand. prob: 0.12
[2024-10-13 16:10:42,405][INFO] Step 69: size: 69, coverage: 88.67%, cost: 1467.0, rand. prob: 0.11333333333333329
[2024-10-13 16:10:42,423][INFO] Step 70: size: 70, coverage: 89.33%, cost: 1470.0, rand. prob: 0.10666666666666669
[2024-10-13 16:10:42,441][INFO] Step 71: size: 71, coverage: 90.00%, cost: 1473.0, rand. prob: 0.09999999999999998
[2024-10-13 16:10:42,459][INFO] Step 72: size: 72, coverage: 90.33%, cost: 1475.0, rand. prob: 0.09666666666666668
[2024-10-13 16:10:42,477][INFO] Step 73: size: 73, coverage: 90.67%, cost: 1477.0, rand. prob: 0.09333333333333338
[2024-10-13 16:10:42,496][INFO] Step 74: size: 74, coverage: 91.00%, cost: 1479.0, rand. prob: 0.08999999999999997
[2024-10-13 16:10:42,514][INFO] Step 75: size: 75, coverage: 91.67%, cost: 1483.0, rand. prob: 0.08333333333333337
[2024-10-13 16:10:42,532][INFO] Step 76: size: 76, coverage: 92.33%, cost: 1488.0, rand. prob: 0.07666666666666666
[2024-10-13 16:10:42,550][INFO] Step 77: size: 77, coverage: 92.67%, cost: 1509.0, rand. prob: 0.07333333333333336
[2024-10-13 16:10:42,568][INFO] Step 78: size: 78, coverage: 93.00%, cost: 1512.0, rand. prob: 0.06999999999999995
[2024-10-13 16:10:42,586][INFO] Step 79: size: 79, coverage: 93.33%, cost: 1515.0, rand. prob: 0.06666666666666665
[2024-10-13 16:10:42,605][INFO] Step 80: size: 80, coverage: 93.67%, cost: 1518.0, rand. prob: 0.06333333333333335
[2024-10-13 16:10:42,623][INFO] Step 81: size: 81, coverage: 94.00%, cost: 1557.0, rand. prob: 0.06000000000000005
[2024-10-13 16:10:42,641][INFO] Step 82: size: 82, coverage: 94.33%, cost: 1560.0, rand. prob: 0.05666666666666664
[2024-10-13 16:10:42,660][INFO] Step 83: size: 83, coverage: 94.67%, cost: 1563.0, rand. prob: 0.053333333333333344
[2024-10-13 16:10:42,678][INFO] Step 84: size: 84, coverage: 95.00%, cost: 1566.0, rand. prob: 0.050000000000000044
[2024-10-13 16:10:42,697][INFO] Step 85: size: 85, coverage: 95.67%, cost: 1572.0, rand. prob: 0.043333333333333335
[2024-10-13 16:10:42,715][INFO] Step 86: size: 86, coverage: 96.33%, cost: 1578.0, rand. prob: 0.036666666666666625
[2024-10-13 16:10:42,734][INFO] Step 87: size: 87, coverage: 97.00%, cost: 1585.0, rand. prob: 0.030000000000000027
[2024-10-13 16:10:42,752][INFO] Step 88: size: 88, coverage: 97.33%, cost: 1589.0, rand. prob: 0.026666666666666616
[2024-10-13 16:10:42,771][INFO] Step 89: size: 89, coverage: 97.67%, cost: 1593.0, rand. prob: 0.023333333333333317
[2024-10-13 16:10:42,789][INFO] Step 90: size: 90, coverage: 98.00%, cost: 1597.0, rand. prob: 0.020000000000000018
[2024-10-13 16:10:42,808][INFO] Step 91: size: 91, coverage: 98.33%, cost: 1601.0, rand. prob: 0.01666666666666672
[2024-10-13 16:10:42,827][INFO] Step 92: size: 92, coverage: 98.67%, cost: 1606.0, rand. prob: 0.013333333333333308
[2024-10-13 16:10:42,846][INFO] Step 93: size: 93, coverage: 99.00%, cost: 1611.0, rand. prob: 0.010000000000000009
[2024-10-13 16:10:42,864][INFO] Step 94: size: 94, coverage: 99.33%, cost: 1617.0, rand. prob: 0.00666666666666671
[2024-10-13 16:10:42,883][INFO] Step 95: size: 95, coverage: 99.67%, cost: 1625.0, rand. prob: 0.0033333333333332993
[2024-10-13 16:10:42,902][INFO] Step 96: size: 96, coverage: 100.00%, cost: 1636.0, rand. prob: 0.0
[2024-10-13 16:10:42,905][INFO] Size: 96 -> 85
[2024-10-13 16:10:42,905][INFO] Cost: 1636.0 -> 1319.0
