[2024-10-13 15:18:45,792][INFO] Step 1: size: 1, coverage: 9.67%, cost: 21.0
[2024-10-13 15:18:45,802][INFO] Step 2: size: 2, coverage: 18.67%, cost: 38.0
[2024-10-13 15:18:45,813][INFO] Step 3: size: 3, coverage: 27.00%, cost: 78.0
[2024-10-13 15:18:45,824][INFO] Step 4: size: 4, coverage: 34.67%, cost: 118.0
[2024-10-13 15:18:45,835][INFO] Step 5: size: 5, coverage: 42.00%, cost: 131.0
[2024-10-13 15:18:45,845][INFO] Step 6: size: 6, coverage: 49.00%, cost: 147.0
[2024-10-13 15:18:45,856][INFO] Step 7: size: 7, coverage: 55.33%, cost: 188.0
[2024-10-13 15:18:45,867][INFO] Step 8: size: 8, coverage: 61.00%, cost: 261.0
[2024-10-13 15:18:45,877][INFO] Step 9: size: 9, coverage: 66.00%, cost: 272.0
[2024-10-13 15:18:45,887][INFO] Step 10: size: 10, coverage: 70.67%, cost: 308.0
[2024-10-13 15:18:45,897][INFO] Step 11: size: 11, coverage: 75.00%, cost: 344.0
[2024-10-13 15:18:45,907][INFO] Step 12: size: 12, coverage: 78.67%, cost: 375.0
[2024-10-13 15:18:45,917][INFO] Step 13: size: 13, coverage: 82.00%, cost: 386.0
[2024-10-13 15:18:45,927][INFO] Step 14: size: 14, coverage: 85.33%, cost: 410.0
[2024-10-13 15:18:45,937][INFO] Step 15: size: 15, coverage: 88.33%, cost: 471.0
[2024-10-13 15:18:45,947][INFO] Step 16: size: 16, coverage: 91.00%, cost: 543.0
[2024-10-13 15:18:45,957][INFO] Step 17: size: 17, coverage: 93.00%, cost: 641.0
[2024-10-13 15:18:45,967][INFO] Step 18: size: 18, coverage: 94.67%, cost: 642.0
[2024-10-13 15:18:45,977][INFO] Step 19: size: 19, coverage: 96.33%, cost: 665.0
[2024-10-13 15:18:45,988][INFO] Step 20: size: 20, coverage: 98.00%, cost: 718.0
[2024-10-13 15:18:45,998][INFO] Step 21: size: 21, coverage: 99.00%, cost: 734.0
[2024-10-13 15:18:46,009][INFO] Step 22: size: 22, coverage: 99.67%, cost: 742.0
[2024-10-13 15:18:46,020][INFO] Step 23: size: 23, coverage: 100.00%, cost: 743.0
[2024-10-13 15:18:46,020][INFO] Size: 23 -> 23
[2024-10-13 15:18:46,020][INFO] Cost: 743.0 -> 743.0
[2024-10-13 15:40:39,908][INFO] Step 1: size: 1, coverage: 6.33%, cost: 40.0
[2024-10-13 15:40:39,924][INFO] Step 2: size: 2, coverage: 12.00%, cost: 65.0
[2024-10-13 15:40:39,939][INFO] Step 3: size: 3, coverage: 17.67%, cost: 98.0
[2024-10-13 15:40:39,955][INFO] Step 4: size: 4, coverage: 20.33%, cost: 117.0
[2024-10-13 15:40:39,971][INFO] Step 5: size: 5, coverage: 26.67%, cost: 197.0
[2024-10-13 15:40:39,987][INFO] Step 6: size: 6, coverage: 29.67%, cost: 292.0
[2024-10-13 15:40:40,004][INFO] Step 7: size: 7, coverage: 33.67%, cost: 333.0
[2024-10-13 15:40:40,020][INFO] Step 8: size: 8, coverage: 36.67%, cost: 378.0
[2024-10-13 15:40:40,036][INFO] Step 9: size: 9, coverage: 39.67%, cost: 415.0
[2024-10-13 15:40:40,053][INFO] Step 10: size: 10, coverage: 42.00%, cost: 478.0
[2024-10-13 15:40:40,069][INFO] Step 11: size: 11, coverage: 45.00%, cost: 521.0
[2024-10-13 15:40:40,086][INFO] Step 12: size: 12, coverage: 48.00%, cost: 576.0
[2024-10-13 15:40:40,102][INFO] Step 13: size: 13, coverage: 49.33%, cost: 663.0
[2024-10-13 15:40:40,119][INFO] Step 14: size: 14, coverage: 51.67%, cost: 704.0
[2024-10-13 15:40:40,136][INFO] Step 15: size: 15, coverage: 54.00%, cost: 705.0
[2024-10-13 15:40:40,152][INFO] Step 16: size: 16, coverage: 55.67%, cost: 749.0
[2024-10-13 15:40:40,169][INFO] Step 17: size: 17, coverage: 57.33%, cost: 825.0
[2024-10-13 15:40:40,185][INFO] Step 18: size: 18, coverage: 58.33%, cost: 863.0
[2024-10-13 15:40:40,202][INFO] Step 19: size: 19, coverage: 61.33%, cost: 925.0
[2024-10-13 15:40:40,218][INFO] Step 20: size: 20, coverage: 64.67%, cost: 940.0
[2024-10-13 15:40:40,234][INFO] Step 21: size: 21, coverage: 68.00%, cost: 1022.0
[2024-10-13 15:40:40,251][INFO] Step 22: size: 22, coverage: 69.67%, cost: 1044.0
[2024-10-13 15:40:40,267][INFO] Step 23: size: 23, coverage: 71.00%, cost: 1088.0
[2024-10-13 15:40:40,283][INFO] Step 24: size: 24, coverage: 72.67%, cost: 1102.0
[2024-10-13 15:40:40,300][INFO] Step 25: size: 25, coverage: 73.00%, cost: 1109.0
[2024-10-13 15:40:40,317][INFO] Step 26: size: 26, coverage: 74.67%, cost: 1189.0
[2024-10-13 15:40:40,334][INFO] Step 27: size: 27, coverage: 75.33%, cost: 1194.0
[2024-10-13 15:40:40,351][INFO] Step 28: size: 28, coverage: 76.00%, cost: 1239.0
[2024-10-13 15:40:40,368][INFO] Step 29: size: 29, coverage: 77.00%, cost: 1270.0
[2024-10-13 15:40:40,385][INFO] Step 30: size: 30, coverage: 77.67%, cost: 1304.0
[2024-10-13 15:40:40,401][INFO] Step 31: size: 31, coverage: 78.33%, cost: 1352.0
[2024-10-13 15:40:40,418][INFO] Step 32: size: 32, coverage: 79.00%, cost: 1421.0
[2024-10-13 15:40:40,436][INFO] Step 33: size: 33, coverage: 79.67%, cost: 1422.0
[2024-10-13 15:40:40,452][INFO] Step 34: size: 34, coverage: 80.33%, cost: 1447.0
[2024-10-13 15:40:40,469][INFO] Step 35: size: 35, coverage: 80.67%, cost: 1519.0
[2024-10-13 15:40:40,486][INFO] Step 36: size: 36, coverage: 81.33%, cost: 1556.0
[2024-10-13 15:40:40,503][INFO] Step 37: size: 37, coverage: 82.33%, cost: 1608.0
[2024-10-13 15:40:40,520][INFO] Step 38: size: 38, coverage: 84.00%, cost: 1700.0
[2024-10-13 15:40:40,537][INFO] Step 39: size: 39, coverage: 84.67%, cost: 1787.0
[2024-10-13 15:40:40,553][INFO] Step 40: size: 40, coverage: 85.67%, cost: 1871.0
[2024-10-13 15:40:40,570][INFO] Step 41: size: 41, coverage: 86.00%, cost: 1902.0
[2024-10-13 15:40:40,587][INFO] Step 42: size: 42, coverage: 86.33%, cost: 1905.0
[2024-10-13 15:40:40,604][INFO] Step 43: size: 43, coverage: 87.00%, cost: 1978.0
[2024-10-13 15:40:40,621][INFO] Step 44: size: 44, coverage: 87.67%, cost: 2033.0
[2024-10-13 15:40:40,639][INFO] Step 45: size: 45, coverage: 88.33%, cost: 2098.0
[2024-10-13 15:40:40,656][INFO] Step 46: size: 46, coverage: 89.00%, cost: 2159.0
[2024-10-13 15:40:40,675][INFO] Step 47: size: 47, coverage: 90.33%, cost: 2188.0
[2024-10-13 15:40:40,694][INFO] Step 48: size: 48, coverage: 90.67%, cost: 2191.0
[2024-10-13 15:40:40,712][INFO] Step 49: size: 49, coverage: 91.67%, cost: 2280.0
[2024-10-13 15:40:40,729][INFO] Step 50: size: 50, coverage: 92.00%, cost: 2295.0
[2024-10-13 15:40:40,747][INFO] Step 51: size: 51, coverage: 92.67%, cost: 2339.0
[2024-10-13 15:40:40,765][INFO] Step 52: size: 52, coverage: 93.00%, cost: 2424.0
[2024-10-13 15:40:40,782][INFO] Step 53: size: 53, coverage: 93.67%, cost: 2522.0
[2024-10-13 15:40:40,800][INFO] Step 54: size: 54, coverage: 94.33%, cost: 2611.0
[2024-10-13 15:40:40,819][INFO] Step 55: size: 55, coverage: 95.00%, cost: 2662.0
[2024-10-13 15:40:40,836][INFO] Step 56: size: 56, coverage: 95.33%, cost: 2663.0
[2024-10-13 15:40:40,854][INFO] Step 57: size: 57, coverage: 95.67%, cost: 2675.0
[2024-10-13 15:40:40,871][INFO] Step 58: size: 58, coverage: 96.00%, cost: 2747.0
[2024-10-13 15:40:40,889][INFO] Step 59: size: 59, coverage: 96.33%, cost: 2792.0
[2024-10-13 15:40:40,907][INFO] Step 60: size: 60, coverage: 96.67%, cost: 2881.0
[2024-10-13 15:40:40,925][INFO] Step 61: size: 61, coverage: 97.00%, cost: 2979.0
[2024-10-13 15:40:40,943][INFO] Step 62: size: 62, coverage: 97.33%, cost: 3046.0
[2024-10-13 15:40:40,961][INFO] Step 63: size: 63, coverage: 98.00%, cost: 3119.0
[2024-10-13 15:40:40,979][INFO] Step 64: size: 64, coverage: 98.33%, cost: 3146.0
[2024-10-13 15:40:40,997][INFO] Step 65: size: 65, coverage: 98.67%, cost: 3237.0
[2024-10-13 15:40:41,016][INFO] Step 66: size: 66, coverage: 99.00%, cost: 3312.0
[2024-10-13 15:40:41,034][INFO] Step 67: size: 67, coverage: 99.33%, cost: 3389.0
[2024-10-13 15:40:41,052][INFO] Step 68: size: 68, coverage: 99.67%, cost: 3392.0
[2024-10-13 15:40:41,070][INFO] Step 69: size: 69, coverage: 100.00%, cost: 3421.0
[2024-10-13 15:40:41,071][INFO] Solved solution used 69 random steps
[2024-10-13 15:40:41,071][INFO] Current randomization probability: 0.0
[2024-10-13 15:40:41,071][INFO] Solved solution used 69 random steps
[2024-10-13 15:40:41,072][INFO] Size: 69 -> 53
[2024-10-13 15:40:41,072][INFO] Cost: 3421.0 -> 2733.0
[2024-10-13 15:59:18,544][INFO] Step 1: size: 1, coverage: 5.33%, cost: 17.0, rand. prob: 0.9466666666666667
[2024-10-13 15:59:18,560][INFO] Step 2: size: 2, coverage: 9.00%, cost: 26.0, rand. prob: 0.91
[2024-10-13 15:59:18,577][INFO] Step 3: size: 3, coverage: 15.67%, cost: 112.0, rand. prob: 0.8433333333333333
[2024-10-13 15:59:18,596][INFO] Step 4: size: 4, coverage: 22.00%, cost: 185.0, rand. prob: 0.78
[2024-10-13 15:59:18,614][INFO] Step 5: size: 5, coverage: 25.33%, cost: 270.0, rand. prob: 0.7466666666666666
[2024-10-13 15:59:18,631][INFO] Step 6: size: 6, coverage: 31.00%, cost: 271.0, rand. prob: 0.69
[2024-10-13 15:59:18,647][INFO] Step 7: size: 7, coverage: 32.67%, cost: 341.0, rand. prob: 0.6733333333333333
[2024-10-13 15:59:18,665][INFO] Step 8: size: 8, coverage: 37.33%, cost: 395.0, rand. prob: 0.6266666666666667
[2024-10-13 15:59:18,682][INFO] Step 9: size: 9, coverage: 42.67%, cost: 396.0, rand. prob: 0.5733333333333333
[2024-10-13 15:59:18,699][INFO] Step 10: size: 10, coverage: 46.67%, cost: 457.0, rand. prob: 0.5333333333333333
[2024-10-13 15:59:18,716][INFO] Step 11: size: 11, coverage: 50.00%, cost: 495.0, rand. prob: 0.5
[2024-10-13 15:59:18,732][INFO] Step 12: size: 12, coverage: 54.33%, cost: 496.0, rand. prob: 0.45666666666666667
[2024-10-13 15:59:18,750][INFO] Step 13: size: 13, coverage: 54.67%, cost: 556.0, rand. prob: 0.45333333333333337
[2024-10-13 15:59:18,767][INFO] Step 14: size: 14, coverage: 55.67%, cost: 641.0, rand. prob: 0.44333333333333336
[2024-10-13 15:59:18,783][INFO] Step 15: size: 15, coverage: 59.00%, cost: 642.0, rand. prob: 0.41000000000000003
[2024-10-13 15:59:18,800][INFO] Step 16: size: 16, coverage: 61.33%, cost: 668.0, rand. prob: 0.3866666666666667
[2024-10-13 15:59:18,817][INFO] Step 17: size: 17, coverage: 64.00%, cost: 669.0, rand. prob: 0.36
[2024-10-13 15:59:18,834][INFO] Step 18: size: 18, coverage: 66.33%, cost: 670.0, rand. prob: 0.33666666666666667
[2024-10-13 15:59:18,850][INFO] Step 19: size: 19, coverage: 68.67%, cost: 671.0, rand. prob: 0.31333333333333335
[2024-10-13 15:59:18,868][INFO] Step 20: size: 20, coverage: 70.67%, cost: 672.0, rand. prob: 0.29333333333333333
[2024-10-13 15:59:18,884][INFO] Step 21: size: 21, coverage: 72.67%, cost: 673.0, rand. prob: 0.2733333333333333
[2024-10-13 15:59:18,901][INFO] Step 22: size: 22, coverage: 74.67%, cost: 674.0, rand. prob: 0.2533333333333333
[2024-10-13 15:59:18,918][INFO] Step 23: size: 23, coverage: 76.33%, cost: 675.0, rand. prob: 0.2366666666666667
[2024-10-13 15:59:18,934][INFO] Step 24: size: 24, coverage: 77.67%, cost: 676.0, rand. prob: 0.22333333333333338
[2024-10-13 15:59:18,951][INFO] Step 25: size: 25, coverage: 78.33%, cost: 749.0, rand. prob: 0.21666666666666667
[2024-10-13 15:59:18,968][INFO] Step 26: size: 26, coverage: 79.67%, cost: 750.0, rand. prob: 0.20333333333333337
[2024-10-13 15:59:18,985][INFO] Step 27: size: 27, coverage: 81.00%, cost: 751.0, rand. prob: 0.18999999999999995
[2024-10-13 15:59:19,002][INFO] Step 28: size: 28, coverage: 83.67%, cost: 753.0, rand. prob: 0.16333333333333333
[2024-10-13 15:59:19,019][INFO] Step 29: size: 29, coverage: 84.67%, cost: 754.0, rand. prob: 0.15333333333333332
[2024-10-13 15:59:19,035][INFO] Step 30: size: 30, coverage: 85.67%, cost: 755.0, rand. prob: 0.1433333333333333
[2024-10-13 15:59:19,051][INFO] Step 31: size: 31, coverage: 86.67%, cost: 756.0, rand. prob: 0.1333333333333333
[2024-10-13 15:59:19,068][INFO] Step 32: size: 32, coverage: 87.67%, cost: 757.0, rand. prob: 0.1233333333333333
[2024-10-13 15:59:19,084][INFO] Step 33: size: 33, coverage: 88.33%, cost: 758.0, rand. prob: 0.1166666666666667
[2024-10-13 15:59:19,100][INFO] Step 34: size: 34, coverage: 89.00%, cost: 759.0, rand. prob: 0.10999999999999999
[2024-10-13 15:59:19,115][INFO] Step 35: size: 35, coverage: 90.00%, cost: 761.0, rand. prob: 0.09999999999999998
[2024-10-13 15:59:19,131][INFO] Step 36: size: 36, coverage: 91.33%, cost: 764.0, rand. prob: 0.08666666666666667
[2024-10-13 15:59:19,147][INFO] Step 37: size: 37, coverage: 92.67%, cost: 767.0, rand. prob: 0.07333333333333336
[2024-10-13 15:59:19,163][INFO] Step 38: size: 38, coverage: 93.00%, cost: 768.0, rand. prob: 0.06999999999999995
[2024-10-13 15:59:19,179][INFO] Step 39: size: 39, coverage: 93.33%, cost: 769.0, rand. prob: 0.06666666666666665
[2024-10-13 15:59:19,195][INFO] Step 40: size: 40, coverage: 93.67%, cost: 770.0, rand. prob: 0.06333333333333335
[2024-10-13 15:59:19,211][INFO] Step 41: size: 41, coverage: 94.33%, cost: 772.0, rand. prob: 0.05666666666666664
[2024-10-13 15:59:19,226][INFO] Step 42: size: 42, coverage: 95.00%, cost: 774.0, rand. prob: 0.050000000000000044
[2024-10-13 15:59:19,242][INFO] Step 43: size: 43, coverage: 96.33%, cost: 779.0, rand. prob: 0.036666666666666625
[2024-10-13 15:59:19,258][INFO] Step 44: size: 44, coverage: 97.33%, cost: 784.0, rand. prob: 0.026666666666666616
[2024-10-13 15:59:19,274][INFO] Step 45: size: 45, coverage: 97.67%, cost: 786.0, rand. prob: 0.023333333333333317
[2024-10-13 15:59:19,289][INFO] Step 46: size: 46, coverage: 98.00%, cost: 788.0, rand. prob: 0.020000000000000018
[2024-10-13 15:59:19,305][INFO] Step 47: size: 47, coverage: 98.33%, cost: 790.0, rand. prob: 0.01666666666666672
[2024-10-13 15:59:19,321][INFO] Step 48: size: 48, coverage: 98.67%, cost: 792.0, rand. prob: 0.013333333333333308
[2024-10-13 15:59:19,337][INFO] Step 49: size: 49, coverage: 99.00%, cost: 795.0, rand. prob: 0.010000000000000009
[2024-10-13 15:59:19,353][INFO] Step 50: size: 50, coverage: 99.33%, cost: 798.0, rand. prob: 0.00666666666666671
[2024-10-13 15:59:19,369][INFO] Step 51: size: 51, coverage: 99.67%, cost: 802.0, rand. prob: 0.0033333333333332993
[2024-10-13 15:59:19,385][INFO] Step 52: size: 52, coverage: 100.00%, cost: 806.0, rand. prob: 0.0
[2024-10-13 15:59:19,386][INFO] Size: 52 -> 47
[2024-10-13 15:59:19,386][INFO] Cost: 806.0 -> 647.0
[2024-10-13 16:05:16,958][INFO] Step 1: size: 1, coverage: 4.33%, cost: 41.0, rand. prob: 0.9566666666666667
[2024-10-13 16:05:16,974][INFO] Step 2: size: 2, coverage: 8.67%, cost: 80.0, rand. prob: 0.9133333333333333
[2024-10-13 16:05:16,990][INFO] Step 3: size: 3, coverage: 14.33%, cost: 167.0, rand. prob: 0.8566666666666667
[2024-10-13 16:05:17,007][INFO] Step 4: size: 4, coverage: 19.67%, cost: 173.0, rand. prob: 0.8033333333333333
[2024-10-13 16:05:17,023][INFO] Step 5: size: 5, coverage: 23.33%, cost: 243.0, rand. prob: 0.7666666666666666
[2024-10-13 16:05:17,039][INFO] Step 6: size: 6, coverage: 27.33%, cost: 250.0, rand. prob: 0.7266666666666667
[2024-10-13 16:05:17,056][INFO] Step 7: size: 7, coverage: 29.67%, cost: 275.0, rand. prob: 0.7033333333333334
[2024-10-13 16:05:17,072][INFO] Step 8: size: 8, coverage: 31.67%, cost: 329.0, rand. prob: 0.6833333333333333
[2024-10-13 16:05:17,088][INFO] Step 9: size: 9, coverage: 36.00%, cost: 359.0, rand. prob: 0.64
[2024-10-13 16:05:17,105][INFO] Step 10: size: 10, coverage: 41.33%, cost: 360.0, rand. prob: 0.5866666666666667
[2024-10-13 16:05:17,122][INFO] Step 11: size: 11, coverage: 46.33%, cost: 361.0, rand. prob: 0.5366666666666666
[2024-10-13 16:05:17,139][INFO] Step 12: size: 12, coverage: 49.00%, cost: 395.0, rand. prob: 0.51
[2024-10-13 16:05:17,155][INFO] Step 13: size: 13, coverage: 51.33%, cost: 491.0, rand. prob: 0.4866666666666667
[2024-10-13 16:05:17,172][INFO] Step 14: size: 14, coverage: 53.67%, cost: 510.0, rand. prob: 0.4633333333333334
[2024-10-13 16:05:17,189][INFO] Step 15: size: 15, coverage: 54.33%, cost: 529.0, rand. prob: 0.45666666666666667
[2024-10-13 16:05:17,206][INFO] Step 16: size: 16, coverage: 55.67%, cost: 539.0, rand. prob: 0.44333333333333336
[2024-10-13 16:05:17,223][INFO] Step 17: size: 17, coverage: 59.67%, cost: 540.0, rand. prob: 0.4033333333333333
[2024-10-13 16:05:17,239][INFO] Step 18: size: 18, coverage: 63.33%, cost: 541.0, rand. prob: 0.3666666666666667
[2024-10-13 16:05:17,256][INFO] Step 19: size: 19, coverage: 67.00%, cost: 542.0, rand. prob: 0.32999999999999996
[2024-10-13 16:05:17,272][INFO] Step 20: size: 20, coverage: 69.67%, cost: 543.0, rand. prob: 0.30333333333333334
[2024-10-13 16:05:17,288][INFO] Step 21: size: 21, coverage: 71.67%, cost: 544.0, rand. prob: 0.2833333333333333
[2024-10-13 16:05:17,305][INFO] Step 22: size: 22, coverage: 73.67%, cost: 545.0, rand. prob: 0.2633333333333333
[2024-10-13 16:05:17,321][INFO] Step 23: size: 23, coverage: 75.33%, cost: 546.0, rand. prob: 0.2466666666666667
[2024-10-13 16:05:17,337][INFO] Step 24: size: 24, coverage: 77.00%, cost: 547.0, rand. prob: 0.22999999999999998
[2024-10-13 16:05:17,353][INFO] Step 25: size: 25, coverage: 78.67%, cost: 548.0, rand. prob: 0.21333333333333337
[2024-10-13 16:05:17,369][INFO] Step 26: size: 26, coverage: 81.67%, cost: 550.0, rand. prob: 0.18333333333333335
[2024-10-13 16:05:17,386][INFO] Step 27: size: 27, coverage: 83.00%, cost: 551.0, rand. prob: 0.17000000000000004
[2024-10-13 16:05:17,402][INFO] Step 28: size: 28, coverage: 84.33%, cost: 552.0, rand. prob: 0.15666666666666662
[2024-10-13 16:05:17,418][INFO] Step 29: size: 29, coverage: 85.00%, cost: 598.0, rand. prob: 0.15000000000000002
[2024-10-13 16:05:17,434][INFO] Step 30: size: 30, coverage: 85.33%, cost: 599.0, rand. prob: 0.1466666666666666
[2024-10-13 16:05:17,450][INFO] Step 31: size: 31, coverage: 86.33%, cost: 600.0, rand. prob: 0.13666666666666671
[2024-10-13 16:05:17,466][INFO] Step 32: size: 32, coverage: 87.33%, cost: 601.0, rand. prob: 0.1266666666666667
[2024-10-13 16:05:17,482][INFO] Step 33: size: 33, coverage: 88.33%, cost: 602.0, rand. prob: 0.1166666666666667
[2024-10-13 16:05:17,498][INFO] Step 34: size: 34, coverage: 89.00%, cost: 603.0, rand. prob: 0.10999999999999999
[2024-10-13 16:05:17,514][INFO] Step 35: size: 35, coverage: 89.67%, cost: 604.0, rand. prob: 0.10333333333333339
[2024-10-13 16:05:17,530][INFO] Step 36: size: 36, coverage: 90.33%, cost: 605.0, rand. prob: 0.09666666666666668
[2024-10-13 16:05:17,546][INFO] Step 37: size: 37, coverage: 91.00%, cost: 606.0, rand. prob: 0.08999999999999997
[2024-10-13 16:05:17,562][INFO] Step 38: size: 38, coverage: 91.67%, cost: 607.0, rand. prob: 0.08333333333333337
[2024-10-13 16:05:17,578][INFO] Step 39: size: 39, coverage: 92.67%, cost: 609.0, rand. prob: 0.07333333333333336
[2024-10-13 16:05:17,594][INFO] Step 40: size: 40, coverage: 93.67%, cost: 611.0, rand. prob: 0.06333333333333335
[2024-10-13 16:05:17,610][INFO] Step 41: size: 41, coverage: 95.00%, cost: 614.0, rand. prob: 0.050000000000000044
[2024-10-13 16:05:17,626][INFO] Step 42: size: 42, coverage: 97.00%, cost: 619.0, rand. prob: 0.030000000000000027
[2024-10-13 16:05:17,642][INFO] Step 43: size: 43, coverage: 97.33%, cost: 620.0, rand. prob: 0.026666666666666616
[2024-10-13 16:05:17,658][INFO] Step 44: size: 44, coverage: 97.67%, cost: 621.0, rand. prob: 0.023333333333333317
[2024-10-13 16:05:17,674][INFO] Step 45: size: 45, coverage: 98.33%, cost: 623.0, rand. prob: 0.01666666666666672
[2024-10-13 16:05:17,690][INFO] Step 46: size: 46, coverage: 99.00%, cost: 626.0, rand. prob: 0.010000000000000009
[2024-10-13 16:05:17,706][INFO] Step 47: size: 47, coverage: 99.33%, cost: 628.0, rand. prob: 0.00666666666666671
[2024-10-13 16:05:17,722][INFO] Step 48: size: 48, coverage: 99.67%, cost: 631.0, rand. prob: 0.0033333333333332993
[2024-10-13 16:05:17,738][INFO] Step 49: size: 49, coverage: 100.00%, cost: 635.0, rand. prob: 0.0
[2024-10-13 16:05:17,739][INFO] Size: 49 -> 45
[2024-10-13 16:05:17,739][INFO] Cost: 635.0 -> 474.0
[2024-10-13 16:10:47,417][INFO] Step 1: size: 1, coverage: 4.33%, cost: 41.0, rand. prob: 0.9566666666666667
[2024-10-13 16:10:47,432][INFO] Step 2: size: 2, coverage: 8.67%, cost: 80.0, rand. prob: 0.9133333333333333
[2024-10-13 16:10:47,448][INFO] Step 3: size: 3, coverage: 14.33%, cost: 167.0, rand. prob: 0.8566666666666667
[2024-10-13 16:10:47,464][INFO] Step 4: size: 4, coverage: 19.67%, cost: 173.0, rand. prob: 0.8033333333333333
[2024-10-13 16:10:47,480][INFO] Step 5: size: 5, coverage: 23.33%, cost: 243.0, rand. prob: 0.7666666666666666
[2024-10-13 16:10:47,495][INFO] Step 6: size: 6, coverage: 27.33%, cost: 250.0, rand. prob: 0.7266666666666667
[2024-10-13 16:10:47,511][INFO] Step 7: size: 7, coverage: 29.67%, cost: 275.0, rand. prob: 0.7033333333333334
[2024-10-13 16:10:47,528][INFO] Step 8: size: 8, coverage: 31.67%, cost: 329.0, rand. prob: 0.6833333333333333
[2024-10-13 16:10:47,544][INFO] Step 9: size: 9, coverage: 36.00%, cost: 359.0, rand. prob: 0.64
[2024-10-13 16:10:47,560][INFO] Step 10: size: 10, coverage: 41.33%, cost: 360.0, rand. prob: 0.5866666666666667
[2024-10-13 16:10:47,576][INFO] Step 11: size: 11, coverage: 46.33%, cost: 361.0, rand. prob: 0.5366666666666666
[2024-10-13 16:10:47,592][INFO] Step 12: size: 12, coverage: 49.00%, cost: 395.0, rand. prob: 0.51
[2024-10-13 16:10:47,609][INFO] Step 13: size: 13, coverage: 51.33%, cost: 491.0, rand. prob: 0.4866666666666667
[2024-10-13 16:10:47,625][INFO] Step 14: size: 14, coverage: 53.67%, cost: 510.0, rand. prob: 0.4633333333333334
[2024-10-13 16:10:47,641][INFO] Step 15: size: 15, coverage: 54.33%, cost: 529.0, rand. prob: 0.45666666666666667
[2024-10-13 16:10:47,658][INFO] Step 16: size: 16, coverage: 55.67%, cost: 539.0, rand. prob: 0.44333333333333336
[2024-10-13 16:10:47,674][INFO] Step 17: size: 17, coverage: 59.67%, cost: 540.0, rand. prob: 0.4033333333333333
[2024-10-13 16:10:47,691][INFO] Step 18: size: 18, coverage: 63.33%, cost: 541.0, rand. prob: 0.3666666666666667
[2024-10-13 16:10:47,707][INFO] Step 19: size: 19, coverage: 67.00%, cost: 542.0, rand. prob: 0.32999999999999996
[2024-10-13 16:10:47,723][INFO] Step 20: size: 20, coverage: 69.67%, cost: 543.0, rand. prob: 0.30333333333333334
[2024-10-13 16:10:47,738][INFO] Step 21: size: 21, coverage: 71.67%, cost: 544.0, rand. prob: 0.2833333333333333
[2024-10-13 16:10:47,754][INFO] Step 22: size: 22, coverage: 73.67%, cost: 545.0, rand. prob: 0.2633333333333333
[2024-10-13 16:10:47,770][INFO] Step 23: size: 23, coverage: 75.33%, cost: 546.0, rand. prob: 0.2466666666666667
[2024-10-13 16:10:47,786][INFO] Step 24: size: 24, coverage: 77.00%, cost: 547.0, rand. prob: 0.22999999999999998
[2024-10-13 16:10:47,802][INFO] Step 25: size: 25, coverage: 78.67%, cost: 548.0, rand. prob: 0.21333333333333337
[2024-10-13 16:10:47,817][INFO] Step 26: size: 26, coverage: 81.67%, cost: 550.0, rand. prob: 0.18333333333333335
[2024-10-13 16:10:47,833][INFO] Step 27: size: 27, coverage: 83.00%, cost: 551.0, rand. prob: 0.17000000000000004
[2024-10-13 16:10:47,849][INFO] Step 28: size: 28, coverage: 84.33%, cost: 552.0, rand. prob: 0.15666666666666662
[2024-10-13 16:10:47,864][INFO] Step 29: size: 29, coverage: 85.00%, cost: 598.0, rand. prob: 0.15000000000000002
[2024-10-13 16:10:47,880][INFO] Step 30: size: 30, coverage: 85.33%, cost: 599.0, rand. prob: 0.1466666666666666
[2024-10-13 16:10:47,896][INFO] Step 31: size: 31, coverage: 86.33%, cost: 600.0, rand. prob: 0.13666666666666671
[2024-10-13 16:10:47,911][INFO] Step 32: size: 32, coverage: 87.33%, cost: 601.0, rand. prob: 0.1266666666666667
[2024-10-13 16:10:47,927][INFO] Step 33: size: 33, coverage: 88.33%, cost: 602.0, rand. prob: 0.1166666666666667
[2024-10-13 16:10:47,943][INFO] Step 34: size: 34, coverage: 89.00%, cost: 603.0, rand. prob: 0.10999999999999999
[2024-10-13 16:10:47,959][INFO] Step 35: size: 35, coverage: 89.67%, cost: 604.0, rand. prob: 0.10333333333333339
[2024-10-13 16:10:47,974][INFO] Step 36: size: 36, coverage: 90.33%, cost: 605.0, rand. prob: 0.09666666666666668
[2024-10-13 16:10:47,990][INFO] Step 37: size: 37, coverage: 91.00%, cost: 606.0, rand. prob: 0.08999999999999997
[2024-10-13 16:10:48,006][INFO] Step 38: size: 38, coverage: 91.67%, cost: 607.0, rand. prob: 0.08333333333333337
[2024-10-13 16:10:48,022][INFO] Step 39: size: 39, coverage: 92.67%, cost: 609.0, rand. prob: 0.07333333333333336
[2024-10-13 16:10:48,037][INFO] Step 40: size: 40, coverage: 93.67%, cost: 611.0, rand. prob: 0.06333333333333335
[2024-10-13 16:10:48,053][INFO] Step 41: size: 41, coverage: 95.00%, cost: 614.0, rand. prob: 0.050000000000000044
[2024-10-13 16:10:48,069][INFO] Step 42: size: 42, coverage: 97.00%, cost: 619.0, rand. prob: 0.030000000000000027
[2024-10-13 16:10:48,084][INFO] Step 43: size: 43, coverage: 97.33%, cost: 620.0, rand. prob: 0.026666666666666616
[2024-10-13 16:10:48,100][INFO] Step 44: size: 44, coverage: 97.67%, cost: 621.0, rand. prob: 0.023333333333333317
[2024-10-13 16:10:48,115][INFO] Step 45: size: 45, coverage: 98.33%, cost: 623.0, rand. prob: 0.01666666666666672
[2024-10-13 16:10:48,131][INFO] Step 46: size: 46, coverage: 99.00%, cost: 626.0, rand. prob: 0.010000000000000009
[2024-10-13 16:10:48,147][INFO] Step 47: size: 47, coverage: 99.33%, cost: 628.0, rand. prob: 0.00666666666666671
[2024-10-13 16:10:48,163][INFO] Step 48: size: 48, coverage: 99.67%, cost: 631.0, rand. prob: 0.0033333333333332993
[2024-10-13 16:10:48,178][INFO] Step 49: size: 49, coverage: 100.00%, cost: 635.0, rand. prob: 0.0
[2024-10-13 16:10:48,179][INFO] Size: 49 -> 45
[2024-10-13 16:10:48,179][INFO] Cost: 635.0 -> 474.0
