[2024-10-13 15:18:46,299][INFO] Step 1: size: 1, coverage: 9.67%, cost: 13.0
[2024-10-13 15:18:46,310][INFO] Step 2: size: 2, coverage: 18.33%, cost: 18.0
[2024-10-13 15:18:46,320][INFO] Step 3: size: 3, coverage: 26.33%, cost: 112.0
[2024-10-13 15:18:46,332][INFO] Step 4: size: 4, coverage: 33.67%, cost: 120.0
[2024-10-13 15:18:46,343][INFO] Step 5: size: 5, coverage: 40.67%, cost: 178.0
[2024-10-13 15:18:46,353][INFO] Step 6: size: 6, coverage: 47.00%, cost: 185.0
[2024-10-13 15:18:46,364][INFO] Step 7: size: 7, coverage: 53.33%, cost: 193.0
[2024-10-13 15:18:46,375][INFO] Step 8: size: 8, coverage: 58.67%, cost: 200.0
[2024-10-13 15:18:46,386][INFO] Step 9: size: 9, coverage: 63.67%, cost: 256.0
[2024-10-13 15:18:46,396][INFO] Step 10: size: 10, coverage: 68.33%, cost: 260.0
[2024-10-13 15:18:46,407][INFO] Step 11: size: 11, coverage: 73.00%, cost: 334.0
[2024-10-13 15:18:46,417][INFO] Step 12: size: 12, coverage: 77.00%, cost: 414.0
[2024-10-13 15:18:46,427][INFO] Step 13: size: 13, coverage: 80.67%, cost: 422.0
[2024-10-13 15:18:46,437][INFO] Step 14: size: 14, coverage: 83.67%, cost: 463.0
[2024-10-13 15:18:46,448][INFO] Step 15: size: 15, coverage: 86.67%, cost: 548.0
[2024-10-13 15:18:46,458][INFO] Step 16: size: 16, coverage: 89.33%, cost: 581.0
[2024-10-13 15:18:46,468][INFO] Step 17: size: 17, coverage: 91.67%, cost: 601.0
[2024-10-13 15:18:46,478][INFO] Step 18: size: 18, coverage: 93.67%, cost: 686.0
[2024-10-13 15:18:46,489][INFO] Step 19: size: 19, coverage: 95.00%, cost: 689.0
[2024-10-13 15:18:46,499][INFO] Step 20: size: 20, coverage: 96.33%, cost: 697.0
[2024-10-13 15:18:46,509][INFO] Step 21: size: 21, coverage: 97.67%, cost: 774.0
[2024-10-13 15:18:46,520][INFO] Step 22: size: 22, coverage: 98.67%, cost: 804.0
[2024-10-13 15:18:46,530][INFO] Step 23: size: 23, coverage: 99.33%, cost: 810.0
[2024-10-13 15:18:46,542][INFO] Step 24: size: 24, coverage: 100.00%, cost: 821.0
[2024-10-13 15:18:46,542][INFO] Size: 24 -> 24
[2024-10-13 15:18:46,542][INFO] Cost: 821.0 -> 821.0
[2024-10-13 15:40:42,166][INFO] Step 1: size: 1, coverage: 5.67%, cost: 23.0
[2024-10-13 15:40:42,182][INFO] Step 2: size: 2, coverage: 10.67%, cost: 55.0
[2024-10-13 15:40:42,198][INFO] Step 3: size: 3, coverage: 15.33%, cost: 122.0
[2024-10-13 15:40:42,213][INFO] Step 4: size: 4, coverage: 18.67%, cost: 170.0
[2024-10-13 15:40:42,229][INFO] Step 5: size: 5, coverage: 19.33%, cost: 230.0
[2024-10-13 15:40:42,245][INFO] Step 6: size: 6, coverage: 22.33%, cost: 246.0
[2024-10-13 15:40:42,261][INFO] Step 7: size: 7, coverage: 26.00%, cost: 263.0
[2024-10-13 15:40:42,278][INFO] Step 8: size: 8, coverage: 28.33%, cost: 266.0
[2024-10-13 15:40:42,294][INFO] Step 9: size: 9, coverage: 31.00%, cost: 356.0
[2024-10-13 15:40:42,310][INFO] Step 10: size: 10, coverage: 34.67%, cost: 404.0
[2024-10-13 15:40:42,327][INFO] Step 11: size: 11, coverage: 38.00%, cost: 481.0
[2024-10-13 15:40:42,343][INFO] Step 12: size: 12, coverage: 42.00%, cost: 523.0
[2024-10-13 15:40:42,360][INFO] Step 13: size: 13, coverage: 43.67%, cost: 562.0
[2024-10-13 15:40:42,376][INFO] Step 14: size: 14, coverage: 46.67%, cost: 637.0
[2024-10-13 15:40:42,393][INFO] Step 15: size: 15, coverage: 49.33%, cost: 711.0
[2024-10-13 15:40:42,410][INFO] Step 16: size: 16, coverage: 52.33%, cost: 786.0
[2024-10-13 15:40:42,426][INFO] Step 17: size: 17, coverage: 55.33%, cost: 831.0
[2024-10-13 15:40:42,443][INFO] Step 18: size: 18, coverage: 56.33%, cost: 881.0
[2024-10-13 15:40:42,460][INFO] Step 19: size: 19, coverage: 57.33%, cost: 928.0
[2024-10-13 15:40:42,476][INFO] Step 20: size: 20, coverage: 59.00%, cost: 983.0
[2024-10-13 15:40:42,493][INFO] Step 21: size: 21, coverage: 61.67%, cost: 1012.0
[2024-10-13 15:40:42,510][INFO] Step 22: size: 22, coverage: 63.67%, cost: 1028.0
[2024-10-13 15:40:42,527][INFO] Step 23: size: 23, coverage: 65.67%, cost: 1072.0
[2024-10-13 15:40:42,543][INFO] Step 24: size: 24, coverage: 69.00%, cost: 1076.0
[2024-10-13 15:40:42,560][INFO] Step 25: size: 25, coverage: 70.00%, cost: 1138.0
[2024-10-13 15:40:42,577][INFO] Step 26: size: 26, coverage: 71.33%, cost: 1162.0
[2024-10-13 15:40:42,593][INFO] Step 27: size: 27, coverage: 73.67%, cost: 1257.0
[2024-10-13 15:40:42,610][INFO] Step 28: size: 28, coverage: 75.67%, cost: 1271.0
[2024-10-13 15:40:42,628][INFO] Step 29: size: 29, coverage: 77.33%, cost: 1272.0
[2024-10-13 15:40:42,645][INFO] Step 30: size: 30, coverage: 78.33%, cost: 1371.0
[2024-10-13 15:40:42,662][INFO] Step 31: size: 31, coverage: 79.00%, cost: 1449.0
[2024-10-13 15:40:42,679][INFO] Step 32: size: 32, coverage: 80.00%, cost: 1548.0
[2024-10-13 15:40:42,696][INFO] Step 33: size: 33, coverage: 80.33%, cost: 1581.0
[2024-10-13 15:40:42,712][INFO] Step 34: size: 34, coverage: 80.67%, cost: 1586.0
[2024-10-13 15:40:42,729][INFO] Step 35: size: 35, coverage: 81.33%, cost: 1686.0
[2024-10-13 15:40:42,746][INFO] Step 36: size: 36, coverage: 82.00%, cost: 1764.0
[2024-10-13 15:40:42,763][INFO] Step 37: size: 37, coverage: 82.67%, cost: 1771.0
[2024-10-13 15:40:42,780][INFO] Step 38: size: 38, coverage: 84.33%, cost: 1830.0
[2024-10-13 15:40:42,797][INFO] Step 39: size: 39, coverage: 85.33%, cost: 1842.0
[2024-10-13 15:40:42,815][INFO] Step 40: size: 40, coverage: 85.67%, cost: 1877.0
[2024-10-13 15:40:42,832][INFO] Step 41: size: 41, coverage: 87.67%, cost: 1956.0
[2024-10-13 15:40:42,849][INFO] Step 42: size: 42, coverage: 88.33%, cost: 1985.0
[2024-10-13 15:40:42,866][INFO] Step 43: size: 43, coverage: 89.00%, cost: 1989.0
[2024-10-13 15:40:42,883][INFO] Step 44: size: 44, coverage: 89.33%, cost: 2026.0
[2024-10-13 15:40:42,900][INFO] Step 45: size: 45, coverage: 90.00%, cost: 2072.0
[2024-10-13 15:40:42,918][INFO] Step 46: size: 46, coverage: 91.00%, cost: 2134.0
[2024-10-13 15:40:42,936][INFO] Step 47: size: 47, coverage: 92.33%, cost: 2159.0
[2024-10-13 15:40:42,953][INFO] Step 48: size: 48, coverage: 92.67%, cost: 2229.0
[2024-10-13 15:40:42,971][INFO] Step 49: size: 49, coverage: 93.67%, cost: 2312.0
[2024-10-13 15:40:42,988][INFO] Step 50: size: 50, coverage: 94.00%, cost: 2366.0
[2024-10-13 15:40:43,006][INFO] Step 51: size: 51, coverage: 94.33%, cost: 2406.0
[2024-10-13 15:40:43,023][INFO] Step 52: size: 52, coverage: 94.67%, cost: 2505.0
[2024-10-13 15:40:43,040][INFO] Step 53: size: 53, coverage: 95.33%, cost: 2576.0
[2024-10-13 15:40:43,057][INFO] Step 54: size: 54, coverage: 96.33%, cost: 2592.0
[2024-10-13 15:40:43,075][INFO] Step 55: size: 55, coverage: 97.00%, cost: 2640.0
[2024-10-13 15:40:43,092][INFO] Step 56: size: 56, coverage: 97.33%, cost: 2731.0
[2024-10-13 15:40:43,109][INFO] Step 57: size: 57, coverage: 97.67%, cost: 2739.0
[2024-10-13 15:40:43,127][INFO] Step 58: size: 58, coverage: 98.67%, cost: 2832.0
[2024-10-13 15:40:43,144][INFO] Step 59: size: 59, coverage: 99.00%, cost: 2893.0
[2024-10-13 15:40:43,162][INFO] Step 60: size: 60, coverage: 99.33%, cost: 2978.0
[2024-10-13 15:40:43,180][INFO] Step 61: size: 61, coverage: 99.67%, cost: 3008.0
[2024-10-13 15:40:43,198][INFO] Step 62: size: 62, coverage: 100.00%, cost: 3106.0
[2024-10-13 15:40:43,198][INFO] Solved solution used 62 random steps
[2024-10-13 15:40:43,198][INFO] Current randomization probability: 0.0
[2024-10-13 15:40:43,198][INFO] Solved solution used 62 random steps
[2024-10-13 15:40:43,200][INFO] Size: 62 -> 55
[2024-10-13 15:40:43,200][INFO] Cost: 3106.0 -> 2705.0
[2024-10-13 15:59:20,289][INFO] Step 1: size: 1, coverage: 4.33%, cost: 56.0, rand. prob: 0.9566666666666667
[2024-10-13 15:59:20,304][INFO] Step 2: size: 2, coverage: 10.00%, cost: 147.0, rand. prob: 0.9
[2024-10-13 15:59:20,320][INFO] Step 3: size: 3, coverage: 14.00%, cost: 228.0, rand. prob: 0.86
[2024-10-13 15:59:20,336][INFO] Step 4: size: 4, coverage: 18.00%, cost: 243.0, rand. prob: 0.8200000000000001
[2024-10-13 15:59:20,352][INFO] Step 5: size: 5, coverage: 23.33%, cost: 289.0, rand. prob: 0.7666666666666666
[2024-10-13 15:59:20,369][INFO] Step 6: size: 6, coverage: 26.33%, cost: 364.0, rand. prob: 0.7366666666666667
[2024-10-13 15:59:20,385][INFO] Step 7: size: 7, coverage: 30.33%, cost: 392.0, rand. prob: 0.6966666666666667
[2024-10-13 15:59:20,401][INFO] Step 8: size: 8, coverage: 35.00%, cost: 419.0, rand. prob: 0.65
[2024-10-13 15:59:20,417][INFO] Step 9: size: 9, coverage: 39.67%, cost: 420.0, rand. prob: 0.6033333333333333
[2024-10-13 15:59:20,434][INFO] Step 10: size: 10, coverage: 44.33%, cost: 421.0, rand. prob: 0.5566666666666666
[2024-10-13 15:59:20,450][INFO] Step 11: size: 11, coverage: 48.67%, cost: 493.0, rand. prob: 0.5133333333333333
[2024-10-13 15:59:20,466][INFO] Step 12: size: 12, coverage: 50.67%, cost: 563.0, rand. prob: 0.4933333333333333
[2024-10-13 15:59:20,483][INFO] Step 13: size: 13, coverage: 53.00%, cost: 636.0, rand. prob: 0.47
[2024-10-13 15:59:20,499][INFO] Step 14: size: 14, coverage: 56.67%, cost: 637.0, rand. prob: 0.43333333333333335
[2024-10-13 15:59:20,516][INFO] Step 15: size: 15, coverage: 58.00%, cost: 691.0, rand. prob: 0.42000000000000004
[2024-10-13 15:59:20,532][INFO] Step 16: size: 16, coverage: 61.33%, cost: 692.0, rand. prob: 0.3866666666666667
[2024-10-13 15:59:20,548][INFO] Step 17: size: 17, coverage: 63.33%, cost: 765.0, rand. prob: 0.3666666666666667
[2024-10-13 15:59:20,564][INFO] Step 18: size: 18, coverage: 66.33%, cost: 766.0, rand. prob: 0.33666666666666667
[2024-10-13 15:59:20,580][INFO] Step 19: size: 19, coverage: 69.00%, cost: 767.0, rand. prob: 0.31000000000000005
[2024-10-13 15:59:20,596][INFO] Step 20: size: 20, coverage: 71.67%, cost: 768.0, rand. prob: 0.2833333333333333
[2024-10-13 15:59:20,612][INFO] Step 21: size: 21, coverage: 74.00%, cost: 769.0, rand. prob: 0.26
[2024-10-13 15:59:20,628][INFO] Step 22: size: 22, coverage: 76.00%, cost: 770.0, rand. prob: 0.24
[2024-10-13 15:59:20,644][INFO] Step 23: size: 23, coverage: 77.67%, cost: 771.0, rand. prob: 0.22333333333333338
[2024-10-13 15:59:20,660][INFO] Step 24: size: 24, coverage: 78.67%, cost: 776.0, rand. prob: 0.21333333333333337
[2024-10-13 15:59:20,676][INFO] Step 25: size: 25, coverage: 80.33%, cost: 777.0, rand. prob: 0.19666666666666666
[2024-10-13 15:59:20,692][INFO] Step 26: size: 26, coverage: 81.67%, cost: 778.0, rand. prob: 0.18333333333333335
[2024-10-13 15:59:20,708][INFO] Step 27: size: 27, coverage: 83.00%, cost: 779.0, rand. prob: 0.17000000000000004
[2024-10-13 15:59:20,723][INFO] Step 28: size: 28, coverage: 84.33%, cost: 780.0, rand. prob: 0.15666666666666662
[2024-10-13 15:59:20,739][INFO] Step 29: size: 29, coverage: 85.33%, cost: 781.0, rand. prob: 0.1466666666666666
[2024-10-13 15:59:20,755][INFO] Step 30: size: 30, coverage: 86.33%, cost: 782.0, rand. prob: 0.13666666666666671
[2024-10-13 15:59:20,771][INFO] Step 31: size: 31, coverage: 87.33%, cost: 783.0, rand. prob: 0.1266666666666667
[2024-10-13 15:59:20,787][INFO] Step 32: size: 32, coverage: 89.67%, cost: 786.0, rand. prob: 0.10333333333333339
[2024-10-13 15:59:20,803][INFO] Step 33: size: 33, coverage: 90.33%, cost: 787.0, rand. prob: 0.09666666666666668
[2024-10-13 15:59:20,819][INFO] Step 34: size: 34, coverage: 91.00%, cost: 788.0, rand. prob: 0.08999999999999997
[2024-10-13 15:59:20,835][INFO] Step 35: size: 35, coverage: 91.67%, cost: 789.0, rand. prob: 0.08333333333333337
[2024-10-13 15:59:20,852][INFO] Step 36: size: 36, coverage: 92.33%, cost: 790.0, rand. prob: 0.07666666666666666
[2024-10-13 15:59:20,868][INFO] Step 37: size: 37, coverage: 92.67%, cost: 890.0, rand. prob: 0.07333333333333336
[2024-10-13 15:59:20,884][INFO] Step 38: size: 38, coverage: 93.67%, cost: 892.0, rand. prob: 0.06333333333333335
[2024-10-13 15:59:20,900][INFO] Step 39: size: 39, coverage: 94.00%, cost: 893.0, rand. prob: 0.06000000000000005
[2024-10-13 15:59:20,915][INFO] Step 40: size: 40, coverage: 94.33%, cost: 894.0, rand. prob: 0.05666666666666664
[2024-10-13 15:59:20,931][INFO] Step 41: size: 41, coverage: 94.67%, cost: 895.0, rand. prob: 0.053333333333333344
[2024-10-13 15:59:20,947][INFO] Step 42: size: 42, coverage: 95.00%, cost: 896.0, rand. prob: 0.050000000000000044
[2024-10-13 15:59:20,963][INFO] Step 43: size: 43, coverage: 95.33%, cost: 939.0, rand. prob: 0.046666666666666634
[2024-10-13 15:59:20,979][INFO] Step 44: size: 44, coverage: 96.00%, cost: 941.0, rand. prob: 0.040000000000000036
[2024-10-13 15:59:20,995][INFO] Step 45: size: 45, coverage: 96.67%, cost: 944.0, rand. prob: 0.033333333333333326
[2024-10-13 15:59:21,011][INFO] Step 46: size: 46, coverage: 97.33%, cost: 947.0, rand. prob: 0.026666666666666616
[2024-10-13 15:59:21,027][INFO] Step 47: size: 47, coverage: 97.67%, cost: 949.0, rand. prob: 0.023333333333333317
[2024-10-13 15:59:21,043][INFO] Step 48: size: 48, coverage: 98.00%, cost: 951.0, rand. prob: 0.020000000000000018
[2024-10-13 15:59:21,059][INFO] Step 49: size: 49, coverage: 98.67%, cost: 956.0, rand. prob: 0.013333333333333308
[2024-10-13 15:59:21,075][INFO] Step 50: size: 50, coverage: 99.33%, cost: 961.0, rand. prob: 0.00666666666666671
[2024-10-13 15:59:21,091][INFO] Step 51: size: 51, coverage: 99.67%, cost: 964.0, rand. prob: 0.0033333333333332993
[2024-10-13 15:59:21,107][INFO] Step 52: size: 52, coverage: 100.00%, cost: 967.0, rand. prob: 0.0
[2024-10-13 15:59:21,109][INFO] Size: 52 -> 47
[2024-10-13 15:59:21,109][INFO] Cost: 967.0 -> 783.0
[2024-10-13 16:05:18,719][INFO] Step 1: size: 1, coverage: 4.67%, cost: 47.0, rand. prob: 0.9533333333333334
[2024-10-13 16:05:18,735][INFO] Step 2: size: 2, coverage: 9.00%, cost: 135.0, rand. prob: 0.91
[2024-10-13 16:05:18,751][INFO] Step 3: size: 3, coverage: 13.33%, cost: 141.0, rand. prob: 0.8666666666666667
[2024-10-13 16:05:18,767][INFO] Step 4: size: 4, coverage: 17.00%, cost: 185.0, rand. prob: 0.83
[2024-10-13 16:05:18,783][INFO] Step 5: size: 5, coverage: 22.67%, cost: 186.0, rand. prob: 0.7733333333333333
[2024-10-13 16:05:18,800][INFO] Step 6: size: 6, coverage: 27.67%, cost: 266.0, rand. prob: 0.7233333333333334
[2024-10-13 16:05:18,816][INFO] Step 7: size: 7, coverage: 29.33%, cost: 269.0, rand. prob: 0.7066666666666667
[2024-10-13 16:05:18,832][INFO] Step 8: size: 8, coverage: 33.00%, cost: 291.0, rand. prob: 0.6699999999999999
[2024-10-13 16:05:18,849][INFO] Step 9: size: 9, coverage: 35.67%, cost: 294.0, rand. prob: 0.6433333333333333
[2024-10-13 16:05:18,865][INFO] Step 10: size: 10, coverage: 39.00%, cost: 366.0, rand. prob: 0.61
[2024-10-13 16:05:18,882][INFO] Step 11: size: 11, coverage: 42.00%, cost: 431.0, rand. prob: 0.5800000000000001
[2024-10-13 16:05:18,899][INFO] Step 12: size: 12, coverage: 46.00%, cost: 432.0, rand. prob: 0.54
[2024-10-13 16:05:18,915][INFO] Step 13: size: 13, coverage: 49.67%, cost: 509.0, rand. prob: 0.5033333333333334
[2024-10-13 16:05:18,932][INFO] Step 14: size: 14, coverage: 51.67%, cost: 547.0, rand. prob: 0.4833333333333333
[2024-10-13 16:05:18,949][INFO] Step 15: size: 15, coverage: 55.33%, cost: 631.0, rand. prob: 0.44666666666666666
[2024-10-13 16:05:18,966][INFO] Step 16: size: 16, coverage: 58.67%, cost: 632.0, rand. prob: 0.41333333333333333
[2024-10-13 16:05:18,982][INFO] Step 17: size: 17, coverage: 61.33%, cost: 633.0, rand. prob: 0.3866666666666667
[2024-10-13 16:05:18,998][INFO] Step 18: size: 18, coverage: 63.67%, cost: 634.0, rand. prob: 0.3633333333333333
[2024-10-13 16:05:19,015][INFO] Step 19: size: 19, coverage: 66.00%, cost: 723.0, rand. prob: 0.33999999999999997
[2024-10-13 16:05:19,031][INFO] Step 20: size: 20, coverage: 68.00%, cost: 724.0, rand. prob: 0.31999999999999995
[2024-10-13 16:05:19,047][INFO] Step 21: size: 21, coverage: 70.00%, cost: 725.0, rand. prob: 0.30000000000000004
[2024-10-13 16:05:19,064][INFO] Step 22: size: 22, coverage: 72.00%, cost: 726.0, rand. prob: 0.28
[2024-10-13 16:05:19,080][INFO] Step 23: size: 23, coverage: 74.00%, cost: 727.0, rand. prob: 0.26
[2024-10-13 16:05:19,096][INFO] Step 24: size: 24, coverage: 74.67%, cost: 806.0, rand. prob: 0.2533333333333333
[2024-10-13 16:05:19,112][INFO] Step 25: size: 25, coverage: 76.33%, cost: 807.0, rand. prob: 0.2366666666666667
[2024-10-13 16:05:19,129][INFO] Step 26: size: 26, coverage: 79.33%, cost: 809.0, rand. prob: 0.20666666666666667
[2024-10-13 16:05:19,145][INFO] Step 27: size: 27, coverage: 80.67%, cost: 810.0, rand. prob: 0.19333333333333336
[2024-10-13 16:05:19,161][INFO] Step 28: size: 28, coverage: 82.00%, cost: 811.0, rand. prob: 0.18000000000000005
[2024-10-13 16:05:19,177][INFO] Step 29: size: 29, coverage: 83.00%, cost: 812.0, rand. prob: 0.17000000000000004
[2024-10-13 16:05:19,193][INFO] Step 30: size: 30, coverage: 84.00%, cost: 813.0, rand. prob: 0.16000000000000003
[2024-10-13 16:05:19,209][INFO] Step 31: size: 31, coverage: 85.00%, cost: 814.0, rand. prob: 0.15000000000000002
[2024-10-13 16:05:19,225][INFO] Step 32: size: 32, coverage: 87.33%, cost: 817.0, rand. prob: 0.1266666666666667
[2024-10-13 16:05:19,241][INFO] Step 33: size: 33, coverage: 88.00%, cost: 818.0, rand. prob: 0.12
[2024-10-13 16:05:19,258][INFO] Step 34: size: 34, coverage: 88.33%, cost: 886.0, rand. prob: 0.1166666666666667
[2024-10-13 16:05:19,274][INFO] Step 35: size: 35, coverage: 89.00%, cost: 887.0, rand. prob: 0.10999999999999999
[2024-10-13 16:05:19,290][INFO] Step 36: size: 36, coverage: 89.67%, cost: 888.0, rand. prob: 0.10333333333333339
[2024-10-13 16:05:19,306][INFO] Step 37: size: 37, coverage: 91.00%, cost: 890.0, rand. prob: 0.08999999999999997
[2024-10-13 16:05:19,322][INFO] Step 38: size: 38, coverage: 92.00%, cost: 892.0, rand. prob: 0.07999999999999996
[2024-10-13 16:05:19,338][INFO] Step 39: size: 39, coverage: 93.00%, cost: 894.0, rand. prob: 0.06999999999999995
[2024-10-13 16:05:19,355][INFO] Step 40: size: 40, coverage: 94.00%, cost: 896.0, rand. prob: 0.06000000000000005
[2024-10-13 16:05:19,371][INFO] Step 41: size: 41, coverage: 94.33%, cost: 897.0, rand. prob: 0.05666666666666664
[2024-10-13 16:05:19,387][INFO] Step 42: size: 42, coverage: 94.67%, cost: 898.0, rand. prob: 0.053333333333333344
[2024-10-13 16:05:19,403][INFO] Step 43: size: 43, coverage: 95.00%, cost: 899.0, rand. prob: 0.050000000000000044
[2024-10-13 16:05:19,419][INFO] Step 44: size: 44, coverage: 95.33%, cost: 900.0, rand. prob: 0.046666666666666634
[2024-10-13 16:05:19,436][INFO] Step 45: size: 45, coverage: 95.67%, cost: 901.0, rand. prob: 0.043333333333333335
[2024-10-13 16:05:19,452][INFO] Step 46: size: 46, coverage: 96.33%, cost: 903.0, rand. prob: 0.036666666666666625
[2024-10-13 16:05:19,468][INFO] Step 47: size: 47, coverage: 97.33%, cost: 907.0, rand. prob: 0.026666666666666616
[2024-10-13 16:05:19,484][INFO] Step 48: size: 48, coverage: 98.00%, cost: 910.0, rand. prob: 0.020000000000000018
[2024-10-13 16:05:19,501][INFO] Step 49: size: 49, coverage: 98.33%, cost: 912.0, rand. prob: 0.01666666666666672
[2024-10-13 16:05:19,517][INFO] Step 50: size: 50, coverage: 98.67%, cost: 914.0, rand. prob: 0.013333333333333308
[2024-10-13 16:05:19,533][INFO] Step 51: size: 51, coverage: 99.00%, cost: 917.0, rand. prob: 0.010000000000000009
[2024-10-13 16:05:19,550][INFO] Step 52: size: 52, coverage: 99.67%, cost: 923.0, rand. prob: 0.0033333333333332993
[2024-10-13 16:05:19,566][INFO] Step 53: size: 53, coverage: 100.00%, cost: 927.0, rand. prob: 0.0
[2024-10-13 16:05:19,567][INFO] Size: 53 -> 48
[2024-10-13 16:05:19,567][INFO] Cost: 927.0 -> 918.0
[2024-10-13 16:10:49,133][INFO] Step 1: size: 1, coverage: 4.67%, cost: 47.0, rand. prob: 0.9533333333333334
[2024-10-13 16:10:49,149][INFO] Step 2: size: 2, coverage: 9.00%, cost: 135.0, rand. prob: 0.91
[2024-10-13 16:10:49,164][INFO] Step 3: size: 3, coverage: 13.33%, cost: 141.0, rand. prob: 0.8666666666666667
[2024-10-13 16:10:49,180][INFO] Step 4: size: 4, coverage: 17.00%, cost: 185.0, rand. prob: 0.83
[2024-10-13 16:10:49,196][INFO] Step 5: size: 5, coverage: 22.67%, cost: 186.0, rand. prob: 0.7733333333333333
[2024-10-13 16:10:49,212][INFO] Step 6: size: 6, coverage: 27.67%, cost: 266.0, rand. prob: 0.7233333333333334
[2024-10-13 16:10:49,227][INFO] Step 7: size: 7, coverage: 29.33%, cost: 269.0, rand. prob: 0.7066666666666667
[2024-10-13 16:10:49,244][INFO] Step 8: size: 8, coverage: 33.00%, cost: 291.0, rand. prob: 0.6699999999999999
[2024-10-13 16:10:49,260][INFO] Step 9: size: 9, coverage: 35.67%, cost: 294.0, rand. prob: 0.6433333333333333
[2024-10-13 16:10:49,276][INFO] Step 10: size: 10, coverage: 39.00%, cost: 366.0, rand. prob: 0.61
[2024-10-13 16:10:49,292][INFO] Step 11: size: 11, coverage: 42.00%, cost: 431.0, rand. prob: 0.5800000000000001
[2024-10-13 16:10:49,308][INFO] Step 12: size: 12, coverage: 46.00%, cost: 432.0, rand. prob: 0.54
[2024-10-13 16:10:49,324][INFO] Step 13: size: 13, coverage: 49.67%, cost: 509.0, rand. prob: 0.5033333333333334
[2024-10-13 16:10:49,341][INFO] Step 14: size: 14, coverage: 51.67%, cost: 547.0, rand. prob: 0.4833333333333333
[2024-10-13 16:10:49,357][INFO] Step 15: size: 15, coverage: 55.33%, cost: 631.0, rand. prob: 0.44666666666666666
[2024-10-13 16:10:49,373][INFO] Step 16: size: 16, coverage: 58.67%, cost: 632.0, rand. prob: 0.41333333333333333
[2024-10-13 16:10:49,389][INFO] Step 17: size: 17, coverage: 61.33%, cost: 633.0, rand. prob: 0.3866666666666667
[2024-10-13 16:10:49,405][INFO] Step 18: size: 18, coverage: 63.67%, cost: 634.0, rand. prob: 0.3633333333333333
[2024-10-13 16:10:49,421][INFO] Step 19: size: 19, coverage: 66.00%, cost: 723.0, rand. prob: 0.33999999999999997
[2024-10-13 16:10:49,437][INFO] Step 20: size: 20, coverage: 68.00%, cost: 724.0, rand. prob: 0.31999999999999995
[2024-10-13 16:10:49,453][INFO] Step 21: size: 21, coverage: 70.00%, cost: 725.0, rand. prob: 0.30000000000000004
[2024-10-13 16:10:49,468][INFO] Step 22: size: 22, coverage: 72.00%, cost: 726.0, rand. prob: 0.28
[2024-10-13 16:10:49,484][INFO] Step 23: size: 23, coverage: 74.00%, cost: 727.0, rand. prob: 0.26
[2024-10-13 16:10:49,500][INFO] Step 24: size: 24, coverage: 74.67%, cost: 806.0, rand. prob: 0.2533333333333333
[2024-10-13 16:10:49,515][INFO] Step 25: size: 25, coverage: 76.33%, cost: 807.0, rand. prob: 0.2366666666666667
[2024-10-13 16:10:49,531][INFO] Step 26: size: 26, coverage: 79.33%, cost: 809.0, rand. prob: 0.20666666666666667
[2024-10-13 16:10:49,547][INFO] Step 27: size: 27, coverage: 80.67%, cost: 810.0, rand. prob: 0.19333333333333336
[2024-10-13 16:10:49,563][INFO] Step 28: size: 28, coverage: 82.00%, cost: 811.0, rand. prob: 0.18000000000000005
[2024-10-13 16:10:49,578][INFO] Step 29: size: 29, coverage: 83.00%, cost: 812.0, rand. prob: 0.17000000000000004
[2024-10-13 16:10:49,594][INFO] Step 30: size: 30, coverage: 84.00%, cost: 813.0, rand. prob: 0.16000000000000003
[2024-10-13 16:10:49,609][INFO] Step 31: size: 31, coverage: 85.00%, cost: 814.0, rand. prob: 0.15000000000000002
[2024-10-13 16:10:49,625][INFO] Step 32: size: 32, coverage: 87.33%, cost: 817.0, rand. prob: 0.1266666666666667
[2024-10-13 16:10:49,640][INFO] Step 33: size: 33, coverage: 88.00%, cost: 818.0, rand. prob: 0.12
[2024-10-13 16:10:49,656][INFO] Step 34: size: 34, coverage: 88.33%, cost: 886.0, rand. prob: 0.1166666666666667
[2024-10-13 16:10:49,672][INFO] Step 35: size: 35, coverage: 89.00%, cost: 887.0, rand. prob: 0.10999999999999999
[2024-10-13 16:10:49,687][INFO] Step 36: size: 36, coverage: 89.67%, cost: 888.0, rand. prob: 0.10333333333333339
[2024-10-13 16:10:49,703][INFO] Step 37: size: 37, coverage: 91.00%, cost: 890.0, rand. prob: 0.08999999999999997
[2024-10-13 16:10:49,719][INFO] Step 38: size: 38, coverage: 92.00%, cost: 892.0, rand. prob: 0.07999999999999996
[2024-10-13 16:10:49,734][INFO] Step 39: size: 39, coverage: 93.00%, cost: 894.0, rand. prob: 0.06999999999999995
[2024-10-13 16:10:49,750][INFO] Step 40: size: 40, coverage: 94.00%, cost: 896.0, rand. prob: 0.06000000000000005
[2024-10-13 16:10:49,766][INFO] Step 41: size: 41, coverage: 94.33%, cost: 897.0, rand. prob: 0.05666666666666664
[2024-10-13 16:10:49,782][INFO] Step 42: size: 42, coverage: 94.67%, cost: 898.0, rand. prob: 0.053333333333333344
[2024-10-13 16:10:49,797][INFO] Step 43: size: 43, coverage: 95.00%, cost: 899.0, rand. prob: 0.050000000000000044
[2024-10-13 16:10:49,813][INFO] Step 44: size: 44, coverage: 95.33%, cost: 900.0, rand. prob: 0.046666666666666634
[2024-10-13 16:10:49,829][INFO] Step 45: size: 45, coverage: 95.67%, cost: 901.0, rand. prob: 0.043333333333333335
[2024-10-13 16:10:49,845][INFO] Step 46: size: 46, coverage: 96.33%, cost: 903.0, rand. prob: 0.036666666666666625
[2024-10-13 16:10:49,861][INFO] Step 47: size: 47, coverage: 97.33%, cost: 907.0, rand. prob: 0.026666666666666616
[2024-10-13 16:10:49,876][INFO] Step 48: size: 48, coverage: 98.00%, cost: 910.0, rand. prob: 0.020000000000000018
[2024-10-13 16:10:49,892][INFO] Step 49: size: 49, coverage: 98.33%, cost: 912.0, rand. prob: 0.01666666666666672
[2024-10-13 16:10:49,908][INFO] Step 50: size: 50, coverage: 98.67%, cost: 914.0, rand. prob: 0.013333333333333308
[2024-10-13 16:10:49,924][INFO] Step 51: size: 51, coverage: 99.00%, cost: 917.0, rand. prob: 0.010000000000000009
[2024-10-13 16:10:49,940][INFO] Step 52: size: 52, coverage: 99.67%, cost: 923.0, rand. prob: 0.0033333333333332993
[2024-10-13 16:10:49,956][INFO] Step 53: size: 53, coverage: 100.00%, cost: 927.0, rand. prob: 0.0
[2024-10-13 16:10:49,958][INFO] Size: 53 -> 48
[2024-10-13 16:10:49,958][INFO] Cost: 927.0 -> 918.0
