[2024-10-13 15:18:47,648][INFO] Step 1: size: 1, coverage: 5.00%, cost: 35.0
[2024-10-13 15:18:47,664][INFO] Step 2: size: 2, coverage: 9.50%, cost: 69.0
[2024-10-13 15:18:47,680][INFO] Step 3: size: 3, coverage: 14.00%, cost: 168.0
[2024-10-13 15:18:47,696][INFO] Step 4: size: 4, coverage: 18.25%, cost: 238.0
[2024-10-13 15:18:47,711][INFO] Step 5: size: 5, coverage: 22.25%, cost: 260.0
[2024-10-13 15:18:47,727][INFO] Step 6: size: 6, coverage: 26.25%, cost: 305.0
[2024-10-13 15:18:47,758][INFO] Step 7: size: 7, coverage: 30.00%, cost: 345.0
[2024-10-13 15:18:47,774][INFO] Step 8: size: 8, coverage: 33.75%, cost: 409.0
[2024-10-13 15:18:47,790][INFO] Step 9: size: 9, coverage: 37.25%, cost: 484.0
[2024-10-13 15:18:47,806][INFO] Step 10: size: 10, coverage: 40.50%, cost: 503.0
[2024-10-13 15:18:47,822][INFO] Step 11: size: 11, coverage: 43.75%, cost: 575.0
[2024-10-13 15:18:47,839][INFO] Step 12: size: 12, coverage: 46.75%, cost: 577.0
[2024-10-13 15:18:47,855][INFO] Step 13: size: 13, coverage: 49.75%, cost: 579.0
[2024-10-13 15:18:47,870][INFO] Step 14: size: 14, coverage: 52.75%, cost: 647.0
[2024-10-13 15:18:47,886][INFO] Step 15: size: 15, coverage: 55.25%, cost: 653.0
[2024-10-13 15:18:47,902][INFO] Step 16: size: 16, coverage: 57.75%, cost: 663.0
[2024-10-13 15:18:47,918][INFO] Step 17: size: 17, coverage: 60.25%, cost: 711.0
[2024-10-13 15:18:47,933][INFO] Step 18: size: 18, coverage: 62.75%, cost: 786.0
[2024-10-13 15:18:47,949][INFO] Step 19: size: 19, coverage: 65.00%, cost: 804.0
[2024-10-13 15:18:47,966][INFO] Step 20: size: 20, coverage: 67.25%, cost: 868.0
[2024-10-13 15:18:47,982][INFO] Step 21: size: 21, coverage: 69.25%, cost: 889.0
[2024-10-13 15:18:47,999][INFO] Step 22: size: 22, coverage: 71.25%, cost: 930.0
[2024-10-13 15:18:48,015][INFO] Step 23: size: 23, coverage: 73.25%, cost: 984.0
[2024-10-13 15:18:48,032][INFO] Step 24: size: 24, coverage: 75.25%, cost: 1071.0
[2024-10-13 15:18:48,048][INFO] Step 25: size: 25, coverage: 77.00%, cost: 1074.0
[2024-10-13 15:18:48,064][INFO] Step 26: size: 26, coverage: 78.75%, cost: 1099.0
[2024-10-13 15:18:48,081][INFO] Step 27: size: 27, coverage: 80.50%, cost: 1178.0
[2024-10-13 15:18:48,096][INFO] Step 28: size: 28, coverage: 82.25%, cost: 1267.0
[2024-10-13 15:18:48,113][INFO] Step 29: size: 29, coverage: 83.75%, cost: 1284.0
[2024-10-13 15:18:48,129][INFO] Step 30: size: 30, coverage: 85.25%, cost: 1308.0
[2024-10-13 15:18:48,145][INFO] Step 31: size: 31, coverage: 86.75%, cost: 1382.0
[2024-10-13 15:18:48,161][INFO] Step 32: size: 32, coverage: 88.00%, cost: 1385.0
[2024-10-13 15:18:48,177][INFO] Step 33: size: 33, coverage: 89.25%, cost: 1416.0
[2024-10-13 15:18:48,193][INFO] Step 34: size: 34, coverage: 90.50%, cost: 1471.0
[2024-10-13 15:18:48,210][INFO] Step 35: size: 35, coverage: 91.75%, cost: 1549.0
[2024-10-13 15:18:48,227][INFO] Step 36: size: 36, coverage: 92.75%, cost: 1550.0
[2024-10-13 15:18:48,243][INFO] Step 37: size: 37, coverage: 93.75%, cost: 1556.0
[2024-10-13 15:18:48,260][INFO] Step 38: size: 38, coverage: 94.75%, cost: 1574.0
[2024-10-13 15:18:48,277][INFO] Step 39: size: 39, coverage: 95.75%, cost: 1669.0
[2024-10-13 15:18:48,294][INFO] Step 40: size: 40, coverage: 96.50%, cost: 1731.0
[2024-10-13 15:18:48,310][INFO] Step 41: size: 41, coverage: 97.25%, cost: 1800.0
[2024-10-13 15:18:48,327][INFO] Step 42: size: 42, coverage: 97.75%, cost: 1801.0
[2024-10-13 15:18:48,344][INFO] Step 43: size: 43, coverage: 98.25%, cost: 1805.0
[2024-10-13 15:18:48,361][INFO] Step 44: size: 44, coverage: 98.75%, cost: 1814.0
[2024-10-13 15:18:48,379][INFO] Step 45: size: 45, coverage: 99.25%, cost: 1827.0
[2024-10-13 15:18:48,396][INFO] Step 46: size: 46, coverage: 99.75%, cost: 1841.0
[2024-10-13 15:18:48,414][INFO] Step 47: size: 47, coverage: 100.00%, cost: 1843.0
[2024-10-13 15:18:48,415][INFO] Size: 47 -> 47
[2024-10-13 15:18:48,416][INFO] Cost: 1843.0 -> 1843.0
[2024-10-13 15:40:47,486][INFO] Step 1: size: 1, coverage: 2.00%, cost: 90.0
[2024-10-13 15:40:47,509][INFO] Step 2: size: 2, coverage: 3.00%, cost: 176.0
[2024-10-13 15:40:47,532][INFO] Step 3: size: 3, coverage: 3.75%, cost: 218.0
[2024-10-13 15:40:47,555][INFO] Step 4: size: 4, coverage: 5.25%, cost: 238.0
[2024-10-13 15:40:47,579][INFO] Step 5: size: 5, coverage: 6.75%, cost: 323.0
[2024-10-13 15:40:47,602][INFO] Step 6: size: 6, coverage: 8.25%, cost: 339.0
[2024-10-13 15:40:47,626][INFO] Step 7: size: 7, coverage: 10.50%, cost: 425.0
[2024-10-13 15:40:47,650][INFO] Step 8: size: 8, coverage: 11.50%, cost: 467.0
[2024-10-13 15:40:47,674][INFO] Step 9: size: 9, coverage: 13.75%, cost: 561.0
[2024-10-13 15:40:47,698][INFO] Step 10: size: 10, coverage: 15.50%, cost: 597.0
[2024-10-13 15:40:47,723][INFO] Step 11: size: 11, coverage: 16.75%, cost: 623.0
[2024-10-13 15:40:47,747][INFO] Step 12: size: 12, coverage: 18.00%, cost: 631.0
[2024-10-13 15:40:47,771][INFO] Step 13: size: 13, coverage: 19.25%, cost: 728.0
[2024-10-13 15:40:47,795][INFO] Step 14: size: 14, coverage: 21.25%, cost: 821.0
[2024-10-13 15:40:47,820][INFO] Step 15: size: 15, coverage: 23.25%, cost: 849.0
[2024-10-13 15:40:47,844][INFO] Step 16: size: 16, coverage: 24.25%, cost: 942.0
[2024-10-13 15:40:47,869][INFO] Step 17: size: 17, coverage: 26.00%, cost: 982.0
[2024-10-13 15:40:47,893][INFO] Step 18: size: 18, coverage: 28.00%, cost: 1040.0
[2024-10-13 15:40:47,918][INFO] Step 19: size: 19, coverage: 29.50%, cost: 1080.0
[2024-10-13 15:40:47,943][INFO] Step 20: size: 20, coverage: 30.75%, cost: 1136.0
[2024-10-13 15:40:47,968][INFO] Step 21: size: 21, coverage: 33.50%, cost: 1233.0
[2024-10-13 15:40:47,992][INFO] Step 22: size: 22, coverage: 34.75%, cost: 1247.0
[2024-10-13 15:40:48,018][INFO] Step 23: size: 23, coverage: 36.75%, cost: 1333.0
[2024-10-13 15:40:48,043][INFO] Step 24: size: 24, coverage: 38.00%, cost: 1343.0
[2024-10-13 15:40:48,085][INFO] Step 25: size: 25, coverage: 39.75%, cost: 1387.0
[2024-10-13 15:40:48,130][INFO] Step 26: size: 26, coverage: 40.75%, cost: 1460.0
[2024-10-13 15:40:48,164][INFO] Step 27: size: 27, coverage: 41.75%, cost: 1514.0
[2024-10-13 15:40:48,194][INFO] Step 28: size: 28, coverage: 42.25%, cost: 1560.0
[2024-10-13 15:40:48,228][INFO] Step 29: size: 29, coverage: 43.50%, cost: 1575.0
[2024-10-13 15:40:48,261][INFO] Step 30: size: 30, coverage: 45.00%, cost: 1582.0
[2024-10-13 15:40:48,288][INFO] Step 31: size: 31, coverage: 46.50%, cost: 1681.0
[2024-10-13 15:40:48,314][INFO] Step 32: size: 32, coverage: 47.25%, cost: 1711.0
[2024-10-13 15:40:48,340][INFO] Step 33: size: 33, coverage: 48.50%, cost: 1786.0
[2024-10-13 15:40:48,367][INFO] Step 34: size: 34, coverage: 49.75%, cost: 1865.0
[2024-10-13 15:40:48,393][INFO] Step 35: size: 35, coverage: 50.50%, cost: 1946.0
[2024-10-13 15:40:48,419][INFO] Step 36: size: 36, coverage: 51.00%, cost: 2032.0
[2024-10-13 15:40:48,445][INFO] Step 37: size: 37, coverage: 52.50%, cost: 2033.0
[2024-10-13 15:40:48,471][INFO] Step 38: size: 38, coverage: 53.00%, cost: 2059.0
[2024-10-13 15:40:48,497][INFO] Step 39: size: 39, coverage: 54.50%, cost: 2144.0
[2024-10-13 15:40:48,524][INFO] Step 40: size: 40, coverage: 55.25%, cost: 2216.0
[2024-10-13 15:40:48,550][INFO] Step 41: size: 41, coverage: 57.00%, cost: 2264.0
[2024-10-13 15:40:48,576][INFO] Step 42: size: 42, coverage: 58.00%, cost: 2324.0
[2024-10-13 15:40:48,603][INFO] Step 43: size: 43, coverage: 58.75%, cost: 2348.0
[2024-10-13 15:40:48,629][INFO] Step 44: size: 44, coverage: 59.50%, cost: 2408.0
[2024-10-13 15:40:48,655][INFO] Step 45: size: 45, coverage: 59.75%, cost: 2437.0
[2024-10-13 15:40:48,682][INFO] Step 46: size: 46, coverage: 61.00%, cost: 2537.0
[2024-10-13 15:40:48,708][INFO] Step 47: size: 47, coverage: 61.50%, cost: 2545.0
[2024-10-13 15:40:48,735][INFO] Step 48: size: 48, coverage: 63.00%, cost: 2548.0
[2024-10-13 15:40:48,762][INFO] Step 49: size: 49, coverage: 63.75%, cost: 2609.0
[2024-10-13 15:40:48,788][INFO] Step 50: size: 50, coverage: 65.50%, cost: 2659.0
[2024-10-13 15:40:48,815][INFO] Step 51: size: 51, coverage: 66.50%, cost: 2715.0
[2024-10-13 15:40:48,841][INFO] Step 52: size: 52, coverage: 67.00%, cost: 2795.0
[2024-10-13 15:40:48,868][INFO] Step 53: size: 53, coverage: 67.25%, cost: 2860.0
[2024-10-13 15:40:48,895][INFO] Step 54: size: 54, coverage: 68.00%, cost: 2944.0
[2024-10-13 15:40:48,922][INFO] Step 55: size: 55, coverage: 68.50%, cost: 3040.0
[2024-10-13 15:40:48,948][INFO] Step 56: size: 56, coverage: 69.00%, cost: 3071.0
[2024-10-13 15:40:48,975][INFO] Step 57: size: 57, coverage: 69.50%, cost: 3130.0
[2024-10-13 15:40:49,002][INFO] Step 58: size: 58, coverage: 70.00%, cost: 3204.0
[2024-10-13 15:40:49,029][INFO] Step 59: size: 59, coverage: 70.75%, cost: 3212.0
[2024-10-13 15:40:49,056][INFO] Step 60: size: 60, coverage: 71.25%, cost: 3300.0
[2024-10-13 15:40:49,083][INFO] Step 61: size: 61, coverage: 72.25%, cost: 3373.0
[2024-10-13 15:40:49,110][INFO] Step 62: size: 62, coverage: 72.75%, cost: 3417.0
[2024-10-13 15:40:49,137][INFO] Step 63: size: 63, coverage: 73.50%, cost: 3442.0
[2024-10-13 15:40:49,164][INFO] Step 64: size: 64, coverage: 73.75%, cost: 3510.0
[2024-10-13 15:40:49,192][INFO] Step 65: size: 65, coverage: 74.25%, cost: 3547.0
[2024-10-13 15:40:49,219][INFO] Step 66: size: 66, coverage: 74.75%, cost: 3618.0
[2024-10-13 15:40:49,246][INFO] Step 67: size: 67, coverage: 75.00%, cost: 3695.0
[2024-10-13 15:40:49,273][INFO] Step 68: size: 68, coverage: 75.50%, cost: 3708.0
[2024-10-13 15:40:49,301][INFO] Step 69: size: 69, coverage: 76.00%, cost: 3776.0
[2024-10-13 15:40:49,328][INFO] Step 70: size: 70, coverage: 76.25%, cost: 3794.0
[2024-10-13 15:40:49,356][INFO] Step 71: size: 71, coverage: 77.25%, cost: 3859.0
[2024-10-13 15:40:49,383][INFO] Step 72: size: 72, coverage: 77.50%, cost: 3909.0
[2024-10-13 15:40:49,411][INFO] Step 73: size: 73, coverage: 77.75%, cost: 3930.0
[2024-10-13 15:40:49,438][INFO] Step 74: size: 74, coverage: 78.50%, cost: 3952.0
[2024-10-13 15:40:49,466][INFO] Step 75: size: 75, coverage: 78.75%, cost: 3976.0
[2024-10-13 15:40:49,494][INFO] Step 76: size: 76, coverage: 79.25%, cost: 3980.0
[2024-10-13 15:40:49,522][INFO] Step 77: size: 77, coverage: 79.50%, cost: 3999.0
[2024-10-13 15:40:49,550][INFO] Step 78: size: 78, coverage: 79.75%, cost: 4001.0
[2024-10-13 15:40:49,578][INFO] Step 79: size: 79, coverage: 80.25%, cost: 4007.0
[2024-10-13 15:40:49,606][INFO] Step 80: size: 80, coverage: 80.75%, cost: 4012.0
[2024-10-13 15:40:49,634][INFO] Step 81: size: 81, coverage: 81.75%, cost: 4080.0
[2024-10-13 15:40:49,663][INFO] Step 82: size: 82, coverage: 82.00%, cost: 4103.0
[2024-10-13 15:40:49,691][INFO] Step 83: size: 83, coverage: 82.50%, cost: 4171.0
[2024-10-13 15:40:49,720][INFO] Step 84: size: 84, coverage: 83.00%, cost: 4214.0
[2024-10-13 15:40:49,749][INFO] Step 85: size: 85, coverage: 83.75%, cost: 4245.0
[2024-10-13 15:40:49,778][INFO] Step 86: size: 86, coverage: 84.00%, cost: 4307.0
[2024-10-13 15:40:49,807][INFO] Step 87: size: 87, coverage: 84.25%, cost: 4405.0
[2024-10-13 15:40:49,836][INFO] Step 88: size: 88, coverage: 84.75%, cost: 4408.0
[2024-10-13 15:40:49,865][INFO] Step 89: size: 89, coverage: 85.00%, cost: 4447.0
[2024-10-13 15:40:49,894][INFO] Step 90: size: 90, coverage: 85.50%, cost: 4528.0
[2024-10-13 15:40:49,923][INFO] Step 91: size: 91, coverage: 85.75%, cost: 4580.0
[2024-10-13 15:40:49,953][INFO] Step 92: size: 92, coverage: 86.25%, cost: 4618.0
[2024-10-13 15:40:49,982][INFO] Step 93: size: 93, coverage: 86.75%, cost: 4709.0
[2024-10-13 15:40:50,011][INFO] Step 94: size: 94, coverage: 87.25%, cost: 4754.0
[2024-10-13 15:40:50,040][INFO] Step 95: size: 95, coverage: 87.50%, cost: 4833.0
[2024-10-13 15:40:50,069][INFO] Step 96: size: 96, coverage: 87.75%, cost: 4903.0
[2024-10-13 15:40:50,100][INFO] Step 97: size: 97, coverage: 88.50%, cost: 4988.0
[2024-10-13 15:40:50,129][INFO] Step 98: size: 98, coverage: 88.75%, cost: 5005.0
[2024-10-13 15:40:50,158][INFO] Step 99: size: 99, coverage: 89.00%, cost: 5090.0
[2024-10-13 15:40:50,187][INFO] Step 100: size: 100, coverage: 89.25%, cost: 5148.0
[2024-10-13 15:40:50,216][INFO] Step 101: size: 101, coverage: 89.75%, cost: 5167.0
[2024-10-13 15:40:50,246][INFO] Step 102: size: 102, coverage: 90.00%, cost: 5188.0
[2024-10-13 15:40:50,275][INFO] Step 103: size: 103, coverage: 90.50%, cost: 5272.0
[2024-10-13 15:40:50,305][INFO] Step 104: size: 104, coverage: 90.75%, cost: 5309.0
[2024-10-13 15:40:50,335][INFO] Step 105: size: 105, coverage: 91.25%, cost: 5334.0
[2024-10-13 15:40:50,364][INFO] Step 106: size: 106, coverage: 91.50%, cost: 5369.0
[2024-10-13 15:40:50,394][INFO] Step 107: size: 107, coverage: 91.75%, cost: 5380.0
[2024-10-13 15:40:50,424][INFO] Step 108: size: 108, coverage: 92.00%, cost: 5446.0
[2024-10-13 15:40:50,454][INFO] Step 109: size: 109, coverage: 92.25%, cost: 5497.0
[2024-10-13 15:40:50,484][INFO] Step 110: size: 110, coverage: 92.50%, cost: 5513.0
[2024-10-13 15:40:50,514][INFO] Step 111: size: 111, coverage: 92.75%, cost: 5519.0
[2024-10-13 15:40:50,544][INFO] Step 112: size: 112, coverage: 93.25%, cost: 5525.0
[2024-10-13 15:40:50,575][INFO] Step 113: size: 113, coverage: 94.00%, cost: 5526.0
[2024-10-13 15:40:50,605][INFO] Step 114: size: 114, coverage: 94.25%, cost: 5543.0
[2024-10-13 15:40:50,635][INFO] Step 115: size: 115, coverage: 94.50%, cost: 5548.0
[2024-10-13 15:40:50,666][INFO] Step 116: size: 116, coverage: 94.75%, cost: 5613.0
[2024-10-13 15:40:50,697][INFO] Step 117: size: 117, coverage: 95.00%, cost: 5634.0
[2024-10-13 15:40:50,727][INFO] Step 118: size: 118, coverage: 95.25%, cost: 5718.0
[2024-10-13 15:40:50,757][INFO] Step 119: size: 119, coverage: 95.50%, cost: 5735.0
[2024-10-13 15:40:50,788][INFO] Step 120: size: 120, coverage: 95.75%, cost: 5760.0
[2024-10-13 15:40:50,818][INFO] Step 121: size: 121, coverage: 96.00%, cost: 5824.0
[2024-10-13 15:40:50,849][INFO] Step 122: size: 122, coverage: 96.25%, cost: 5847.0
[2024-10-13 15:40:50,880][INFO] Step 123: size: 123, coverage: 96.50%, cost: 5922.0
[2024-10-13 15:40:50,911][INFO] Step 124: size: 124, coverage: 96.75%, cost: 5926.0
[2024-10-13 15:40:50,944][INFO] Step 125: size: 125, coverage: 97.00%, cost: 5982.0
[2024-10-13 15:40:50,975][INFO] Step 126: size: 126, coverage: 97.25%, cost: 5983.0
[2024-10-13 15:40:51,007][INFO] Step 127: size: 127, coverage: 97.50%, cost: 6036.0
[2024-10-13 15:40:51,038][INFO] Step 128: size: 128, coverage: 97.75%, cost: 6101.0
[2024-10-13 15:40:51,070][INFO] Step 129: size: 129, coverage: 98.25%, cost: 6169.0
[2024-10-13 15:40:51,103][INFO] Step 130: size: 130, coverage: 98.50%, cost: 6191.0
[2024-10-13 15:40:51,135][INFO] Step 131: size: 131, coverage: 98.75%, cost: 6263.0
[2024-10-13 15:40:51,166][INFO] Step 132: size: 132, coverage: 99.00%, cost: 6324.0
[2024-10-13 15:40:51,199][INFO] Step 133: size: 133, coverage: 99.25%, cost: 6380.0
[2024-10-13 15:40:51,231][INFO] Step 134: size: 134, coverage: 99.50%, cost: 6412.0
[2024-10-13 15:40:51,263][INFO] Step 135: size: 135, coverage: 99.75%, cost: 6428.0
[2024-10-13 15:40:51,296][INFO] Step 136: size: 136, coverage: 100.00%, cost: 6522.0
[2024-10-13 15:40:51,296][INFO] Solved solution used 136 random steps
[2024-10-13 15:40:51,296][INFO] Current randomization probability: 0.0
[2024-10-13 15:40:51,296][INFO] Solved solution used 136 random steps
[2024-10-13 15:40:51,305][INFO] Size: 136 -> 114
[2024-10-13 15:40:51,305][INFO] Cost: 6522.0 -> 5441.0
[2024-10-13 15:59:24,841][INFO] Step 1: size: 1, coverage: 1.25%, cost: 44.0, rand. prob: 0.9875
[2024-10-13 15:59:24,863][INFO] Step 2: size: 2, coverage: 2.00%, cost: 81.0, rand. prob: 0.98
[2024-10-13 15:59:24,886][INFO] Step 3: size: 3, coverage: 3.00%, cost: 94.0, rand. prob: 0.97
[2024-10-13 15:59:24,909][INFO] Step 4: size: 4, coverage: 5.75%, cost: 133.0, rand. prob: 0.9425
[2024-10-13 15:59:24,932][INFO] Step 5: size: 5, coverage: 6.50%, cost: 160.0, rand. prob: 0.935
[2024-10-13 15:59:24,956][INFO] Step 6: size: 6, coverage: 7.25%, cost: 216.0, rand. prob: 0.9275
[2024-10-13 15:59:24,979][INFO] Step 7: size: 7, coverage: 8.00%, cost: 269.0, rand. prob: 0.92
[2024-10-13 15:59:25,003][INFO] Step 8: size: 8, coverage: 11.25%, cost: 349.0, rand. prob: 0.8875
[2024-10-13 15:59:25,027][INFO] Step 9: size: 9, coverage: 14.00%, cost: 448.0, rand. prob: 0.86
[2024-10-13 15:59:25,050][INFO] Step 10: size: 10, coverage: 16.75%, cost: 507.0, rand. prob: 0.8325
[2024-10-13 15:59:25,075][INFO] Step 11: size: 11, coverage: 19.25%, cost: 540.0, rand. prob: 0.8075
[2024-10-13 15:59:25,099][INFO] Step 12: size: 12, coverage: 21.00%, cost: 576.0, rand. prob: 0.79
[2024-10-13 15:59:25,123][INFO] Step 13: size: 13, coverage: 21.75%, cost: 577.0, rand. prob: 0.7825
[2024-10-13 15:59:25,147][INFO] Step 14: size: 14, coverage: 22.75%, cost: 587.0, rand. prob: 0.7725
[2024-10-13 15:59:25,172][INFO] Step 15: size: 15, coverage: 24.75%, cost: 639.0, rand. prob: 0.7525
[2024-10-13 15:59:25,196][INFO] Step 16: size: 16, coverage: 27.50%, cost: 708.0, rand. prob: 0.725
[2024-10-13 15:59:25,221][INFO] Step 17: size: 17, coverage: 28.75%, cost: 735.0, rand. prob: 0.7125
[2024-10-13 15:59:25,245][INFO] Step 18: size: 18, coverage: 31.25%, cost: 736.0, rand. prob: 0.6875
[2024-10-13 15:59:25,270][INFO] Step 19: size: 19, coverage: 33.25%, cost: 737.0, rand. prob: 0.6675
[2024-10-13 15:59:25,295][INFO] Step 20: size: 20, coverage: 33.50%, cost: 745.0, rand. prob: 0.665
[2024-10-13 15:59:25,320][INFO] Step 21: size: 21, coverage: 35.50%, cost: 746.0, rand. prob: 0.645
[2024-10-13 15:59:25,345][INFO] Step 22: size: 22, coverage: 37.50%, cost: 747.0, rand. prob: 0.625
[2024-10-13 15:59:25,370][INFO] Step 23: size: 23, coverage: 39.75%, cost: 772.0, rand. prob: 0.6025
[2024-10-13 15:59:25,395][INFO] Step 24: size: 24, coverage: 40.25%, cost: 830.0, rand. prob: 0.5974999999999999
[2024-10-13 15:59:25,420][INFO] Step 25: size: 25, coverage: 42.25%, cost: 831.0, rand. prob: 0.5775
[2024-10-13 15:59:25,445][INFO] Step 26: size: 26, coverage: 44.25%, cost: 832.0, rand. prob: 0.5575
[2024-10-13 15:59:25,471][INFO] Step 27: size: 27, coverage: 46.00%, cost: 896.0, rand. prob: 0.54
[2024-10-13 15:59:25,496][INFO] Step 28: size: 28, coverage: 47.75%, cost: 897.0, rand. prob: 0.5225
[2024-10-13 15:59:25,522][INFO] Step 29: size: 29, coverage: 48.00%, cost: 979.0, rand. prob: 0.52
[2024-10-13 15:59:25,547][INFO] Step 30: size: 30, coverage: 48.75%, cost: 1014.0, rand. prob: 0.5125
[2024-10-13 15:59:25,573][INFO] Step 31: size: 31, coverage: 50.25%, cost: 1015.0, rand. prob: 0.49750000000000005
[2024-10-13 15:59:25,598][INFO] Step 32: size: 32, coverage: 51.25%, cost: 1114.0, rand. prob: 0.48750000000000004
[2024-10-13 15:59:25,624][INFO] Step 33: size: 33, coverage: 52.75%, cost: 1115.0, rand. prob: 0.47250000000000003
[2024-10-13 15:59:25,650][INFO] Step 34: size: 34, coverage: 53.50%, cost: 1154.0, rand. prob: 0.46499999999999997
[2024-10-13 15:59:25,676][INFO] Step 35: size: 35, coverage: 55.00%, cost: 1155.0, rand. prob: 0.44999999999999996
[2024-10-13 15:59:25,702][INFO] Step 36: size: 36, coverage: 56.00%, cost: 1227.0, rand. prob: 0.43999999999999995
[2024-10-13 15:59:25,728][INFO] Step 37: size: 37, coverage: 57.25%, cost: 1265.0, rand. prob: 0.4275
[2024-10-13 15:59:25,754][INFO] Step 38: size: 38, coverage: 60.00%, cost: 1267.0, rand. prob: 0.4
[2024-10-13 15:59:25,780][INFO] Step 39: size: 39, coverage: 60.75%, cost: 1332.0, rand. prob: 0.39249999999999996
[2024-10-13 15:59:25,807][INFO] Step 40: size: 40, coverage: 62.00%, cost: 1333.0, rand. prob: 0.38
[2024-10-13 15:59:25,833][INFO] Step 41: size: 41, coverage: 63.00%, cost: 1334.0, rand. prob: 0.37
[2024-10-13 15:59:25,859][INFO] Step 42: size: 42, coverage: 64.00%, cost: 1335.0, rand. prob: 0.36
[2024-10-13 15:59:25,885][INFO] Step 43: size: 43, coverage: 65.00%, cost: 1336.0, rand. prob: 0.35
[2024-10-13 15:59:25,911][INFO] Step 44: size: 44, coverage: 66.00%, cost: 1337.0, rand. prob: 0.33999999999999997
[2024-10-13 15:59:25,937][INFO] Step 45: size: 45, coverage: 67.00%, cost: 1338.0, rand. prob: 0.32999999999999996
[2024-10-13 15:59:25,963][INFO] Step 46: size: 46, coverage: 68.50%, cost: 1409.0, rand. prob: 0.31499999999999995
[2024-10-13 15:59:25,988][INFO] Step 47: size: 47, coverage: 69.50%, cost: 1410.0, rand. prob: 0.30500000000000005
[2024-10-13 15:59:26,014][INFO] Step 48: size: 48, coverage: 70.25%, cost: 1411.0, rand. prob: 0.2975
[2024-10-13 15:59:26,039][INFO] Step 49: size: 49, coverage: 71.00%, cost: 1412.0, rand. prob: 0.29000000000000004
[2024-10-13 15:59:26,065][INFO] Step 50: size: 50, coverage: 71.75%, cost: 1413.0, rand. prob: 0.2825
[2024-10-13 15:59:26,091][INFO] Step 51: size: 51, coverage: 72.00%, cost: 1467.0, rand. prob: 0.28
[2024-10-13 15:59:26,117][INFO] Step 52: size: 52, coverage: 72.50%, cost: 1507.0, rand. prob: 0.275
[2024-10-13 15:59:26,143][INFO] Step 53: size: 53, coverage: 73.25%, cost: 1508.0, rand. prob: 0.26749999999999996
[2024-10-13 15:59:26,169][INFO] Step 54: size: 54, coverage: 74.00%, cost: 1509.0, rand. prob: 0.26
[2024-10-13 15:59:26,196][INFO] Step 55: size: 55, coverage: 74.75%, cost: 1510.0, rand. prob: 0.25249999999999995
[2024-10-13 15:59:26,222][INFO] Step 56: size: 56, coverage: 76.25%, cost: 1512.0, rand. prob: 0.23750000000000004
[2024-10-13 15:59:26,248][INFO] Step 57: size: 57, coverage: 77.50%, cost: 1514.0, rand. prob: 0.22499999999999998
[2024-10-13 15:59:26,274][INFO] Step 58: size: 58, coverage: 78.75%, cost: 1516.0, rand. prob: 0.21250000000000002
[2024-10-13 15:59:26,300][INFO] Step 59: size: 59, coverage: 79.25%, cost: 1517.0, rand. prob: 0.20750000000000002
[2024-10-13 15:59:26,326][INFO] Step 60: size: 60, coverage: 79.75%, cost: 1518.0, rand. prob: 0.2025
[2024-10-13 15:59:26,351][INFO] Step 61: size: 61, coverage: 80.25%, cost: 1519.0, rand. prob: 0.1975
[2024-10-13 15:59:26,378][INFO] Step 62: size: 62, coverage: 80.75%, cost: 1547.0, rand. prob: 0.1925
[2024-10-13 15:59:26,404][INFO] Step 63: size: 63, coverage: 81.25%, cost: 1548.0, rand. prob: 0.1875
[2024-10-13 15:59:26,430][INFO] Step 64: size: 64, coverage: 81.50%, cost: 1597.0, rand. prob: 0.18500000000000005
[2024-10-13 15:59:26,457][INFO] Step 65: size: 65, coverage: 82.00%, cost: 1598.0, rand. prob: 0.18000000000000005
[2024-10-13 15:59:26,483][INFO] Step 66: size: 66, coverage: 82.50%, cost: 1599.0, rand. prob: 0.17500000000000004
[2024-10-13 15:59:26,509][INFO] Step 67: size: 67, coverage: 84.00%, cost: 1602.0, rand. prob: 0.16000000000000003
[2024-10-13 15:59:26,535][INFO] Step 68: size: 68, coverage: 85.00%, cost: 1700.0, rand. prob: 0.15000000000000002
[2024-10-13 15:59:26,562][INFO] Step 69: size: 69, coverage: 85.75%, cost: 1702.0, rand. prob: 0.14249999999999996
[2024-10-13 15:59:26,588][INFO] Step 70: size: 70, coverage: 86.50%, cost: 1704.0, rand. prob: 0.135
[2024-10-13 15:59:26,614][INFO] Step 71: size: 71, coverage: 87.25%, cost: 1706.0, rand. prob: 0.12749999999999995
[2024-10-13 15:59:26,641][INFO] Step 72: size: 72, coverage: 87.50%, cost: 1762.0, rand. prob: 0.125
[2024-10-13 15:59:26,668][INFO] Step 73: size: 73, coverage: 87.75%, cost: 1763.0, rand. prob: 0.12250000000000005
[2024-10-13 15:59:26,694][INFO] Step 74: size: 74, coverage: 88.25%, cost: 1849.0, rand. prob: 0.11750000000000005
[2024-10-13 15:59:26,720][INFO] Step 75: size: 75, coverage: 88.50%, cost: 1850.0, rand. prob: 0.11499999999999999
[2024-10-13 15:59:26,746][INFO] Step 76: size: 76, coverage: 89.00%, cost: 1852.0, rand. prob: 0.10999999999999999
[2024-10-13 15:59:26,773][INFO] Step 77: size: 77, coverage: 89.50%, cost: 1854.0, rand. prob: 0.10499999999999998
[2024-10-13 15:59:26,799][INFO] Step 78: size: 78, coverage: 90.00%, cost: 1856.0, rand. prob: 0.09999999999999998
[2024-10-13 15:59:26,826][INFO] Step 79: size: 79, coverage: 90.50%, cost: 1858.0, rand. prob: 0.09499999999999997
[2024-10-13 15:59:26,852][INFO] Step 80: size: 80, coverage: 91.50%, cost: 1863.0, rand. prob: 0.08499999999999996
[2024-10-13 15:59:26,879][INFO] Step 81: size: 81, coverage: 92.00%, cost: 1866.0, rand. prob: 0.07999999999999996
[2024-10-13 15:59:26,905][INFO] Step 82: size: 82, coverage: 92.50%, cost: 1869.0, rand. prob: 0.07499999999999996
[2024-10-13 15:59:26,931][INFO] Step 83: size: 83, coverage: 92.75%, cost: 1933.0, rand. prob: 0.07250000000000001
[2024-10-13 15:59:26,958][INFO] Step 84: size: 84, coverage: 93.25%, cost: 1936.0, rand. prob: 0.0675
[2024-10-13 15:59:26,984][INFO] Step 85: size: 85, coverage: 93.50%, cost: 1938.0, rand. prob: 0.06499999999999995
[2024-10-13 15:59:27,011][INFO] Step 86: size: 86, coverage: 93.75%, cost: 1940.0, rand. prob: 0.0625
[2024-10-13 15:59:27,038][INFO] Step 87: size: 87, coverage: 94.00%, cost: 1942.0, rand. prob: 0.06000000000000005
[2024-10-13 15:59:27,064][INFO] Step 88: size: 88, coverage: 94.25%, cost: 1944.0, rand. prob: 0.057499999999999996
[2024-10-13 15:59:27,091][INFO] Step 89: size: 89, coverage: 94.50%, cost: 1946.0, rand. prob: 0.05500000000000005
[2024-10-13 15:59:27,118][INFO] Step 90: size: 90, coverage: 94.75%, cost: 1948.0, rand. prob: 0.05249999999999999
[2024-10-13 15:59:27,145][INFO] Step 91: size: 91, coverage: 95.00%, cost: 1950.0, rand. prob: 0.050000000000000044
[2024-10-13 15:59:27,172][INFO] Step 92: size: 92, coverage: 95.50%, cost: 1954.0, rand. prob: 0.04500000000000004
[2024-10-13 15:59:27,199][INFO] Step 93: size: 93, coverage: 96.00%, cost: 1958.0, rand. prob: 0.040000000000000036
[2024-10-13 15:59:27,225][INFO] Step 94: size: 94, coverage: 96.50%, cost: 1962.0, rand. prob: 0.03500000000000003
[2024-10-13 15:59:27,252][INFO] Step 95: size: 95, coverage: 97.00%, cost: 1967.0, rand. prob: 0.030000000000000027
[2024-10-13 15:59:27,279][INFO] Step 96: size: 96, coverage: 97.25%, cost: 1970.0, rand. prob: 0.02749999999999997
[2024-10-13 15:59:27,306][INFO] Step 97: size: 97, coverage: 97.50%, cost: 1973.0, rand. prob: 0.025000000000000022
[2024-10-13 15:59:27,333][INFO] Step 98: size: 98, coverage: 97.75%, cost: 1976.0, rand. prob: 0.022499999999999964
[2024-10-13 15:59:27,359][INFO] Step 99: size: 99, coverage: 98.00%, cost: 1979.0, rand. prob: 0.020000000000000018
[2024-10-13 15:59:27,387][INFO] Step 100: size: 100, coverage: 98.50%, cost: 1986.0, rand. prob: 0.015000000000000013
[2024-10-13 15:59:27,414][INFO] Step 101: size: 101, coverage: 98.75%, cost: 1990.0, rand. prob: 0.012499999999999956
[2024-10-13 15:59:27,441][INFO] Step 102: size: 102, coverage: 99.25%, cost: 1998.0, rand. prob: 0.007499999999999951
[2024-10-13 15:59:27,468][INFO] Step 103: size: 103, coverage: 99.50%, cost: 2003.0, rand. prob: 0.0050000000000000044
[2024-10-13 15:59:27,495][INFO] Step 104: size: 104, coverage: 99.75%, cost: 2008.0, rand. prob: 0.0024999999999999467
[2024-10-13 15:59:27,522][INFO] Step 105: size: 105, coverage: 100.00%, cost: 2013.0, rand. prob: 0.0
[2024-10-13 15:59:27,527][INFO] Size: 105 -> 94
[2024-10-13 15:59:27,527][INFO] Cost: 2013.0 -> 1626.0
[2024-10-13 16:05:23,251][INFO] Step 1: size: 1, coverage: 2.75%, cost: 30.0, rand. prob: 0.9725
[2024-10-13 16:05:23,274][INFO] Step 2: size: 2, coverage: 4.25%, cost: 80.0, rand. prob: 0.9575
[2024-10-13 16:05:23,298][INFO] Step 3: size: 3, coverage: 5.75%, cost: 107.0, rand. prob: 0.9425
[2024-10-13 16:05:23,322][INFO] Step 4: size: 4, coverage: 8.50%, cost: 108.0, rand. prob: 0.915
[2024-10-13 16:05:23,345][INFO] Step 5: size: 5, coverage: 11.25%, cost: 114.0, rand. prob: 0.8875
[2024-10-13 16:05:23,369][INFO] Step 6: size: 6, coverage: 13.00%, cost: 131.0, rand. prob: 0.87
[2024-10-13 16:05:23,393][INFO] Step 7: size: 7, coverage: 16.50%, cost: 189.0, rand. prob: 0.835
[2024-10-13 16:05:23,417][INFO] Step 8: size: 8, coverage: 17.25%, cost: 263.0, rand. prob: 0.8275
[2024-10-13 16:05:23,441][INFO] Step 9: size: 9, coverage: 19.75%, cost: 264.0, rand. prob: 0.8025
[2024-10-13 16:05:23,466][INFO] Step 10: size: 10, coverage: 21.75%, cost: 357.0, rand. prob: 0.7825
[2024-10-13 16:05:23,490][INFO] Step 11: size: 11, coverage: 23.50%, cost: 383.0, rand. prob: 0.765
[2024-10-13 16:05:23,514][INFO] Step 12: size: 12, coverage: 25.75%, cost: 384.0, rand. prob: 0.7424999999999999
[2024-10-13 16:05:23,539][INFO] Step 13: size: 13, coverage: 27.25%, cost: 439.0, rand. prob: 0.7275
[2024-10-13 16:05:23,563][INFO] Step 14: size: 14, coverage: 29.25%, cost: 467.0, rand. prob: 0.7075
[2024-10-13 16:05:23,588][INFO] Step 15: size: 15, coverage: 31.25%, cost: 468.0, rand. prob: 0.6875
[2024-10-13 16:05:23,613][INFO] Step 16: size: 16, coverage: 32.00%, cost: 552.0, rand. prob: 0.6799999999999999
[2024-10-13 16:05:23,637][INFO] Step 17: size: 17, coverage: 32.75%, cost: 568.0, rand. prob: 0.6725
[2024-10-13 16:05:23,662][INFO] Step 18: size: 18, coverage: 34.25%, cost: 654.0, rand. prob: 0.6575
[2024-10-13 16:05:23,687][INFO] Step 19: size: 19, coverage: 36.25%, cost: 742.0, rand. prob: 0.6375
[2024-10-13 16:05:23,712][INFO] Step 20: size: 20, coverage: 37.75%, cost: 787.0, rand. prob: 0.6225
[2024-10-13 16:05:23,737][INFO] Step 21: size: 21, coverage: 38.75%, cost: 799.0, rand. prob: 0.6125
[2024-10-13 16:05:23,762][INFO] Step 22: size: 22, coverage: 40.50%, cost: 800.0, rand. prob: 0.595
[2024-10-13 16:05:23,788][INFO] Step 23: size: 23, coverage: 40.75%, cost: 868.0, rand. prob: 0.5925
[2024-10-13 16:05:23,813][INFO] Step 24: size: 24, coverage: 41.75%, cost: 917.0, rand. prob: 0.5825
[2024-10-13 16:05:23,839][INFO] Step 25: size: 25, coverage: 43.25%, cost: 918.0, rand. prob: 0.5675
[2024-10-13 16:05:23,864][INFO] Step 26: size: 26, coverage: 44.75%, cost: 919.0, rand. prob: 0.5525
[2024-10-13 16:05:23,890][INFO] Step 27: size: 27, coverage: 46.25%, cost: 920.0, rand. prob: 0.5375
[2024-10-13 16:05:23,915][INFO] Step 28: size: 28, coverage: 47.75%, cost: 984.0, rand. prob: 0.5225
[2024-10-13 16:05:23,941][INFO] Step 29: size: 29, coverage: 49.25%, cost: 985.0, rand. prob: 0.5075000000000001
[2024-10-13 16:05:23,966][INFO] Step 30: size: 30, coverage: 51.00%, cost: 1047.0, rand. prob: 0.49
[2024-10-13 16:05:23,992][INFO] Step 31: size: 31, coverage: 51.25%, cost: 1122.0, rand. prob: 0.48750000000000004
[2024-10-13 16:05:24,017][INFO] Step 32: size: 32, coverage: 52.75%, cost: 1123.0, rand. prob: 0.47250000000000003
[2024-10-13 16:05:24,043][INFO] Step 33: size: 33, coverage: 54.00%, cost: 1124.0, rand. prob: 0.45999999999999996
[2024-10-13 16:05:24,069][INFO] Step 34: size: 34, coverage: 55.25%, cost: 1125.0, rand. prob: 0.4475
[2024-10-13 16:05:24,095][INFO] Step 35: size: 35, coverage: 56.50%, cost: 1126.0, rand. prob: 0.43500000000000005
[2024-10-13 16:05:24,120][INFO] Step 36: size: 36, coverage: 57.75%, cost: 1127.0, rand. prob: 0.4225
[2024-10-13 16:05:24,146][INFO] Step 37: size: 37, coverage: 58.25%, cost: 1174.0, rand. prob: 0.4175
[2024-10-13 16:05:24,172][INFO] Step 38: size: 38, coverage: 59.25%, cost: 1175.0, rand. prob: 0.4075
[2024-10-13 16:05:24,198][INFO] Step 39: size: 39, coverage: 61.50%, cost: 1177.0, rand. prob: 0.385
[2024-10-13 16:05:24,224][INFO] Step 40: size: 40, coverage: 62.50%, cost: 1178.0, rand. prob: 0.375
[2024-10-13 16:05:24,250][INFO] Step 41: size: 41, coverage: 64.50%, cost: 1180.0, rand. prob: 0.355
[2024-10-13 16:05:24,276][INFO] Step 42: size: 42, coverage: 65.25%, cost: 1249.0, rand. prob: 0.34750000000000003
[2024-10-13 16:05:24,302][INFO] Step 43: size: 43, coverage: 67.00%, cost: 1251.0, rand. prob: 0.32999999999999996
[2024-10-13 16:05:24,328][INFO] Step 44: size: 44, coverage: 67.75%, cost: 1252.0, rand. prob: 0.3225
[2024-10-13 16:05:24,354][INFO] Step 45: size: 45, coverage: 68.50%, cost: 1253.0, rand. prob: 0.31499999999999995
[2024-10-13 16:05:24,380][INFO] Step 46: size: 46, coverage: 69.25%, cost: 1254.0, rand. prob: 0.3075
[2024-10-13 16:05:24,406][INFO] Step 47: size: 47, coverage: 69.50%, cost: 1281.0, rand. prob: 0.30500000000000005
[2024-10-13 16:05:24,432][INFO] Step 48: size: 48, coverage: 70.75%, cost: 1321.0, rand. prob: 0.2925
[2024-10-13 16:05:24,457][INFO] Step 49: size: 49, coverage: 71.25%, cost: 1333.0, rand. prob: 0.2875
[2024-10-13 16:05:24,483][INFO] Step 50: size: 50, coverage: 73.25%, cost: 1350.0, rand. prob: 0.26749999999999996
[2024-10-13 16:05:24,509][INFO] Step 51: size: 51, coverage: 74.00%, cost: 1351.0, rand. prob: 0.26
[2024-10-13 16:05:24,535][INFO] Step 52: size: 52, coverage: 74.25%, cost: 1438.0, rand. prob: 0.25749999999999995
[2024-10-13 16:05:24,562][INFO] Step 53: size: 53, coverage: 75.00%, cost: 1450.0, rand. prob: 0.25
[2024-10-13 16:05:24,588][INFO] Step 54: size: 54, coverage: 76.00%, cost: 1522.0, rand. prob: 0.24
[2024-10-13 16:05:24,614][INFO] Step 55: size: 55, coverage: 76.75%, cost: 1523.0, rand. prob: 0.23250000000000004
[2024-10-13 16:05:24,640][INFO] Step 56: size: 56, coverage: 77.25%, cost: 1524.0, rand. prob: 0.22750000000000004
[2024-10-13 16:05:24,666][INFO] Step 57: size: 57, coverage: 77.50%, cost: 1623.0, rand. prob: 0.22499999999999998
[2024-10-13 16:05:24,692][INFO] Step 58: size: 58, coverage: 78.25%, cost: 1665.0, rand. prob: 0.21750000000000003
[2024-10-13 16:05:24,719][INFO] Step 59: size: 59, coverage: 78.75%, cost: 1666.0, rand. prob: 0.21250000000000002
[2024-10-13 16:05:24,745][INFO] Step 60: size: 60, coverage: 79.25%, cost: 1667.0, rand. prob: 0.20750000000000002
[2024-10-13 16:05:24,772][INFO] Step 61: size: 61, coverage: 79.75%, cost: 1668.0, rand. prob: 0.2025
[2024-10-13 16:05:24,798][INFO] Step 62: size: 62, coverage: 80.25%, cost: 1669.0, rand. prob: 0.1975
[2024-10-13 16:05:24,825][INFO] Step 63: size: 63, coverage: 80.75%, cost: 1670.0, rand. prob: 0.1925
[2024-10-13 16:05:24,851][INFO] Step 64: size: 64, coverage: 81.50%, cost: 1713.0, rand. prob: 0.18500000000000005
[2024-10-13 16:05:24,878][INFO] Step 65: size: 65, coverage: 81.75%, cost: 1804.0, rand. prob: 0.1825
[2024-10-13 16:05:24,904][INFO] Step 66: size: 66, coverage: 82.25%, cost: 1805.0, rand. prob: 0.1775
[2024-10-13 16:05:24,931][INFO] Step 67: size: 67, coverage: 83.25%, cost: 1807.0, rand. prob: 0.16749999999999998
[2024-10-13 16:05:24,958][INFO] Step 68: size: 68, coverage: 84.25%, cost: 1809.0, rand. prob: 0.15749999999999997
[2024-10-13 16:05:24,984][INFO] Step 69: size: 69, coverage: 85.00%, cost: 1811.0, rand. prob: 0.15000000000000002
[2024-10-13 16:05:25,011][INFO] Step 70: size: 70, coverage: 85.75%, cost: 1813.0, rand. prob: 0.14249999999999996
[2024-10-13 16:05:25,037][INFO] Step 71: size: 71, coverage: 86.00%, cost: 1901.0, rand. prob: 0.14
[2024-10-13 16:05:25,064][INFO] Step 72: size: 72, coverage: 86.75%, cost: 1903.0, rand. prob: 0.13249999999999995
[2024-10-13 16:05:25,091][INFO] Step 73: size: 73, coverage: 87.00%, cost: 1904.0, rand. prob: 0.13
[2024-10-13 16:05:25,117][INFO] Step 74: size: 74, coverage: 87.25%, cost: 1905.0, rand. prob: 0.12749999999999995
[2024-10-13 16:05:25,144][INFO] Step 75: size: 75, coverage: 87.50%, cost: 1975.0, rand. prob: 0.125
[2024-10-13 16:05:25,170][INFO] Step 76: size: 76, coverage: 87.75%, cost: 1976.0, rand. prob: 0.12250000000000005
[2024-10-13 16:05:25,197][INFO] Step 77: size: 77, coverage: 88.00%, cost: 1977.0, rand. prob: 0.12
[2024-10-13 16:05:25,224][INFO] Step 78: size: 78, coverage: 88.50%, cost: 2059.0, rand. prob: 0.11499999999999999
[2024-10-13 16:05:25,251][INFO] Step 79: size: 79, coverage: 88.75%, cost: 2060.0, rand. prob: 0.11250000000000004
[2024-10-13 16:05:25,278][INFO] Step 80: size: 80, coverage: 89.00%, cost: 2061.0, rand. prob: 0.10999999999999999
[2024-10-13 16:05:25,305][INFO] Step 81: size: 81, coverage: 89.50%, cost: 2063.0, rand. prob: 0.10499999999999998
[2024-10-13 16:05:25,332][INFO] Step 82: size: 82, coverage: 90.00%, cost: 2072.0, rand. prob: 0.09999999999999998
[2024-10-13 16:05:25,359][INFO] Step 83: size: 83, coverage: 90.25%, cost: 2164.0, rand. prob: 0.09750000000000003
[2024-10-13 16:05:25,386][INFO] Step 84: size: 84, coverage: 90.75%, cost: 2166.0, rand. prob: 0.09250000000000003
[2024-10-13 16:05:25,413][INFO] Step 85: size: 85, coverage: 91.50%, cost: 2169.0, rand. prob: 0.08499999999999996
[2024-10-13 16:05:25,441][INFO] Step 86: size: 86, coverage: 92.00%, cost: 2172.0, rand. prob: 0.07999999999999996
[2024-10-13 16:05:25,468][INFO] Step 87: size: 87, coverage: 92.50%, cost: 2175.0, rand. prob: 0.07499999999999996
[2024-10-13 16:05:25,495][INFO] Step 88: size: 88, coverage: 93.00%, cost: 2178.0, rand. prob: 0.06999999999999995
[2024-10-13 16:05:25,522][INFO] Step 89: size: 89, coverage: 93.25%, cost: 2180.0, rand. prob: 0.0675
[2024-10-13 16:05:25,550][INFO] Step 90: size: 90, coverage: 93.50%, cost: 2182.0, rand. prob: 0.06499999999999995
[2024-10-13 16:05:25,577][INFO] Step 91: size: 91, coverage: 93.75%, cost: 2184.0, rand. prob: 0.0625
[2024-10-13 16:05:25,605][INFO] Step 92: size: 92, coverage: 94.00%, cost: 2186.0, rand. prob: 0.06000000000000005
[2024-10-13 16:05:25,632][INFO] Step 93: size: 93, coverage: 94.25%, cost: 2188.0, rand. prob: 0.057499999999999996
[2024-10-13 16:05:25,659][INFO] Step 94: size: 94, coverage: 94.50%, cost: 2190.0, rand. prob: 0.05500000000000005
[2024-10-13 16:05:25,687][INFO] Step 95: size: 95, coverage: 94.75%, cost: 2192.0, rand. prob: 0.05249999999999999
[2024-10-13 16:05:25,715][INFO] Step 96: size: 96, coverage: 95.25%, cost: 2196.0, rand. prob: 0.04749999999999999
[2024-10-13 16:05:25,742][INFO] Step 97: size: 97, coverage: 95.75%, cost: 2200.0, rand. prob: 0.04249999999999998
[2024-10-13 16:05:25,770][INFO] Step 98: size: 98, coverage: 96.00%, cost: 2203.0, rand. prob: 0.040000000000000036
[2024-10-13 16:05:25,797][INFO] Step 99: size: 99, coverage: 96.25%, cost: 2206.0, rand. prob: 0.03749999999999998
[2024-10-13 16:05:25,825][INFO] Step 100: size: 100, coverage: 96.50%, cost: 2209.0, rand. prob: 0.03500000000000003
[2024-10-13 16:05:25,852][INFO] Step 101: size: 101, coverage: 96.75%, cost: 2212.0, rand. prob: 0.03249999999999997
[2024-10-13 16:05:25,880][INFO] Step 102: size: 102, coverage: 97.00%, cost: 2215.0, rand. prob: 0.030000000000000027
[2024-10-13 16:05:25,908][INFO] Step 103: size: 103, coverage: 97.50%, cost: 2221.0, rand. prob: 0.025000000000000022
[2024-10-13 16:05:25,936][INFO] Step 104: size: 104, coverage: 98.00%, cost: 2227.0, rand. prob: 0.020000000000000018
[2024-10-13 16:05:25,964][INFO] Step 105: size: 105, coverage: 98.25%, cost: 2231.0, rand. prob: 0.01749999999999996
[2024-10-13 16:05:25,992][INFO] Step 106: size: 106, coverage: 98.50%, cost: 2235.0, rand. prob: 0.015000000000000013
[2024-10-13 16:05:26,020][INFO] Step 107: size: 107, coverage: 98.75%, cost: 2239.0, rand. prob: 0.012499999999999956
[2024-10-13 16:05:26,048][INFO] Step 108: size: 108, coverage: 99.00%, cost: 2243.0, rand. prob: 0.010000000000000009
[2024-10-13 16:05:26,076][INFO] Step 109: size: 109, coverage: 99.50%, cost: 2251.0, rand. prob: 0.0050000000000000044
[2024-10-13 16:05:26,104][INFO] Step 110: size: 110, coverage: 99.75%, cost: 2256.0, rand. prob: 0.0024999999999999467
[2024-10-13 16:05:26,132][INFO] Step 111: size: 111, coverage: 100.00%, cost: 2261.0, rand. prob: 0.0
[2024-10-13 16:05:26,138][INFO] Size: 111 -> 96
[2024-10-13 16:05:26,138][INFO] Cost: 2261.0 -> 1793.0
[2024-10-13 16:10:53,552][INFO] Step 1: size: 1, coverage: 2.75%, cost: 30.0, rand. prob: 0.9725
[2024-10-13 16:10:53,574][INFO] Step 2: size: 2, coverage: 4.25%, cost: 80.0, rand. prob: 0.9575
[2024-10-13 16:10:53,597][INFO] Step 3: size: 3, coverage: 5.75%, cost: 107.0, rand. prob: 0.9425
[2024-10-13 16:10:53,619][INFO] Step 4: size: 4, coverage: 8.50%, cost: 108.0, rand. prob: 0.915
[2024-10-13 16:10:53,642][INFO] Step 5: size: 5, coverage: 11.25%, cost: 114.0, rand. prob: 0.8875
[2024-10-13 16:10:53,665][INFO] Step 6: size: 6, coverage: 13.00%, cost: 131.0, rand. prob: 0.87
[2024-10-13 16:10:53,688][INFO] Step 7: size: 7, coverage: 16.50%, cost: 189.0, rand. prob: 0.835
[2024-10-13 16:10:53,711][INFO] Step 8: size: 8, coverage: 17.25%, cost: 263.0, rand. prob: 0.8275
[2024-10-13 16:10:53,735][INFO] Step 9: size: 9, coverage: 19.75%, cost: 264.0, rand. prob: 0.8025
[2024-10-13 16:10:53,758][INFO] Step 10: size: 10, coverage: 21.75%, cost: 357.0, rand. prob: 0.7825
[2024-10-13 16:10:53,782][INFO] Step 11: size: 11, coverage: 23.50%, cost: 383.0, rand. prob: 0.765
[2024-10-13 16:10:53,806][INFO] Step 12: size: 12, coverage: 25.75%, cost: 384.0, rand. prob: 0.7424999999999999
[2024-10-13 16:10:53,829][INFO] Step 13: size: 13, coverage: 27.25%, cost: 439.0, rand. prob: 0.7275
[2024-10-13 16:10:53,853][INFO] Step 14: size: 14, coverage: 29.25%, cost: 467.0, rand. prob: 0.7075
[2024-10-13 16:10:53,877][INFO] Step 15: size: 15, coverage: 31.25%, cost: 468.0, rand. prob: 0.6875
[2024-10-13 16:10:53,901][INFO] Step 16: size: 16, coverage: 32.00%, cost: 552.0, rand. prob: 0.6799999999999999
[2024-10-13 16:10:53,925][INFO] Step 17: size: 17, coverage: 32.75%, cost: 568.0, rand. prob: 0.6725
[2024-10-13 16:10:53,949][INFO] Step 18: size: 18, coverage: 34.25%, cost: 654.0, rand. prob: 0.6575
[2024-10-13 16:10:53,973][INFO] Step 19: size: 19, coverage: 36.25%, cost: 742.0, rand. prob: 0.6375
[2024-10-13 16:10:53,998][INFO] Step 20: size: 20, coverage: 37.75%, cost: 787.0, rand. prob: 0.6225
[2024-10-13 16:10:54,022][INFO] Step 21: size: 21, coverage: 38.75%, cost: 799.0, rand. prob: 0.6125
[2024-10-13 16:10:54,047][INFO] Step 22: size: 22, coverage: 40.50%, cost: 800.0, rand. prob: 0.595
[2024-10-13 16:10:54,071][INFO] Step 23: size: 23, coverage: 40.75%, cost: 868.0, rand. prob: 0.5925
[2024-10-13 16:10:54,096][INFO] Step 24: size: 24, coverage: 41.75%, cost: 917.0, rand. prob: 0.5825
[2024-10-13 16:10:54,120][INFO] Step 25: size: 25, coverage: 43.25%, cost: 918.0, rand. prob: 0.5675
[2024-10-13 16:10:54,145][INFO] Step 26: size: 26, coverage: 44.75%, cost: 919.0, rand. prob: 0.5525
[2024-10-13 16:10:54,169][INFO] Step 27: size: 27, coverage: 46.25%, cost: 920.0, rand. prob: 0.5375
[2024-10-13 16:10:54,194][INFO] Step 28: size: 28, coverage: 47.75%, cost: 984.0, rand. prob: 0.5225
[2024-10-13 16:10:54,218][INFO] Step 29: size: 29, coverage: 49.25%, cost: 985.0, rand. prob: 0.5075000000000001
[2024-10-13 16:10:54,243][INFO] Step 30: size: 30, coverage: 51.00%, cost: 1047.0, rand. prob: 0.49
[2024-10-13 16:10:54,268][INFO] Step 31: size: 31, coverage: 51.25%, cost: 1122.0, rand. prob: 0.48750000000000004
[2024-10-13 16:10:54,293][INFO] Step 32: size: 32, coverage: 52.75%, cost: 1123.0, rand. prob: 0.47250000000000003
[2024-10-13 16:10:54,318][INFO] Step 33: size: 33, coverage: 54.00%, cost: 1124.0, rand. prob: 0.45999999999999996
[2024-10-13 16:10:54,343][INFO] Step 34: size: 34, coverage: 55.25%, cost: 1125.0, rand. prob: 0.4475
[2024-10-13 16:10:54,368][INFO] Step 35: size: 35, coverage: 56.50%, cost: 1126.0, rand. prob: 0.43500000000000005
[2024-10-13 16:10:54,393][INFO] Step 36: size: 36, coverage: 57.75%, cost: 1127.0, rand. prob: 0.4225
[2024-10-13 16:10:54,418][INFO] Step 37: size: 37, coverage: 58.25%, cost: 1174.0, rand. prob: 0.4175
[2024-10-13 16:10:54,444][INFO] Step 38: size: 38, coverage: 59.25%, cost: 1175.0, rand. prob: 0.4075
[2024-10-13 16:10:54,469][INFO] Step 39: size: 39, coverage: 61.50%, cost: 1177.0, rand. prob: 0.385
[2024-10-13 16:10:54,494][INFO] Step 40: size: 40, coverage: 62.50%, cost: 1178.0, rand. prob: 0.375
[2024-10-13 16:10:54,519][INFO] Step 41: size: 41, coverage: 64.50%, cost: 1180.0, rand. prob: 0.355
[2024-10-13 16:10:54,545][INFO] Step 42: size: 42, coverage: 65.25%, cost: 1249.0, rand. prob: 0.34750000000000003
[2024-10-13 16:10:54,570][INFO] Step 43: size: 43, coverage: 67.00%, cost: 1251.0, rand. prob: 0.32999999999999996
[2024-10-13 16:10:54,595][INFO] Step 44: size: 44, coverage: 67.75%, cost: 1252.0, rand. prob: 0.3225
[2024-10-13 16:10:54,620][INFO] Step 45: size: 45, coverage: 68.50%, cost: 1253.0, rand. prob: 0.31499999999999995
[2024-10-13 16:10:54,646][INFO] Step 46: size: 46, coverage: 69.25%, cost: 1254.0, rand. prob: 0.3075
[2024-10-13 16:10:54,671][INFO] Step 47: size: 47, coverage: 69.50%, cost: 1281.0, rand. prob: 0.30500000000000005
[2024-10-13 16:10:54,696][INFO] Step 48: size: 48, coverage: 70.75%, cost: 1321.0, rand. prob: 0.2925
[2024-10-13 16:10:54,721][INFO] Step 49: size: 49, coverage: 71.25%, cost: 1333.0, rand. prob: 0.2875
[2024-10-13 16:10:54,747][INFO] Step 50: size: 50, coverage: 73.25%, cost: 1350.0, rand. prob: 0.26749999999999996
[2024-10-13 16:10:54,772][INFO] Step 51: size: 51, coverage: 74.00%, cost: 1351.0, rand. prob: 0.26
[2024-10-13 16:10:54,798][INFO] Step 52: size: 52, coverage: 74.25%, cost: 1438.0, rand. prob: 0.25749999999999995
[2024-10-13 16:10:54,824][INFO] Step 53: size: 53, coverage: 75.00%, cost: 1450.0, rand. prob: 0.25
[2024-10-13 16:10:54,849][INFO] Step 54: size: 54, coverage: 76.00%, cost: 1522.0, rand. prob: 0.24
[2024-10-13 16:10:54,875][INFO] Step 55: size: 55, coverage: 76.75%, cost: 1523.0, rand. prob: 0.23250000000000004
[2024-10-13 16:10:54,900][INFO] Step 56: size: 56, coverage: 77.25%, cost: 1524.0, rand. prob: 0.22750000000000004
[2024-10-13 16:10:54,926][INFO] Step 57: size: 57, coverage: 77.50%, cost: 1623.0, rand. prob: 0.22499999999999998
[2024-10-13 16:10:54,952][INFO] Step 58: size: 58, coverage: 78.25%, cost: 1665.0, rand. prob: 0.21750000000000003
[2024-10-13 16:10:54,977][INFO] Step 59: size: 59, coverage: 78.75%, cost: 1666.0, rand. prob: 0.21250000000000002
[2024-10-13 16:10:55,003][INFO] Step 60: size: 60, coverage: 79.25%, cost: 1667.0, rand. prob: 0.20750000000000002
[2024-10-13 16:10:55,029][INFO] Step 61: size: 61, coverage: 79.75%, cost: 1668.0, rand. prob: 0.2025
[2024-10-13 16:10:55,055][INFO] Step 62: size: 62, coverage: 80.25%, cost: 1669.0, rand. prob: 0.1975
[2024-10-13 16:10:55,081][INFO] Step 63: size: 63, coverage: 80.75%, cost: 1670.0, rand. prob: 0.1925
[2024-10-13 16:10:55,107][INFO] Step 64: size: 64, coverage: 81.50%, cost: 1713.0, rand. prob: 0.18500000000000005
[2024-10-13 16:10:55,133][INFO] Step 65: size: 65, coverage: 81.75%, cost: 1804.0, rand. prob: 0.1825
[2024-10-13 16:10:55,159][INFO] Step 66: size: 66, coverage: 82.25%, cost: 1805.0, rand. prob: 0.1775
[2024-10-13 16:10:55,185][INFO] Step 67: size: 67, coverage: 83.25%, cost: 1807.0, rand. prob: 0.16749999999999998
[2024-10-13 16:10:55,211][INFO] Step 68: size: 68, coverage: 84.25%, cost: 1809.0, rand. prob: 0.15749999999999997
[2024-10-13 16:10:55,237][INFO] Step 69: size: 69, coverage: 85.00%, cost: 1811.0, rand. prob: 0.15000000000000002
[2024-10-13 16:10:55,263][INFO] Step 70: size: 70, coverage: 85.75%, cost: 1813.0, rand. prob: 0.14249999999999996
[2024-10-13 16:10:55,289][INFO] Step 71: size: 71, coverage: 86.00%, cost: 1901.0, rand. prob: 0.14
[2024-10-13 16:10:55,316][INFO] Step 72: size: 72, coverage: 86.75%, cost: 1903.0, rand. prob: 0.13249999999999995
[2024-10-13 16:10:55,342][INFO] Step 73: size: 73, coverage: 87.00%, cost: 1904.0, rand. prob: 0.13
[2024-10-13 16:10:55,368][INFO] Step 74: size: 74, coverage: 87.25%, cost: 1905.0, rand. prob: 0.12749999999999995
[2024-10-13 16:10:55,394][INFO] Step 75: size: 75, coverage: 87.50%, cost: 1975.0, rand. prob: 0.125
[2024-10-13 16:10:55,420][INFO] Step 76: size: 76, coverage: 87.75%, cost: 1976.0, rand. prob: 0.12250000000000005
[2024-10-13 16:10:55,447][INFO] Step 77: size: 77, coverage: 88.00%, cost: 1977.0, rand. prob: 0.12
[2024-10-13 16:10:55,473][INFO] Step 78: size: 78, coverage: 88.50%, cost: 2059.0, rand. prob: 0.11499999999999999
[2024-10-13 16:10:55,499][INFO] Step 79: size: 79, coverage: 88.75%, cost: 2060.0, rand. prob: 0.11250000000000004
[2024-10-13 16:10:55,526][INFO] Step 80: size: 80, coverage: 89.00%, cost: 2061.0, rand. prob: 0.10999999999999999
[2024-10-13 16:10:55,552][INFO] Step 81: size: 81, coverage: 89.50%, cost: 2063.0, rand. prob: 0.10499999999999998
[2024-10-13 16:10:55,579][INFO] Step 82: size: 82, coverage: 90.00%, cost: 2072.0, rand. prob: 0.09999999999999998
[2024-10-13 16:10:55,605][INFO] Step 83: size: 83, coverage: 90.25%, cost: 2164.0, rand. prob: 0.09750000000000003
[2024-10-13 16:10:55,632][INFO] Step 84: size: 84, coverage: 90.75%, cost: 2166.0, rand. prob: 0.09250000000000003
[2024-10-13 16:10:55,659][INFO] Step 85: size: 85, coverage: 91.50%, cost: 2169.0, rand. prob: 0.08499999999999996
[2024-10-13 16:10:55,686][INFO] Step 86: size: 86, coverage: 92.00%, cost: 2172.0, rand. prob: 0.07999999999999996
[2024-10-13 16:10:55,712][INFO] Step 87: size: 87, coverage: 92.50%, cost: 2175.0, rand. prob: 0.07499999999999996
[2024-10-13 16:10:55,739][INFO] Step 88: size: 88, coverage: 93.00%, cost: 2178.0, rand. prob: 0.06999999999999995
[2024-10-13 16:10:55,766][INFO] Step 89: size: 89, coverage: 93.25%, cost: 2180.0, rand. prob: 0.0675
[2024-10-13 16:10:55,793][INFO] Step 90: size: 90, coverage: 93.50%, cost: 2182.0, rand. prob: 0.06499999999999995
[2024-10-13 16:10:55,820][INFO] Step 91: size: 91, coverage: 93.75%, cost: 2184.0, rand. prob: 0.0625
[2024-10-13 16:10:55,847][INFO] Step 92: size: 92, coverage: 94.00%, cost: 2186.0, rand. prob: 0.06000000000000005
[2024-10-13 16:10:55,874][INFO] Step 93: size: 93, coverage: 94.25%, cost: 2188.0, rand. prob: 0.057499999999999996
[2024-10-13 16:10:55,901][INFO] Step 94: size: 94, coverage: 94.50%, cost: 2190.0, rand. prob: 0.05500000000000005
[2024-10-13 16:10:55,928][INFO] Step 95: size: 95, coverage: 94.75%, cost: 2192.0, rand. prob: 0.05249999999999999
[2024-10-13 16:10:55,955][INFO] Step 96: size: 96, coverage: 95.25%, cost: 2196.0, rand. prob: 0.04749999999999999
[2024-10-13 16:10:55,983][INFO] Step 97: size: 97, coverage: 95.75%, cost: 2200.0, rand. prob: 0.04249999999999998
[2024-10-13 16:10:56,010][INFO] Step 98: size: 98, coverage: 96.00%, cost: 2203.0, rand. prob: 0.040000000000000036
[2024-10-13 16:10:56,037][INFO] Step 99: size: 99, coverage: 96.25%, cost: 2206.0, rand. prob: 0.03749999999999998
[2024-10-13 16:10:56,064][INFO] Step 100: size: 100, coverage: 96.50%, cost: 2209.0, rand. prob: 0.03500000000000003
[2024-10-13 16:10:56,091][INFO] Step 101: size: 101, coverage: 96.75%, cost: 2212.0, rand. prob: 0.03249999999999997
[2024-10-13 16:10:56,119][INFO] Step 102: size: 102, coverage: 97.00%, cost: 2215.0, rand. prob: 0.030000000000000027
[2024-10-13 16:10:56,146][INFO] Step 103: size: 103, coverage: 97.50%, cost: 2221.0, rand. prob: 0.025000000000000022
[2024-10-13 16:10:56,173][INFO] Step 104: size: 104, coverage: 98.00%, cost: 2227.0, rand. prob: 0.020000000000000018
[2024-10-13 16:10:56,201][INFO] Step 105: size: 105, coverage: 98.25%, cost: 2231.0, rand. prob: 0.01749999999999996
[2024-10-13 16:10:56,228][INFO] Step 106: size: 106, coverage: 98.50%, cost: 2235.0, rand. prob: 0.015000000000000013
[2024-10-13 16:10:56,256][INFO] Step 107: size: 107, coverage: 98.75%, cost: 2239.0, rand. prob: 0.012499999999999956
[2024-10-13 16:10:56,283][INFO] Step 108: size: 108, coverage: 99.00%, cost: 2243.0, rand. prob: 0.010000000000000009
[2024-10-13 16:10:56,311][INFO] Step 109: size: 109, coverage: 99.50%, cost: 2251.0, rand. prob: 0.0050000000000000044
[2024-10-13 16:10:56,339][INFO] Step 110: size: 110, coverage: 99.75%, cost: 2256.0, rand. prob: 0.0024999999999999467
[2024-10-13 16:10:56,366][INFO] Step 111: size: 111, coverage: 100.00%, cost: 2261.0, rand. prob: 0.0
[2024-10-13 16:10:56,371][INFO] Size: 111 -> 96
[2024-10-13 16:10:56,371][INFO] Cost: 2261.0 -> 1793.0
