[2024-10-13 15:18:50,810][INFO] Step 1: size: 1, coverage: 9.75%, cost: 13.0
[2024-10-13 15:18:50,845][INFO] Step 2: size: 2, coverage: 18.50%, cost: 24.0
[2024-10-13 15:18:50,875][INFO] Step 3: size: 3, coverage: 26.25%, cost: 99.0
[2024-10-13 15:18:50,906][INFO] Step 4: size: 4, coverage: 33.75%, cost: 185.0
[2024-10-13 15:18:50,933][INFO] Step 5: size: 5, coverage: 40.25%, cost: 264.0
[2024-10-13 15:18:50,961][INFO] Step 6: size: 6, coverage: 46.00%, cost: 346.0
[2024-10-13 15:18:50,987][INFO] Step 7: size: 7, coverage: 51.50%, cost: 416.0
[2024-10-13 15:18:51,004][INFO] Step 8: size: 8, coverage: 56.75%, cost: 491.0
[2024-10-13 15:18:51,052][INFO] Step 9: size: 9, coverage: 61.50%, cost: 565.0
[2024-10-13 15:18:51,094][INFO] Step 10: size: 10, coverage: 65.75%, cost: 605.0
[2024-10-13 15:18:51,108][INFO] Step 11: size: 11, coverage: 69.75%, cost: 699.0
[2024-10-13 15:18:51,123][INFO] Step 12: size: 12, coverage: 73.25%, cost: 746.0
[2024-10-13 15:18:51,137][INFO] Step 13: size: 13, coverage: 76.75%, cost: 799.0
[2024-10-13 15:18:51,151][INFO] Step 14: size: 14, coverage: 80.00%, cost: 865.0
[2024-10-13 15:18:51,166][INFO] Step 15: size: 15, coverage: 83.00%, cost: 961.0
[2024-10-13 15:18:51,180][INFO] Step 16: size: 16, coverage: 85.50%, cost: 985.0
[2024-10-13 15:18:51,194][INFO] Step 17: size: 17, coverage: 87.75%, cost: 991.0
[2024-10-13 15:18:51,209][INFO] Step 18: size: 18, coverage: 90.00%, cost: 1022.0
[2024-10-13 15:18:51,223][INFO] Step 19: size: 19, coverage: 92.00%, cost: 1093.0
[2024-10-13 15:18:51,237][INFO] Step 20: size: 20, coverage: 93.50%, cost: 1098.0
[2024-10-13 15:18:51,252][INFO] Step 21: size: 21, coverage: 95.00%, cost: 1161.0
[2024-10-13 15:18:51,266][INFO] Step 22: size: 22, coverage: 96.25%, cost: 1164.0
[2024-10-13 15:18:51,281][INFO] Step 23: size: 23, coverage: 97.50%, cost: 1248.0
[2024-10-13 15:18:51,295][INFO] Step 24: size: 24, coverage: 98.50%, cost: 1260.0
[2024-10-13 15:18:51,310][INFO] Step 25: size: 25, coverage: 99.25%, cost: 1264.0
[2024-10-13 15:18:51,325][INFO] Step 26: size: 26, coverage: 99.75%, cost: 1267.0
[2024-10-13 15:18:51,340][INFO] Step 27: size: 27, coverage: 100.00%, cost: 1268.0
[2024-10-13 15:18:51,341][INFO] Size: 27 -> 27
[2024-10-13 15:18:51,341][INFO] Cost: 1268.0 -> 1268.0
[2024-10-13 15:41:02,417][INFO] Step 1: size: 1, coverage: 4.25%, cost: 84.0
[2024-10-13 15:41:02,440][INFO] Step 2: size: 2, coverage: 9.50%, cost: 135.0
[2024-10-13 15:41:02,463][INFO] Step 3: size: 3, coverage: 14.00%, cost: 198.0
[2024-10-13 15:41:02,487][INFO] Step 4: size: 4, coverage: 18.25%, cost: 250.0
[2024-10-13 15:41:02,511][INFO] Step 5: size: 5, coverage: 22.00%, cost: 252.0
[2024-10-13 15:41:02,534][INFO] Step 6: size: 6, coverage: 26.75%, cost: 270.0
[2024-10-13 15:41:02,558][INFO] Step 7: size: 7, coverage: 29.50%, cost: 274.0
[2024-10-13 15:41:02,582][INFO] Step 8: size: 8, coverage: 33.00%, cost: 373.0
[2024-10-13 15:41:02,607][INFO] Step 9: size: 9, coverage: 35.25%, cost: 446.0
[2024-10-13 15:41:02,631][INFO] Step 10: size: 10, coverage: 38.75%, cost: 525.0
[2024-10-13 15:41:02,655][INFO] Step 11: size: 11, coverage: 42.00%, cost: 578.0
[2024-10-13 15:41:02,680][INFO] Step 12: size: 12, coverage: 44.75%, cost: 650.0
[2024-10-13 15:41:02,704][INFO] Step 13: size: 13, coverage: 47.75%, cost: 676.0
[2024-10-13 15:41:02,728][INFO] Step 14: size: 14, coverage: 50.75%, cost: 713.0
[2024-10-13 15:41:02,753][INFO] Step 15: size: 15, coverage: 55.50%, cost: 787.0
[2024-10-13 15:41:02,777][INFO] Step 16: size: 16, coverage: 58.25%, cost: 882.0
[2024-10-13 15:41:02,800][INFO] Step 17: size: 17, coverage: 59.50%, cost: 885.0
[2024-10-13 15:41:02,824][INFO] Step 18: size: 18, coverage: 61.00%, cost: 964.0
[2024-10-13 15:41:02,848][INFO] Step 19: size: 19, coverage: 63.25%, cost: 1015.0
[2024-10-13 15:41:02,872][INFO] Step 20: size: 20, coverage: 65.50%, cost: 1059.0
[2024-10-13 15:41:02,895][INFO] Step 21: size: 21, coverage: 68.25%, cost: 1091.0
[2024-10-13 15:41:02,919][INFO] Step 22: size: 22, coverage: 70.75%, cost: 1161.0
[2024-10-13 15:41:02,942][INFO] Step 23: size: 23, coverage: 72.00%, cost: 1227.0
[2024-10-13 15:41:02,965][INFO] Step 24: size: 24, coverage: 72.75%, cost: 1312.0
[2024-10-13 15:41:02,989][INFO] Step 25: size: 25, coverage: 74.25%, cost: 1406.0
[2024-10-13 15:41:03,012][INFO] Step 26: size: 26, coverage: 75.50%, cost: 1425.0
[2024-10-13 15:41:03,035][INFO] Step 27: size: 27, coverage: 77.00%, cost: 1447.0
[2024-10-13 15:41:03,080][INFO] Step 28: size: 28, coverage: 78.00%, cost: 1512.0
[2024-10-13 15:41:03,126][INFO] Step 29: size: 29, coverage: 79.25%, cost: 1537.0
[2024-10-13 15:41:03,171][INFO] Step 30: size: 30, coverage: 80.25%, cost: 1618.0
[2024-10-13 15:41:03,220][INFO] Step 31: size: 31, coverage: 81.50%, cost: 1622.0
[2024-10-13 15:41:03,268][INFO] Step 32: size: 32, coverage: 82.25%, cost: 1665.0
[2024-10-13 15:41:03,304][INFO] Step 33: size: 33, coverage: 83.75%, cost: 1680.0
[2024-10-13 15:41:03,331][INFO] Step 34: size: 34, coverage: 84.75%, cost: 1770.0
[2024-10-13 15:41:03,361][INFO] Step 35: size: 35, coverage: 85.75%, cost: 1846.0
[2024-10-13 15:41:03,384][INFO] Step 36: size: 36, coverage: 86.50%, cost: 1894.0
[2024-10-13 15:41:03,408][INFO] Step 37: size: 37, coverage: 87.75%, cost: 1921.0
[2024-10-13 15:41:03,433][INFO] Step 38: size: 38, coverage: 88.25%, cost: 2021.0
[2024-10-13 15:41:03,458][INFO] Step 39: size: 39, coverage: 89.00%, cost: 2096.0
[2024-10-13 15:41:03,483][INFO] Step 40: size: 40, coverage: 89.50%, cost: 2099.0
[2024-10-13 15:41:03,509][INFO] Step 41: size: 41, coverage: 90.00%, cost: 2193.0
[2024-10-13 15:41:03,535][INFO] Step 42: size: 42, coverage: 90.25%, cost: 2246.0
[2024-10-13 15:41:03,560][INFO] Step 43: size: 43, coverage: 90.50%, cost: 2261.0
[2024-10-13 15:41:03,584][INFO] Step 44: size: 44, coverage: 90.75%, cost: 2279.0
[2024-10-13 15:41:03,607][INFO] Step 45: size: 45, coverage: 91.00%, cost: 2374.0
[2024-10-13 15:41:03,631][INFO] Step 46: size: 46, coverage: 92.25%, cost: 2384.0
[2024-10-13 15:41:03,655][INFO] Step 47: size: 47, coverage: 93.00%, cost: 2445.0
[2024-10-13 15:41:03,679][INFO] Step 48: size: 48, coverage: 93.25%, cost: 2501.0
[2024-10-13 15:41:03,702][INFO] Step 49: size: 49, coverage: 93.50%, cost: 2530.0
[2024-10-13 15:41:03,726][INFO] Step 50: size: 50, coverage: 93.75%, cost: 2553.0
[2024-10-13 15:41:03,751][INFO] Step 51: size: 51, coverage: 94.00%, cost: 2593.0
[2024-10-13 15:41:03,775][INFO] Step 52: size: 52, coverage: 94.50%, cost: 2623.0
[2024-10-13 15:41:03,799][INFO] Step 53: size: 53, coverage: 94.75%, cost: 2633.0
[2024-10-13 15:41:03,823][INFO] Step 54: size: 54, coverage: 95.00%, cost: 2708.0
[2024-10-13 15:41:03,847][INFO] Step 55: size: 55, coverage: 95.25%, cost: 2734.0
[2024-10-13 15:41:03,872][INFO] Step 56: size: 56, coverage: 95.50%, cost: 2830.0
[2024-10-13 15:41:03,896][INFO] Step 57: size: 57, coverage: 96.00%, cost: 2848.0
[2024-10-13 15:41:03,920][INFO] Step 58: size: 58, coverage: 96.25%, cost: 2876.0
[2024-10-13 15:41:03,945][INFO] Step 59: size: 59, coverage: 96.75%, cost: 2947.0
[2024-10-13 15:41:03,970][INFO] Step 60: size: 60, coverage: 97.00%, cost: 3010.0
[2024-10-13 15:41:03,995][INFO] Step 61: size: 61, coverage: 97.25%, cost: 3088.0
[2024-10-13 15:41:04,020][INFO] Step 62: size: 62, coverage: 97.50%, cost: 3119.0
[2024-10-13 15:41:04,045][INFO] Step 63: size: 63, coverage: 97.75%, cost: 3152.0
[2024-10-13 15:41:04,070][INFO] Step 64: size: 64, coverage: 98.00%, cost: 3186.0
[2024-10-13 15:41:04,095][INFO] Step 65: size: 65, coverage: 98.25%, cost: 3197.0
[2024-10-13 15:41:04,120][INFO] Step 66: size: 66, coverage: 98.50%, cost: 3276.0
[2024-10-13 15:41:04,145][INFO] Step 67: size: 67, coverage: 98.75%, cost: 3300.0
[2024-10-13 15:41:04,171][INFO] Step 68: size: 68, coverage: 99.00%, cost: 3322.0
[2024-10-13 15:41:04,196][INFO] Step 69: size: 69, coverage: 99.25%, cost: 3392.0
[2024-10-13 15:41:04,221][INFO] Step 70: size: 70, coverage: 99.50%, cost: 3471.0
[2024-10-13 15:41:04,246][INFO] Step 71: size: 71, coverage: 99.75%, cost: 3519.0
[2024-10-13 15:41:04,271][INFO] Step 72: size: 72, coverage: 100.00%, cost: 3577.0
[2024-10-13 15:41:04,271][INFO] Solved solution used 72 random steps
[2024-10-13 15:41:04,271][INFO] Current randomization probability: 0.0
[2024-10-13 15:41:04,271][INFO] Solved solution used 72 random steps
[2024-10-13 15:41:04,274][INFO] Size: 72 -> 59
[2024-10-13 15:41:04,274][INFO] Cost: 3577.0 -> 3120.0
[2024-10-13 15:59:36,277][INFO] Step 1: size: 1, coverage: 5.50%, cost: 8.0, rand. prob: 0.945
[2024-10-13 15:59:36,299][INFO] Step 2: size: 2, coverage: 10.75%, cost: 74.0, rand. prob: 0.8925
[2024-10-13 15:59:36,322][INFO] Step 3: size: 3, coverage: 15.75%, cost: 142.0, rand. prob: 0.8425
[2024-10-13 15:59:36,345][INFO] Step 4: size: 4, coverage: 23.00%, cost: 143.0, rand. prob: 0.77
[2024-10-13 15:59:36,369][INFO] Step 5: size: 5, coverage: 26.50%, cost: 197.0, rand. prob: 0.735
[2024-10-13 15:59:36,392][INFO] Step 6: size: 6, coverage: 29.00%, cost: 204.0, rand. prob: 0.71
[2024-10-13 15:59:36,415][INFO] Step 7: size: 7, coverage: 34.50%, cost: 205.0, rand. prob: 0.655
[2024-10-13 15:59:36,438][INFO] Step 8: size: 8, coverage: 38.75%, cost: 246.0, rand. prob: 0.6125
[2024-10-13 15:59:36,462][INFO] Step 9: size: 9, coverage: 40.50%, cost: 274.0, rand. prob: 0.595
[2024-10-13 15:59:36,485][INFO] Step 10: size: 10, coverage: 42.00%, cost: 337.0, rand. prob: 0.5800000000000001
[2024-10-13 15:59:36,509][INFO] Step 11: size: 11, coverage: 45.50%, cost: 355.0, rand. prob: 0.5449999999999999
[2024-10-13 15:59:36,532][INFO] Step 12: size: 12, coverage: 50.25%, cost: 356.0, rand. prob: 0.49750000000000005
[2024-10-13 15:59:36,556][INFO] Step 13: size: 13, coverage: 54.00%, cost: 357.0, rand. prob: 0.45999999999999996
[2024-10-13 15:59:36,579][INFO] Step 14: size: 14, coverage: 55.75%, cost: 390.0, rand. prob: 0.4425
[2024-10-13 15:59:36,602][INFO] Step 15: size: 15, coverage: 57.75%, cost: 394.0, rand. prob: 0.4225
[2024-10-13 15:59:36,626][INFO] Step 16: size: 16, coverage: 60.25%, cost: 488.0, rand. prob: 0.39749999999999996
[2024-10-13 15:59:36,649][INFO] Step 17: size: 17, coverage: 63.25%, cost: 489.0, rand. prob: 0.36750000000000005
[2024-10-13 15:59:36,672][INFO] Step 18: size: 18, coverage: 64.50%, cost: 586.0, rand. prob: 0.355
[2024-10-13 15:59:36,696][INFO] Step 19: size: 19, coverage: 67.00%, cost: 587.0, rand. prob: 0.32999999999999996
[2024-10-13 15:59:36,720][INFO] Step 20: size: 20, coverage: 68.50%, cost: 631.0, rand. prob: 0.31499999999999995
[2024-10-13 15:59:36,742][INFO] Step 21: size: 21, coverage: 70.50%, cost: 721.0, rand. prob: 0.29500000000000004
[2024-10-13 15:59:36,765][INFO] Step 22: size: 22, coverage: 73.00%, cost: 722.0, rand. prob: 0.27
[2024-10-13 15:59:36,788][INFO] Step 23: size: 23, coverage: 74.75%, cost: 723.0, rand. prob: 0.25249999999999995
[2024-10-13 15:59:36,811][INFO] Step 24: size: 24, coverage: 76.50%, cost: 724.0, rand. prob: 0.235
[2024-10-13 15:59:36,833][INFO] Step 25: size: 25, coverage: 78.00%, cost: 725.0, rand. prob: 0.21999999999999997
[2024-10-13 15:59:36,856][INFO] Step 26: size: 26, coverage: 79.50%, cost: 726.0, rand. prob: 0.20499999999999996
[2024-10-13 15:59:36,878][INFO] Step 27: size: 27, coverage: 81.00%, cost: 727.0, rand. prob: 0.18999999999999995
[2024-10-13 15:59:36,901][INFO] Step 28: size: 28, coverage: 81.75%, cost: 818.0, rand. prob: 0.1825
[2024-10-13 15:59:36,924][INFO] Step 29: size: 29, coverage: 83.00%, cost: 819.0, rand. prob: 0.17000000000000004
[2024-10-13 15:59:36,947][INFO] Step 30: size: 30, coverage: 84.25%, cost: 820.0, rand. prob: 0.15749999999999997
[2024-10-13 15:59:36,971][INFO] Step 31: size: 31, coverage: 85.25%, cost: 821.0, rand. prob: 0.14749999999999996
[2024-10-13 15:59:36,994][INFO] Step 32: size: 32, coverage: 86.25%, cost: 853.0, rand. prob: 0.13749999999999996
[2024-10-13 15:59:37,017][INFO] Step 33: size: 33, coverage: 87.25%, cost: 854.0, rand. prob: 0.12749999999999995
[2024-10-13 15:59:37,040][INFO] Step 34: size: 34, coverage: 88.00%, cost: 855.0, rand. prob: 0.12
[2024-10-13 15:59:37,063][INFO] Step 35: size: 35, coverage: 88.75%, cost: 856.0, rand. prob: 0.11250000000000004
[2024-10-13 15:59:37,085][INFO] Step 36: size: 36, coverage: 89.50%, cost: 857.0, rand. prob: 0.10499999999999998
[2024-10-13 15:59:37,108][INFO] Step 37: size: 37, coverage: 90.25%, cost: 858.0, rand. prob: 0.09750000000000003
[2024-10-13 15:59:37,130][INFO] Step 38: size: 38, coverage: 91.00%, cost: 875.0, rand. prob: 0.08999999999999997
[2024-10-13 15:59:37,152][INFO] Step 39: size: 39, coverage: 91.75%, cost: 876.0, rand. prob: 0.08250000000000002
[2024-10-13 15:59:37,175][INFO] Step 40: size: 40, coverage: 92.50%, cost: 877.0, rand. prob: 0.07499999999999996
[2024-10-13 15:59:37,197][INFO] Step 41: size: 41, coverage: 93.00%, cost: 878.0, rand. prob: 0.06999999999999995
[2024-10-13 15:59:37,219][INFO] Step 42: size: 42, coverage: 94.00%, cost: 880.0, rand. prob: 0.06000000000000005
[2024-10-13 15:59:37,241][INFO] Step 43: size: 43, coverage: 95.00%, cost: 882.0, rand. prob: 0.050000000000000044
[2024-10-13 15:59:37,264][INFO] Step 44: size: 44, coverage: 96.00%, cost: 885.0, rand. prob: 0.040000000000000036
[2024-10-13 15:59:37,287][INFO] Step 45: size: 45, coverage: 96.25%, cost: 886.0, rand. prob: 0.03749999999999998
[2024-10-13 15:59:37,309][INFO] Step 46: size: 46, coverage: 96.50%, cost: 887.0, rand. prob: 0.03500000000000003
[2024-10-13 15:59:37,331][INFO] Step 47: size: 47, coverage: 96.75%, cost: 888.0, rand. prob: 0.03249999999999997
[2024-10-13 15:59:37,354][INFO] Step 48: size: 48, coverage: 97.00%, cost: 889.0, rand. prob: 0.030000000000000027
[2024-10-13 15:59:37,376][INFO] Step 49: size: 49, coverage: 97.25%, cost: 890.0, rand. prob: 0.02749999999999997
[2024-10-13 15:59:37,398][INFO] Step 50: size: 50, coverage: 97.75%, cost: 892.0, rand. prob: 0.022499999999999964
[2024-10-13 15:59:37,421][INFO] Step 51: size: 51, coverage: 98.25%, cost: 894.0, rand. prob: 0.01749999999999996
[2024-10-13 15:59:37,443][INFO] Step 52: size: 52, coverage: 98.75%, cost: 897.0, rand. prob: 0.012499999999999956
[2024-10-13 15:59:37,465][INFO] Step 53: size: 53, coverage: 99.00%, cost: 899.0, rand. prob: 0.010000000000000009
[2024-10-13 15:59:37,488][INFO] Step 54: size: 54, coverage: 99.25%, cost: 901.0, rand. prob: 0.007499999999999951
[2024-10-13 15:59:37,510][INFO] Step 55: size: 55, coverage: 99.50%, cost: 903.0, rand. prob: 0.0050000000000000044
[2024-10-13 15:59:37,533][INFO] Step 56: size: 56, coverage: 99.75%, cost: 905.0, rand. prob: 0.0024999999999999467
[2024-10-13 15:59:37,555][INFO] Step 57: size: 57, coverage: 100.00%, cost: 907.0, rand. prob: 0.0
[2024-10-13 15:59:37,557][INFO] Size: 57 -> 54
[2024-10-13 15:59:37,557][INFO] Cost: 907.0 -> 848.0
[2024-10-13 16:05:34,578][INFO] Step 1: size: 1, coverage: 3.50%, cost: 58.0, rand. prob: 0.965
[2024-10-13 16:05:34,601][INFO] Step 2: size: 2, coverage: 9.50%, cost: 86.0, rand. prob: 0.905
[2024-10-13 16:05:34,624][INFO] Step 3: size: 3, coverage: 14.75%, cost: 152.0, rand. prob: 0.8525
[2024-10-13 16:05:34,647][INFO] Step 4: size: 4, coverage: 17.50%, cost: 186.0, rand. prob: 0.825
[2024-10-13 16:05:34,671][INFO] Step 5: size: 5, coverage: 21.00%, cost: 282.0, rand. prob: 0.79
[2024-10-13 16:05:34,694][INFO] Step 6: size: 6, coverage: 25.75%, cost: 352.0, rand. prob: 0.7424999999999999
[2024-10-13 16:05:34,719][INFO] Step 7: size: 7, coverage: 29.75%, cost: 434.0, rand. prob: 0.7025
[2024-10-13 16:05:34,743][INFO] Step 8: size: 8, coverage: 35.50%, cost: 435.0, rand. prob: 0.645
[2024-10-13 16:05:34,767][INFO] Step 9: size: 9, coverage: 39.75%, cost: 506.0, rand. prob: 0.6025
[2024-10-13 16:05:34,791][INFO] Step 10: size: 10, coverage: 42.75%, cost: 573.0, rand. prob: 0.5725
[2024-10-13 16:05:34,815][INFO] Step 11: size: 11, coverage: 46.00%, cost: 574.0, rand. prob: 0.54
[2024-10-13 16:05:34,840][INFO] Step 12: size: 12, coverage: 51.00%, cost: 575.0, rand. prob: 0.49
[2024-10-13 16:05:34,864][INFO] Step 13: size: 13, coverage: 55.00%, cost: 576.0, rand. prob: 0.44999999999999996
[2024-10-13 16:05:34,888][INFO] Step 14: size: 14, coverage: 56.50%, cost: 676.0, rand. prob: 0.43500000000000005
[2024-10-13 16:05:34,912][INFO] Step 15: size: 15, coverage: 58.75%, cost: 723.0, rand. prob: 0.4125
[2024-10-13 16:05:34,936][INFO] Step 16: size: 16, coverage: 62.25%, cost: 724.0, rand. prob: 0.37749999999999995
[2024-10-13 16:05:34,959][INFO] Step 17: size: 17, coverage: 65.00%, cost: 770.0, rand. prob: 0.35
[2024-10-13 16:05:34,983][INFO] Step 18: size: 18, coverage: 68.25%, cost: 771.0, rand. prob: 0.3175
[2024-10-13 16:05:35,006][INFO] Step 19: size: 19, coverage: 70.00%, cost: 815.0, rand. prob: 0.30000000000000004
[2024-10-13 16:05:35,029][INFO] Step 20: size: 20, coverage: 73.00%, cost: 816.0, rand. prob: 0.27
[2024-10-13 16:05:35,055][INFO] Step 21: size: 21, coverage: 75.50%, cost: 817.0, rand. prob: 0.245
[2024-10-13 16:05:35,078][INFO] Step 22: size: 22, coverage: 77.50%, cost: 841.0, rand. prob: 0.22499999999999998
[2024-10-13 16:05:35,101][INFO] Step 23: size: 23, coverage: 79.75%, cost: 842.0, rand. prob: 0.2025
[2024-10-13 16:05:35,123][INFO] Step 24: size: 24, coverage: 81.00%, cost: 886.0, rand. prob: 0.18999999999999995
[2024-10-13 16:05:35,146][INFO] Step 25: size: 25, coverage: 83.00%, cost: 887.0, rand. prob: 0.17000000000000004
[2024-10-13 16:05:35,168][INFO] Step 26: size: 26, coverage: 84.50%, cost: 888.0, rand. prob: 0.15500000000000003
[2024-10-13 16:05:35,191][INFO] Step 27: size: 27, coverage: 85.75%, cost: 975.0, rand. prob: 0.14249999999999996
[2024-10-13 16:05:35,213][INFO] Step 28: size: 28, coverage: 87.25%, cost: 976.0, rand. prob: 0.12749999999999995
[2024-10-13 16:05:35,236][INFO] Step 29: size: 29, coverage: 88.50%, cost: 977.0, rand. prob: 0.11499999999999999
[2024-10-13 16:05:35,258][INFO] Step 30: size: 30, coverage: 89.50%, cost: 978.0, rand. prob: 0.10499999999999998
[2024-10-13 16:05:35,280][INFO] Step 31: size: 31, coverage: 90.50%, cost: 979.0, rand. prob: 0.09499999999999997
[2024-10-13 16:05:35,302][INFO] Step 32: size: 32, coverage: 91.25%, cost: 980.0, rand. prob: 0.08750000000000002
[2024-10-13 16:05:35,324][INFO] Step 33: size: 33, coverage: 92.00%, cost: 981.0, rand. prob: 0.07999999999999996
[2024-10-13 16:05:35,346][INFO] Step 34: size: 34, coverage: 92.75%, cost: 982.0, rand. prob: 0.07250000000000001
[2024-10-13 16:05:35,368][INFO] Step 35: size: 35, coverage: 93.50%, cost: 983.0, rand. prob: 0.06499999999999995
[2024-10-13 16:05:35,391][INFO] Step 36: size: 36, coverage: 94.00%, cost: 984.0, rand. prob: 0.06000000000000005
[2024-10-13 16:05:35,413][INFO] Step 37: size: 37, coverage: 95.00%, cost: 986.0, rand. prob: 0.050000000000000044
[2024-10-13 16:05:35,435][INFO] Step 38: size: 38, coverage: 95.75%, cost: 988.0, rand. prob: 0.04249999999999998
[2024-10-13 16:05:35,457][INFO] Step 39: size: 39, coverage: 96.00%, cost: 989.0, rand. prob: 0.040000000000000036
[2024-10-13 16:05:35,479][INFO] Step 40: size: 40, coverage: 96.25%, cost: 990.0, rand. prob: 0.03749999999999998
[2024-10-13 16:05:35,501][INFO] Step 41: size: 41, coverage: 96.50%, cost: 991.0, rand. prob: 0.03500000000000003
[2024-10-13 16:05:35,523][INFO] Step 42: size: 42, coverage: 96.75%, cost: 992.0, rand. prob: 0.03249999999999997
[2024-10-13 16:05:35,545][INFO] Step 43: size: 43, coverage: 97.00%, cost: 993.0, rand. prob: 0.030000000000000027
[2024-10-13 16:05:35,567][INFO] Step 44: size: 44, coverage: 97.25%, cost: 994.0, rand. prob: 0.02749999999999997
[2024-10-13 16:05:35,590][INFO] Step 45: size: 45, coverage: 97.50%, cost: 995.0, rand. prob: 0.025000000000000022
[2024-10-13 16:05:35,612][INFO] Step 46: size: 46, coverage: 98.00%, cost: 997.0, rand. prob: 0.020000000000000018
[2024-10-13 16:05:35,634][INFO] Step 47: size: 47, coverage: 98.50%, cost: 999.0, rand. prob: 0.015000000000000013
[2024-10-13 16:05:35,656][INFO] Step 48: size: 48, coverage: 99.00%, cost: 1002.0, rand. prob: 0.010000000000000009
[2024-10-13 16:05:35,679][INFO] Step 49: size: 49, coverage: 99.25%, cost: 1004.0, rand. prob: 0.007499999999999951
[2024-10-13 16:05:35,701][INFO] Step 50: size: 50, coverage: 99.50%, cost: 1006.0, rand. prob: 0.0050000000000000044
[2024-10-13 16:05:35,724][INFO] Step 51: size: 51, coverage: 99.75%, cost: 1008.0, rand. prob: 0.0024999999999999467
[2024-10-13 16:05:35,751][INFO] Step 52: size: 52, coverage: 100.00%, cost: 1011.0, rand. prob: 0.0
[2024-10-13 16:05:35,753][INFO] Size: 52 -> 49
[2024-10-13 16:05:35,753][INFO] Cost: 1011.0 -> 906.0
[2024-10-13 16:11:04,602][INFO] Step 1: size: 1, coverage: 3.50%, cost: 58.0, rand. prob: 0.965
[2024-10-13 16:11:04,624][INFO] Step 2: size: 2, coverage: 9.50%, cost: 86.0, rand. prob: 0.905
[2024-10-13 16:11:04,646][INFO] Step 3: size: 3, coverage: 14.75%, cost: 152.0, rand. prob: 0.8525
[2024-10-13 16:11:04,669][INFO] Step 4: size: 4, coverage: 17.50%, cost: 186.0, rand. prob: 0.825
[2024-10-13 16:11:04,692][INFO] Step 5: size: 5, coverage: 21.00%, cost: 282.0, rand. prob: 0.79
[2024-10-13 16:11:04,715][INFO] Step 6: size: 6, coverage: 25.75%, cost: 352.0, rand. prob: 0.7424999999999999
[2024-10-13 16:11:04,738][INFO] Step 7: size: 7, coverage: 29.75%, cost: 434.0, rand. prob: 0.7025
[2024-10-13 16:11:04,761][INFO] Step 8: size: 8, coverage: 35.50%, cost: 435.0, rand. prob: 0.645
[2024-10-13 16:11:04,785][INFO] Step 9: size: 9, coverage: 39.75%, cost: 506.0, rand. prob: 0.6025
[2024-10-13 16:11:04,809][INFO] Step 10: size: 10, coverage: 42.75%, cost: 573.0, rand. prob: 0.5725
[2024-10-13 16:11:04,832][INFO] Step 11: size: 11, coverage: 46.00%, cost: 574.0, rand. prob: 0.54
[2024-10-13 16:11:04,856][INFO] Step 12: size: 12, coverage: 51.00%, cost: 575.0, rand. prob: 0.49
[2024-10-13 16:11:04,879][INFO] Step 13: size: 13, coverage: 55.00%, cost: 576.0, rand. prob: 0.44999999999999996
[2024-10-13 16:11:04,902][INFO] Step 14: size: 14, coverage: 56.50%, cost: 676.0, rand. prob: 0.43500000000000005
[2024-10-13 16:11:04,926][INFO] Step 15: size: 15, coverage: 58.75%, cost: 723.0, rand. prob: 0.4125
[2024-10-13 16:11:04,949][INFO] Step 16: size: 16, coverage: 62.25%, cost: 724.0, rand. prob: 0.37749999999999995
[2024-10-13 16:11:04,972][INFO] Step 17: size: 17, coverage: 65.00%, cost: 770.0, rand. prob: 0.35
[2024-10-13 16:11:04,995][INFO] Step 18: size: 18, coverage: 68.25%, cost: 771.0, rand. prob: 0.3175
[2024-10-13 16:11:05,018][INFO] Step 19: size: 19, coverage: 70.00%, cost: 815.0, rand. prob: 0.30000000000000004
[2024-10-13 16:11:05,040][INFO] Step 20: size: 20, coverage: 73.00%, cost: 816.0, rand. prob: 0.27
[2024-10-13 16:11:05,063][INFO] Step 21: size: 21, coverage: 75.50%, cost: 817.0, rand. prob: 0.245
[2024-10-13 16:11:05,085][INFO] Step 22: size: 22, coverage: 77.50%, cost: 841.0, rand. prob: 0.22499999999999998
[2024-10-13 16:11:05,107][INFO] Step 23: size: 23, coverage: 79.75%, cost: 842.0, rand. prob: 0.2025
[2024-10-13 16:11:05,130][INFO] Step 24: size: 24, coverage: 81.00%, cost: 886.0, rand. prob: 0.18999999999999995
[2024-10-13 16:11:05,152][INFO] Step 25: size: 25, coverage: 83.00%, cost: 887.0, rand. prob: 0.17000000000000004
[2024-10-13 16:11:05,174][INFO] Step 26: size: 26, coverage: 84.50%, cost: 888.0, rand. prob: 0.15500000000000003
[2024-10-13 16:11:05,196][INFO] Step 27: size: 27, coverage: 85.75%, cost: 975.0, rand. prob: 0.14249999999999996
[2024-10-13 16:11:05,218][INFO] Step 28: size: 28, coverage: 87.25%, cost: 976.0, rand. prob: 0.12749999999999995
[2024-10-13 16:11:05,239][INFO] Step 29: size: 29, coverage: 88.50%, cost: 977.0, rand. prob: 0.11499999999999999
[2024-10-13 16:11:05,261][INFO] Step 30: size: 30, coverage: 89.50%, cost: 978.0, rand. prob: 0.10499999999999998
[2024-10-13 16:11:05,283][INFO] Step 31: size: 31, coverage: 90.50%, cost: 979.0, rand. prob: 0.09499999999999997
[2024-10-13 16:11:05,304][INFO] Step 32: size: 32, coverage: 91.25%, cost: 980.0, rand. prob: 0.08750000000000002
[2024-10-13 16:11:05,326][INFO] Step 33: size: 33, coverage: 92.00%, cost: 981.0, rand. prob: 0.07999999999999996
[2024-10-13 16:11:05,347][INFO] Step 34: size: 34, coverage: 92.75%, cost: 982.0, rand. prob: 0.07250000000000001
[2024-10-13 16:11:05,369][INFO] Step 35: size: 35, coverage: 93.50%, cost: 983.0, rand. prob: 0.06499999999999995
[2024-10-13 16:11:05,391][INFO] Step 36: size: 36, coverage: 94.00%, cost: 984.0, rand. prob: 0.06000000000000005
[2024-10-13 16:11:05,412][INFO] Step 37: size: 37, coverage: 95.00%, cost: 986.0, rand. prob: 0.050000000000000044
[2024-10-13 16:11:05,434][INFO] Step 38: size: 38, coverage: 95.75%, cost: 988.0, rand. prob: 0.04249999999999998
[2024-10-13 16:11:05,455][INFO] Step 39: size: 39, coverage: 96.00%, cost: 989.0, rand. prob: 0.040000000000000036
[2024-10-13 16:11:05,477][INFO] Step 40: size: 40, coverage: 96.25%, cost: 990.0, rand. prob: 0.03749999999999998
[2024-10-13 16:11:05,499][INFO] Step 41: size: 41, coverage: 96.50%, cost: 991.0, rand. prob: 0.03500000000000003
[2024-10-13 16:11:05,520][INFO] Step 42: size: 42, coverage: 96.75%, cost: 992.0, rand. prob: 0.03249999999999997
[2024-10-13 16:11:05,542][INFO] Step 43: size: 43, coverage: 97.00%, cost: 993.0, rand. prob: 0.030000000000000027
[2024-10-13 16:11:05,564][INFO] Step 44: size: 44, coverage: 97.25%, cost: 994.0, rand. prob: 0.02749999999999997
[2024-10-13 16:11:05,585][INFO] Step 45: size: 45, coverage: 97.50%, cost: 995.0, rand. prob: 0.025000000000000022
[2024-10-13 16:11:05,607][INFO] Step 46: size: 46, coverage: 98.00%, cost: 997.0, rand. prob: 0.020000000000000018
[2024-10-13 16:11:05,629][INFO] Step 47: size: 47, coverage: 98.50%, cost: 999.0, rand. prob: 0.015000000000000013
[2024-10-13 16:11:05,651][INFO] Step 48: size: 48, coverage: 99.00%, cost: 1002.0, rand. prob: 0.010000000000000009
[2024-10-13 16:11:05,673][INFO] Step 49: size: 49, coverage: 99.25%, cost: 1004.0, rand. prob: 0.007499999999999951
[2024-10-13 16:11:05,695][INFO] Step 50: size: 50, coverage: 99.50%, cost: 1006.0, rand. prob: 0.0050000000000000044
[2024-10-13 16:11:05,717][INFO] Step 51: size: 51, coverage: 99.75%, cost: 1008.0, rand. prob: 0.0024999999999999467
[2024-10-13 16:11:05,739][INFO] Step 52: size: 52, coverage: 100.00%, cost: 1011.0, rand. prob: 0.0
[2024-10-13 16:11:05,740][INFO] Size: 52 -> 49
[2024-10-13 16:11:05,740][INFO] Cost: 1011.0 -> 906.0
