[2024-10-13 15:18:51,777][INFO] Step 1: size: 1, coverage: 9.00%, cost: 14.0
[2024-10-13 15:18:51,793][INFO] Step 2: size: 2, coverage: 17.50%, cost: 100.0
[2024-10-13 15:18:51,809][INFO] Step 3: size: 3, coverage: 25.75%, cost: 188.0
[2024-10-13 15:18:51,824][INFO] Step 4: size: 4, coverage: 32.75%, cost: 198.0
[2024-10-13 15:18:51,839][INFO] Step 5: size: 5, coverage: 39.25%, cost: 216.0
[2024-10-13 15:18:51,855][INFO] Step 6: size: 6, coverage: 45.25%, cost: 260.0
[2024-10-13 15:18:51,870][INFO] Step 7: size: 7, coverage: 51.00%, cost: 303.0
[2024-10-13 15:18:51,885][INFO] Step 8: size: 8, coverage: 56.25%, cost: 394.0
[2024-10-13 15:18:51,901][INFO] Step 9: size: 9, coverage: 61.00%, cost: 447.0
[2024-10-13 15:18:51,916][INFO] Step 10: size: 10, coverage: 65.50%, cost: 477.0
[2024-10-13 15:18:51,930][INFO] Step 11: size: 11, coverage: 69.25%, cost: 484.0
[2024-10-13 15:18:51,945][INFO] Step 12: size: 12, coverage: 73.00%, cost: 519.0
[2024-10-13 15:18:51,959][INFO] Step 13: size: 13, coverage: 76.50%, cost: 531.0
[2024-10-13 15:18:51,974][INFO] Step 14: size: 14, coverage: 80.00%, cost: 600.0
[2024-10-13 15:18:51,988][INFO] Step 15: size: 15, coverage: 83.00%, cost: 628.0
[2024-10-13 15:18:52,002][INFO] Step 16: size: 16, coverage: 85.75%, cost: 669.0
[2024-10-13 15:18:52,017][INFO] Step 17: size: 17, coverage: 88.00%, cost: 684.0
[2024-10-13 15:18:52,031][INFO] Step 18: size: 18, coverage: 90.25%, cost: 711.0
[2024-10-13 15:18:52,046][INFO] Step 19: size: 19, coverage: 92.25%, cost: 713.0
[2024-10-13 15:18:52,060][INFO] Step 20: size: 20, coverage: 93.75%, cost: 715.0
[2024-10-13 15:18:52,075][INFO] Step 21: size: 21, coverage: 95.25%, cost: 791.0
[2024-10-13 15:18:52,090][INFO] Step 22: size: 22, coverage: 96.50%, cost: 806.0
[2024-10-13 15:18:52,105][INFO] Step 23: size: 23, coverage: 97.50%, cost: 813.0
[2024-10-13 15:18:52,120][INFO] Step 24: size: 24, coverage: 98.50%, cost: 886.0
[2024-10-13 15:18:52,135][INFO] Step 25: size: 25, coverage: 99.25%, cost: 903.0
[2024-10-13 15:18:52,150][INFO] Step 26: size: 26, coverage: 99.75%, cost: 914.0
[2024-10-13 15:18:52,165][INFO] Step 27: size: 27, coverage: 100.00%, cost: 915.0
[2024-10-13 15:18:52,165][INFO] Size: 27 -> 27
[2024-10-13 15:18:52,165][INFO] Cost: 915.0 -> 915.0
[2024-10-13 15:41:06,063][INFO] Step 1: size: 1, coverage: 6.25%, cost: 56.0
[2024-10-13 15:41:06,086][INFO] Step 2: size: 2, coverage: 11.00%, cost: 137.0
[2024-10-13 15:41:06,109][INFO] Step 3: size: 3, coverage: 15.75%, cost: 225.0
[2024-10-13 15:41:06,132][INFO] Step 4: size: 4, coverage: 20.00%, cost: 300.0
[2024-10-13 15:41:06,155][INFO] Step 5: size: 5, coverage: 24.25%, cost: 381.0
[2024-10-13 15:41:06,179][INFO] Step 6: size: 6, coverage: 27.00%, cost: 417.0
[2024-10-13 15:41:06,202][INFO] Step 7: size: 7, coverage: 31.00%, cost: 475.0
[2024-10-13 15:41:06,225][INFO] Step 8: size: 8, coverage: 33.75%, cost: 543.0
[2024-10-13 15:41:06,249][INFO] Step 9: size: 9, coverage: 36.75%, cost: 641.0
[2024-10-13 15:41:06,272][INFO] Step 10: size: 10, coverage: 40.75%, cost: 694.0
[2024-10-13 15:41:06,297][INFO] Step 11: size: 11, coverage: 44.75%, cost: 709.0
[2024-10-13 15:41:06,321][INFO] Step 12: size: 12, coverage: 47.25%, cost: 753.0
[2024-10-13 15:41:06,345][INFO] Step 13: size: 13, coverage: 49.75%, cost: 850.0
[2024-10-13 15:41:06,369][INFO] Step 14: size: 14, coverage: 53.00%, cost: 876.0
[2024-10-13 15:41:06,393][INFO] Step 15: size: 15, coverage: 56.75%, cost: 879.0
[2024-10-13 15:41:06,417][INFO] Step 16: size: 16, coverage: 59.25%, cost: 930.0
[2024-10-13 15:41:06,441][INFO] Step 17: size: 17, coverage: 62.00%, cost: 970.0
[2024-10-13 15:41:06,464][INFO] Step 18: size: 18, coverage: 63.25%, cost: 1070.0
[2024-10-13 15:41:06,488][INFO] Step 19: size: 19, coverage: 64.50%, cost: 1156.0
[2024-10-13 15:41:06,512][INFO] Step 20: size: 20, coverage: 66.50%, cost: 1209.0
[2024-10-13 15:41:06,535][INFO] Step 21: size: 21, coverage: 67.25%, cost: 1265.0
[2024-10-13 15:41:06,559][INFO] Step 22: size: 22, coverage: 69.50%, cost: 1362.0
[2024-10-13 15:41:06,583][INFO] Step 23: size: 23, coverage: 71.00%, cost: 1437.0
[2024-10-13 15:41:06,607][INFO] Step 24: size: 24, coverage: 72.50%, cost: 1499.0
[2024-10-13 15:41:06,630][INFO] Step 25: size: 25, coverage: 74.25%, cost: 1588.0
[2024-10-13 15:41:06,654][INFO] Step 26: size: 26, coverage: 75.25%, cost: 1627.0
[2024-10-13 15:41:06,678][INFO] Step 27: size: 27, coverage: 76.75%, cost: 1641.0
[2024-10-13 15:41:06,701][INFO] Step 28: size: 28, coverage: 78.25%, cost: 1728.0
[2024-10-13 15:41:06,724][INFO] Step 29: size: 29, coverage: 79.50%, cost: 1762.0
[2024-10-13 15:41:06,747][INFO] Step 30: size: 30, coverage: 81.00%, cost: 1785.0
[2024-10-13 15:41:06,771][INFO] Step 31: size: 31, coverage: 81.75%, cost: 1879.0
[2024-10-13 15:41:06,794][INFO] Step 32: size: 32, coverage: 82.75%, cost: 1922.0
[2024-10-13 15:41:06,817][INFO] Step 33: size: 33, coverage: 83.50%, cost: 1946.0
[2024-10-13 15:41:06,840][INFO] Step 34: size: 34, coverage: 83.75%, cost: 1969.0
[2024-10-13 15:41:06,863][INFO] Step 35: size: 35, coverage: 85.00%, cost: 2059.0
[2024-10-13 15:41:06,887][INFO] Step 36: size: 36, coverage: 86.00%, cost: 2102.0
[2024-10-13 15:41:06,911][INFO] Step 37: size: 37, coverage: 87.25%, cost: 2199.0
[2024-10-13 15:41:06,934][INFO] Step 38: size: 38, coverage: 87.75%, cost: 2286.0
[2024-10-13 15:41:06,958][INFO] Step 39: size: 39, coverage: 88.50%, cost: 2382.0
[2024-10-13 15:41:06,981][INFO] Step 40: size: 40, coverage: 89.50%, cost: 2391.0
[2024-10-13 15:41:07,005][INFO] Step 41: size: 41, coverage: 90.50%, cost: 2415.0
[2024-10-13 15:41:07,028][INFO] Step 42: size: 42, coverage: 90.75%, cost: 2482.0
[2024-10-13 15:41:07,052][INFO] Step 43: size: 43, coverage: 91.00%, cost: 2502.0
[2024-10-13 15:41:07,075][INFO] Step 44: size: 44, coverage: 91.75%, cost: 2535.0
[2024-10-13 15:41:07,099][INFO] Step 45: size: 45, coverage: 92.25%, cost: 2608.0
[2024-10-13 15:41:07,123][INFO] Step 46: size: 46, coverage: 92.75%, cost: 2694.0
[2024-10-13 15:41:07,147][INFO] Step 47: size: 47, coverage: 93.00%, cost: 2750.0
[2024-10-13 15:41:07,170][INFO] Step 48: size: 48, coverage: 93.25%, cost: 2818.0
[2024-10-13 15:41:07,194][INFO] Step 49: size: 49, coverage: 93.75%, cost: 2823.0
[2024-10-13 15:41:07,218][INFO] Step 50: size: 50, coverage: 94.25%, cost: 2829.0
[2024-10-13 15:41:07,242][INFO] Step 51: size: 51, coverage: 95.00%, cost: 2846.0
[2024-10-13 15:41:07,266][INFO] Step 52: size: 52, coverage: 95.25%, cost: 2931.0
[2024-10-13 15:41:07,290][INFO] Step 53: size: 53, coverage: 95.75%, cost: 2998.0
[2024-10-13 15:41:07,313][INFO] Step 54: size: 54, coverage: 96.25%, cost: 3084.0
[2024-10-13 15:41:07,337][INFO] Step 55: size: 55, coverage: 96.50%, cost: 3164.0
[2024-10-13 15:41:07,361][INFO] Step 56: size: 56, coverage: 97.00%, cost: 3207.0
[2024-10-13 15:41:07,385][INFO] Step 57: size: 57, coverage: 97.50%, cost: 3247.0
[2024-10-13 15:41:07,409][INFO] Step 58: size: 58, coverage: 97.75%, cost: 3259.0
[2024-10-13 15:41:07,433][INFO] Step 59: size: 59, coverage: 98.00%, cost: 3324.0
[2024-10-13 15:41:07,457][INFO] Step 60: size: 60, coverage: 98.25%, cost: 3341.0
[2024-10-13 15:41:07,481][INFO] Step 61: size: 61, coverage: 98.50%, cost: 3385.0
[2024-10-13 15:41:07,506][INFO] Step 62: size: 62, coverage: 98.75%, cost: 3474.0
[2024-10-13 15:41:07,530][INFO] Step 63: size: 63, coverage: 99.00%, cost: 3542.0
[2024-10-13 15:41:07,555][INFO] Step 64: size: 64, coverage: 99.25%, cost: 3637.0
[2024-10-13 15:41:07,579][INFO] Step 65: size: 65, coverage: 99.50%, cost: 3675.0
[2024-10-13 15:41:07,603][INFO] Step 66: size: 66, coverage: 99.75%, cost: 3685.0
[2024-10-13 15:41:07,628][INFO] Step 67: size: 67, coverage: 100.00%, cost: 3714.0
[2024-10-13 15:41:07,628][INFO] Solved solution used 67 random steps
[2024-10-13 15:41:07,628][INFO] Current randomization probability: 0.0
[2024-10-13 15:41:07,628][INFO] Solved solution used 67 random steps
[2024-10-13 15:41:07,631][INFO] Size: 67 -> 57
[2024-10-13 15:41:07,631][INFO] Cost: 3714.0 -> 3243.0
[2024-10-13 15:59:38,763][INFO] Step 1: size: 1, coverage: 5.25%, cost: 38.0, rand. prob: 0.9475
[2024-10-13 15:59:38,785][INFO] Step 2: size: 2, coverage: 10.25%, cost: 130.0, rand. prob: 0.8975
[2024-10-13 15:59:38,808][INFO] Step 3: size: 3, coverage: 13.00%, cost: 212.0, rand. prob: 0.87
[2024-10-13 15:59:38,831][INFO] Step 4: size: 4, coverage: 15.25%, cost: 228.0, rand. prob: 0.8475
[2024-10-13 15:59:38,854][INFO] Step 5: size: 5, coverage: 20.50%, cost: 295.0, rand. prob: 0.795
[2024-10-13 15:59:38,877][INFO] Step 6: size: 6, coverage: 23.50%, cost: 334.0, rand. prob: 0.765
[2024-10-13 15:59:38,901][INFO] Step 7: size: 7, coverage: 26.50%, cost: 384.0, rand. prob: 0.735
[2024-10-13 15:59:38,925][INFO] Step 8: size: 8, coverage: 29.00%, cost: 417.0, rand. prob: 0.71
[2024-10-13 15:59:38,949][INFO] Step 9: size: 9, coverage: 31.75%, cost: 478.0, rand. prob: 0.6825
[2024-10-13 15:59:38,973][INFO] Step 10: size: 10, coverage: 37.00%, cost: 479.0, rand. prob: 0.63
[2024-10-13 15:59:38,997][INFO] Step 11: size: 11, coverage: 40.25%, cost: 553.0, rand. prob: 0.5974999999999999
[2024-10-13 15:59:39,021][INFO] Step 12: size: 12, coverage: 44.25%, cost: 554.0, rand. prob: 0.5575
[2024-10-13 15:59:39,046][INFO] Step 13: size: 13, coverage: 47.25%, cost: 621.0, rand. prob: 0.5275000000000001
[2024-10-13 15:59:39,070][INFO] Step 14: size: 14, coverage: 49.25%, cost: 679.0, rand. prob: 0.5075000000000001
[2024-10-13 15:59:39,094][INFO] Step 15: size: 15, coverage: 52.25%, cost: 770.0, rand. prob: 0.47750000000000004
[2024-10-13 15:59:39,118][INFO] Step 16: size: 16, coverage: 56.00%, cost: 771.0, rand. prob: 0.43999999999999995
[2024-10-13 15:59:39,142][INFO] Step 17: size: 17, coverage: 57.25%, cost: 793.0, rand. prob: 0.4275
[2024-10-13 15:59:39,167][INFO] Step 18: size: 18, coverage: 59.50%, cost: 872.0, rand. prob: 0.405
[2024-10-13 15:59:39,192][INFO] Step 19: size: 19, coverage: 62.50%, cost: 873.0, rand. prob: 0.375
[2024-10-13 15:59:39,217][INFO] Step 20: size: 20, coverage: 63.50%, cost: 955.0, rand. prob: 0.365
[2024-10-13 15:59:39,243][INFO] Step 21: size: 21, coverage: 64.50%, cost: 1002.0, rand. prob: 0.355
[2024-10-13 15:59:39,267][INFO] Step 22: size: 22, coverage: 67.00%, cost: 1003.0, rand. prob: 0.32999999999999996
[2024-10-13 15:59:39,291][INFO] Step 23: size: 23, coverage: 69.50%, cost: 1004.0, rand. prob: 0.30500000000000005
[2024-10-13 15:59:39,314][INFO] Step 24: size: 24, coverage: 72.00%, cost: 1005.0, rand. prob: 0.28
[2024-10-13 15:59:39,337][INFO] Step 25: size: 25, coverage: 73.25%, cost: 1049.0, rand. prob: 0.26749999999999996
[2024-10-13 15:59:39,360][INFO] Step 26: size: 26, coverage: 75.25%, cost: 1050.0, rand. prob: 0.24750000000000005
[2024-10-13 15:59:39,383][INFO] Step 27: size: 27, coverage: 77.25%, cost: 1051.0, rand. prob: 0.22750000000000004
[2024-10-13 15:59:39,406][INFO] Step 28: size: 28, coverage: 79.00%, cost: 1052.0, rand. prob: 0.20999999999999996
[2024-10-13 15:59:39,429][INFO] Step 29: size: 29, coverage: 80.75%, cost: 1053.0, rand. prob: 0.1925
[2024-10-13 15:59:39,451][INFO] Step 30: size: 30, coverage: 82.25%, cost: 1054.0, rand. prob: 0.1775
[2024-10-13 15:59:39,474][INFO] Step 31: size: 31, coverage: 83.50%, cost: 1055.0, rand. prob: 0.16500000000000004
[2024-10-13 15:59:39,497][INFO] Step 32: size: 32, coverage: 84.50%, cost: 1056.0, rand. prob: 0.15500000000000003
[2024-10-13 15:59:39,519][INFO] Step 33: size: 33, coverage: 85.50%, cost: 1057.0, rand. prob: 0.14500000000000002
[2024-10-13 15:59:39,542][INFO] Step 34: size: 34, coverage: 86.00%, cost: 1074.0, rand. prob: 0.14
[2024-10-13 15:59:39,565][INFO] Step 35: size: 35, coverage: 86.25%, cost: 1169.0, rand. prob: 0.13749999999999996
[2024-10-13 15:59:39,588][INFO] Step 36: size: 36, coverage: 87.00%, cost: 1170.0, rand. prob: 0.13
[2024-10-13 15:59:39,610][INFO] Step 37: size: 37, coverage: 87.75%, cost: 1171.0, rand. prob: 0.12250000000000005
[2024-10-13 15:59:39,633][INFO] Step 38: size: 38, coverage: 88.75%, cost: 1261.0, rand. prob: 0.11250000000000004
[2024-10-13 15:59:39,656][INFO] Step 39: size: 39, coverage: 89.50%, cost: 1262.0, rand. prob: 0.10499999999999998
[2024-10-13 15:59:39,678][INFO] Step 40: size: 40, coverage: 90.25%, cost: 1263.0, rand. prob: 0.09750000000000003
[2024-10-13 15:59:39,701][INFO] Step 41: size: 41, coverage: 91.00%, cost: 1264.0, rand. prob: 0.08999999999999997
[2024-10-13 15:59:39,724][INFO] Step 42: size: 42, coverage: 92.25%, cost: 1266.0, rand. prob: 0.07750000000000001
[2024-10-13 15:59:39,746][INFO] Step 43: size: 43, coverage: 92.50%, cost: 1317.0, rand. prob: 0.07499999999999996
[2024-10-13 15:59:39,769][INFO] Step 44: size: 44, coverage: 93.00%, cost: 1318.0, rand. prob: 0.06999999999999995
[2024-10-13 15:59:39,792][INFO] Step 45: size: 45, coverage: 93.50%, cost: 1319.0, rand. prob: 0.06499999999999995
[2024-10-13 15:59:39,815][INFO] Step 46: size: 46, coverage: 94.25%, cost: 1321.0, rand. prob: 0.057499999999999996
[2024-10-13 15:59:39,838][INFO] Step 47: size: 47, coverage: 95.00%, cost: 1323.0, rand. prob: 0.050000000000000044
[2024-10-13 15:59:39,860][INFO] Step 48: size: 48, coverage: 95.75%, cost: 1325.0, rand. prob: 0.04249999999999998
[2024-10-13 15:59:39,883][INFO] Step 49: size: 49, coverage: 96.00%, cost: 1326.0, rand. prob: 0.040000000000000036
[2024-10-13 15:59:39,906][INFO] Step 50: size: 50, coverage: 96.25%, cost: 1327.0, rand. prob: 0.03749999999999998
[2024-10-13 15:59:39,931][INFO] Step 51: size: 51, coverage: 96.50%, cost: 1328.0, rand. prob: 0.03500000000000003
[2024-10-13 15:59:39,957][INFO] Step 52: size: 52, coverage: 96.75%, cost: 1329.0, rand. prob: 0.03249999999999997
[2024-10-13 15:59:39,980][INFO] Step 53: size: 53, coverage: 97.25%, cost: 1331.0, rand. prob: 0.02749999999999997
[2024-10-13 15:59:40,004][INFO] Step 54: size: 54, coverage: 97.75%, cost: 1333.0, rand. prob: 0.022499999999999964
[2024-10-13 15:59:40,027][INFO] Step 55: size: 55, coverage: 98.25%, cost: 1336.0, rand. prob: 0.01749999999999996
[2024-10-13 15:59:40,050][INFO] Step 56: size: 56, coverage: 98.50%, cost: 1338.0, rand. prob: 0.015000000000000013
[2024-10-13 15:59:40,075][INFO] Step 57: size: 57, coverage: 98.75%, cost: 1340.0, rand. prob: 0.012499999999999956
[2024-10-13 15:59:40,098][INFO] Step 58: size: 58, coverage: 99.00%, cost: 1342.0, rand. prob: 0.010000000000000009
[2024-10-13 15:59:40,121][INFO] Step 59: size: 59, coverage: 99.25%, cost: 1344.0, rand. prob: 0.007499999999999951
[2024-10-13 15:59:40,144][INFO] Step 60: size: 60, coverage: 99.50%, cost: 1346.0, rand. prob: 0.0050000000000000044
[2024-10-13 15:59:40,169][INFO] Step 61: size: 61, coverage: 99.75%, cost: 1348.0, rand. prob: 0.0024999999999999467
[2024-10-13 15:59:40,192][INFO] Step 62: size: 62, coverage: 100.00%, cost: 1352.0, rand. prob: 0.0
[2024-10-13 15:59:40,194][INFO] Size: 62 -> 52
[2024-10-13 15:59:40,194][INFO] Cost: 1352.0 -> 924.0
[2024-10-13 16:05:37,084][INFO] Step 1: size: 1, coverage: 4.50%, cost: 31.0, rand. prob: 0.955
[2024-10-13 16:05:37,108][INFO] Step 2: size: 2, coverage: 10.75%, cost: 114.0, rand. prob: 0.8925
[2024-10-13 16:05:37,131][INFO] Step 3: size: 3, coverage: 14.25%, cost: 213.0, rand. prob: 0.8575
[2024-10-13 16:05:37,154][INFO] Step 4: size: 4, coverage: 21.00%, cost: 214.0, rand. prob: 0.79
[2024-10-13 16:05:37,177][INFO] Step 5: size: 5, coverage: 24.00%, cost: 293.0, rand. prob: 0.76
[2024-10-13 16:05:37,201][INFO] Step 6: size: 6, coverage: 29.25%, cost: 348.0, rand. prob: 0.7075
[2024-10-13 16:05:37,224][INFO] Step 7: size: 7, coverage: 32.50%, cost: 433.0, rand. prob: 0.675
[2024-10-13 16:05:37,248][INFO] Step 8: size: 8, coverage: 35.00%, cost: 488.0, rand. prob: 0.65
[2024-10-13 16:05:37,272][INFO] Step 9: size: 9, coverage: 37.75%, cost: 534.0, rand. prob: 0.6225
[2024-10-13 16:05:37,296][INFO] Step 10: size: 10, coverage: 42.75%, cost: 535.0, rand. prob: 0.5725
[2024-10-13 16:05:37,320][INFO] Step 11: size: 11, coverage: 47.25%, cost: 536.0, rand. prob: 0.5275000000000001
[2024-10-13 16:05:37,344][INFO] Step 12: size: 12, coverage: 49.50%, cost: 624.0, rand. prob: 0.505
[2024-10-13 16:05:37,368][INFO] Step 13: size: 13, coverage: 53.50%, cost: 625.0, rand. prob: 0.46499999999999997
[2024-10-13 16:05:37,392][INFO] Step 14: size: 14, coverage: 56.75%, cost: 626.0, rand. prob: 0.4325
[2024-10-13 16:05:37,416][INFO] Step 15: size: 15, coverage: 58.00%, cost: 683.0, rand. prob: 0.42000000000000004
[2024-10-13 16:05:37,440][INFO] Step 16: size: 16, coverage: 60.25%, cost: 717.0, rand. prob: 0.39749999999999996
[2024-10-13 16:05:37,463][INFO] Step 17: size: 17, coverage: 63.00%, cost: 718.0, rand. prob: 0.37
[2024-10-13 16:05:37,487][INFO] Step 18: size: 18, coverage: 65.50%, cost: 719.0, rand. prob: 0.345
[2024-10-13 16:05:37,510][INFO] Step 19: size: 19, coverage: 68.00%, cost: 720.0, rand. prob: 0.31999999999999995
[2024-10-13 16:05:37,533][INFO] Step 20: size: 20, coverage: 70.25%, cost: 721.0, rand. prob: 0.2975
[2024-10-13 16:05:37,556][INFO] Step 21: size: 21, coverage: 72.50%, cost: 722.0, rand. prob: 0.275
[2024-10-13 16:05:37,579][INFO] Step 22: size: 22, coverage: 74.25%, cost: 748.0, rand. prob: 0.25749999999999995
[2024-10-13 16:05:37,602][INFO] Step 23: size: 23, coverage: 75.75%, cost: 749.0, rand. prob: 0.24250000000000005
[2024-10-13 16:05:37,625][INFO] Step 24: size: 24, coverage: 77.25%, cost: 750.0, rand. prob: 0.22750000000000004
[2024-10-13 16:05:37,647][INFO] Step 25: size: 25, coverage: 78.50%, cost: 751.0, rand. prob: 0.21499999999999997
[2024-10-13 16:05:37,670][INFO] Step 26: size: 26, coverage: 79.75%, cost: 752.0, rand. prob: 0.2025
[2024-10-13 16:05:37,693][INFO] Step 27: size: 27, coverage: 81.00%, cost: 753.0, rand. prob: 0.18999999999999995
[2024-10-13 16:05:37,716][INFO] Step 28: size: 28, coverage: 82.25%, cost: 754.0, rand. prob: 0.1775
[2024-10-13 16:05:37,738][INFO] Step 29: size: 29, coverage: 83.25%, cost: 755.0, rand. prob: 0.16749999999999998
[2024-10-13 16:05:37,761][INFO] Step 30: size: 30, coverage: 84.50%, cost: 772.0, rand. prob: 0.15500000000000003
[2024-10-13 16:05:37,784][INFO] Step 31: size: 31, coverage: 85.50%, cost: 866.0, rand. prob: 0.14500000000000002
[2024-10-13 16:05:37,807][INFO] Step 32: size: 32, coverage: 86.25%, cost: 867.0, rand. prob: 0.13749999999999996
[2024-10-13 16:05:37,829][INFO] Step 33: size: 33, coverage: 87.00%, cost: 868.0, rand. prob: 0.13
[2024-10-13 16:05:37,852][INFO] Step 34: size: 34, coverage: 87.25%, cost: 927.0, rand. prob: 0.12749999999999995
[2024-10-13 16:05:37,875][INFO] Step 35: size: 35, coverage: 88.00%, cost: 928.0, rand. prob: 0.12
[2024-10-13 16:05:37,898][INFO] Step 36: size: 36, coverage: 88.75%, cost: 929.0, rand. prob: 0.11250000000000004
[2024-10-13 16:05:37,920][INFO] Step 37: size: 37, coverage: 89.25%, cost: 930.0, rand. prob: 0.10750000000000004
[2024-10-13 16:05:37,943][INFO] Step 38: size: 38, coverage: 89.75%, cost: 931.0, rand. prob: 0.10250000000000004
[2024-10-13 16:05:37,966][INFO] Step 39: size: 39, coverage: 90.25%, cost: 932.0, rand. prob: 0.09750000000000003
[2024-10-13 16:05:37,989][INFO] Step 40: size: 40, coverage: 90.75%, cost: 933.0, rand. prob: 0.09250000000000003
[2024-10-13 16:05:38,012][INFO] Step 41: size: 41, coverage: 91.25%, cost: 934.0, rand. prob: 0.08750000000000002
[2024-10-13 16:05:38,034][INFO] Step 42: size: 42, coverage: 92.25%, cost: 936.0, rand. prob: 0.07750000000000001
[2024-10-13 16:05:38,057][INFO] Step 43: size: 43, coverage: 93.25%, cost: 938.0, rand. prob: 0.0675
[2024-10-13 16:05:38,080][INFO] Step 44: size: 44, coverage: 95.00%, cost: 942.0, rand. prob: 0.050000000000000044
[2024-10-13 16:05:38,102][INFO] Step 45: size: 45, coverage: 95.75%, cost: 944.0, rand. prob: 0.04249999999999998
[2024-10-13 16:05:38,125][INFO] Step 46: size: 46, coverage: 96.00%, cost: 945.0, rand. prob: 0.040000000000000036
[2024-10-13 16:05:38,148][INFO] Step 47: size: 47, coverage: 96.50%, cost: 947.0, rand. prob: 0.03500000000000003
[2024-10-13 16:05:38,170][INFO] Step 48: size: 48, coverage: 97.00%, cost: 949.0, rand. prob: 0.030000000000000027
[2024-10-13 16:05:38,193][INFO] Step 49: size: 49, coverage: 97.50%, cost: 951.0, rand. prob: 0.025000000000000022
[2024-10-13 16:05:38,216][INFO] Step 50: size: 50, coverage: 98.00%, cost: 953.0, rand. prob: 0.020000000000000018
[2024-10-13 16:05:38,238][INFO] Step 51: size: 51, coverage: 98.50%, cost: 956.0, rand. prob: 0.015000000000000013
[2024-10-13 16:05:38,261][INFO] Step 52: size: 52, coverage: 98.75%, cost: 958.0, rand. prob: 0.012499999999999956
[2024-10-13 16:05:38,284][INFO] Step 53: size: 53, coverage: 99.00%, cost: 960.0, rand. prob: 0.010000000000000009
[2024-10-13 16:05:38,307][INFO] Step 54: size: 54, coverage: 99.25%, cost: 962.0, rand. prob: 0.007499999999999951
[2024-10-13 16:05:38,329][INFO] Step 55: size: 55, coverage: 99.50%, cost: 964.0, rand. prob: 0.0050000000000000044
[2024-10-13 16:05:38,352][INFO] Step 56: size: 56, coverage: 99.75%, cost: 966.0, rand. prob: 0.0024999999999999467
[2024-10-13 16:05:38,375][INFO] Step 57: size: 57, coverage: 100.00%, cost: 969.0, rand. prob: 0.0
[2024-10-13 16:05:38,377][INFO] Size: 57 -> 52
[2024-10-13 16:05:38,377][INFO] Cost: 969.0 -> 770.0
[2024-10-13 16:11:07,035][INFO] Step 1: size: 1, coverage: 4.50%, cost: 31.0, rand. prob: 0.955
[2024-10-13 16:11:07,057][INFO] Step 2: size: 2, coverage: 10.75%, cost: 114.0, rand. prob: 0.8925
[2024-10-13 16:11:07,080][INFO] Step 3: size: 3, coverage: 14.25%, cost: 213.0, rand. prob: 0.8575
[2024-10-13 16:11:07,103][INFO] Step 4: size: 4, coverage: 21.00%, cost: 214.0, rand. prob: 0.79
[2024-10-13 16:11:07,126][INFO] Step 5: size: 5, coverage: 24.00%, cost: 293.0, rand. prob: 0.76
[2024-10-13 16:11:07,149][INFO] Step 6: size: 6, coverage: 29.25%, cost: 348.0, rand. prob: 0.7075
[2024-10-13 16:11:07,172][INFO] Step 7: size: 7, coverage: 32.50%, cost: 433.0, rand. prob: 0.675
[2024-10-13 16:11:07,195][INFO] Step 8: size: 8, coverage: 35.00%, cost: 488.0, rand. prob: 0.65
[2024-10-13 16:11:07,218][INFO] Step 9: size: 9, coverage: 37.75%, cost: 534.0, rand. prob: 0.6225
[2024-10-13 16:11:07,242][INFO] Step 10: size: 10, coverage: 42.75%, cost: 535.0, rand. prob: 0.5725
[2024-10-13 16:11:07,265][INFO] Step 11: size: 11, coverage: 47.25%, cost: 536.0, rand. prob: 0.5275000000000001
[2024-10-13 16:11:07,288][INFO] Step 12: size: 12, coverage: 49.50%, cost: 624.0, rand. prob: 0.505
[2024-10-13 16:11:07,312][INFO] Step 13: size: 13, coverage: 53.50%, cost: 625.0, rand. prob: 0.46499999999999997
[2024-10-13 16:11:07,335][INFO] Step 14: size: 14, coverage: 56.75%, cost: 626.0, rand. prob: 0.4325
[2024-10-13 16:11:07,358][INFO] Step 15: size: 15, coverage: 58.00%, cost: 683.0, rand. prob: 0.42000000000000004
[2024-10-13 16:11:07,381][INFO] Step 16: size: 16, coverage: 60.25%, cost: 717.0, rand. prob: 0.39749999999999996
[2024-10-13 16:11:07,404][INFO] Step 17: size: 17, coverage: 63.00%, cost: 718.0, rand. prob: 0.37
[2024-10-13 16:11:07,427][INFO] Step 18: size: 18, coverage: 65.50%, cost: 719.0, rand. prob: 0.345
[2024-10-13 16:11:07,450][INFO] Step 19: size: 19, coverage: 68.00%, cost: 720.0, rand. prob: 0.31999999999999995
[2024-10-13 16:11:07,472][INFO] Step 20: size: 20, coverage: 70.25%, cost: 721.0, rand. prob: 0.2975
[2024-10-13 16:11:07,495][INFO] Step 21: size: 21, coverage: 72.50%, cost: 722.0, rand. prob: 0.275
[2024-10-13 16:11:07,517][INFO] Step 22: size: 22, coverage: 74.25%, cost: 748.0, rand. prob: 0.25749999999999995
[2024-10-13 16:11:07,540][INFO] Step 23: size: 23, coverage: 75.75%, cost: 749.0, rand. prob: 0.24250000000000005
[2024-10-13 16:11:07,562][INFO] Step 24: size: 24, coverage: 77.25%, cost: 750.0, rand. prob: 0.22750000000000004
[2024-10-13 16:11:07,584][INFO] Step 25: size: 25, coverage: 78.50%, cost: 751.0, rand. prob: 0.21499999999999997
[2024-10-13 16:11:07,606][INFO] Step 26: size: 26, coverage: 79.75%, cost: 752.0, rand. prob: 0.2025
[2024-10-13 16:11:07,629][INFO] Step 27: size: 27, coverage: 81.00%, cost: 753.0, rand. prob: 0.18999999999999995
[2024-10-13 16:11:07,651][INFO] Step 28: size: 28, coverage: 82.25%, cost: 754.0, rand. prob: 0.1775
[2024-10-13 16:11:07,673][INFO] Step 29: size: 29, coverage: 83.25%, cost: 755.0, rand. prob: 0.16749999999999998
[2024-10-13 16:11:07,696][INFO] Step 30: size: 30, coverage: 84.50%, cost: 772.0, rand. prob: 0.15500000000000003
[2024-10-13 16:11:07,718][INFO] Step 31: size: 31, coverage: 85.50%, cost: 866.0, rand. prob: 0.14500000000000002
[2024-10-13 16:11:07,740][INFO] Step 32: size: 32, coverage: 86.25%, cost: 867.0, rand. prob: 0.13749999999999996
[2024-10-13 16:11:07,762][INFO] Step 33: size: 33, coverage: 87.00%, cost: 868.0, rand. prob: 0.13
[2024-10-13 16:11:07,785][INFO] Step 34: size: 34, coverage: 87.25%, cost: 927.0, rand. prob: 0.12749999999999995
[2024-10-13 16:11:07,807][INFO] Step 35: size: 35, coverage: 88.00%, cost: 928.0, rand. prob: 0.12
[2024-10-13 16:11:07,829][INFO] Step 36: size: 36, coverage: 88.75%, cost: 929.0, rand. prob: 0.11250000000000004
[2024-10-13 16:11:07,851][INFO] Step 37: size: 37, coverage: 89.25%, cost: 930.0, rand. prob: 0.10750000000000004
[2024-10-13 16:11:07,874][INFO] Step 38: size: 38, coverage: 89.75%, cost: 931.0, rand. prob: 0.10250000000000004
[2024-10-13 16:11:07,896][INFO] Step 39: size: 39, coverage: 90.25%, cost: 932.0, rand. prob: 0.09750000000000003
[2024-10-13 16:11:07,918][INFO] Step 40: size: 40, coverage: 90.75%, cost: 933.0, rand. prob: 0.09250000000000003
[2024-10-13 16:11:07,941][INFO] Step 41: size: 41, coverage: 91.25%, cost: 934.0, rand. prob: 0.08750000000000002
[2024-10-13 16:11:07,963][INFO] Step 42: size: 42, coverage: 92.25%, cost: 936.0, rand. prob: 0.07750000000000001
[2024-10-13 16:11:07,985][INFO] Step 43: size: 43, coverage: 93.25%, cost: 938.0, rand. prob: 0.0675
[2024-10-13 16:11:08,008][INFO] Step 44: size: 44, coverage: 95.00%, cost: 942.0, rand. prob: 0.050000000000000044
[2024-10-13 16:11:08,030][INFO] Step 45: size: 45, coverage: 95.75%, cost: 944.0, rand. prob: 0.04249999999999998
[2024-10-13 16:11:08,052][INFO] Step 46: size: 46, coverage: 96.00%, cost: 945.0, rand. prob: 0.040000000000000036
[2024-10-13 16:11:08,074][INFO] Step 47: size: 47, coverage: 96.50%, cost: 947.0, rand. prob: 0.03500000000000003
[2024-10-13 16:11:08,096][INFO] Step 48: size: 48, coverage: 97.00%, cost: 949.0, rand. prob: 0.030000000000000027
[2024-10-13 16:11:08,118][INFO] Step 49: size: 49, coverage: 97.50%, cost: 951.0, rand. prob: 0.025000000000000022
[2024-10-13 16:11:08,141][INFO] Step 50: size: 50, coverage: 98.00%, cost: 953.0, rand. prob: 0.020000000000000018
[2024-10-13 16:11:08,163][INFO] Step 51: size: 51, coverage: 98.50%, cost: 956.0, rand. prob: 0.015000000000000013
[2024-10-13 16:11:08,185][INFO] Step 52: size: 52, coverage: 98.75%, cost: 958.0, rand. prob: 0.012499999999999956
[2024-10-13 16:11:08,207][INFO] Step 53: size: 53, coverage: 99.00%, cost: 960.0, rand. prob: 0.010000000000000009
[2024-10-13 16:11:08,229][INFO] Step 54: size: 54, coverage: 99.25%, cost: 962.0, rand. prob: 0.007499999999999951
[2024-10-13 16:11:08,252][INFO] Step 55: size: 55, coverage: 99.50%, cost: 964.0, rand. prob: 0.0050000000000000044
[2024-10-13 16:11:08,274][INFO] Step 56: size: 56, coverage: 99.75%, cost: 966.0, rand. prob: 0.0024999999999999467
[2024-10-13 16:11:08,297][INFO] Step 57: size: 57, coverage: 100.00%, cost: 969.0, rand. prob: 0.0
[2024-10-13 16:11:08,298][INFO] Size: 57 -> 52
[2024-10-13 16:11:08,298][INFO] Cost: 969.0 -> 770.0
