[2024-10-06 22:18:27,089][INFO] Step 1: size: 1, coverage: 3.00%, cost: 1.0
[2024-10-06 22:18:27,092][INFO] Step 2: size: 2, coverage: 5.50%, cost: 2.0
[2024-10-06 22:18:27,095][INFO] Step 3: size: 3, coverage: 7.50%, cost: 3.0
[2024-10-06 22:18:27,099][INFO] Step 4: size: 4, coverage: 9.50%, cost: 4.0
[2024-10-06 22:18:27,102][INFO] Step 5: size: 5, coverage: 11.00%, cost: 5.0
[2024-10-06 22:18:27,105][INFO] Step 6: size: 6, coverage: 12.50%, cost: 6.0
[2024-10-06 22:18:27,108][INFO] Step 7: size: 7, coverage: 16.00%, cost: 9.0
[2024-10-06 22:18:27,112][INFO] Step 8: size: 8, coverage: 19.50%, cost: 12.0
[2024-10-06 22:18:27,115][INFO] Step 9: size: 9, coverage: 20.50%, cost: 13.0
[2024-10-06 22:18:27,118][INFO] Step 10: size: 10, coverage: 21.50%, cost: 14.0
[2024-10-06 22:18:27,121][INFO] Step 11: size: 11, coverage: 22.50%, cost: 15.0
[2024-10-06 22:18:27,125][INFO] Step 12: size: 12, coverage: 25.50%, cost: 18.0
[2024-10-06 22:18:27,128][INFO] Step 13: size: 13, coverage: 28.50%, cost: 21.0
[2024-10-06 22:18:27,131][INFO] Step 14: size: 14, coverage: 30.00%, cost: 23.0
[2024-10-06 22:18:27,135][INFO] Step 15: size: 15, coverage: 33.00%, cost: 27.0
[2024-10-06 22:18:27,138][INFO] Step 16: size: 16, coverage: 35.00%, cost: 30.0
[2024-10-06 22:18:27,141][INFO] Step 17: size: 17, coverage: 38.00%, cost: 35.0
[2024-10-06 22:18:27,145][INFO] Step 18: size: 18, coverage: 39.00%, cost: 37.0
[2024-10-06 22:18:27,148][INFO] Step 19: size: 19, coverage: 40.00%, cost: 39.0
[2024-10-06 22:18:27,151][INFO] Step 20: size: 20, coverage: 41.00%, cost: 41.0
[2024-10-06 22:18:27,154][INFO] Step 21: size: 21, coverage: 42.50%, cost: 44.0
[2024-10-06 22:18:27,158][INFO] Step 22: size: 22, coverage: 44.00%, cost: 47.0
[2024-10-06 22:18:27,161][INFO] Step 23: size: 23, coverage: 46.00%, cost: 51.0
[2024-10-06 22:18:27,164][INFO] Step 24: size: 24, coverage: 48.50%, cost: 57.0
[2024-10-06 22:18:27,168][INFO] Step 25: size: 25, coverage: 51.00%, cost: 63.0
[2024-10-06 22:18:27,171][INFO] Step 26: size: 26, coverage: 53.00%, cost: 68.0
[2024-10-06 22:18:27,174][INFO] Step 27: size: 27, coverage: 55.00%, cost: 73.0
[2024-10-06 22:18:27,178][INFO] Step 28: size: 28, coverage: 56.50%, cost: 77.0
[2024-10-06 22:18:27,181][INFO] Step 29: size: 29, coverage: 57.50%, cost: 80.0
[2024-10-06 22:18:27,184][INFO] Step 30: size: 30, coverage: 58.50%, cost: 83.0
[2024-10-06 22:18:27,188][INFO] Step 31: size: 31, coverage: 60.00%, cost: 88.0
[2024-10-06 22:18:27,191][INFO] Step 32: size: 32, coverage: 62.00%, cost: 95.0
[2024-10-06 22:18:27,194][INFO] Step 33: size: 33, coverage: 62.50%, cost: 97.0
[2024-10-06 22:18:27,198][INFO] Step 34: size: 34, coverage: 63.00%, cost: 99.0
[2024-10-06 22:18:27,201][INFO] Step 35: size: 35, coverage: 64.00%, cost: 103.0
[2024-10-06 22:18:27,205][INFO] Step 36: size: 36, coverage: 65.50%, cost: 109.0
[2024-10-06 22:18:27,208][INFO] Step 37: size: 37, coverage: 67.00%, cost: 115.0
[2024-10-06 22:18:27,211][INFO] Step 38: size: 38, coverage: 68.50%, cost: 121.0
[2024-10-06 22:18:27,215][INFO] Step 39: size: 39, coverage: 69.50%, cost: 126.0
[2024-10-06 22:18:27,218][INFO] Step 40: size: 40, coverage: 70.50%, cost: 131.0
[2024-10-06 22:18:27,222][INFO] Step 41: size: 41, coverage: 72.00%, cost: 139.0
[2024-10-06 22:18:27,225][INFO] Step 42: size: 42, coverage: 72.50%, cost: 142.0
[2024-10-06 22:18:27,229][INFO] Step 43: size: 43, coverage: 73.00%, cost: 145.0
[2024-10-06 22:18:27,232][INFO] Step 44: size: 44, coverage: 74.00%, cost: 151.0
[2024-10-06 22:18:27,236][INFO] Step 45: size: 45, coverage: 75.00%, cost: 157.0
[2024-10-06 22:18:27,239][INFO] Step 46: size: 46, coverage: 76.00%, cost: 164.0
[2024-10-06 22:18:27,243][INFO] Step 47: size: 47, coverage: 77.00%, cost: 171.0
[2024-10-06 22:18:27,246][INFO] Step 48: size: 48, coverage: 77.50%, cost: 175.0
[2024-10-06 22:18:27,250][INFO] Step 49: size: 49, coverage: 78.00%, cost: 179.0
[2024-10-06 22:18:27,254][INFO] Step 50: size: 50, coverage: 78.50%, cost: 183.0
[2024-10-06 22:18:27,257][INFO] Step 51: size: 51, coverage: 79.00%, cost: 187.0
[2024-10-06 22:18:27,261][INFO] Step 52: size: 52, coverage: 80.00%, cost: 195.0
[2024-10-06 22:18:27,264][INFO] Step 53: size: 53, coverage: 81.00%, cost: 203.0
[2024-10-06 22:18:27,268][INFO] Step 54: size: 54, coverage: 82.00%, cost: 212.0
[2024-10-06 22:18:27,272][INFO] Step 55: size: 55, coverage: 83.50%, cost: 226.0
[2024-10-06 22:18:27,275][INFO] Step 56: size: 56, coverage: 84.00%, cost: 231.0
[2024-10-06 22:18:27,279][INFO] Step 57: size: 57, coverage: 84.50%, cost: 236.0
[2024-10-06 22:18:27,283][INFO] Step 58: size: 58, coverage: 85.00%, cost: 241.0
[2024-10-06 22:18:27,286][INFO] Step 59: size: 59, coverage: 85.50%, cost: 246.0
[2024-10-06 22:18:27,290][INFO] Step 60: size: 60, coverage: 86.50%, cost: 257.0
[2024-10-06 22:18:27,294][INFO] Step 61: size: 61, coverage: 88.00%, cost: 274.0
[2024-10-06 22:18:27,297][INFO] Step 62: size: 62, coverage: 88.50%, cost: 280.0
[2024-10-06 22:18:27,301][INFO] Step 63: size: 63, coverage: 89.00%, cost: 286.0
[2024-10-06 22:18:27,305][INFO] Step 64: size: 64, coverage: 89.50%, cost: 293.0
[2024-10-06 22:18:27,309][INFO] Step 65: size: 65, coverage: 90.50%, cost: 309.0
[2024-10-06 22:18:27,313][INFO] Step 66: size: 66, coverage: 91.50%, cost: 326.0
[2024-10-06 22:18:27,316][INFO] Step 67: size: 67, coverage: 92.00%, cost: 335.0
[2024-10-06 22:18:27,320][INFO] Step 68: size: 68, coverage: 92.50%, cost: 345.0
[2024-10-06 22:18:27,324][INFO] Step 69: size: 69, coverage: 93.00%, cost: 356.0
[2024-10-06 22:18:27,328][INFO] Step 70: size: 70, coverage: 93.50%, cost: 368.0
[2024-10-06 22:18:27,332][INFO] Step 71: size: 71, coverage: 94.00%, cost: 380.0
[2024-10-06 22:18:27,336][INFO] Step 72: size: 72, coverage: 94.50%, cost: 392.0
[2024-10-06 22:18:27,339][INFO] Step 73: size: 73, coverage: 95.00%, cost: 404.0
[2024-10-06 22:18:27,343][INFO] Step 74: size: 74, coverage: 95.50%, cost: 416.0
[2024-10-06 22:18:27,347][INFO] Step 75: size: 75, coverage: 96.00%, cost: 431.0
[2024-10-06 22:18:27,351][INFO] Step 76: size: 76, coverage: 97.00%, cost: 462.0
[2024-10-06 22:18:27,355][INFO] Step 77: size: 77, coverage: 97.50%, cost: 478.0
[2024-10-06 22:18:27,359][INFO] Step 78: size: 78, coverage: 98.00%, cost: 496.0
[2024-10-06 22:18:27,363][INFO] Step 79: size: 79, coverage: 99.00%, cost: 534.0
[2024-10-06 22:18:27,367][INFO] Step 80: size: 80, coverage: 99.50%, cost: 556.0
[2024-10-06 22:18:27,371][INFO] Step 81: size: 81, coverage: 100.00%, cost: 582.0
[2024-10-06 22:18:27,373][INFO] Size: 81 -> 70
[2024-10-06 22:18:27,373][INFO] Cost: 582.0 -> 543.0
[2024-10-06 22:21:29,028][INFO] Step 1: size: 1, coverage: 3.00%, cost: 1.0
[2024-10-06 22:21:29,031][INFO] Step 2: size: 2, coverage: 5.50%, cost: 2.0
[2024-10-06 22:21:29,034][INFO] Step 3: size: 3, coverage: 7.50%, cost: 3.0
[2024-10-06 22:21:29,037][INFO] Step 4: size: 4, coverage: 9.50%, cost: 4.0
[2024-10-06 22:21:29,041][INFO] Step 5: size: 5, coverage: 10.50%, cost: 5.0
[2024-10-06 22:21:29,044][INFO] Step 6: size: 6, coverage: 12.00%, cost: 6.0
[2024-10-06 22:21:29,047][INFO] Step 7: size: 7, coverage: 13.50%, cost: 7.0
[2024-10-06 22:21:29,050][INFO] Step 8: size: 8, coverage: 17.00%, cost: 10.0
[2024-10-06 22:21:29,054][INFO] Step 9: size: 9, coverage: 20.50%, cost: 13.0
[2024-10-06 22:21:29,057][INFO] Step 10: size: 10, coverage: 21.50%, cost: 14.0
[2024-10-06 22:21:29,060][INFO] Step 11: size: 11, coverage: 22.50%, cost: 15.0
[2024-10-06 22:21:29,064][INFO] Step 12: size: 12, coverage: 25.50%, cost: 18.0
[2024-10-06 22:21:29,067][INFO] Step 13: size: 13, coverage: 28.50%, cost: 21.0
[2024-10-06 22:21:29,070][INFO] Step 14: size: 14, coverage: 30.00%, cost: 23.0
[2024-10-06 22:21:29,074][INFO] Step 15: size: 15, coverage: 33.00%, cost: 27.0
[2024-10-06 22:21:29,077][INFO] Step 16: size: 16, coverage: 35.00%, cost: 30.0
[2024-10-06 22:21:29,080][INFO] Step 17: size: 17, coverage: 38.00%, cost: 35.0
[2024-10-06 22:21:29,083][INFO] Step 18: size: 18, coverage: 39.00%, cost: 37.0
[2024-10-06 22:21:29,087][INFO] Step 19: size: 19, coverage: 40.00%, cost: 39.0
[2024-10-06 22:21:29,090][INFO] Step 20: size: 20, coverage: 41.00%, cost: 41.0
[2024-10-06 22:21:29,093][INFO] Step 21: size: 21, coverage: 42.50%, cost: 44.0
[2024-10-06 22:21:29,097][INFO] Step 22: size: 22, coverage: 44.00%, cost: 47.0
[2024-10-06 22:21:29,100][INFO] Step 23: size: 23, coverage: 46.00%, cost: 51.0
[2024-10-06 22:21:29,103][INFO] Step 24: size: 24, coverage: 48.50%, cost: 57.0
[2024-10-06 22:21:29,107][INFO] Step 25: size: 25, coverage: 51.00%, cost: 63.0
[2024-10-06 22:21:29,110][INFO] Step 26: size: 26, coverage: 53.00%, cost: 68.0
[2024-10-06 22:21:29,113][INFO] Step 27: size: 27, coverage: 55.00%, cost: 73.0
[2024-10-06 22:21:29,117][INFO] Step 28: size: 28, coverage: 55.50%, cost: 75.0
[2024-10-06 22:21:29,120][INFO] Step 29: size: 29, coverage: 57.00%, cost: 79.0
[2024-10-06 22:21:29,123][INFO] Step 30: size: 30, coverage: 58.00%, cost: 82.0
[2024-10-06 22:21:29,127][INFO] Step 31: size: 31, coverage: 59.00%, cost: 85.0
[2024-10-06 22:21:29,130][INFO] Step 32: size: 32, coverage: 60.50%, cost: 90.0
[2024-10-06 22:21:29,134][INFO] Step 33: size: 33, coverage: 62.50%, cost: 97.0
[2024-10-06 22:21:29,137][INFO] Step 34: size: 34, coverage: 63.00%, cost: 99.0
[2024-10-06 22:21:29,141][INFO] Step 35: size: 35, coverage: 64.00%, cost: 103.0
[2024-10-06 22:21:29,144][INFO] Step 36: size: 36, coverage: 65.50%, cost: 109.0
[2024-10-06 22:21:29,148][INFO] Step 37: size: 37, coverage: 67.00%, cost: 115.0
[2024-10-06 22:21:29,151][INFO] Step 38: size: 38, coverage: 68.50%, cost: 121.0
[2024-10-06 22:21:29,155][INFO] Step 39: size: 39, coverage: 69.50%, cost: 126.0
[2024-10-06 22:21:29,158][INFO] Step 40: size: 40, coverage: 70.50%, cost: 131.0
[2024-10-06 22:21:29,162][INFO] Step 41: size: 41, coverage: 72.00%, cost: 139.0
[2024-10-06 22:21:29,165][INFO] Step 42: size: 42, coverage: 72.50%, cost: 142.0
[2024-10-06 22:21:29,169][INFO] Step 43: size: 43, coverage: 73.00%, cost: 145.0
[2024-10-06 22:21:29,172][INFO] Step 44: size: 44, coverage: 74.00%, cost: 151.0
[2024-10-06 22:21:29,176][INFO] Step 45: size: 45, coverage: 75.00%, cost: 157.0
[2024-10-06 22:21:29,179][INFO] Step 46: size: 46, coverage: 76.00%, cost: 164.0
[2024-10-06 22:21:29,183][INFO] Step 47: size: 47, coverage: 77.00%, cost: 171.0
[2024-10-06 22:21:29,187][INFO] Step 48: size: 48, coverage: 77.50%, cost: 175.0
[2024-10-06 22:21:29,190][INFO] Step 49: size: 49, coverage: 78.00%, cost: 179.0
[2024-10-06 22:21:29,194][INFO] Step 50: size: 50, coverage: 78.50%, cost: 183.0
[2024-10-06 22:21:29,198][INFO] Step 51: size: 51, coverage: 79.00%, cost: 187.0
[2024-10-06 22:21:29,201][INFO] Step 52: size: 52, coverage: 79.50%, cost: 192.0
[2024-10-06 22:21:29,205][INFO] Step 53: size: 53, coverage: 80.50%, cost: 200.0
[2024-10-06 22:21:29,209][INFO] Step 54: size: 54, coverage: 81.50%, cost: 208.0
[2024-10-06 22:21:29,212][INFO] Step 55: size: 55, coverage: 82.50%, cost: 217.0
[2024-10-06 22:21:29,216][INFO] Step 56: size: 56, coverage: 84.00%, cost: 231.0
[2024-10-06 22:21:29,220][INFO] Step 57: size: 57, coverage: 84.50%, cost: 236.0
[2024-10-06 22:21:29,223][INFO] Step 58: size: 58, coverage: 85.00%, cost: 241.0
[2024-10-06 22:21:29,227][INFO] Step 59: size: 59, coverage: 85.50%, cost: 246.0
[2024-10-06 22:21:29,231][INFO] Step 60: size: 60, coverage: 86.50%, cost: 257.0
[2024-10-06 22:21:29,235][INFO] Step 61: size: 61, coverage: 88.00%, cost: 274.0
[2024-10-06 22:21:29,239][INFO] Step 62: size: 62, coverage: 88.50%, cost: 280.0
[2024-10-06 22:21:29,242][INFO] Step 63: size: 63, coverage: 89.00%, cost: 286.0
[2024-10-06 22:21:29,246][INFO] Step 64: size: 64, coverage: 89.50%, cost: 293.0
[2024-10-06 22:21:29,250][INFO] Step 65: size: 65, coverage: 90.50%, cost: 309.0
[2024-10-06 22:21:29,254][INFO] Step 66: size: 66, coverage: 91.50%, cost: 326.0
[2024-10-06 22:21:29,258][INFO] Step 67: size: 67, coverage: 92.00%, cost: 335.0
[2024-10-06 22:21:29,262][INFO] Step 68: size: 68, coverage: 92.50%, cost: 345.0
[2024-10-06 22:21:29,266][INFO] Step 69: size: 69, coverage: 93.00%, cost: 356.0
[2024-10-06 22:21:29,269][INFO] Step 70: size: 70, coverage: 93.50%, cost: 368.0
[2024-10-06 22:21:29,273][INFO] Step 71: size: 71, coverage: 94.00%, cost: 380.0
[2024-10-06 22:21:29,277][INFO] Step 72: size: 72, coverage: 94.50%, cost: 392.0
[2024-10-06 22:21:29,281][INFO] Step 73: size: 73, coverage: 95.00%, cost: 404.0
[2024-10-06 22:21:29,285][INFO] Step 74: size: 74, coverage: 95.50%, cost: 416.0
[2024-10-06 22:21:29,289][INFO] Step 75: size: 75, coverage: 96.00%, cost: 431.0
[2024-10-06 22:21:29,293][INFO] Step 76: size: 76, coverage: 97.00%, cost: 462.0
[2024-10-06 22:21:29,297][INFO] Step 77: size: 77, coverage: 97.50%, cost: 478.0
[2024-10-06 22:21:29,301][INFO] Step 78: size: 78, coverage: 98.00%, cost: 496.0
[2024-10-06 22:21:29,305][INFO] Step 79: size: 79, coverage: 99.00%, cost: 534.0
[2024-10-06 22:21:29,309][INFO] Step 80: size: 80, coverage: 99.50%, cost: 556.0
[2024-10-06 22:21:29,314][INFO] Step 81: size: 81, coverage: 100.00%, cost: 582.0
[2024-10-06 22:21:29,314][INFO] Solved solution used 6 random steps
[2024-10-06 22:21:29,315][INFO] Size: 81 -> 71
[2024-10-06 22:21:29,315][INFO] Cost: 582.0 -> 544.0
[2024-10-08 22:46:31,192][INFO] Step 1: size: 1, coverage: 3.00%, cost: 1.0
[2024-10-08 22:46:31,195][INFO] Step 2: size: 2, coverage: 5.50%, cost: 2.0
[2024-10-08 22:46:31,199][INFO] Step 3: size: 3, coverage: 7.50%, cost: 3.0
[2024-10-08 22:46:31,202][INFO] Step 4: size: 4, coverage: 9.50%, cost: 4.0
[2024-10-08 22:46:31,206][INFO] Step 5: size: 5, coverage: 10.50%, cost: 5.0
[2024-10-08 22:46:31,209][INFO] Step 6: size: 6, coverage: 12.00%, cost: 6.0
[2024-10-08 22:46:31,212][INFO] Step 7: size: 7, coverage: 13.50%, cost: 7.0
[2024-10-08 22:46:31,215][INFO] Step 8: size: 8, coverage: 17.00%, cost: 10.0
[2024-10-08 22:46:31,219][INFO] Step 9: size: 9, coverage: 20.50%, cost: 13.0
[2024-10-08 22:46:31,225][INFO] Step 10: size: 10, coverage: 21.50%, cost: 14.0
[2024-10-08 22:46:31,228][INFO] Step 11: size: 11, coverage: 22.50%, cost: 15.0
[2024-10-08 22:46:31,232][INFO] Step 12: size: 12, coverage: 25.50%, cost: 18.0
[2024-10-08 22:46:31,235][INFO] Step 13: size: 13, coverage: 28.50%, cost: 21.0
[2024-10-08 22:46:31,239][INFO] Step 14: size: 14, coverage: 30.00%, cost: 23.0
[2024-10-08 22:46:31,242][INFO] Step 15: size: 15, coverage: 33.00%, cost: 27.0
[2024-10-08 22:46:31,245][INFO] Step 16: size: 16, coverage: 35.00%, cost: 30.0
[2024-10-08 22:46:31,249][INFO] Step 17: size: 17, coverage: 38.00%, cost: 35.0
[2024-10-08 22:46:31,252][INFO] Step 18: size: 18, coverage: 39.00%, cost: 37.0
[2024-10-08 22:46:31,256][INFO] Step 19: size: 19, coverage: 40.00%, cost: 39.0
[2024-10-08 22:46:31,259][INFO] Step 20: size: 20, coverage: 41.00%, cost: 41.0
[2024-10-08 22:46:31,262][INFO] Step 21: size: 21, coverage: 42.50%, cost: 44.0
[2024-10-08 22:46:31,266][INFO] Step 22: size: 22, coverage: 44.00%, cost: 47.0
[2024-10-08 22:46:31,270][INFO] Step 23: size: 23, coverage: 46.00%, cost: 51.0
[2024-10-08 22:46:31,274][INFO] Step 24: size: 24, coverage: 48.50%, cost: 57.0
[2024-10-08 22:46:31,278][INFO] Step 25: size: 25, coverage: 51.00%, cost: 63.0
[2024-10-08 22:46:31,282][INFO] Step 26: size: 26, coverage: 53.00%, cost: 68.0
[2024-10-08 22:46:31,286][INFO] Step 27: size: 27, coverage: 55.00%, cost: 73.0
[2024-10-08 22:46:31,289][INFO] Step 28: size: 28, coverage: 55.50%, cost: 75.0
[2024-10-08 22:46:31,293][INFO] Step 29: size: 29, coverage: 57.00%, cost: 79.0
[2024-10-08 22:46:31,296][INFO] Step 30: size: 30, coverage: 58.00%, cost: 82.0
[2024-10-08 22:46:31,299][INFO] Step 31: size: 31, coverage: 59.00%, cost: 85.0
[2024-10-08 22:46:31,303][INFO] Step 32: size: 32, coverage: 60.50%, cost: 90.0
[2024-10-08 22:46:31,307][INFO] Step 33: size: 33, coverage: 62.50%, cost: 97.0
[2024-10-08 22:46:31,310][INFO] Step 34: size: 34, coverage: 63.00%, cost: 99.0
[2024-10-08 22:46:31,314][INFO] Step 35: size: 35, coverage: 64.00%, cost: 103.0
[2024-10-08 22:46:31,317][INFO] Step 36: size: 36, coverage: 65.50%, cost: 109.0
[2024-10-08 22:46:31,321][INFO] Step 37: size: 37, coverage: 67.00%, cost: 115.0
[2024-10-08 22:46:31,325][INFO] Step 38: size: 38, coverage: 68.50%, cost: 121.0
[2024-10-08 22:46:31,328][INFO] Step 39: size: 39, coverage: 69.50%, cost: 126.0
[2024-10-08 22:46:31,332][INFO] Step 40: size: 40, coverage: 70.50%, cost: 131.0
[2024-10-08 22:46:31,336][INFO] Step 41: size: 41, coverage: 72.00%, cost: 139.0
[2024-10-08 22:46:31,339][INFO] Step 42: size: 42, coverage: 72.50%, cost: 142.0
[2024-10-08 22:46:31,343][INFO] Step 43: size: 43, coverage: 73.00%, cost: 145.0
[2024-10-08 22:46:31,346][INFO] Step 44: size: 44, coverage: 74.00%, cost: 151.0
[2024-10-08 22:46:31,350][INFO] Step 45: size: 45, coverage: 75.00%, cost: 157.0
[2024-10-08 22:46:31,354][INFO] Step 46: size: 46, coverage: 76.00%, cost: 164.0
[2024-10-08 22:46:31,357][INFO] Step 47: size: 47, coverage: 77.00%, cost: 171.0
[2024-10-08 22:46:31,361][INFO] Step 48: size: 48, coverage: 77.50%, cost: 175.0
[2024-10-08 22:46:31,364][INFO] Step 49: size: 49, coverage: 78.00%, cost: 179.0
[2024-10-08 22:46:31,368][INFO] Step 50: size: 50, coverage: 78.50%, cost: 183.0
[2024-10-08 22:46:31,372][INFO] Step 51: size: 51, coverage: 79.00%, cost: 187.0
[2024-10-08 22:46:31,376][INFO] Step 52: size: 52, coverage: 79.50%, cost: 192.0
[2024-10-08 22:46:31,379][INFO] Step 53: size: 53, coverage: 80.50%, cost: 200.0
[2024-10-08 22:46:31,383][INFO] Step 54: size: 54, coverage: 81.50%, cost: 208.0
[2024-10-08 22:46:31,387][INFO] Step 55: size: 55, coverage: 82.50%, cost: 217.0
[2024-10-08 22:46:31,390][INFO] Step 56: size: 56, coverage: 84.00%, cost: 231.0
[2024-10-08 22:46:31,394][INFO] Step 57: size: 57, coverage: 84.50%, cost: 236.0
[2024-10-08 22:46:31,398][INFO] Step 58: size: 58, coverage: 85.00%, cost: 241.0
[2024-10-08 22:46:31,402][INFO] Step 59: size: 59, coverage: 85.50%, cost: 246.0
[2024-10-08 22:46:31,406][INFO] Step 60: size: 60, coverage: 86.50%, cost: 257.0
[2024-10-08 22:46:31,410][INFO] Step 61: size: 61, coverage: 88.00%, cost: 274.0
[2024-10-08 22:46:31,414][INFO] Step 62: size: 62, coverage: 88.50%, cost: 280.0
[2024-10-08 22:46:31,418][INFO] Step 63: size: 63, coverage: 89.00%, cost: 286.0
[2024-10-08 22:46:31,421][INFO] Step 64: size: 64, coverage: 89.50%, cost: 293.0
[2024-10-08 22:46:31,425][INFO] Step 65: size: 65, coverage: 90.50%, cost: 309.0
[2024-10-08 22:46:31,429][INFO] Step 66: size: 66, coverage: 91.50%, cost: 326.0
[2024-10-08 22:46:31,433][INFO] Step 67: size: 67, coverage: 92.00%, cost: 335.0
[2024-10-08 22:46:31,437][INFO] Step 68: size: 68, coverage: 92.50%, cost: 345.0
[2024-10-08 22:46:31,441][INFO] Step 69: size: 69, coverage: 93.00%, cost: 356.0
[2024-10-08 22:46:31,445][INFO] Step 70: size: 70, coverage: 93.50%, cost: 368.0
[2024-10-08 22:46:31,449][INFO] Step 71: size: 71, coverage: 94.00%, cost: 380.0
[2024-10-08 22:46:31,453][INFO] Step 72: size: 72, coverage: 94.50%, cost: 392.0
[2024-10-08 22:46:31,457][INFO] Step 73: size: 73, coverage: 95.00%, cost: 404.0
[2024-10-08 22:46:31,461][INFO] Step 74: size: 74, coverage: 95.50%, cost: 416.0
[2024-10-08 22:46:31,465][INFO] Step 75: size: 75, coverage: 96.00%, cost: 431.0
[2024-10-08 22:46:31,469][INFO] Step 76: size: 76, coverage: 97.00%, cost: 462.0
[2024-10-08 22:46:31,473][INFO] Step 77: size: 77, coverage: 97.50%, cost: 478.0
[2024-10-08 22:46:31,477][INFO] Step 78: size: 78, coverage: 98.00%, cost: 496.0
[2024-10-08 22:46:31,482][INFO] Step 79: size: 79, coverage: 99.00%, cost: 534.0
[2024-10-08 22:46:31,486][INFO] Step 80: size: 80, coverage: 99.50%, cost: 556.0
[2024-10-08 22:46:31,490][INFO] Step 81: size: 81, coverage: 100.00%, cost: 582.0
[2024-10-08 22:46:31,490][INFO] Solved solution used 6 random steps
[2024-10-08 22:46:31,492][INFO] Size: 81 -> 71
[2024-10-08 22:46:31,492][INFO] Cost: 582.0 -> 544.0
[2024-10-08 23:01:13,830][INFO] Step 1: size: 1, coverage: 3.00%, cost: 1.0
[2024-10-08 23:01:13,833][INFO] Step 2: size: 2, coverage: 5.50%, cost: 2.0
[2024-10-08 23:01:13,836][INFO] Step 3: size: 3, coverage: 7.50%, cost: 3.0
[2024-10-08 23:01:13,840][INFO] Step 4: size: 4, coverage: 9.50%, cost: 4.0
[2024-10-08 23:01:13,843][INFO] Step 5: size: 5, coverage: 10.50%, cost: 5.0
[2024-10-08 23:01:13,846][INFO] Step 6: size: 6, coverage: 12.00%, cost: 6.0
[2024-10-08 23:01:13,849][INFO] Step 7: size: 7, coverage: 13.50%, cost: 7.0
[2024-10-08 23:01:13,853][INFO] Step 8: size: 8, coverage: 17.00%, cost: 10.0
[2024-10-08 23:01:13,856][INFO] Step 9: size: 9, coverage: 20.50%, cost: 13.0
[2024-10-08 23:01:13,859][INFO] Step 10: size: 10, coverage: 21.50%, cost: 14.0
[2024-10-08 23:01:13,863][INFO] Step 11: size: 11, coverage: 22.50%, cost: 15.0
[2024-10-08 23:01:13,866][INFO] Step 12: size: 12, coverage: 25.50%, cost: 18.0
[2024-10-08 23:01:13,869][INFO] Step 13: size: 13, coverage: 28.50%, cost: 21.0
[2024-10-08 23:01:13,873][INFO] Step 14: size: 14, coverage: 30.00%, cost: 23.0
[2024-10-08 23:01:13,876][INFO] Step 15: size: 15, coverage: 33.00%, cost: 27.0
[2024-10-08 23:01:13,880][INFO] Step 16: size: 16, coverage: 35.00%, cost: 30.0
[2024-10-08 23:01:13,883][INFO] Step 17: size: 17, coverage: 38.00%, cost: 35.0
[2024-10-08 23:01:13,886][INFO] Step 18: size: 18, coverage: 39.00%, cost: 37.0
[2024-10-08 23:01:13,890][INFO] Step 19: size: 19, coverage: 40.00%, cost: 39.0
[2024-10-08 23:01:13,893][INFO] Step 20: size: 20, coverage: 41.00%, cost: 41.0
[2024-10-08 23:01:13,896][INFO] Step 21: size: 21, coverage: 42.50%, cost: 44.0
[2024-10-08 23:01:13,900][INFO] Step 22: size: 22, coverage: 44.00%, cost: 47.0
[2024-10-08 23:01:13,903][INFO] Step 23: size: 23, coverage: 46.00%, cost: 51.0
[2024-10-08 23:01:13,906][INFO] Step 24: size: 24, coverage: 48.50%, cost: 57.0
[2024-10-08 23:01:13,910][INFO] Step 25: size: 25, coverage: 51.00%, cost: 63.0
[2024-10-08 23:01:13,913][INFO] Step 26: size: 26, coverage: 53.00%, cost: 68.0
[2024-10-08 23:01:13,916][INFO] Step 27: size: 27, coverage: 55.00%, cost: 73.0
[2024-10-08 23:01:13,920][INFO] Step 28: size: 28, coverage: 55.50%, cost: 75.0
[2024-10-08 23:01:13,923][INFO] Step 29: size: 29, coverage: 57.00%, cost: 79.0
[2024-10-08 23:01:13,927][INFO] Step 30: size: 30, coverage: 58.00%, cost: 82.0
[2024-10-08 23:01:13,930][INFO] Step 31: size: 31, coverage: 59.00%, cost: 85.0
[2024-10-08 23:01:13,933][INFO] Step 32: size: 32, coverage: 60.50%, cost: 90.0
[2024-10-08 23:01:13,937][INFO] Step 33: size: 33, coverage: 62.50%, cost: 97.0
[2024-10-08 23:01:13,940][INFO] Step 34: size: 34, coverage: 63.00%, cost: 99.0
[2024-10-08 23:01:13,944][INFO] Step 35: size: 35, coverage: 64.00%, cost: 103.0
[2024-10-08 23:01:13,947][INFO] Step 36: size: 36, coverage: 65.50%, cost: 109.0
[2024-10-08 23:01:13,951][INFO] Step 37: size: 37, coverage: 67.00%, cost: 115.0
[2024-10-08 23:01:13,954][INFO] Step 38: size: 38, coverage: 68.50%, cost: 121.0
[2024-10-08 23:01:13,958][INFO] Step 39: size: 39, coverage: 69.50%, cost: 126.0
[2024-10-08 23:01:13,961][INFO] Step 40: size: 40, coverage: 70.50%, cost: 131.0
[2024-10-08 23:01:13,965][INFO] Step 41: size: 41, coverage: 72.00%, cost: 139.0
[2024-10-08 23:01:13,968][INFO] Step 42: size: 42, coverage: 72.50%, cost: 142.0
[2024-10-08 23:01:13,972][INFO] Step 43: size: 43, coverage: 73.00%, cost: 145.0
[2024-10-08 23:01:13,975][INFO] Step 44: size: 44, coverage: 74.00%, cost: 151.0
[2024-10-08 23:01:13,979][INFO] Step 45: size: 45, coverage: 75.00%, cost: 157.0
[2024-10-08 23:01:13,982][INFO] Step 46: size: 46, coverage: 76.00%, cost: 164.0
[2024-10-08 23:01:13,986][INFO] Step 47: size: 47, coverage: 77.00%, cost: 171.0
[2024-10-08 23:01:13,989][INFO] Step 48: size: 48, coverage: 77.50%, cost: 175.0
[2024-10-08 23:01:13,993][INFO] Step 49: size: 49, coverage: 78.00%, cost: 179.0
[2024-10-08 23:01:13,996][INFO] Step 50: size: 50, coverage: 78.50%, cost: 183.0
[2024-10-08 23:01:14,000][INFO] Step 51: size: 51, coverage: 79.00%, cost: 187.0
[2024-10-08 23:01:14,004][INFO] Step 52: size: 52, coverage: 79.50%, cost: 192.0
[2024-10-08 23:01:14,008][INFO] Step 53: size: 53, coverage: 80.50%, cost: 200.0
[2024-10-08 23:01:14,011][INFO] Step 54: size: 54, coverage: 81.50%, cost: 208.0
[2024-10-08 23:01:14,015][INFO] Step 55: size: 55, coverage: 82.50%, cost: 217.0
[2024-10-08 23:01:14,018][INFO] Step 56: size: 56, coverage: 84.00%, cost: 231.0
[2024-10-08 23:01:14,022][INFO] Step 57: size: 57, coverage: 84.50%, cost: 236.0
[2024-10-08 23:01:14,026][INFO] Step 58: size: 58, coverage: 85.00%, cost: 241.0
[2024-10-08 23:01:14,030][INFO] Step 59: size: 59, coverage: 85.50%, cost: 246.0
[2024-10-08 23:01:14,034][INFO] Step 60: size: 60, coverage: 86.50%, cost: 257.0
[2024-10-08 23:01:14,037][INFO] Step 61: size: 61, coverage: 88.00%, cost: 274.0
[2024-10-08 23:01:14,041][INFO] Step 62: size: 62, coverage: 88.50%, cost: 280.0
[2024-10-08 23:01:14,045][INFO] Step 63: size: 63, coverage: 89.00%, cost: 286.0
[2024-10-08 23:01:14,049][INFO] Step 64: size: 64, coverage: 89.50%, cost: 293.0
[2024-10-08 23:01:14,053][INFO] Step 65: size: 65, coverage: 90.50%, cost: 309.0
[2024-10-08 23:01:14,056][INFO] Step 66: size: 66, coverage: 91.50%, cost: 326.0
[2024-10-08 23:01:14,060][INFO] Step 67: size: 67, coverage: 92.00%, cost: 335.0
[2024-10-08 23:01:14,064][INFO] Step 68: size: 68, coverage: 92.50%, cost: 345.0
[2024-10-08 23:01:14,068][INFO] Step 69: size: 69, coverage: 93.00%, cost: 356.0
[2024-10-08 23:01:14,072][INFO] Step 70: size: 70, coverage: 93.50%, cost: 368.0
[2024-10-08 23:01:14,076][INFO] Step 71: size: 71, coverage: 94.00%, cost: 380.0
[2024-10-08 23:01:14,080][INFO] Step 72: size: 72, coverage: 94.50%, cost: 392.0
[2024-10-08 23:01:14,084][INFO] Step 73: size: 73, coverage: 95.00%, cost: 404.0
[2024-10-08 23:01:14,087][INFO] Step 74: size: 74, coverage: 95.50%, cost: 416.0
[2024-10-08 23:01:14,092][INFO] Step 75: size: 75, coverage: 96.00%, cost: 431.0
[2024-10-08 23:01:14,095][INFO] Step 76: size: 76, coverage: 97.00%, cost: 462.0
[2024-10-08 23:01:14,099][INFO] Step 77: size: 77, coverage: 97.50%, cost: 478.0
[2024-10-08 23:01:14,103][INFO] Step 78: size: 78, coverage: 98.00%, cost: 496.0
[2024-10-08 23:01:14,107][INFO] Step 79: size: 79, coverage: 99.00%, cost: 534.0
[2024-10-08 23:01:14,111][INFO] Step 80: size: 80, coverage: 99.50%, cost: 556.0
[2024-10-08 23:01:14,115][INFO] Step 81: size: 81, coverage: 100.00%, cost: 582.0
[2024-10-08 23:01:14,115][INFO] Solved solution used 6 random steps
[2024-10-08 23:01:14,117][INFO] Size: 81 -> 71
[2024-10-08 23:01:14,117][INFO] Cost: 582.0 -> 544.0
[2024-10-08 23:02:49,151][INFO] Step 1: size: 1, coverage: 3.00%, cost: 1.0
[2024-10-08 23:02:49,154][INFO] Step 2: size: 2, coverage: 5.50%, cost: 2.0
[2024-10-08 23:02:49,158][INFO] Step 3: size: 3, coverage: 7.50%, cost: 3.0
[2024-10-08 23:02:49,161][INFO] Step 4: size: 4, coverage: 9.50%, cost: 4.0
[2024-10-08 23:02:49,164][INFO] Step 5: size: 5, coverage: 10.50%, cost: 5.0
[2024-10-08 23:02:49,167][INFO] Step 6: size: 6, coverage: 12.00%, cost: 6.0
[2024-10-08 23:02:49,171][INFO] Step 7: size: 7, coverage: 13.50%, cost: 7.0
[2024-10-08 23:02:49,174][INFO] Step 8: size: 8, coverage: 17.00%, cost: 10.0
[2024-10-08 23:02:49,177][INFO] Step 9: size: 9, coverage: 20.50%, cost: 13.0
[2024-10-08 23:02:49,180][INFO] Step 10: size: 10, coverage: 21.50%, cost: 14.0
[2024-10-08 23:02:49,184][INFO] Step 11: size: 11, coverage: 22.50%, cost: 15.0
[2024-10-08 23:02:49,187][INFO] Step 12: size: 12, coverage: 25.50%, cost: 18.0
[2024-10-08 23:02:49,190][INFO] Step 13: size: 13, coverage: 28.50%, cost: 21.0
[2024-10-08 23:02:49,194][INFO] Step 14: size: 14, coverage: 30.00%, cost: 23.0
[2024-10-08 23:02:49,197][INFO] Step 15: size: 15, coverage: 33.00%, cost: 27.0
[2024-10-08 23:02:49,200][INFO] Step 16: size: 16, coverage: 35.00%, cost: 30.0
[2024-10-08 23:02:49,204][INFO] Step 17: size: 17, coverage: 38.00%, cost: 35.0
[2024-10-08 23:02:49,207][INFO] Step 18: size: 18, coverage: 39.00%, cost: 37.0
[2024-10-08 23:02:49,210][INFO] Step 19: size: 19, coverage: 40.00%, cost: 39.0
[2024-10-08 23:02:49,214][INFO] Step 20: size: 20, coverage: 41.00%, cost: 41.0
[2024-10-08 23:02:49,217][INFO] Step 21: size: 21, coverage: 42.50%, cost: 44.0
[2024-10-08 23:02:49,220][INFO] Step 22: size: 22, coverage: 44.00%, cost: 47.0
[2024-10-08 23:02:49,224][INFO] Step 23: size: 23, coverage: 46.00%, cost: 51.0
[2024-10-08 23:02:49,227][INFO] Step 24: size: 24, coverage: 48.50%, cost: 57.0
[2024-10-08 23:02:49,230][INFO] Step 25: size: 25, coverage: 51.00%, cost: 63.0
[2024-10-08 23:02:49,234][INFO] Step 26: size: 26, coverage: 53.00%, cost: 68.0
[2024-10-08 23:02:49,237][INFO] Step 27: size: 27, coverage: 55.00%, cost: 73.0
[2024-10-08 23:02:49,240][INFO] Step 28: size: 28, coverage: 55.50%, cost: 75.0
[2024-10-08 23:02:49,244][INFO] Step 29: size: 29, coverage: 57.00%, cost: 79.0
[2024-10-08 23:02:49,247][INFO] Step 30: size: 30, coverage: 58.00%, cost: 82.0
[2024-10-08 23:02:49,251][INFO] Step 31: size: 31, coverage: 59.00%, cost: 85.0
[2024-10-08 23:02:49,254][INFO] Step 32: size: 32, coverage: 60.50%, cost: 90.0
[2024-10-08 23:02:49,257][INFO] Step 33: size: 33, coverage: 62.50%, cost: 97.0
[2024-10-08 23:02:49,261][INFO] Step 34: size: 34, coverage: 63.00%, cost: 99.0
[2024-10-08 23:02:49,264][INFO] Step 35: size: 35, coverage: 64.00%, cost: 103.0
[2024-10-08 23:02:49,268][INFO] Step 36: size: 36, coverage: 65.50%, cost: 109.0
[2024-10-08 23:02:49,271][INFO] Step 37: size: 37, coverage: 67.00%, cost: 115.0
[2024-10-08 23:02:49,275][INFO] Step 38: size: 38, coverage: 68.50%, cost: 121.0
[2024-10-08 23:02:49,278][INFO] Step 39: size: 39, coverage: 69.50%, cost: 126.0
[2024-10-08 23:02:49,282][INFO] Step 40: size: 40, coverage: 70.50%, cost: 131.0
[2024-10-08 23:02:49,285][INFO] Step 41: size: 41, coverage: 72.00%, cost: 139.0
[2024-10-08 23:02:49,289][INFO] Step 42: size: 42, coverage: 72.50%, cost: 142.0
[2024-10-08 23:02:49,293][INFO] Step 43: size: 43, coverage: 73.00%, cost: 145.0
[2024-10-08 23:02:49,296][INFO] Step 44: size: 44, coverage: 74.00%, cost: 151.0
[2024-10-08 23:02:49,300][INFO] Step 45: size: 45, coverage: 75.00%, cost: 157.0
[2024-10-08 23:02:49,303][INFO] Step 46: size: 46, coverage: 76.00%, cost: 164.0
[2024-10-08 23:02:49,307][INFO] Step 47: size: 47, coverage: 77.00%, cost: 171.0
[2024-10-08 23:02:49,311][INFO] Step 48: size: 48, coverage: 77.50%, cost: 175.0
[2024-10-08 23:02:49,314][INFO] Step 49: size: 49, coverage: 78.00%, cost: 179.0
[2024-10-08 23:02:49,318][INFO] Step 50: size: 50, coverage: 78.50%, cost: 183.0
[2024-10-08 23:02:49,321][INFO] Step 51: size: 51, coverage: 79.00%, cost: 187.0
[2024-10-08 23:02:49,325][INFO] Step 52: size: 52, coverage: 79.50%, cost: 192.0
[2024-10-08 23:02:49,329][INFO] Step 53: size: 53, coverage: 80.50%, cost: 200.0
[2024-10-08 23:02:49,333][INFO] Step 54: size: 54, coverage: 81.50%, cost: 208.0
[2024-10-08 23:02:49,336][INFO] Step 55: size: 55, coverage: 82.50%, cost: 217.0
[2024-10-08 23:02:49,340][INFO] Step 56: size: 56, coverage: 84.00%, cost: 231.0
[2024-10-08 23:02:49,344][INFO] Step 57: size: 57, coverage: 84.50%, cost: 236.0
[2024-10-08 23:02:49,348][INFO] Step 58: size: 58, coverage: 85.00%, cost: 241.0
[2024-10-08 23:02:49,351][INFO] Step 59: size: 59, coverage: 85.50%, cost: 246.0
[2024-10-08 23:02:49,356][INFO] Step 60: size: 60, coverage: 86.50%, cost: 257.0
[2024-10-08 23:02:49,360][INFO] Step 61: size: 61, coverage: 88.00%, cost: 274.0
[2024-10-08 23:02:49,364][INFO] Step 62: size: 62, coverage: 88.50%, cost: 280.0
[2024-10-08 23:02:49,370][INFO] Step 63: size: 63, coverage: 89.00%, cost: 286.0
[2024-10-08 23:02:49,383][INFO] Step 64: size: 64, coverage: 89.50%, cost: 293.0
[2024-10-08 23:02:49,395][INFO] Step 65: size: 65, coverage: 90.50%, cost: 309.0
[2024-10-08 23:02:49,406][INFO] Step 66: size: 66, coverage: 91.50%, cost: 326.0
[2024-10-08 23:02:49,418][INFO] Step 67: size: 67, coverage: 92.00%, cost: 335.0
[2024-10-08 23:02:49,429][INFO] Step 68: size: 68, coverage: 92.50%, cost: 345.0
[2024-10-08 23:02:49,441][INFO] Step 69: size: 69, coverage: 93.00%, cost: 356.0
[2024-10-08 23:02:49,452][INFO] Step 70: size: 70, coverage: 93.50%, cost: 368.0
[2024-10-08 23:02:49,461][INFO] Step 71: size: 71, coverage: 94.00%, cost: 380.0
[2024-10-08 23:02:49,466][INFO] Step 72: size: 72, coverage: 94.50%, cost: 392.0
[2024-10-08 23:02:49,470][INFO] Step 73: size: 73, coverage: 95.00%, cost: 404.0
[2024-10-08 23:02:49,474][INFO] Step 74: size: 74, coverage: 95.50%, cost: 416.0
[2024-10-08 23:02:49,478][INFO] Step 75: size: 75, coverage: 96.00%, cost: 431.0
[2024-10-08 23:02:49,482][INFO] Step 76: size: 76, coverage: 97.00%, cost: 462.0
[2024-10-08 23:02:49,486][INFO] Step 77: size: 77, coverage: 97.50%, cost: 478.0
[2024-10-08 23:02:49,490][INFO] Step 78: size: 78, coverage: 98.00%, cost: 496.0
[2024-10-08 23:02:49,494][INFO] Step 79: size: 79, coverage: 99.00%, cost: 534.0
[2024-10-08 23:02:49,498][INFO] Step 80: size: 80, coverage: 99.50%, cost: 556.0
[2024-10-08 23:02:49,503][INFO] Step 81: size: 81, coverage: 100.00%, cost: 582.0
[2024-10-08 23:02:49,503][INFO] Solved solution used 6 random steps
[2024-10-08 23:02:49,504][INFO] Size: 81 -> 71
[2024-10-08 23:02:49,504][INFO] Cost: 582.0 -> 544.0
[2024-10-08 23:07:43,256][INFO] Step 1: size: 1, coverage: 3.00%, cost: 1.0
[2024-10-08 23:07:43,259][INFO] Step 2: size: 2, coverage: 5.50%, cost: 2.0
[2024-10-08 23:07:43,263][INFO] Step 3: size: 3, coverage: 7.50%, cost: 3.0
[2024-10-08 23:07:43,266][INFO] Step 4: size: 4, coverage: 9.50%, cost: 4.0
[2024-10-08 23:07:43,269][INFO] Step 5: size: 5, coverage: 10.50%, cost: 5.0
[2024-10-08 23:07:43,272][INFO] Step 6: size: 6, coverage: 12.00%, cost: 6.0
[2024-10-08 23:07:43,276][INFO] Step 7: size: 7, coverage: 13.50%, cost: 7.0
[2024-10-08 23:07:43,279][INFO] Step 8: size: 8, coverage: 17.00%, cost: 10.0
[2024-10-08 23:07:43,282][INFO] Step 9: size: 9, coverage: 20.50%, cost: 13.0
[2024-10-08 23:07:43,286][INFO] Step 10: size: 10, coverage: 21.50%, cost: 14.0
[2024-10-08 23:07:43,289][INFO] Step 11: size: 11, coverage: 22.50%, cost: 15.0
[2024-10-08 23:07:43,292][INFO] Step 12: size: 12, coverage: 25.50%, cost: 18.0
[2024-10-08 23:07:43,295][INFO] Step 13: size: 13, coverage: 28.50%, cost: 21.0
[2024-10-08 23:07:43,299][INFO] Step 14: size: 14, coverage: 30.00%, cost: 23.0
[2024-10-08 23:07:43,302][INFO] Step 15: size: 15, coverage: 33.00%, cost: 27.0
[2024-10-08 23:07:43,305][INFO] Step 16: size: 16, coverage: 35.00%, cost: 30.0
[2024-10-08 23:07:43,309][INFO] Step 17: size: 17, coverage: 38.00%, cost: 35.0
[2024-10-08 23:07:43,312][INFO] Step 18: size: 18, coverage: 39.00%, cost: 37.0
[2024-10-08 23:07:43,315][INFO] Step 19: size: 19, coverage: 40.00%, cost: 39.0
[2024-10-08 23:07:43,319][INFO] Step 20: size: 20, coverage: 41.00%, cost: 41.0
[2024-10-08 23:07:43,322][INFO] Step 21: size: 21, coverage: 42.50%, cost: 44.0
[2024-10-08 23:07:43,325][INFO] Step 22: size: 22, coverage: 44.00%, cost: 47.0
[2024-10-08 23:07:43,329][INFO] Step 23: size: 23, coverage: 46.00%, cost: 51.0
[2024-10-08 23:07:43,332][INFO] Step 24: size: 24, coverage: 48.50%, cost: 57.0
[2024-10-08 23:07:43,335][INFO] Step 25: size: 25, coverage: 51.00%, cost: 63.0
[2024-10-08 23:07:43,339][INFO] Step 26: size: 26, coverage: 53.00%, cost: 68.0
[2024-10-08 23:07:43,342][INFO] Step 27: size: 27, coverage: 55.00%, cost: 73.0
[2024-10-08 23:07:43,346][INFO] Step 28: size: 28, coverage: 55.50%, cost: 75.0
[2024-10-08 23:07:43,349][INFO] Step 29: size: 29, coverage: 57.00%, cost: 79.0
[2024-10-08 23:07:43,353][INFO] Step 30: size: 30, coverage: 58.00%, cost: 82.0
[2024-10-08 23:07:43,356][INFO] Step 31: size: 31, coverage: 59.00%, cost: 85.0
[2024-10-08 23:07:43,359][INFO] Step 32: size: 32, coverage: 60.50%, cost: 90.0
[2024-10-08 23:07:43,363][INFO] Step 33: size: 33, coverage: 62.50%, cost: 97.0
[2024-10-08 23:07:43,366][INFO] Step 34: size: 34, coverage: 63.00%, cost: 99.0
[2024-10-08 23:07:43,370][INFO] Step 35: size: 35, coverage: 64.00%, cost: 103.0
[2024-10-08 23:07:43,373][INFO] Step 36: size: 36, coverage: 65.50%, cost: 109.0
[2024-10-08 23:07:43,377][INFO] Step 37: size: 37, coverage: 67.00%, cost: 115.0
[2024-10-08 23:07:43,380][INFO] Step 38: size: 38, coverage: 68.50%, cost: 121.0
[2024-10-08 23:07:43,384][INFO] Step 39: size: 39, coverage: 69.50%, cost: 126.0
[2024-10-08 23:07:43,387][INFO] Step 40: size: 40, coverage: 70.50%, cost: 131.0
[2024-10-08 23:07:43,391][INFO] Step 41: size: 41, coverage: 72.00%, cost: 139.0
[2024-10-08 23:07:43,394][INFO] Step 42: size: 42, coverage: 72.50%, cost: 142.0
[2024-10-08 23:07:43,398][INFO] Step 43: size: 43, coverage: 73.00%, cost: 145.0
[2024-10-08 23:07:43,402][INFO] Step 44: size: 44, coverage: 74.00%, cost: 151.0
[2024-10-08 23:07:43,405][INFO] Step 45: size: 45, coverage: 75.00%, cost: 157.0
[2024-10-08 23:07:43,409][INFO] Step 46: size: 46, coverage: 76.00%, cost: 164.0
[2024-10-08 23:07:43,412][INFO] Step 47: size: 47, coverage: 77.00%, cost: 171.0
[2024-10-08 23:07:43,416][INFO] Step 48: size: 48, coverage: 77.50%, cost: 175.0
[2024-10-08 23:07:43,420][INFO] Step 49: size: 49, coverage: 78.00%, cost: 179.0
[2024-10-08 23:07:43,423][INFO] Step 50: size: 50, coverage: 78.50%, cost: 183.0
[2024-10-08 23:07:43,427][INFO] Step 51: size: 51, coverage: 79.00%, cost: 187.0
[2024-10-08 23:07:43,431][INFO] Step 52: size: 52, coverage: 79.50%, cost: 192.0
[2024-10-08 23:07:43,434][INFO] Step 53: size: 53, coverage: 80.50%, cost: 200.0
[2024-10-08 23:07:43,438][INFO] Step 54: size: 54, coverage: 81.50%, cost: 208.0
[2024-10-08 23:07:43,442][INFO] Step 55: size: 55, coverage: 82.50%, cost: 217.0
[2024-10-08 23:07:43,445][INFO] Step 56: size: 56, coverage: 84.00%, cost: 231.0
[2024-10-08 23:07:43,449][INFO] Step 57: size: 57, coverage: 84.50%, cost: 236.0
[2024-10-08 23:07:43,453][INFO] Step 58: size: 58, coverage: 85.00%, cost: 241.0
[2024-10-08 23:07:43,457][INFO] Step 59: size: 59, coverage: 85.50%, cost: 246.0
[2024-10-08 23:07:43,460][INFO] Step 60: size: 60, coverage: 86.50%, cost: 257.0
[2024-10-08 23:07:43,464][INFO] Step 61: size: 61, coverage: 88.00%, cost: 274.0
[2024-10-08 23:07:43,468][INFO] Step 62: size: 62, coverage: 88.50%, cost: 280.0
[2024-10-08 23:07:43,472][INFO] Step 63: size: 63, coverage: 89.00%, cost: 286.0
[2024-10-08 23:07:43,476][INFO] Step 64: size: 64, coverage: 89.50%, cost: 293.0
[2024-10-08 23:07:43,479][INFO] Step 65: size: 65, coverage: 90.50%, cost: 309.0
[2024-10-08 23:07:43,483][INFO] Step 66: size: 66, coverage: 91.50%, cost: 326.0
[2024-10-08 23:07:43,487][INFO] Step 67: size: 67, coverage: 92.00%, cost: 335.0
[2024-10-08 23:07:43,491][INFO] Step 68: size: 68, coverage: 92.50%, cost: 345.0
[2024-10-08 23:07:43,495][INFO] Step 69: size: 69, coverage: 93.00%, cost: 356.0
[2024-10-08 23:07:43,499][INFO] Step 70: size: 70, coverage: 93.50%, cost: 368.0
[2024-10-08 23:07:43,503][INFO] Step 71: size: 71, coverage: 94.00%, cost: 380.0
[2024-10-08 23:07:43,507][INFO] Step 72: size: 72, coverage: 94.50%, cost: 392.0
[2024-10-08 23:07:43,511][INFO] Step 73: size: 73, coverage: 95.00%, cost: 404.0
[2024-10-08 23:07:43,515][INFO] Step 74: size: 74, coverage: 95.50%, cost: 416.0
[2024-10-08 23:07:43,519][INFO] Step 75: size: 75, coverage: 96.00%, cost: 431.0
[2024-10-08 23:07:43,523][INFO] Step 76: size: 76, coverage: 97.00%, cost: 462.0
[2024-10-08 23:07:43,527][INFO] Step 77: size: 77, coverage: 97.50%, cost: 478.0
[2024-10-08 23:07:43,531][INFO] Step 78: size: 78, coverage: 98.00%, cost: 496.0
[2024-10-08 23:07:43,535][INFO] Step 79: size: 79, coverage: 99.00%, cost: 534.0
[2024-10-08 23:07:43,539][INFO] Step 80: size: 80, coverage: 99.50%, cost: 556.0
[2024-10-08 23:07:43,543][INFO] Step 81: size: 81, coverage: 100.00%, cost: 582.0
[2024-10-08 23:07:43,543][INFO] Solved solution used 6 random steps
[2024-10-08 23:07:43,545][INFO] Size: 81 -> 71
[2024-10-08 23:07:43,545][INFO] Cost: 582.0 -> 544.0
[2024-10-13 15:18:25,459][INFO] Step 1: size: 1, coverage: 5.00%, cost: 17.0
[2024-10-13 15:18:25,462][INFO] Step 2: size: 2, coverage: 10.00%, cost: 53.0
[2024-10-13 15:18:25,465][INFO] Step 3: size: 3, coverage: 15.00%, cost: 96.0
[2024-10-13 15:18:25,468][INFO] Step 4: size: 4, coverage: 19.50%, cost: 162.0
[2024-10-13 15:18:25,472][INFO] Step 5: size: 5, coverage: 23.50%, cost: 165.0
[2024-10-13 15:18:25,475][INFO] Step 6: size: 6, coverage: 27.50%, cost: 171.0
[2024-10-13 15:18:25,478][INFO] Step 7: size: 7, coverage: 31.50%, cost: 232.0
[2024-10-13 15:18:25,482][INFO] Step 8: size: 8, coverage: 35.00%, cost: 243.0
[2024-10-13 15:18:25,485][INFO] Step 9: size: 9, coverage: 38.50%, cost: 266.0
[2024-10-13 15:18:25,488][INFO] Step 10: size: 10, coverage: 42.00%, cost: 290.0
[2024-10-13 15:18:25,491][INFO] Step 11: size: 11, coverage: 45.50%, cost: 336.0
[2024-10-13 15:18:25,494][INFO] Step 12: size: 12, coverage: 49.00%, cost: 402.0
[2024-10-13 15:18:25,498][INFO] Step 13: size: 13, coverage: 52.00%, cost: 405.0
[2024-10-13 15:18:25,501][INFO] Step 14: size: 14, coverage: 55.00%, cost: 419.0
[2024-10-13 15:18:25,504][INFO] Step 15: size: 15, coverage: 58.00%, cost: 464.0
[2024-10-13 15:18:25,508][INFO] Step 16: size: 16, coverage: 61.00%, cost: 551.0
[2024-10-13 15:18:25,511][INFO] Step 17: size: 17, coverage: 63.50%, cost: 588.0
[2024-10-13 15:18:25,514][INFO] Step 18: size: 18, coverage: 66.00%, cost: 632.0
[2024-10-13 15:18:25,517][INFO] Step 19: size: 19, coverage: 68.50%, cost: 730.0
[2024-10-13 15:18:25,521][INFO] Step 20: size: 20, coverage: 70.50%, cost: 731.0
[2024-10-13 15:18:25,524][INFO] Step 21: size: 21, coverage: 72.50%, cost: 736.0
[2024-10-13 15:18:25,527][INFO] Step 22: size: 22, coverage: 74.50%, cost: 742.0
[2024-10-13 15:18:25,531][INFO] Step 23: size: 23, coverage: 76.50%, cost: 749.0
[2024-10-13 15:18:25,534][INFO] Step 24: size: 24, coverage: 78.50%, cost: 777.0
[2024-10-13 15:18:25,538][INFO] Step 25: size: 25, coverage: 80.50%, cost: 813.0
[2024-10-13 15:18:25,541][INFO] Step 26: size: 26, coverage: 82.50%, cost: 849.0
[2024-10-13 15:18:25,545][INFO] Step 27: size: 27, coverage: 84.50%, cost: 913.0
[2024-10-13 15:18:25,548][INFO] Step 28: size: 28, coverage: 86.00%, cost: 918.0
[2024-10-13 15:18:25,552][INFO] Step 29: size: 29, coverage: 87.50%, cost: 931.0
[2024-10-13 15:18:25,555][INFO] Step 30: size: 30, coverage: 89.00%, cost: 962.0
[2024-10-13 15:18:25,560][INFO] Step 31: size: 31, coverage: 90.50%, cost: 995.0
[2024-10-13 15:18:25,563][INFO] Step 32: size: 32, coverage: 92.00%, cost: 1029.0
[2024-10-13 15:18:25,567][INFO] Step 33: size: 33, coverage: 93.00%, cost: 1030.0
[2024-10-13 15:18:25,570][INFO] Step 34: size: 34, coverage: 94.00%, cost: 1033.0
[2024-10-13 15:18:25,574][INFO] Step 35: size: 35, coverage: 95.00%, cost: 1050.0
[2024-10-13 15:18:25,577][INFO] Step 36: size: 36, coverage: 96.00%, cost: 1073.0
[2024-10-13 15:18:25,581][INFO] Step 37: size: 37, coverage: 97.00%, cost: 1121.0
[2024-10-13 15:18:25,585][INFO] Step 38: size: 38, coverage: 98.00%, cost: 1174.0
[2024-10-13 15:18:25,589][INFO] Step 39: size: 39, coverage: 99.00%, cost: 1266.0
[2024-10-13 15:18:25,593][INFO] Step 40: size: 40, coverage: 99.50%, cost: 1271.0
[2024-10-13 15:18:25,596][INFO] Step 41: size: 41, coverage: 100.00%, cost: 1308.0
[2024-10-13 15:18:25,597][INFO] Size: 41 -> 41
[2024-10-13 15:18:25,597][INFO] Cost: 1308.0 -> 1308.0
[2024-10-13 15:39:38,877][INFO] Step 1: size: 1, coverage: 3.00%, cost: 1.0
[2024-10-13 15:39:38,880][INFO] Step 2: size: 2, coverage: 5.50%, cost: 2.0
[2024-10-13 15:39:38,884][INFO] Step 3: size: 3, coverage: 7.50%, cost: 3.0
[2024-10-13 15:39:38,887][INFO] Step 4: size: 4, coverage: 9.50%, cost: 4.0
[2024-10-13 15:39:38,890][INFO] Step 5: size: 5, coverage: 12.50%, cost: 56.0
[2024-10-13 15:39:38,893][INFO] Step 6: size: 6, coverage: 14.00%, cost: 57.0
[2024-10-13 15:39:38,897][INFO] Step 7: size: 7, coverage: 15.50%, cost: 58.0
[2024-10-13 15:39:38,900][INFO] Step 8: size: 8, coverage: 18.00%, cost: 156.0
[2024-10-13 15:39:38,903][INFO] Step 9: size: 9, coverage: 21.50%, cost: 159.0
[2024-10-13 15:39:38,907][INFO] Step 10: size: 10, coverage: 22.50%, cost: 160.0
[2024-10-13 15:39:38,910][INFO] Step 11: size: 11, coverage: 23.50%, cost: 161.0
[2024-10-13 15:39:38,913][INFO] Step 12: size: 12, coverage: 26.50%, cost: 164.0
[2024-10-13 15:39:38,917][INFO] Step 13: size: 13, coverage: 29.50%, cost: 167.0
[2024-10-13 15:39:38,920][INFO] Step 14: size: 14, coverage: 32.00%, cost: 170.0
[2024-10-13 15:39:38,923][INFO] Step 15: size: 15, coverage: 34.50%, cost: 181.0
[2024-10-13 15:39:38,927][INFO] Step 16: size: 16, coverage: 36.50%, cost: 236.0
[2024-10-13 15:39:38,930][INFO] Step 17: size: 17, coverage: 38.00%, cost: 238.0
[2024-10-13 15:39:38,933][INFO] Step 18: size: 18, coverage: 40.50%, cost: 242.0
[2024-10-13 15:39:38,937][INFO] Step 19: size: 19, coverage: 43.50%, cost: 247.0
[2024-10-13 15:39:38,940][INFO] Step 20: size: 20, coverage: 44.00%, cost: 248.0
[2024-10-13 15:39:38,943][INFO] Step 21: size: 21, coverage: 45.00%, cost: 250.0
[2024-10-13 15:39:38,947][INFO] Step 22: size: 22, coverage: 46.00%, cost: 252.0
[2024-10-13 15:39:38,950][INFO] Step 23: size: 23, coverage: 47.00%, cost: 254.0
[2024-10-13 15:39:38,953][INFO] Step 24: size: 24, coverage: 48.00%, cost: 291.0
[2024-10-13 15:39:38,957][INFO] Step 25: size: 25, coverage: 48.50%, cost: 338.0
[2024-10-13 15:39:38,960][INFO] Step 26: size: 26, coverage: 49.50%, cost: 412.0
[2024-10-13 15:39:38,964][INFO] Step 27: size: 27, coverage: 51.00%, cost: 415.0
[2024-10-13 15:39:38,967][INFO] Step 28: size: 28, coverage: 52.50%, cost: 418.0
[2024-10-13 15:39:38,971][INFO] Step 29: size: 29, coverage: 55.00%, cost: 424.0
[2024-10-13 15:39:38,974][INFO] Step 30: size: 30, coverage: 56.00%, cost: 427.0
[2024-10-13 15:39:38,978][INFO] Step 31: size: 31, coverage: 57.00%, cost: 430.0
[2024-10-13 15:39:38,981][INFO] Step 32: size: 32, coverage: 59.00%, cost: 497.0
[2024-10-13 15:39:38,985][INFO] Step 33: size: 33, coverage: 59.50%, cost: 564.0
[2024-10-13 15:39:38,989][INFO] Step 34: size: 34, coverage: 60.00%, cost: 612.0
[2024-10-13 15:39:38,992][INFO] Step 35: size: 35, coverage: 62.00%, cost: 618.0
[2024-10-13 15:39:38,996][INFO] Step 36: size: 36, coverage: 63.50%, cost: 623.0
[2024-10-13 15:39:38,999][INFO] Step 37: size: 37, coverage: 65.00%, cost: 628.0
[2024-10-13 15:39:39,003][INFO] Step 38: size: 38, coverage: 65.50%, cost: 630.0
[2024-10-13 15:39:39,007][INFO] Step 39: size: 39, coverage: 66.50%, cost: 634.0
[2024-10-13 15:39:39,010][INFO] Step 40: size: 40, coverage: 67.50%, cost: 638.0
[2024-10-13 15:39:39,014][INFO] Step 41: size: 41, coverage: 69.00%, cost: 644.0
[2024-10-13 15:39:39,018][INFO] Step 42: size: 42, coverage: 70.50%, cost: 650.0
[2024-10-13 15:39:39,021][INFO] Step 43: size: 43, coverage: 71.00%, cost: 675.0
[2024-10-13 15:39:39,025][INFO] Step 44: size: 44, coverage: 72.00%, cost: 742.0
[2024-10-13 15:39:39,029][INFO] Step 45: size: 45, coverage: 73.50%, cost: 823.0
[2024-10-13 15:39:39,032][INFO] Step 46: size: 46, coverage: 75.00%, cost: 829.0
[2024-10-13 15:39:39,036][INFO] Step 47: size: 47, coverage: 76.50%, cost: 835.0
[2024-10-13 15:39:39,040][INFO] Step 48: size: 48, coverage: 77.50%, cost: 840.0
[2024-10-13 15:39:39,044][INFO] Step 49: size: 49, coverage: 78.50%, cost: 845.0
[2024-10-13 15:39:39,048][INFO] Step 50: size: 50, coverage: 79.00%, cost: 848.0
[2024-10-13 15:39:39,052][INFO] Step 51: size: 51, coverage: 79.50%, cost: 851.0
[2024-10-13 15:39:39,057][INFO] Step 52: size: 52, coverage: 80.00%, cost: 855.0
[2024-10-13 15:39:39,061][INFO] Step 53: size: 53, coverage: 80.50%, cost: 898.0
[2024-10-13 15:39:39,065][INFO] Step 54: size: 54, coverage: 81.00%, cost: 901.0
[2024-10-13 15:39:39,069][INFO] Step 55: size: 55, coverage: 82.00%, cost: 907.0
[2024-10-13 15:39:39,073][INFO] Step 56: size: 56, coverage: 83.00%, cost: 914.0
[2024-10-13 15:39:39,076][INFO] Step 57: size: 57, coverage: 83.50%, cost: 918.0
[2024-10-13 15:39:39,080][INFO] Step 58: size: 58, coverage: 84.00%, cost: 922.0
[2024-10-13 15:39:39,084][INFO] Step 59: size: 59, coverage: 85.50%, cost: 936.0
[2024-10-13 15:39:39,088][INFO] Step 60: size: 60, coverage: 86.00%, cost: 941.0
[2024-10-13 15:39:39,092][INFO] Step 61: size: 61, coverage: 86.50%, cost: 1006.0
[2024-10-13 15:39:39,096][INFO] Step 62: size: 62, coverage: 87.00%, cost: 1011.0
[2024-10-13 15:39:39,100][INFO] Step 63: size: 63, coverage: 87.50%, cost: 1044.0
[2024-10-13 15:39:39,104][INFO] Step 64: size: 64, coverage: 88.00%, cost: 1049.0
[2024-10-13 15:39:39,108][INFO] Step 65: size: 65, coverage: 88.50%, cost: 1090.0
[2024-10-13 15:39:39,112][INFO] Step 66: size: 66, coverage: 89.50%, cost: 1177.0
[2024-10-13 15:39:39,117][INFO] Step 67: size: 67, coverage: 90.00%, cost: 1210.0
[2024-10-13 15:39:39,121][INFO] Step 68: size: 68, coverage: 90.50%, cost: 1215.0
[2024-10-13 15:39:39,125][INFO] Step 69: size: 69, coverage: 91.50%, cost: 1226.0
[2024-10-13 15:39:39,129][INFO] Step 70: size: 70, coverage: 92.00%, cost: 1232.0
[2024-10-13 15:39:39,133][INFO] Step 71: size: 71, coverage: 92.50%, cost: 1239.0
[2024-10-13 15:39:39,137][INFO] Step 72: size: 72, coverage: 93.00%, cost: 1246.0
[2024-10-13 15:39:39,141][INFO] Step 73: size: 73, coverage: 94.00%, cost: 1263.0
[2024-10-13 15:39:39,146][INFO] Step 74: size: 74, coverage: 95.00%, cost: 1301.0
[2024-10-13 15:39:39,150][INFO] Step 75: size: 75, coverage: 95.50%, cost: 1313.0
[2024-10-13 15:39:39,154][INFO] Step 76: size: 76, coverage: 96.00%, cost: 1322.0
[2024-10-13 15:39:39,158][INFO] Step 77: size: 77, coverage: 96.50%, cost: 1332.0
[2024-10-13 15:39:39,162][INFO] Step 78: size: 78, coverage: 97.00%, cost: 1424.0
[2024-10-13 15:39:39,167][INFO] Step 79: size: 79, coverage: 97.50%, cost: 1474.0
[2024-10-13 15:39:39,171][INFO] Step 80: size: 80, coverage: 98.00%, cost: 1486.0
[2024-10-13 15:39:39,175][INFO] Step 81: size: 81, coverage: 98.50%, cost: 1504.0
[2024-10-13 15:39:39,180][INFO] Step 82: size: 82, coverage: 99.00%, cost: 1526.0
[2024-10-13 15:39:39,184][INFO] Step 83: size: 83, coverage: 99.50%, cost: 1549.0
[2024-10-13 15:39:39,189][INFO] Step 84: size: 84, coverage: 100.00%, cost: 1586.0
[2024-10-13 15:39:39,189][INFO] Solved solution used 24 random steps
[2024-10-13 15:39:39,190][INFO] Size: 84 -> 74
[2024-10-13 15:39:39,190][INFO] Cost: 1586.0 -> 1391.0
[2024-10-13 15:58:24,944][INFO] Step 1: size: 1, coverage: 3.00%, cost: 1.0
[2024-10-13 15:58:24,947][INFO] Step 2: size: 2, coverage: 5.50%, cost: 2.0
[2024-10-13 15:58:24,950][INFO] Step 3: size: 3, coverage: 7.50%, cost: 3.0
[2024-10-13 15:58:24,953][INFO] Step 4: size: 4, coverage: 9.50%, cost: 4.0
[2024-10-13 15:58:24,957][INFO] Step 5: size: 5, coverage: 12.50%, cost: 56.0
[2024-10-13 15:58:24,960][INFO] Step 6: size: 6, coverage: 14.00%, cost: 57.0
[2024-10-13 15:58:24,963][INFO] Step 7: size: 7, coverage: 15.50%, cost: 58.0
[2024-10-13 15:58:24,967][INFO] Step 8: size: 8, coverage: 19.00%, cost: 61.0
[2024-10-13 15:58:24,970][INFO] Step 9: size: 9, coverage: 20.00%, cost: 62.0
[2024-10-13 15:58:24,973][INFO] Step 10: size: 10, coverage: 21.00%, cost: 63.0
[2024-10-13 15:58:24,976][INFO] Step 11: size: 11, coverage: 22.00%, cost: 64.0
[2024-10-13 15:58:24,980][INFO] Step 12: size: 12, coverage: 25.00%, cost: 67.0
[2024-10-13 15:58:24,983][INFO] Step 13: size: 13, coverage: 28.00%, cost: 70.0
[2024-10-13 15:58:24,987][INFO] Step 14: size: 14, coverage: 30.50%, cost: 73.0
[2024-10-13 15:58:24,990][INFO] Step 15: size: 15, coverage: 32.00%, cost: 75.0
[2024-10-13 15:58:24,993][INFO] Step 16: size: 16, coverage: 35.00%, cost: 79.0
[2024-10-13 15:58:24,997][INFO] Step 17: size: 17, coverage: 37.00%, cost: 177.0
[2024-10-13 15:58:25,000][INFO] Step 18: size: 18, coverage: 39.00%, cost: 180.0
[2024-10-13 15:58:25,003][INFO] Step 19: size: 19, coverage: 42.00%, cost: 185.0
[2024-10-13 15:58:25,007][INFO] Step 20: size: 20, coverage: 43.00%, cost: 187.0
[2024-10-13 15:58:25,010][INFO] Step 21: size: 21, coverage: 44.00%, cost: 189.0
[2024-10-13 15:58:25,013][INFO] Step 22: size: 22, coverage: 45.50%, cost: 192.0
[2024-10-13 15:58:25,017][INFO] Step 23: size: 23, coverage: 47.00%, cost: 195.0
[2024-10-13 15:58:25,020][INFO] Step 24: size: 24, coverage: 49.00%, cost: 199.0
[2024-10-13 15:58:25,024][INFO] Step 25: size: 25, coverage: 51.50%, cost: 205.0
[2024-10-13 15:58:25,027][INFO] Step 26: size: 26, coverage: 54.00%, cost: 211.0
[2024-10-13 15:58:25,030][INFO] Step 27: size: 27, coverage: 54.50%, cost: 265.0
[2024-10-13 15:58:25,034][INFO] Step 28: size: 28, coverage: 56.50%, cost: 270.0
[2024-10-13 15:58:25,037][INFO] Step 29: size: 29, coverage: 58.50%, cost: 275.0
[2024-10-13 15:58:25,041][INFO] Step 30: size: 30, coverage: 60.00%, cost: 279.0
[2024-10-13 15:58:25,044][INFO] Step 31: size: 31, coverage: 61.00%, cost: 282.0
[2024-10-13 15:58:25,048][INFO] Step 32: size: 32, coverage: 62.00%, cost: 285.0
[2024-10-13 15:58:25,051][INFO] Step 33: size: 33, coverage: 64.00%, cost: 291.0
[2024-10-13 15:58:25,055][INFO] Step 34: size: 34, coverage: 65.50%, cost: 296.0
[2024-10-13 15:58:25,058][INFO] Step 35: size: 35, coverage: 66.00%, cost: 298.0
[2024-10-13 15:58:25,062][INFO] Step 36: size: 36, coverage: 66.50%, cost: 300.0
[2024-10-13 15:58:25,065][INFO] Step 37: size: 37, coverage: 67.50%, cost: 304.0
[2024-10-13 15:58:25,069][INFO] Step 38: size: 38, coverage: 68.50%, cost: 308.0
[2024-10-13 15:58:25,073][INFO] Step 39: size: 39, coverage: 70.00%, cost: 314.0
[2024-10-13 15:58:25,076][INFO] Step 40: size: 40, coverage: 71.50%, cost: 320.0
[2024-10-13 15:58:25,080][INFO] Step 41: size: 41, coverage: 73.00%, cost: 326.0
[2024-10-13 15:58:25,083][INFO] Step 42: size: 42, coverage: 74.00%, cost: 331.0
[2024-10-13 15:58:25,087][INFO] Step 43: size: 43, coverage: 75.00%, cost: 336.0
[2024-10-13 15:58:25,091][INFO] Step 44: size: 44, coverage: 75.50%, cost: 339.0
[2024-10-13 15:58:25,094][INFO] Step 45: size: 45, coverage: 76.50%, cost: 345.0
[2024-10-13 15:58:25,098][INFO] Step 46: size: 46, coverage: 77.50%, cost: 351.0
[2024-10-13 15:58:25,102][INFO] Step 47: size: 47, coverage: 78.50%, cost: 358.0
[2024-10-13 15:58:25,105][INFO] Step 48: size: 48, coverage: 79.50%, cost: 365.0
[2024-10-13 15:58:25,109][INFO] Step 49: size: 49, coverage: 80.00%, cost: 369.0
[2024-10-13 15:58:25,113][INFO] Step 50: size: 50, coverage: 80.50%, cost: 388.0
[2024-10-13 15:58:25,116][INFO] Step 51: size: 51, coverage: 81.00%, cost: 392.0
[2024-10-13 15:58:25,120][INFO] Step 52: size: 52, coverage: 81.50%, cost: 396.0
[2024-10-13 15:58:25,124][INFO] Step 53: size: 53, coverage: 82.50%, cost: 404.0
[2024-10-13 15:58:25,128][INFO] Step 54: size: 54, coverage: 83.50%, cost: 413.0
[2024-10-13 15:58:25,131][INFO] Step 55: size: 55, coverage: 85.00%, cost: 427.0
[2024-10-13 15:58:25,135][INFO] Step 56: size: 56, coverage: 85.50%, cost: 432.0
[2024-10-13 15:58:25,139][INFO] Step 57: size: 57, coverage: 86.00%, cost: 437.0
[2024-10-13 15:58:25,143][INFO] Step 58: size: 58, coverage: 86.50%, cost: 442.0
[2024-10-13 15:58:25,147][INFO] Step 59: size: 59, coverage: 87.00%, cost: 448.0
[2024-10-13 15:58:25,151][INFO] Step 60: size: 60, coverage: 87.50%, cost: 454.0
[2024-10-13 15:58:25,154][INFO] Step 61: size: 61, coverage: 88.00%, cost: 461.0
[2024-10-13 15:58:25,158][INFO] Step 62: size: 62, coverage: 88.50%, cost: 468.0
[2024-10-13 15:58:25,162][INFO] Step 63: size: 63, coverage: 89.00%, cost: 476.0
[2024-10-13 15:58:25,166][INFO] Step 64: size: 64, coverage: 90.00%, cost: 492.0
[2024-10-13 15:58:25,170][INFO] Step 65: size: 65, coverage: 91.00%, cost: 509.0
[2024-10-13 15:58:25,174][INFO] Step 66: size: 66, coverage: 92.00%, cost: 526.0
[2024-10-13 15:58:25,178][INFO] Step 67: size: 67, coverage: 92.50%, cost: 567.0
[2024-10-13 15:58:25,182][INFO] Step 68: size: 68, coverage: 93.00%, cost: 576.0
[2024-10-13 15:58:25,186][INFO] Step 69: size: 69, coverage: 93.50%, cost: 586.0
[2024-10-13 15:58:25,190][INFO] Step 70: size: 70, coverage: 94.00%, cost: 597.0
[2024-10-13 15:58:25,194][INFO] Step 71: size: 71, coverage: 94.50%, cost: 608.0
[2024-10-13 15:58:25,198][INFO] Step 72: size: 72, coverage: 95.00%, cost: 660.0
[2024-10-13 15:58:25,202][INFO] Step 73: size: 73, coverage: 95.50%, cost: 672.0
[2024-10-13 15:58:25,206][INFO] Step 74: size: 74, coverage: 96.00%, cost: 684.0
[2024-10-13 15:58:25,210][INFO] Step 75: size: 75, coverage: 96.50%, cost: 696.0
[2024-10-13 15:58:25,214][INFO] Step 76: size: 76, coverage: 97.00%, cost: 708.0
[2024-10-13 15:58:25,219][INFO] Step 77: size: 77, coverage: 97.50%, cost: 724.0
[2024-10-13 15:58:25,223][INFO] Step 78: size: 78, coverage: 98.50%, cost: 762.0
[2024-10-13 15:58:25,227][INFO] Step 79: size: 79, coverage: 99.00%, cost: 784.0
[2024-10-13 15:58:25,231][INFO] Step 80: size: 80, coverage: 99.50%, cost: 807.0
[2024-10-13 15:58:25,235][INFO] Step 81: size: 81, coverage: 100.00%, cost: 833.0
[2024-10-13 15:58:25,235][INFO] Solved solution used 6 random steps
[2024-10-13 15:58:25,237][INFO] Size: 81 -> 72
[2024-10-13 15:58:25,237][INFO] Cost: 833.0 -> 810.0
[2024-10-13 16:04:23,977][INFO] Step 1: size: 1, coverage: 3.00%, cost: 1.0
[2024-10-13 16:04:23,980][INFO] Step 2: size: 2, coverage: 5.50%, cost: 2.0
[2024-10-13 16:04:23,984][INFO] Step 3: size: 3, coverage: 7.50%, cost: 3.0
[2024-10-13 16:04:23,987][INFO] Step 4: size: 4, coverage: 9.50%, cost: 4.0
[2024-10-13 16:04:23,991][INFO] Step 5: size: 5, coverage: 10.50%, cost: 5.0
[2024-10-13 16:04:23,994][INFO] Step 6: size: 6, coverage: 12.00%, cost: 6.0
[2024-10-13 16:04:23,997][INFO] Step 7: size: 7, coverage: 13.50%, cost: 7.0
[2024-10-13 16:04:24,001][INFO] Step 8: size: 8, coverage: 17.00%, cost: 10.0
[2024-10-13 16:04:24,004][INFO] Step 9: size: 9, coverage: 20.50%, cost: 13.0
[2024-10-13 16:04:24,008][INFO] Step 10: size: 10, coverage: 21.50%, cost: 14.0
[2024-10-13 16:04:24,011][INFO] Step 11: size: 11, coverage: 22.50%, cost: 15.0
[2024-10-13 16:04:24,014][INFO] Step 12: size: 12, coverage: 25.50%, cost: 18.0
[2024-10-13 16:04:24,018][INFO] Step 13: size: 13, coverage: 28.50%, cost: 21.0
[2024-10-13 16:04:24,021][INFO] Step 14: size: 14, coverage: 30.00%, cost: 23.0
[2024-10-13 16:04:24,025][INFO] Step 15: size: 15, coverage: 33.00%, cost: 27.0
[2024-10-13 16:04:24,028][INFO] Step 16: size: 16, coverage: 35.00%, cost: 30.0
[2024-10-13 16:04:24,032][INFO] Step 17: size: 17, coverage: 38.00%, cost: 35.0
[2024-10-13 16:04:24,035][INFO] Step 18: size: 18, coverage: 39.00%, cost: 37.0
[2024-10-13 16:04:24,039][INFO] Step 19: size: 19, coverage: 40.00%, cost: 39.0
[2024-10-13 16:04:24,042][INFO] Step 20: size: 20, coverage: 41.00%, cost: 41.0
[2024-10-13 16:04:24,045][INFO] Step 21: size: 21, coverage: 42.50%, cost: 44.0
[2024-10-13 16:04:24,049][INFO] Step 22: size: 22, coverage: 44.00%, cost: 47.0
[2024-10-13 16:04:24,052][INFO] Step 23: size: 23, coverage: 46.00%, cost: 51.0
[2024-10-13 16:04:24,056][INFO] Step 24: size: 24, coverage: 48.50%, cost: 57.0
[2024-10-13 16:04:24,059][INFO] Step 25: size: 25, coverage: 51.00%, cost: 63.0
[2024-10-13 16:04:24,063][INFO] Step 26: size: 26, coverage: 53.00%, cost: 68.0
[2024-10-13 16:04:24,066][INFO] Step 27: size: 27, coverage: 55.00%, cost: 73.0
[2024-10-13 16:04:24,070][INFO] Step 28: size: 28, coverage: 55.50%, cost: 75.0
[2024-10-13 16:04:24,074][INFO] Step 29: size: 29, coverage: 57.00%, cost: 79.0
[2024-10-13 16:04:24,077][INFO] Step 30: size: 30, coverage: 58.00%, cost: 82.0
[2024-10-13 16:04:24,081][INFO] Step 31: size: 31, coverage: 59.00%, cost: 85.0
[2024-10-13 16:04:24,084][INFO] Step 32: size: 32, coverage: 60.50%, cost: 90.0
[2024-10-13 16:04:24,088][INFO] Step 33: size: 33, coverage: 62.50%, cost: 97.0
[2024-10-13 16:04:24,091][INFO] Step 34: size: 34, coverage: 63.00%, cost: 99.0
[2024-10-13 16:04:24,095][INFO] Step 35: size: 35, coverage: 64.00%, cost: 103.0
[2024-10-13 16:04:24,098][INFO] Step 36: size: 36, coverage: 65.50%, cost: 109.0
[2024-10-13 16:04:24,102][INFO] Step 37: size: 37, coverage: 67.00%, cost: 115.0
[2024-10-13 16:04:24,106][INFO] Step 38: size: 38, coverage: 68.50%, cost: 121.0
[2024-10-13 16:04:24,109][INFO] Step 39: size: 39, coverage: 69.50%, cost: 126.0
[2024-10-13 16:04:24,113][INFO] Step 40: size: 40, coverage: 70.50%, cost: 131.0
[2024-10-13 16:04:24,117][INFO] Step 41: size: 41, coverage: 72.00%, cost: 139.0
[2024-10-13 16:04:24,120][INFO] Step 42: size: 42, coverage: 72.50%, cost: 142.0
[2024-10-13 16:04:24,124][INFO] Step 43: size: 43, coverage: 73.00%, cost: 145.0
[2024-10-13 16:04:24,128][INFO] Step 44: size: 44, coverage: 74.00%, cost: 151.0
[2024-10-13 16:04:24,131][INFO] Step 45: size: 45, coverage: 75.00%, cost: 157.0
[2024-10-13 16:04:24,135][INFO] Step 46: size: 46, coverage: 76.00%, cost: 164.0
[2024-10-13 16:04:24,139][INFO] Step 47: size: 47, coverage: 77.00%, cost: 171.0
[2024-10-13 16:04:24,142][INFO] Step 48: size: 48, coverage: 77.50%, cost: 175.0
[2024-10-13 16:04:24,146][INFO] Step 49: size: 49, coverage: 78.00%, cost: 179.0
[2024-10-13 16:04:24,150][INFO] Step 50: size: 50, coverage: 78.50%, cost: 183.0
[2024-10-13 16:04:24,154][INFO] Step 51: size: 51, coverage: 79.00%, cost: 187.0
[2024-10-13 16:04:24,157][INFO] Step 52: size: 52, coverage: 79.50%, cost: 192.0
[2024-10-13 16:04:24,161][INFO] Step 53: size: 53, coverage: 80.50%, cost: 200.0
[2024-10-13 16:04:24,165][INFO] Step 54: size: 54, coverage: 81.50%, cost: 208.0
[2024-10-13 16:04:24,169][INFO] Step 55: size: 55, coverage: 82.50%, cost: 217.0
[2024-10-13 16:04:24,173][INFO] Step 56: size: 56, coverage: 84.00%, cost: 231.0
[2024-10-13 16:04:24,177][INFO] Step 57: size: 57, coverage: 84.50%, cost: 236.0
[2024-10-13 16:04:24,181][INFO] Step 58: size: 58, coverage: 85.00%, cost: 241.0
[2024-10-13 16:04:24,184][INFO] Step 59: size: 59, coverage: 85.50%, cost: 246.0
[2024-10-13 16:04:24,188][INFO] Step 60: size: 60, coverage: 86.50%, cost: 257.0
[2024-10-13 16:04:24,192][INFO] Step 61: size: 61, coverage: 88.00%, cost: 274.0
[2024-10-13 16:04:24,196][INFO] Step 62: size: 62, coverage: 88.50%, cost: 280.0
[2024-10-13 16:04:24,200][INFO] Step 63: size: 63, coverage: 89.00%, cost: 286.0
[2024-10-13 16:04:24,204][INFO] Step 64: size: 64, coverage: 89.50%, cost: 293.0
[2024-10-13 16:04:24,208][INFO] Step 65: size: 65, coverage: 90.50%, cost: 309.0
[2024-10-13 16:04:24,212][INFO] Step 66: size: 66, coverage: 91.50%, cost: 326.0
[2024-10-13 16:04:24,216][INFO] Step 67: size: 67, coverage: 92.00%, cost: 335.0
[2024-10-13 16:04:24,220][INFO] Step 68: size: 68, coverage: 92.50%, cost: 345.0
[2024-10-13 16:04:24,224][INFO] Step 69: size: 69, coverage: 93.00%, cost: 356.0
[2024-10-13 16:04:24,228][INFO] Step 70: size: 70, coverage: 93.50%, cost: 368.0
[2024-10-13 16:04:24,232][INFO] Step 71: size: 71, coverage: 94.00%, cost: 380.0
[2024-10-13 16:04:24,236][INFO] Step 72: size: 72, coverage: 94.50%, cost: 392.0
[2024-10-13 16:04:24,240][INFO] Step 73: size: 73, coverage: 95.00%, cost: 404.0
[2024-10-13 16:04:24,245][INFO] Step 74: size: 74, coverage: 95.50%, cost: 416.0
[2024-10-13 16:04:24,249][INFO] Step 75: size: 75, coverage: 96.00%, cost: 431.0
[2024-10-13 16:04:24,253][INFO] Step 76: size: 76, coverage: 97.00%, cost: 462.0
[2024-10-13 16:04:24,257][INFO] Step 77: size: 77, coverage: 97.50%, cost: 478.0
[2024-10-13 16:04:24,261][INFO] Step 78: size: 78, coverage: 98.00%, cost: 496.0
[2024-10-13 16:04:24,265][INFO] Step 79: size: 79, coverage: 99.00%, cost: 534.0
[2024-10-13 16:04:24,270][INFO] Step 80: size: 80, coverage: 99.50%, cost: 556.0
[2024-10-13 16:04:24,274][INFO] Step 81: size: 81, coverage: 100.00%, cost: 582.0
[2024-10-13 16:04:24,274][INFO] Solved solution used 6 random steps
[2024-10-13 16:04:24,276][INFO] Size: 81 -> 71
[2024-10-13 16:04:24,276][INFO] Cost: 582.0 -> 544.0
[2024-10-13 16:09:56,671][INFO] Step 1: size: 1, coverage: 3.00%, cost: 1.0
[2024-10-13 16:09:56,674][INFO] Step 2: size: 2, coverage: 5.50%, cost: 2.0
[2024-10-13 16:09:56,678][INFO] Step 3: size: 3, coverage: 7.50%, cost: 3.0
[2024-10-13 16:09:56,681][INFO] Step 4: size: 4, coverage: 9.50%, cost: 4.0
[2024-10-13 16:09:56,684][INFO] Step 5: size: 5, coverage: 10.50%, cost: 5.0
[2024-10-13 16:09:56,687][INFO] Step 6: size: 6, coverage: 12.00%, cost: 6.0
[2024-10-13 16:09:56,691][INFO] Step 7: size: 7, coverage: 13.50%, cost: 7.0
[2024-10-13 16:09:56,694][INFO] Step 8: size: 8, coverage: 17.00%, cost: 10.0
[2024-10-13 16:09:56,697][INFO] Step 9: size: 9, coverage: 20.50%, cost: 13.0
[2024-10-13 16:09:56,701][INFO] Step 10: size: 10, coverage: 21.50%, cost: 14.0
[2024-10-13 16:09:56,704][INFO] Step 11: size: 11, coverage: 22.50%, cost: 15.0
[2024-10-13 16:09:56,707][INFO] Step 12: size: 12, coverage: 25.50%, cost: 18.0
[2024-10-13 16:09:56,711][INFO] Step 13: size: 13, coverage: 28.50%, cost: 21.0
[2024-10-13 16:09:56,714][INFO] Step 14: size: 14, coverage: 30.00%, cost: 23.0
[2024-10-13 16:09:56,717][INFO] Step 15: size: 15, coverage: 33.00%, cost: 27.0
[2024-10-13 16:09:56,721][INFO] Step 16: size: 16, coverage: 35.00%, cost: 30.0
[2024-10-13 16:09:56,724][INFO] Step 17: size: 17, coverage: 38.00%, cost: 35.0
[2024-10-13 16:09:56,727][INFO] Step 18: size: 18, coverage: 39.00%, cost: 37.0
[2024-10-13 16:09:56,731][INFO] Step 19: size: 19, coverage: 40.00%, cost: 39.0
[2024-10-13 16:09:56,734][INFO] Step 20: size: 20, coverage: 41.00%, cost: 41.0
[2024-10-13 16:09:56,737][INFO] Step 21: size: 21, coverage: 42.50%, cost: 44.0
[2024-10-13 16:09:56,740][INFO] Step 22: size: 22, coverage: 44.00%, cost: 47.0
[2024-10-13 16:09:56,744][INFO] Step 23: size: 23, coverage: 46.00%, cost: 51.0
[2024-10-13 16:09:56,747][INFO] Step 24: size: 24, coverage: 48.50%, cost: 57.0
[2024-10-13 16:09:56,751][INFO] Step 25: size: 25, coverage: 51.00%, cost: 63.0
[2024-10-13 16:09:56,754][INFO] Step 26: size: 26, coverage: 53.00%, cost: 68.0
[2024-10-13 16:09:56,757][INFO] Step 27: size: 27, coverage: 55.00%, cost: 73.0
[2024-10-13 16:09:56,761][INFO] Step 28: size: 28, coverage: 55.50%, cost: 75.0
[2024-10-13 16:09:56,764][INFO] Step 29: size: 29, coverage: 57.00%, cost: 79.0
[2024-10-13 16:09:56,768][INFO] Step 30: size: 30, coverage: 58.00%, cost: 82.0
[2024-10-13 16:09:56,771][INFO] Step 31: size: 31, coverage: 59.00%, cost: 85.0
[2024-10-13 16:09:56,774][INFO] Step 32: size: 32, coverage: 60.50%, cost: 90.0
[2024-10-13 16:09:56,778][INFO] Step 33: size: 33, coverage: 62.50%, cost: 97.0
[2024-10-13 16:09:56,781][INFO] Step 34: size: 34, coverage: 63.00%, cost: 99.0
[2024-10-13 16:09:56,785][INFO] Step 35: size: 35, coverage: 64.00%, cost: 103.0
[2024-10-13 16:09:56,788][INFO] Step 36: size: 36, coverage: 65.50%, cost: 109.0
[2024-10-13 16:09:56,792][INFO] Step 37: size: 37, coverage: 67.00%, cost: 115.0
[2024-10-13 16:09:56,795][INFO] Step 38: size: 38, coverage: 68.50%, cost: 121.0
[2024-10-13 16:09:56,799][INFO] Step 39: size: 39, coverage: 69.50%, cost: 126.0
[2024-10-13 16:09:56,802][INFO] Step 40: size: 40, coverage: 70.50%, cost: 131.0
[2024-10-13 16:09:56,806][INFO] Step 41: size: 41, coverage: 72.00%, cost: 139.0
[2024-10-13 16:09:56,809][INFO] Step 42: size: 42, coverage: 72.50%, cost: 142.0
[2024-10-13 16:09:56,813][INFO] Step 43: size: 43, coverage: 73.00%, cost: 145.0
[2024-10-13 16:09:56,816][INFO] Step 44: size: 44, coverage: 74.00%, cost: 151.0
[2024-10-13 16:09:56,820][INFO] Step 45: size: 45, coverage: 75.00%, cost: 157.0
[2024-10-13 16:09:56,824][INFO] Step 46: size: 46, coverage: 76.00%, cost: 164.0
[2024-10-13 16:09:56,827][INFO] Step 47: size: 47, coverage: 77.00%, cost: 171.0
[2024-10-13 16:09:56,831][INFO] Step 48: size: 48, coverage: 77.50%, cost: 175.0
[2024-10-13 16:09:56,834][INFO] Step 49: size: 49, coverage: 78.00%, cost: 179.0
[2024-10-13 16:09:56,838][INFO] Step 50: size: 50, coverage: 78.50%, cost: 183.0
[2024-10-13 16:09:56,842][INFO] Step 51: size: 51, coverage: 79.00%, cost: 187.0
[2024-10-13 16:09:56,845][INFO] Step 52: size: 52, coverage: 79.50%, cost: 192.0
[2024-10-13 16:09:56,849][INFO] Step 53: size: 53, coverage: 80.50%, cost: 200.0
[2024-10-13 16:09:56,853][INFO] Step 54: size: 54, coverage: 81.50%, cost: 208.0
[2024-10-13 16:09:56,857][INFO] Step 55: size: 55, coverage: 82.50%, cost: 217.0
[2024-10-13 16:09:56,860][INFO] Step 56: size: 56, coverage: 84.00%, cost: 231.0
[2024-10-13 16:09:56,864][INFO] Step 57: size: 57, coverage: 84.50%, cost: 236.0
[2024-10-13 16:09:56,868][INFO] Step 58: size: 58, coverage: 85.00%, cost: 241.0
[2024-10-13 16:09:56,872][INFO] Step 59: size: 59, coverage: 85.50%, cost: 246.0
[2024-10-13 16:09:56,875][INFO] Step 60: size: 60, coverage: 86.50%, cost: 257.0
[2024-10-13 16:09:56,879][INFO] Step 61: size: 61, coverage: 88.00%, cost: 274.0
[2024-10-13 16:09:56,883][INFO] Step 62: size: 62, coverage: 88.50%, cost: 280.0
[2024-10-13 16:09:56,887][INFO] Step 63: size: 63, coverage: 89.00%, cost: 286.0
[2024-10-13 16:09:56,891][INFO] Step 64: size: 64, coverage: 89.50%, cost: 293.0
[2024-10-13 16:09:56,895][INFO] Step 65: size: 65, coverage: 90.50%, cost: 309.0
[2024-10-13 16:09:56,898][INFO] Step 66: size: 66, coverage: 91.50%, cost: 326.0
[2024-10-13 16:09:56,902][INFO] Step 67: size: 67, coverage: 92.00%, cost: 335.0
[2024-10-13 16:09:56,906][INFO] Step 68: size: 68, coverage: 92.50%, cost: 345.0
[2024-10-13 16:09:56,910][INFO] Step 69: size: 69, coverage: 93.00%, cost: 356.0
[2024-10-13 16:09:56,914][INFO] Step 70: size: 70, coverage: 93.50%, cost: 368.0
[2024-10-13 16:09:56,918][INFO] Step 71: size: 71, coverage: 94.00%, cost: 380.0
[2024-10-13 16:09:56,922][INFO] Step 72: size: 72, coverage: 94.50%, cost: 392.0
[2024-10-13 16:09:56,926][INFO] Step 73: size: 73, coverage: 95.00%, cost: 404.0
[2024-10-13 16:09:56,930][INFO] Step 74: size: 74, coverage: 95.50%, cost: 416.0
[2024-10-13 16:09:56,934][INFO] Step 75: size: 75, coverage: 96.00%, cost: 431.0
[2024-10-13 16:09:56,938][INFO] Step 76: size: 76, coverage: 97.00%, cost: 462.0
[2024-10-13 16:09:56,942][INFO] Step 77: size: 77, coverage: 97.50%, cost: 478.0
[2024-10-13 16:09:56,946][INFO] Step 78: size: 78, coverage: 98.00%, cost: 496.0
[2024-10-13 16:09:56,950][INFO] Step 79: size: 79, coverage: 99.00%, cost: 534.0
[2024-10-13 16:09:56,955][INFO] Step 80: size: 80, coverage: 99.50%, cost: 556.0
[2024-10-13 16:09:56,959][INFO] Step 81: size: 81, coverage: 100.00%, cost: 582.0
[2024-10-13 16:09:56,959][INFO] Solved solution used 6 random steps
[2024-10-13 16:09:56,960][INFO] Size: 81 -> 71
[2024-10-13 16:09:56,960][INFO] Cost: 582.0 -> 544.0
