[2024-10-06 22:18:27,671][INFO] Step 1: size: 1, coverage: 4.00%, cost: 1.0
[2024-10-06 22:18:27,674][INFO] Step 2: size: 2, coverage: 7.50%, cost: 2.0
[2024-10-06 22:18:27,677][INFO] Step 3: size: 3, coverage: 10.50%, cost: 3.0
[2024-10-06 22:18:27,681][INFO] Step 4: size: 4, coverage: 13.00%, cost: 4.0
[2024-10-06 22:18:27,684][INFO] Step 5: size: 5, coverage: 15.50%, cost: 5.0
[2024-10-06 22:18:27,687][INFO] Step 6: size: 6, coverage: 17.50%, cost: 6.0
[2024-10-06 22:18:27,690][INFO] Step 7: size: 7, coverage: 19.00%, cost: 7.0
[2024-10-06 22:18:27,693][INFO] Step 8: size: 8, coverage: 20.50%, cost: 8.0
[2024-10-06 22:18:27,697][INFO] Step 9: size: 9, coverage: 22.00%, cost: 9.0
[2024-10-06 22:18:27,700][INFO] Step 10: size: 10, coverage: 23.50%, cost: 10.0
[2024-10-06 22:18:27,703][INFO] Step 11: size: 11, coverage: 25.00%, cost: 11.0
[2024-10-06 22:18:27,706][INFO] Step 12: size: 12, coverage: 26.50%, cost: 12.0
[2024-10-06 22:18:27,710][INFO] Step 13: size: 13, coverage: 28.00%, cost: 13.0
[2024-10-06 22:18:27,713][INFO] Step 14: size: 14, coverage: 29.50%, cost: 14.0
[2024-10-06 22:18:27,716][INFO] Step 15: size: 15, coverage: 32.00%, cost: 16.0
[2024-10-06 22:18:27,720][INFO] Step 16: size: 16, coverage: 34.50%, cost: 18.0
[2024-10-06 22:18:27,723][INFO] Step 17: size: 17, coverage: 35.50%, cost: 19.0
[2024-10-06 22:18:27,726][INFO] Step 18: size: 18, coverage: 37.50%, cost: 21.0
[2024-10-06 22:18:27,729][INFO] Step 19: size: 19, coverage: 39.50%, cost: 23.0
[2024-10-06 22:18:27,733][INFO] Step 20: size: 20, coverage: 41.00%, cost: 25.0
[2024-10-06 22:18:27,736][INFO] Step 21: size: 21, coverage: 42.50%, cost: 27.0
[2024-10-06 22:18:27,739][INFO] Step 22: size: 22, coverage: 43.50%, cost: 29.0
[2024-10-06 22:18:27,743][INFO] Step 23: size: 23, coverage: 44.50%, cost: 31.0
[2024-10-06 22:18:27,746][INFO] Step 24: size: 24, coverage: 45.50%, cost: 33.0
[2024-10-06 22:18:27,749][INFO] Step 25: size: 25, coverage: 46.50%, cost: 35.0
[2024-10-06 22:18:27,752][INFO] Step 26: size: 26, coverage: 48.00%, cost: 38.0
[2024-10-06 22:18:27,756][INFO] Step 27: size: 27, coverage: 49.50%, cost: 41.0
[2024-10-06 22:18:27,759][INFO] Step 28: size: 28, coverage: 51.00%, cost: 45.0
[2024-10-06 22:18:27,763][INFO] Step 29: size: 29, coverage: 52.50%, cost: 49.0
[2024-10-06 22:18:27,766][INFO] Step 30: size: 30, coverage: 54.00%, cost: 53.0
[2024-10-06 22:18:27,769][INFO] Step 31: size: 31, coverage: 55.50%, cost: 57.0
[2024-10-06 22:18:27,773][INFO] Step 32: size: 32, coverage: 57.00%, cost: 61.0
[2024-10-06 22:18:27,776][INFO] Step 33: size: 33, coverage: 58.50%, cost: 65.0
[2024-10-06 22:18:27,779][INFO] Step 34: size: 34, coverage: 59.50%, cost: 68.0
[2024-10-06 22:18:27,783][INFO] Step 35: size: 35, coverage: 61.00%, cost: 73.0
[2024-10-06 22:18:27,786][INFO] Step 36: size: 36, coverage: 62.50%, cost: 78.0
[2024-10-06 22:18:27,790][INFO] Step 37: size: 37, coverage: 64.00%, cost: 83.0
[2024-10-06 22:18:27,793][INFO] Step 38: size: 38, coverage: 64.50%, cost: 85.0
[2024-10-06 22:18:27,797][INFO] Step 39: size: 39, coverage: 65.00%, cost: 87.0
[2024-10-06 22:18:27,800][INFO] Step 40: size: 40, coverage: 66.00%, cost: 91.0
[2024-10-06 22:18:27,804][INFO] Step 41: size: 41, coverage: 67.50%, cost: 98.0
[2024-10-06 22:18:27,807][INFO] Step 42: size: 42, coverage: 69.00%, cost: 105.0
[2024-10-06 22:18:27,811][INFO] Step 43: size: 43, coverage: 70.50%, cost: 112.0
[2024-10-06 22:18:27,814][INFO] Step 44: size: 44, coverage: 71.50%, cost: 117.0
[2024-10-06 22:18:27,818][INFO] Step 45: size: 45, coverage: 72.00%, cost: 120.0
[2024-10-06 22:18:27,821][INFO] Step 46: size: 46, coverage: 72.50%, cost: 123.0
[2024-10-06 22:18:27,825][INFO] Step 47: size: 47, coverage: 73.00%, cost: 126.0
[2024-10-06 22:18:27,828][INFO] Step 48: size: 48, coverage: 73.50%, cost: 129.0
[2024-10-06 22:18:27,832][INFO] Step 49: size: 49, coverage: 75.00%, cost: 139.0
[2024-10-06 22:18:27,835][INFO] Step 50: size: 50, coverage: 76.50%, cost: 150.0
[2024-10-06 22:18:27,839][INFO] Step 51: size: 51, coverage: 77.00%, cost: 154.0
[2024-10-06 22:18:27,843][INFO] Step 52: size: 52, coverage: 77.50%, cost: 158.0
[2024-10-06 22:18:27,846][INFO] Step 53: size: 53, coverage: 78.00%, cost: 162.0
[2024-10-06 22:18:27,850][INFO] Step 54: size: 54, coverage: 79.00%, cost: 170.0
[2024-10-06 22:18:27,854][INFO] Step 55: size: 55, coverage: 80.00%, cost: 178.0
[2024-10-06 22:18:27,857][INFO] Step 56: size: 56, coverage: 81.00%, cost: 186.0
[2024-10-06 22:18:27,861][INFO] Step 57: size: 57, coverage: 82.50%, cost: 198.0
[2024-10-06 22:18:27,864][INFO] Step 58: size: 58, coverage: 84.50%, cost: 214.0
[2024-10-06 22:18:27,868][INFO] Step 59: size: 59, coverage: 86.00%, cost: 227.0
[2024-10-06 22:18:27,872][INFO] Step 60: size: 60, coverage: 86.50%, cost: 232.0
[2024-10-06 22:18:27,876][INFO] Step 61: size: 61, coverage: 87.00%, cost: 237.0
[2024-10-06 22:18:27,879][INFO] Step 62: size: 62, coverage: 87.50%, cost: 243.0
[2024-10-06 22:18:27,883][INFO] Step 63: size: 63, coverage: 88.00%, cost: 249.0
[2024-10-06 22:18:27,887][INFO] Step 64: size: 64, coverage: 88.50%, cost: 256.0
[2024-10-06 22:18:27,891][INFO] Step 65: size: 65, coverage: 89.00%, cost: 263.0
[2024-10-06 22:18:27,894][INFO] Step 66: size: 66, coverage: 90.50%, cost: 286.0
[2024-10-06 22:18:27,898][INFO] Step 67: size: 67, coverage: 91.50%, cost: 302.0
[2024-10-06 22:18:27,902][INFO] Step 68: size: 68, coverage: 92.00%, cost: 311.0
[2024-10-06 22:18:27,906][INFO] Step 69: size: 69, coverage: 93.00%, cost: 329.0
[2024-10-06 22:18:27,910][INFO] Step 70: size: 70, coverage: 94.50%, cost: 357.0
[2024-10-06 22:18:27,914][INFO] Step 71: size: 71, coverage: 95.00%, cost: 367.0
[2024-10-06 22:18:27,918][INFO] Step 72: size: 72, coverage: 95.50%, cost: 379.0
[2024-10-06 22:18:27,922][INFO] Step 73: size: 73, coverage: 96.00%, cost: 391.0
[2024-10-06 22:18:27,925][INFO] Step 74: size: 74, coverage: 96.50%, cost: 404.0
[2024-10-06 22:18:27,929][INFO] Step 75: size: 75, coverage: 97.00%, cost: 418.0
[2024-10-06 22:18:27,933][INFO] Step 76: size: 76, coverage: 97.50%, cost: 434.0
[2024-10-06 22:18:27,937][INFO] Step 77: size: 77, coverage: 98.00%, cost: 451.0
[2024-10-06 22:18:27,941][INFO] Step 78: size: 78, coverage: 98.50%, cost: 468.0
[2024-10-06 22:18:27,945][INFO] Step 79: size: 79, coverage: 99.50%, cost: 506.0
[2024-10-06 22:18:27,950][INFO] Step 80: size: 80, coverage: 100.00%, cost: 548.0
[2024-10-06 22:18:27,951][INFO] Size: 80 -> 70
[2024-10-06 22:18:27,951][INFO] Cost: 548.0 -> 520.0
[2024-10-06 22:21:29,616][INFO] Step 1: size: 1, coverage: 4.00%, cost: 1.0
[2024-10-06 22:21:29,619][INFO] Step 2: size: 2, coverage: 7.50%, cost: 2.0
[2024-10-06 22:21:29,622][INFO] Step 3: size: 3, coverage: 10.50%, cost: 3.0
[2024-10-06 22:21:29,625][INFO] Step 4: size: 4, coverage: 13.00%, cost: 4.0
[2024-10-06 22:21:29,628][INFO] Step 5: size: 5, coverage: 15.50%, cost: 5.0
[2024-10-06 22:21:29,632][INFO] Step 6: size: 6, coverage: 17.50%, cost: 6.0
[2024-10-06 22:21:29,635][INFO] Step 7: size: 7, coverage: 19.00%, cost: 7.0
[2024-10-06 22:21:29,638][INFO] Step 8: size: 8, coverage: 20.50%, cost: 8.0
[2024-10-06 22:21:29,641][INFO] Step 9: size: 9, coverage: 22.00%, cost: 9.0
[2024-10-06 22:21:29,645][INFO] Step 10: size: 10, coverage: 23.50%, cost: 10.0
[2024-10-06 22:21:29,648][INFO] Step 11: size: 11, coverage: 25.00%, cost: 11.0
[2024-10-06 22:21:29,651][INFO] Step 12: size: 12, coverage: 26.50%, cost: 12.0
[2024-10-06 22:21:29,655][INFO] Step 13: size: 13, coverage: 27.50%, cost: 13.0
[2024-10-06 22:21:29,658][INFO] Step 14: size: 14, coverage: 29.00%, cost: 14.0
[2024-10-06 22:21:29,661][INFO] Step 15: size: 15, coverage: 30.50%, cost: 15.0
[2024-10-06 22:21:29,665][INFO] Step 16: size: 16, coverage: 33.00%, cost: 17.0
[2024-10-06 22:21:29,668][INFO] Step 17: size: 17, coverage: 35.50%, cost: 19.0
[2024-10-06 22:21:29,671][INFO] Step 18: size: 18, coverage: 37.50%, cost: 21.0
[2024-10-06 22:21:29,675][INFO] Step 19: size: 19, coverage: 39.50%, cost: 23.0
[2024-10-06 22:21:29,678][INFO] Step 20: size: 20, coverage: 41.00%, cost: 25.0
[2024-10-06 22:21:29,681][INFO] Step 21: size: 21, coverage: 42.50%, cost: 27.0
[2024-10-06 22:21:29,684][INFO] Step 22: size: 22, coverage: 43.50%, cost: 29.0
[2024-10-06 22:21:29,688][INFO] Step 23: size: 23, coverage: 44.50%, cost: 31.0
[2024-10-06 22:21:29,691][INFO] Step 24: size: 24, coverage: 45.50%, cost: 33.0
[2024-10-06 22:21:29,694][INFO] Step 25: size: 25, coverage: 46.00%, cost: 35.0
[2024-10-06 22:21:29,698][INFO] Step 26: size: 26, coverage: 47.00%, cost: 37.0
[2024-10-06 22:21:29,701][INFO] Step 27: size: 27, coverage: 48.50%, cost: 40.0
[2024-10-06 22:21:29,705][INFO] Step 28: size: 28, coverage: 50.00%, cost: 43.0
[2024-10-06 22:21:29,708][INFO] Step 29: size: 29, coverage: 51.50%, cost: 47.0
[2024-10-06 22:21:29,711][INFO] Step 30: size: 30, coverage: 53.00%, cost: 51.0
[2024-10-06 22:21:29,715][INFO] Step 31: size: 31, coverage: 54.50%, cost: 55.0
[2024-10-06 22:21:29,718][INFO] Step 32: size: 32, coverage: 56.00%, cost: 59.0
[2024-10-06 22:21:29,722][INFO] Step 33: size: 33, coverage: 57.50%, cost: 63.0
[2024-10-06 22:21:29,725][INFO] Step 34: size: 34, coverage: 59.00%, cost: 67.0
[2024-10-06 22:21:29,729][INFO] Step 35: size: 35, coverage: 60.00%, cost: 70.0
[2024-10-06 22:21:29,732][INFO] Step 36: size: 36, coverage: 61.50%, cost: 75.0
[2024-10-06 22:21:29,736][INFO] Step 37: size: 37, coverage: 63.00%, cost: 80.0
[2024-10-06 22:21:29,739][INFO] Step 38: size: 38, coverage: 64.50%, cost: 85.0
[2024-10-06 22:21:29,743][INFO] Step 39: size: 39, coverage: 65.00%, cost: 87.0
[2024-10-06 22:21:29,746][INFO] Step 40: size: 40, coverage: 66.00%, cost: 91.0
[2024-10-06 22:21:29,750][INFO] Step 41: size: 41, coverage: 67.50%, cost: 98.0
[2024-10-06 22:21:29,753][INFO] Step 42: size: 42, coverage: 68.00%, cost: 101.0
[2024-10-06 22:21:29,757][INFO] Step 43: size: 43, coverage: 69.50%, cost: 108.0
[2024-10-06 22:21:29,760][INFO] Step 44: size: 44, coverage: 71.00%, cost: 115.0
[2024-10-06 22:21:29,764][INFO] Step 45: size: 45, coverage: 72.00%, cost: 120.0
[2024-10-06 22:21:29,767][INFO] Step 46: size: 46, coverage: 72.50%, cost: 123.0
[2024-10-06 22:21:29,771][INFO] Step 47: size: 47, coverage: 73.00%, cost: 126.0
[2024-10-06 22:21:29,774][INFO] Step 48: size: 48, coverage: 73.50%, cost: 129.0
[2024-10-06 22:21:29,778][INFO] Step 49: size: 49, coverage: 75.00%, cost: 139.0
[2024-10-06 22:21:29,782][INFO] Step 50: size: 50, coverage: 76.50%, cost: 150.0
[2024-10-06 22:21:29,785][INFO] Step 51: size: 51, coverage: 77.00%, cost: 154.0
[2024-10-06 22:21:29,789][INFO] Step 52: size: 52, coverage: 77.50%, cost: 158.0
[2024-10-06 22:21:29,793][INFO] Step 53: size: 53, coverage: 78.00%, cost: 162.0
[2024-10-06 22:21:29,796][INFO] Step 54: size: 54, coverage: 79.00%, cost: 170.0
[2024-10-06 22:21:29,800][INFO] Step 55: size: 55, coverage: 80.00%, cost: 178.0
[2024-10-06 22:21:29,804][INFO] Step 56: size: 56, coverage: 81.00%, cost: 186.0
[2024-10-06 22:21:29,807][INFO] Step 57: size: 57, coverage: 82.50%, cost: 198.0
[2024-10-06 22:21:29,811][INFO] Step 58: size: 58, coverage: 84.50%, cost: 214.0
[2024-10-06 22:21:29,815][INFO] Step 59: size: 59, coverage: 86.00%, cost: 227.0
[2024-10-06 22:21:29,819][INFO] Step 60: size: 60, coverage: 86.50%, cost: 232.0
[2024-10-06 22:21:29,822][INFO] Step 61: size: 61, coverage: 87.00%, cost: 237.0
[2024-10-06 22:21:29,826][INFO] Step 62: size: 62, coverage: 87.50%, cost: 243.0
[2024-10-06 22:21:29,830][INFO] Step 63: size: 63, coverage: 88.00%, cost: 249.0
[2024-10-06 22:21:29,834][INFO] Step 64: size: 64, coverage: 88.50%, cost: 256.0
[2024-10-06 22:21:29,838][INFO] Step 65: size: 65, coverage: 89.00%, cost: 263.0
[2024-10-06 22:21:29,841][INFO] Step 66: size: 66, coverage: 90.50%, cost: 286.0
[2024-10-06 22:21:29,845][INFO] Step 67: size: 67, coverage: 91.50%, cost: 302.0
[2024-10-06 22:21:29,849][INFO] Step 68: size: 68, coverage: 92.00%, cost: 311.0
[2024-10-06 22:21:29,853][INFO] Step 69: size: 69, coverage: 93.00%, cost: 329.0
[2024-10-06 22:21:29,857][INFO] Step 70: size: 70, coverage: 94.50%, cost: 357.0
[2024-10-06 22:21:29,861][INFO] Step 71: size: 71, coverage: 95.00%, cost: 367.0
[2024-10-06 22:21:29,865][INFO] Step 72: size: 72, coverage: 95.50%, cost: 379.0
[2024-10-06 22:21:29,869][INFO] Step 73: size: 73, coverage: 96.00%, cost: 391.0
[2024-10-06 22:21:29,873][INFO] Step 74: size: 74, coverage: 96.50%, cost: 404.0
[2024-10-06 22:21:29,876][INFO] Step 75: size: 75, coverage: 97.00%, cost: 418.0
[2024-10-06 22:21:29,881][INFO] Step 76: size: 76, coverage: 97.50%, cost: 434.0
[2024-10-06 22:21:29,885][INFO] Step 77: size: 77, coverage: 98.00%, cost: 451.0
[2024-10-06 22:21:29,889][INFO] Step 78: size: 78, coverage: 98.50%, cost: 468.0
[2024-10-06 22:21:29,893][INFO] Step 79: size: 79, coverage: 99.50%, cost: 506.0
[2024-10-06 22:21:29,897][INFO] Step 80: size: 80, coverage: 100.00%, cost: 548.0
[2024-10-06 22:21:29,897][INFO] Solved solution used 6 random steps
[2024-10-06 22:21:29,898][INFO] Size: 80 -> 73
[2024-10-06 22:21:29,898][INFO] Cost: 548.0 -> 531.0
[2024-10-08 22:46:31,805][INFO] Step 1: size: 1, coverage: 4.00%, cost: 1.0
[2024-10-08 22:46:31,809][INFO] Step 2: size: 2, coverage: 7.50%, cost: 2.0
[2024-10-08 22:46:31,812][INFO] Step 3: size: 3, coverage: 10.50%, cost: 3.0
[2024-10-08 22:46:31,816][INFO] Step 4: size: 4, coverage: 13.00%, cost: 4.0
[2024-10-08 22:46:31,820][INFO] Step 5: size: 5, coverage: 15.50%, cost: 5.0
[2024-10-08 22:46:31,823][INFO] Step 6: size: 6, coverage: 17.50%, cost: 6.0
[2024-10-08 22:46:31,827][INFO] Step 7: size: 7, coverage: 19.00%, cost: 7.0
[2024-10-08 22:46:31,830][INFO] Step 8: size: 8, coverage: 20.50%, cost: 8.0
[2024-10-08 22:46:31,834][INFO] Step 9: size: 9, coverage: 22.00%, cost: 9.0
[2024-10-08 22:46:31,837][INFO] Step 10: size: 10, coverage: 23.50%, cost: 10.0
[2024-10-08 22:46:31,841][INFO] Step 11: size: 11, coverage: 25.00%, cost: 11.0
[2024-10-08 22:46:31,844][INFO] Step 12: size: 12, coverage: 26.50%, cost: 12.0
[2024-10-08 22:46:31,848][INFO] Step 13: size: 13, coverage: 27.50%, cost: 13.0
[2024-10-08 22:46:31,851][INFO] Step 14: size: 14, coverage: 29.00%, cost: 14.0
[2024-10-08 22:46:31,854][INFO] Step 15: size: 15, coverage: 30.50%, cost: 15.0
[2024-10-08 22:46:31,858][INFO] Step 16: size: 16, coverage: 33.00%, cost: 17.0
[2024-10-08 22:46:31,861][INFO] Step 17: size: 17, coverage: 35.50%, cost: 19.0
[2024-10-08 22:46:31,865][INFO] Step 18: size: 18, coverage: 37.50%, cost: 21.0
[2024-10-08 22:46:31,868][INFO] Step 19: size: 19, coverage: 39.50%, cost: 23.0
[2024-10-08 22:46:31,871][INFO] Step 20: size: 20, coverage: 41.00%, cost: 25.0
[2024-10-08 22:46:31,875][INFO] Step 21: size: 21, coverage: 42.50%, cost: 27.0
[2024-10-08 22:46:31,878][INFO] Step 22: size: 22, coverage: 43.50%, cost: 29.0
[2024-10-08 22:46:31,881][INFO] Step 23: size: 23, coverage: 44.50%, cost: 31.0
[2024-10-08 22:46:31,885][INFO] Step 24: size: 24, coverage: 45.50%, cost: 33.0
[2024-10-08 22:46:31,888][INFO] Step 25: size: 25, coverage: 46.00%, cost: 35.0
[2024-10-08 22:46:31,892][INFO] Step 26: size: 26, coverage: 47.00%, cost: 37.0
[2024-10-08 22:46:31,895][INFO] Step 27: size: 27, coverage: 48.50%, cost: 40.0
[2024-10-08 22:46:31,899][INFO] Step 28: size: 28, coverage: 50.00%, cost: 43.0
[2024-10-08 22:46:31,902][INFO] Step 29: size: 29, coverage: 51.50%, cost: 47.0
[2024-10-08 22:46:31,906][INFO] Step 30: size: 30, coverage: 53.00%, cost: 51.0
[2024-10-08 22:46:31,909][INFO] Step 31: size: 31, coverage: 54.50%, cost: 55.0
[2024-10-08 22:46:31,913][INFO] Step 32: size: 32, coverage: 56.00%, cost: 59.0
[2024-10-08 22:46:31,916][INFO] Step 33: size: 33, coverage: 57.50%, cost: 63.0
[2024-10-08 22:46:31,920][INFO] Step 34: size: 34, coverage: 59.00%, cost: 67.0
[2024-10-08 22:46:31,923][INFO] Step 35: size: 35, coverage: 60.00%, cost: 70.0
[2024-10-08 22:46:31,927][INFO] Step 36: size: 36, coverage: 61.50%, cost: 75.0
[2024-10-08 22:46:31,931][INFO] Step 37: size: 37, coverage: 63.00%, cost: 80.0
[2024-10-08 22:46:31,935][INFO] Step 38: size: 38, coverage: 64.50%, cost: 85.0
[2024-10-08 22:46:31,938][INFO] Step 39: size: 39, coverage: 65.00%, cost: 87.0
[2024-10-08 22:46:31,942][INFO] Step 40: size: 40, coverage: 66.00%, cost: 91.0
[2024-10-08 22:46:31,946][INFO] Step 41: size: 41, coverage: 67.50%, cost: 98.0
[2024-10-08 22:46:31,949][INFO] Step 42: size: 42, coverage: 68.00%, cost: 101.0
[2024-10-08 22:46:31,953][INFO] Step 43: size: 43, coverage: 69.50%, cost: 108.0
[2024-10-08 22:46:31,957][INFO] Step 44: size: 44, coverage: 71.00%, cost: 115.0
[2024-10-08 22:46:31,960][INFO] Step 45: size: 45, coverage: 72.00%, cost: 120.0
[2024-10-08 22:46:31,964][INFO] Step 46: size: 46, coverage: 72.50%, cost: 123.0
[2024-10-08 22:46:31,968][INFO] Step 47: size: 47, coverage: 73.00%, cost: 126.0
[2024-10-08 22:46:31,971][INFO] Step 48: size: 48, coverage: 73.50%, cost: 129.0
[2024-10-08 22:46:31,975][INFO] Step 49: size: 49, coverage: 75.00%, cost: 139.0
[2024-10-08 22:46:31,979][INFO] Step 50: size: 50, coverage: 76.50%, cost: 150.0
[2024-10-08 22:46:31,982][INFO] Step 51: size: 51, coverage: 77.00%, cost: 154.0
[2024-10-08 22:46:31,986][INFO] Step 52: size: 52, coverage: 77.50%, cost: 158.0
[2024-10-08 22:46:31,990][INFO] Step 53: size: 53, coverage: 78.00%, cost: 162.0
[2024-10-08 22:46:31,994][INFO] Step 54: size: 54, coverage: 79.00%, cost: 170.0
[2024-10-08 22:46:31,998][INFO] Step 55: size: 55, coverage: 80.00%, cost: 178.0
[2024-10-08 22:46:32,002][INFO] Step 56: size: 56, coverage: 81.00%, cost: 186.0
[2024-10-08 22:46:32,006][INFO] Step 57: size: 57, coverage: 82.50%, cost: 198.0
[2024-10-08 22:46:32,010][INFO] Step 58: size: 58, coverage: 84.50%, cost: 214.0
[2024-10-08 22:46:32,014][INFO] Step 59: size: 59, coverage: 86.00%, cost: 227.0
[2024-10-08 22:46:32,017][INFO] Step 60: size: 60, coverage: 86.50%, cost: 232.0
[2024-10-08 22:46:32,021][INFO] Step 61: size: 61, coverage: 87.00%, cost: 237.0
[2024-10-08 22:46:32,025][INFO] Step 62: size: 62, coverage: 87.50%, cost: 243.0
[2024-10-08 22:46:32,029][INFO] Step 63: size: 63, coverage: 88.00%, cost: 249.0
[2024-10-08 22:46:32,033][INFO] Step 64: size: 64, coverage: 88.50%, cost: 256.0
[2024-10-08 22:46:32,037][INFO] Step 65: size: 65, coverage: 89.00%, cost: 263.0
[2024-10-08 22:46:32,041][INFO] Step 66: size: 66, coverage: 90.50%, cost: 286.0
[2024-10-08 22:46:32,045][INFO] Step 67: size: 67, coverage: 91.50%, cost: 302.0
[2024-10-08 22:46:32,049][INFO] Step 68: size: 68, coverage: 92.00%, cost: 311.0
[2024-10-08 22:46:32,053][INFO] Step 69: size: 69, coverage: 93.00%, cost: 329.0
[2024-10-08 22:46:32,057][INFO] Step 70: size: 70, coverage: 94.50%, cost: 357.0
[2024-10-08 22:46:32,061][INFO] Step 71: size: 71, coverage: 95.00%, cost: 367.0
[2024-10-08 22:46:32,065][INFO] Step 72: size: 72, coverage: 95.50%, cost: 379.0
[2024-10-08 22:46:32,069][INFO] Step 73: size: 73, coverage: 96.00%, cost: 391.0
[2024-10-08 22:46:32,073][INFO] Step 74: size: 74, coverage: 96.50%, cost: 404.0
[2024-10-08 22:46:32,077][INFO] Step 75: size: 75, coverage: 97.00%, cost: 418.0
[2024-10-08 22:46:32,081][INFO] Step 76: size: 76, coverage: 97.50%, cost: 434.0
[2024-10-08 22:46:32,085][INFO] Step 77: size: 77, coverage: 98.00%, cost: 451.0
[2024-10-08 22:46:32,089][INFO] Step 78: size: 78, coverage: 98.50%, cost: 468.0
[2024-10-08 22:46:32,093][INFO] Step 79: size: 79, coverage: 99.50%, cost: 506.0
[2024-10-08 22:46:32,097][INFO] Step 80: size: 80, coverage: 100.00%, cost: 548.0
[2024-10-08 22:46:32,098][INFO] Solved solution used 6 random steps
[2024-10-08 22:46:32,099][INFO] Size: 80 -> 73
[2024-10-08 22:46:32,099][INFO] Cost: 548.0 -> 531.0
[2024-10-08 23:01:14,418][INFO] Step 1: size: 1, coverage: 4.00%, cost: 1.0
[2024-10-08 23:01:14,421][INFO] Step 2: size: 2, coverage: 7.50%, cost: 2.0
[2024-10-08 23:01:14,424][INFO] Step 3: size: 3, coverage: 10.50%, cost: 3.0
[2024-10-08 23:01:14,427][INFO] Step 4: size: 4, coverage: 13.00%, cost: 4.0
[2024-10-08 23:01:14,430][INFO] Step 5: size: 5, coverage: 15.50%, cost: 5.0
[2024-10-08 23:01:14,434][INFO] Step 6: size: 6, coverage: 17.50%, cost: 6.0
[2024-10-08 23:01:14,437][INFO] Step 7: size: 7, coverage: 19.00%, cost: 7.0
[2024-10-08 23:01:14,440][INFO] Step 8: size: 8, coverage: 20.50%, cost: 8.0
[2024-10-08 23:01:14,444][INFO] Step 9: size: 9, coverage: 22.00%, cost: 9.0
[2024-10-08 23:01:14,447][INFO] Step 10: size: 10, coverage: 23.50%, cost: 10.0
[2024-10-08 23:01:14,451][INFO] Step 11: size: 11, coverage: 25.00%, cost: 11.0
[2024-10-08 23:01:14,454][INFO] Step 12: size: 12, coverage: 26.50%, cost: 12.0
[2024-10-08 23:01:14,458][INFO] Step 13: size: 13, coverage: 27.50%, cost: 13.0
[2024-10-08 23:01:14,461][INFO] Step 14: size: 14, coverage: 29.00%, cost: 14.0
[2024-10-08 23:01:14,464][INFO] Step 15: size: 15, coverage: 30.50%, cost: 15.0
[2024-10-08 23:01:14,468][INFO] Step 16: size: 16, coverage: 33.00%, cost: 17.0
[2024-10-08 23:01:14,471][INFO] Step 17: size: 17, coverage: 35.50%, cost: 19.0
[2024-10-08 23:01:14,475][INFO] Step 18: size: 18, coverage: 37.50%, cost: 21.0
[2024-10-08 23:01:14,478][INFO] Step 19: size: 19, coverage: 39.50%, cost: 23.0
[2024-10-08 23:01:14,482][INFO] Step 20: size: 20, coverage: 41.00%, cost: 25.0
[2024-10-08 23:01:14,485][INFO] Step 21: size: 21, coverage: 42.50%, cost: 27.0
[2024-10-08 23:01:14,489][INFO] Step 22: size: 22, coverage: 43.50%, cost: 29.0
[2024-10-08 23:01:14,492][INFO] Step 23: size: 23, coverage: 44.50%, cost: 31.0
[2024-10-08 23:01:14,496][INFO] Step 24: size: 24, coverage: 45.50%, cost: 33.0
[2024-10-08 23:01:14,499][INFO] Step 25: size: 25, coverage: 46.00%, cost: 35.0
[2024-10-08 23:01:14,503][INFO] Step 26: size: 26, coverage: 47.00%, cost: 37.0
[2024-10-08 23:01:14,506][INFO] Step 27: size: 27, coverage: 48.50%, cost: 40.0
[2024-10-08 23:01:14,510][INFO] Step 28: size: 28, coverage: 50.00%, cost: 43.0
[2024-10-08 23:01:14,513][INFO] Step 29: size: 29, coverage: 51.50%, cost: 47.0
[2024-10-08 23:01:14,517][INFO] Step 30: size: 30, coverage: 53.00%, cost: 51.0
[2024-10-08 23:01:14,521][INFO] Step 31: size: 31, coverage: 54.50%, cost: 55.0
[2024-10-08 23:01:14,524][INFO] Step 32: size: 32, coverage: 56.00%, cost: 59.0
[2024-10-08 23:01:14,528][INFO] Step 33: size: 33, coverage: 57.50%, cost: 63.0
[2024-10-08 23:01:14,531][INFO] Step 34: size: 34, coverage: 59.00%, cost: 67.0
[2024-10-08 23:01:14,535][INFO] Step 35: size: 35, coverage: 60.00%, cost: 70.0
[2024-10-08 23:01:14,538][INFO] Step 36: size: 36, coverage: 61.50%, cost: 75.0
[2024-10-08 23:01:14,542][INFO] Step 37: size: 37, coverage: 63.00%, cost: 80.0
[2024-10-08 23:01:14,546][INFO] Step 38: size: 38, coverage: 64.50%, cost: 85.0
[2024-10-08 23:01:14,549][INFO] Step 39: size: 39, coverage: 65.00%, cost: 87.0
[2024-10-08 23:01:14,553][INFO] Step 40: size: 40, coverage: 66.00%, cost: 91.0
[2024-10-08 23:01:14,557][INFO] Step 41: size: 41, coverage: 67.50%, cost: 98.0
[2024-10-08 23:01:14,560][INFO] Step 42: size: 42, coverage: 68.00%, cost: 101.0
[2024-10-08 23:01:14,564][INFO] Step 43: size: 43, coverage: 69.50%, cost: 108.0
[2024-10-08 23:01:14,568][INFO] Step 44: size: 44, coverage: 71.00%, cost: 115.0
[2024-10-08 23:01:14,571][INFO] Step 45: size: 45, coverage: 72.00%, cost: 120.0
[2024-10-08 23:01:14,575][INFO] Step 46: size: 46, coverage: 72.50%, cost: 123.0
[2024-10-08 23:01:14,579][INFO] Step 47: size: 47, coverage: 73.00%, cost: 126.0
[2024-10-08 23:01:14,582][INFO] Step 48: size: 48, coverage: 73.50%, cost: 129.0
[2024-10-08 23:01:14,586][INFO] Step 49: size: 49, coverage: 75.00%, cost: 139.0
[2024-10-08 23:01:14,590][INFO] Step 50: size: 50, coverage: 76.50%, cost: 150.0
[2024-10-08 23:01:14,594][INFO] Step 51: size: 51, coverage: 77.00%, cost: 154.0
[2024-10-08 23:01:14,597][INFO] Step 52: size: 52, coverage: 77.50%, cost: 158.0
[2024-10-08 23:01:14,601][INFO] Step 53: size: 53, coverage: 78.00%, cost: 162.0
[2024-10-08 23:01:14,605][INFO] Step 54: size: 54, coverage: 79.00%, cost: 170.0
[2024-10-08 23:01:14,609][INFO] Step 55: size: 55, coverage: 80.00%, cost: 178.0
[2024-10-08 23:01:14,613][INFO] Step 56: size: 56, coverage: 81.00%, cost: 186.0
[2024-10-08 23:01:14,617][INFO] Step 57: size: 57, coverage: 82.50%, cost: 198.0
[2024-10-08 23:01:14,620][INFO] Step 58: size: 58, coverage: 84.50%, cost: 214.0
[2024-10-08 23:01:14,624][INFO] Step 59: size: 59, coverage: 86.00%, cost: 227.0
[2024-10-08 23:01:14,628][INFO] Step 60: size: 60, coverage: 86.50%, cost: 232.0
[2024-10-08 23:01:14,632][INFO] Step 61: size: 61, coverage: 87.00%, cost: 237.0
[2024-10-08 23:01:14,636][INFO] Step 62: size: 62, coverage: 87.50%, cost: 243.0
[2024-10-08 23:01:14,640][INFO] Step 63: size: 63, coverage: 88.00%, cost: 249.0
[2024-10-08 23:01:14,644][INFO] Step 64: size: 64, coverage: 88.50%, cost: 256.0
[2024-10-08 23:01:14,648][INFO] Step 65: size: 65, coverage: 89.00%, cost: 263.0
[2024-10-08 23:01:14,652][INFO] Step 66: size: 66, coverage: 90.50%, cost: 286.0
[2024-10-08 23:01:14,656][INFO] Step 67: size: 67, coverage: 91.50%, cost: 302.0
[2024-10-08 23:01:14,660][INFO] Step 68: size: 68, coverage: 92.00%, cost: 311.0
[2024-10-08 23:01:14,664][INFO] Step 69: size: 69, coverage: 93.00%, cost: 329.0
[2024-10-08 23:01:14,668][INFO] Step 70: size: 70, coverage: 94.50%, cost: 357.0
[2024-10-08 23:01:14,672][INFO] Step 71: size: 71, coverage: 95.00%, cost: 367.0
[2024-10-08 23:01:14,676][INFO] Step 72: size: 72, coverage: 95.50%, cost: 379.0
[2024-10-08 23:01:14,680][INFO] Step 73: size: 73, coverage: 96.00%, cost: 391.0
[2024-10-08 23:01:14,684][INFO] Step 74: size: 74, coverage: 96.50%, cost: 404.0
[2024-10-08 23:01:14,688][INFO] Step 75: size: 75, coverage: 97.00%, cost: 418.0
[2024-10-08 23:01:14,692][INFO] Step 76: size: 76, coverage: 97.50%, cost: 434.0
[2024-10-08 23:01:14,697][INFO] Step 77: size: 77, coverage: 98.00%, cost: 451.0
[2024-10-08 23:01:14,701][INFO] Step 78: size: 78, coverage: 98.50%, cost: 468.0
[2024-10-08 23:01:14,705][INFO] Step 79: size: 79, coverage: 99.50%, cost: 506.0
[2024-10-08 23:01:14,709][INFO] Step 80: size: 80, coverage: 100.00%, cost: 548.0
[2024-10-08 23:01:14,709][INFO] Solved solution used 6 random steps
[2024-10-08 23:01:14,711][INFO] Size: 80 -> 73
[2024-10-08 23:01:14,711][INFO] Cost: 548.0 -> 531.0
[2024-10-08 23:02:49,884][INFO] Step 1: size: 1, coverage: 4.00%, cost: 1.0
[2024-10-08 23:02:49,887][INFO] Step 2: size: 2, coverage: 7.50%, cost: 2.0
[2024-10-08 23:02:49,890][INFO] Step 3: size: 3, coverage: 10.50%, cost: 3.0
[2024-10-08 23:02:49,893][INFO] Step 4: size: 4, coverage: 13.00%, cost: 4.0
[2024-10-08 23:02:49,896][INFO] Step 5: size: 5, coverage: 15.50%, cost: 5.0
[2024-10-08 23:02:49,900][INFO] Step 6: size: 6, coverage: 17.50%, cost: 6.0
[2024-10-08 23:02:49,903][INFO] Step 7: size: 7, coverage: 19.00%, cost: 7.0
[2024-10-08 23:02:49,906][INFO] Step 8: size: 8, coverage: 20.50%, cost: 8.0
[2024-10-08 23:02:49,910][INFO] Step 9: size: 9, coverage: 22.00%, cost: 9.0
[2024-10-08 23:02:49,913][INFO] Step 10: size: 10, coverage: 23.50%, cost: 10.0
[2024-10-08 23:02:49,916][INFO] Step 11: size: 11, coverage: 25.00%, cost: 11.0
[2024-10-08 23:02:49,920][INFO] Step 12: size: 12, coverage: 26.50%, cost: 12.0
[2024-10-08 23:02:49,923][INFO] Step 13: size: 13, coverage: 27.50%, cost: 13.0
[2024-10-08 23:02:49,927][INFO] Step 14: size: 14, coverage: 29.00%, cost: 14.0
[2024-10-08 23:02:49,930][INFO] Step 15: size: 15, coverage: 30.50%, cost: 15.0
[2024-10-08 23:02:49,933][INFO] Step 16: size: 16, coverage: 33.00%, cost: 17.0
[2024-10-08 23:02:49,937][INFO] Step 17: size: 17, coverage: 35.50%, cost: 19.0
[2024-10-08 23:02:49,940][INFO] Step 18: size: 18, coverage: 37.50%, cost: 21.0
[2024-10-08 23:02:49,943][INFO] Step 19: size: 19, coverage: 39.50%, cost: 23.0
[2024-10-08 23:02:49,947][INFO] Step 20: size: 20, coverage: 41.00%, cost: 25.0
[2024-10-08 23:02:49,950][INFO] Step 21: size: 21, coverage: 42.50%, cost: 27.0
[2024-10-08 23:02:49,954][INFO] Step 22: size: 22, coverage: 43.50%, cost: 29.0
[2024-10-08 23:02:49,957][INFO] Step 23: size: 23, coverage: 44.50%, cost: 31.0
[2024-10-08 23:02:49,960][INFO] Step 24: size: 24, coverage: 45.50%, cost: 33.0
[2024-10-08 23:02:49,964][INFO] Step 25: size: 25, coverage: 46.00%, cost: 35.0
[2024-10-08 23:02:49,967][INFO] Step 26: size: 26, coverage: 47.00%, cost: 37.0
[2024-10-08 23:02:49,971][INFO] Step 27: size: 27, coverage: 48.50%, cost: 40.0
[2024-10-08 23:02:49,974][INFO] Step 28: size: 28, coverage: 50.00%, cost: 43.0
[2024-10-08 23:02:49,977][INFO] Step 29: size: 29, coverage: 51.50%, cost: 47.0
[2024-10-08 23:02:49,981][INFO] Step 30: size: 30, coverage: 53.00%, cost: 51.0
[2024-10-08 23:02:49,984][INFO] Step 31: size: 31, coverage: 54.50%, cost: 55.0
[2024-10-08 23:02:49,988][INFO] Step 32: size: 32, coverage: 56.00%, cost: 59.0
[2024-10-08 23:02:49,991][INFO] Step 33: size: 33, coverage: 57.50%, cost: 63.0
[2024-10-08 23:02:49,995][INFO] Step 34: size: 34, coverage: 59.00%, cost: 67.0
[2024-10-08 23:02:49,998][INFO] Step 35: size: 35, coverage: 60.00%, cost: 70.0
[2024-10-08 23:02:50,002][INFO] Step 36: size: 36, coverage: 61.50%, cost: 75.0
[2024-10-08 23:02:50,005][INFO] Step 37: size: 37, coverage: 63.00%, cost: 80.0
[2024-10-08 23:02:50,009][INFO] Step 38: size: 38, coverage: 64.50%, cost: 85.0
[2024-10-08 23:02:50,012][INFO] Step 39: size: 39, coverage: 65.00%, cost: 87.0
[2024-10-08 23:02:50,016][INFO] Step 40: size: 40, coverage: 66.00%, cost: 91.0
[2024-10-08 23:02:50,019][INFO] Step 41: size: 41, coverage: 67.50%, cost: 98.0
[2024-10-08 23:02:50,023][INFO] Step 42: size: 42, coverage: 68.00%, cost: 101.0
[2024-10-08 23:02:50,027][INFO] Step 43: size: 43, coverage: 69.50%, cost: 108.0
[2024-10-08 23:02:50,030][INFO] Step 44: size: 44, coverage: 71.00%, cost: 115.0
[2024-10-08 23:02:50,034][INFO] Step 45: size: 45, coverage: 72.00%, cost: 120.0
[2024-10-08 23:02:50,037][INFO] Step 46: size: 46, coverage: 72.50%, cost: 123.0
[2024-10-08 23:02:50,041][INFO] Step 47: size: 47, coverage: 73.00%, cost: 126.0
[2024-10-08 23:02:50,045][INFO] Step 48: size: 48, coverage: 73.50%, cost: 129.0
[2024-10-08 23:02:50,048][INFO] Step 49: size: 49, coverage: 75.00%, cost: 139.0
[2024-10-08 23:02:50,052][INFO] Step 50: size: 50, coverage: 76.50%, cost: 150.0
[2024-10-08 23:02:50,056][INFO] Step 51: size: 51, coverage: 77.00%, cost: 154.0
[2024-10-08 23:02:50,059][INFO] Step 52: size: 52, coverage: 77.50%, cost: 158.0
[2024-10-08 23:02:50,063][INFO] Step 53: size: 53, coverage: 78.00%, cost: 162.0
[2024-10-08 23:02:50,067][INFO] Step 54: size: 54, coverage: 79.00%, cost: 170.0
[2024-10-08 23:02:50,070][INFO] Step 55: size: 55, coverage: 80.00%, cost: 178.0
[2024-10-08 23:02:50,074][INFO] Step 56: size: 56, coverage: 81.00%, cost: 186.0
[2024-10-08 23:02:50,078][INFO] Step 57: size: 57, coverage: 82.50%, cost: 198.0
[2024-10-08 23:02:50,082][INFO] Step 58: size: 58, coverage: 84.50%, cost: 214.0
[2024-10-08 23:02:50,085][INFO] Step 59: size: 59, coverage: 86.00%, cost: 227.0
[2024-10-08 23:02:50,089][INFO] Step 60: size: 60, coverage: 86.50%, cost: 232.0
[2024-10-08 23:02:50,093][INFO] Step 61: size: 61, coverage: 87.00%, cost: 237.0
[2024-10-08 23:02:50,097][INFO] Step 62: size: 62, coverage: 87.50%, cost: 243.0
[2024-10-08 23:02:50,101][INFO] Step 63: size: 63, coverage: 88.00%, cost: 249.0
[2024-10-08 23:02:50,105][INFO] Step 64: size: 64, coverage: 88.50%, cost: 256.0
[2024-10-08 23:02:50,108][INFO] Step 65: size: 65, coverage: 89.00%, cost: 263.0
[2024-10-08 23:02:50,112][INFO] Step 66: size: 66, coverage: 90.50%, cost: 286.0
[2024-10-08 23:02:50,116][INFO] Step 67: size: 67, coverage: 91.50%, cost: 302.0
[2024-10-08 23:02:50,120][INFO] Step 68: size: 68, coverage: 92.00%, cost: 311.0
[2024-10-08 23:02:50,124][INFO] Step 69: size: 69, coverage: 93.00%, cost: 329.0
[2024-10-08 23:02:50,128][INFO] Step 70: size: 70, coverage: 94.50%, cost: 357.0
[2024-10-08 23:02:50,132][INFO] Step 71: size: 71, coverage: 95.00%, cost: 367.0
[2024-10-08 23:02:50,136][INFO] Step 72: size: 72, coverage: 95.50%, cost: 379.0
[2024-10-08 23:02:50,140][INFO] Step 73: size: 73, coverage: 96.00%, cost: 391.0
[2024-10-08 23:02:50,144][INFO] Step 74: size: 74, coverage: 96.50%, cost: 404.0
[2024-10-08 23:02:50,148][INFO] Step 75: size: 75, coverage: 97.00%, cost: 418.0
[2024-10-08 23:02:50,152][INFO] Step 76: size: 76, coverage: 97.50%, cost: 434.0
[2024-10-08 23:02:50,156][INFO] Step 77: size: 77, coverage: 98.00%, cost: 451.0
[2024-10-08 23:02:50,160][INFO] Step 78: size: 78, coverage: 98.50%, cost: 468.0
[2024-10-08 23:02:50,164][INFO] Step 79: size: 79, coverage: 99.50%, cost: 506.0
[2024-10-08 23:02:50,168][INFO] Step 80: size: 80, coverage: 100.00%, cost: 548.0
[2024-10-08 23:02:50,168][INFO] Solved solution used 6 random steps
[2024-10-08 23:02:50,170][INFO] Size: 80 -> 73
[2024-10-08 23:02:50,170][INFO] Cost: 548.0 -> 531.0
[2024-10-08 23:07:43,848][INFO] Step 1: size: 1, coverage: 4.00%, cost: 1.0
[2024-10-08 23:07:43,851][INFO] Step 2: size: 2, coverage: 7.50%, cost: 2.0
[2024-10-08 23:07:43,855][INFO] Step 3: size: 3, coverage: 10.50%, cost: 3.0
[2024-10-08 23:07:43,858][INFO] Step 4: size: 4, coverage: 13.00%, cost: 4.0
[2024-10-08 23:07:43,861][INFO] Step 5: size: 5, coverage: 15.50%, cost: 5.0
[2024-10-08 23:07:43,864][INFO] Step 6: size: 6, coverage: 17.50%, cost: 6.0
[2024-10-08 23:07:43,868][INFO] Step 7: size: 7, coverage: 19.00%, cost: 7.0
[2024-10-08 23:07:43,871][INFO] Step 8: size: 8, coverage: 20.50%, cost: 8.0
[2024-10-08 23:07:43,874][INFO] Step 9: size: 9, coverage: 22.00%, cost: 9.0
[2024-10-08 23:07:43,877][INFO] Step 10: size: 10, coverage: 23.50%, cost: 10.0
[2024-10-08 23:07:43,881][INFO] Step 11: size: 11, coverage: 25.00%, cost: 11.0
[2024-10-08 23:07:43,884][INFO] Step 12: size: 12, coverage: 26.50%, cost: 12.0
[2024-10-08 23:07:43,887][INFO] Step 13: size: 13, coverage: 27.50%, cost: 13.0
[2024-10-08 23:07:43,891][INFO] Step 14: size: 14, coverage: 29.00%, cost: 14.0
[2024-10-08 23:07:43,894][INFO] Step 15: size: 15, coverage: 30.50%, cost: 15.0
[2024-10-08 23:07:43,897][INFO] Step 16: size: 16, coverage: 33.00%, cost: 17.0
[2024-10-08 23:07:43,901][INFO] Step 17: size: 17, coverage: 35.50%, cost: 19.0
[2024-10-08 23:07:43,904][INFO] Step 18: size: 18, coverage: 37.50%, cost: 21.0
[2024-10-08 23:07:43,907][INFO] Step 19: size: 19, coverage: 39.50%, cost: 23.0
[2024-10-08 23:07:43,910][INFO] Step 20: size: 20, coverage: 41.00%, cost: 25.0
[2024-10-08 23:07:43,914][INFO] Step 21: size: 21, coverage: 42.50%, cost: 27.0
[2024-10-08 23:07:43,917][INFO] Step 22: size: 22, coverage: 43.50%, cost: 29.0
[2024-10-08 23:07:43,920][INFO] Step 23: size: 23, coverage: 44.50%, cost: 31.0
[2024-10-08 23:07:43,924][INFO] Step 24: size: 24, coverage: 45.50%, cost: 33.0
[2024-10-08 23:07:43,927][INFO] Step 25: size: 25, coverage: 46.00%, cost: 35.0
[2024-10-08 23:07:43,931][INFO] Step 26: size: 26, coverage: 47.00%, cost: 37.0
[2024-10-08 23:07:43,934][INFO] Step 27: size: 27, coverage: 48.50%, cost: 40.0
[2024-10-08 23:07:43,937][INFO] Step 28: size: 28, coverage: 50.00%, cost: 43.0
[2024-10-08 23:07:43,941][INFO] Step 29: size: 29, coverage: 51.50%, cost: 47.0
[2024-10-08 23:07:43,944][INFO] Step 30: size: 30, coverage: 53.00%, cost: 51.0
[2024-10-08 23:07:43,948][INFO] Step 31: size: 31, coverage: 54.50%, cost: 55.0
[2024-10-08 23:07:43,951][INFO] Step 32: size: 32, coverage: 56.00%, cost: 59.0
[2024-10-08 23:07:43,955][INFO] Step 33: size: 33, coverage: 57.50%, cost: 63.0
[2024-10-08 23:07:43,958][INFO] Step 34: size: 34, coverage: 59.00%, cost: 67.0
[2024-10-08 23:07:43,962][INFO] Step 35: size: 35, coverage: 60.00%, cost: 70.0
[2024-10-08 23:07:43,965][INFO] Step 36: size: 36, coverage: 61.50%, cost: 75.0
[2024-10-08 23:07:43,969][INFO] Step 37: size: 37, coverage: 63.00%, cost: 80.0
[2024-10-08 23:07:43,972][INFO] Step 38: size: 38, coverage: 64.50%, cost: 85.0
[2024-10-08 23:07:43,976][INFO] Step 39: size: 39, coverage: 65.00%, cost: 87.0
[2024-10-08 23:07:43,979][INFO] Step 40: size: 40, coverage: 66.00%, cost: 91.0
[2024-10-08 23:07:43,983][INFO] Step 41: size: 41, coverage: 67.50%, cost: 98.0
[2024-10-08 23:07:43,986][INFO] Step 42: size: 42, coverage: 68.00%, cost: 101.0
[2024-10-08 23:07:43,990][INFO] Step 43: size: 43, coverage: 69.50%, cost: 108.0
[2024-10-08 23:07:43,994][INFO] Step 44: size: 44, coverage: 71.00%, cost: 115.0
[2024-10-08 23:07:43,997][INFO] Step 45: size: 45, coverage: 72.00%, cost: 120.0
[2024-10-08 23:07:44,001][INFO] Step 46: size: 46, coverage: 72.50%, cost: 123.0
[2024-10-08 23:07:44,004][INFO] Step 47: size: 47, coverage: 73.00%, cost: 126.0
[2024-10-08 23:07:44,008][INFO] Step 48: size: 48, coverage: 73.50%, cost: 129.0
[2024-10-08 23:07:44,012][INFO] Step 49: size: 49, coverage: 75.00%, cost: 139.0
[2024-10-08 23:07:44,015][INFO] Step 50: size: 50, coverage: 76.50%, cost: 150.0
[2024-10-08 23:07:44,019][INFO] Step 51: size: 51, coverage: 77.00%, cost: 154.0
[2024-10-08 23:07:44,023][INFO] Step 52: size: 52, coverage: 77.50%, cost: 158.0
[2024-10-08 23:07:44,026][INFO] Step 53: size: 53, coverage: 78.00%, cost: 162.0
[2024-10-08 23:07:44,030][INFO] Step 54: size: 54, coverage: 79.00%, cost: 170.0
[2024-10-08 23:07:44,034][INFO] Step 55: size: 55, coverage: 80.00%, cost: 178.0
[2024-10-08 23:07:44,037][INFO] Step 56: size: 56, coverage: 81.00%, cost: 186.0
[2024-10-08 23:07:44,041][INFO] Step 57: size: 57, coverage: 82.50%, cost: 198.0
[2024-10-08 23:07:44,045][INFO] Step 58: size: 58, coverage: 84.50%, cost: 214.0
[2024-10-08 23:07:44,049][INFO] Step 59: size: 59, coverage: 86.00%, cost: 227.0
[2024-10-08 23:07:44,052][INFO] Step 60: size: 60, coverage: 86.50%, cost: 232.0
[2024-10-08 23:07:44,056][INFO] Step 61: size: 61, coverage: 87.00%, cost: 237.0
[2024-10-08 23:07:44,062][INFO] Step 62: size: 62, coverage: 87.50%, cost: 243.0
[2024-10-08 23:07:44,066][INFO] Step 63: size: 63, coverage: 88.00%, cost: 249.0
[2024-10-08 23:07:44,070][INFO] Step 64: size: 64, coverage: 88.50%, cost: 256.0
[2024-10-08 23:07:44,074][INFO] Step 65: size: 65, coverage: 89.00%, cost: 263.0
[2024-10-08 23:07:44,078][INFO] Step 66: size: 66, coverage: 90.50%, cost: 286.0
[2024-10-08 23:07:44,082][INFO] Step 67: size: 67, coverage: 91.50%, cost: 302.0
[2024-10-08 23:07:44,086][INFO] Step 68: size: 68, coverage: 92.00%, cost: 311.0
[2024-10-08 23:07:44,090][INFO] Step 69: size: 69, coverage: 93.00%, cost: 329.0
[2024-10-08 23:07:44,094][INFO] Step 70: size: 70, coverage: 94.50%, cost: 357.0
[2024-10-08 23:07:44,098][INFO] Step 71: size: 71, coverage: 95.00%, cost: 367.0
[2024-10-08 23:07:44,102][INFO] Step 72: size: 72, coverage: 95.50%, cost: 379.0
[2024-10-08 23:07:44,106][INFO] Step 73: size: 73, coverage: 96.00%, cost: 391.0
[2024-10-08 23:07:44,110][INFO] Step 74: size: 74, coverage: 96.50%, cost: 404.0
[2024-10-08 23:07:44,114][INFO] Step 75: size: 75, coverage: 97.00%, cost: 418.0
[2024-10-08 23:07:44,118][INFO] Step 76: size: 76, coverage: 97.50%, cost: 434.0
[2024-10-08 23:07:44,122][INFO] Step 77: size: 77, coverage: 98.00%, cost: 451.0
[2024-10-08 23:07:44,126][INFO] Step 78: size: 78, coverage: 98.50%, cost: 468.0
[2024-10-08 23:07:44,130][INFO] Step 79: size: 79, coverage: 99.50%, cost: 506.0
[2024-10-08 23:07:44,134][INFO] Step 80: size: 80, coverage: 100.00%, cost: 548.0
[2024-10-08 23:07:44,134][INFO] Solved solution used 6 random steps
[2024-10-08 23:07:44,136][INFO] Size: 80 -> 73
[2024-10-08 23:07:44,136][INFO] Cost: 548.0 -> 531.0
[2024-10-13 15:18:25,754][INFO] Step 1: size: 1, coverage: 5.00%, cost: 51.0
[2024-10-13 15:18:25,758][INFO] Step 2: size: 2, coverage: 9.50%, cost: 75.0
[2024-10-13 15:18:25,761][INFO] Step 3: size: 3, coverage: 14.00%, cost: 125.0
[2024-10-13 15:18:25,764][INFO] Step 4: size: 4, coverage: 18.50%, cost: 187.0
[2024-10-13 15:18:25,768][INFO] Step 5: size: 5, coverage: 22.50%, cost: 189.0
[2024-10-13 15:18:25,771][INFO] Step 6: size: 6, coverage: 26.50%, cost: 213.0
[2024-10-13 15:18:25,774][INFO] Step 7: size: 7, coverage: 30.50%, cost: 262.0
[2024-10-13 15:18:25,777][INFO] Step 8: size: 8, coverage: 34.00%, cost: 283.0
[2024-10-13 15:18:25,781][INFO] Step 9: size: 9, coverage: 37.50%, cost: 332.0
[2024-10-13 15:18:25,784][INFO] Step 10: size: 10, coverage: 41.00%, cost: 426.0
[2024-10-13 15:18:25,787][INFO] Step 11: size: 11, coverage: 44.00%, cost: 440.0
[2024-10-13 15:18:25,790][INFO] Step 12: size: 12, coverage: 47.00%, cost: 484.0
[2024-10-13 15:18:25,794][INFO] Step 13: size: 13, coverage: 50.00%, cost: 543.0
[2024-10-13 15:18:25,797][INFO] Step 14: size: 14, coverage: 53.00%, cost: 631.0
[2024-10-13 15:18:25,801][INFO] Step 15: size: 15, coverage: 55.50%, cost: 644.0
[2024-10-13 15:18:25,804][INFO] Step 16: size: 16, coverage: 58.00%, cost: 663.0
[2024-10-13 15:18:25,807][INFO] Step 17: size: 17, coverage: 60.50%, cost: 685.0
[2024-10-13 15:18:25,811][INFO] Step 18: size: 18, coverage: 63.00%, cost: 734.0
[2024-10-13 15:18:25,814][INFO] Step 19: size: 19, coverage: 65.50%, cost: 793.0
[2024-10-13 15:18:25,818][INFO] Step 20: size: 20, coverage: 68.00%, cost: 857.0
[2024-10-13 15:18:25,821][INFO] Step 21: size: 21, coverage: 70.50%, cost: 923.0
[2024-10-13 15:18:25,824][INFO] Step 22: size: 22, coverage: 72.50%, cost: 940.0
[2024-10-13 15:18:25,828][INFO] Step 23: size: 23, coverage: 74.50%, cost: 958.0
[2024-10-13 15:18:25,831][INFO] Step 24: size: 24, coverage: 76.50%, cost: 998.0
[2024-10-13 15:18:25,835][INFO] Step 25: size: 25, coverage: 78.50%, cost: 1041.0
[2024-10-13 15:18:25,838][INFO] Step 26: size: 26, coverage: 80.50%, cost: 1087.0
[2024-10-13 15:18:25,842][INFO] Step 27: size: 27, coverage: 82.00%, cost: 1097.0
[2024-10-13 15:18:25,845][INFO] Step 28: size: 28, coverage: 83.50%, cost: 1115.0
[2024-10-13 15:18:25,849][INFO] Step 29: size: 29, coverage: 85.00%, cost: 1137.0
[2024-10-13 15:18:25,853][INFO] Step 30: size: 30, coverage: 86.50%, cost: 1160.0
[2024-10-13 15:18:25,856][INFO] Step 31: size: 31, coverage: 88.00%, cost: 1202.0
[2024-10-13 15:18:25,860][INFO] Step 32: size: 32, coverage: 89.50%, cost: 1264.0
[2024-10-13 15:18:25,863][INFO] Step 33: size: 33, coverage: 91.00%, cost: 1333.0
[2024-10-13 15:18:25,867][INFO] Step 34: size: 34, coverage: 92.00%, cost: 1335.0
[2024-10-13 15:18:25,871][INFO] Step 35: size: 35, coverage: 93.00%, cost: 1337.0
[2024-10-13 15:18:25,874][INFO] Step 36: size: 36, coverage: 94.00%, cost: 1346.0
[2024-10-13 15:18:25,878][INFO] Step 37: size: 37, coverage: 95.00%, cost: 1376.0
[2024-10-13 15:18:25,881][INFO] Step 38: size: 38, coverage: 96.00%, cost: 1406.0
[2024-10-13 15:18:25,885][INFO] Step 39: size: 39, coverage: 97.00%, cost: 1453.0
[2024-10-13 15:18:25,889][INFO] Step 40: size: 40, coverage: 98.00%, cost: 1520.0
[2024-10-13 15:18:25,893][INFO] Step 41: size: 41, coverage: 98.50%, cost: 1521.0
[2024-10-13 15:18:25,896][INFO] Step 42: size: 42, coverage: 99.00%, cost: 1526.0
[2024-10-13 15:18:25,900][INFO] Step 43: size: 43, coverage: 99.50%, cost: 1536.0
[2024-10-13 15:18:25,904][INFO] Step 44: size: 44, coverage: 100.00%, cost: 1552.0
[2024-10-13 15:18:25,905][INFO] Size: 44 -> 44
[2024-10-13 15:18:25,905][INFO] Cost: 1552.0 -> 1552.0
[2024-10-13 15:39:39,518][INFO] Step 1: size: 1, coverage: 4.00%, cost: 1.0
[2024-10-13 15:39:39,522][INFO] Step 2: size: 2, coverage: 6.00%, cost: 61.0
[2024-10-13 15:39:39,525][INFO] Step 3: size: 3, coverage: 9.50%, cost: 62.0
[2024-10-13 15:39:39,528][INFO] Step 4: size: 4, coverage: 12.00%, cost: 63.0
[2024-10-13 15:39:39,531][INFO] Step 5: size: 5, coverage: 14.50%, cost: 64.0
[2024-10-13 15:39:39,534][INFO] Step 6: size: 6, coverage: 17.00%, cost: 65.0
[2024-10-13 15:39:39,538][INFO] Step 7: size: 7, coverage: 18.50%, cost: 159.0
[2024-10-13 15:39:39,541][INFO] Step 8: size: 8, coverage: 21.00%, cost: 161.0
[2024-10-13 15:39:39,544][INFO] Step 9: size: 9, coverage: 23.00%, cost: 163.0
[2024-10-13 15:39:39,548][INFO] Step 10: size: 10, coverage: 23.50%, cost: 232.0
[2024-10-13 15:39:39,551][INFO] Step 11: size: 11, coverage: 25.00%, cost: 233.0
[2024-10-13 15:39:39,554][INFO] Step 12: size: 12, coverage: 26.50%, cost: 234.0
[2024-10-13 15:39:39,557][INFO] Step 13: size: 13, coverage: 28.00%, cost: 235.0
[2024-10-13 15:39:39,561][INFO] Step 14: size: 14, coverage: 29.50%, cost: 322.0
[2024-10-13 15:39:39,564][INFO] Step 15: size: 15, coverage: 31.00%, cost: 323.0
[2024-10-13 15:39:39,568][INFO] Step 16: size: 16, coverage: 32.50%, cost: 324.0
[2024-10-13 15:39:39,571][INFO] Step 17: size: 17, coverage: 34.50%, cost: 405.0
[2024-10-13 15:39:39,575][INFO] Step 18: size: 18, coverage: 36.00%, cost: 463.0
[2024-10-13 15:39:39,578][INFO] Step 19: size: 19, coverage: 37.50%, cost: 464.0
[2024-10-13 15:39:39,581][INFO] Step 20: size: 20, coverage: 39.00%, cost: 465.0
[2024-10-13 15:39:39,585][INFO] Step 21: size: 21, coverage: 40.50%, cost: 466.0
[2024-10-13 15:39:39,588][INFO] Step 22: size: 22, coverage: 41.50%, cost: 467.0
[2024-10-13 15:39:39,591][INFO] Step 23: size: 23, coverage: 42.50%, cost: 468.0
[2024-10-13 15:39:39,595][INFO] Step 24: size: 24, coverage: 43.50%, cost: 562.0
[2024-10-13 15:39:39,598][INFO] Step 25: size: 25, coverage: 45.50%, cost: 564.0
[2024-10-13 15:39:39,602][INFO] Step 26: size: 26, coverage: 46.00%, cost: 625.0
[2024-10-13 15:39:39,606][INFO] Step 27: size: 27, coverage: 48.00%, cost: 627.0
[2024-10-13 15:39:39,609][INFO] Step 28: size: 28, coverage: 49.50%, cost: 685.0
[2024-10-13 15:39:39,613][INFO] Step 29: size: 29, coverage: 50.00%, cost: 761.0
[2024-10-13 15:39:39,616][INFO] Step 30: size: 30, coverage: 51.50%, cost: 763.0
[2024-10-13 15:39:39,620][INFO] Step 31: size: 31, coverage: 53.00%, cost: 765.0
[2024-10-13 15:39:39,624][INFO] Step 32: size: 32, coverage: 54.00%, cost: 767.0
[2024-10-13 15:39:39,627][INFO] Step 33: size: 33, coverage: 55.00%, cost: 769.0
[2024-10-13 15:39:39,631][INFO] Step 34: size: 34, coverage: 56.00%, cost: 771.0
[2024-10-13 15:39:39,634][INFO] Step 35: size: 35, coverage: 57.50%, cost: 774.0
[2024-10-13 15:39:39,638][INFO] Step 36: size: 36, coverage: 58.50%, cost: 818.0
[2024-10-13 15:39:39,642][INFO] Step 37: size: 37, coverage: 59.00%, cost: 849.0
[2024-10-13 15:39:39,645][INFO] Step 38: size: 38, coverage: 60.50%, cost: 853.0
[2024-10-13 15:39:39,649][INFO] Step 39: size: 39, coverage: 61.00%, cost: 937.0
[2024-10-13 15:39:39,653][INFO] Step 40: size: 40, coverage: 62.50%, cost: 941.0
[2024-10-13 15:39:39,657][INFO] Step 41: size: 41, coverage: 63.50%, cost: 944.0
[2024-10-13 15:39:39,660][INFO] Step 42: size: 42, coverage: 64.50%, cost: 947.0
[2024-10-13 15:39:39,664][INFO] Step 43: size: 43, coverage: 65.50%, cost: 950.0
[2024-10-13 15:39:39,668][INFO] Step 44: size: 44, coverage: 67.00%, cost: 955.0
[2024-10-13 15:39:39,672][INFO] Step 45: size: 45, coverage: 67.50%, cost: 957.0
[2024-10-13 15:39:39,675][INFO] Step 46: size: 46, coverage: 68.00%, cost: 959.0
[2024-10-13 15:39:39,679][INFO] Step 47: size: 47, coverage: 69.00%, cost: 963.0
[2024-10-13 15:39:39,683][INFO] Step 48: size: 48, coverage: 70.00%, cost: 967.0
[2024-10-13 15:39:39,687][INFO] Step 49: size: 49, coverage: 71.00%, cost: 971.0
[2024-10-13 15:39:39,691][INFO] Step 50: size: 50, coverage: 73.50%, cost: 1000.0
[2024-10-13 15:39:39,695][INFO] Step 51: size: 51, coverage: 74.50%, cost: 1004.0
[2024-10-13 15:39:39,698][INFO] Step 52: size: 52, coverage: 76.00%, cost: 1011.0
[2024-10-13 15:39:39,702][INFO] Step 53: size: 53, coverage: 77.00%, cost: 1037.0
[2024-10-13 15:39:39,706][INFO] Step 54: size: 54, coverage: 78.50%, cost: 1087.0
[2024-10-13 15:39:39,710][INFO] Step 55: size: 55, coverage: 80.00%, cost: 1149.0
[2024-10-13 15:39:39,714][INFO] Step 56: size: 56, coverage: 81.00%, cost: 1154.0
[2024-10-13 15:39:39,718][INFO] Step 57: size: 57, coverage: 81.50%, cost: 1157.0
[2024-10-13 15:39:39,722][INFO] Step 58: size: 58, coverage: 82.50%, cost: 1250.0
[2024-10-13 15:39:39,726][INFO] Step 59: size: 59, coverage: 83.50%, cost: 1343.0
[2024-10-13 15:39:39,730][INFO] Step 60: size: 60, coverage: 84.00%, cost: 1403.0
[2024-10-13 15:39:39,734][INFO] Step 61: size: 61, coverage: 84.50%, cost: 1421.0
[2024-10-13 15:39:39,738][INFO] Step 62: size: 62, coverage: 85.00%, cost: 1495.0
[2024-10-13 15:39:39,743][INFO] Step 63: size: 63, coverage: 85.50%, cost: 1505.0
[2024-10-13 15:39:39,747][INFO] Step 64: size: 64, coverage: 86.00%, cost: 1553.0
[2024-10-13 15:39:39,751][INFO] Step 65: size: 65, coverage: 86.50%, cost: 1556.0
[2024-10-13 15:39:39,755][INFO] Step 66: size: 66, coverage: 87.00%, cost: 1560.0
[2024-10-13 15:39:39,759][INFO] Step 67: size: 67, coverage: 87.50%, cost: 1564.0
[2024-10-13 15:39:39,763][INFO] Step 68: size: 68, coverage: 88.00%, cost: 1568.0
[2024-10-13 15:39:39,767][INFO] Step 69: size: 69, coverage: 89.00%, cost: 1576.0
[2024-10-13 15:39:39,772][INFO] Step 70: size: 70, coverage: 89.50%, cost: 1581.0
[2024-10-13 15:39:39,776][INFO] Step 71: size: 71, coverage: 90.00%, cost: 1645.0
[2024-10-13 15:39:39,780][INFO] Step 72: size: 72, coverage: 90.50%, cost: 1736.0
[2024-10-13 15:39:39,784][INFO] Step 73: size: 73, coverage: 91.00%, cost: 1764.0
[2024-10-13 15:39:39,789][INFO] Step 74: size: 74, coverage: 91.50%, cost: 1769.0
[2024-10-13 15:39:39,793][INFO] Step 75: size: 75, coverage: 92.00%, cost: 1775.0
[2024-10-13 15:39:39,797][INFO] Step 76: size: 76, coverage: 92.50%, cost: 1781.0
[2024-10-13 15:39:39,802][INFO] Step 77: size: 77, coverage: 93.00%, cost: 1787.0
[2024-10-13 15:39:39,806][INFO] Step 78: size: 78, coverage: 93.50%, cost: 1833.0
[2024-10-13 15:39:39,811][INFO] Step 79: size: 79, coverage: 94.00%, cost: 1839.0
[2024-10-13 15:39:39,815][INFO] Step 80: size: 80, coverage: 94.50%, cost: 1889.0
[2024-10-13 15:39:39,819][INFO] Step 81: size: 81, coverage: 95.00%, cost: 1985.0
[2024-10-13 15:39:39,824][INFO] Step 82: size: 82, coverage: 95.50%, cost: 1992.0
[2024-10-13 15:39:39,828][INFO] Step 83: size: 83, coverage: 96.00%, cost: 1999.0
[2024-10-13 15:39:39,833][INFO] Step 84: size: 84, coverage: 96.50%, cost: 2007.0
[2024-10-13 15:39:39,838][INFO] Step 85: size: 85, coverage: 98.00%, cost: 2035.0
[2024-10-13 15:39:39,842][INFO] Step 86: size: 86, coverage: 98.50%, cost: 2045.0
[2024-10-13 15:39:39,847][INFO] Step 87: size: 87, coverage: 99.00%, cost: 2056.0
[2024-10-13 15:39:39,851][INFO] Step 88: size: 88, coverage: 99.50%, cost: 2068.0
[2024-10-13 15:39:39,856][INFO] Step 89: size: 89, coverage: 100.00%, cost: 2148.0
[2024-10-13 15:39:39,856][INFO] Solved solution used 34 random steps
[2024-10-13 15:39:39,858][INFO] Size: 89 -> 78
[2024-10-13 15:39:39,858][INFO] Cost: 2148.0 -> 1837.0
[2024-10-13 15:58:25,549][INFO] Step 1: size: 1, coverage: 4.00%, cost: 1.0
[2024-10-13 15:58:25,552][INFO] Step 2: size: 2, coverage: 7.50%, cost: 2.0
[2024-10-13 15:58:25,555][INFO] Step 3: size: 3, coverage: 10.50%, cost: 3.0
[2024-10-13 15:58:25,559][INFO] Step 4: size: 4, coverage: 11.00%, cost: 59.0
[2024-10-13 15:58:25,562][INFO] Step 5: size: 5, coverage: 13.50%, cost: 60.0
[2024-10-13 15:58:25,565][INFO] Step 6: size: 6, coverage: 16.00%, cost: 61.0
[2024-10-13 15:58:25,569][INFO] Step 7: size: 7, coverage: 18.00%, cost: 62.0
[2024-10-13 15:58:25,572][INFO] Step 8: size: 8, coverage: 19.50%, cost: 63.0
[2024-10-13 15:58:25,575][INFO] Step 9: size: 9, coverage: 21.00%, cost: 64.0
[2024-10-13 15:58:25,579][INFO] Step 10: size: 10, coverage: 22.50%, cost: 65.0
[2024-10-13 15:58:25,582][INFO] Step 11: size: 11, coverage: 24.00%, cost: 66.0
[2024-10-13 15:58:25,585][INFO] Step 12: size: 12, coverage: 25.50%, cost: 67.0
[2024-10-13 15:58:25,589][INFO] Step 13: size: 13, coverage: 27.00%, cost: 68.0
[2024-10-13 15:58:25,592][INFO] Step 14: size: 14, coverage: 28.50%, cost: 69.0
[2024-10-13 15:58:25,595][INFO] Step 15: size: 15, coverage: 30.00%, cost: 70.0
[2024-10-13 15:58:25,599][INFO] Step 16: size: 16, coverage: 33.00%, cost: 146.0
[2024-10-13 15:58:25,602][INFO] Step 17: size: 17, coverage: 35.50%, cost: 148.0
[2024-10-13 15:58:25,605][INFO] Step 18: size: 18, coverage: 38.00%, cost: 150.0
[2024-10-13 15:58:25,609][INFO] Step 19: size: 19, coverage: 39.00%, cost: 151.0
[2024-10-13 15:58:25,612][INFO] Step 20: size: 20, coverage: 41.00%, cost: 153.0
[2024-10-13 15:58:25,615][INFO] Step 21: size: 21, coverage: 42.50%, cost: 155.0
[2024-10-13 15:58:25,619][INFO] Step 22: size: 22, coverage: 44.00%, cost: 157.0
[2024-10-13 15:58:25,623][INFO] Step 23: size: 23, coverage: 45.50%, cost: 159.0
[2024-10-13 15:58:25,626][INFO] Step 24: size: 24, coverage: 46.50%, cost: 161.0
[2024-10-13 15:58:25,630][INFO] Step 25: size: 25, coverage: 48.00%, cost: 164.0
[2024-10-13 15:58:25,633][INFO] Step 26: size: 26, coverage: 49.50%, cost: 167.0
[2024-10-13 15:58:25,637][INFO] Step 27: size: 27, coverage: 51.00%, cost: 171.0
[2024-10-13 15:58:25,640][INFO] Step 28: size: 28, coverage: 52.50%, cost: 175.0
[2024-10-13 15:58:25,643][INFO] Step 29: size: 29, coverage: 54.00%, cost: 179.0
[2024-10-13 15:58:25,647][INFO] Step 30: size: 30, coverage: 55.50%, cost: 183.0
[2024-10-13 15:58:25,650][INFO] Step 31: size: 31, coverage: 57.00%, cost: 187.0
[2024-10-13 15:58:25,654][INFO] Step 32: size: 32, coverage: 57.50%, cost: 263.0
[2024-10-13 15:58:25,657][INFO] Step 33: size: 33, coverage: 59.00%, cost: 267.0
[2024-10-13 15:58:25,661][INFO] Step 34: size: 34, coverage: 60.50%, cost: 271.0
[2024-10-13 15:58:25,664][INFO] Step 35: size: 35, coverage: 61.50%, cost: 274.0
[2024-10-13 15:58:25,668][INFO] Step 36: size: 36, coverage: 63.00%, cost: 279.0
[2024-10-13 15:58:25,671][INFO] Step 37: size: 37, coverage: 64.50%, cost: 284.0
[2024-10-13 15:58:25,675][INFO] Step 38: size: 38, coverage: 66.00%, cost: 289.0
[2024-10-13 15:58:25,678][INFO] Step 39: size: 39, coverage: 66.50%, cost: 291.0
[2024-10-13 15:58:25,682][INFO] Step 40: size: 40, coverage: 67.00%, cost: 293.0
[2024-10-13 15:58:25,686][INFO] Step 41: size: 41, coverage: 67.50%, cost: 295.0
[2024-10-13 15:58:25,689][INFO] Step 42: size: 42, coverage: 69.00%, cost: 302.0
[2024-10-13 15:58:25,693][INFO] Step 43: size: 43, coverage: 70.50%, cost: 309.0
[2024-10-13 15:58:25,696][INFO] Step 44: size: 44, coverage: 72.00%, cost: 316.0
[2024-10-13 15:58:25,700][INFO] Step 45: size: 45, coverage: 73.00%, cost: 321.0
[2024-10-13 15:58:25,704][INFO] Step 46: size: 46, coverage: 73.50%, cost: 324.0
[2024-10-13 15:58:25,708][INFO] Step 47: size: 47, coverage: 74.00%, cost: 327.0
[2024-10-13 15:58:25,711][INFO] Step 48: size: 48, coverage: 74.50%, cost: 330.0
[2024-10-13 15:58:25,715][INFO] Step 49: size: 49, coverage: 75.00%, cost: 333.0
[2024-10-13 15:58:25,719][INFO] Step 50: size: 50, coverage: 76.50%, cost: 343.0
[2024-10-13 15:58:25,723][INFO] Step 51: size: 51, coverage: 78.50%, cost: 357.0
[2024-10-13 15:58:25,726][INFO] Step 52: size: 52, coverage: 79.00%, cost: 361.0
[2024-10-13 15:58:25,730][INFO] Step 53: size: 53, coverage: 79.50%, cost: 365.0
[2024-10-13 15:58:25,734][INFO] Step 54: size: 54, coverage: 80.50%, cost: 428.0
[2024-10-13 15:58:25,738][INFO] Step 55: size: 55, coverage: 81.50%, cost: 436.0
[2024-10-13 15:58:25,742][INFO] Step 56: size: 56, coverage: 82.50%, cost: 444.0
[2024-10-13 15:58:25,745][INFO] Step 57: size: 57, coverage: 83.50%, cost: 452.0
[2024-10-13 15:58:25,749][INFO] Step 58: size: 58, coverage: 85.00%, cost: 465.0
[2024-10-13 15:58:25,753][INFO] Step 59: size: 59, coverage: 85.50%, cost: 470.0
[2024-10-13 15:58:25,757][INFO] Step 60: size: 60, coverage: 86.50%, cost: 481.0
[2024-10-13 15:58:25,761][INFO] Step 61: size: 61, coverage: 87.00%, cost: 487.0
[2024-10-13 15:58:25,765][INFO] Step 62: size: 62, coverage: 88.00%, cost: 500.0
[2024-10-13 15:58:25,768][INFO] Step 63: size: 63, coverage: 88.50%, cost: 507.0
[2024-10-13 15:58:25,772][INFO] Step 64: size: 64, coverage: 89.00%, cost: 514.0
[2024-10-13 15:58:25,776][INFO] Step 65: size: 65, coverage: 90.00%, cost: 572.0
[2024-10-13 15:58:25,780][INFO] Step 66: size: 66, coverage: 91.50%, cost: 595.0
[2024-10-13 15:58:25,784][INFO] Step 67: size: 67, coverage: 92.50%, cost: 611.0
[2024-10-13 15:58:25,788][INFO] Step 68: size: 68, coverage: 93.00%, cost: 620.0
[2024-10-13 15:58:25,792][INFO] Step 69: size: 69, coverage: 94.50%, cost: 648.0
[2024-10-13 15:58:25,797][INFO] Step 70: size: 70, coverage: 95.00%, cost: 658.0
[2024-10-13 15:58:25,801][INFO] Step 71: size: 71, coverage: 95.50%, cost: 670.0
[2024-10-13 15:58:25,805][INFO] Step 72: size: 72, coverage: 96.00%, cost: 682.0
[2024-10-13 15:58:25,809][INFO] Step 73: size: 73, coverage: 96.50%, cost: 695.0
[2024-10-13 15:58:25,813][INFO] Step 74: size: 74, coverage: 97.00%, cost: 711.0
[2024-10-13 15:58:25,817][INFO] Step 75: size: 75, coverage: 97.50%, cost: 727.0
[2024-10-13 15:58:25,821][INFO] Step 76: size: 76, coverage: 98.00%, cost: 744.0
[2024-10-13 15:58:25,825][INFO] Step 77: size: 77, coverage: 98.50%, cost: 761.0
[2024-10-13 15:58:25,829][INFO] Step 78: size: 78, coverage: 99.50%, cost: 799.0
[2024-10-13 15:58:25,834][INFO] Step 79: size: 79, coverage: 100.00%, cost: 841.0
[2024-10-13 15:58:25,834][INFO] Solved solution used 5 random steps
[2024-10-13 15:58:25,835][INFO] Size: 79 -> 71
[2024-10-13 15:58:25,835][INFO] Cost: 841.0 -> 822.0
[2024-10-13 16:04:24,589][INFO] Step 1: size: 1, coverage: 4.00%, cost: 1.0
[2024-10-13 16:04:24,592][INFO] Step 2: size: 2, coverage: 7.50%, cost: 2.0
[2024-10-13 16:04:24,596][INFO] Step 3: size: 3, coverage: 10.50%, cost: 3.0
[2024-10-13 16:04:24,599][INFO] Step 4: size: 4, coverage: 13.00%, cost: 4.0
[2024-10-13 16:04:24,602][INFO] Step 5: size: 5, coverage: 15.50%, cost: 5.0
[2024-10-13 16:04:24,606][INFO] Step 6: size: 6, coverage: 17.50%, cost: 6.0
[2024-10-13 16:04:24,609][INFO] Step 7: size: 7, coverage: 19.00%, cost: 7.0
[2024-10-13 16:04:24,612][INFO] Step 8: size: 8, coverage: 20.50%, cost: 8.0
[2024-10-13 16:04:24,616][INFO] Step 9: size: 9, coverage: 22.00%, cost: 9.0
[2024-10-13 16:04:24,619][INFO] Step 10: size: 10, coverage: 23.50%, cost: 10.0
[2024-10-13 16:04:24,623][INFO] Step 11: size: 11, coverage: 25.00%, cost: 11.0
[2024-10-13 16:04:24,626][INFO] Step 12: size: 12, coverage: 26.50%, cost: 12.0
[2024-10-13 16:04:24,630][INFO] Step 13: size: 13, coverage: 27.50%, cost: 13.0
[2024-10-13 16:04:24,633][INFO] Step 14: size: 14, coverage: 29.00%, cost: 14.0
[2024-10-13 16:04:24,637][INFO] Step 15: size: 15, coverage: 30.50%, cost: 15.0
[2024-10-13 16:04:24,640][INFO] Step 16: size: 16, coverage: 33.00%, cost: 17.0
[2024-10-13 16:04:24,644][INFO] Step 17: size: 17, coverage: 35.50%, cost: 19.0
[2024-10-13 16:04:24,647][INFO] Step 18: size: 18, coverage: 37.50%, cost: 21.0
[2024-10-13 16:04:24,650][INFO] Step 19: size: 19, coverage: 39.50%, cost: 23.0
[2024-10-13 16:04:24,654][INFO] Step 20: size: 20, coverage: 41.00%, cost: 25.0
[2024-10-13 16:04:24,657][INFO] Step 21: size: 21, coverage: 42.50%, cost: 27.0
[2024-10-13 16:04:24,661][INFO] Step 22: size: 22, coverage: 43.50%, cost: 29.0
[2024-10-13 16:04:24,664][INFO] Step 23: size: 23, coverage: 44.50%, cost: 31.0
[2024-10-13 16:04:24,668][INFO] Step 24: size: 24, coverage: 45.50%, cost: 33.0
[2024-10-13 16:04:24,671][INFO] Step 25: size: 25, coverage: 46.00%, cost: 35.0
[2024-10-13 16:04:24,675][INFO] Step 26: size: 26, coverage: 47.00%, cost: 37.0
[2024-10-13 16:04:24,678][INFO] Step 27: size: 27, coverage: 48.50%, cost: 40.0
[2024-10-13 16:04:24,682][INFO] Step 28: size: 28, coverage: 50.00%, cost: 43.0
[2024-10-13 16:04:24,685][INFO] Step 29: size: 29, coverage: 51.50%, cost: 47.0
[2024-10-13 16:04:24,689][INFO] Step 30: size: 30, coverage: 53.00%, cost: 51.0
[2024-10-13 16:04:24,692][INFO] Step 31: size: 31, coverage: 54.50%, cost: 55.0
[2024-10-13 16:04:24,696][INFO] Step 32: size: 32, coverage: 56.00%, cost: 59.0
[2024-10-13 16:04:24,700][INFO] Step 33: size: 33, coverage: 57.50%, cost: 63.0
[2024-10-13 16:04:24,703][INFO] Step 34: size: 34, coverage: 59.00%, cost: 67.0
[2024-10-13 16:04:24,707][INFO] Step 35: size: 35, coverage: 60.00%, cost: 70.0
[2024-10-13 16:04:24,710][INFO] Step 36: size: 36, coverage: 61.50%, cost: 75.0
[2024-10-13 16:04:24,714][INFO] Step 37: size: 37, coverage: 63.00%, cost: 80.0
[2024-10-13 16:04:24,718][INFO] Step 38: size: 38, coverage: 64.50%, cost: 85.0
[2024-10-13 16:04:24,721][INFO] Step 39: size: 39, coverage: 65.00%, cost: 87.0
[2024-10-13 16:04:24,725][INFO] Step 40: size: 40, coverage: 66.00%, cost: 91.0
[2024-10-13 16:04:24,729][INFO] Step 41: size: 41, coverage: 67.50%, cost: 98.0
[2024-10-13 16:04:24,732][INFO] Step 42: size: 42, coverage: 68.00%, cost: 101.0
[2024-10-13 16:04:24,736][INFO] Step 43: size: 43, coverage: 69.50%, cost: 108.0
[2024-10-13 16:04:24,740][INFO] Step 44: size: 44, coverage: 71.00%, cost: 115.0
[2024-10-13 16:04:24,743][INFO] Step 45: size: 45, coverage: 72.00%, cost: 120.0
[2024-10-13 16:04:24,747][INFO] Step 46: size: 46, coverage: 72.50%, cost: 123.0
[2024-10-13 16:04:24,751][INFO] Step 47: size: 47, coverage: 73.00%, cost: 126.0
[2024-10-13 16:04:24,755][INFO] Step 48: size: 48, coverage: 73.50%, cost: 129.0
[2024-10-13 16:04:24,758][INFO] Step 49: size: 49, coverage: 75.00%, cost: 139.0
[2024-10-13 16:04:24,762][INFO] Step 50: size: 50, coverage: 76.50%, cost: 150.0
[2024-10-13 16:04:24,766][INFO] Step 51: size: 51, coverage: 77.00%, cost: 154.0
[2024-10-13 16:04:24,770][INFO] Step 52: size: 52, coverage: 77.50%, cost: 158.0
[2024-10-13 16:04:24,773][INFO] Step 53: size: 53, coverage: 78.00%, cost: 162.0
[2024-10-13 16:04:24,777][INFO] Step 54: size: 54, coverage: 79.00%, cost: 170.0
[2024-10-13 16:04:24,781][INFO] Step 55: size: 55, coverage: 80.00%, cost: 178.0
[2024-10-13 16:04:24,785][INFO] Step 56: size: 56, coverage: 81.00%, cost: 186.0
[2024-10-13 16:04:24,789][INFO] Step 57: size: 57, coverage: 82.50%, cost: 198.0
[2024-10-13 16:04:24,793][INFO] Step 58: size: 58, coverage: 84.50%, cost: 214.0
[2024-10-13 16:04:24,797][INFO] Step 59: size: 59, coverage: 86.00%, cost: 227.0
[2024-10-13 16:04:24,800][INFO] Step 60: size: 60, coverage: 86.50%, cost: 232.0
[2024-10-13 16:04:24,804][INFO] Step 61: size: 61, coverage: 87.00%, cost: 237.0
[2024-10-13 16:04:24,808][INFO] Step 62: size: 62, coverage: 87.50%, cost: 243.0
[2024-10-13 16:04:24,812][INFO] Step 63: size: 63, coverage: 88.00%, cost: 249.0
[2024-10-13 16:04:24,816][INFO] Step 64: size: 64, coverage: 88.50%, cost: 256.0
[2024-10-13 16:04:24,820][INFO] Step 65: size: 65, coverage: 89.00%, cost: 263.0
[2024-10-13 16:04:24,824][INFO] Step 66: size: 66, coverage: 90.50%, cost: 286.0
[2024-10-13 16:04:24,828][INFO] Step 67: size: 67, coverage: 91.50%, cost: 302.0
[2024-10-13 16:04:24,832][INFO] Step 68: size: 68, coverage: 92.00%, cost: 311.0
[2024-10-13 16:04:24,836][INFO] Step 69: size: 69, coverage: 93.00%, cost: 329.0
[2024-10-13 16:04:24,840][INFO] Step 70: size: 70, coverage: 94.50%, cost: 357.0
[2024-10-13 16:04:24,844][INFO] Step 71: size: 71, coverage: 95.00%, cost: 367.0
[2024-10-13 16:04:24,848][INFO] Step 72: size: 72, coverage: 95.50%, cost: 379.0
[2024-10-13 16:04:24,852][INFO] Step 73: size: 73, coverage: 96.00%, cost: 391.0
[2024-10-13 16:04:24,856][INFO] Step 74: size: 74, coverage: 96.50%, cost: 404.0
[2024-10-13 16:04:24,861][INFO] Step 75: size: 75, coverage: 97.00%, cost: 418.0
[2024-10-13 16:04:24,865][INFO] Step 76: size: 76, coverage: 97.50%, cost: 434.0
[2024-10-13 16:04:24,869][INFO] Step 77: size: 77, coverage: 98.00%, cost: 451.0
[2024-10-13 16:04:24,873][INFO] Step 78: size: 78, coverage: 98.50%, cost: 468.0
[2024-10-13 16:04:24,877][INFO] Step 79: size: 79, coverage: 99.50%, cost: 506.0
[2024-10-13 16:04:24,881][INFO] Step 80: size: 80, coverage: 100.00%, cost: 548.0
[2024-10-13 16:04:24,882][INFO] Solved solution used 6 random steps
[2024-10-13 16:04:24,883][INFO] Size: 80 -> 73
[2024-10-13 16:04:24,883][INFO] Cost: 548.0 -> 531.0
[2024-10-13 16:09:57,263][INFO] Step 1: size: 1, coverage: 4.00%, cost: 1.0
[2024-10-13 16:09:57,266][INFO] Step 2: size: 2, coverage: 7.50%, cost: 2.0
[2024-10-13 16:09:57,269][INFO] Step 3: size: 3, coverage: 10.50%, cost: 3.0
[2024-10-13 16:09:57,272][INFO] Step 4: size: 4, coverage: 13.00%, cost: 4.0
[2024-10-13 16:09:57,275][INFO] Step 5: size: 5, coverage: 15.50%, cost: 5.0
[2024-10-13 16:09:57,279][INFO] Step 6: size: 6, coverage: 17.50%, cost: 6.0
[2024-10-13 16:09:57,282][INFO] Step 7: size: 7, coverage: 19.00%, cost: 7.0
[2024-10-13 16:09:57,285][INFO] Step 8: size: 8, coverage: 20.50%, cost: 8.0
[2024-10-13 16:09:57,288][INFO] Step 9: size: 9, coverage: 22.00%, cost: 9.0
[2024-10-13 16:09:57,292][INFO] Step 10: size: 10, coverage: 23.50%, cost: 10.0
[2024-10-13 16:09:57,295][INFO] Step 11: size: 11, coverage: 25.00%, cost: 11.0
[2024-10-13 16:09:57,298][INFO] Step 12: size: 12, coverage: 26.50%, cost: 12.0
[2024-10-13 16:09:57,302][INFO] Step 13: size: 13, coverage: 27.50%, cost: 13.0
[2024-10-13 16:09:57,305][INFO] Step 14: size: 14, coverage: 29.00%, cost: 14.0
[2024-10-13 16:09:57,308][INFO] Step 15: size: 15, coverage: 30.50%, cost: 15.0
[2024-10-13 16:09:57,312][INFO] Step 16: size: 16, coverage: 33.00%, cost: 17.0
[2024-10-13 16:09:57,315][INFO] Step 17: size: 17, coverage: 35.50%, cost: 19.0
[2024-10-13 16:09:57,318][INFO] Step 18: size: 18, coverage: 37.50%, cost: 21.0
[2024-10-13 16:09:57,322][INFO] Step 19: size: 19, coverage: 39.50%, cost: 23.0
[2024-10-13 16:09:57,325][INFO] Step 20: size: 20, coverage: 41.00%, cost: 25.0
[2024-10-13 16:09:57,328][INFO] Step 21: size: 21, coverage: 42.50%, cost: 27.0
[2024-10-13 16:09:57,332][INFO] Step 22: size: 22, coverage: 43.50%, cost: 29.0
[2024-10-13 16:09:57,335][INFO] Step 23: size: 23, coverage: 44.50%, cost: 31.0
[2024-10-13 16:09:57,338][INFO] Step 24: size: 24, coverage: 45.50%, cost: 33.0
[2024-10-13 16:09:57,342][INFO] Step 25: size: 25, coverage: 46.00%, cost: 35.0
[2024-10-13 16:09:57,345][INFO] Step 26: size: 26, coverage: 47.00%, cost: 37.0
[2024-10-13 16:09:57,349][INFO] Step 27: size: 27, coverage: 48.50%, cost: 40.0
[2024-10-13 16:09:57,352][INFO] Step 28: size: 28, coverage: 50.00%, cost: 43.0
[2024-10-13 16:09:57,356][INFO] Step 29: size: 29, coverage: 51.50%, cost: 47.0
[2024-10-13 16:09:57,359][INFO] Step 30: size: 30, coverage: 53.00%, cost: 51.0
[2024-10-13 16:09:57,362][INFO] Step 31: size: 31, coverage: 54.50%, cost: 55.0
[2024-10-13 16:09:57,366][INFO] Step 32: size: 32, coverage: 56.00%, cost: 59.0
[2024-10-13 16:09:57,369][INFO] Step 33: size: 33, coverage: 57.50%, cost: 63.0
[2024-10-13 16:09:57,373][INFO] Step 34: size: 34, coverage: 59.00%, cost: 67.0
[2024-10-13 16:09:57,376][INFO] Step 35: size: 35, coverage: 60.00%, cost: 70.0
[2024-10-13 16:09:57,380][INFO] Step 36: size: 36, coverage: 61.50%, cost: 75.0
[2024-10-13 16:09:57,383][INFO] Step 37: size: 37, coverage: 63.00%, cost: 80.0
[2024-10-13 16:09:57,387][INFO] Step 38: size: 38, coverage: 64.50%, cost: 85.0
[2024-10-13 16:09:57,390][INFO] Step 39: size: 39, coverage: 65.00%, cost: 87.0
[2024-10-13 16:09:57,394][INFO] Step 40: size: 40, coverage: 66.00%, cost: 91.0
[2024-10-13 16:09:57,398][INFO] Step 41: size: 41, coverage: 67.50%, cost: 98.0
[2024-10-13 16:09:57,401][INFO] Step 42: size: 42, coverage: 68.00%, cost: 101.0
[2024-10-13 16:09:57,405][INFO] Step 43: size: 43, coverage: 69.50%, cost: 108.0
[2024-10-13 16:09:57,408][INFO] Step 44: size: 44, coverage: 71.00%, cost: 115.0
[2024-10-13 16:09:57,412][INFO] Step 45: size: 45, coverage: 72.00%, cost: 120.0
[2024-10-13 16:09:57,416][INFO] Step 46: size: 46, coverage: 72.50%, cost: 123.0
[2024-10-13 16:09:57,419][INFO] Step 47: size: 47, coverage: 73.00%, cost: 126.0
[2024-10-13 16:09:57,423][INFO] Step 48: size: 48, coverage: 73.50%, cost: 129.0
[2024-10-13 16:09:57,427][INFO] Step 49: size: 49, coverage: 75.00%, cost: 139.0
[2024-10-13 16:09:57,430][INFO] Step 50: size: 50, coverage: 76.50%, cost: 150.0
[2024-10-13 16:09:57,434][INFO] Step 51: size: 51, coverage: 77.00%, cost: 154.0
[2024-10-13 16:09:57,437][INFO] Step 52: size: 52, coverage: 77.50%, cost: 158.0
[2024-10-13 16:09:57,441][INFO] Step 53: size: 53, coverage: 78.00%, cost: 162.0
[2024-10-13 16:09:57,445][INFO] Step 54: size: 54, coverage: 79.00%, cost: 170.0
[2024-10-13 16:09:57,449][INFO] Step 55: size: 55, coverage: 80.00%, cost: 178.0
[2024-10-13 16:09:57,452][INFO] Step 56: size: 56, coverage: 81.00%, cost: 186.0
[2024-10-13 16:09:57,456][INFO] Step 57: size: 57, coverage: 82.50%, cost: 198.0
[2024-10-13 16:09:57,460][INFO] Step 58: size: 58, coverage: 84.50%, cost: 214.0
[2024-10-13 16:09:57,463][INFO] Step 59: size: 59, coverage: 86.00%, cost: 227.0
[2024-10-13 16:09:57,467][INFO] Step 60: size: 60, coverage: 86.50%, cost: 232.0
[2024-10-13 16:09:57,471][INFO] Step 61: size: 61, coverage: 87.00%, cost: 237.0
[2024-10-13 16:09:57,475][INFO] Step 62: size: 62, coverage: 87.50%, cost: 243.0
[2024-10-13 16:09:57,479][INFO] Step 63: size: 63, coverage: 88.00%, cost: 249.0
[2024-10-13 16:09:57,483][INFO] Step 64: size: 64, coverage: 88.50%, cost: 256.0
[2024-10-13 16:09:57,486][INFO] Step 65: size: 65, coverage: 89.00%, cost: 263.0
[2024-10-13 16:09:57,490][INFO] Step 66: size: 66, coverage: 90.50%, cost: 286.0
[2024-10-13 16:09:57,494][INFO] Step 67: size: 67, coverage: 91.50%, cost: 302.0
[2024-10-13 16:09:57,498][INFO] Step 68: size: 68, coverage: 92.00%, cost: 311.0
[2024-10-13 16:09:57,502][INFO] Step 69: size: 69, coverage: 93.00%, cost: 329.0
[2024-10-13 16:09:57,506][INFO] Step 70: size: 70, coverage: 94.50%, cost: 357.0
[2024-10-13 16:09:57,510][INFO] Step 71: size: 71, coverage: 95.00%, cost: 367.0
[2024-10-13 16:09:57,514][INFO] Step 72: size: 72, coverage: 95.50%, cost: 379.0
[2024-10-13 16:09:57,518][INFO] Step 73: size: 73, coverage: 96.00%, cost: 391.0
[2024-10-13 16:09:57,522][INFO] Step 74: size: 74, coverage: 96.50%, cost: 404.0
[2024-10-13 16:09:57,526][INFO] Step 75: size: 75, coverage: 97.00%, cost: 418.0
[2024-10-13 16:09:57,530][INFO] Step 76: size: 76, coverage: 97.50%, cost: 434.0
[2024-10-13 16:09:57,534][INFO] Step 77: size: 77, coverage: 98.00%, cost: 451.0
[2024-10-13 16:09:57,538][INFO] Step 78: size: 78, coverage: 98.50%, cost: 468.0
[2024-10-13 16:09:57,542][INFO] Step 79: size: 79, coverage: 99.50%, cost: 506.0
[2024-10-13 16:09:57,546][INFO] Step 80: size: 80, coverage: 100.00%, cost: 548.0
[2024-10-13 16:09:57,546][INFO] Solved solution used 6 random steps
[2024-10-13 16:09:57,548][INFO] Size: 80 -> 73
[2024-10-13 16:09:57,548][INFO] Cost: 548.0 -> 531.0
