[2024-10-06 22:18:27,956][INFO] Step 1: size: 1, coverage: 2.50%, cost: 1.0
[2024-10-06 22:18:27,959][INFO] Step 2: size: 2, coverage: 7.00%, cost: 3.0
[2024-10-06 22:18:27,962][INFO] Step 3: size: 3, coverage: 9.00%, cost: 4.0
[2024-10-06 22:18:27,965][INFO] Step 4: size: 4, coverage: 12.50%, cost: 6.0
[2024-10-06 22:18:27,969][INFO] Step 5: size: 5, coverage: 14.00%, cost: 7.0
[2024-10-06 22:18:27,972][INFO] Step 6: size: 6, coverage: 15.50%, cost: 8.0
[2024-10-06 22:18:27,975][INFO] Step 7: size: 7, coverage: 19.50%, cost: 11.0
[2024-10-06 22:18:27,978][INFO] Step 8: size: 8, coverage: 20.50%, cost: 12.0
[2024-10-06 22:18:27,981][INFO] Step 9: size: 9, coverage: 22.50%, cost: 14.0
[2024-10-06 22:18:27,985][INFO] Step 10: size: 10, coverage: 24.50%, cost: 16.0
[2024-10-06 22:18:27,988][INFO] Step 11: size: 11, coverage: 27.00%, cost: 19.0
[2024-10-06 22:18:27,991][INFO] Step 12: size: 12, coverage: 29.50%, cost: 22.0
[2024-10-06 22:18:27,994][INFO] Step 13: size: 13, coverage: 31.00%, cost: 24.0
[2024-10-06 22:18:27,998][INFO] Step 14: size: 14, coverage: 33.00%, cost: 27.0
[2024-10-06 22:18:28,001][INFO] Step 15: size: 15, coverage: 35.00%, cost: 30.0
[2024-10-06 22:18:28,004][INFO] Step 16: size: 16, coverage: 35.50%, cost: 31.0
[2024-10-06 22:18:28,007][INFO] Step 17: size: 17, coverage: 36.50%, cost: 33.0
[2024-10-06 22:18:28,011][INFO] Step 18: size: 18, coverage: 37.50%, cost: 35.0
[2024-10-06 22:18:28,014][INFO] Step 19: size: 19, coverage: 38.50%, cost: 37.0
[2024-10-06 22:18:28,017][INFO] Step 20: size: 20, coverage: 40.00%, cost: 40.0
[2024-10-06 22:18:28,021][INFO] Step 21: size: 21, coverage: 41.50%, cost: 43.0
[2024-10-06 22:18:28,024][INFO] Step 22: size: 22, coverage: 43.50%, cost: 47.0
[2024-10-06 22:18:28,027][INFO] Step 23: size: 23, coverage: 45.50%, cost: 51.0
[2024-10-06 22:18:28,030][INFO] Step 24: size: 24, coverage: 48.00%, cost: 56.0
[2024-10-06 22:18:28,034][INFO] Step 25: size: 25, coverage: 50.00%, cost: 61.0
[2024-10-06 22:18:28,037][INFO] Step 26: size: 26, coverage: 52.00%, cost: 66.0
[2024-10-06 22:18:28,040][INFO] Step 27: size: 27, coverage: 54.00%, cost: 71.0
[2024-10-06 22:18:28,044][INFO] Step 28: size: 28, coverage: 55.00%, cost: 74.0
[2024-10-06 22:18:28,047][INFO] Step 29: size: 29, coverage: 56.00%, cost: 77.0
[2024-10-06 22:18:28,050][INFO] Step 30: size: 30, coverage: 57.50%, cost: 82.0
[2024-10-06 22:18:28,054][INFO] Step 31: size: 31, coverage: 59.00%, cost: 87.0
[2024-10-06 22:18:28,057][INFO] Step 32: size: 32, coverage: 60.50%, cost: 92.0
[2024-10-06 22:18:28,060][INFO] Step 33: size: 33, coverage: 62.50%, cost: 99.0
[2024-10-06 22:18:28,064][INFO] Step 34: size: 34, coverage: 63.00%, cost: 101.0
[2024-10-06 22:18:28,067][INFO] Step 35: size: 35, coverage: 64.00%, cost: 105.0
[2024-10-06 22:18:28,071][INFO] Step 36: size: 36, coverage: 65.00%, cost: 109.0
[2024-10-06 22:18:28,074][INFO] Step 37: size: 37, coverage: 66.00%, cost: 113.0
[2024-10-06 22:18:28,077][INFO] Step 38: size: 38, coverage: 68.00%, cost: 123.0
[2024-10-06 22:18:28,081][INFO] Step 39: size: 39, coverage: 71.50%, cost: 141.0
[2024-10-06 22:18:28,084][INFO] Step 40: size: 40, coverage: 72.00%, cost: 144.0
[2024-10-06 22:18:28,088][INFO] Step 41: size: 41, coverage: 72.50%, cost: 147.0
[2024-10-06 22:18:28,091][INFO] Step 42: size: 42, coverage: 73.00%, cost: 150.0
[2024-10-06 22:18:28,095][INFO] Step 43: size: 43, coverage: 74.00%, cost: 156.0
[2024-10-06 22:18:28,098][INFO] Step 44: size: 44, coverage: 75.00%, cost: 162.0
[2024-10-06 22:18:28,102][INFO] Step 45: size: 45, coverage: 76.50%, cost: 172.0
[2024-10-06 22:18:28,105][INFO] Step 46: size: 46, coverage: 78.00%, cost: 182.0
[2024-10-06 22:18:28,109][INFO] Step 47: size: 47, coverage: 79.50%, cost: 193.0
[2024-10-06 22:18:28,112][INFO] Step 48: size: 48, coverage: 80.00%, cost: 197.0
[2024-10-06 22:18:28,116][INFO] Step 49: size: 49, coverage: 80.50%, cost: 201.0
[2024-10-06 22:18:28,119][INFO] Step 50: size: 50, coverage: 81.00%, cost: 205.0
[2024-10-06 22:18:28,123][INFO] Step 51: size: 51, coverage: 82.00%, cost: 213.0
[2024-10-06 22:18:28,127][INFO] Step 52: size: 52, coverage: 83.00%, cost: 222.0
[2024-10-06 22:18:28,130][INFO] Step 53: size: 53, coverage: 85.00%, cost: 240.0
[2024-10-06 22:18:28,134][INFO] Step 54: size: 54, coverage: 85.50%, cost: 245.0
[2024-10-06 22:18:28,137][INFO] Step 55: size: 55, coverage: 86.00%, cost: 250.0
[2024-10-06 22:18:28,141][INFO] Step 56: size: 56, coverage: 86.50%, cost: 255.0
[2024-10-06 22:18:28,150][INFO] Step 57: size: 57, coverage: 87.00%, cost: 261.0
[2024-10-06 22:18:28,161][INFO] Step 58: size: 58, coverage: 87.50%, cost: 267.0
[2024-10-06 22:18:28,172][INFO] Step 59: size: 59, coverage: 88.50%, cost: 279.0
[2024-10-06 22:18:28,177][INFO] Step 60: size: 60, coverage: 89.00%, cost: 286.0
[2024-10-06 22:18:28,180][INFO] Step 61: size: 61, coverage: 89.50%, cost: 294.0
[2024-10-06 22:18:28,184][INFO] Step 62: size: 62, coverage: 90.50%, cost: 310.0
[2024-10-06 22:18:28,189][INFO] Step 63: size: 63, coverage: 91.00%, cost: 319.0
[2024-10-06 22:18:28,193][INFO] Step 64: size: 64, coverage: 91.50%, cost: 328.0
[2024-10-06 22:18:28,196][INFO] Step 65: size: 65, coverage: 92.50%, cost: 346.0
[2024-10-06 22:18:28,200][INFO] Step 66: size: 66, coverage: 93.00%, cost: 356.0
[2024-10-06 22:18:28,204][INFO] Step 67: size: 67, coverage: 93.50%, cost: 366.0
[2024-10-06 22:18:28,208][INFO] Step 68: size: 68, coverage: 94.50%, cost: 388.0
[2024-10-06 22:18:28,212][INFO] Step 69: size: 69, coverage: 95.00%, cost: 400.0
[2024-10-06 22:18:28,215][INFO] Step 70: size: 70, coverage: 95.50%, cost: 412.0
[2024-10-06 22:18:28,219][INFO] Step 71: size: 71, coverage: 96.00%, cost: 426.0
[2024-10-06 22:18:28,223][INFO] Step 72: size: 72, coverage: 96.50%, cost: 441.0
[2024-10-06 22:18:28,227][INFO] Step 73: size: 73, coverage: 97.00%, cost: 456.0
[2024-10-06 22:18:28,231][INFO] Step 74: size: 74, coverage: 97.50%, cost: 472.0
[2024-10-06 22:18:28,235][INFO] Step 75: size: 75, coverage: 98.00%, cost: 488.0
[2024-10-06 22:18:28,239][INFO] Step 76: size: 76, coverage: 98.50%, cost: 506.0
[2024-10-06 22:18:28,243][INFO] Step 77: size: 77, coverage: 99.00%, cost: 525.0
[2024-10-06 22:18:28,247][INFO] Step 78: size: 78, coverage: 99.50%, cost: 547.0
[2024-10-06 22:18:28,251][INFO] Step 79: size: 79, coverage: 100.00%, cost: 577.0
[2024-10-06 22:18:28,252][INFO] Size: 79 -> 71
[2024-10-06 22:18:28,252][INFO] Cost: 577.0 -> 550.0
[2024-10-06 22:21:29,903][INFO] Step 1: size: 1, coverage: 2.50%, cost: 1.0
[2024-10-06 22:21:29,906][INFO] Step 2: size: 2, coverage: 7.00%, cost: 3.0
[2024-10-06 22:21:29,909][INFO] Step 3: size: 3, coverage: 9.00%, cost: 4.0
[2024-10-06 22:21:29,912][INFO] Step 4: size: 4, coverage: 12.50%, cost: 6.0
[2024-10-06 22:21:29,916][INFO] Step 5: size: 5, coverage: 14.00%, cost: 7.0
[2024-10-06 22:21:29,919][INFO] Step 6: size: 6, coverage: 15.50%, cost: 8.0
[2024-10-06 22:21:29,922][INFO] Step 7: size: 7, coverage: 19.50%, cost: 11.0
[2024-10-06 22:21:29,925][INFO] Step 8: size: 8, coverage: 20.50%, cost: 12.0
[2024-10-06 22:21:29,928][INFO] Step 9: size: 9, coverage: 22.50%, cost: 14.0
[2024-10-06 22:21:29,932][INFO] Step 10: size: 10, coverage: 24.50%, cost: 16.0
[2024-10-06 22:21:29,935][INFO] Step 11: size: 11, coverage: 27.00%, cost: 19.0
[2024-10-06 22:21:29,938][INFO] Step 12: size: 12, coverage: 29.50%, cost: 22.0
[2024-10-06 22:21:29,942][INFO] Step 13: size: 13, coverage: 31.00%, cost: 24.0
[2024-10-06 22:21:29,945][INFO] Step 14: size: 14, coverage: 33.00%, cost: 27.0
[2024-10-06 22:21:29,948][INFO] Step 15: size: 15, coverage: 35.00%, cost: 30.0
[2024-10-06 22:21:29,952][INFO] Step 16: size: 16, coverage: 35.50%, cost: 31.0
[2024-10-06 22:21:29,955][INFO] Step 17: size: 17, coverage: 36.50%, cost: 33.0
[2024-10-06 22:21:29,958][INFO] Step 18: size: 18, coverage: 37.50%, cost: 35.0
[2024-10-06 22:21:29,962][INFO] Step 19: size: 19, coverage: 38.50%, cost: 37.0
[2024-10-06 22:21:29,965][INFO] Step 20: size: 20, coverage: 40.00%, cost: 40.0
[2024-10-06 22:21:29,968][INFO] Step 21: size: 21, coverage: 41.50%, cost: 43.0
[2024-10-06 22:21:29,971][INFO] Step 22: size: 22, coverage: 43.50%, cost: 47.0
[2024-10-06 22:21:29,975][INFO] Step 23: size: 23, coverage: 45.50%, cost: 51.0
[2024-10-06 22:21:29,978][INFO] Step 24: size: 24, coverage: 48.00%, cost: 56.0
[2024-10-06 22:21:29,981][INFO] Step 25: size: 25, coverage: 50.00%, cost: 61.0
[2024-10-06 22:21:29,985][INFO] Step 26: size: 26, coverage: 52.00%, cost: 66.0
[2024-10-06 22:21:29,988][INFO] Step 27: size: 27, coverage: 52.50%, cost: 68.0
[2024-10-06 22:21:29,992][INFO] Step 28: size: 28, coverage: 53.00%, cost: 71.0
[2024-10-06 22:21:29,995][INFO] Step 29: size: 29, coverage: 55.00%, cost: 76.0
[2024-10-06 22:21:29,999][INFO] Step 30: size: 30, coverage: 55.50%, cost: 79.0
[2024-10-06 22:21:30,002][INFO] Step 31: size: 31, coverage: 56.50%, cost: 82.0
[2024-10-06 22:21:30,005][INFO] Step 32: size: 32, coverage: 57.50%, cost: 85.0
[2024-10-06 22:21:30,009][INFO] Step 33: size: 33, coverage: 59.00%, cost: 90.0
[2024-10-06 22:21:30,012][INFO] Step 34: size: 34, coverage: 60.50%, cost: 95.0
[2024-10-06 22:21:30,016][INFO] Step 35: size: 35, coverage: 62.00%, cost: 100.0
[2024-10-06 22:21:30,019][INFO] Step 36: size: 36, coverage: 64.00%, cost: 107.0
[2024-10-06 22:21:30,023][INFO] Step 37: size: 37, coverage: 65.00%, cost: 111.0
[2024-10-06 22:21:30,026][INFO] Step 38: size: 38, coverage: 65.50%, cost: 114.0
[2024-10-06 22:21:30,030][INFO] Step 39: size: 39, coverage: 66.50%, cost: 118.0
[2024-10-06 22:21:30,033][INFO] Step 40: size: 40, coverage: 67.50%, cost: 122.0
[2024-10-06 22:21:30,037][INFO] Step 41: size: 41, coverage: 71.00%, cost: 140.0
[2024-10-06 22:21:30,040][INFO] Step 42: size: 42, coverage: 73.00%, cost: 151.0
[2024-10-06 22:21:30,044][INFO] Step 43: size: 43, coverage: 73.50%, cost: 154.0
[2024-10-06 22:21:30,047][INFO] Step 44: size: 44, coverage: 74.00%, cost: 157.0
[2024-10-06 22:21:30,051][INFO] Step 45: size: 45, coverage: 75.00%, cost: 163.0
[2024-10-06 22:21:30,055][INFO] Step 46: size: 46, coverage: 76.00%, cost: 169.0
[2024-10-06 22:21:30,058][INFO] Step 47: size: 47, coverage: 77.50%, cost: 179.0
[2024-10-06 22:21:30,062][INFO] Step 48: size: 48, coverage: 79.00%, cost: 189.0
[2024-10-06 22:21:30,065][INFO] Step 49: size: 49, coverage: 79.50%, cost: 193.0
[2024-10-06 22:21:30,069][INFO] Step 50: size: 50, coverage: 80.00%, cost: 197.0
[2024-10-06 22:21:30,072][INFO] Step 51: size: 51, coverage: 80.50%, cost: 201.0
[2024-10-06 22:21:30,076][INFO] Step 52: size: 52, coverage: 81.50%, cost: 209.0
[2024-10-06 22:21:30,080][INFO] Step 53: size: 53, coverage: 82.50%, cost: 218.0
[2024-10-06 22:21:30,083][INFO] Step 54: size: 54, coverage: 84.50%, cost: 236.0
[2024-10-06 22:21:30,087][INFO] Step 55: size: 55, coverage: 85.00%, cost: 241.0
[2024-10-06 22:21:30,091][INFO] Step 56: size: 56, coverage: 85.50%, cost: 246.0
[2024-10-06 22:21:30,094][INFO] Step 57: size: 57, coverage: 86.00%, cost: 251.0
[2024-10-06 22:21:30,098][INFO] Step 58: size: 58, coverage: 86.50%, cost: 257.0
[2024-10-06 22:21:30,102][INFO] Step 59: size: 59, coverage: 87.00%, cost: 263.0
[2024-10-06 22:21:30,106][INFO] Step 60: size: 60, coverage: 88.00%, cost: 275.0
[2024-10-06 22:21:30,109][INFO] Step 61: size: 61, coverage: 88.50%, cost: 282.0
[2024-10-06 22:21:30,113][INFO] Step 62: size: 62, coverage: 89.00%, cost: 290.0
[2024-10-06 22:21:30,117][INFO] Step 63: size: 63, coverage: 90.00%, cost: 306.0
[2024-10-06 22:21:30,121][INFO] Step 64: size: 64, coverage: 90.50%, cost: 315.0
[2024-10-06 22:21:30,124][INFO] Step 65: size: 65, coverage: 91.00%, cost: 324.0
[2024-10-06 22:21:30,128][INFO] Step 66: size: 66, coverage: 92.00%, cost: 342.0
[2024-10-06 22:21:30,132][INFO] Step 67: size: 67, coverage: 92.50%, cost: 352.0
[2024-10-06 22:21:30,136][INFO] Step 68: size: 68, coverage: 93.00%, cost: 362.0
[2024-10-06 22:21:30,140][INFO] Step 69: size: 69, coverage: 93.50%, cost: 372.0
[2024-10-06 22:21:30,144][INFO] Step 70: size: 70, coverage: 94.50%, cost: 394.0
[2024-10-06 22:21:30,148][INFO] Step 71: size: 71, coverage: 95.00%, cost: 406.0
[2024-10-06 22:21:30,151][INFO] Step 72: size: 72, coverage: 95.50%, cost: 418.0
[2024-10-06 22:21:30,155][INFO] Step 73: size: 73, coverage: 96.00%, cost: 432.0
[2024-10-06 22:21:30,159][INFO] Step 74: size: 74, coverage: 96.50%, cost: 447.0
[2024-10-06 22:21:30,163][INFO] Step 75: size: 75, coverage: 97.00%, cost: 462.0
[2024-10-06 22:21:30,167][INFO] Step 76: size: 76, coverage: 97.50%, cost: 478.0
[2024-10-06 22:21:30,171][INFO] Step 77: size: 77, coverage: 98.00%, cost: 494.0
[2024-10-06 22:21:30,175][INFO] Step 78: size: 78, coverage: 98.50%, cost: 512.0
[2024-10-06 22:21:30,179][INFO] Step 79: size: 79, coverage: 99.00%, cost: 531.0
[2024-10-06 22:21:30,183][INFO] Step 80: size: 80, coverage: 99.50%, cost: 553.0
[2024-10-06 22:21:30,187][INFO] Step 81: size: 81, coverage: 100.00%, cost: 583.0
[2024-10-06 22:21:30,187][INFO] Solved solution used 8 random steps
[2024-10-06 22:21:30,189][INFO] Size: 81 -> 70
[2024-10-06 22:21:30,189][INFO] Cost: 583.0 -> 555.0
[2024-10-08 22:46:32,104][INFO] Step 1: size: 1, coverage: 2.50%, cost: 1.0
[2024-10-08 22:46:32,108][INFO] Step 2: size: 2, coverage: 7.00%, cost: 3.0
[2024-10-08 22:46:32,112][INFO] Step 3: size: 3, coverage: 9.00%, cost: 4.0
[2024-10-08 22:46:32,115][INFO] Step 4: size: 4, coverage: 12.50%, cost: 6.0
[2024-10-08 22:46:32,119][INFO] Step 5: size: 5, coverage: 14.00%, cost: 7.0
[2024-10-08 22:46:32,122][INFO] Step 6: size: 6, coverage: 15.50%, cost: 8.0
[2024-10-08 22:46:32,126][INFO] Step 7: size: 7, coverage: 19.50%, cost: 11.0
[2024-10-08 22:46:32,129][INFO] Step 8: size: 8, coverage: 20.50%, cost: 12.0
[2024-10-08 22:46:32,133][INFO] Step 9: size: 9, coverage: 22.50%, cost: 14.0
[2024-10-08 22:46:32,136][INFO] Step 10: size: 10, coverage: 24.50%, cost: 16.0
[2024-10-08 22:46:32,139][INFO] Step 11: size: 11, coverage: 27.00%, cost: 19.0
[2024-10-08 22:46:32,143][INFO] Step 12: size: 12, coverage: 29.50%, cost: 22.0
[2024-10-08 22:46:32,146][INFO] Step 13: size: 13, coverage: 31.00%, cost: 24.0
[2024-10-08 22:46:32,150][INFO] Step 14: size: 14, coverage: 33.00%, cost: 27.0
[2024-10-08 22:46:32,153][INFO] Step 15: size: 15, coverage: 35.00%, cost: 30.0
[2024-10-08 22:46:32,157][INFO] Step 16: size: 16, coverage: 35.50%, cost: 31.0
[2024-10-08 22:46:32,160][INFO] Step 17: size: 17, coverage: 36.50%, cost: 33.0
[2024-10-08 22:46:32,164][INFO] Step 18: size: 18, coverage: 37.50%, cost: 35.0
[2024-10-08 22:46:32,167][INFO] Step 19: size: 19, coverage: 38.50%, cost: 37.0
[2024-10-08 22:46:32,171][INFO] Step 20: size: 20, coverage: 40.00%, cost: 40.0
[2024-10-08 22:46:32,174][INFO] Step 21: size: 21, coverage: 41.50%, cost: 43.0
[2024-10-08 22:46:32,178][INFO] Step 22: size: 22, coverage: 43.50%, cost: 47.0
[2024-10-08 22:46:32,182][INFO] Step 23: size: 23, coverage: 45.50%, cost: 51.0
[2024-10-08 22:46:32,185][INFO] Step 24: size: 24, coverage: 48.00%, cost: 56.0
[2024-10-08 22:46:32,189][INFO] Step 25: size: 25, coverage: 50.00%, cost: 61.0
[2024-10-08 22:46:32,193][INFO] Step 26: size: 26, coverage: 52.00%, cost: 66.0
[2024-10-08 22:46:32,197][INFO] Step 27: size: 27, coverage: 52.50%, cost: 68.0
[2024-10-08 22:46:32,201][INFO] Step 28: size: 28, coverage: 53.00%, cost: 71.0
[2024-10-08 22:46:32,205][INFO] Step 29: size: 29, coverage: 55.00%, cost: 76.0
[2024-10-08 22:46:32,209][INFO] Step 30: size: 30, coverage: 55.50%, cost: 79.0
[2024-10-08 22:46:32,213][INFO] Step 31: size: 31, coverage: 56.50%, cost: 82.0
[2024-10-08 22:46:32,217][INFO] Step 32: size: 32, coverage: 57.50%, cost: 85.0
[2024-10-08 22:46:32,221][INFO] Step 33: size: 33, coverage: 59.00%, cost: 90.0
[2024-10-08 22:46:32,225][INFO] Step 34: size: 34, coverage: 60.50%, cost: 95.0
[2024-10-08 22:46:32,229][INFO] Step 35: size: 35, coverage: 62.00%, cost: 100.0
[2024-10-08 22:46:32,232][INFO] Step 36: size: 36, coverage: 64.00%, cost: 107.0
[2024-10-08 22:46:32,236][INFO] Step 37: size: 37, coverage: 65.00%, cost: 111.0
[2024-10-08 22:46:32,240][INFO] Step 38: size: 38, coverage: 65.50%, cost: 114.0
[2024-10-08 22:46:32,243][INFO] Step 39: size: 39, coverage: 66.50%, cost: 118.0
[2024-10-08 22:46:32,247][INFO] Step 40: size: 40, coverage: 67.50%, cost: 122.0
[2024-10-08 22:46:32,251][INFO] Step 41: size: 41, coverage: 71.00%, cost: 140.0
[2024-10-08 22:46:32,254][INFO] Step 42: size: 42, coverage: 73.00%, cost: 151.0
[2024-10-08 22:46:32,258][INFO] Step 43: size: 43, coverage: 73.50%, cost: 154.0
[2024-10-08 22:46:32,262][INFO] Step 44: size: 44, coverage: 74.00%, cost: 157.0
[2024-10-08 22:46:32,266][INFO] Step 45: size: 45, coverage: 75.00%, cost: 163.0
[2024-10-08 22:46:32,269][INFO] Step 46: size: 46, coverage: 76.00%, cost: 169.0
[2024-10-08 22:46:32,273][INFO] Step 47: size: 47, coverage: 77.50%, cost: 179.0
[2024-10-08 22:46:32,277][INFO] Step 48: size: 48, coverage: 79.00%, cost: 189.0
[2024-10-08 22:46:32,281][INFO] Step 49: size: 49, coverage: 79.50%, cost: 193.0
[2024-10-08 22:46:32,285][INFO] Step 50: size: 50, coverage: 80.00%, cost: 197.0
[2024-10-08 22:46:32,289][INFO] Step 51: size: 51, coverage: 80.50%, cost: 201.0
[2024-10-08 22:46:32,292][INFO] Step 52: size: 52, coverage: 81.50%, cost: 209.0
[2024-10-08 22:46:32,296][INFO] Step 53: size: 53, coverage: 82.50%, cost: 218.0
[2024-10-08 22:46:32,300][INFO] Step 54: size: 54, coverage: 84.50%, cost: 236.0
[2024-10-08 22:46:32,304][INFO] Step 55: size: 55, coverage: 85.00%, cost: 241.0
[2024-10-08 22:46:32,308][INFO] Step 56: size: 56, coverage: 85.50%, cost: 246.0
[2024-10-08 22:46:32,312][INFO] Step 57: size: 57, coverage: 86.00%, cost: 251.0
[2024-10-08 22:46:32,316][INFO] Step 58: size: 58, coverage: 86.50%, cost: 257.0
[2024-10-08 22:46:32,320][INFO] Step 59: size: 59, coverage: 87.00%, cost: 263.0
[2024-10-08 22:46:32,324][INFO] Step 60: size: 60, coverage: 88.00%, cost: 275.0
[2024-10-08 22:46:32,328][INFO] Step 61: size: 61, coverage: 88.50%, cost: 282.0
[2024-10-08 22:46:32,332][INFO] Step 62: size: 62, coverage: 89.00%, cost: 290.0
[2024-10-08 22:46:32,336][INFO] Step 63: size: 63, coverage: 90.00%, cost: 306.0
[2024-10-08 22:46:32,340][INFO] Step 64: size: 64, coverage: 90.50%, cost: 315.0
[2024-10-08 22:46:32,344][INFO] Step 65: size: 65, coverage: 91.00%, cost: 324.0
[2024-10-08 22:46:32,348][INFO] Step 66: size: 66, coverage: 92.00%, cost: 342.0
[2024-10-08 22:46:32,352][INFO] Step 67: size: 67, coverage: 92.50%, cost: 352.0
[2024-10-08 22:46:32,356][INFO] Step 68: size: 68, coverage: 93.00%, cost: 362.0
[2024-10-08 22:46:32,360][INFO] Step 69: size: 69, coverage: 93.50%, cost: 372.0
[2024-10-08 22:46:32,365][INFO] Step 70: size: 70, coverage: 94.50%, cost: 394.0
[2024-10-08 22:46:32,369][INFO] Step 71: size: 71, coverage: 95.00%, cost: 406.0
[2024-10-08 22:46:32,373][INFO] Step 72: size: 72, coverage: 95.50%, cost: 418.0
[2024-10-08 22:46:32,377][INFO] Step 73: size: 73, coverage: 96.00%, cost: 432.0
[2024-10-08 22:46:32,382][INFO] Step 74: size: 74, coverage: 96.50%, cost: 447.0
[2024-10-08 22:46:32,386][INFO] Step 75: size: 75, coverage: 97.00%, cost: 462.0
[2024-10-08 22:46:32,390][INFO] Step 76: size: 76, coverage: 97.50%, cost: 478.0
[2024-10-08 22:46:32,395][INFO] Step 77: size: 77, coverage: 98.00%, cost: 494.0
[2024-10-08 22:46:32,399][INFO] Step 78: size: 78, coverage: 98.50%, cost: 512.0
[2024-10-08 22:46:32,403][INFO] Step 79: size: 79, coverage: 99.00%, cost: 531.0
[2024-10-08 22:46:32,408][INFO] Step 80: size: 80, coverage: 99.50%, cost: 553.0
[2024-10-08 22:46:32,412][INFO] Step 81: size: 81, coverage: 100.00%, cost: 583.0
[2024-10-08 22:46:32,412][INFO] Solved solution used 8 random steps
[2024-10-08 22:46:32,414][INFO] Size: 81 -> 70
[2024-10-08 22:46:32,414][INFO] Cost: 583.0 -> 555.0
[2024-10-08 23:01:14,715][INFO] Step 1: size: 1, coverage: 2.50%, cost: 1.0
[2024-10-08 23:01:14,719][INFO] Step 2: size: 2, coverage: 7.00%, cost: 3.0
[2024-10-08 23:01:14,722][INFO] Step 3: size: 3, coverage: 9.00%, cost: 4.0
[2024-10-08 23:01:14,725][INFO] Step 4: size: 4, coverage: 12.50%, cost: 6.0
[2024-10-08 23:01:14,729][INFO] Step 5: size: 5, coverage: 14.00%, cost: 7.0
[2024-10-08 23:01:14,732][INFO] Step 6: size: 6, coverage: 15.50%, cost: 8.0
[2024-10-08 23:01:14,735][INFO] Step 7: size: 7, coverage: 19.50%, cost: 11.0
[2024-10-08 23:01:14,739][INFO] Step 8: size: 8, coverage: 20.50%, cost: 12.0
[2024-10-08 23:01:14,742][INFO] Step 9: size: 9, coverage: 22.50%, cost: 14.0
[2024-10-08 23:01:14,745][INFO] Step 10: size: 10, coverage: 24.50%, cost: 16.0
[2024-10-08 23:01:14,749][INFO] Step 11: size: 11, coverage: 27.00%, cost: 19.0
[2024-10-08 23:01:14,752][INFO] Step 12: size: 12, coverage: 29.50%, cost: 22.0
[2024-10-08 23:01:14,756][INFO] Step 13: size: 13, coverage: 31.00%, cost: 24.0
[2024-10-08 23:01:14,759][INFO] Step 14: size: 14, coverage: 33.00%, cost: 27.0
[2024-10-08 23:01:14,762][INFO] Step 15: size: 15, coverage: 35.00%, cost: 30.0
[2024-10-08 23:01:14,766][INFO] Step 16: size: 16, coverage: 35.50%, cost: 31.0
[2024-10-08 23:01:14,769][INFO] Step 17: size: 17, coverage: 36.50%, cost: 33.0
[2024-10-08 23:01:14,773][INFO] Step 18: size: 18, coverage: 37.50%, cost: 35.0
[2024-10-08 23:01:14,776][INFO] Step 19: size: 19, coverage: 38.50%, cost: 37.0
[2024-10-08 23:01:14,780][INFO] Step 20: size: 20, coverage: 40.00%, cost: 40.0
[2024-10-08 23:01:14,783][INFO] Step 21: size: 21, coverage: 41.50%, cost: 43.0
[2024-10-08 23:01:14,787][INFO] Step 22: size: 22, coverage: 43.50%, cost: 47.0
[2024-10-08 23:01:14,790][INFO] Step 23: size: 23, coverage: 45.50%, cost: 51.0
[2024-10-08 23:01:14,794][INFO] Step 24: size: 24, coverage: 48.00%, cost: 56.0
[2024-10-08 23:01:14,797][INFO] Step 25: size: 25, coverage: 50.00%, cost: 61.0
[2024-10-08 23:01:14,801][INFO] Step 26: size: 26, coverage: 52.00%, cost: 66.0
[2024-10-08 23:01:14,804][INFO] Step 27: size: 27, coverage: 52.50%, cost: 68.0
[2024-10-08 23:01:14,808][INFO] Step 28: size: 28, coverage: 53.00%, cost: 71.0
[2024-10-08 23:01:14,811][INFO] Step 29: size: 29, coverage: 55.00%, cost: 76.0
[2024-10-08 23:01:14,815][INFO] Step 30: size: 30, coverage: 55.50%, cost: 79.0
[2024-10-08 23:01:14,818][INFO] Step 31: size: 31, coverage: 56.50%, cost: 82.0
[2024-10-08 23:01:14,822][INFO] Step 32: size: 32, coverage: 57.50%, cost: 85.0
[2024-10-08 23:01:14,825][INFO] Step 33: size: 33, coverage: 59.00%, cost: 90.0
[2024-10-08 23:01:14,829][INFO] Step 34: size: 34, coverage: 60.50%, cost: 95.0
[2024-10-08 23:01:14,833][INFO] Step 35: size: 35, coverage: 62.00%, cost: 100.0
[2024-10-08 23:01:14,836][INFO] Step 36: size: 36, coverage: 64.00%, cost: 107.0
[2024-10-08 23:01:14,840][INFO] Step 37: size: 37, coverage: 65.00%, cost: 111.0
[2024-10-08 23:01:14,843][INFO] Step 38: size: 38, coverage: 65.50%, cost: 114.0
[2024-10-08 23:01:14,847][INFO] Step 39: size: 39, coverage: 66.50%, cost: 118.0
[2024-10-08 23:01:14,851][INFO] Step 40: size: 40, coverage: 67.50%, cost: 122.0
[2024-10-08 23:01:14,854][INFO] Step 41: size: 41, coverage: 71.00%, cost: 140.0
[2024-10-08 23:01:14,858][INFO] Step 42: size: 42, coverage: 73.00%, cost: 151.0
[2024-10-08 23:01:14,862][INFO] Step 43: size: 43, coverage: 73.50%, cost: 154.0
[2024-10-08 23:01:14,865][INFO] Step 44: size: 44, coverage: 74.00%, cost: 157.0
[2024-10-08 23:01:14,869][INFO] Step 45: size: 45, coverage: 75.00%, cost: 163.0
[2024-10-08 23:01:14,873][INFO] Step 46: size: 46, coverage: 76.00%, cost: 169.0
[2024-10-08 23:01:14,876][INFO] Step 47: size: 47, coverage: 77.50%, cost: 179.0
[2024-10-08 23:01:14,880][INFO] Step 48: size: 48, coverage: 79.00%, cost: 189.0
[2024-10-08 23:01:14,884][INFO] Step 49: size: 49, coverage: 79.50%, cost: 193.0
[2024-10-08 23:01:14,887][INFO] Step 50: size: 50, coverage: 80.00%, cost: 197.0
[2024-10-08 23:01:14,891][INFO] Step 51: size: 51, coverage: 80.50%, cost: 201.0
[2024-10-08 23:01:14,895][INFO] Step 52: size: 52, coverage: 81.50%, cost: 209.0
[2024-10-08 23:01:14,899][INFO] Step 53: size: 53, coverage: 82.50%, cost: 218.0
[2024-10-08 23:01:14,902][INFO] Step 54: size: 54, coverage: 84.50%, cost: 236.0
[2024-10-08 23:01:14,906][INFO] Step 55: size: 55, coverage: 85.00%, cost: 241.0
[2024-10-08 23:01:14,910][INFO] Step 56: size: 56, coverage: 85.50%, cost: 246.0
[2024-10-08 23:01:14,914][INFO] Step 57: size: 57, coverage: 86.00%, cost: 251.0
[2024-10-08 23:01:14,918][INFO] Step 58: size: 58, coverage: 86.50%, cost: 257.0
[2024-10-08 23:01:14,921][INFO] Step 59: size: 59, coverage: 87.00%, cost: 263.0
[2024-10-08 23:01:14,925][INFO] Step 60: size: 60, coverage: 88.00%, cost: 275.0
[2024-10-08 23:01:14,929][INFO] Step 61: size: 61, coverage: 88.50%, cost: 282.0
[2024-10-08 23:01:14,933][INFO] Step 62: size: 62, coverage: 89.00%, cost: 290.0
[2024-10-08 23:01:14,937][INFO] Step 63: size: 63, coverage: 90.00%, cost: 306.0
[2024-10-08 23:01:14,941][INFO] Step 64: size: 64, coverage: 90.50%, cost: 315.0
[2024-10-08 23:01:14,945][INFO] Step 65: size: 65, coverage: 91.00%, cost: 324.0
[2024-10-08 23:01:14,949][INFO] Step 66: size: 66, coverage: 92.00%, cost: 342.0
[2024-10-08 23:01:14,953][INFO] Step 67: size: 67, coverage: 92.50%, cost: 352.0
[2024-10-08 23:01:14,957][INFO] Step 68: size: 68, coverage: 93.00%, cost: 362.0
[2024-10-08 23:01:14,961][INFO] Step 69: size: 69, coverage: 93.50%, cost: 372.0
[2024-10-08 23:01:14,965][INFO] Step 70: size: 70, coverage: 94.50%, cost: 394.0
[2024-10-08 23:01:14,969][INFO] Step 71: size: 71, coverage: 95.00%, cost: 406.0
[2024-10-08 23:01:14,973][INFO] Step 72: size: 72, coverage: 95.50%, cost: 418.0
[2024-10-08 23:01:14,977][INFO] Step 73: size: 73, coverage: 96.00%, cost: 432.0
[2024-10-08 23:01:14,981][INFO] Step 74: size: 74, coverage: 96.50%, cost: 447.0
[2024-10-08 23:01:14,985][INFO] Step 75: size: 75, coverage: 97.00%, cost: 462.0
[2024-10-08 23:01:14,989][INFO] Step 76: size: 76, coverage: 97.50%, cost: 478.0
[2024-10-08 23:01:14,993][INFO] Step 77: size: 77, coverage: 98.00%, cost: 494.0
[2024-10-08 23:01:14,997][INFO] Step 78: size: 78, coverage: 98.50%, cost: 512.0
[2024-10-08 23:01:15,002][INFO] Step 79: size: 79, coverage: 99.00%, cost: 531.0
[2024-10-08 23:01:15,006][INFO] Step 80: size: 80, coverage: 99.50%, cost: 553.0
[2024-10-08 23:01:15,010][INFO] Step 81: size: 81, coverage: 100.00%, cost: 583.0
[2024-10-08 23:01:15,010][INFO] Solved solution used 8 random steps
[2024-10-08 23:01:15,012][INFO] Size: 81 -> 70
[2024-10-08 23:01:15,012][INFO] Cost: 583.0 -> 555.0
[2024-10-08 23:02:50,175][INFO] Step 1: size: 1, coverage: 2.50%, cost: 1.0
[2024-10-08 23:02:50,178][INFO] Step 2: size: 2, coverage: 7.00%, cost: 3.0
[2024-10-08 23:02:50,181][INFO] Step 3: size: 3, coverage: 9.00%, cost: 4.0
[2024-10-08 23:02:50,184][INFO] Step 4: size: 4, coverage: 12.50%, cost: 6.0
[2024-10-08 23:02:50,187][INFO] Step 5: size: 5, coverage: 14.00%, cost: 7.0
[2024-10-08 23:02:50,191][INFO] Step 6: size: 6, coverage: 15.50%, cost: 8.0
[2024-10-08 23:02:50,194][INFO] Step 7: size: 7, coverage: 19.50%, cost: 11.0
[2024-10-08 23:02:50,197][INFO] Step 8: size: 8, coverage: 20.50%, cost: 12.0
[2024-10-08 23:02:50,200][INFO] Step 9: size: 9, coverage: 22.50%, cost: 14.0
[2024-10-08 23:02:50,204][INFO] Step 10: size: 10, coverage: 24.50%, cost: 16.0
[2024-10-08 23:02:50,207][INFO] Step 11: size: 11, coverage: 27.00%, cost: 19.0
[2024-10-08 23:02:50,210][INFO] Step 12: size: 12, coverage: 29.50%, cost: 22.0
[2024-10-08 23:02:50,214][INFO] Step 13: size: 13, coverage: 31.00%, cost: 24.0
[2024-10-08 23:02:50,217][INFO] Step 14: size: 14, coverage: 33.00%, cost: 27.0
[2024-10-08 23:02:50,220][INFO] Step 15: size: 15, coverage: 35.00%, cost: 30.0
[2024-10-08 23:02:50,224][INFO] Step 16: size: 16, coverage: 35.50%, cost: 31.0
[2024-10-08 23:02:50,227][INFO] Step 17: size: 17, coverage: 36.50%, cost: 33.0
[2024-10-08 23:02:50,230][INFO] Step 18: size: 18, coverage: 37.50%, cost: 35.0
[2024-10-08 23:02:50,234][INFO] Step 19: size: 19, coverage: 38.50%, cost: 37.0
[2024-10-08 23:02:50,237][INFO] Step 20: size: 20, coverage: 40.00%, cost: 40.0
[2024-10-08 23:02:50,240][INFO] Step 21: size: 21, coverage: 41.50%, cost: 43.0
[2024-10-08 23:02:50,244][INFO] Step 22: size: 22, coverage: 43.50%, cost: 47.0
[2024-10-08 23:02:50,247][INFO] Step 23: size: 23, coverage: 45.50%, cost: 51.0
[2024-10-08 23:02:50,250][INFO] Step 24: size: 24, coverage: 48.00%, cost: 56.0
[2024-10-08 23:02:50,254][INFO] Step 25: size: 25, coverage: 50.00%, cost: 61.0
[2024-10-08 23:02:50,257][INFO] Step 26: size: 26, coverage: 52.00%, cost: 66.0
[2024-10-08 23:02:50,261][INFO] Step 27: size: 27, coverage: 52.50%, cost: 68.0
[2024-10-08 23:02:50,264][INFO] Step 28: size: 28, coverage: 53.00%, cost: 71.0
[2024-10-08 23:02:50,267][INFO] Step 29: size: 29, coverage: 55.00%, cost: 76.0
[2024-10-08 23:02:50,271][INFO] Step 30: size: 30, coverage: 55.50%, cost: 79.0
[2024-10-08 23:02:50,274][INFO] Step 31: size: 31, coverage: 56.50%, cost: 82.0
[2024-10-08 23:02:50,278][INFO] Step 32: size: 32, coverage: 57.50%, cost: 85.0
[2024-10-08 23:02:50,281][INFO] Step 33: size: 33, coverage: 59.00%, cost: 90.0
[2024-10-08 23:02:50,285][INFO] Step 34: size: 34, coverage: 60.50%, cost: 95.0
[2024-10-08 23:02:50,288][INFO] Step 35: size: 35, coverage: 62.00%, cost: 100.0
[2024-10-08 23:02:50,292][INFO] Step 36: size: 36, coverage: 64.00%, cost: 107.0
[2024-10-08 23:02:50,295][INFO] Step 37: size: 37, coverage: 65.00%, cost: 111.0
[2024-10-08 23:02:50,299][INFO] Step 38: size: 38, coverage: 65.50%, cost: 114.0
[2024-10-08 23:02:50,302][INFO] Step 39: size: 39, coverage: 66.50%, cost: 118.0
[2024-10-08 23:02:50,306][INFO] Step 40: size: 40, coverage: 67.50%, cost: 122.0
[2024-10-08 23:02:50,309][INFO] Step 41: size: 41, coverage: 71.00%, cost: 140.0
[2024-10-08 23:02:50,313][INFO] Step 42: size: 42, coverage: 73.00%, cost: 151.0
[2024-10-08 23:02:50,316][INFO] Step 43: size: 43, coverage: 73.50%, cost: 154.0
[2024-10-08 23:02:50,320][INFO] Step 44: size: 44, coverage: 74.00%, cost: 157.0
[2024-10-08 23:02:50,324][INFO] Step 45: size: 45, coverage: 75.00%, cost: 163.0
[2024-10-08 23:02:50,327][INFO] Step 46: size: 46, coverage: 76.00%, cost: 169.0
[2024-10-08 23:02:50,331][INFO] Step 47: size: 47, coverage: 77.50%, cost: 179.0
[2024-10-08 23:02:50,334][INFO] Step 48: size: 48, coverage: 79.00%, cost: 189.0
[2024-10-08 23:02:50,338][INFO] Step 49: size: 49, coverage: 79.50%, cost: 193.0
[2024-10-08 23:02:50,342][INFO] Step 50: size: 50, coverage: 80.00%, cost: 197.0
[2024-10-08 23:02:50,346][INFO] Step 51: size: 51, coverage: 80.50%, cost: 201.0
[2024-10-08 23:02:50,349][INFO] Step 52: size: 52, coverage: 81.50%, cost: 209.0
[2024-10-08 23:02:50,353][INFO] Step 53: size: 53, coverage: 82.50%, cost: 218.0
[2024-10-08 23:02:50,357][INFO] Step 54: size: 54, coverage: 84.50%, cost: 236.0
[2024-10-08 23:02:50,361][INFO] Step 55: size: 55, coverage: 85.00%, cost: 241.0
[2024-10-08 23:02:50,364][INFO] Step 56: size: 56, coverage: 85.50%, cost: 246.0
[2024-10-08 23:02:50,368][INFO] Step 57: size: 57, coverage: 86.00%, cost: 251.0
[2024-10-08 23:02:50,372][INFO] Step 58: size: 58, coverage: 86.50%, cost: 257.0
[2024-10-08 23:02:50,376][INFO] Step 59: size: 59, coverage: 87.00%, cost: 263.0
[2024-10-08 23:02:50,379][INFO] Step 60: size: 60, coverage: 88.00%, cost: 275.0
[2024-10-08 23:02:50,383][INFO] Step 61: size: 61, coverage: 88.50%, cost: 282.0
[2024-10-08 23:02:50,387][INFO] Step 62: size: 62, coverage: 89.00%, cost: 290.0
[2024-10-08 23:02:50,391][INFO] Step 63: size: 63, coverage: 90.00%, cost: 306.0
[2024-10-08 23:02:50,395][INFO] Step 64: size: 64, coverage: 90.50%, cost: 315.0
[2024-10-08 23:02:50,398][INFO] Step 65: size: 65, coverage: 91.00%, cost: 324.0
[2024-10-08 23:02:50,402][INFO] Step 66: size: 66, coverage: 92.00%, cost: 342.0
[2024-10-08 23:02:50,406][INFO] Step 67: size: 67, coverage: 92.50%, cost: 352.0
[2024-10-08 23:02:50,410][INFO] Step 68: size: 68, coverage: 93.00%, cost: 362.0
[2024-10-08 23:02:50,414][INFO] Step 69: size: 69, coverage: 93.50%, cost: 372.0
[2024-10-08 23:02:50,418][INFO] Step 70: size: 70, coverage: 94.50%, cost: 394.0
[2024-10-08 23:02:50,422][INFO] Step 71: size: 71, coverage: 95.00%, cost: 406.0
[2024-10-08 23:02:50,426][INFO] Step 72: size: 72, coverage: 95.50%, cost: 418.0
[2024-10-08 23:02:50,430][INFO] Step 73: size: 73, coverage: 96.00%, cost: 432.0
[2024-10-08 23:02:50,434][INFO] Step 74: size: 74, coverage: 96.50%, cost: 447.0
[2024-10-08 23:02:50,438][INFO] Step 75: size: 75, coverage: 97.00%, cost: 462.0
[2024-10-08 23:02:50,442][INFO] Step 76: size: 76, coverage: 97.50%, cost: 478.0
[2024-10-08 23:02:50,446][INFO] Step 77: size: 77, coverage: 98.00%, cost: 494.0
[2024-10-08 23:02:50,450][INFO] Step 78: size: 78, coverage: 98.50%, cost: 512.0
[2024-10-08 23:02:50,454][INFO] Step 79: size: 79, coverage: 99.00%, cost: 531.0
[2024-10-08 23:02:50,458][INFO] Step 80: size: 80, coverage: 99.50%, cost: 553.0
[2024-10-08 23:02:50,462][INFO] Step 81: size: 81, coverage: 100.00%, cost: 583.0
[2024-10-08 23:02:50,463][INFO] Solved solution used 8 random steps
[2024-10-08 23:02:50,464][INFO] Size: 81 -> 70
[2024-10-08 23:02:50,464][INFO] Cost: 583.0 -> 555.0
[2024-10-08 23:07:44,141][INFO] Step 1: size: 1, coverage: 2.50%, cost: 1.0
[2024-10-08 23:07:44,144][INFO] Step 2: size: 2, coverage: 7.00%, cost: 3.0
[2024-10-08 23:07:44,147][INFO] Step 3: size: 3, coverage: 9.00%, cost: 4.0
[2024-10-08 23:07:44,150][INFO] Step 4: size: 4, coverage: 12.50%, cost: 6.0
[2024-10-08 23:07:44,153][INFO] Step 5: size: 5, coverage: 14.00%, cost: 7.0
[2024-10-08 23:07:44,157][INFO] Step 6: size: 6, coverage: 15.50%, cost: 8.0
[2024-10-08 23:07:44,160][INFO] Step 7: size: 7, coverage: 19.50%, cost: 11.0
[2024-10-08 23:07:44,163][INFO] Step 8: size: 8, coverage: 20.50%, cost: 12.0
[2024-10-08 23:07:44,166][INFO] Step 9: size: 9, coverage: 22.50%, cost: 14.0
[2024-10-08 23:07:44,170][INFO] Step 10: size: 10, coverage: 24.50%, cost: 16.0
[2024-10-08 23:07:44,173][INFO] Step 11: size: 11, coverage: 27.00%, cost: 19.0
[2024-10-08 23:07:44,176][INFO] Step 12: size: 12, coverage: 29.50%, cost: 22.0
[2024-10-08 23:07:44,180][INFO] Step 13: size: 13, coverage: 31.00%, cost: 24.0
[2024-10-08 23:07:44,183][INFO] Step 14: size: 14, coverage: 33.00%, cost: 27.0
[2024-10-08 23:07:44,186][INFO] Step 15: size: 15, coverage: 35.00%, cost: 30.0
[2024-10-08 23:07:44,190][INFO] Step 16: size: 16, coverage: 35.50%, cost: 31.0
[2024-10-08 23:07:44,193][INFO] Step 17: size: 17, coverage: 36.50%, cost: 33.0
[2024-10-08 23:07:44,196][INFO] Step 18: size: 18, coverage: 37.50%, cost: 35.0
[2024-10-08 23:07:44,199][INFO] Step 19: size: 19, coverage: 38.50%, cost: 37.0
[2024-10-08 23:07:44,203][INFO] Step 20: size: 20, coverage: 40.00%, cost: 40.0
[2024-10-08 23:07:44,206][INFO] Step 21: size: 21, coverage: 41.50%, cost: 43.0
[2024-10-08 23:07:44,209][INFO] Step 22: size: 22, coverage: 43.50%, cost: 47.0
[2024-10-08 23:07:44,213][INFO] Step 23: size: 23, coverage: 45.50%, cost: 51.0
[2024-10-08 23:07:44,216][INFO] Step 24: size: 24, coverage: 48.00%, cost: 56.0
[2024-10-08 23:07:44,220][INFO] Step 25: size: 25, coverage: 50.00%, cost: 61.0
[2024-10-08 23:07:44,223][INFO] Step 26: size: 26, coverage: 52.00%, cost: 66.0
[2024-10-08 23:07:44,226][INFO] Step 27: size: 27, coverage: 52.50%, cost: 68.0
[2024-10-08 23:07:44,230][INFO] Step 28: size: 28, coverage: 53.00%, cost: 71.0
[2024-10-08 23:07:44,233][INFO] Step 29: size: 29, coverage: 55.00%, cost: 76.0
[2024-10-08 23:07:44,237][INFO] Step 30: size: 30, coverage: 55.50%, cost: 79.0
[2024-10-08 23:07:44,240][INFO] Step 31: size: 31, coverage: 56.50%, cost: 82.0
[2024-10-08 23:07:44,243][INFO] Step 32: size: 32, coverage: 57.50%, cost: 85.0
[2024-10-08 23:07:44,247][INFO] Step 33: size: 33, coverage: 59.00%, cost: 90.0
[2024-10-08 23:07:44,250][INFO] Step 34: size: 34, coverage: 60.50%, cost: 95.0
[2024-10-08 23:07:44,254][INFO] Step 35: size: 35, coverage: 62.00%, cost: 100.0
[2024-10-08 23:07:44,257][INFO] Step 36: size: 36, coverage: 64.00%, cost: 107.0
[2024-10-08 23:07:44,261][INFO] Step 37: size: 37, coverage: 65.00%, cost: 111.0
[2024-10-08 23:07:44,264][INFO] Step 38: size: 38, coverage: 65.50%, cost: 114.0
[2024-10-08 23:07:44,268][INFO] Step 39: size: 39, coverage: 66.50%, cost: 118.0
[2024-10-08 23:07:44,271][INFO] Step 40: size: 40, coverage: 67.50%, cost: 122.0
[2024-10-08 23:07:44,275][INFO] Step 41: size: 41, coverage: 71.00%, cost: 140.0
[2024-10-08 23:07:44,279][INFO] Step 42: size: 42, coverage: 73.00%, cost: 151.0
[2024-10-08 23:07:44,282][INFO] Step 43: size: 43, coverage: 73.50%, cost: 154.0
[2024-10-08 23:07:44,286][INFO] Step 44: size: 44, coverage: 74.00%, cost: 157.0
[2024-10-08 23:07:44,289][INFO] Step 45: size: 45, coverage: 75.00%, cost: 163.0
[2024-10-08 23:07:44,293][INFO] Step 46: size: 46, coverage: 76.00%, cost: 169.0
[2024-10-08 23:07:44,296][INFO] Step 47: size: 47, coverage: 77.50%, cost: 179.0
[2024-10-08 23:07:44,300][INFO] Step 48: size: 48, coverage: 79.00%, cost: 189.0
[2024-10-08 23:07:44,304][INFO] Step 49: size: 49, coverage: 79.50%, cost: 193.0
[2024-10-08 23:07:44,307][INFO] Step 50: size: 50, coverage: 80.00%, cost: 197.0
[2024-10-08 23:07:44,311][INFO] Step 51: size: 51, coverage: 80.50%, cost: 201.0
[2024-10-08 23:07:44,315][INFO] Step 52: size: 52, coverage: 81.50%, cost: 209.0
[2024-10-08 23:07:44,319][INFO] Step 53: size: 53, coverage: 82.50%, cost: 218.0
[2024-10-08 23:07:44,322][INFO] Step 54: size: 54, coverage: 84.50%, cost: 236.0
[2024-10-08 23:07:44,326][INFO] Step 55: size: 55, coverage: 85.00%, cost: 241.0
[2024-10-08 23:07:44,330][INFO] Step 56: size: 56, coverage: 85.50%, cost: 246.0
[2024-10-08 23:07:44,333][INFO] Step 57: size: 57, coverage: 86.00%, cost: 251.0
[2024-10-08 23:07:44,337][INFO] Step 58: size: 58, coverage: 86.50%, cost: 257.0
[2024-10-08 23:07:44,341][INFO] Step 59: size: 59, coverage: 87.00%, cost: 263.0
[2024-10-08 23:07:44,345][INFO] Step 60: size: 60, coverage: 88.00%, cost: 275.0
[2024-10-08 23:07:44,348][INFO] Step 61: size: 61, coverage: 88.50%, cost: 282.0
[2024-10-08 23:07:44,352][INFO] Step 62: size: 62, coverage: 89.00%, cost: 290.0
[2024-10-08 23:07:44,356][INFO] Step 63: size: 63, coverage: 90.00%, cost: 306.0
[2024-10-08 23:07:44,360][INFO] Step 64: size: 64, coverage: 90.50%, cost: 315.0
[2024-10-08 23:07:44,364][INFO] Step 65: size: 65, coverage: 91.00%, cost: 324.0
[2024-10-08 23:07:44,368][INFO] Step 66: size: 66, coverage: 92.00%, cost: 342.0
[2024-10-08 23:07:44,371][INFO] Step 67: size: 67, coverage: 92.50%, cost: 352.0
[2024-10-08 23:07:44,375][INFO] Step 68: size: 68, coverage: 93.00%, cost: 362.0
[2024-10-08 23:07:44,379][INFO] Step 69: size: 69, coverage: 93.50%, cost: 372.0
[2024-10-08 23:07:44,383][INFO] Step 70: size: 70, coverage: 94.50%, cost: 394.0
[2024-10-08 23:07:44,387][INFO] Step 71: size: 71, coverage: 95.00%, cost: 406.0
[2024-10-08 23:07:44,391][INFO] Step 72: size: 72, coverage: 95.50%, cost: 418.0
[2024-10-08 23:07:44,395][INFO] Step 73: size: 73, coverage: 96.00%, cost: 432.0
[2024-10-08 23:07:44,399][INFO] Step 74: size: 74, coverage: 96.50%, cost: 447.0
[2024-10-08 23:07:44,403][INFO] Step 75: size: 75, coverage: 97.00%, cost: 462.0
[2024-10-08 23:07:44,407][INFO] Step 76: size: 76, coverage: 97.50%, cost: 478.0
[2024-10-08 23:07:44,411][INFO] Step 77: size: 77, coverage: 98.00%, cost: 494.0
[2024-10-08 23:07:44,415][INFO] Step 78: size: 78, coverage: 98.50%, cost: 512.0
[2024-10-08 23:07:44,419][INFO] Step 79: size: 79, coverage: 99.00%, cost: 531.0
[2024-10-08 23:07:44,423][INFO] Step 80: size: 80, coverage: 99.50%, cost: 553.0
[2024-10-08 23:07:44,427][INFO] Step 81: size: 81, coverage: 100.00%, cost: 583.0
[2024-10-08 23:07:44,427][INFO] Solved solution used 8 random steps
[2024-10-08 23:07:44,429][INFO] Size: 81 -> 70
[2024-10-08 23:07:44,429][INFO] Cost: 583.0 -> 555.0
[2024-10-13 15:18:25,909][INFO] Step 1: size: 1, coverage: 5.50%, cost: 10.0
[2024-10-13 15:18:25,913][INFO] Step 2: size: 2, coverage: 11.00%, cost: 96.0
[2024-10-13 15:18:25,916][INFO] Step 3: size: 3, coverage: 15.50%, cost: 114.0
[2024-10-13 15:18:25,919][INFO] Step 4: size: 4, coverage: 19.50%, cost: 117.0
[2024-10-13 15:18:25,923][INFO] Step 5: size: 5, coverage: 23.50%, cost: 135.0
[2024-10-13 15:18:25,926][INFO] Step 6: size: 6, coverage: 27.50%, cost: 172.0
[2024-10-13 15:18:25,929][INFO] Step 7: size: 7, coverage: 31.50%, cost: 219.0
[2024-10-13 15:18:25,932][INFO] Step 8: size: 8, coverage: 35.00%, cost: 221.0
[2024-10-13 15:18:25,936][INFO] Step 9: size: 9, coverage: 38.50%, cost: 243.0
[2024-10-13 15:18:25,939][INFO] Step 10: size: 10, coverage: 42.00%, cost: 268.0
[2024-10-13 15:18:25,942][INFO] Step 11: size: 11, coverage: 45.50%, cost: 316.0
[2024-10-13 15:18:25,945][INFO] Step 12: size: 12, coverage: 49.00%, cost: 373.0
[2024-10-13 15:18:25,949][INFO] Step 13: size: 13, coverage: 52.00%, cost: 425.0
[2024-10-13 15:18:25,952][INFO] Step 14: size: 14, coverage: 55.00%, cost: 486.0
[2024-10-13 15:18:25,955][INFO] Step 15: size: 15, coverage: 58.00%, cost: 573.0
[2024-10-13 15:18:25,958][INFO] Step 16: size: 16, coverage: 61.00%, cost: 663.0
[2024-10-13 15:18:25,962][INFO] Step 17: size: 17, coverage: 63.50%, cost: 664.0
[2024-10-13 15:18:25,965][INFO] Step 18: size: 18, coverage: 66.00%, cost: 674.0
[2024-10-13 15:18:25,968][INFO] Step 19: size: 19, coverage: 68.50%, cost: 706.0
[2024-10-13 15:18:25,972][INFO] Step 20: size: 20, coverage: 71.00%, cost: 791.0
[2024-10-13 15:18:25,975][INFO] Step 21: size: 21, coverage: 73.50%, cost: 881.0
[2024-10-13 15:18:25,979][INFO] Step 22: size: 22, coverage: 75.50%, cost: 884.0
[2024-10-13 15:18:25,982][INFO] Step 23: size: 23, coverage: 77.50%, cost: 887.0
[2024-10-13 15:18:25,985][INFO] Step 24: size: 24, coverage: 79.50%, cost: 892.0
[2024-10-13 15:18:25,989][INFO] Step 25: size: 25, coverage: 81.50%, cost: 897.0
[2024-10-13 15:18:25,992][INFO] Step 26: size: 26, coverage: 83.00%, cost: 901.0
[2024-10-13 15:18:25,996][INFO] Step 27: size: 27, coverage: 84.50%, cost: 913.0
[2024-10-13 15:18:25,999][INFO] Step 28: size: 28, coverage: 86.00%, cost: 929.0
[2024-10-13 15:18:26,003][INFO] Step 29: size: 29, coverage: 87.50%, cost: 947.0
[2024-10-13 15:18:26,007][INFO] Step 30: size: 30, coverage: 88.50%, cost: 954.0
[2024-10-13 15:18:26,010][INFO] Step 31: size: 31, coverage: 89.50%, cost: 961.0
[2024-10-13 15:18:26,014][INFO] Step 32: size: 32, coverage: 90.50%, cost: 973.0
[2024-10-13 15:18:26,017][INFO] Step 33: size: 33, coverage: 91.50%, cost: 995.0
[2024-10-13 15:18:26,021][INFO] Step 34: size: 34, coverage: 92.50%, cost: 1025.0
[2024-10-13 15:18:26,024][INFO] Step 35: size: 35, coverage: 93.50%, cost: 1060.0
[2024-10-13 15:18:26,028][INFO] Step 36: size: 36, coverage: 94.50%, cost: 1096.0
[2024-10-13 15:18:26,032][INFO] Step 37: size: 37, coverage: 95.50%, cost: 1139.0
[2024-10-13 15:18:26,036][INFO] Step 38: size: 38, coverage: 96.50%, cost: 1191.0
[2024-10-13 15:18:26,040][INFO] Step 39: size: 39, coverage: 97.50%, cost: 1274.0
[2024-10-13 15:18:26,045][INFO] Step 40: size: 40, coverage: 98.00%, cost: 1275.0
[2024-10-13 15:18:26,049][INFO] Step 41: size: 41, coverage: 98.50%, cost: 1280.0
[2024-10-13 15:18:26,053][INFO] Step 42: size: 42, coverage: 99.00%, cost: 1289.0
[2024-10-13 15:18:26,057][INFO] Step 43: size: 43, coverage: 99.50%, cost: 1305.0
[2024-10-13 15:18:26,061][INFO] Step 44: size: 44, coverage: 100.00%, cost: 1327.0
[2024-10-13 15:18:26,062][INFO] Size: 44 -> 44
[2024-10-13 15:18:26,062][INFO] Cost: 1327.0 -> 1327.0
[2024-10-13 15:39:39,863][INFO] Step 1: size: 1, coverage: 2.50%, cost: 1.0
[2024-10-13 15:39:39,866][INFO] Step 2: size: 2, coverage: 7.00%, cost: 3.0
[2024-10-13 15:39:39,869][INFO] Step 3: size: 3, coverage: 9.00%, cost: 4.0
[2024-10-13 15:39:39,872][INFO] Step 4: size: 4, coverage: 12.50%, cost: 6.0
[2024-10-13 15:39:39,875][INFO] Step 5: size: 5, coverage: 14.00%, cost: 7.0
[2024-10-13 15:39:39,879][INFO] Step 6: size: 6, coverage: 15.00%, cost: 59.0
[2024-10-13 15:39:39,882][INFO] Step 7: size: 7, coverage: 17.50%, cost: 103.0
[2024-10-13 15:39:39,885][INFO] Step 8: size: 8, coverage: 19.00%, cost: 104.0
[2024-10-13 15:39:39,888][INFO] Step 9: size: 9, coverage: 23.00%, cost: 152.0
[2024-10-13 15:39:39,892][INFO] Step 10: size: 10, coverage: 27.00%, cost: 155.0
[2024-10-13 15:39:39,895][INFO] Step 11: size: 11, coverage: 28.00%, cost: 156.0
[2024-10-13 15:39:39,898][INFO] Step 12: size: 12, coverage: 30.00%, cost: 158.0
[2024-10-13 15:39:39,902][INFO] Step 13: size: 13, coverage: 32.00%, cost: 160.0
[2024-10-13 15:39:39,905][INFO] Step 14: size: 14, coverage: 34.50%, cost: 163.0
[2024-10-13 15:39:39,909][INFO] Step 15: size: 15, coverage: 35.50%, cost: 242.0
[2024-10-13 15:39:39,912][INFO] Step 16: size: 16, coverage: 38.00%, cost: 245.0
[2024-10-13 15:39:39,915][INFO] Step 17: size: 17, coverage: 39.50%, cost: 247.0
[2024-10-13 15:39:39,919][INFO] Step 18: size: 18, coverage: 41.50%, cost: 250.0
[2024-10-13 15:39:39,922][INFO] Step 19: size: 19, coverage: 43.50%, cost: 253.0
[2024-10-13 15:39:39,925][INFO] Step 20: size: 20, coverage: 44.00%, cost: 254.0
[2024-10-13 15:39:39,929][INFO] Step 21: size: 21, coverage: 45.00%, cost: 256.0
[2024-10-13 15:39:39,932][INFO] Step 22: size: 22, coverage: 46.50%, cost: 259.0
[2024-10-13 15:39:39,936][INFO] Step 23: size: 23, coverage: 48.00%, cost: 262.0
[2024-10-13 15:39:39,939][INFO] Step 24: size: 24, coverage: 50.00%, cost: 266.0
[2024-10-13 15:39:39,942][INFO] Step 25: size: 25, coverage: 51.00%, cost: 361.0
[2024-10-13 15:39:39,946][INFO] Step 26: size: 26, coverage: 53.00%, cost: 365.0
[2024-10-13 15:39:39,949][INFO] Step 27: size: 27, coverage: 54.50%, cost: 425.0
[2024-10-13 15:39:39,953][INFO] Step 28: size: 28, coverage: 57.00%, cost: 430.0
[2024-10-13 15:39:39,956][INFO] Step 29: size: 29, coverage: 58.00%, cost: 500.0
[2024-10-13 15:39:39,960][INFO] Step 30: size: 30, coverage: 60.00%, cost: 505.0
[2024-10-13 15:39:39,963][INFO] Step 31: size: 31, coverage: 61.00%, cost: 567.0
[2024-10-13 15:39:39,967][INFO] Step 32: size: 32, coverage: 63.50%, cost: 640.0
[2024-10-13 15:39:39,970][INFO] Step 33: size: 33, coverage: 65.00%, cost: 645.0
[2024-10-13 15:39:39,974][INFO] Step 34: size: 34, coverage: 66.50%, cost: 742.0
[2024-10-13 15:39:39,977][INFO] Step 35: size: 35, coverage: 68.00%, cost: 747.0
[2024-10-13 15:39:39,981][INFO] Step 36: size: 36, coverage: 70.00%, cost: 754.0
[2024-10-13 15:39:39,985][INFO] Step 37: size: 37, coverage: 70.50%, cost: 756.0
[2024-10-13 15:39:39,988][INFO] Step 38: size: 38, coverage: 71.00%, cost: 758.0
[2024-10-13 15:39:39,992][INFO] Step 39: size: 39, coverage: 72.00%, cost: 762.0
[2024-10-13 15:39:39,995][INFO] Step 40: size: 40, coverage: 72.50%, cost: 859.0
[2024-10-13 15:39:39,999][INFO] Step 41: size: 41, coverage: 73.50%, cost: 863.0
[2024-10-13 15:39:40,003][INFO] Step 42: size: 42, coverage: 74.00%, cost: 914.0
[2024-10-13 15:39:40,007][INFO] Step 43: size: 43, coverage: 74.50%, cost: 975.0
[2024-10-13 15:39:40,010][INFO] Step 44: size: 44, coverage: 75.50%, cost: 980.0
[2024-10-13 15:39:40,014][INFO] Step 45: size: 45, coverage: 77.50%, cost: 991.0
[2024-10-13 15:39:40,018][INFO] Step 46: size: 46, coverage: 78.00%, cost: 994.0
[2024-10-13 15:39:40,022][INFO] Step 47: size: 47, coverage: 78.50%, cost: 997.0
[2024-10-13 15:39:40,025][INFO] Step 48: size: 48, coverage: 79.00%, cost: 1000.0
[2024-10-13 15:39:40,029][INFO] Step 49: size: 49, coverage: 79.50%, cost: 1003.0
[2024-10-13 15:39:40,033][INFO] Step 50: size: 50, coverage: 80.00%, cost: 1006.0
[2024-10-13 15:39:40,037][INFO] Step 51: size: 51, coverage: 80.50%, cost: 1009.0
[2024-10-13 15:39:40,040][INFO] Step 52: size: 52, coverage: 81.50%, cost: 1015.0
[2024-10-13 15:39:40,044][INFO] Step 53: size: 53, coverage: 82.00%, cost: 1094.0
[2024-10-13 15:39:40,048][INFO] Step 54: size: 54, coverage: 82.50%, cost: 1111.0
[2024-10-13 15:39:40,052][INFO] Step 55: size: 55, coverage: 83.00%, cost: 1115.0
[2024-10-13 15:39:40,056][INFO] Step 56: size: 56, coverage: 84.00%, cost: 1123.0
[2024-10-13 15:39:40,060][INFO] Step 57: size: 57, coverage: 85.00%, cost: 1131.0
[2024-10-13 15:39:40,064][INFO] Step 58: size: 58, coverage: 87.00%, cost: 1149.0
[2024-10-13 15:39:40,068][INFO] Step 59: size: 59, coverage: 87.50%, cost: 1154.0
[2024-10-13 15:39:40,072][INFO] Step 60: size: 60, coverage: 88.00%, cost: 1159.0
[2024-10-13 15:39:40,076][INFO] Step 61: size: 61, coverage: 89.00%, cost: 1169.0
[2024-10-13 15:39:40,080][INFO] Step 62: size: 62, coverage: 89.50%, cost: 1247.0
[2024-10-13 15:39:40,084][INFO] Step 63: size: 63, coverage: 90.50%, cost: 1257.0
[2024-10-13 15:39:40,088][INFO] Step 64: size: 64, coverage: 91.00%, cost: 1297.0
[2024-10-13 15:39:40,092][INFO] Step 65: size: 65, coverage: 91.50%, cost: 1313.0
[2024-10-13 15:39:40,096][INFO] Step 66: size: 66, coverage: 92.00%, cost: 1319.0
[2024-10-13 15:39:40,100][INFO] Step 67: size: 67, coverage: 93.50%, cost: 1337.0
[2024-10-13 15:39:40,104][INFO] Step 68: size: 68, coverage: 94.00%, cost: 1344.0
[2024-10-13 15:39:40,108][INFO] Step 69: size: 69, coverage: 94.50%, cost: 1352.0
[2024-10-13 15:39:40,112][INFO] Step 70: size: 70, coverage: 95.00%, cost: 1361.0
[2024-10-13 15:39:40,117][INFO] Step 71: size: 71, coverage: 96.00%, cost: 1383.0
[2024-10-13 15:39:40,121][INFO] Step 72: size: 72, coverage: 96.50%, cost: 1395.0
[2024-10-13 15:39:40,125][INFO] Step 73: size: 73, coverage: 97.00%, cost: 1407.0
[2024-10-13 15:39:40,129][INFO] Step 74: size: 74, coverage: 97.50%, cost: 1419.0
[2024-10-13 15:39:40,133][INFO] Step 75: size: 75, coverage: 98.00%, cost: 1434.0
[2024-10-13 15:39:40,137][INFO] Step 76: size: 76, coverage: 98.50%, cost: 1449.0
[2024-10-13 15:39:40,142][INFO] Step 77: size: 77, coverage: 99.00%, cost: 1543.0
[2024-10-13 15:39:40,146][INFO] Step 78: size: 78, coverage: 99.50%, cost: 1562.0
[2024-10-13 15:39:40,150][INFO] Step 79: size: 79, coverage: 100.00%, cost: 1592.0
[2024-10-13 15:39:40,150][INFO] Solved solution used 19 random steps
[2024-10-13 15:39:40,152][INFO] Size: 79 -> 71
[2024-10-13 15:39:40,152][INFO] Cost: 1592.0 -> 1416.0
[2024-10-13 15:58:25,840][INFO] Step 1: size: 1, coverage: 2.50%, cost: 1.0
[2024-10-13 15:58:25,843][INFO] Step 2: size: 2, coverage: 7.00%, cost: 3.0
[2024-10-13 15:58:25,846][INFO] Step 3: size: 3, coverage: 9.00%, cost: 4.0
[2024-10-13 15:58:25,850][INFO] Step 4: size: 4, coverage: 12.50%, cost: 6.0
[2024-10-13 15:58:25,853][INFO] Step 5: size: 5, coverage: 14.00%, cost: 7.0
[2024-10-13 15:58:25,856][INFO] Step 6: size: 6, coverage: 15.00%, cost: 54.0
[2024-10-13 15:58:25,860][INFO] Step 7: size: 7, coverage: 16.50%, cost: 55.0
[2024-10-13 15:58:25,863][INFO] Step 8: size: 8, coverage: 20.50%, cost: 58.0
[2024-10-13 15:58:25,866][INFO] Step 9: size: 9, coverage: 21.50%, cost: 59.0
[2024-10-13 15:58:25,870][INFO] Step 10: size: 10, coverage: 23.50%, cost: 61.0
[2024-10-13 15:58:25,873][INFO] Step 11: size: 11, coverage: 25.50%, cost: 63.0
[2024-10-13 15:58:25,876][INFO] Step 12: size: 12, coverage: 28.00%, cost: 66.0
[2024-10-13 15:58:25,880][INFO] Step 13: size: 13, coverage: 30.50%, cost: 69.0
[2024-10-13 15:58:25,883][INFO] Step 14: size: 14, coverage: 32.00%, cost: 71.0
[2024-10-13 15:58:25,887][INFO] Step 15: size: 15, coverage: 34.00%, cost: 74.0
[2024-10-13 15:58:25,890][INFO] Step 16: size: 16, coverage: 34.50%, cost: 133.0
[2024-10-13 15:58:25,894][INFO] Step 17: size: 17, coverage: 37.00%, cost: 153.0
[2024-10-13 15:58:25,897][INFO] Step 18: size: 18, coverage: 38.50%, cost: 171.0
[2024-10-13 15:58:25,900][INFO] Step 19: size: 19, coverage: 40.50%, cost: 174.0
[2024-10-13 15:58:25,904][INFO] Step 20: size: 20, coverage: 41.00%, cost: 175.0
[2024-10-13 15:58:25,907][INFO] Step 21: size: 21, coverage: 42.00%, cost: 177.0
[2024-10-13 15:58:25,910][INFO] Step 22: size: 22, coverage: 43.00%, cost: 179.0
[2024-10-13 15:58:25,914][INFO] Step 23: size: 23, coverage: 44.00%, cost: 181.0
[2024-10-13 15:58:25,917][INFO] Step 24: size: 24, coverage: 46.00%, cost: 185.0
[2024-10-13 15:58:25,921][INFO] Step 25: size: 25, coverage: 48.50%, cost: 190.0
[2024-10-13 15:58:25,925][INFO] Step 26: size: 26, coverage: 49.50%, cost: 240.0
[2024-10-13 15:58:25,929][INFO] Step 27: size: 27, coverage: 51.50%, cost: 245.0
[2024-10-13 15:58:25,932][INFO] Step 28: size: 28, coverage: 53.50%, cost: 250.0
[2024-10-13 15:58:25,936][INFO] Step 29: size: 29, coverage: 55.50%, cost: 255.0
[2024-10-13 15:58:25,939][INFO] Step 30: size: 30, coverage: 57.00%, cost: 259.0
[2024-10-13 15:58:25,943][INFO] Step 31: size: 31, coverage: 58.00%, cost: 279.0
[2024-10-13 15:58:25,946][INFO] Step 32: size: 32, coverage: 59.00%, cost: 282.0
[2024-10-13 15:58:25,950][INFO] Step 33: size: 33, coverage: 60.00%, cost: 285.0
[2024-10-13 15:58:25,953][INFO] Step 34: size: 34, coverage: 61.00%, cost: 288.0
[2024-10-13 15:58:25,957][INFO] Step 35: size: 35, coverage: 62.00%, cost: 291.0
[2024-10-13 15:58:25,960][INFO] Step 36: size: 36, coverage: 63.00%, cost: 335.0
[2024-10-13 15:58:25,964][INFO] Step 37: size: 37, coverage: 63.50%, cost: 429.0
[2024-10-13 15:58:25,968][INFO] Step 38: size: 38, coverage: 65.00%, cost: 434.0
[2024-10-13 15:58:25,971][INFO] Step 39: size: 39, coverage: 66.50%, cost: 439.0
[2024-10-13 15:58:25,975][INFO] Step 40: size: 40, coverage: 67.00%, cost: 441.0
[2024-10-13 15:58:25,979][INFO] Step 41: size: 41, coverage: 68.00%, cost: 445.0
[2024-10-13 15:58:25,982][INFO] Step 42: size: 42, coverage: 69.50%, cost: 452.0
[2024-10-13 15:58:25,986][INFO] Step 43: size: 43, coverage: 71.00%, cost: 459.0
[2024-10-13 15:58:25,990][INFO] Step 44: size: 44, coverage: 73.00%, cost: 469.0
[2024-10-13 15:58:25,993][INFO] Step 45: size: 45, coverage: 73.50%, cost: 472.0
[2024-10-13 15:58:25,997][INFO] Step 46: size: 46, coverage: 74.00%, cost: 475.0
[2024-10-13 15:58:26,001][INFO] Step 47: size: 47, coverage: 74.50%, cost: 478.0
[2024-10-13 15:58:26,004][INFO] Step 48: size: 48, coverage: 75.00%, cost: 481.0
[2024-10-13 15:58:26,008][INFO] Step 49: size: 49, coverage: 76.00%, cost: 487.0
[2024-10-13 15:58:26,012][INFO] Step 50: size: 50, coverage: 77.00%, cost: 493.0
[2024-10-13 15:58:26,016][INFO] Step 51: size: 51, coverage: 78.50%, cost: 503.0
[2024-10-13 15:58:26,019][INFO] Step 52: size: 52, coverage: 79.50%, cost: 510.0
[2024-10-13 15:58:26,023][INFO] Step 53: size: 53, coverage: 82.00%, cost: 528.0
[2024-10-13 15:58:26,027][INFO] Step 54: size: 54, coverage: 82.50%, cost: 532.0
[2024-10-13 15:58:26,031][INFO] Step 55: size: 55, coverage: 83.00%, cost: 536.0
[2024-10-13 15:58:26,035][INFO] Step 56: size: 56, coverage: 83.50%, cost: 540.0
[2024-10-13 15:58:26,039][INFO] Step 57: size: 57, coverage: 84.50%, cost: 549.0
[2024-10-13 15:58:26,042][INFO] Step 58: size: 58, coverage: 85.50%, cost: 558.0
[2024-10-13 15:58:26,046][INFO] Step 59: size: 59, coverage: 86.00%, cost: 563.0
[2024-10-13 15:58:26,050][INFO] Step 60: size: 60, coverage: 86.50%, cost: 568.0
[2024-10-13 15:58:26,054][INFO] Step 61: size: 61, coverage: 87.00%, cost: 573.0
[2024-10-13 15:58:26,058][INFO] Step 62: size: 62, coverage: 88.00%, cost: 585.0
[2024-10-13 15:58:26,062][INFO] Step 63: size: 63, coverage: 89.00%, cost: 597.0
[2024-10-13 15:58:26,066][INFO] Step 64: size: 64, coverage: 89.50%, cost: 605.0
[2024-10-13 15:58:26,070][INFO] Step 65: size: 65, coverage: 90.50%, cost: 621.0
[2024-10-13 15:58:26,074][INFO] Step 66: size: 66, coverage: 91.50%, cost: 637.0
[2024-10-13 15:58:26,078][INFO] Step 67: size: 67, coverage: 92.50%, cost: 655.0
[2024-10-13 15:58:26,082][INFO] Step 68: size: 68, coverage: 93.00%, cost: 665.0
[2024-10-13 15:58:26,086][INFO] Step 69: size: 69, coverage: 93.50%, cost: 675.0
[2024-10-13 15:58:26,090][INFO] Step 70: size: 70, coverage: 94.00%, cost: 685.0
[2024-10-13 15:58:26,094][INFO] Step 71: size: 71, coverage: 94.50%, cost: 697.0
[2024-10-13 15:58:26,098][INFO] Step 72: size: 72, coverage: 95.00%, cost: 709.0
[2024-10-13 15:58:26,102][INFO] Step 73: size: 73, coverage: 95.50%, cost: 723.0
[2024-10-13 15:58:26,106][INFO] Step 74: size: 74, coverage: 96.00%, cost: 738.0
[2024-10-13 15:58:26,110][INFO] Step 75: size: 75, coverage: 96.50%, cost: 753.0
[2024-10-13 15:58:26,114][INFO] Step 76: size: 76, coverage: 97.00%, cost: 768.0
[2024-10-13 15:58:26,118][INFO] Step 77: size: 77, coverage: 97.50%, cost: 784.0
[2024-10-13 15:58:26,123][INFO] Step 78: size: 78, coverage: 98.00%, cost: 800.0
[2024-10-13 15:58:26,127][INFO] Step 79: size: 79, coverage: 98.50%, cost: 818.0
[2024-10-13 15:58:26,131][INFO] Step 80: size: 80, coverage: 99.00%, cost: 896.0
[2024-10-13 15:58:26,135][INFO] Step 81: size: 81, coverage: 99.50%, cost: 977.0
[2024-10-13 15:58:26,139][INFO] Step 82: size: 82, coverage: 100.00%, cost: 1007.0
[2024-10-13 15:58:26,140][INFO] Solved solution used 10 random steps
[2024-10-13 15:58:26,141][INFO] Size: 82 -> 72
[2024-10-13 15:58:26,141][INFO] Cost: 1007.0 -> 984.0
[2024-10-13 16:04:24,888][INFO] Step 1: size: 1, coverage: 2.50%, cost: 1.0
[2024-10-13 16:04:24,891][INFO] Step 2: size: 2, coverage: 7.00%, cost: 3.0
[2024-10-13 16:04:24,895][INFO] Step 3: size: 3, coverage: 9.00%, cost: 4.0
[2024-10-13 16:04:24,898][INFO] Step 4: size: 4, coverage: 12.50%, cost: 6.0
[2024-10-13 16:04:24,901][INFO] Step 5: size: 5, coverage: 14.00%, cost: 7.0
[2024-10-13 16:04:24,905][INFO] Step 6: size: 6, coverage: 15.50%, cost: 8.0
[2024-10-13 16:04:24,908][INFO] Step 7: size: 7, coverage: 19.50%, cost: 11.0
[2024-10-13 16:04:24,911][INFO] Step 8: size: 8, coverage: 20.50%, cost: 12.0
[2024-10-13 16:04:24,915][INFO] Step 9: size: 9, coverage: 22.50%, cost: 14.0
[2024-10-13 16:04:24,918][INFO] Step 10: size: 10, coverage: 24.50%, cost: 16.0
[2024-10-13 16:04:24,922][INFO] Step 11: size: 11, coverage: 27.00%, cost: 19.0
[2024-10-13 16:04:24,925][INFO] Step 12: size: 12, coverage: 29.50%, cost: 22.0
[2024-10-13 16:04:24,929][INFO] Step 13: size: 13, coverage: 31.00%, cost: 24.0
[2024-10-13 16:04:24,932][INFO] Step 14: size: 14, coverage: 33.00%, cost: 27.0
[2024-10-13 16:04:24,936][INFO] Step 15: size: 15, coverage: 35.00%, cost: 30.0
[2024-10-13 16:04:24,939][INFO] Step 16: size: 16, coverage: 35.50%, cost: 31.0
[2024-10-13 16:04:24,943][INFO] Step 17: size: 17, coverage: 36.50%, cost: 33.0
[2024-10-13 16:04:24,946][INFO] Step 18: size: 18, coverage: 37.50%, cost: 35.0
[2024-10-13 16:04:24,949][INFO] Step 19: size: 19, coverage: 38.50%, cost: 37.0
[2024-10-13 16:04:24,953][INFO] Step 20: size: 20, coverage: 40.00%, cost: 40.0
[2024-10-13 16:04:24,956][INFO] Step 21: size: 21, coverage: 41.50%, cost: 43.0
[2024-10-13 16:04:24,960][INFO] Step 22: size: 22, coverage: 43.50%, cost: 47.0
[2024-10-13 16:04:24,963][INFO] Step 23: size: 23, coverage: 45.50%, cost: 51.0
[2024-10-13 16:04:24,967][INFO] Step 24: size: 24, coverage: 48.00%, cost: 56.0
[2024-10-13 16:04:24,970][INFO] Step 25: size: 25, coverage: 50.00%, cost: 61.0
[2024-10-13 16:04:24,974][INFO] Step 26: size: 26, coverage: 52.00%, cost: 66.0
[2024-10-13 16:04:24,977][INFO] Step 27: size: 27, coverage: 52.50%, cost: 68.0
[2024-10-13 16:04:24,981][INFO] Step 28: size: 28, coverage: 53.00%, cost: 71.0
[2024-10-13 16:04:24,984][INFO] Step 29: size: 29, coverage: 55.00%, cost: 76.0
[2024-10-13 16:04:24,988][INFO] Step 30: size: 30, coverage: 55.50%, cost: 79.0
[2024-10-13 16:04:24,992][INFO] Step 31: size: 31, coverage: 56.50%, cost: 82.0
[2024-10-13 16:04:24,995][INFO] Step 32: size: 32, coverage: 57.50%, cost: 85.0
[2024-10-13 16:04:24,999][INFO] Step 33: size: 33, coverage: 59.00%, cost: 90.0
[2024-10-13 16:04:25,002][INFO] Step 34: size: 34, coverage: 60.50%, cost: 95.0
[2024-10-13 16:04:25,006][INFO] Step 35: size: 35, coverage: 62.00%, cost: 100.0
[2024-10-13 16:04:25,010][INFO] Step 36: size: 36, coverage: 64.00%, cost: 107.0
[2024-10-13 16:04:25,013][INFO] Step 37: size: 37, coverage: 65.00%, cost: 111.0
[2024-10-13 16:04:25,017][INFO] Step 38: size: 38, coverage: 65.50%, cost: 114.0
[2024-10-13 16:04:25,021][INFO] Step 39: size: 39, coverage: 66.50%, cost: 118.0
[2024-10-13 16:04:25,025][INFO] Step 40: size: 40, coverage: 67.50%, cost: 122.0
[2024-10-13 16:04:25,029][INFO] Step 41: size: 41, coverage: 71.00%, cost: 140.0
[2024-10-13 16:04:25,032][INFO] Step 42: size: 42, coverage: 73.00%, cost: 151.0
[2024-10-13 16:04:25,036][INFO] Step 43: size: 43, coverage: 73.50%, cost: 154.0
[2024-10-13 16:04:25,040][INFO] Step 44: size: 44, coverage: 74.00%, cost: 157.0
[2024-10-13 16:04:25,044][INFO] Step 45: size: 45, coverage: 75.00%, cost: 163.0
[2024-10-13 16:04:25,047][INFO] Step 46: size: 46, coverage: 76.00%, cost: 169.0
[2024-10-13 16:04:25,051][INFO] Step 47: size: 47, coverage: 77.50%, cost: 179.0
[2024-10-13 16:04:25,055][INFO] Step 48: size: 48, coverage: 79.00%, cost: 189.0
[2024-10-13 16:04:25,058][INFO] Step 49: size: 49, coverage: 79.50%, cost: 193.0
[2024-10-13 16:04:25,062][INFO] Step 50: size: 50, coverage: 80.00%, cost: 197.0
[2024-10-13 16:04:25,066][INFO] Step 51: size: 51, coverage: 80.50%, cost: 201.0
[2024-10-13 16:04:25,070][INFO] Step 52: size: 52, coverage: 81.50%, cost: 209.0
[2024-10-13 16:04:25,073][INFO] Step 53: size: 53, coverage: 82.50%, cost: 218.0
[2024-10-13 16:04:25,077][INFO] Step 54: size: 54, coverage: 84.50%, cost: 236.0
[2024-10-13 16:04:25,081][INFO] Step 55: size: 55, coverage: 85.00%, cost: 241.0
[2024-10-13 16:04:25,085][INFO] Step 56: size: 56, coverage: 85.50%, cost: 246.0
[2024-10-13 16:04:25,089][INFO] Step 57: size: 57, coverage: 86.00%, cost: 251.0
[2024-10-13 16:04:25,093][INFO] Step 58: size: 58, coverage: 86.50%, cost: 257.0
[2024-10-13 16:04:25,096][INFO] Step 59: size: 59, coverage: 87.00%, cost: 263.0
[2024-10-13 16:04:25,100][INFO] Step 60: size: 60, coverage: 88.00%, cost: 275.0
[2024-10-13 16:04:25,104][INFO] Step 61: size: 61, coverage: 88.50%, cost: 282.0
[2024-10-13 16:04:25,108][INFO] Step 62: size: 62, coverage: 89.00%, cost: 290.0
[2024-10-13 16:04:25,112][INFO] Step 63: size: 63, coverage: 90.00%, cost: 306.0
[2024-10-13 16:04:25,116][INFO] Step 64: size: 64, coverage: 90.50%, cost: 315.0
[2024-10-13 16:04:25,120][INFO] Step 65: size: 65, coverage: 91.00%, cost: 324.0
[2024-10-13 16:04:25,124][INFO] Step 66: size: 66, coverage: 92.00%, cost: 342.0
[2024-10-13 16:04:25,128][INFO] Step 67: size: 67, coverage: 92.50%, cost: 352.0
[2024-10-13 16:04:25,132][INFO] Step 68: size: 68, coverage: 93.00%, cost: 362.0
[2024-10-13 16:04:25,136][INFO] Step 69: size: 69, coverage: 93.50%, cost: 372.0
[2024-10-13 16:04:25,140][INFO] Step 70: size: 70, coverage: 94.50%, cost: 394.0
[2024-10-13 16:04:25,144][INFO] Step 71: size: 71, coverage: 95.00%, cost: 406.0
[2024-10-13 16:04:25,148][INFO] Step 72: size: 72, coverage: 95.50%, cost: 418.0
[2024-10-13 16:04:25,152][INFO] Step 73: size: 73, coverage: 96.00%, cost: 432.0
[2024-10-13 16:04:25,156][INFO] Step 74: size: 74, coverage: 96.50%, cost: 447.0
[2024-10-13 16:04:25,160][INFO] Step 75: size: 75, coverage: 97.00%, cost: 462.0
[2024-10-13 16:04:25,164][INFO] Step 76: size: 76, coverage: 97.50%, cost: 478.0
[2024-10-13 16:04:25,168][INFO] Step 77: size: 77, coverage: 98.00%, cost: 494.0
[2024-10-13 16:04:25,172][INFO] Step 78: size: 78, coverage: 98.50%, cost: 512.0
[2024-10-13 16:04:25,177][INFO] Step 79: size: 79, coverage: 99.00%, cost: 531.0
[2024-10-13 16:04:25,181][INFO] Step 80: size: 80, coverage: 99.50%, cost: 553.0
[2024-10-13 16:04:25,185][INFO] Step 81: size: 81, coverage: 100.00%, cost: 583.0
[2024-10-13 16:04:25,185][INFO] Solved solution used 8 random steps
[2024-10-13 16:04:25,187][INFO] Size: 81 -> 70
[2024-10-13 16:04:25,187][INFO] Cost: 583.0 -> 555.0
[2024-10-13 16:09:57,553][INFO] Step 1: size: 1, coverage: 2.50%, cost: 1.0
[2024-10-13 16:09:57,556][INFO] Step 2: size: 2, coverage: 7.00%, cost: 3.0
[2024-10-13 16:09:57,559][INFO] Step 3: size: 3, coverage: 9.00%, cost: 4.0
[2024-10-13 16:09:57,562][INFO] Step 4: size: 4, coverage: 12.50%, cost: 6.0
[2024-10-13 16:09:57,565][INFO] Step 5: size: 5, coverage: 14.00%, cost: 7.0
[2024-10-13 16:09:57,569][INFO] Step 6: size: 6, coverage: 15.50%, cost: 8.0
[2024-10-13 16:09:57,572][INFO] Step 7: size: 7, coverage: 19.50%, cost: 11.0
[2024-10-13 16:09:57,575][INFO] Step 8: size: 8, coverage: 20.50%, cost: 12.0
[2024-10-13 16:09:57,578][INFO] Step 9: size: 9, coverage: 22.50%, cost: 14.0
[2024-10-13 16:09:57,582][INFO] Step 10: size: 10, coverage: 24.50%, cost: 16.0
[2024-10-13 16:09:57,585][INFO] Step 11: size: 11, coverage: 27.00%, cost: 19.0
[2024-10-13 16:09:57,588][INFO] Step 12: size: 12, coverage: 29.50%, cost: 22.0
[2024-10-13 16:09:57,592][INFO] Step 13: size: 13, coverage: 31.00%, cost: 24.0
[2024-10-13 16:09:57,595][INFO] Step 14: size: 14, coverage: 33.00%, cost: 27.0
[2024-10-13 16:09:57,598][INFO] Step 15: size: 15, coverage: 35.00%, cost: 30.0
[2024-10-13 16:09:57,602][INFO] Step 16: size: 16, coverage: 35.50%, cost: 31.0
[2024-10-13 16:09:57,605][INFO] Step 17: size: 17, coverage: 36.50%, cost: 33.0
[2024-10-13 16:09:57,608][INFO] Step 18: size: 18, coverage: 37.50%, cost: 35.0
[2024-10-13 16:09:57,612][INFO] Step 19: size: 19, coverage: 38.50%, cost: 37.0
[2024-10-13 16:09:57,615][INFO] Step 20: size: 20, coverage: 40.00%, cost: 40.0
[2024-10-13 16:09:57,618][INFO] Step 21: size: 21, coverage: 41.50%, cost: 43.0
[2024-10-13 16:09:57,621][INFO] Step 22: size: 22, coverage: 43.50%, cost: 47.0
[2024-10-13 16:09:57,625][INFO] Step 23: size: 23, coverage: 45.50%, cost: 51.0
[2024-10-13 16:09:57,628][INFO] Step 24: size: 24, coverage: 48.00%, cost: 56.0
[2024-10-13 16:09:57,631][INFO] Step 25: size: 25, coverage: 50.00%, cost: 61.0
[2024-10-13 16:09:57,635][INFO] Step 26: size: 26, coverage: 52.00%, cost: 66.0
[2024-10-13 16:09:57,638][INFO] Step 27: size: 27, coverage: 52.50%, cost: 68.0
[2024-10-13 16:09:57,642][INFO] Step 28: size: 28, coverage: 53.00%, cost: 71.0
[2024-10-13 16:09:57,645][INFO] Step 29: size: 29, coverage: 55.00%, cost: 76.0
[2024-10-13 16:09:57,649][INFO] Step 30: size: 30, coverage: 55.50%, cost: 79.0
[2024-10-13 16:09:57,652][INFO] Step 31: size: 31, coverage: 56.50%, cost: 82.0
[2024-10-13 16:09:57,656][INFO] Step 32: size: 32, coverage: 57.50%, cost: 85.0
[2024-10-13 16:09:57,659][INFO] Step 33: size: 33, coverage: 59.00%, cost: 90.0
[2024-10-13 16:09:57,662][INFO] Step 34: size: 34, coverage: 60.50%, cost: 95.0
[2024-10-13 16:09:57,666][INFO] Step 35: size: 35, coverage: 62.00%, cost: 100.0
[2024-10-13 16:09:57,669][INFO] Step 36: size: 36, coverage: 64.00%, cost: 107.0
[2024-10-13 16:09:57,673][INFO] Step 37: size: 37, coverage: 65.00%, cost: 111.0
[2024-10-13 16:09:57,677][INFO] Step 38: size: 38, coverage: 65.50%, cost: 114.0
[2024-10-13 16:09:57,680][INFO] Step 39: size: 39, coverage: 66.50%, cost: 118.0
[2024-10-13 16:09:57,684][INFO] Step 40: size: 40, coverage: 67.50%, cost: 122.0
[2024-10-13 16:09:57,687][INFO] Step 41: size: 41, coverage: 71.00%, cost: 140.0
[2024-10-13 16:09:57,691][INFO] Step 42: size: 42, coverage: 73.00%, cost: 151.0
[2024-10-13 16:09:57,694][INFO] Step 43: size: 43, coverage: 73.50%, cost: 154.0
[2024-10-13 16:09:57,698][INFO] Step 44: size: 44, coverage: 74.00%, cost: 157.0
[2024-10-13 16:09:57,701][INFO] Step 45: size: 45, coverage: 75.00%, cost: 163.0
[2024-10-13 16:09:57,705][INFO] Step 46: size: 46, coverage: 76.00%, cost: 169.0
[2024-10-13 16:09:57,709][INFO] Step 47: size: 47, coverage: 77.50%, cost: 179.0
[2024-10-13 16:09:57,712][INFO] Step 48: size: 48, coverage: 79.00%, cost: 189.0
[2024-10-13 16:09:57,716][INFO] Step 49: size: 49, coverage: 79.50%, cost: 193.0
[2024-10-13 16:09:57,719][INFO] Step 50: size: 50, coverage: 80.00%, cost: 197.0
[2024-10-13 16:09:57,723][INFO] Step 51: size: 51, coverage: 80.50%, cost: 201.0
[2024-10-13 16:09:57,727][INFO] Step 52: size: 52, coverage: 81.50%, cost: 209.0
[2024-10-13 16:09:57,731][INFO] Step 53: size: 53, coverage: 82.50%, cost: 218.0
[2024-10-13 16:09:57,734][INFO] Step 54: size: 54, coverage: 84.50%, cost: 236.0
[2024-10-13 16:09:57,738][INFO] Step 55: size: 55, coverage: 85.00%, cost: 241.0
[2024-10-13 16:09:57,742][INFO] Step 56: size: 56, coverage: 85.50%, cost: 246.0
[2024-10-13 16:09:57,745][INFO] Step 57: size: 57, coverage: 86.00%, cost: 251.0
[2024-10-13 16:09:57,749][INFO] Step 58: size: 58, coverage: 86.50%, cost: 257.0
[2024-10-13 16:09:57,753][INFO] Step 59: size: 59, coverage: 87.00%, cost: 263.0
[2024-10-13 16:09:57,757][INFO] Step 60: size: 60, coverage: 88.00%, cost: 275.0
[2024-10-13 16:09:57,761][INFO] Step 61: size: 61, coverage: 88.50%, cost: 282.0
[2024-10-13 16:09:57,764][INFO] Step 62: size: 62, coverage: 89.00%, cost: 290.0
[2024-10-13 16:09:57,771][INFO] Step 63: size: 63, coverage: 90.00%, cost: 306.0
[2024-10-13 16:09:57,775][INFO] Step 64: size: 64, coverage: 90.50%, cost: 315.0
[2024-10-13 16:09:57,779][INFO] Step 65: size: 65, coverage: 91.00%, cost: 324.0
[2024-10-13 16:09:57,782][INFO] Step 66: size: 66, coverage: 92.00%, cost: 342.0
[2024-10-13 16:09:57,786][INFO] Step 67: size: 67, coverage: 92.50%, cost: 352.0
[2024-10-13 16:09:57,790][INFO] Step 68: size: 68, coverage: 93.00%, cost: 362.0
[2024-10-13 16:09:57,794][INFO] Step 69: size: 69, coverage: 93.50%, cost: 372.0
[2024-10-13 16:09:57,798][INFO] Step 70: size: 70, coverage: 94.50%, cost: 394.0
[2024-10-13 16:09:57,802][INFO] Step 71: size: 71, coverage: 95.00%, cost: 406.0
[2024-10-13 16:09:57,806][INFO] Step 72: size: 72, coverage: 95.50%, cost: 418.0
[2024-10-13 16:09:57,810][INFO] Step 73: size: 73, coverage: 96.00%, cost: 432.0
[2024-10-13 16:09:57,814][INFO] Step 74: size: 74, coverage: 96.50%, cost: 447.0
[2024-10-13 16:09:57,818][INFO] Step 75: size: 75, coverage: 97.00%, cost: 462.0
[2024-10-13 16:09:57,822][INFO] Step 76: size: 76, coverage: 97.50%, cost: 478.0
[2024-10-13 16:09:57,826][INFO] Step 77: size: 77, coverage: 98.00%, cost: 494.0
[2024-10-13 16:09:57,830][INFO] Step 78: size: 78, coverage: 98.50%, cost: 512.0
[2024-10-13 16:09:57,834][INFO] Step 79: size: 79, coverage: 99.00%, cost: 531.0
[2024-10-13 16:09:57,838][INFO] Step 80: size: 80, coverage: 99.50%, cost: 553.0
[2024-10-13 16:09:57,842][INFO] Step 81: size: 81, coverage: 100.00%, cost: 583.0
[2024-10-13 16:09:57,842][INFO] Solved solution used 8 random steps
[2024-10-13 16:09:57,844][INFO] Size: 81 -> 70
[2024-10-13 16:09:57,844][INFO] Cost: 583.0 -> 555.0
