[2024-10-14 10:52:28,720][INFO] Step 1: size: 1, coverage: 3.00%, cost: 1.0
[2024-10-14 10:52:28,724][INFO] Step 2: size: 2, coverage: 6.00%, cost: 2.0
[2024-10-14 10:52:28,727][INFO] Step 3: size: 3, coverage: 8.50%, cost: 3.0
[2024-10-14 10:52:28,730][INFO] Step 4: size: 4, coverage: 11.00%, cost: 4.0
[2024-10-14 10:52:28,733][INFO] Step 5: size: 5, coverage: 13.00%, cost: 5.0
[2024-10-14 10:52:28,737][INFO] Step 6: size: 6, coverage: 15.00%, cost: 6.0
[2024-10-14 10:52:28,740][INFO] Step 7: size: 7, coverage: 17.00%, cost: 7.0
[2024-10-14 10:52:28,743][INFO] Step 8: size: 8, coverage: 20.00%, cost: 9.0
[2024-10-14 10:52:28,747][INFO] Step 9: size: 9, coverage: 24.00%, cost: 12.0
[2024-10-14 10:52:28,750][INFO] Step 10: size: 10, coverage: 26.50%, cost: 14.0
[2024-10-14 10:52:28,753][INFO] Step 11: size: 11, coverage: 27.50%, cost: 15.0
[2024-10-14 10:52:28,757][INFO] Step 12: size: 12, coverage: 28.50%, cost: 16.0
[2024-10-14 10:52:28,760][INFO] Step 13: size: 13, coverage: 29.50%, cost: 17.0
[2024-10-14 10:52:28,763][INFO] Step 14: size: 14, coverage: 30.50%, cost: 18.0
[2024-10-14 10:52:28,767][INFO] Step 15: size: 15, coverage: 32.50%, cost: 20.0
[2024-10-14 10:52:28,770][INFO] Step 16: size: 16, coverage: 35.00%, cost: 23.0
[2024-10-14 10:52:28,773][INFO] Step 17: size: 17, coverage: 36.50%, cost: 25.0
[2024-10-14 10:52:28,777][INFO] Step 18: size: 18, coverage: 38.00%, cost: 27.0
[2024-10-14 10:52:28,780][INFO] Step 19: size: 19, coverage: 40.50%, cost: 31.0
[2024-10-14 10:52:28,783][INFO] Step 20: size: 20, coverage: 41.50%, cost: 33.0
[2024-10-14 10:52:28,787][INFO] Step 21: size: 21, coverage: 43.00%, cost: 36.0
[2024-10-14 10:52:28,790][INFO] Step 22: size: 22, coverage: 44.50%, cost: 40.0
[2024-10-14 10:52:28,793][INFO] Step 23: size: 23, coverage: 46.00%, cost: 44.0
[2024-10-14 10:52:28,797][INFO] Step 24: size: 24, coverage: 48.50%, cost: 51.0
[2024-10-14 10:52:28,800][INFO] Step 25: size: 25, coverage: 51.00%, cost: 59.0
[2024-10-14 10:52:28,804][INFO] Step 26: size: 26, coverage: 51.50%, cost: 61.0
[2024-10-14 10:52:28,807][INFO] Step 27: size: 27, coverage: 53.00%, cost: 66.0
[2024-10-14 10:52:28,810][INFO] Step 28: size: 28, coverage: 56.00%, cost: 76.0
[2024-10-14 10:52:28,814][INFO] Step 29: size: 29, coverage: 58.00%, cost: 83.0
[2024-10-14 10:52:28,817][INFO] Step 30: size: 30, coverage: 60.00%, cost: 90.0
[2024-10-14 10:52:28,821][INFO] Step 31: size: 31, coverage: 60.50%, cost: 92.0
[2024-10-14 10:52:28,824][INFO] Step 32: size: 32, coverage: 61.50%, cost: 96.0
[2024-10-14 10:52:28,827][INFO] Step 33: size: 33, coverage: 62.50%, cost: 100.0
[2024-10-14 10:52:28,831][INFO] Step 34: size: 34, coverage: 65.00%, cost: 110.0
[2024-10-14 10:52:28,834][INFO] Step 35: size: 35, coverage: 66.50%, cost: 117.0
[2024-10-14 10:52:28,838][INFO] Step 36: size: 36, coverage: 67.50%, cost: 122.0
[2024-10-14 10:52:28,841][INFO] Step 37: size: 37, coverage: 68.00%, cost: 125.0
[2024-10-14 10:52:28,845][INFO] Step 38: size: 38, coverage: 69.00%, cost: 131.0
[2024-10-14 10:52:28,848][INFO] Step 39: size: 39, coverage: 70.50%, cost: 141.0
[2024-10-14 10:52:28,852][INFO] Step 40: size: 40, coverage: 71.00%, cost: 145.0
[2024-10-14 10:52:28,855][INFO] Step 41: size: 41, coverage: 72.50%, cost: 155.0
[2024-10-14 10:52:28,859][INFO] Step 42: size: 42, coverage: 73.50%, cost: 162.0
[2024-10-14 10:52:28,863][INFO] Step 43: size: 43, coverage: 74.50%, cost: 169.0
[2024-10-14 10:52:28,866][INFO] Step 44: size: 44, coverage: 75.00%, cost: 173.0
[2024-10-14 10:52:28,870][INFO] Step 45: size: 45, coverage: 75.50%, cost: 177.0
[2024-10-14 10:52:28,873][INFO] Step 46: size: 46, coverage: 76.50%, cost: 185.0
[2024-10-14 10:52:28,877][INFO] Step 47: size: 47, coverage: 77.50%, cost: 193.0
[2024-10-14 10:52:28,880][INFO] Step 48: size: 48, coverage: 79.00%, cost: 205.0
[2024-10-14 10:52:28,884][INFO] Step 49: size: 49, coverage: 80.50%, cost: 218.0
[2024-10-14 10:52:28,888][INFO] Step 50: size: 50, coverage: 82.00%, cost: 232.0
[2024-10-14 10:52:28,891][INFO] Step 51: size: 51, coverage: 83.50%, cost: 246.0
[2024-10-14 10:52:28,895][INFO] Step 52: size: 52, coverage: 84.00%, cost: 251.0
[2024-10-14 10:52:28,899][INFO] Step 53: size: 53, coverage: 84.50%, cost: 256.0
[2024-10-14 10:52:28,902][INFO] Step 54: size: 54, coverage: 85.50%, cost: 267.0
[2024-10-14 10:52:28,906][INFO] Step 55: size: 55, coverage: 86.50%, cost: 280.0
[2024-10-14 10:52:28,910][INFO] Step 56: size: 56, coverage: 87.00%, cost: 287.0
[2024-10-14 10:52:28,914][INFO] Step 57: size: 57, coverage: 87.50%, cost: 294.0
[2024-10-14 10:52:28,917][INFO] Step 58: size: 58, coverage: 88.50%, cost: 308.0
[2024-10-14 10:52:28,921][INFO] Step 59: size: 59, coverage: 89.50%, cost: 324.0
[2024-10-14 10:52:28,925][INFO] Step 60: size: 60, coverage: 90.00%, cost: 333.0
[2024-10-14 10:52:28,929][INFO] Step 61: size: 61, coverage: 90.50%, cost: 342.0
[2024-10-14 10:52:28,932][INFO] Step 62: size: 62, coverage: 91.00%, cost: 351.0
[2024-10-14 10:52:28,936][INFO] Step 63: size: 63, coverage: 92.50%, cost: 380.0
[2024-10-14 10:52:28,940][INFO] Step 64: size: 64, coverage: 93.00%, cost: 390.0
[2024-10-14 10:52:28,944][INFO] Step 65: size: 65, coverage: 93.50%, cost: 400.0
[2024-10-14 10:52:28,948][INFO] Step 66: size: 66, coverage: 94.00%, cost: 410.0
[2024-10-14 10:52:28,952][INFO] Step 67: size: 67, coverage: 94.50%, cost: 424.0
[2024-10-14 10:52:28,956][INFO] Step 68: size: 68, coverage: 95.00%, cost: 439.0
[2024-10-14 10:52:28,960][INFO] Step 69: size: 69, coverage: 95.50%, cost: 454.0
[2024-10-14 10:52:28,964][INFO] Step 70: size: 70, coverage: 96.00%, cost: 469.0
[2024-10-14 10:52:28,968][INFO] Step 71: size: 71, coverage: 96.50%, cost: 485.0
[2024-10-14 10:52:28,972][INFO] Step 72: size: 72, coverage: 97.50%, cost: 516.0
[2024-10-14 10:52:28,976][INFO] Step 73: size: 73, coverage: 98.00%, cost: 533.0
[2024-10-14 10:52:28,980][INFO] Step 74: size: 74, coverage: 98.50%, cost: 550.0
[2024-10-14 10:52:28,984][INFO] Step 75: size: 75, coverage: 99.00%, cost: 567.0
[2024-10-14 10:52:28,988][INFO] Step 76: size: 76, coverage: 99.50%, cost: 585.0
[2024-10-14 10:52:28,992][INFO] Step 77: size: 77, coverage: 100.00%, cost: 615.0
[2024-10-14 10:52:28,992][INFO] Solved solution used 5 random steps
[2024-10-14 10:52:28,994][INFO] Size: 77 -> 74
[2024-10-14 10:52:28,994][INFO] Cost: 615.0 -> 609.0
[2024-10-14 13:39:52,886][INFO] Step 1: size: 1, coverage: 3.00%, cost: 1.0
[2024-10-14 13:39:52,890][INFO] Step 2: size: 2, coverage: 6.00%, cost: 2.0
[2024-10-14 13:39:52,893][INFO] Step 3: size: 3, coverage: 8.50%, cost: 3.0
[2024-10-14 13:39:52,896][INFO] Step 4: size: 4, coverage: 11.00%, cost: 4.0
[2024-10-14 13:39:52,899][INFO] Step 5: size: 5, coverage: 13.00%, cost: 5.0
[2024-10-14 13:39:52,903][INFO] Step 6: size: 6, coverage: 15.00%, cost: 6.0
[2024-10-14 13:39:52,906][INFO] Step 7: size: 7, coverage: 17.00%, cost: 7.0
[2024-10-14 13:39:52,909][INFO] Step 8: size: 8, coverage: 20.00%, cost: 9.0
[2024-10-14 13:39:52,912][INFO] Step 9: size: 9, coverage: 24.00%, cost: 12.0
[2024-10-14 13:39:52,916][INFO] Step 10: size: 10, coverage: 26.50%, cost: 14.0
[2024-10-14 13:39:52,919][INFO] Step 11: size: 11, coverage: 27.50%, cost: 15.0
[2024-10-14 13:39:52,922][INFO] Step 12: size: 12, coverage: 28.50%, cost: 16.0
[2024-10-14 13:39:52,926][INFO] Step 13: size: 13, coverage: 29.50%, cost: 17.0
[2024-10-14 13:39:52,929][INFO] Step 14: size: 14, coverage: 30.50%, cost: 18.0
[2024-10-14 13:39:52,932][INFO] Step 15: size: 15, coverage: 32.50%, cost: 20.0
[2024-10-14 13:39:52,936][INFO] Step 16: size: 16, coverage: 35.00%, cost: 23.0
[2024-10-14 13:39:52,939][INFO] Step 17: size: 17, coverage: 36.50%, cost: 25.0
[2024-10-14 13:39:52,942][INFO] Step 18: size: 18, coverage: 38.00%, cost: 27.0
[2024-10-14 13:39:52,946][INFO] Step 19: size: 19, coverage: 40.50%, cost: 31.0
[2024-10-14 13:39:52,949][INFO] Step 20: size: 20, coverage: 41.50%, cost: 33.0
[2024-10-14 13:39:52,952][INFO] Step 21: size: 21, coverage: 43.00%, cost: 36.0
[2024-10-14 13:39:52,955][INFO] Step 22: size: 22, coverage: 44.50%, cost: 40.0
[2024-10-14 13:39:52,959][INFO] Step 23: size: 23, coverage: 46.00%, cost: 44.0
[2024-10-14 13:39:52,962][INFO] Step 24: size: 24, coverage: 48.50%, cost: 51.0
[2024-10-14 13:39:52,965][INFO] Step 25: size: 25, coverage: 51.00%, cost: 59.0
[2024-10-14 13:39:52,969][INFO] Step 26: size: 26, coverage: 51.50%, cost: 61.0
[2024-10-14 13:39:52,972][INFO] Step 27: size: 27, coverage: 53.00%, cost: 66.0
[2024-10-14 13:39:52,976][INFO] Step 28: size: 28, coverage: 56.00%, cost: 76.0
[2024-10-14 13:39:52,979][INFO] Step 29: size: 29, coverage: 58.00%, cost: 83.0
[2024-10-14 13:39:52,982][INFO] Step 30: size: 30, coverage: 60.00%, cost: 90.0
[2024-10-14 13:39:52,986][INFO] Step 31: size: 31, coverage: 60.50%, cost: 92.0
[2024-10-14 13:39:52,989][INFO] Step 32: size: 32, coverage: 61.50%, cost: 96.0
[2024-10-14 13:39:52,993][INFO] Step 33: size: 33, coverage: 62.50%, cost: 100.0
[2024-10-14 13:39:52,996][INFO] Step 34: size: 34, coverage: 65.00%, cost: 110.0
[2024-10-14 13:39:53,000][INFO] Step 35: size: 35, coverage: 66.50%, cost: 117.0
[2024-10-14 13:39:53,003][INFO] Step 36: size: 36, coverage: 67.50%, cost: 122.0
[2024-10-14 13:39:53,006][INFO] Step 37: size: 37, coverage: 68.00%, cost: 125.0
[2024-10-14 13:39:53,010][INFO] Step 38: size: 38, coverage: 69.00%, cost: 131.0
[2024-10-14 13:39:53,013][INFO] Step 39: size: 39, coverage: 70.50%, cost: 141.0
[2024-10-14 13:39:53,017][INFO] Step 40: size: 40, coverage: 71.00%, cost: 145.0
[2024-10-14 13:39:53,021][INFO] Step 41: size: 41, coverage: 72.50%, cost: 155.0
[2024-10-14 13:39:53,024][INFO] Step 42: size: 42, coverage: 73.50%, cost: 162.0
[2024-10-14 13:39:53,028][INFO] Step 43: size: 43, coverage: 74.50%, cost: 169.0
[2024-10-14 13:39:53,031][INFO] Step 44: size: 44, coverage: 75.00%, cost: 173.0
[2024-10-14 13:39:53,035][INFO] Step 45: size: 45, coverage: 75.50%, cost: 177.0
[2024-10-14 13:39:53,038][INFO] Step 46: size: 46, coverage: 76.50%, cost: 185.0
[2024-10-14 13:39:53,042][INFO] Step 47: size: 47, coverage: 77.50%, cost: 193.0
[2024-10-14 13:39:53,046][INFO] Step 48: size: 48, coverage: 79.00%, cost: 205.0
[2024-10-14 13:39:53,049][INFO] Step 49: size: 49, coverage: 80.50%, cost: 218.0
[2024-10-14 13:39:53,053][INFO] Step 50: size: 50, coverage: 82.00%, cost: 232.0
[2024-10-14 13:39:53,057][INFO] Step 51: size: 51, coverage: 83.50%, cost: 246.0
[2024-10-14 13:39:53,060][INFO] Step 52: size: 52, coverage: 84.00%, cost: 251.0
[2024-10-14 13:39:53,064][INFO] Step 53: size: 53, coverage: 84.50%, cost: 256.0
[2024-10-14 13:39:53,068][INFO] Step 54: size: 54, coverage: 85.50%, cost: 267.0
[2024-10-14 13:39:53,071][INFO] Step 55: size: 55, coverage: 86.50%, cost: 280.0
[2024-10-14 13:39:53,075][INFO] Step 56: size: 56, coverage: 87.00%, cost: 287.0
[2024-10-14 13:39:53,079][INFO] Step 57: size: 57, coverage: 87.50%, cost: 294.0
[2024-10-14 13:39:53,083][INFO] Step 58: size: 58, coverage: 88.50%, cost: 308.0
[2024-10-14 13:39:53,086][INFO] Step 59: size: 59, coverage: 89.50%, cost: 324.0
[2024-10-14 13:39:53,090][INFO] Step 60: size: 60, coverage: 90.00%, cost: 333.0
[2024-10-14 13:39:53,094][INFO] Step 61: size: 61, coverage: 90.50%, cost: 342.0
[2024-10-14 13:39:53,098][INFO] Step 62: size: 62, coverage: 91.00%, cost: 351.0
[2024-10-14 13:39:53,101][INFO] Step 63: size: 63, coverage: 92.50%, cost: 380.0
[2024-10-14 13:39:53,105][INFO] Step 64: size: 64, coverage: 93.00%, cost: 390.0
[2024-10-14 13:39:53,109][INFO] Step 65: size: 65, coverage: 93.50%, cost: 400.0
[2024-10-14 13:39:53,113][INFO] Step 66: size: 66, coverage: 94.00%, cost: 410.0
[2024-10-14 13:39:53,117][INFO] Step 67: size: 67, coverage: 94.50%, cost: 424.0
[2024-10-14 13:39:53,121][INFO] Step 68: size: 68, coverage: 95.00%, cost: 439.0
[2024-10-14 13:39:53,125][INFO] Step 69: size: 69, coverage: 95.50%, cost: 454.0
[2024-10-14 13:39:53,129][INFO] Step 70: size: 70, coverage: 96.00%, cost: 469.0
[2024-10-14 13:39:53,133][INFO] Step 71: size: 71, coverage: 96.50%, cost: 485.0
[2024-10-14 13:39:53,137][INFO] Step 72: size: 72, coverage: 97.50%, cost: 516.0
[2024-10-14 13:39:53,141][INFO] Step 73: size: 73, coverage: 98.00%, cost: 533.0
[2024-10-14 13:39:53,145][INFO] Step 74: size: 74, coverage: 98.50%, cost: 550.0
[2024-10-14 13:39:53,149][INFO] Step 75: size: 75, coverage: 99.00%, cost: 567.0
[2024-10-14 13:39:53,153][INFO] Step 76: size: 76, coverage: 99.50%, cost: 585.0
[2024-10-14 13:39:53,157][INFO] Step 77: size: 77, coverage: 100.00%, cost: 615.0
[2024-10-14 13:39:53,157][INFO] Solved solution used 5 random steps
[2024-10-14 13:39:53,201][INFO] Redundancy elimination: [np.int64(5), np.int64(83), np.int64(8), np.int64(21), np.int64(16), np.int64(9)] -> cost: 18.0
[2024-10-14 13:39:53,201][INFO] Redundancy elimination: [np.int64(8), np.int64(83), np.int64(21), np.int64(28), np.int64(16), np.int64(9)] -> cost: 21.0
[2024-10-14 13:39:53,201][INFO] Redundancy elimination: [np.int64(28), np.int64(83), np.int64(21), np.int64(16), np.int64(8), np.int64(9)] -> cost: 21.0
[2024-10-14 13:39:53,201][INFO] Redundancy elimination: [np.int64(11), np.int64(28), np.int64(21), np.int64(16)] -> cost: 11.0
[2024-10-14 13:39:53,201][INFO] Redundancy elimination: [np.int64(83), np.int64(21), np.int64(28), np.int64(16)] -> cost: 19.0
[2024-10-14 13:39:53,201][INFO] Size: 77 -> 71
[2024-10-14 13:39:53,201][INFO] Cost: 615.0 -> 594.0
[2024-10-14 13:54:20,448][INFO] Step 1: size: 1, coverage: 3.00%, cost: 1.0
[2024-10-14 13:54:20,451][INFO] Step 2: size: 2, coverage: 6.00%, cost: 2.0
[2024-10-14 13:54:20,455][INFO] Step 3: size: 3, coverage: 8.50%, cost: 3.0
[2024-10-14 13:54:20,458][INFO] Step 4: size: 4, coverage: 11.00%, cost: 4.0
[2024-10-14 13:54:20,461][INFO] Step 5: size: 5, coverage: 13.00%, cost: 5.0
[2024-10-14 13:54:20,465][INFO] Step 6: size: 6, coverage: 15.00%, cost: 6.0
[2024-10-14 13:54:20,468][INFO] Step 7: size: 7, coverage: 17.00%, cost: 7.0
[2024-10-14 13:54:20,471][INFO] Step 8: size: 8, coverage: 20.00%, cost: 9.0
[2024-10-14 13:54:20,475][INFO] Step 9: size: 9, coverage: 24.00%, cost: 12.0
[2024-10-14 13:54:20,478][INFO] Step 10: size: 10, coverage: 26.50%, cost: 14.0
[2024-10-14 13:54:20,481][INFO] Step 11: size: 11, coverage: 27.50%, cost: 15.0
[2024-10-14 13:54:20,485][INFO] Step 12: size: 12, coverage: 28.50%, cost: 16.0
[2024-10-14 13:54:20,488][INFO] Step 13: size: 13, coverage: 29.50%, cost: 17.0
[2024-10-14 13:54:20,492][INFO] Step 14: size: 14, coverage: 30.50%, cost: 18.0
[2024-10-14 13:54:20,495][INFO] Step 15: size: 15, coverage: 32.50%, cost: 20.0
[2024-10-14 13:54:20,499][INFO] Step 16: size: 16, coverage: 35.00%, cost: 23.0
[2024-10-14 13:54:20,502][INFO] Step 17: size: 17, coverage: 36.50%, cost: 25.0
[2024-10-14 13:54:20,506][INFO] Step 18: size: 18, coverage: 38.00%, cost: 27.0
[2024-10-14 13:54:20,509][INFO] Step 19: size: 19, coverage: 40.50%, cost: 31.0
[2024-10-14 13:54:20,512][INFO] Step 20: size: 20, coverage: 41.50%, cost: 33.0
[2024-10-14 13:54:20,516][INFO] Step 21: size: 21, coverage: 43.00%, cost: 36.0
[2024-10-14 13:54:20,519][INFO] Step 22: size: 22, coverage: 44.50%, cost: 40.0
[2024-10-14 13:54:20,523][INFO] Step 23: size: 23, coverage: 46.00%, cost: 44.0
[2024-10-14 13:54:20,526][INFO] Step 24: size: 24, coverage: 48.50%, cost: 51.0
[2024-10-14 13:54:20,530][INFO] Step 25: size: 25, coverage: 51.00%, cost: 59.0
[2024-10-14 13:54:20,533][INFO] Step 26: size: 26, coverage: 51.50%, cost: 61.0
[2024-10-14 13:54:20,537][INFO] Step 27: size: 27, coverage: 53.00%, cost: 66.0
[2024-10-14 13:54:20,540][INFO] Step 28: size: 28, coverage: 56.00%, cost: 76.0
[2024-10-14 13:54:20,544][INFO] Step 29: size: 29, coverage: 58.00%, cost: 83.0
[2024-10-14 13:54:20,547][INFO] Step 30: size: 30, coverage: 60.00%, cost: 90.0
[2024-10-14 13:54:20,551][INFO] Step 31: size: 31, coverage: 60.50%, cost: 92.0
[2024-10-14 13:54:20,554][INFO] Step 32: size: 32, coverage: 61.50%, cost: 96.0
[2024-10-14 13:54:20,558][INFO] Step 33: size: 33, coverage: 62.50%, cost: 100.0
[2024-10-14 13:54:20,561][INFO] Step 34: size: 34, coverage: 65.00%, cost: 110.0
[2024-10-14 13:54:20,565][INFO] Step 35: size: 35, coverage: 66.50%, cost: 117.0
[2024-10-14 13:54:20,568][INFO] Step 36: size: 36, coverage: 67.50%, cost: 122.0
[2024-10-14 13:54:20,572][INFO] Step 37: size: 37, coverage: 68.00%, cost: 125.0
[2024-10-14 13:54:20,575][INFO] Step 38: size: 38, coverage: 69.00%, cost: 131.0
[2024-10-14 13:54:20,579][INFO] Step 39: size: 39, coverage: 70.50%, cost: 141.0
[2024-10-14 13:54:20,583][INFO] Step 40: size: 40, coverage: 71.00%, cost: 145.0
[2024-10-14 13:54:20,586][INFO] Step 41: size: 41, coverage: 72.50%, cost: 155.0
[2024-10-14 13:54:20,590][INFO] Step 42: size: 42, coverage: 73.50%, cost: 162.0
[2024-10-14 13:54:20,593][INFO] Step 43: size: 43, coverage: 74.50%, cost: 169.0
[2024-10-14 13:54:20,597][INFO] Step 44: size: 44, coverage: 75.00%, cost: 173.0
[2024-10-14 13:54:20,601][INFO] Step 45: size: 45, coverage: 75.50%, cost: 177.0
[2024-10-14 13:54:20,604][INFO] Step 46: size: 46, coverage: 76.50%, cost: 185.0
[2024-10-14 13:54:20,608][INFO] Step 47: size: 47, coverage: 77.50%, cost: 193.0
[2024-10-14 13:54:20,612][INFO] Step 48: size: 48, coverage: 79.00%, cost: 205.0
[2024-10-14 13:54:20,616][INFO] Step 49: size: 49, coverage: 80.50%, cost: 218.0
[2024-10-14 13:54:20,619][INFO] Step 50: size: 50, coverage: 82.00%, cost: 232.0
[2024-10-14 13:54:20,623][INFO] Step 51: size: 51, coverage: 83.50%, cost: 246.0
[2024-10-14 13:54:20,627][INFO] Step 52: size: 52, coverage: 84.00%, cost: 251.0
[2024-10-14 13:54:20,630][INFO] Step 53: size: 53, coverage: 84.50%, cost: 256.0
[2024-10-14 13:54:20,634][INFO] Step 54: size: 54, coverage: 85.50%, cost: 267.0
[2024-10-14 13:54:20,638][INFO] Step 55: size: 55, coverage: 86.50%, cost: 280.0
[2024-10-14 13:54:20,642][INFO] Step 56: size: 56, coverage: 87.00%, cost: 287.0
[2024-10-14 13:54:20,646][INFO] Step 57: size: 57, coverage: 87.50%, cost: 294.0
[2024-10-14 13:54:20,649][INFO] Step 58: size: 58, coverage: 88.50%, cost: 308.0
[2024-10-14 13:54:20,653][INFO] Step 59: size: 59, coverage: 89.50%, cost: 324.0
[2024-10-14 13:54:20,657][INFO] Step 60: size: 60, coverage: 90.00%, cost: 333.0
[2024-10-14 13:54:20,661][INFO] Step 61: size: 61, coverage: 90.50%, cost: 342.0
[2024-10-14 13:54:20,665][INFO] Step 62: size: 62, coverage: 91.00%, cost: 351.0
[2024-10-14 13:54:20,669][INFO] Step 63: size: 63, coverage: 92.50%, cost: 380.0
[2024-10-14 13:54:20,673][INFO] Step 64: size: 64, coverage: 93.00%, cost: 390.0
[2024-10-14 13:54:20,677][INFO] Step 65: size: 65, coverage: 93.50%, cost: 400.0
[2024-10-14 13:54:20,680][INFO] Step 66: size: 66, coverage: 94.00%, cost: 410.0
[2024-10-14 13:54:20,685][INFO] Step 67: size: 67, coverage: 94.50%, cost: 424.0
[2024-10-14 13:54:20,688][INFO] Step 68: size: 68, coverage: 95.00%, cost: 439.0
[2024-10-14 13:54:20,692][INFO] Step 69: size: 69, coverage: 95.50%, cost: 454.0
[2024-10-14 13:54:20,696][INFO] Step 70: size: 70, coverage: 96.00%, cost: 469.0
[2024-10-14 13:54:20,700][INFO] Step 71: size: 71, coverage: 96.50%, cost: 485.0
[2024-10-14 13:54:20,704][INFO] Step 72: size: 72, coverage: 97.50%, cost: 516.0
[2024-10-14 13:54:20,709][INFO] Step 73: size: 73, coverage: 98.00%, cost: 533.0
[2024-10-14 13:54:20,713][INFO] Step 74: size: 74, coverage: 98.50%, cost: 550.0
[2024-10-14 13:54:20,717][INFO] Step 75: size: 75, coverage: 99.00%, cost: 567.0
[2024-10-14 13:54:20,721][INFO] Step 76: size: 76, coverage: 99.50%, cost: 585.0
[2024-10-14 13:54:20,725][INFO] Step 77: size: 77, coverage: 100.00%, cost: 615.0
[2024-10-14 13:54:20,725][INFO] Solved solution used 5 random steps
[2024-10-14 13:54:20,769][INFO] Redundancy elimination: [np.int64(5), np.int64(83), np.int64(8), np.int64(21), np.int64(16), np.int64(9)] -> cost: 18.0
[2024-10-14 13:54:20,769][INFO] Redundancy elimination: [np.int64(8), np.int64(83), np.int64(21), np.int64(28), np.int64(16), np.int64(9)] -> cost: 21.0
[2024-10-14 13:54:20,769][INFO] Redundancy elimination: [np.int64(28), np.int64(83), np.int64(21), np.int64(16), np.int64(8), np.int64(9)] -> cost: 21.0
[2024-10-14 13:54:20,769][INFO] Redundancy elimination: [np.int64(11), np.int64(28), np.int64(21), np.int64(16)] -> cost: 11.0
[2024-10-14 13:54:20,769][INFO] Redundancy elimination: [np.int64(83), np.int64(21), np.int64(28), np.int64(16)] -> cost: 19.0
[2024-10-14 13:54:20,769][INFO] Size: 77 -> 71
[2024-10-14 13:54:20,769][INFO] Cost: 615.0 -> 594.0
