[2024-10-06 22:18:31,984][INFO] Step 1: size: 1, coverage: 5.00%, cost: 1.0
[2024-10-06 22:18:31,990][INFO] Step 2: size: 2, coverage: 9.50%, cost: 2.0
[2024-10-06 22:18:31,997][INFO] Step 3: size: 3, coverage: 11.50%, cost: 3.0
[2024-10-06 22:18:32,003][INFO] Step 4: size: 4, coverage: 13.50%, cost: 4.0
[2024-10-06 22:18:32,009][INFO] Step 5: size: 5, coverage: 15.50%, cost: 5.0
[2024-10-06 22:18:32,016][INFO] Step 6: size: 6, coverage: 17.50%, cost: 6.0
[2024-10-06 22:18:32,022][INFO] Step 7: size: 7, coverage: 19.50%, cost: 7.0
[2024-10-06 22:18:32,028][INFO] Step 8: size: 8, coverage: 23.00%, cost: 9.0
[2024-10-06 22:18:32,035][INFO] Step 9: size: 9, coverage: 24.50%, cost: 10.0
[2024-10-06 22:18:32,041][INFO] Step 10: size: 10, coverage: 26.00%, cost: 11.0
[2024-10-06 22:18:32,048][INFO] Step 11: size: 11, coverage: 27.50%, cost: 12.0
[2024-10-06 22:18:32,054][INFO] Step 12: size: 12, coverage: 29.00%, cost: 13.0
[2024-10-06 22:18:32,061][INFO] Step 13: size: 13, coverage: 30.50%, cost: 14.0
[2024-10-06 22:18:32,068][INFO] Step 14: size: 14, coverage: 32.00%, cost: 15.0
[2024-10-06 22:18:32,074][INFO] Step 15: size: 15, coverage: 33.00%, cost: 16.0
[2024-10-06 22:18:32,081][INFO] Step 16: size: 16, coverage: 34.00%, cost: 17.0
[2024-10-06 22:18:32,087][INFO] Step 17: size: 17, coverage: 35.00%, cost: 18.0
[2024-10-06 22:18:32,094][INFO] Step 18: size: 18, coverage: 36.00%, cost: 19.0
[2024-10-06 22:18:32,101][INFO] Step 19: size: 19, coverage: 38.00%, cost: 21.0
[2024-10-06 22:18:32,107][INFO] Step 20: size: 20, coverage: 40.00%, cost: 23.0
[2024-10-06 22:18:32,114][INFO] Step 21: size: 21, coverage: 42.00%, cost: 25.0
[2024-10-06 22:18:32,120][INFO] Step 22: size: 22, coverage: 44.00%, cost: 27.0
[2024-10-06 22:18:32,127][INFO] Step 23: size: 23, coverage: 46.00%, cost: 29.0
[2024-10-06 22:18:32,134][INFO] Step 24: size: 24, coverage: 49.00%, cost: 32.0
[2024-10-06 22:18:32,140][INFO] Step 25: size: 25, coverage: 50.50%, cost: 34.0
[2024-10-06 22:18:32,147][INFO] Step 26: size: 26, coverage: 52.00%, cost: 36.0
[2024-10-06 22:18:32,153][INFO] Step 27: size: 27, coverage: 53.50%, cost: 38.0
[2024-10-06 22:18:32,160][INFO] Step 28: size: 28, coverage: 55.00%, cost: 40.0
[2024-10-06 22:18:32,167][INFO] Step 29: size: 29, coverage: 56.50%, cost: 42.0
[2024-10-06 22:18:32,174][INFO] Step 30: size: 30, coverage: 58.00%, cost: 44.0
[2024-10-06 22:18:32,180][INFO] Step 31: size: 31, coverage: 60.50%, cost: 48.0
[2024-10-06 22:18:32,187][INFO] Step 32: size: 32, coverage: 61.00%, cost: 49.0
[2024-10-06 22:18:32,194][INFO] Step 33: size: 33, coverage: 61.50%, cost: 50.0
[2024-10-06 22:18:32,201][INFO] Step 34: size: 34, coverage: 62.50%, cost: 52.0
[2024-10-06 22:18:32,208][INFO] Step 35: size: 35, coverage: 63.50%, cost: 54.0
[2024-10-06 22:18:32,214][INFO] Step 36: size: 36, coverage: 65.00%, cost: 57.0
[2024-10-06 22:18:32,221][INFO] Step 37: size: 37, coverage: 66.50%, cost: 60.0
[2024-10-06 22:18:32,228][INFO] Step 38: size: 38, coverage: 68.50%, cost: 65.0
[2024-10-06 22:18:32,235][INFO] Step 39: size: 39, coverage: 70.00%, cost: 69.0
[2024-10-06 22:18:32,242][INFO] Step 40: size: 40, coverage: 71.50%, cost: 73.0
[2024-10-06 22:18:32,249][INFO] Step 41: size: 41, coverage: 73.00%, cost: 77.0
[2024-10-06 22:18:32,256][INFO] Step 42: size: 42, coverage: 74.00%, cost: 80.0
[2024-10-06 22:18:32,263][INFO] Step 43: size: 43, coverage: 75.00%, cost: 83.0
[2024-10-06 22:18:32,270][INFO] Step 44: size: 44, coverage: 76.00%, cost: 86.0
[2024-10-06 22:18:32,277][INFO] Step 45: size: 45, coverage: 77.00%, cost: 89.0
[2024-10-06 22:18:32,284][INFO] Step 46: size: 46, coverage: 79.00%, cost: 95.0
[2024-10-06 22:18:32,291][INFO] Step 47: size: 47, coverage: 81.00%, cost: 101.0
[2024-10-06 22:18:32,298][INFO] Step 48: size: 48, coverage: 81.50%, cost: 103.0
[2024-10-06 22:18:32,306][INFO] Step 49: size: 49, coverage: 82.00%, cost: 105.0
[2024-10-06 22:18:32,313][INFO] Step 50: size: 50, coverage: 82.50%, cost: 107.0
[2024-10-06 22:18:32,320][INFO] Step 51: size: 51, coverage: 83.00%, cost: 109.0
[2024-10-06 22:18:32,327][INFO] Step 52: size: 52, coverage: 83.50%, cost: 111.0
[2024-10-06 22:18:32,334][INFO] Step 53: size: 53, coverage: 84.00%, cost: 113.0
[2024-10-06 22:18:32,342][INFO] Step 54: size: 54, coverage: 84.50%, cost: 115.0
[2024-10-06 22:18:32,349][INFO] Step 55: size: 55, coverage: 85.50%, cost: 120.0
[2024-10-06 22:18:32,356][INFO] Step 56: size: 56, coverage: 86.50%, cost: 125.0
[2024-10-06 22:18:32,364][INFO] Step 57: size: 57, coverage: 87.00%, cost: 128.0
[2024-10-06 22:18:32,371][INFO] Step 58: size: 58, coverage: 87.50%, cost: 131.0
[2024-10-06 22:18:32,379][INFO] Step 59: size: 59, coverage: 88.00%, cost: 134.0
[2024-10-06 22:18:32,386][INFO] Step 60: size: 60, coverage: 88.50%, cost: 137.0
[2024-10-06 22:18:32,394][INFO] Step 61: size: 61, coverage: 89.00%, cost: 140.0
[2024-10-06 22:18:32,401][INFO] Step 62: size: 62, coverage: 90.00%, cost: 146.0
[2024-10-06 22:18:32,409][INFO] Step 63: size: 63, coverage: 91.50%, cost: 155.0
[2024-10-06 22:18:32,417][INFO] Step 64: size: 64, coverage: 92.50%, cost: 162.0
[2024-10-06 22:18:32,424][INFO] Step 65: size: 65, coverage: 93.50%, cost: 169.0
[2024-10-06 22:18:32,432][INFO] Step 66: size: 66, coverage: 94.00%, cost: 173.0
[2024-10-06 22:18:32,440][INFO] Step 67: size: 67, coverage: 94.50%, cost: 177.0
[2024-10-06 22:18:32,447][INFO] Step 68: size: 68, coverage: 95.50%, cost: 185.0
[2024-10-06 22:18:32,455][INFO] Step 69: size: 69, coverage: 96.00%, cost: 191.0
[2024-10-06 22:18:32,463][INFO] Step 70: size: 70, coverage: 97.00%, cost: 203.0
[2024-10-06 22:18:32,471][INFO] Step 71: size: 71, coverage: 97.50%, cost: 210.0
[2024-10-06 22:18:32,478][INFO] Step 72: size: 72, coverage: 98.00%, cost: 217.0
[2024-10-06 22:18:32,486][INFO] Step 73: size: 73, coverage: 98.50%, cost: 225.0
[2024-10-06 22:18:32,494][INFO] Step 74: size: 74, coverage: 99.00%, cost: 233.0
[2024-10-06 22:18:32,502][INFO] Step 75: size: 75, coverage: 99.50%, cost: 242.0
[2024-10-06 22:18:32,510][INFO] Step 76: size: 76, coverage: 100.00%, cost: 251.0
[2024-10-06 22:18:32,512][INFO] Size: 76 -> 70
[2024-10-06 22:18:32,512][INFO] Cost: 251.0 -> 241.0
[2024-10-06 22:21:33,985][INFO] Step 1: size: 1, coverage: 5.00%, cost: 1.0
[2024-10-06 22:21:33,991][INFO] Step 2: size: 2, coverage: 9.50%, cost: 2.0
[2024-10-06 22:21:33,997][INFO] Step 3: size: 3, coverage: 11.50%, cost: 3.0
[2024-10-06 22:21:34,003][INFO] Step 4: size: 4, coverage: 13.50%, cost: 4.0
[2024-10-06 22:21:34,010][INFO] Step 5: size: 5, coverage: 15.50%, cost: 5.0
[2024-10-06 22:21:34,016][INFO] Step 6: size: 6, coverage: 17.50%, cost: 6.0
[2024-10-06 22:21:34,023][INFO] Step 7: size: 7, coverage: 19.50%, cost: 7.0
[2024-10-06 22:21:34,029][INFO] Step 8: size: 8, coverage: 23.00%, cost: 9.0
[2024-10-06 22:21:34,036][INFO] Step 9: size: 9, coverage: 24.50%, cost: 10.0
[2024-10-06 22:21:34,042][INFO] Step 10: size: 10, coverage: 26.00%, cost: 11.0
[2024-10-06 22:21:34,049][INFO] Step 11: size: 11, coverage: 27.50%, cost: 12.0
[2024-10-06 22:21:34,055][INFO] Step 12: size: 12, coverage: 29.00%, cost: 13.0
[2024-10-06 22:21:34,062][INFO] Step 13: size: 13, coverage: 30.50%, cost: 14.0
[2024-10-06 22:21:34,068][INFO] Step 14: size: 14, coverage: 32.00%, cost: 15.0
[2024-10-06 22:21:34,075][INFO] Step 15: size: 15, coverage: 33.00%, cost: 16.0
[2024-10-06 22:21:34,082][INFO] Step 16: size: 16, coverage: 34.00%, cost: 17.0
[2024-10-06 22:21:34,088][INFO] Step 17: size: 17, coverage: 35.00%, cost: 18.0
[2024-10-06 22:21:34,095][INFO] Step 18: size: 18, coverage: 36.00%, cost: 19.0
[2024-10-06 22:21:34,101][INFO] Step 19: size: 19, coverage: 38.00%, cost: 21.0
[2024-10-06 22:21:34,108][INFO] Step 20: size: 20, coverage: 40.00%, cost: 23.0
[2024-10-06 22:21:34,115][INFO] Step 21: size: 21, coverage: 42.00%, cost: 25.0
[2024-10-06 22:21:34,121][INFO] Step 22: size: 22, coverage: 44.00%, cost: 27.0
[2024-10-06 22:21:34,128][INFO] Step 23: size: 23, coverage: 46.00%, cost: 29.0
[2024-10-06 22:21:34,135][INFO] Step 24: size: 24, coverage: 49.00%, cost: 32.0
[2024-10-06 22:21:34,141][INFO] Step 25: size: 25, coverage: 50.50%, cost: 34.0
[2024-10-06 22:21:34,148][INFO] Step 26: size: 26, coverage: 52.00%, cost: 36.0
[2024-10-06 22:21:34,155][INFO] Step 27: size: 27, coverage: 53.50%, cost: 38.0
[2024-10-06 22:21:34,162][INFO] Step 28: size: 28, coverage: 55.00%, cost: 40.0
[2024-10-06 22:21:34,168][INFO] Step 29: size: 29, coverage: 56.50%, cost: 42.0
[2024-10-06 22:21:34,175][INFO] Step 30: size: 30, coverage: 58.00%, cost: 44.0
[2024-10-06 22:21:34,182][INFO] Step 31: size: 31, coverage: 60.50%, cost: 48.0
[2024-10-06 22:21:34,189][INFO] Step 32: size: 32, coverage: 61.00%, cost: 49.0
[2024-10-06 22:21:34,196][INFO] Step 33: size: 33, coverage: 61.50%, cost: 50.0
[2024-10-06 22:21:34,203][INFO] Step 34: size: 34, coverage: 62.50%, cost: 52.0
[2024-10-06 22:21:34,209][INFO] Step 35: size: 35, coverage: 63.50%, cost: 54.0
[2024-10-06 22:21:34,216][INFO] Step 36: size: 36, coverage: 64.00%, cost: 56.0
[2024-10-06 22:21:34,223][INFO] Step 37: size: 37, coverage: 65.50%, cost: 59.0
[2024-10-06 22:21:34,230][INFO] Step 38: size: 38, coverage: 67.00%, cost: 62.0
[2024-10-06 22:21:34,237][INFO] Step 39: size: 39, coverage: 69.00%, cost: 67.0
[2024-10-06 22:21:34,244][INFO] Step 40: size: 40, coverage: 70.50%, cost: 71.0
[2024-10-06 22:21:34,251][INFO] Step 41: size: 41, coverage: 72.00%, cost: 75.0
[2024-10-06 22:21:34,258][INFO] Step 42: size: 42, coverage: 73.50%, cost: 79.0
[2024-10-06 22:21:34,265][INFO] Step 43: size: 43, coverage: 74.50%, cost: 82.0
[2024-10-06 22:21:34,273][INFO] Step 44: size: 44, coverage: 75.50%, cost: 85.0
[2024-10-06 22:21:34,280][INFO] Step 45: size: 45, coverage: 76.50%, cost: 88.0
[2024-10-06 22:21:34,287][INFO] Step 46: size: 46, coverage: 77.50%, cost: 91.0
[2024-10-06 22:21:34,294][INFO] Step 47: size: 47, coverage: 79.50%, cost: 97.0
[2024-10-06 22:21:34,301][INFO] Step 48: size: 48, coverage: 81.50%, cost: 103.0
[2024-10-06 22:21:34,309][INFO] Step 49: size: 49, coverage: 82.00%, cost: 105.0
[2024-10-06 22:21:34,316][INFO] Step 50: size: 50, coverage: 82.50%, cost: 107.0
[2024-10-06 22:21:34,323][INFO] Step 51: size: 51, coverage: 83.00%, cost: 109.0
[2024-10-06 22:21:34,330][INFO] Step 52: size: 52, coverage: 83.50%, cost: 111.0
[2024-10-06 22:21:34,338][INFO] Step 53: size: 53, coverage: 84.00%, cost: 113.0
[2024-10-06 22:21:34,345][INFO] Step 54: size: 54, coverage: 84.50%, cost: 115.0
[2024-10-06 22:21:34,353][INFO] Step 55: size: 55, coverage: 85.50%, cost: 120.0
[2024-10-06 22:21:34,360][INFO] Step 56: size: 56, coverage: 86.50%, cost: 125.0
[2024-10-06 22:21:34,367][INFO] Step 57: size: 57, coverage: 87.00%, cost: 128.0
[2024-10-06 22:21:34,375][INFO] Step 58: size: 58, coverage: 87.50%, cost: 131.0
[2024-10-06 22:21:34,383][INFO] Step 59: size: 59, coverage: 88.00%, cost: 134.0
[2024-10-06 22:21:34,390][INFO] Step 60: size: 60, coverage: 88.50%, cost: 137.0
[2024-10-06 22:21:34,398][INFO] Step 61: size: 61, coverage: 89.00%, cost: 140.0
[2024-10-06 22:21:34,405][INFO] Step 62: size: 62, coverage: 90.00%, cost: 146.0
[2024-10-06 22:21:34,413][INFO] Step 63: size: 63, coverage: 91.50%, cost: 155.0
[2024-10-06 22:21:34,421][INFO] Step 64: size: 64, coverage: 92.50%, cost: 162.0
[2024-10-06 22:21:34,428][INFO] Step 65: size: 65, coverage: 93.50%, cost: 169.0
[2024-10-06 22:21:34,436][INFO] Step 66: size: 66, coverage: 94.00%, cost: 173.0
[2024-10-06 22:21:34,444][INFO] Step 67: size: 67, coverage: 94.50%, cost: 177.0
[2024-10-06 22:21:34,452][INFO] Step 68: size: 68, coverage: 95.50%, cost: 185.0
[2024-10-06 22:21:34,460][INFO] Step 69: size: 69, coverage: 96.00%, cost: 191.0
[2024-10-06 22:21:34,467][INFO] Step 70: size: 70, coverage: 97.00%, cost: 203.0
[2024-10-06 22:21:34,475][INFO] Step 71: size: 71, coverage: 97.50%, cost: 210.0
[2024-10-06 22:21:34,483][INFO] Step 72: size: 72, coverage: 98.00%, cost: 217.0
[2024-10-06 22:21:34,491][INFO] Step 73: size: 73, coverage: 98.50%, cost: 225.0
[2024-10-06 22:21:34,499][INFO] Step 74: size: 74, coverage: 99.00%, cost: 233.0
[2024-10-06 22:21:34,507][INFO] Step 75: size: 75, coverage: 99.50%, cost: 242.0
[2024-10-06 22:21:34,516][INFO] Step 76: size: 76, coverage: 100.00%, cost: 251.0
[2024-10-06 22:21:34,516][INFO] Solved solution used 4 random steps
[2024-10-06 22:21:34,517][INFO] Size: 76 -> 70
[2024-10-06 22:21:34,517][INFO] Cost: 251.0 -> 241.0
[2024-10-08 22:46:36,440][INFO] Step 1: size: 1, coverage: 5.00%, cost: 1.0
[2024-10-08 22:46:36,447][INFO] Step 2: size: 2, coverage: 9.50%, cost: 2.0
[2024-10-08 22:46:36,453][INFO] Step 3: size: 3, coverage: 11.50%, cost: 3.0
[2024-10-08 22:46:36,460][INFO] Step 4: size: 4, coverage: 13.50%, cost: 4.0
[2024-10-08 22:46:36,466][INFO] Step 5: size: 5, coverage: 15.50%, cost: 5.0
[2024-10-08 22:46:36,473][INFO] Step 6: size: 6, coverage: 17.50%, cost: 6.0
[2024-10-08 22:46:36,479][INFO] Step 7: size: 7, coverage: 19.50%, cost: 7.0
[2024-10-08 22:46:36,486][INFO] Step 8: size: 8, coverage: 23.00%, cost: 9.0
[2024-10-08 22:46:36,492][INFO] Step 9: size: 9, coverage: 24.50%, cost: 10.0
[2024-10-08 22:46:36,499][INFO] Step 10: size: 10, coverage: 26.00%, cost: 11.0
[2024-10-08 22:46:36,505][INFO] Step 11: size: 11, coverage: 27.50%, cost: 12.0
[2024-10-08 22:46:36,512][INFO] Step 12: size: 12, coverage: 29.00%, cost: 13.0
[2024-10-08 22:46:36,519][INFO] Step 13: size: 13, coverage: 30.50%, cost: 14.0
[2024-10-08 22:46:36,525][INFO] Step 14: size: 14, coverage: 32.00%, cost: 15.0
[2024-10-08 22:46:36,532][INFO] Step 15: size: 15, coverage: 33.00%, cost: 16.0
[2024-10-08 22:46:36,539][INFO] Step 16: size: 16, coverage: 34.00%, cost: 17.0
[2024-10-08 22:46:36,546][INFO] Step 17: size: 17, coverage: 35.00%, cost: 18.0
[2024-10-08 22:46:36,552][INFO] Step 18: size: 18, coverage: 36.00%, cost: 19.0
[2024-10-08 22:46:36,559][INFO] Step 19: size: 19, coverage: 38.00%, cost: 21.0
[2024-10-08 22:46:36,566][INFO] Step 20: size: 20, coverage: 40.00%, cost: 23.0
[2024-10-08 22:46:36,572][INFO] Step 21: size: 21, coverage: 42.00%, cost: 25.0
[2024-10-08 22:46:36,579][INFO] Step 22: size: 22, coverage: 44.00%, cost: 27.0
[2024-10-08 22:46:36,586][INFO] Step 23: size: 23, coverage: 46.00%, cost: 29.0
[2024-10-08 22:46:36,593][INFO] Step 24: size: 24, coverage: 49.00%, cost: 32.0
[2024-10-08 22:46:36,599][INFO] Step 25: size: 25, coverage: 50.50%, cost: 34.0
[2024-10-08 22:46:36,606][INFO] Step 26: size: 26, coverage: 52.00%, cost: 36.0
[2024-10-08 22:46:36,613][INFO] Step 27: size: 27, coverage: 53.50%, cost: 38.0
[2024-10-08 22:46:36,620][INFO] Step 28: size: 28, coverage: 55.00%, cost: 40.0
[2024-10-08 22:46:36,627][INFO] Step 29: size: 29, coverage: 56.50%, cost: 42.0
[2024-10-08 22:46:36,634][INFO] Step 30: size: 30, coverage: 58.00%, cost: 44.0
[2024-10-08 22:46:36,640][INFO] Step 31: size: 31, coverage: 60.50%, cost: 48.0
[2024-10-08 22:46:36,647][INFO] Step 32: size: 32, coverage: 61.00%, cost: 49.0
[2024-10-08 22:46:36,654][INFO] Step 33: size: 33, coverage: 61.50%, cost: 50.0
[2024-10-08 22:46:36,661][INFO] Step 34: size: 34, coverage: 62.50%, cost: 52.0
[2024-10-08 22:46:36,668][INFO] Step 35: size: 35, coverage: 63.50%, cost: 54.0
[2024-10-08 22:46:36,676][INFO] Step 36: size: 36, coverage: 64.00%, cost: 56.0
[2024-10-08 22:46:36,682][INFO] Step 37: size: 37, coverage: 65.50%, cost: 59.0
[2024-10-08 22:46:36,690][INFO] Step 38: size: 38, coverage: 67.00%, cost: 62.0
[2024-10-08 22:46:36,697][INFO] Step 39: size: 39, coverage: 69.00%, cost: 67.0
[2024-10-08 22:46:36,704][INFO] Step 40: size: 40, coverage: 70.50%, cost: 71.0
[2024-10-08 22:46:36,711][INFO] Step 41: size: 41, coverage: 72.00%, cost: 75.0
[2024-10-08 22:46:36,718][INFO] Step 42: size: 42, coverage: 73.50%, cost: 79.0
[2024-10-08 22:46:36,725][INFO] Step 43: size: 43, coverage: 74.50%, cost: 82.0
[2024-10-08 22:46:36,732][INFO] Step 44: size: 44, coverage: 75.50%, cost: 85.0
[2024-10-08 22:46:36,740][INFO] Step 45: size: 45, coverage: 76.50%, cost: 88.0
[2024-10-08 22:46:36,747][INFO] Step 46: size: 46, coverage: 77.50%, cost: 91.0
[2024-10-08 22:46:36,755][INFO] Step 47: size: 47, coverage: 79.50%, cost: 97.0
[2024-10-08 22:46:36,762][INFO] Step 48: size: 48, coverage: 81.50%, cost: 103.0
[2024-10-08 22:46:36,769][INFO] Step 49: size: 49, coverage: 82.00%, cost: 105.0
[2024-10-08 22:46:36,777][INFO] Step 50: size: 50, coverage: 82.50%, cost: 107.0
[2024-10-08 22:46:36,785][INFO] Step 51: size: 51, coverage: 83.00%, cost: 109.0
[2024-10-08 22:46:36,792][INFO] Step 52: size: 52, coverage: 83.50%, cost: 111.0
[2024-10-08 22:46:36,800][INFO] Step 53: size: 53, coverage: 84.00%, cost: 113.0
[2024-10-08 22:46:36,807][INFO] Step 54: size: 54, coverage: 84.50%, cost: 115.0
[2024-10-08 22:46:36,815][INFO] Step 55: size: 55, coverage: 85.50%, cost: 120.0
[2024-10-08 22:46:36,822][INFO] Step 56: size: 56, coverage: 86.50%, cost: 125.0
[2024-10-08 22:46:36,830][INFO] Step 57: size: 57, coverage: 87.00%, cost: 128.0
[2024-10-08 22:46:36,837][INFO] Step 58: size: 58, coverage: 87.50%, cost: 131.0
[2024-10-08 22:46:36,845][INFO] Step 59: size: 59, coverage: 88.00%, cost: 134.0
[2024-10-08 22:46:36,853][INFO] Step 60: size: 60, coverage: 88.50%, cost: 137.0
[2024-10-08 22:46:36,861][INFO] Step 61: size: 61, coverage: 89.00%, cost: 140.0
[2024-10-08 22:46:36,869][INFO] Step 62: size: 62, coverage: 90.00%, cost: 146.0
[2024-10-08 22:46:36,877][INFO] Step 63: size: 63, coverage: 91.50%, cost: 155.0
[2024-10-08 22:46:36,885][INFO] Step 64: size: 64, coverage: 92.50%, cost: 162.0
[2024-10-08 22:46:36,893][INFO] Step 65: size: 65, coverage: 93.50%, cost: 169.0
[2024-10-08 22:46:36,901][INFO] Step 66: size: 66, coverage: 94.00%, cost: 173.0
[2024-10-08 22:46:36,910][INFO] Step 67: size: 67, coverage: 94.50%, cost: 177.0
[2024-10-08 22:46:36,918][INFO] Step 68: size: 68, coverage: 95.50%, cost: 185.0
[2024-10-08 22:46:36,926][INFO] Step 69: size: 69, coverage: 96.00%, cost: 191.0
[2024-10-08 22:46:36,935][INFO] Step 70: size: 70, coverage: 97.00%, cost: 203.0
[2024-10-08 22:46:36,943][INFO] Step 71: size: 71, coverage: 97.50%, cost: 210.0
[2024-10-08 22:46:36,952][INFO] Step 72: size: 72, coverage: 98.00%, cost: 217.0
[2024-10-08 22:46:36,960][INFO] Step 73: size: 73, coverage: 98.50%, cost: 225.0
[2024-10-08 22:46:36,968][INFO] Step 74: size: 74, coverage: 99.00%, cost: 233.0
[2024-10-08 22:46:36,977][INFO] Step 75: size: 75, coverage: 99.50%, cost: 242.0
[2024-10-08 22:46:36,985][INFO] Step 76: size: 76, coverage: 100.00%, cost: 251.0
[2024-10-08 22:46:36,985][INFO] Solved solution used 4 random steps
[2024-10-08 22:46:36,987][INFO] Size: 76 -> 70
[2024-10-08 22:46:36,987][INFO] Cost: 251.0 -> 241.0
[2024-10-08 23:01:18,985][INFO] Step 1: size: 1, coverage: 5.00%, cost: 1.0
[2024-10-08 23:01:18,992][INFO] Step 2: size: 2, coverage: 9.50%, cost: 2.0
[2024-10-08 23:01:18,998][INFO] Step 3: size: 3, coverage: 11.50%, cost: 3.0
[2024-10-08 23:01:19,005][INFO] Step 4: size: 4, coverage: 13.50%, cost: 4.0
[2024-10-08 23:01:19,011][INFO] Step 5: size: 5, coverage: 15.50%, cost: 5.0
[2024-10-08 23:01:19,018][INFO] Step 6: size: 6, coverage: 17.50%, cost: 6.0
[2024-10-08 23:01:19,024][INFO] Step 7: size: 7, coverage: 19.50%, cost: 7.0
[2024-10-08 23:01:19,031][INFO] Step 8: size: 8, coverage: 23.00%, cost: 9.0
[2024-10-08 23:01:19,038][INFO] Step 9: size: 9, coverage: 24.50%, cost: 10.0
[2024-10-08 23:01:19,046][INFO] Step 10: size: 10, coverage: 26.00%, cost: 11.0
[2024-10-08 23:01:19,053][INFO] Step 11: size: 11, coverage: 27.50%, cost: 12.0
[2024-10-08 23:01:19,060][INFO] Step 12: size: 12, coverage: 29.00%, cost: 13.0
[2024-10-08 23:01:19,067][INFO] Step 13: size: 13, coverage: 30.50%, cost: 14.0
[2024-10-08 23:01:19,074][INFO] Step 14: size: 14, coverage: 32.00%, cost: 15.0
[2024-10-08 23:01:19,080][INFO] Step 15: size: 15, coverage: 33.00%, cost: 16.0
[2024-10-08 23:01:19,087][INFO] Step 16: size: 16, coverage: 34.00%, cost: 17.0
[2024-10-08 23:01:19,094][INFO] Step 17: size: 17, coverage: 35.00%, cost: 18.0
[2024-10-08 23:01:19,103][INFO] Step 18: size: 18, coverage: 36.00%, cost: 19.0
[2024-10-08 23:01:19,110][INFO] Step 19: size: 19, coverage: 38.00%, cost: 21.0
[2024-10-08 23:01:19,117][INFO] Step 20: size: 20, coverage: 40.00%, cost: 23.0
[2024-10-08 23:01:19,124][INFO] Step 21: size: 21, coverage: 42.00%, cost: 25.0
[2024-10-08 23:01:19,131][INFO] Step 22: size: 22, coverage: 44.00%, cost: 27.0
[2024-10-08 23:01:19,138][INFO] Step 23: size: 23, coverage: 46.00%, cost: 29.0
[2024-10-08 23:01:19,145][INFO] Step 24: size: 24, coverage: 49.00%, cost: 32.0
[2024-10-08 23:01:19,152][INFO] Step 25: size: 25, coverage: 50.50%, cost: 34.0
[2024-10-08 23:01:19,159][INFO] Step 26: size: 26, coverage: 52.00%, cost: 36.0
[2024-10-08 23:01:19,166][INFO] Step 27: size: 27, coverage: 53.50%, cost: 38.0
[2024-10-08 23:01:19,173][INFO] Step 28: size: 28, coverage: 55.00%, cost: 40.0
[2024-10-08 23:01:19,180][INFO] Step 29: size: 29, coverage: 56.50%, cost: 42.0
[2024-10-08 23:01:19,187][INFO] Step 30: size: 30, coverage: 58.00%, cost: 44.0
[2024-10-08 23:01:19,194][INFO] Step 31: size: 31, coverage: 60.50%, cost: 48.0
[2024-10-08 23:01:19,202][INFO] Step 32: size: 32, coverage: 61.00%, cost: 49.0
[2024-10-08 23:01:19,209][INFO] Step 33: size: 33, coverage: 61.50%, cost: 50.0
[2024-10-08 23:01:19,216][INFO] Step 34: size: 34, coverage: 62.50%, cost: 52.0
[2024-10-08 23:01:19,223][INFO] Step 35: size: 35, coverage: 63.50%, cost: 54.0
[2024-10-08 23:01:19,230][INFO] Step 36: size: 36, coverage: 64.00%, cost: 56.0
[2024-10-08 23:01:19,238][INFO] Step 37: size: 37, coverage: 65.50%, cost: 59.0
[2024-10-08 23:01:19,245][INFO] Step 38: size: 38, coverage: 67.00%, cost: 62.0
[2024-10-08 23:01:19,252][INFO] Step 39: size: 39, coverage: 69.00%, cost: 67.0
[2024-10-08 23:01:19,259][INFO] Step 40: size: 40, coverage: 70.50%, cost: 71.0
[2024-10-08 23:01:19,267][INFO] Step 41: size: 41, coverage: 72.00%, cost: 75.0
[2024-10-08 23:01:19,274][INFO] Step 42: size: 42, coverage: 73.50%, cost: 79.0
[2024-10-08 23:01:19,281][INFO] Step 43: size: 43, coverage: 74.50%, cost: 82.0
[2024-10-08 23:01:19,289][INFO] Step 44: size: 44, coverage: 75.50%, cost: 85.0
[2024-10-08 23:01:19,296][INFO] Step 45: size: 45, coverage: 76.50%, cost: 88.0
[2024-10-08 23:01:19,303][INFO] Step 46: size: 46, coverage: 77.50%, cost: 91.0
[2024-10-08 23:01:19,311][INFO] Step 47: size: 47, coverage: 79.50%, cost: 97.0
[2024-10-08 23:01:19,318][INFO] Step 48: size: 48, coverage: 81.50%, cost: 103.0
[2024-10-08 23:01:19,326][INFO] Step 49: size: 49, coverage: 82.00%, cost: 105.0
[2024-10-08 23:01:19,334][INFO] Step 50: size: 50, coverage: 82.50%, cost: 107.0
[2024-10-08 23:01:19,342][INFO] Step 51: size: 51, coverage: 83.00%, cost: 109.0
[2024-10-08 23:01:19,350][INFO] Step 52: size: 52, coverage: 83.50%, cost: 111.0
[2024-10-08 23:01:19,358][INFO] Step 53: size: 53, coverage: 84.00%, cost: 113.0
[2024-10-08 23:01:19,366][INFO] Step 54: size: 54, coverage: 84.50%, cost: 115.0
[2024-10-08 23:01:19,373][INFO] Step 55: size: 55, coverage: 85.50%, cost: 120.0
[2024-10-08 23:01:19,381][INFO] Step 56: size: 56, coverage: 86.50%, cost: 125.0
[2024-10-08 23:01:19,389][INFO] Step 57: size: 57, coverage: 87.00%, cost: 128.0
[2024-10-08 23:01:19,397][INFO] Step 58: size: 58, coverage: 87.50%, cost: 131.0
[2024-10-08 23:01:19,405][INFO] Step 59: size: 59, coverage: 88.00%, cost: 134.0
[2024-10-08 23:01:19,413][INFO] Step 60: size: 60, coverage: 88.50%, cost: 137.0
[2024-10-08 23:01:19,420][INFO] Step 61: size: 61, coverage: 89.00%, cost: 140.0
[2024-10-08 23:01:19,428][INFO] Step 62: size: 62, coverage: 90.00%, cost: 146.0
[2024-10-08 23:01:19,436][INFO] Step 63: size: 63, coverage: 91.50%, cost: 155.0
[2024-10-08 23:01:19,445][INFO] Step 64: size: 64, coverage: 92.50%, cost: 162.0
[2024-10-08 23:01:19,452][INFO] Step 65: size: 65, coverage: 93.50%, cost: 169.0
[2024-10-08 23:01:19,460][INFO] Step 66: size: 66, coverage: 94.00%, cost: 173.0
[2024-10-08 23:01:19,468][INFO] Step 67: size: 67, coverage: 94.50%, cost: 177.0
[2024-10-08 23:01:19,477][INFO] Step 68: size: 68, coverage: 95.50%, cost: 185.0
[2024-10-08 23:01:19,485][INFO] Step 69: size: 69, coverage: 96.00%, cost: 191.0
[2024-10-08 23:01:19,493][INFO] Step 70: size: 70, coverage: 97.00%, cost: 203.0
[2024-10-08 23:01:19,501][INFO] Step 71: size: 71, coverage: 97.50%, cost: 210.0
[2024-10-08 23:01:19,509][INFO] Step 72: size: 72, coverage: 98.00%, cost: 217.0
[2024-10-08 23:01:19,517][INFO] Step 73: size: 73, coverage: 98.50%, cost: 225.0
[2024-10-08 23:01:19,525][INFO] Step 74: size: 74, coverage: 99.00%, cost: 233.0
[2024-10-08 23:01:19,534][INFO] Step 75: size: 75, coverage: 99.50%, cost: 242.0
[2024-10-08 23:01:19,542][INFO] Step 76: size: 76, coverage: 100.00%, cost: 251.0
[2024-10-08 23:01:19,542][INFO] Solved solution used 4 random steps
[2024-10-08 23:01:19,544][INFO] Size: 76 -> 70
[2024-10-08 23:01:19,544][INFO] Cost: 251.0 -> 241.0
[2024-10-08 23:02:54,285][INFO] Step 1: size: 1, coverage: 5.00%, cost: 1.0
[2024-10-08 23:02:54,291][INFO] Step 2: size: 2, coverage: 9.50%, cost: 2.0
[2024-10-08 23:02:54,297][INFO] Step 3: size: 3, coverage: 11.50%, cost: 3.0
[2024-10-08 23:02:54,304][INFO] Step 4: size: 4, coverage: 13.50%, cost: 4.0
[2024-10-08 23:02:54,310][INFO] Step 5: size: 5, coverage: 15.50%, cost: 5.0
[2024-10-08 23:02:54,316][INFO] Step 6: size: 6, coverage: 17.50%, cost: 6.0
[2024-10-08 23:02:54,323][INFO] Step 7: size: 7, coverage: 19.50%, cost: 7.0
[2024-10-08 23:02:54,329][INFO] Step 8: size: 8, coverage: 23.00%, cost: 9.0
[2024-10-08 23:02:54,336][INFO] Step 9: size: 9, coverage: 24.50%, cost: 10.0
[2024-10-08 23:02:54,342][INFO] Step 10: size: 10, coverage: 26.00%, cost: 11.0
[2024-10-08 23:02:54,349][INFO] Step 11: size: 11, coverage: 27.50%, cost: 12.0
[2024-10-08 23:02:54,355][INFO] Step 12: size: 12, coverage: 29.00%, cost: 13.0
[2024-10-08 23:02:54,362][INFO] Step 13: size: 13, coverage: 30.50%, cost: 14.0
[2024-10-08 23:02:54,368][INFO] Step 14: size: 14, coverage: 32.00%, cost: 15.0
[2024-10-08 23:02:54,375][INFO] Step 15: size: 15, coverage: 33.00%, cost: 16.0
[2024-10-08 23:02:54,382][INFO] Step 16: size: 16, coverage: 34.00%, cost: 17.0
[2024-10-08 23:02:54,388][INFO] Step 17: size: 17, coverage: 35.00%, cost: 18.0
[2024-10-08 23:02:54,395][INFO] Step 18: size: 18, coverage: 36.00%, cost: 19.0
[2024-10-08 23:02:54,402][INFO] Step 19: size: 19, coverage: 38.00%, cost: 21.0
[2024-10-08 23:02:54,408][INFO] Step 20: size: 20, coverage: 40.00%, cost: 23.0
[2024-10-08 23:02:54,415][INFO] Step 21: size: 21, coverage: 42.00%, cost: 25.0
[2024-10-08 23:02:54,422][INFO] Step 22: size: 22, coverage: 44.00%, cost: 27.0
[2024-10-08 23:02:54,429][INFO] Step 23: size: 23, coverage: 46.00%, cost: 29.0
[2024-10-08 23:02:54,435][INFO] Step 24: size: 24, coverage: 49.00%, cost: 32.0
[2024-10-08 23:02:54,442][INFO] Step 25: size: 25, coverage: 50.50%, cost: 34.0
[2024-10-08 23:02:54,449][INFO] Step 26: size: 26, coverage: 52.00%, cost: 36.0
[2024-10-08 23:02:54,455][INFO] Step 27: size: 27, coverage: 53.50%, cost: 38.0
[2024-10-08 23:02:54,462][INFO] Step 28: size: 28, coverage: 55.00%, cost: 40.0
[2024-10-08 23:02:54,469][INFO] Step 29: size: 29, coverage: 56.50%, cost: 42.0
[2024-10-08 23:02:54,476][INFO] Step 30: size: 30, coverage: 58.00%, cost: 44.0
[2024-10-08 23:02:54,483][INFO] Step 31: size: 31, coverage: 60.50%, cost: 48.0
[2024-10-08 23:02:54,490][INFO] Step 32: size: 32, coverage: 61.00%, cost: 49.0
[2024-10-08 23:02:54,497][INFO] Step 33: size: 33, coverage: 61.50%, cost: 50.0
[2024-10-08 23:02:54,504][INFO] Step 34: size: 34, coverage: 62.50%, cost: 52.0
[2024-10-08 23:02:54,511][INFO] Step 35: size: 35, coverage: 63.50%, cost: 54.0
[2024-10-08 23:02:54,518][INFO] Step 36: size: 36, coverage: 64.00%, cost: 56.0
[2024-10-08 23:02:54,525][INFO] Step 37: size: 37, coverage: 65.50%, cost: 59.0
[2024-10-08 23:02:54,532][INFO] Step 38: size: 38, coverage: 67.00%, cost: 62.0
[2024-10-08 23:02:54,539][INFO] Step 39: size: 39, coverage: 69.00%, cost: 67.0
[2024-10-08 23:02:54,546][INFO] Step 40: size: 40, coverage: 70.50%, cost: 71.0
[2024-10-08 23:02:54,553][INFO] Step 41: size: 41, coverage: 72.00%, cost: 75.0
[2024-10-08 23:02:54,560][INFO] Step 42: size: 42, coverage: 73.50%, cost: 79.0
[2024-10-08 23:02:54,567][INFO] Step 43: size: 43, coverage: 74.50%, cost: 82.0
[2024-10-08 23:02:54,574][INFO] Step 44: size: 44, coverage: 75.50%, cost: 85.0
[2024-10-08 23:02:54,581][INFO] Step 45: size: 45, coverage: 76.50%, cost: 88.0
[2024-10-08 23:02:54,589][INFO] Step 46: size: 46, coverage: 77.50%, cost: 91.0
[2024-10-08 23:02:54,596][INFO] Step 47: size: 47, coverage: 79.50%, cost: 97.0
[2024-10-08 23:02:54,603][INFO] Step 48: size: 48, coverage: 81.50%, cost: 103.0
[2024-10-08 23:02:54,610][INFO] Step 49: size: 49, coverage: 82.00%, cost: 105.0
[2024-10-08 23:02:54,617][INFO] Step 50: size: 50, coverage: 82.50%, cost: 107.0
[2024-10-08 23:02:54,625][INFO] Step 51: size: 51, coverage: 83.00%, cost: 109.0
[2024-10-08 23:02:54,632][INFO] Step 52: size: 52, coverage: 83.50%, cost: 111.0
[2024-10-08 23:02:54,639][INFO] Step 53: size: 53, coverage: 84.00%, cost: 113.0
[2024-10-08 23:02:54,647][INFO] Step 54: size: 54, coverage: 84.50%, cost: 115.0
[2024-10-08 23:02:54,654][INFO] Step 55: size: 55, coverage: 85.50%, cost: 120.0
[2024-10-08 23:02:54,662][INFO] Step 56: size: 56, coverage: 86.50%, cost: 125.0
[2024-10-08 23:02:54,669][INFO] Step 57: size: 57, coverage: 87.00%, cost: 128.0
[2024-10-08 23:02:54,677][INFO] Step 58: size: 58, coverage: 87.50%, cost: 131.0
[2024-10-08 23:02:54,685][INFO] Step 59: size: 59, coverage: 88.00%, cost: 134.0
[2024-10-08 23:02:54,692][INFO] Step 60: size: 60, coverage: 88.50%, cost: 137.0
[2024-10-08 23:02:54,700][INFO] Step 61: size: 61, coverage: 89.00%, cost: 140.0
[2024-10-08 23:02:54,707][INFO] Step 62: size: 62, coverage: 90.00%, cost: 146.0
[2024-10-08 23:02:54,715][INFO] Step 63: size: 63, coverage: 91.50%, cost: 155.0
[2024-10-08 23:02:54,723][INFO] Step 64: size: 64, coverage: 92.50%, cost: 162.0
[2024-10-08 23:02:54,731][INFO] Step 65: size: 65, coverage: 93.50%, cost: 169.0
[2024-10-08 23:02:54,738][INFO] Step 66: size: 66, coverage: 94.00%, cost: 173.0
[2024-10-08 23:02:54,746][INFO] Step 67: size: 67, coverage: 94.50%, cost: 177.0
[2024-10-08 23:02:54,754][INFO] Step 68: size: 68, coverage: 95.50%, cost: 185.0
[2024-10-08 23:02:54,762][INFO] Step 69: size: 69, coverage: 96.00%, cost: 191.0
[2024-10-08 23:02:54,770][INFO] Step 70: size: 70, coverage: 97.00%, cost: 203.0
[2024-10-08 23:02:54,778][INFO] Step 71: size: 71, coverage: 97.50%, cost: 210.0
[2024-10-08 23:02:54,786][INFO] Step 72: size: 72, coverage: 98.00%, cost: 217.0
[2024-10-08 23:02:54,794][INFO] Step 73: size: 73, coverage: 98.50%, cost: 225.0
[2024-10-08 23:02:54,802][INFO] Step 74: size: 74, coverage: 99.00%, cost: 233.0
[2024-10-08 23:02:54,810][INFO] Step 75: size: 75, coverage: 99.50%, cost: 242.0
[2024-10-08 23:02:54,818][INFO] Step 76: size: 76, coverage: 100.00%, cost: 251.0
[2024-10-08 23:02:54,818][INFO] Solved solution used 4 random steps
[2024-10-08 23:02:54,820][INFO] Size: 76 -> 70
[2024-10-08 23:02:54,820][INFO] Cost: 251.0 -> 241.0
[2024-10-08 23:07:48,248][INFO] Step 1: size: 1, coverage: 5.00%, cost: 1.0
[2024-10-08 23:07:48,255][INFO] Step 2: size: 2, coverage: 9.50%, cost: 2.0
[2024-10-08 23:07:48,261][INFO] Step 3: size: 3, coverage: 11.50%, cost: 3.0
[2024-10-08 23:07:48,267][INFO] Step 4: size: 4, coverage: 13.50%, cost: 4.0
[2024-10-08 23:07:48,274][INFO] Step 5: size: 5, coverage: 15.50%, cost: 5.0
[2024-10-08 23:07:48,280][INFO] Step 6: size: 6, coverage: 17.50%, cost: 6.0
[2024-10-08 23:07:48,286][INFO] Step 7: size: 7, coverage: 19.50%, cost: 7.0
[2024-10-08 23:07:48,293][INFO] Step 8: size: 8, coverage: 23.00%, cost: 9.0
[2024-10-08 23:07:48,299][INFO] Step 9: size: 9, coverage: 24.50%, cost: 10.0
[2024-10-08 23:07:48,306][INFO] Step 10: size: 10, coverage: 26.00%, cost: 11.0
[2024-10-08 23:07:48,312][INFO] Step 11: size: 11, coverage: 27.50%, cost: 12.0
[2024-10-08 23:07:48,319][INFO] Step 12: size: 12, coverage: 29.00%, cost: 13.0
[2024-10-08 23:07:48,325][INFO] Step 13: size: 13, coverage: 30.50%, cost: 14.0
[2024-10-08 23:07:48,332][INFO] Step 14: size: 14, coverage: 32.00%, cost: 15.0
[2024-10-08 23:07:48,339][INFO] Step 15: size: 15, coverage: 33.00%, cost: 16.0
[2024-10-08 23:07:48,345][INFO] Step 16: size: 16, coverage: 34.00%, cost: 17.0
[2024-10-08 23:07:48,352][INFO] Step 17: size: 17, coverage: 35.00%, cost: 18.0
[2024-10-08 23:07:48,359][INFO] Step 18: size: 18, coverage: 36.00%, cost: 19.0
[2024-10-08 23:07:48,365][INFO] Step 19: size: 19, coverage: 38.00%, cost: 21.0
[2024-10-08 23:07:48,372][INFO] Step 20: size: 20, coverage: 40.00%, cost: 23.0
[2024-10-08 23:07:48,379][INFO] Step 21: size: 21, coverage: 42.00%, cost: 25.0
[2024-10-08 23:07:48,385][INFO] Step 22: size: 22, coverage: 44.00%, cost: 27.0
[2024-10-08 23:07:48,392][INFO] Step 23: size: 23, coverage: 46.00%, cost: 29.0
[2024-10-08 23:07:48,399][INFO] Step 24: size: 24, coverage: 49.00%, cost: 32.0
[2024-10-08 23:07:48,406][INFO] Step 25: size: 25, coverage: 50.50%, cost: 34.0
[2024-10-08 23:07:48,412][INFO] Step 26: size: 26, coverage: 52.00%, cost: 36.0
[2024-10-08 23:07:48,419][INFO] Step 27: size: 27, coverage: 53.50%, cost: 38.0
[2024-10-08 23:07:48,426][INFO] Step 28: size: 28, coverage: 55.00%, cost: 40.0
[2024-10-08 23:07:48,433][INFO] Step 29: size: 29, coverage: 56.50%, cost: 42.0
[2024-10-08 23:07:48,440][INFO] Step 30: size: 30, coverage: 58.00%, cost: 44.0
[2024-10-08 23:07:48,447][INFO] Step 31: size: 31, coverage: 60.50%, cost: 48.0
[2024-10-08 23:07:48,454][INFO] Step 32: size: 32, coverage: 61.00%, cost: 49.0
[2024-10-08 23:07:48,460][INFO] Step 33: size: 33, coverage: 61.50%, cost: 50.0
[2024-10-08 23:07:48,467][INFO] Step 34: size: 34, coverage: 62.50%, cost: 52.0
[2024-10-08 23:07:48,474][INFO] Step 35: size: 35, coverage: 63.50%, cost: 54.0
[2024-10-08 23:07:48,481][INFO] Step 36: size: 36, coverage: 64.00%, cost: 56.0
[2024-10-08 23:07:48,488][INFO] Step 37: size: 37, coverage: 65.50%, cost: 59.0
[2024-10-08 23:07:48,495][INFO] Step 38: size: 38, coverage: 67.00%, cost: 62.0
[2024-10-08 23:07:48,502][INFO] Step 39: size: 39, coverage: 69.00%, cost: 67.0
[2024-10-08 23:07:48,509][INFO] Step 40: size: 40, coverage: 70.50%, cost: 71.0
[2024-10-08 23:07:48,516][INFO] Step 41: size: 41, coverage: 72.00%, cost: 75.0
[2024-10-08 23:07:48,524][INFO] Step 42: size: 42, coverage: 73.50%, cost: 79.0
[2024-10-08 23:07:48,531][INFO] Step 43: size: 43, coverage: 74.50%, cost: 82.0
[2024-10-08 23:07:48,538][INFO] Step 44: size: 44, coverage: 75.50%, cost: 85.0
[2024-10-08 23:07:48,545][INFO] Step 45: size: 45, coverage: 76.50%, cost: 88.0
[2024-10-08 23:07:48,552][INFO] Step 46: size: 46, coverage: 77.50%, cost: 91.0
[2024-10-08 23:07:48,559][INFO] Step 47: size: 47, coverage: 79.50%, cost: 97.0
[2024-10-08 23:07:48,567][INFO] Step 48: size: 48, coverage: 81.50%, cost: 103.0
[2024-10-08 23:07:48,574][INFO] Step 49: size: 49, coverage: 82.00%, cost: 105.0
[2024-10-08 23:07:48,581][INFO] Step 50: size: 50, coverage: 82.50%, cost: 107.0
[2024-10-08 23:07:48,589][INFO] Step 51: size: 51, coverage: 83.00%, cost: 109.0
[2024-10-08 23:07:48,596][INFO] Step 52: size: 52, coverage: 83.50%, cost: 111.0
[2024-10-08 23:07:48,603][INFO] Step 53: size: 53, coverage: 84.00%, cost: 113.0
[2024-10-08 23:07:48,611][INFO] Step 54: size: 54, coverage: 84.50%, cost: 115.0
[2024-10-08 23:07:48,618][INFO] Step 55: size: 55, coverage: 85.50%, cost: 120.0
[2024-10-08 23:07:48,625][INFO] Step 56: size: 56, coverage: 86.50%, cost: 125.0
[2024-10-08 23:07:48,633][INFO] Step 57: size: 57, coverage: 87.00%, cost: 128.0
[2024-10-08 23:07:48,641][INFO] Step 58: size: 58, coverage: 87.50%, cost: 131.0
[2024-10-08 23:07:48,648][INFO] Step 59: size: 59, coverage: 88.00%, cost: 134.0
[2024-10-08 23:07:48,656][INFO] Step 60: size: 60, coverage: 88.50%, cost: 137.0
[2024-10-08 23:07:48,664][INFO] Step 61: size: 61, coverage: 89.00%, cost: 140.0
[2024-10-08 23:07:48,671][INFO] Step 62: size: 62, coverage: 90.00%, cost: 146.0
[2024-10-08 23:07:48,679][INFO] Step 63: size: 63, coverage: 91.50%, cost: 155.0
[2024-10-08 23:07:48,687][INFO] Step 64: size: 64, coverage: 92.50%, cost: 162.0
[2024-10-08 23:07:48,695][INFO] Step 65: size: 65, coverage: 93.50%, cost: 169.0
[2024-10-08 23:07:48,702][INFO] Step 66: size: 66, coverage: 94.00%, cost: 173.0
[2024-10-08 23:07:48,710][INFO] Step 67: size: 67, coverage: 94.50%, cost: 177.0
[2024-10-08 23:07:48,718][INFO] Step 68: size: 68, coverage: 95.50%, cost: 185.0
[2024-10-08 23:07:48,726][INFO] Step 69: size: 69, coverage: 96.00%, cost: 191.0
[2024-10-08 23:07:48,734][INFO] Step 70: size: 70, coverage: 97.00%, cost: 203.0
[2024-10-08 23:07:48,742][INFO] Step 71: size: 71, coverage: 97.50%, cost: 210.0
[2024-10-08 23:07:48,750][INFO] Step 72: size: 72, coverage: 98.00%, cost: 217.0
[2024-10-08 23:07:48,758][INFO] Step 73: size: 73, coverage: 98.50%, cost: 225.0
[2024-10-08 23:07:48,766][INFO] Step 74: size: 74, coverage: 99.00%, cost: 233.0
[2024-10-08 23:07:48,774][INFO] Step 75: size: 75, coverage: 99.50%, cost: 242.0
[2024-10-08 23:07:48,782][INFO] Step 76: size: 76, coverage: 100.00%, cost: 251.0
[2024-10-08 23:07:48,782][INFO] Solved solution used 4 random steps
[2024-10-08 23:07:48,784][INFO] Size: 76 -> 70
[2024-10-08 23:07:48,784][INFO] Cost: 251.0 -> 241.0
[2024-10-13 15:18:28,008][INFO] Step 1: size: 1, coverage: 5.50%, cost: 89.0
[2024-10-13 15:18:28,015][INFO] Step 2: size: 2, coverage: 10.50%, cost: 90.0
[2024-10-13 15:18:28,021][INFO] Step 3: size: 3, coverage: 15.50%, cost: 97.0
[2024-10-13 15:18:28,028][INFO] Step 4: size: 4, coverage: 20.00%, cost: 98.0
[2024-10-13 15:18:28,034][INFO] Step 5: size: 5, coverage: 24.50%, cost: 109.0
[2024-10-13 15:18:28,040][INFO] Step 6: size: 6, coverage: 29.00%, cost: 146.0
[2024-10-13 15:18:28,047][INFO] Step 7: size: 7, coverage: 33.00%, cost: 188.0
[2024-10-13 15:18:28,053][INFO] Step 8: size: 8, coverage: 37.00%, cost: 276.0
[2024-10-13 15:18:28,060][INFO] Step 9: size: 9, coverage: 40.50%, cost: 278.0
[2024-10-13 15:18:28,066][INFO] Step 10: size: 10, coverage: 44.00%, cost: 327.0
[2024-10-13 15:18:28,073][INFO] Step 11: size: 11, coverage: 47.50%, cost: 384.0
[2024-10-13 15:18:28,079][INFO] Step 12: size: 12, coverage: 51.00%, cost: 442.0
[2024-10-13 15:18:28,085][INFO] Step 13: size: 13, coverage: 54.50%, cost: 504.0
[2024-10-13 15:18:28,092][INFO] Step 14: size: 14, coverage: 57.50%, cost: 530.0
[2024-10-13 15:18:28,099][INFO] Step 15: size: 15, coverage: 60.50%, cost: 559.0
[2024-10-13 15:18:28,105][INFO] Step 16: size: 16, coverage: 63.50%, cost: 635.0
[2024-10-13 15:18:28,112][INFO] Step 17: size: 17, coverage: 66.50%, cost: 725.0
[2024-10-13 15:18:28,118][INFO] Step 18: size: 18, coverage: 69.00%, cost: 732.0
[2024-10-13 15:18:28,125][INFO] Step 19: size: 19, coverage: 71.50%, cost: 740.0
[2024-10-13 15:18:28,132][INFO] Step 20: size: 20, coverage: 74.00%, cost: 814.0
[2024-10-13 15:18:28,139][INFO] Step 21: size: 21, coverage: 76.00%, cost: 818.0
[2024-10-13 15:18:28,145][INFO] Step 22: size: 22, coverage: 78.00%, cost: 845.0
[2024-10-13 15:18:28,152][INFO] Step 23: size: 23, coverage: 80.00%, cost: 876.0
[2024-10-13 15:18:28,159][INFO] Step 24: size: 24, coverage: 82.00%, cost: 909.0
[2024-10-13 15:18:28,166][INFO] Step 25: size: 25, coverage: 84.00%, cost: 954.0
[2024-10-13 15:18:28,173][INFO] Step 26: size: 26, coverage: 86.00%, cost: 1053.0
[2024-10-13 15:18:28,180][INFO] Step 27: size: 27, coverage: 87.50%, cost: 1056.0
[2024-10-13 15:18:28,187][INFO] Step 28: size: 28, coverage: 89.00%, cost: 1076.0
[2024-10-13 15:18:28,194][INFO] Step 29: size: 29, coverage: 90.50%, cost: 1103.0
[2024-10-13 15:18:28,201][INFO] Step 30: size: 30, coverage: 91.50%, cost: 1104.0
[2024-10-13 15:18:28,209][INFO] Step 31: size: 31, coverage: 92.50%, cost: 1106.0
[2024-10-13 15:18:28,216][INFO] Step 32: size: 32, coverage: 93.50%, cost: 1111.0
[2024-10-13 15:18:28,223][INFO] Step 33: size: 33, coverage: 94.50%, cost: 1117.0
[2024-10-13 15:18:28,230][INFO] Step 34: size: 34, coverage: 95.50%, cost: 1123.0
[2024-10-13 15:18:28,239][INFO] Step 35: size: 35, coverage: 96.50%, cost: 1133.0
[2024-10-13 15:18:28,246][INFO] Step 36: size: 36, coverage: 97.50%, cost: 1162.0
[2024-10-13 15:18:28,253][INFO] Step 37: size: 37, coverage: 98.50%, cost: 1206.0
[2024-10-13 15:18:28,260][INFO] Step 38: size: 38, coverage: 99.00%, cost: 1207.0
[2024-10-13 15:18:28,269][INFO] Step 39: size: 39, coverage: 99.50%, cost: 1210.0
[2024-10-13 15:18:28,276][INFO] Step 40: size: 40, coverage: 100.00%, cost: 1216.0
[2024-10-13 15:18:28,277][INFO] Size: 40 -> 40
[2024-10-13 15:18:28,277][INFO] Cost: 1216.0 -> 1216.0
[2024-10-13 15:39:44,487][INFO] Step 1: size: 1, coverage: 5.00%, cost: 1.0
[2024-10-13 15:39:44,493][INFO] Step 2: size: 2, coverage: 9.50%, cost: 2.0
[2024-10-13 15:39:44,500][INFO] Step 3: size: 3, coverage: 11.50%, cost: 3.0
[2024-10-13 15:39:44,506][INFO] Step 4: size: 4, coverage: 13.50%, cost: 16.0
[2024-10-13 15:39:44,512][INFO] Step 5: size: 5, coverage: 15.50%, cost: 17.0
[2024-10-13 15:39:44,519][INFO] Step 6: size: 6, coverage: 16.50%, cost: 111.0
[2024-10-13 15:39:44,525][INFO] Step 7: size: 7, coverage: 18.00%, cost: 173.0
[2024-10-13 15:39:44,532][INFO] Step 8: size: 8, coverage: 20.00%, cost: 174.0
[2024-10-13 15:39:44,538][INFO] Step 9: size: 9, coverage: 22.00%, cost: 175.0
[2024-10-13 15:39:44,545][INFO] Step 10: size: 10, coverage: 23.50%, cost: 252.0
[2024-10-13 15:39:44,551][INFO] Step 11: size: 11, coverage: 24.50%, cost: 262.0
[2024-10-13 15:39:44,558][INFO] Step 12: size: 12, coverage: 28.00%, cost: 264.0
[2024-10-13 15:39:44,565][INFO] Step 13: size: 13, coverage: 28.50%, cost: 285.0
[2024-10-13 15:39:44,571][INFO] Step 14: size: 14, coverage: 30.00%, cost: 286.0
[2024-10-13 15:39:44,578][INFO] Step 15: size: 15, coverage: 31.50%, cost: 287.0
[2024-10-13 15:39:44,585][INFO] Step 16: size: 16, coverage: 33.00%, cost: 288.0
[2024-10-13 15:39:44,591][INFO] Step 17: size: 17, coverage: 34.50%, cost: 289.0
[2024-10-13 15:39:44,598][INFO] Step 18: size: 18, coverage: 36.00%, cost: 376.0
[2024-10-13 15:39:44,605][INFO] Step 19: size: 19, coverage: 37.50%, cost: 377.0
[2024-10-13 15:39:44,612][INFO] Step 20: size: 20, coverage: 39.00%, cost: 378.0
[2024-10-13 15:39:44,618][INFO] Step 21: size: 21, coverage: 41.50%, cost: 380.0
[2024-10-13 15:39:44,625][INFO] Step 22: size: 22, coverage: 42.50%, cost: 381.0
[2024-10-13 15:39:44,632][INFO] Step 23: size: 23, coverage: 43.50%, cost: 382.0
[2024-10-13 15:39:44,639][INFO] Step 24: size: 24, coverage: 45.00%, cost: 465.0
[2024-10-13 15:39:44,646][INFO] Step 25: size: 25, coverage: 46.00%, cost: 466.0
[2024-10-13 15:39:44,653][INFO] Step 26: size: 26, coverage: 48.00%, cost: 468.0
[2024-10-13 15:39:44,660][INFO] Step 27: size: 27, coverage: 50.00%, cost: 470.0
[2024-10-13 15:39:44,667][INFO] Step 28: size: 28, coverage: 52.00%, cost: 472.0
[2024-10-13 15:39:44,674][INFO] Step 29: size: 29, coverage: 54.50%, cost: 475.0
[2024-10-13 15:39:44,681][INFO] Step 30: size: 30, coverage: 56.00%, cost: 477.0
[2024-10-13 15:39:44,688][INFO] Step 31: size: 31, coverage: 57.50%, cost: 576.0
[2024-10-13 15:39:44,695][INFO] Step 32: size: 32, coverage: 59.00%, cost: 578.0
[2024-10-13 15:39:44,702][INFO] Step 33: size: 33, coverage: 59.50%, cost: 677.0
[2024-10-13 15:39:44,709][INFO] Step 34: size: 34, coverage: 61.00%, cost: 679.0
[2024-10-13 15:39:44,716][INFO] Step 35: size: 35, coverage: 64.00%, cost: 684.0
[2024-10-13 15:39:44,723][INFO] Step 36: size: 36, coverage: 64.50%, cost: 685.0
[2024-10-13 15:39:44,730][INFO] Step 37: size: 37, coverage: 65.00%, cost: 686.0
[2024-10-13 15:39:44,738][INFO] Step 38: size: 38, coverage: 65.50%, cost: 687.0
[2024-10-13 15:39:44,745][INFO] Step 39: size: 39, coverage: 66.00%, cost: 688.0
[2024-10-13 15:39:44,752][INFO] Step 40: size: 40, coverage: 67.00%, cost: 690.0
[2024-10-13 15:39:44,760][INFO] Step 41: size: 41, coverage: 68.00%, cost: 692.0
[2024-10-13 15:39:44,767][INFO] Step 42: size: 42, coverage: 69.00%, cost: 694.0
[2024-10-13 15:39:44,774][INFO] Step 43: size: 43, coverage: 70.50%, cost: 697.0
[2024-10-13 15:39:44,782][INFO] Step 44: size: 44, coverage: 72.50%, cost: 701.0
[2024-10-13 15:39:44,789][INFO] Step 45: size: 45, coverage: 74.00%, cost: 705.0
[2024-10-13 15:39:44,797][INFO] Step 46: size: 46, coverage: 75.00%, cost: 708.0
[2024-10-13 15:39:44,804][INFO] Step 47: size: 47, coverage: 76.00%, cost: 711.0
[2024-10-13 15:39:44,812][INFO] Step 48: size: 48, coverage: 77.00%, cost: 714.0
[2024-10-13 15:39:44,819][INFO] Step 49: size: 49, coverage: 78.00%, cost: 717.0
[2024-10-13 15:39:44,827][INFO] Step 50: size: 50, coverage: 80.00%, cost: 723.0
[2024-10-13 15:39:44,834][INFO] Step 51: size: 51, coverage: 82.00%, cost: 730.0
[2024-10-13 15:39:44,842][INFO] Step 52: size: 52, coverage: 82.50%, cost: 741.0
[2024-10-13 15:39:44,849][INFO] Step 53: size: 53, coverage: 83.00%, cost: 793.0
[2024-10-13 15:39:44,857][INFO] Step 54: size: 54, coverage: 83.50%, cost: 795.0
[2024-10-13 15:39:44,865][INFO] Step 55: size: 55, coverage: 84.00%, cost: 870.0
[2024-10-13 15:39:44,873][INFO] Step 56: size: 56, coverage: 84.50%, cost: 872.0
[2024-10-13 15:39:44,880][INFO] Step 57: size: 57, coverage: 85.00%, cost: 874.0
[2024-10-13 15:39:44,888][INFO] Step 58: size: 58, coverage: 85.50%, cost: 929.0
[2024-10-13 15:39:44,896][INFO] Step 59: size: 59, coverage: 86.00%, cost: 931.0
[2024-10-13 15:39:44,904][INFO] Step 60: size: 60, coverage: 86.50%, cost: 933.0
[2024-10-13 15:39:44,912][INFO] Step 61: size: 61, coverage: 87.00%, cost: 935.0
[2024-10-13 15:39:44,920][INFO] Step 62: size: 62, coverage: 87.50%, cost: 1021.0
[2024-10-13 15:39:44,928][INFO] Step 63: size: 63, coverage: 88.50%, cost: 1025.0
[2024-10-13 15:39:44,936][INFO] Step 64: size: 64, coverage: 89.50%, cost: 1030.0
[2024-10-13 15:39:44,944][INFO] Step 65: size: 65, coverage: 90.00%, cost: 1033.0
[2024-10-13 15:39:44,952][INFO] Step 66: size: 66, coverage: 90.50%, cost: 1036.0
[2024-10-13 15:39:44,961][INFO] Step 67: size: 67, coverage: 91.50%, cost: 1102.0
[2024-10-13 15:39:44,969][INFO] Step 68: size: 68, coverage: 92.00%, cost: 1105.0
[2024-10-13 15:39:44,977][INFO] Step 69: size: 69, coverage: 92.50%, cost: 1108.0
[2024-10-13 15:39:44,985][INFO] Step 70: size: 70, coverage: 93.00%, cost: 1115.0
[2024-10-13 15:39:44,994][INFO] Step 71: size: 71, coverage: 93.50%, cost: 1118.0
[2024-10-13 15:39:45,002][INFO] Step 72: size: 72, coverage: 94.00%, cost: 1121.0
[2024-10-13 15:39:45,010][INFO] Step 73: size: 73, coverage: 95.00%, cost: 1127.0
[2024-10-13 15:39:45,019][INFO] Step 74: size: 74, coverage: 95.50%, cost: 1131.0
[2024-10-13 15:39:45,027][INFO] Step 75: size: 75, coverage: 96.00%, cost: 1191.0
[2024-10-13 15:39:45,036][INFO] Step 76: size: 76, coverage: 96.50%, cost: 1195.0
[2024-10-13 15:39:45,044][INFO] Step 77: size: 77, coverage: 97.00%, cost: 1199.0
[2024-10-13 15:39:45,053][INFO] Step 78: size: 78, coverage: 97.50%, cost: 1204.0
[2024-10-13 15:39:45,062][INFO] Step 79: size: 79, coverage: 98.00%, cost: 1210.0
[2024-10-13 15:39:45,070][INFO] Step 80: size: 80, coverage: 98.50%, cost: 1295.0
[2024-10-13 15:39:45,079][INFO] Step 81: size: 81, coverage: 99.00%, cost: 1346.0
[2024-10-13 15:39:45,088][INFO] Step 82: size: 82, coverage: 99.50%, cost: 1352.0
[2024-10-13 15:39:45,097][INFO] Step 83: size: 83, coverage: 100.00%, cost: 1360.0
[2024-10-13 15:39:45,097][INFO] Solved solution used 20 random steps
[2024-10-13 15:39:45,099][INFO] Size: 83 -> 78
[2024-10-13 15:39:45,099][INFO] Cost: 1360.0 -> 1354.0
[2024-10-13 15:58:30,235][INFO] Step 1: size: 1, coverage: 5.00%, cost: 1.0
[2024-10-13 15:58:30,249][INFO] Step 2: size: 2, coverage: 9.50%, cost: 2.0
[2024-10-13 15:58:30,264][INFO] Step 3: size: 3, coverage: 11.50%, cost: 3.0
[2024-10-13 15:58:30,283][INFO] Step 4: size: 4, coverage: 13.50%, cost: 4.0
[2024-10-13 15:58:30,299][INFO] Step 5: size: 5, coverage: 15.50%, cost: 5.0
[2024-10-13 15:58:30,306][INFO] Step 6: size: 6, coverage: 17.50%, cost: 6.0
[2024-10-13 15:58:30,312][INFO] Step 7: size: 7, coverage: 19.50%, cost: 7.0
[2024-10-13 15:58:30,319][INFO] Step 8: size: 8, coverage: 23.00%, cost: 9.0
[2024-10-13 15:58:30,326][INFO] Step 9: size: 9, coverage: 24.50%, cost: 10.0
[2024-10-13 15:58:30,333][INFO] Step 10: size: 10, coverage: 26.00%, cost: 11.0
[2024-10-13 15:58:30,339][INFO] Step 11: size: 11, coverage: 27.50%, cost: 12.0
[2024-10-13 15:58:30,346][INFO] Step 12: size: 12, coverage: 29.00%, cost: 13.0
[2024-10-13 15:58:30,353][INFO] Step 13: size: 13, coverage: 30.50%, cost: 14.0
[2024-10-13 15:58:30,361][INFO] Step 14: size: 14, coverage: 32.00%, cost: 15.0
[2024-10-13 15:58:30,368][INFO] Step 15: size: 15, coverage: 33.00%, cost: 16.0
[2024-10-13 15:58:30,374][INFO] Step 16: size: 16, coverage: 34.00%, cost: 17.0
[2024-10-13 15:58:30,381][INFO] Step 17: size: 17, coverage: 35.00%, cost: 18.0
[2024-10-13 15:58:30,388][INFO] Step 18: size: 18, coverage: 36.00%, cost: 19.0
[2024-10-13 15:58:30,394][INFO] Step 19: size: 19, coverage: 38.00%, cost: 21.0
[2024-10-13 15:58:30,401][INFO] Step 20: size: 20, coverage: 40.00%, cost: 23.0
[2024-10-13 15:58:30,408][INFO] Step 21: size: 21, coverage: 42.00%, cost: 25.0
[2024-10-13 15:58:30,415][INFO] Step 22: size: 22, coverage: 44.00%, cost: 27.0
[2024-10-13 15:58:30,422][INFO] Step 23: size: 23, coverage: 46.00%, cost: 29.0
[2024-10-13 15:58:30,429][INFO] Step 24: size: 24, coverage: 49.00%, cost: 32.0
[2024-10-13 15:58:30,436][INFO] Step 25: size: 25, coverage: 50.50%, cost: 34.0
[2024-10-13 15:58:30,443][INFO] Step 26: size: 26, coverage: 52.00%, cost: 36.0
[2024-10-13 15:58:30,451][INFO] Step 27: size: 27, coverage: 53.50%, cost: 38.0
[2024-10-13 15:58:30,459][INFO] Step 28: size: 28, coverage: 55.00%, cost: 40.0
[2024-10-13 15:58:30,466][INFO] Step 29: size: 29, coverage: 56.00%, cost: 83.0
[2024-10-13 15:58:30,472][INFO] Step 30: size: 30, coverage: 57.50%, cost: 85.0
[2024-10-13 15:58:30,481][INFO] Step 31: size: 31, coverage: 59.00%, cost: 87.0
[2024-10-13 15:58:30,488][INFO] Step 32: size: 32, coverage: 61.50%, cost: 91.0
[2024-10-13 15:58:30,495][INFO] Step 33: size: 33, coverage: 62.00%, cost: 92.0
[2024-10-13 15:58:30,502][INFO] Step 34: size: 34, coverage: 62.50%, cost: 93.0
[2024-10-13 15:58:30,509][INFO] Step 35: size: 35, coverage: 63.50%, cost: 95.0
[2024-10-13 15:58:30,517][INFO] Step 36: size: 36, coverage: 65.00%, cost: 98.0
[2024-10-13 15:58:30,524][INFO] Step 37: size: 37, coverage: 66.50%, cost: 101.0
[2024-10-13 15:58:30,532][INFO] Step 38: size: 38, coverage: 68.50%, cost: 106.0
[2024-10-13 15:58:30,539][INFO] Step 39: size: 39, coverage: 70.00%, cost: 110.0
[2024-10-13 15:58:30,546][INFO] Step 40: size: 40, coverage: 71.50%, cost: 114.0
[2024-10-13 15:58:30,554][INFO] Step 41: size: 41, coverage: 73.00%, cost: 118.0
[2024-10-13 15:58:30,561][INFO] Step 42: size: 42, coverage: 75.50%, cost: 125.0
[2024-10-13 15:58:30,568][INFO] Step 43: size: 43, coverage: 76.50%, cost: 128.0
[2024-10-13 15:58:30,576][INFO] Step 44: size: 44, coverage: 77.50%, cost: 223.0
[2024-10-13 15:58:30,583][INFO] Step 45: size: 45, coverage: 78.50%, cost: 226.0
[2024-10-13 15:58:30,591][INFO] Step 46: size: 46, coverage: 80.50%, cost: 232.0
[2024-10-13 15:58:30,598][INFO] Step 47: size: 47, coverage: 82.00%, cost: 237.0
[2024-10-13 15:58:30,606][INFO] Step 48: size: 48, coverage: 82.50%, cost: 239.0
[2024-10-13 15:58:30,613][INFO] Step 49: size: 49, coverage: 83.00%, cost: 241.0
[2024-10-13 15:58:30,621][INFO] Step 50: size: 50, coverage: 83.50%, cost: 243.0
[2024-10-13 15:58:30,629][INFO] Step 51: size: 51, coverage: 84.00%, cost: 245.0
[2024-10-13 15:58:30,636][INFO] Step 52: size: 52, coverage: 84.50%, cost: 247.0
[2024-10-13 15:58:30,644][INFO] Step 53: size: 53, coverage: 85.00%, cost: 249.0
[2024-10-13 15:58:30,651][INFO] Step 54: size: 54, coverage: 85.50%, cost: 252.0
[2024-10-13 15:58:30,659][INFO] Step 55: size: 55, coverage: 86.00%, cost: 255.0
[2024-10-13 15:58:30,667][INFO] Step 56: size: 56, coverage: 86.50%, cost: 258.0
[2024-10-13 15:58:30,674][INFO] Step 57: size: 57, coverage: 87.00%, cost: 261.0
[2024-10-13 15:58:30,682][INFO] Step 58: size: 58, coverage: 87.50%, cost: 264.0
[2024-10-13 15:58:30,690][INFO] Step 59: size: 59, coverage: 88.00%, cost: 267.0
[2024-10-13 15:58:30,697][INFO] Step 60: size: 60, coverage: 88.50%, cost: 287.0
[2024-10-13 15:58:30,706][INFO] Step 61: size: 61, coverage: 89.00%, cost: 290.0
[2024-10-13 15:58:30,714][INFO] Step 62: size: 62, coverage: 89.50%, cost: 293.0
[2024-10-13 15:58:30,722][INFO] Step 63: size: 63, coverage: 91.00%, cost: 302.0
[2024-10-13 15:58:30,731][INFO] Step 64: size: 64, coverage: 92.00%, cost: 309.0
[2024-10-13 15:58:30,739][INFO] Step 65: size: 65, coverage: 93.00%, cost: 316.0
[2024-10-13 15:58:30,747][INFO] Step 66: size: 66, coverage: 93.50%, cost: 361.0
[2024-10-13 15:58:30,755][INFO] Step 67: size: 67, coverage: 94.00%, cost: 365.0
[2024-10-13 15:58:30,763][INFO] Step 68: size: 68, coverage: 95.00%, cost: 373.0
[2024-10-13 15:58:30,771][INFO] Step 69: size: 69, coverage: 95.50%, cost: 379.0
[2024-10-13 15:58:30,779][INFO] Step 70: size: 70, coverage: 96.00%, cost: 385.0
[2024-10-13 15:58:30,787][INFO] Step 71: size: 71, coverage: 97.00%, cost: 397.0
[2024-10-13 15:58:30,795][INFO] Step 72: size: 72, coverage: 97.50%, cost: 404.0
[2024-10-13 15:58:30,804][INFO] Step 73: size: 73, coverage: 98.00%, cost: 411.0
[2024-10-13 15:58:30,812][INFO] Step 74: size: 74, coverage: 98.50%, cost: 419.0
[2024-10-13 15:58:30,821][INFO] Step 75: size: 75, coverage: 99.00%, cost: 427.0
[2024-10-13 15:58:30,829][INFO] Step 76: size: 76, coverage: 99.50%, cost: 436.0
[2024-10-13 15:58:30,838][INFO] Step 77: size: 77, coverage: 100.00%, cost: 445.0
[2024-10-13 15:58:30,838][INFO] Solved solution used 4 random steps
[2024-10-13 15:58:30,839][INFO] Size: 77 -> 67
[2024-10-13 15:58:30,839][INFO] Cost: 445.0 -> 429.0
[2024-10-13 16:04:29,131][INFO] Step 1: size: 1, coverage: 5.00%, cost: 1.0
[2024-10-13 16:04:29,137][INFO] Step 2: size: 2, coverage: 9.50%, cost: 2.0
[2024-10-13 16:04:29,144][INFO] Step 3: size: 3, coverage: 11.50%, cost: 3.0
[2024-10-13 16:04:29,150][INFO] Step 4: size: 4, coverage: 13.50%, cost: 4.0
[2024-10-13 16:04:29,157][INFO] Step 5: size: 5, coverage: 15.50%, cost: 5.0
[2024-10-13 16:04:29,164][INFO] Step 6: size: 6, coverage: 17.50%, cost: 6.0
[2024-10-13 16:04:29,170][INFO] Step 7: size: 7, coverage: 19.50%, cost: 7.0
[2024-10-13 16:04:29,177][INFO] Step 8: size: 8, coverage: 23.00%, cost: 9.0
[2024-10-13 16:04:29,184][INFO] Step 9: size: 9, coverage: 24.50%, cost: 10.0
[2024-10-13 16:04:29,191][INFO] Step 10: size: 10, coverage: 26.00%, cost: 11.0
[2024-10-13 16:04:29,197][INFO] Step 11: size: 11, coverage: 27.50%, cost: 12.0
[2024-10-13 16:04:29,204][INFO] Step 12: size: 12, coverage: 29.00%, cost: 13.0
[2024-10-13 16:04:29,211][INFO] Step 13: size: 13, coverage: 30.50%, cost: 14.0
[2024-10-13 16:04:29,218][INFO] Step 14: size: 14, coverage: 32.00%, cost: 15.0
[2024-10-13 16:04:29,225][INFO] Step 15: size: 15, coverage: 33.00%, cost: 16.0
[2024-10-13 16:04:29,232][INFO] Step 16: size: 16, coverage: 34.00%, cost: 17.0
[2024-10-13 16:04:29,239][INFO] Step 17: size: 17, coverage: 35.00%, cost: 18.0
[2024-10-13 16:04:29,246][INFO] Step 18: size: 18, coverage: 36.00%, cost: 19.0
[2024-10-13 16:04:29,252][INFO] Step 19: size: 19, coverage: 38.00%, cost: 21.0
[2024-10-13 16:04:29,259][INFO] Step 20: size: 20, coverage: 40.00%, cost: 23.0
[2024-10-13 16:04:29,266][INFO] Step 21: size: 21, coverage: 42.00%, cost: 25.0
[2024-10-13 16:04:29,273][INFO] Step 22: size: 22, coverage: 44.00%, cost: 27.0
[2024-10-13 16:04:29,280][INFO] Step 23: size: 23, coverage: 46.00%, cost: 29.0
[2024-10-13 16:04:29,287][INFO] Step 24: size: 24, coverage: 49.00%, cost: 32.0
[2024-10-13 16:04:29,294][INFO] Step 25: size: 25, coverage: 50.50%, cost: 34.0
[2024-10-13 16:04:29,301][INFO] Step 26: size: 26, coverage: 52.00%, cost: 36.0
[2024-10-13 16:04:29,308][INFO] Step 27: size: 27, coverage: 53.50%, cost: 38.0
[2024-10-13 16:04:29,315][INFO] Step 28: size: 28, coverage: 55.00%, cost: 40.0
[2024-10-13 16:04:29,322][INFO] Step 29: size: 29, coverage: 56.50%, cost: 42.0
[2024-10-13 16:04:29,329][INFO] Step 30: size: 30, coverage: 58.00%, cost: 44.0
[2024-10-13 16:04:29,336][INFO] Step 31: size: 31, coverage: 60.50%, cost: 48.0
[2024-10-13 16:04:29,343][INFO] Step 32: size: 32, coverage: 61.00%, cost: 49.0
[2024-10-13 16:04:29,350][INFO] Step 33: size: 33, coverage: 61.50%, cost: 50.0
[2024-10-13 16:04:29,357][INFO] Step 34: size: 34, coverage: 62.50%, cost: 52.0
[2024-10-13 16:04:29,364][INFO] Step 35: size: 35, coverage: 63.50%, cost: 54.0
[2024-10-13 16:04:29,372][INFO] Step 36: size: 36, coverage: 64.00%, cost: 56.0
[2024-10-13 16:04:29,379][INFO] Step 37: size: 37, coverage: 65.50%, cost: 59.0
[2024-10-13 16:04:29,386][INFO] Step 38: size: 38, coverage: 67.00%, cost: 62.0
[2024-10-13 16:04:29,393][INFO] Step 39: size: 39, coverage: 69.00%, cost: 67.0
[2024-10-13 16:04:29,401][INFO] Step 40: size: 40, coverage: 70.50%, cost: 71.0
[2024-10-13 16:04:29,408][INFO] Step 41: size: 41, coverage: 72.00%, cost: 75.0
[2024-10-13 16:04:29,415][INFO] Step 42: size: 42, coverage: 73.50%, cost: 79.0
[2024-10-13 16:04:29,423][INFO] Step 43: size: 43, coverage: 74.50%, cost: 82.0
[2024-10-13 16:04:29,430][INFO] Step 44: size: 44, coverage: 75.50%, cost: 85.0
[2024-10-13 16:04:29,437][INFO] Step 45: size: 45, coverage: 76.50%, cost: 88.0
[2024-10-13 16:04:29,445][INFO] Step 46: size: 46, coverage: 77.50%, cost: 91.0
[2024-10-13 16:04:29,452][INFO] Step 47: size: 47, coverage: 79.50%, cost: 97.0
[2024-10-13 16:04:29,460][INFO] Step 48: size: 48, coverage: 81.50%, cost: 103.0
[2024-10-13 16:04:29,467][INFO] Step 49: size: 49, coverage: 82.00%, cost: 105.0
[2024-10-13 16:04:29,475][INFO] Step 50: size: 50, coverage: 82.50%, cost: 107.0
[2024-10-13 16:04:29,482][INFO] Step 51: size: 51, coverage: 83.00%, cost: 109.0
[2024-10-13 16:04:29,490][INFO] Step 52: size: 52, coverage: 83.50%, cost: 111.0
[2024-10-13 16:04:29,497][INFO] Step 53: size: 53, coverage: 84.00%, cost: 113.0
[2024-10-13 16:04:29,505][INFO] Step 54: size: 54, coverage: 84.50%, cost: 115.0
[2024-10-13 16:04:29,513][INFO] Step 55: size: 55, coverage: 85.50%, cost: 120.0
[2024-10-13 16:04:29,520][INFO] Step 56: size: 56, coverage: 86.50%, cost: 125.0
[2024-10-13 16:04:29,528][INFO] Step 57: size: 57, coverage: 87.00%, cost: 128.0
[2024-10-13 16:04:29,536][INFO] Step 58: size: 58, coverage: 87.50%, cost: 131.0
[2024-10-13 16:04:29,544][INFO] Step 59: size: 59, coverage: 88.00%, cost: 134.0
[2024-10-13 16:04:29,551][INFO] Step 60: size: 60, coverage: 88.50%, cost: 137.0
[2024-10-13 16:04:29,559][INFO] Step 61: size: 61, coverage: 89.00%, cost: 140.0
[2024-10-13 16:04:29,567][INFO] Step 62: size: 62, coverage: 90.00%, cost: 146.0
[2024-10-13 16:04:29,575][INFO] Step 63: size: 63, coverage: 91.50%, cost: 155.0
[2024-10-13 16:04:29,583][INFO] Step 64: size: 64, coverage: 92.50%, cost: 162.0
[2024-10-13 16:04:29,591][INFO] Step 65: size: 65, coverage: 93.50%, cost: 169.0
[2024-10-13 16:04:29,599][INFO] Step 66: size: 66, coverage: 94.00%, cost: 173.0
[2024-10-13 16:04:29,607][INFO] Step 67: size: 67, coverage: 94.50%, cost: 177.0
[2024-10-13 16:04:29,615][INFO] Step 68: size: 68, coverage: 95.50%, cost: 185.0
[2024-10-13 16:04:29,623][INFO] Step 69: size: 69, coverage: 96.00%, cost: 191.0
[2024-10-13 16:04:29,632][INFO] Step 70: size: 70, coverage: 97.00%, cost: 203.0
[2024-10-13 16:04:29,640][INFO] Step 71: size: 71, coverage: 97.50%, cost: 210.0
[2024-10-13 16:04:29,648][INFO] Step 72: size: 72, coverage: 98.00%, cost: 217.0
[2024-10-13 16:04:29,656][INFO] Step 73: size: 73, coverage: 98.50%, cost: 225.0
[2024-10-13 16:04:29,665][INFO] Step 74: size: 74, coverage: 99.00%, cost: 233.0
[2024-10-13 16:04:29,673][INFO] Step 75: size: 75, coverage: 99.50%, cost: 242.0
[2024-10-13 16:04:29,681][INFO] Step 76: size: 76, coverage: 100.00%, cost: 251.0
[2024-10-13 16:04:29,681][INFO] Solved solution used 4 random steps
[2024-10-13 16:04:29,683][INFO] Size: 76 -> 70
[2024-10-13 16:04:29,683][INFO] Cost: 251.0 -> 241.0
[2024-10-13 16:10:01,657][INFO] Step 1: size: 1, coverage: 5.00%, cost: 1.0
[2024-10-13 16:10:01,664][INFO] Step 2: size: 2, coverage: 9.50%, cost: 2.0
[2024-10-13 16:10:01,670][INFO] Step 3: size: 3, coverage: 11.50%, cost: 3.0
[2024-10-13 16:10:01,676][INFO] Step 4: size: 4, coverage: 13.50%, cost: 4.0
[2024-10-13 16:10:01,683][INFO] Step 5: size: 5, coverage: 15.50%, cost: 5.0
[2024-10-13 16:10:01,689][INFO] Step 6: size: 6, coverage: 17.50%, cost: 6.0
[2024-10-13 16:10:01,695][INFO] Step 7: size: 7, coverage: 19.50%, cost: 7.0
[2024-10-13 16:10:01,702][INFO] Step 8: size: 8, coverage: 23.00%, cost: 9.0
[2024-10-13 16:10:01,708][INFO] Step 9: size: 9, coverage: 24.50%, cost: 10.0
[2024-10-13 16:10:01,715][INFO] Step 10: size: 10, coverage: 26.00%, cost: 11.0
[2024-10-13 16:10:01,721][INFO] Step 11: size: 11, coverage: 27.50%, cost: 12.0
[2024-10-13 16:10:01,728][INFO] Step 12: size: 12, coverage: 29.00%, cost: 13.0
[2024-10-13 16:10:01,734][INFO] Step 13: size: 13, coverage: 30.50%, cost: 14.0
[2024-10-13 16:10:01,741][INFO] Step 14: size: 14, coverage: 32.00%, cost: 15.0
[2024-10-13 16:10:01,748][INFO] Step 15: size: 15, coverage: 33.00%, cost: 16.0
[2024-10-13 16:10:01,754][INFO] Step 16: size: 16, coverage: 34.00%, cost: 17.0
[2024-10-13 16:10:01,761][INFO] Step 17: size: 17, coverage: 35.00%, cost: 18.0
[2024-10-13 16:10:01,768][INFO] Step 18: size: 18, coverage: 36.00%, cost: 19.0
[2024-10-13 16:10:01,774][INFO] Step 19: size: 19, coverage: 38.00%, cost: 21.0
[2024-10-13 16:10:01,781][INFO] Step 20: size: 20, coverage: 40.00%, cost: 23.0
[2024-10-13 16:10:01,788][INFO] Step 21: size: 21, coverage: 42.00%, cost: 25.0
[2024-10-13 16:10:01,794][INFO] Step 22: size: 22, coverage: 44.00%, cost: 27.0
[2024-10-13 16:10:01,801][INFO] Step 23: size: 23, coverage: 46.00%, cost: 29.0
[2024-10-13 16:10:01,808][INFO] Step 24: size: 24, coverage: 49.00%, cost: 32.0
[2024-10-13 16:10:01,814][INFO] Step 25: size: 25, coverage: 50.50%, cost: 34.0
[2024-10-13 16:10:01,821][INFO] Step 26: size: 26, coverage: 52.00%, cost: 36.0
[2024-10-13 16:10:01,828][INFO] Step 27: size: 27, coverage: 53.50%, cost: 38.0
[2024-10-13 16:10:01,835][INFO] Step 28: size: 28, coverage: 55.00%, cost: 40.0
[2024-10-13 16:10:01,841][INFO] Step 29: size: 29, coverage: 56.50%, cost: 42.0
[2024-10-13 16:10:01,848][INFO] Step 30: size: 30, coverage: 58.00%, cost: 44.0
[2024-10-13 16:10:01,855][INFO] Step 31: size: 31, coverage: 60.50%, cost: 48.0
[2024-10-13 16:10:01,862][INFO] Step 32: size: 32, coverage: 61.00%, cost: 49.0
[2024-10-13 16:10:01,869][INFO] Step 33: size: 33, coverage: 61.50%, cost: 50.0
[2024-10-13 16:10:01,875][INFO] Step 34: size: 34, coverage: 62.50%, cost: 52.0
[2024-10-13 16:10:01,882][INFO] Step 35: size: 35, coverage: 63.50%, cost: 54.0
[2024-10-13 16:10:01,889][INFO] Step 36: size: 36, coverage: 64.00%, cost: 56.0
[2024-10-13 16:10:01,896][INFO] Step 37: size: 37, coverage: 65.50%, cost: 59.0
[2024-10-13 16:10:01,903][INFO] Step 38: size: 38, coverage: 67.00%, cost: 62.0
[2024-10-13 16:10:01,910][INFO] Step 39: size: 39, coverage: 69.00%, cost: 67.0
[2024-10-13 16:10:01,917][INFO] Step 40: size: 40, coverage: 70.50%, cost: 71.0
[2024-10-13 16:10:01,925][INFO] Step 41: size: 41, coverage: 72.00%, cost: 75.0
[2024-10-13 16:10:01,932][INFO] Step 42: size: 42, coverage: 73.50%, cost: 79.0
[2024-10-13 16:10:01,939][INFO] Step 43: size: 43, coverage: 74.50%, cost: 82.0
[2024-10-13 16:10:01,946][INFO] Step 44: size: 44, coverage: 75.50%, cost: 85.0
[2024-10-13 16:10:01,953][INFO] Step 45: size: 45, coverage: 76.50%, cost: 88.0
[2024-10-13 16:10:01,960][INFO] Step 46: size: 46, coverage: 77.50%, cost: 91.0
[2024-10-13 16:10:01,967][INFO] Step 47: size: 47, coverage: 79.50%, cost: 97.0
[2024-10-13 16:10:01,975][INFO] Step 48: size: 48, coverage: 81.50%, cost: 103.0
[2024-10-13 16:10:01,982][INFO] Step 49: size: 49, coverage: 82.00%, cost: 105.0
[2024-10-13 16:10:01,989][INFO] Step 50: size: 50, coverage: 82.50%, cost: 107.0
[2024-10-13 16:10:01,996][INFO] Step 51: size: 51, coverage: 83.00%, cost: 109.0
[2024-10-13 16:10:02,004][INFO] Step 52: size: 52, coverage: 83.50%, cost: 111.0
[2024-10-13 16:10:02,011][INFO] Step 53: size: 53, coverage: 84.00%, cost: 113.0
[2024-10-13 16:10:02,018][INFO] Step 54: size: 54, coverage: 84.50%, cost: 115.0
[2024-10-13 16:10:02,026][INFO] Step 55: size: 55, coverage: 85.50%, cost: 120.0
[2024-10-13 16:10:02,033][INFO] Step 56: size: 56, coverage: 86.50%, cost: 125.0
[2024-10-13 16:10:02,041][INFO] Step 57: size: 57, coverage: 87.00%, cost: 128.0
[2024-10-13 16:10:02,048][INFO] Step 58: size: 58, coverage: 87.50%, cost: 131.0
[2024-10-13 16:10:02,056][INFO] Step 59: size: 59, coverage: 88.00%, cost: 134.0
[2024-10-13 16:10:02,063][INFO] Step 60: size: 60, coverage: 88.50%, cost: 137.0
[2024-10-13 16:10:02,071][INFO] Step 61: size: 61, coverage: 89.00%, cost: 140.0
[2024-10-13 16:10:02,079][INFO] Step 62: size: 62, coverage: 90.00%, cost: 146.0
[2024-10-13 16:10:02,086][INFO] Step 63: size: 63, coverage: 91.50%, cost: 155.0
[2024-10-13 16:10:02,094][INFO] Step 64: size: 64, coverage: 92.50%, cost: 162.0
[2024-10-13 16:10:02,102][INFO] Step 65: size: 65, coverage: 93.50%, cost: 169.0
[2024-10-13 16:10:02,110][INFO] Step 66: size: 66, coverage: 94.00%, cost: 173.0
[2024-10-13 16:10:02,117][INFO] Step 67: size: 67, coverage: 94.50%, cost: 177.0
[2024-10-13 16:10:02,125][INFO] Step 68: size: 68, coverage: 95.50%, cost: 185.0
[2024-10-13 16:10:02,133][INFO] Step 69: size: 69, coverage: 96.00%, cost: 191.0
[2024-10-13 16:10:02,141][INFO] Step 70: size: 70, coverage: 97.00%, cost: 203.0
[2024-10-13 16:10:02,149][INFO] Step 71: size: 71, coverage: 97.50%, cost: 210.0
[2024-10-13 16:10:02,157][INFO] Step 72: size: 72, coverage: 98.00%, cost: 217.0
[2024-10-13 16:10:02,165][INFO] Step 73: size: 73, coverage: 98.50%, cost: 225.0
[2024-10-13 16:10:02,173][INFO] Step 74: size: 74, coverage: 99.00%, cost: 233.0
[2024-10-13 16:10:02,181][INFO] Step 75: size: 75, coverage: 99.50%, cost: 242.0
[2024-10-13 16:10:02,189][INFO] Step 76: size: 76, coverage: 100.00%, cost: 251.0
[2024-10-13 16:10:02,189][INFO] Solved solution used 4 random steps
[2024-10-13 16:10:02,191][INFO] Size: 76 -> 70
[2024-10-13 16:10:02,191][INFO] Cost: 251.0 -> 241.0
