[2024-10-06 22:18:32,521][INFO] Step 1: size: 1, coverage: 4.00%, cost: 1.0
[2024-10-06 22:18:32,527][INFO] Step 2: size: 2, coverage: 7.50%, cost: 2.0
[2024-10-06 22:18:32,533][INFO] Step 3: size: 3, coverage: 11.00%, cost: 3.0
[2024-10-06 22:18:32,539][INFO] Step 4: size: 4, coverage: 13.50%, cost: 4.0
[2024-10-06 22:18:32,546][INFO] Step 5: size: 5, coverage: 16.00%, cost: 5.0
[2024-10-06 22:18:32,552][INFO] Step 6: size: 6, coverage: 18.50%, cost: 6.0
[2024-10-06 22:18:32,558][INFO] Step 7: size: 7, coverage: 21.00%, cost: 7.0
[2024-10-06 22:18:32,565][INFO] Step 8: size: 8, coverage: 23.00%, cost: 8.0
[2024-10-06 22:18:32,571][INFO] Step 9: size: 9, coverage: 24.50%, cost: 9.0
[2024-10-06 22:18:32,578][INFO] Step 10: size: 10, coverage: 26.00%, cost: 10.0
[2024-10-06 22:18:32,584][INFO] Step 11: size: 11, coverage: 29.00%, cost: 12.0
[2024-10-06 22:18:32,591][INFO] Step 12: size: 12, coverage: 32.00%, cost: 14.0
[2024-10-06 22:18:32,597][INFO] Step 13: size: 13, coverage: 36.50%, cost: 17.0
[2024-10-06 22:18:32,603][INFO] Step 14: size: 14, coverage: 37.50%, cost: 18.0
[2024-10-06 22:18:32,610][INFO] Step 15: size: 15, coverage: 38.50%, cost: 19.0
[2024-10-06 22:18:32,616][INFO] Step 16: size: 16, coverage: 39.50%, cost: 20.0
[2024-10-06 22:18:32,623][INFO] Step 17: size: 17, coverage: 40.50%, cost: 21.0
[2024-10-06 22:18:32,629][INFO] Step 18: size: 18, coverage: 42.50%, cost: 23.0
[2024-10-06 22:18:32,635][INFO] Step 19: size: 19, coverage: 44.50%, cost: 25.0
[2024-10-06 22:18:32,642][INFO] Step 20: size: 20, coverage: 46.00%, cost: 27.0
[2024-10-06 22:18:32,648][INFO] Step 21: size: 21, coverage: 47.50%, cost: 29.0
[2024-10-06 22:18:32,655][INFO] Step 22: size: 22, coverage: 49.00%, cost: 31.0
[2024-10-06 22:18:32,661][INFO] Step 23: size: 23, coverage: 51.00%, cost: 34.0
[2024-10-06 22:18:32,668][INFO] Step 24: size: 24, coverage: 53.00%, cost: 37.0
[2024-10-06 22:18:32,674][INFO] Step 25: size: 25, coverage: 53.50%, cost: 38.0
[2024-10-06 22:18:32,681][INFO] Step 26: size: 26, coverage: 54.00%, cost: 39.0
[2024-10-06 22:18:32,688][INFO] Step 27: size: 27, coverage: 54.50%, cost: 40.0
[2024-10-06 22:18:32,694][INFO] Step 28: size: 28, coverage: 55.00%, cost: 41.0
[2024-10-06 22:18:32,701][INFO] Step 29: size: 29, coverage: 56.00%, cost: 43.0
[2024-10-06 22:18:32,708][INFO] Step 30: size: 30, coverage: 57.00%, cost: 45.0
[2024-10-06 22:18:32,714][INFO] Step 31: size: 31, coverage: 58.00%, cost: 47.0
[2024-10-06 22:18:32,721][INFO] Step 32: size: 32, coverage: 59.00%, cost: 49.0
[2024-10-06 22:18:32,728][INFO] Step 33: size: 33, coverage: 60.50%, cost: 52.0
[2024-10-06 22:18:32,735][INFO] Step 34: size: 34, coverage: 62.50%, cost: 56.0
[2024-10-06 22:18:32,742][INFO] Step 35: size: 35, coverage: 64.50%, cost: 60.0
[2024-10-06 22:18:32,748][INFO] Step 36: size: 36, coverage: 66.00%, cost: 64.0
[2024-10-06 22:18:32,755][INFO] Step 37: size: 37, coverage: 67.00%, cost: 67.0
[2024-10-06 22:18:32,762][INFO] Step 38: size: 38, coverage: 68.50%, cost: 72.0
[2024-10-06 22:18:32,769][INFO] Step 39: size: 39, coverage: 70.50%, cost: 79.0
[2024-10-06 22:18:32,776][INFO] Step 40: size: 40, coverage: 71.00%, cost: 81.0
[2024-10-06 22:18:32,783][INFO] Step 41: size: 41, coverage: 71.50%, cost: 83.0
[2024-10-06 22:18:32,790][INFO] Step 42: size: 42, coverage: 72.00%, cost: 85.0
[2024-10-06 22:18:32,797][INFO] Step 43: size: 43, coverage: 72.50%, cost: 87.0
[2024-10-06 22:18:32,804][INFO] Step 44: size: 44, coverage: 73.00%, cost: 89.0
[2024-10-06 22:18:32,811][INFO] Step 45: size: 45, coverage: 73.50%, cost: 91.0
[2024-10-06 22:18:32,818][INFO] Step 46: size: 46, coverage: 74.50%, cost: 95.0
[2024-10-06 22:18:32,825][INFO] Step 47: size: 47, coverage: 75.50%, cost: 99.0
[2024-10-06 22:18:32,832][INFO] Step 48: size: 48, coverage: 77.00%, cost: 105.0
[2024-10-06 22:18:32,840][INFO] Step 49: size: 49, coverage: 78.50%, cost: 112.0
[2024-10-06 22:18:32,847][INFO] Step 50: size: 50, coverage: 80.00%, cost: 119.0
[2024-10-06 22:18:32,854][INFO] Step 51: size: 51, coverage: 81.00%, cost: 124.0
[2024-10-06 22:18:32,861][INFO] Step 52: size: 52, coverage: 83.00%, cost: 135.0
[2024-10-06 22:18:32,869][INFO] Step 53: size: 53, coverage: 83.50%, cost: 138.0
[2024-10-06 22:18:32,876][INFO] Step 54: size: 54, coverage: 84.00%, cost: 141.0
[2024-10-06 22:18:32,883][INFO] Step 55: size: 55, coverage: 84.50%, cost: 144.0
[2024-10-06 22:18:32,891][INFO] Step 56: size: 56, coverage: 85.00%, cost: 147.0
[2024-10-06 22:18:32,898][INFO] Step 57: size: 57, coverage: 86.00%, cost: 153.0
[2024-10-06 22:18:32,905][INFO] Step 58: size: 58, coverage: 87.00%, cost: 159.0
[2024-10-06 22:18:32,913][INFO] Step 59: size: 59, coverage: 88.00%, cost: 166.0
[2024-10-06 22:18:32,920][INFO] Step 60: size: 60, coverage: 88.50%, cost: 170.0
[2024-10-06 22:18:32,928][INFO] Step 61: size: 61, coverage: 89.00%, cost: 174.0
[2024-10-06 22:18:32,935][INFO] Step 62: size: 62, coverage: 89.50%, cost: 178.0
[2024-10-06 22:18:32,943][INFO] Step 63: size: 63, coverage: 90.50%, cost: 187.0
[2024-10-06 22:18:32,950][INFO] Step 64: size: 64, coverage: 91.50%, cost: 196.0
[2024-10-06 22:18:32,958][INFO] Step 65: size: 65, coverage: 92.00%, cost: 201.0
[2024-10-06 22:18:32,966][INFO] Step 66: size: 66, coverage: 93.00%, cost: 211.0
[2024-10-06 22:18:32,973][INFO] Step 67: size: 67, coverage: 94.00%, cost: 222.0
[2024-10-06 22:18:32,981][INFO] Step 68: size: 68, coverage: 94.50%, cost: 228.0
[2024-10-06 22:18:32,989][INFO] Step 69: size: 69, coverage: 95.00%, cost: 234.0
[2024-10-06 22:18:32,997][INFO] Step 70: size: 70, coverage: 95.50%, cost: 240.0
[2024-10-06 22:18:33,005][INFO] Step 71: size: 71, coverage: 96.50%, cost: 252.0
[2024-10-06 22:18:33,012][INFO] Step 72: size: 72, coverage: 97.50%, cost: 265.0
[2024-10-06 22:18:33,020][INFO] Step 73: size: 73, coverage: 98.00%, cost: 273.0
[2024-10-06 22:18:33,028][INFO] Step 74: size: 74, coverage: 98.50%, cost: 282.0
[2024-10-06 22:18:33,036][INFO] Step 75: size: 75, coverage: 99.00%, cost: 292.0
[2024-10-06 22:18:33,044][INFO] Step 76: size: 76, coverage: 99.50%, cost: 309.0
[2024-10-06 22:18:33,053][INFO] Step 77: size: 77, coverage: 100.00%, cost: 326.0
[2024-10-06 22:18:33,054][INFO] Size: 77 -> 73
[2024-10-06 22:18:33,054][INFO] Cost: 326.0 -> 320.0
[2024-10-06 22:21:34,526][INFO] Step 1: size: 1, coverage: 4.00%, cost: 1.0
[2024-10-06 22:21:34,532][INFO] Step 2: size: 2, coverage: 7.50%, cost: 2.0
[2024-10-06 22:21:34,538][INFO] Step 3: size: 3, coverage: 11.00%, cost: 3.0
[2024-10-06 22:21:34,545][INFO] Step 4: size: 4, coverage: 13.50%, cost: 4.0
[2024-10-06 22:21:34,551][INFO] Step 5: size: 5, coverage: 16.00%, cost: 5.0
[2024-10-06 22:21:34,557][INFO] Step 6: size: 6, coverage: 18.50%, cost: 6.0
[2024-10-06 22:21:34,564][INFO] Step 7: size: 7, coverage: 21.00%, cost: 7.0
[2024-10-06 22:21:34,570][INFO] Step 8: size: 8, coverage: 23.00%, cost: 8.0
[2024-10-06 22:21:34,577][INFO] Step 9: size: 9, coverage: 24.50%, cost: 9.0
[2024-10-06 22:21:34,583][INFO] Step 10: size: 10, coverage: 26.00%, cost: 10.0
[2024-10-06 22:21:34,590][INFO] Step 11: size: 11, coverage: 29.00%, cost: 12.0
[2024-10-06 22:21:34,596][INFO] Step 12: size: 12, coverage: 32.00%, cost: 14.0
[2024-10-06 22:21:34,603][INFO] Step 13: size: 13, coverage: 36.50%, cost: 17.0
[2024-10-06 22:21:34,609][INFO] Step 14: size: 14, coverage: 37.50%, cost: 18.0
[2024-10-06 22:21:34,615][INFO] Step 15: size: 15, coverage: 38.50%, cost: 19.0
[2024-10-06 22:21:34,622][INFO] Step 16: size: 16, coverage: 39.00%, cost: 20.0
[2024-10-06 22:21:34,628][INFO] Step 17: size: 17, coverage: 40.00%, cost: 21.0
[2024-10-06 22:21:34,635][INFO] Step 18: size: 18, coverage: 41.00%, cost: 22.0
[2024-10-06 22:21:34,641][INFO] Step 19: size: 19, coverage: 43.00%, cost: 24.0
[2024-10-06 22:21:34,648][INFO] Step 20: size: 20, coverage: 45.00%, cost: 26.0
[2024-10-06 22:21:34,654][INFO] Step 21: size: 21, coverage: 46.50%, cost: 28.0
[2024-10-06 22:21:34,661][INFO] Step 22: size: 22, coverage: 48.00%, cost: 30.0
[2024-10-06 22:21:34,668][INFO] Step 23: size: 23, coverage: 49.50%, cost: 32.0
[2024-10-06 22:21:34,675][INFO] Step 24: size: 24, coverage: 51.50%, cost: 35.0
[2024-10-06 22:21:34,681][INFO] Step 25: size: 25, coverage: 53.50%, cost: 38.0
[2024-10-06 22:21:34,688][INFO] Step 26: size: 26, coverage: 54.00%, cost: 39.0
[2024-10-06 22:21:34,695][INFO] Step 27: size: 27, coverage: 54.50%, cost: 40.0
[2024-10-06 22:21:34,702][INFO] Step 28: size: 28, coverage: 55.00%, cost: 41.0
[2024-10-06 22:21:34,709][INFO] Step 29: size: 29, coverage: 56.00%, cost: 43.0
[2024-10-06 22:21:34,715][INFO] Step 30: size: 30, coverage: 57.00%, cost: 45.0
[2024-10-06 22:21:34,722][INFO] Step 31: size: 31, coverage: 57.50%, cost: 47.0
[2024-10-06 22:21:34,729][INFO] Step 32: size: 32, coverage: 58.50%, cost: 49.0
[2024-10-06 22:21:34,736][INFO] Step 33: size: 33, coverage: 59.50%, cost: 51.0
[2024-10-06 22:21:34,743][INFO] Step 34: size: 34, coverage: 61.00%, cost: 54.0
[2024-10-06 22:21:34,750][INFO] Step 35: size: 35, coverage: 63.00%, cost: 58.0
[2024-10-06 22:21:34,757][INFO] Step 36: size: 36, coverage: 65.00%, cost: 62.0
[2024-10-06 22:21:34,764][INFO] Step 37: size: 37, coverage: 66.50%, cost: 66.0
[2024-10-06 22:21:34,771][INFO] Step 38: size: 38, coverage: 67.50%, cost: 69.0
[2024-10-06 22:21:34,778][INFO] Step 39: size: 39, coverage: 69.00%, cost: 74.0
[2024-10-06 22:21:34,785][INFO] Step 40: size: 40, coverage: 69.50%, cost: 76.0
[2024-10-06 22:21:34,792][INFO] Step 41: size: 41, coverage: 70.00%, cost: 78.0
[2024-10-06 22:21:34,799][INFO] Step 42: size: 42, coverage: 70.50%, cost: 80.0
[2024-10-06 22:21:34,806][INFO] Step 43: size: 43, coverage: 71.00%, cost: 82.0
[2024-10-06 22:21:34,813][INFO] Step 44: size: 44, coverage: 71.50%, cost: 84.0
[2024-10-06 22:21:34,820][INFO] Step 45: size: 45, coverage: 72.00%, cost: 86.0
[2024-10-06 22:21:34,827][INFO] Step 46: size: 46, coverage: 73.00%, cost: 90.0
[2024-10-06 22:21:34,834][INFO] Step 47: size: 47, coverage: 74.00%, cost: 94.0
[2024-10-06 22:21:34,842][INFO] Step 48: size: 48, coverage: 74.50%, cost: 97.0
[2024-10-06 22:21:34,849][INFO] Step 49: size: 49, coverage: 76.00%, cost: 103.0
[2024-10-06 22:21:34,856][INFO] Step 50: size: 50, coverage: 77.50%, cost: 109.0
[2024-10-06 22:21:34,864][INFO] Step 51: size: 51, coverage: 79.00%, cost: 116.0
[2024-10-06 22:21:34,871][INFO] Step 52: size: 52, coverage: 80.00%, cost: 121.0
[2024-10-06 22:21:34,879][INFO] Step 53: size: 53, coverage: 80.50%, cost: 124.0
[2024-10-06 22:21:34,887][INFO] Step 54: size: 54, coverage: 81.00%, cost: 127.0
[2024-10-06 22:21:34,901][INFO] Step 55: size: 55, coverage: 81.50%, cost: 130.0
[2024-10-06 22:21:34,916][INFO] Step 56: size: 56, coverage: 82.00%, cost: 133.0
[2024-10-06 22:21:34,941][INFO] Step 57: size: 57, coverage: 83.00%, cost: 139.0
[2024-10-06 22:21:34,960][INFO] Step 58: size: 58, coverage: 84.00%, cost: 145.0
[2024-10-06 22:21:34,971][INFO] Step 59: size: 59, coverage: 86.00%, cost: 157.0
[2024-10-06 22:21:34,980][INFO] Step 60: size: 60, coverage: 87.50%, cost: 167.0
[2024-10-06 22:21:34,988][INFO] Step 61: size: 61, coverage: 88.50%, cost: 174.0
[2024-10-06 22:21:34,997][INFO] Step 62: size: 62, coverage: 89.00%, cost: 178.0
[2024-10-06 22:21:35,004][INFO] Step 63: size: 63, coverage: 89.50%, cost: 182.0
[2024-10-06 22:21:35,012][INFO] Step 64: size: 64, coverage: 90.00%, cost: 186.0
[2024-10-06 22:21:35,020][INFO] Step 65: size: 65, coverage: 91.00%, cost: 195.0
[2024-10-06 22:21:35,028][INFO] Step 66: size: 66, coverage: 92.00%, cost: 204.0
[2024-10-06 22:21:35,035][INFO] Step 67: size: 67, coverage: 93.00%, cost: 213.0
[2024-10-06 22:21:35,043][INFO] Step 68: size: 68, coverage: 93.50%, cost: 218.0
[2024-10-06 22:21:35,051][INFO] Step 69: size: 69, coverage: 94.50%, cost: 228.0
[2024-10-06 22:21:35,059][INFO] Step 70: size: 70, coverage: 95.00%, cost: 234.0
[2024-10-06 22:21:35,067][INFO] Step 71: size: 71, coverage: 95.50%, cost: 241.0
[2024-10-06 22:21:35,075][INFO] Step 72: size: 72, coverage: 96.00%, cost: 248.0
[2024-10-06 22:21:35,083][INFO] Step 73: size: 73, coverage: 96.50%, cost: 256.0
[2024-10-06 22:21:35,091][INFO] Step 74: size: 74, coverage: 97.00%, cost: 264.0
[2024-10-06 22:21:35,099][INFO] Step 75: size: 75, coverage: 98.00%, cost: 280.0
[2024-10-06 22:21:35,107][INFO] Step 76: size: 76, coverage: 98.50%, cost: 289.0
[2024-10-06 22:21:35,115][INFO] Step 77: size: 77, coverage: 99.00%, cost: 299.0
[2024-10-06 22:21:35,124][INFO] Step 78: size: 78, coverage: 99.50%, cost: 316.0
[2024-10-06 22:21:35,132][INFO] Step 79: size: 79, coverage: 100.00%, cost: 333.0
[2024-10-06 22:21:35,132][INFO] Solved solution used 9 random steps
[2024-10-06 22:21:35,134][INFO] Size: 79 -> 72
[2024-10-06 22:21:35,134][INFO] Cost: 333.0 -> 316.0
[2024-10-08 22:46:36,996][INFO] Step 1: size: 1, coverage: 4.00%, cost: 1.0
[2024-10-08 22:46:37,002][INFO] Step 2: size: 2, coverage: 7.50%, cost: 2.0
[2024-10-08 22:46:37,009][INFO] Step 3: size: 3, coverage: 11.00%, cost: 3.0
[2024-10-08 22:46:37,015][INFO] Step 4: size: 4, coverage: 13.50%, cost: 4.0
[2024-10-08 22:46:37,022][INFO] Step 5: size: 5, coverage: 16.00%, cost: 5.0
[2024-10-08 22:46:37,028][INFO] Step 6: size: 6, coverage: 18.50%, cost: 6.0
[2024-10-08 22:46:37,035][INFO] Step 7: size: 7, coverage: 21.00%, cost: 7.0
[2024-10-08 22:46:37,041][INFO] Step 8: size: 8, coverage: 23.00%, cost: 8.0
[2024-10-08 22:46:37,048][INFO] Step 9: size: 9, coverage: 24.50%, cost: 9.0
[2024-10-08 22:46:37,055][INFO] Step 10: size: 10, coverage: 26.00%, cost: 10.0
[2024-10-08 22:46:37,061][INFO] Step 11: size: 11, coverage: 29.00%, cost: 12.0
[2024-10-08 22:46:37,068][INFO] Step 12: size: 12, coverage: 32.00%, cost: 14.0
[2024-10-08 22:46:37,074][INFO] Step 13: size: 13, coverage: 36.50%, cost: 17.0
[2024-10-08 22:46:37,081][INFO] Step 14: size: 14, coverage: 37.50%, cost: 18.0
[2024-10-08 22:46:37,087][INFO] Step 15: size: 15, coverage: 38.50%, cost: 19.0
[2024-10-08 22:46:37,094][INFO] Step 16: size: 16, coverage: 39.00%, cost: 20.0
[2024-10-08 22:46:37,100][INFO] Step 17: size: 17, coverage: 40.00%, cost: 21.0
[2024-10-08 22:46:37,107][INFO] Step 18: size: 18, coverage: 41.00%, cost: 22.0
[2024-10-08 22:46:37,114][INFO] Step 19: size: 19, coverage: 43.00%, cost: 24.0
[2024-10-08 22:46:37,121][INFO] Step 20: size: 20, coverage: 45.00%, cost: 26.0
[2024-10-08 22:46:37,128][INFO] Step 21: size: 21, coverage: 46.50%, cost: 28.0
[2024-10-08 22:46:37,135][INFO] Step 22: size: 22, coverage: 48.00%, cost: 30.0
[2024-10-08 22:46:37,142][INFO] Step 23: size: 23, coverage: 49.50%, cost: 32.0
[2024-10-08 22:46:37,149][INFO] Step 24: size: 24, coverage: 51.50%, cost: 35.0
[2024-10-08 22:46:37,156][INFO] Step 25: size: 25, coverage: 53.50%, cost: 38.0
[2024-10-08 22:46:37,163][INFO] Step 26: size: 26, coverage: 54.00%, cost: 39.0
[2024-10-08 22:46:37,170][INFO] Step 27: size: 27, coverage: 54.50%, cost: 40.0
[2024-10-08 22:46:37,177][INFO] Step 28: size: 28, coverage: 55.00%, cost: 41.0
[2024-10-08 22:46:37,184][INFO] Step 29: size: 29, coverage: 56.00%, cost: 43.0
[2024-10-08 22:46:37,191][INFO] Step 30: size: 30, coverage: 57.00%, cost: 45.0
[2024-10-08 22:46:37,198][INFO] Step 31: size: 31, coverage: 57.50%, cost: 47.0
[2024-10-08 22:46:37,205][INFO] Step 32: size: 32, coverage: 58.50%, cost: 49.0
[2024-10-08 22:46:37,212][INFO] Step 33: size: 33, coverage: 59.50%, cost: 51.0
[2024-10-08 22:46:37,219][INFO] Step 34: size: 34, coverage: 61.00%, cost: 54.0
[2024-10-08 22:46:37,227][INFO] Step 35: size: 35, coverage: 63.00%, cost: 58.0
[2024-10-08 22:46:37,234][INFO] Step 36: size: 36, coverage: 65.00%, cost: 62.0
[2024-10-08 22:46:37,241][INFO] Step 37: size: 37, coverage: 66.50%, cost: 66.0
[2024-10-08 22:46:37,248][INFO] Step 38: size: 38, coverage: 67.50%, cost: 69.0
[2024-10-08 22:46:37,256][INFO] Step 39: size: 39, coverage: 69.00%, cost: 74.0
[2024-10-08 22:46:37,263][INFO] Step 40: size: 40, coverage: 69.50%, cost: 76.0
[2024-10-08 22:46:37,270][INFO] Step 41: size: 41, coverage: 70.00%, cost: 78.0
[2024-10-08 22:46:37,278][INFO] Step 42: size: 42, coverage: 70.50%, cost: 80.0
[2024-10-08 22:46:37,285][INFO] Step 43: size: 43, coverage: 71.00%, cost: 82.0
[2024-10-08 22:46:37,292][INFO] Step 44: size: 44, coverage: 71.50%, cost: 84.0
[2024-10-08 22:46:37,300][INFO] Step 45: size: 45, coverage: 72.00%, cost: 86.0
[2024-10-08 22:46:37,307][INFO] Step 46: size: 46, coverage: 73.00%, cost: 90.0
[2024-10-08 22:46:37,315][INFO] Step 47: size: 47, coverage: 74.00%, cost: 94.0
[2024-10-08 22:46:37,322][INFO] Step 48: size: 48, coverage: 74.50%, cost: 97.0
[2024-10-08 22:46:37,330][INFO] Step 49: size: 49, coverage: 76.00%, cost: 103.0
[2024-10-08 22:46:37,338][INFO] Step 50: size: 50, coverage: 77.50%, cost: 109.0
[2024-10-08 22:46:37,345][INFO] Step 51: size: 51, coverage: 79.00%, cost: 116.0
[2024-10-08 22:46:37,353][INFO] Step 52: size: 52, coverage: 80.00%, cost: 121.0
[2024-10-08 22:46:37,361][INFO] Step 53: size: 53, coverage: 80.50%, cost: 124.0
[2024-10-08 22:46:37,369][INFO] Step 54: size: 54, coverage: 81.00%, cost: 127.0
[2024-10-08 22:46:37,376][INFO] Step 55: size: 55, coverage: 81.50%, cost: 130.0
[2024-10-08 22:46:37,384][INFO] Step 56: size: 56, coverage: 82.00%, cost: 133.0
[2024-10-08 22:46:37,392][INFO] Step 57: size: 57, coverage: 83.00%, cost: 139.0
[2024-10-08 22:46:37,400][INFO] Step 58: size: 58, coverage: 84.00%, cost: 145.0
[2024-10-08 22:46:37,408][INFO] Step 59: size: 59, coverage: 86.00%, cost: 157.0
[2024-10-08 22:46:37,416][INFO] Step 60: size: 60, coverage: 87.50%, cost: 167.0
[2024-10-08 22:46:37,424][INFO] Step 61: size: 61, coverage: 88.50%, cost: 174.0
[2024-10-08 22:46:37,432][INFO] Step 62: size: 62, coverage: 89.00%, cost: 178.0
[2024-10-08 22:46:37,440][INFO] Step 63: size: 63, coverage: 89.50%, cost: 182.0
[2024-10-08 22:46:37,448][INFO] Step 64: size: 64, coverage: 90.00%, cost: 186.0
[2024-10-08 22:46:37,456][INFO] Step 65: size: 65, coverage: 91.00%, cost: 195.0
[2024-10-08 22:46:37,464][INFO] Step 66: size: 66, coverage: 92.00%, cost: 204.0
[2024-10-08 22:46:37,472][INFO] Step 67: size: 67, coverage: 93.00%, cost: 213.0
[2024-10-08 22:46:37,480][INFO] Step 68: size: 68, coverage: 93.50%, cost: 218.0
[2024-10-08 22:46:37,488][INFO] Step 69: size: 69, coverage: 94.50%, cost: 228.0
[2024-10-08 22:46:37,496][INFO] Step 70: size: 70, coverage: 95.00%, cost: 234.0
[2024-10-08 22:46:37,504][INFO] Step 71: size: 71, coverage: 95.50%, cost: 241.0
[2024-10-08 22:46:37,513][INFO] Step 72: size: 72, coverage: 96.00%, cost: 248.0
[2024-10-08 22:46:37,521][INFO] Step 73: size: 73, coverage: 96.50%, cost: 256.0
[2024-10-08 22:46:37,529][INFO] Step 74: size: 74, coverage: 97.00%, cost: 264.0
[2024-10-08 22:46:37,538][INFO] Step 75: size: 75, coverage: 98.00%, cost: 280.0
[2024-10-08 22:46:37,546][INFO] Step 76: size: 76, coverage: 98.50%, cost: 289.0
[2024-10-08 22:46:37,555][INFO] Step 77: size: 77, coverage: 99.00%, cost: 299.0
[2024-10-08 22:46:37,563][INFO] Step 78: size: 78, coverage: 99.50%, cost: 316.0
[2024-10-08 22:46:37,572][INFO] Step 79: size: 79, coverage: 100.00%, cost: 333.0
[2024-10-08 22:46:37,572][INFO] Solved solution used 9 random steps
[2024-10-08 22:46:37,574][INFO] Size: 79 -> 72
[2024-10-08 22:46:37,574][INFO] Cost: 333.0 -> 316.0
[2024-10-08 23:01:19,553][INFO] Step 1: size: 1, coverage: 4.00%, cost: 1.0
[2024-10-08 23:01:19,560][INFO] Step 2: size: 2, coverage: 7.50%, cost: 2.0
[2024-10-08 23:01:19,566][INFO] Step 3: size: 3, coverage: 11.00%, cost: 3.0
[2024-10-08 23:01:19,572][INFO] Step 4: size: 4, coverage: 13.50%, cost: 4.0
[2024-10-08 23:01:19,579][INFO] Step 5: size: 5, coverage: 16.00%, cost: 5.0
[2024-10-08 23:01:19,586][INFO] Step 6: size: 6, coverage: 18.50%, cost: 6.0
[2024-10-08 23:01:19,592][INFO] Step 7: size: 7, coverage: 21.00%, cost: 7.0
[2024-10-08 23:01:19,599][INFO] Step 8: size: 8, coverage: 23.00%, cost: 8.0
[2024-10-08 23:01:19,605][INFO] Step 9: size: 9, coverage: 24.50%, cost: 9.0
[2024-10-08 23:01:19,612][INFO] Step 10: size: 10, coverage: 26.00%, cost: 10.0
[2024-10-08 23:01:19,619][INFO] Step 11: size: 11, coverage: 29.00%, cost: 12.0
[2024-10-08 23:01:19,625][INFO] Step 12: size: 12, coverage: 32.00%, cost: 14.0
[2024-10-08 23:01:19,632][INFO] Step 13: size: 13, coverage: 36.50%, cost: 17.0
[2024-10-08 23:01:19,641][INFO] Step 14: size: 14, coverage: 37.50%, cost: 18.0
[2024-10-08 23:01:19,648][INFO] Step 15: size: 15, coverage: 38.50%, cost: 19.0
[2024-10-08 23:01:19,655][INFO] Step 16: size: 16, coverage: 39.00%, cost: 20.0
[2024-10-08 23:01:19,662][INFO] Step 17: size: 17, coverage: 40.00%, cost: 21.0
[2024-10-08 23:01:19,668][INFO] Step 18: size: 18, coverage: 41.00%, cost: 22.0
[2024-10-08 23:01:19,675][INFO] Step 19: size: 19, coverage: 43.00%, cost: 24.0
[2024-10-08 23:01:19,682][INFO] Step 20: size: 20, coverage: 45.00%, cost: 26.0
[2024-10-08 23:01:19,689][INFO] Step 21: size: 21, coverage: 46.50%, cost: 28.0
[2024-10-08 23:01:19,696][INFO] Step 22: size: 22, coverage: 48.00%, cost: 30.0
[2024-10-08 23:01:19,703][INFO] Step 23: size: 23, coverage: 49.50%, cost: 32.0
[2024-10-08 23:01:19,710][INFO] Step 24: size: 24, coverage: 51.50%, cost: 35.0
[2024-10-08 23:01:19,717][INFO] Step 25: size: 25, coverage: 53.50%, cost: 38.0
[2024-10-08 23:01:19,724][INFO] Step 26: size: 26, coverage: 54.00%, cost: 39.0
[2024-10-08 23:01:19,731][INFO] Step 27: size: 27, coverage: 54.50%, cost: 40.0
[2024-10-08 23:01:19,738][INFO] Step 28: size: 28, coverage: 55.00%, cost: 41.0
[2024-10-08 23:01:19,745][INFO] Step 29: size: 29, coverage: 56.00%, cost: 43.0
[2024-10-08 23:01:19,752][INFO] Step 30: size: 30, coverage: 57.00%, cost: 45.0
[2024-10-08 23:01:19,759][INFO] Step 31: size: 31, coverage: 57.50%, cost: 47.0
[2024-10-08 23:01:19,766][INFO] Step 32: size: 32, coverage: 58.50%, cost: 49.0
[2024-10-08 23:01:19,773][INFO] Step 33: size: 33, coverage: 59.50%, cost: 51.0
[2024-10-08 23:01:19,780][INFO] Step 34: size: 34, coverage: 61.00%, cost: 54.0
[2024-10-08 23:01:19,787][INFO] Step 35: size: 35, coverage: 63.00%, cost: 58.0
[2024-10-08 23:01:19,795][INFO] Step 36: size: 36, coverage: 65.00%, cost: 62.0
[2024-10-08 23:01:19,802][INFO] Step 37: size: 37, coverage: 66.50%, cost: 66.0
[2024-10-08 23:01:19,809][INFO] Step 38: size: 38, coverage: 67.50%, cost: 69.0
[2024-10-08 23:01:19,816][INFO] Step 39: size: 39, coverage: 69.00%, cost: 74.0
[2024-10-08 23:01:19,823][INFO] Step 40: size: 40, coverage: 69.50%, cost: 76.0
[2024-10-08 23:01:19,831][INFO] Step 41: size: 41, coverage: 70.00%, cost: 78.0
[2024-10-08 23:01:19,838][INFO] Step 42: size: 42, coverage: 70.50%, cost: 80.0
[2024-10-08 23:01:19,845][INFO] Step 43: size: 43, coverage: 71.00%, cost: 82.0
[2024-10-08 23:01:19,853][INFO] Step 44: size: 44, coverage: 71.50%, cost: 84.0
[2024-10-08 23:01:19,860][INFO] Step 45: size: 45, coverage: 72.00%, cost: 86.0
[2024-10-08 23:01:19,867][INFO] Step 46: size: 46, coverage: 73.00%, cost: 90.0
[2024-10-08 23:01:19,875][INFO] Step 47: size: 47, coverage: 74.00%, cost: 94.0
[2024-10-08 23:01:19,882][INFO] Step 48: size: 48, coverage: 74.50%, cost: 97.0
[2024-10-08 23:01:19,890][INFO] Step 49: size: 49, coverage: 76.00%, cost: 103.0
[2024-10-08 23:01:19,897][INFO] Step 50: size: 50, coverage: 77.50%, cost: 109.0
[2024-10-08 23:01:19,905][INFO] Step 51: size: 51, coverage: 79.00%, cost: 116.0
[2024-10-08 23:01:19,913][INFO] Step 52: size: 52, coverage: 80.00%, cost: 121.0
[2024-10-08 23:01:19,920][INFO] Step 53: size: 53, coverage: 80.50%, cost: 124.0
[2024-10-08 23:01:19,928][INFO] Step 54: size: 54, coverage: 81.00%, cost: 127.0
[2024-10-08 23:01:19,936][INFO] Step 55: size: 55, coverage: 81.50%, cost: 130.0
[2024-10-08 23:01:19,943][INFO] Step 56: size: 56, coverage: 82.00%, cost: 133.0
[2024-10-08 23:01:19,951][INFO] Step 57: size: 57, coverage: 83.00%, cost: 139.0
[2024-10-08 23:01:19,959][INFO] Step 58: size: 58, coverage: 84.00%, cost: 145.0
[2024-10-08 23:01:19,966][INFO] Step 59: size: 59, coverage: 86.00%, cost: 157.0
[2024-10-08 23:01:19,974][INFO] Step 60: size: 60, coverage: 87.50%, cost: 167.0
[2024-10-08 23:01:19,982][INFO] Step 61: size: 61, coverage: 88.50%, cost: 174.0
[2024-10-08 23:01:19,990][INFO] Step 62: size: 62, coverage: 89.00%, cost: 178.0
[2024-10-08 23:01:19,998][INFO] Step 63: size: 63, coverage: 89.50%, cost: 182.0
[2024-10-08 23:01:20,006][INFO] Step 64: size: 64, coverage: 90.00%, cost: 186.0
[2024-10-08 23:01:20,013][INFO] Step 65: size: 65, coverage: 91.00%, cost: 195.0
[2024-10-08 23:01:20,021][INFO] Step 66: size: 66, coverage: 92.00%, cost: 204.0
[2024-10-08 23:01:20,029][INFO] Step 67: size: 67, coverage: 93.00%, cost: 213.0
[2024-10-08 23:01:20,037][INFO] Step 68: size: 68, coverage: 93.50%, cost: 218.0
[2024-10-08 23:01:20,046][INFO] Step 69: size: 69, coverage: 94.50%, cost: 228.0
[2024-10-08 23:01:20,054][INFO] Step 70: size: 70, coverage: 95.00%, cost: 234.0
[2024-10-08 23:01:20,062][INFO] Step 71: size: 71, coverage: 95.50%, cost: 241.0
[2024-10-08 23:01:20,070][INFO] Step 72: size: 72, coverage: 96.00%, cost: 248.0
[2024-10-08 23:01:20,078][INFO] Step 73: size: 73, coverage: 96.50%, cost: 256.0
[2024-10-08 23:01:20,086][INFO] Step 74: size: 74, coverage: 97.00%, cost: 264.0
[2024-10-08 23:01:20,095][INFO] Step 75: size: 75, coverage: 98.00%, cost: 280.0
[2024-10-08 23:01:20,103][INFO] Step 76: size: 76, coverage: 98.50%, cost: 289.0
[2024-10-08 23:01:20,111][INFO] Step 77: size: 77, coverage: 99.00%, cost: 299.0
[2024-10-08 23:01:20,120][INFO] Step 78: size: 78, coverage: 99.50%, cost: 316.0
[2024-10-08 23:01:20,128][INFO] Step 79: size: 79, coverage: 100.00%, cost: 333.0
[2024-10-08 23:01:20,129][INFO] Solved solution used 9 random steps
[2024-10-08 23:01:20,130][INFO] Size: 79 -> 72
[2024-10-08 23:01:20,130][INFO] Cost: 333.0 -> 316.0
[2024-10-08 23:02:54,829][INFO] Step 1: size: 1, coverage: 4.00%, cost: 1.0
[2024-10-08 23:02:54,835][INFO] Step 2: size: 2, coverage: 7.50%, cost: 2.0
[2024-10-08 23:02:54,842][INFO] Step 3: size: 3, coverage: 11.00%, cost: 3.0
[2024-10-08 23:02:54,848][INFO] Step 4: size: 4, coverage: 13.50%, cost: 4.0
[2024-10-08 23:02:54,854][INFO] Step 5: size: 5, coverage: 16.00%, cost: 5.0
[2024-10-08 23:02:54,861][INFO] Step 6: size: 6, coverage: 18.50%, cost: 6.0
[2024-10-08 23:02:54,867][INFO] Step 7: size: 7, coverage: 21.00%, cost: 7.0
[2024-10-08 23:02:54,873][INFO] Step 8: size: 8, coverage: 23.00%, cost: 8.0
[2024-10-08 23:02:54,880][INFO] Step 9: size: 9, coverage: 24.50%, cost: 9.0
[2024-10-08 23:02:54,886][INFO] Step 10: size: 10, coverage: 26.00%, cost: 10.0
[2024-10-08 23:02:54,893][INFO] Step 11: size: 11, coverage: 29.00%, cost: 12.0
[2024-10-08 23:02:54,899][INFO] Step 12: size: 12, coverage: 32.00%, cost: 14.0
[2024-10-08 23:02:54,906][INFO] Step 13: size: 13, coverage: 36.50%, cost: 17.0
[2024-10-08 23:02:54,912][INFO] Step 14: size: 14, coverage: 37.50%, cost: 18.0
[2024-10-08 23:02:54,919][INFO] Step 15: size: 15, coverage: 38.50%, cost: 19.0
[2024-10-08 23:02:54,925][INFO] Step 16: size: 16, coverage: 39.00%, cost: 20.0
[2024-10-08 23:02:54,932][INFO] Step 17: size: 17, coverage: 40.00%, cost: 21.0
[2024-10-08 23:02:54,938][INFO] Step 18: size: 18, coverage: 41.00%, cost: 22.0
[2024-10-08 23:02:54,945][INFO] Step 19: size: 19, coverage: 43.00%, cost: 24.0
[2024-10-08 23:02:54,951][INFO] Step 20: size: 20, coverage: 45.00%, cost: 26.0
[2024-10-08 23:02:54,958][INFO] Step 21: size: 21, coverage: 46.50%, cost: 28.0
[2024-10-08 23:02:54,965][INFO] Step 22: size: 22, coverage: 48.00%, cost: 30.0
[2024-10-08 23:02:54,971][INFO] Step 23: size: 23, coverage: 49.50%, cost: 32.0
[2024-10-08 23:02:54,978][INFO] Step 24: size: 24, coverage: 51.50%, cost: 35.0
[2024-10-08 23:02:54,985][INFO] Step 25: size: 25, coverage: 53.50%, cost: 38.0
[2024-10-08 23:02:54,991][INFO] Step 26: size: 26, coverage: 54.00%, cost: 39.0
[2024-10-08 23:02:54,998][INFO] Step 27: size: 27, coverage: 54.50%, cost: 40.0
[2024-10-08 23:02:55,005][INFO] Step 28: size: 28, coverage: 55.00%, cost: 41.0
[2024-10-08 23:02:55,011][INFO] Step 29: size: 29, coverage: 56.00%, cost: 43.0
[2024-10-08 23:02:55,018][INFO] Step 30: size: 30, coverage: 57.00%, cost: 45.0
[2024-10-08 23:02:55,025][INFO] Step 31: size: 31, coverage: 57.50%, cost: 47.0
[2024-10-08 23:02:55,032][INFO] Step 32: size: 32, coverage: 58.50%, cost: 49.0
[2024-10-08 23:02:55,039][INFO] Step 33: size: 33, coverage: 59.50%, cost: 51.0
[2024-10-08 23:02:55,046][INFO] Step 34: size: 34, coverage: 61.00%, cost: 54.0
[2024-10-08 23:02:55,053][INFO] Step 35: size: 35, coverage: 63.00%, cost: 58.0
[2024-10-08 23:02:55,060][INFO] Step 36: size: 36, coverage: 65.00%, cost: 62.0
[2024-10-08 23:02:55,067][INFO] Step 37: size: 37, coverage: 66.50%, cost: 66.0
[2024-10-08 23:02:55,074][INFO] Step 38: size: 38, coverage: 67.50%, cost: 69.0
[2024-10-08 23:02:55,081][INFO] Step 39: size: 39, coverage: 69.00%, cost: 74.0
[2024-10-08 23:02:55,088][INFO] Step 40: size: 40, coverage: 69.50%, cost: 76.0
[2024-10-08 23:02:55,095][INFO] Step 41: size: 41, coverage: 70.00%, cost: 78.0
[2024-10-08 23:02:55,102][INFO] Step 42: size: 42, coverage: 70.50%, cost: 80.0
[2024-10-08 23:02:55,109][INFO] Step 43: size: 43, coverage: 71.00%, cost: 82.0
[2024-10-08 23:02:55,116][INFO] Step 44: size: 44, coverage: 71.50%, cost: 84.0
[2024-10-08 23:02:55,124][INFO] Step 45: size: 45, coverage: 72.00%, cost: 86.0
[2024-10-08 23:02:55,131][INFO] Step 46: size: 46, coverage: 73.00%, cost: 90.0
[2024-10-08 23:02:55,138][INFO] Step 47: size: 47, coverage: 74.00%, cost: 94.0
[2024-10-08 23:02:55,145][INFO] Step 48: size: 48, coverage: 74.50%, cost: 97.0
[2024-10-08 23:02:55,153][INFO] Step 49: size: 49, coverage: 76.00%, cost: 103.0
[2024-10-08 23:02:55,160][INFO] Step 50: size: 50, coverage: 77.50%, cost: 109.0
[2024-10-08 23:02:55,167][INFO] Step 51: size: 51, coverage: 79.00%, cost: 116.0
[2024-10-08 23:02:55,175][INFO] Step 52: size: 52, coverage: 80.00%, cost: 121.0
[2024-10-08 23:02:55,182][INFO] Step 53: size: 53, coverage: 80.50%, cost: 124.0
[2024-10-08 23:02:55,190][INFO] Step 54: size: 54, coverage: 81.00%, cost: 127.0
[2024-10-08 23:02:55,197][INFO] Step 55: size: 55, coverage: 81.50%, cost: 130.0
[2024-10-08 23:02:55,205][INFO] Step 56: size: 56, coverage: 82.00%, cost: 133.0
[2024-10-08 23:02:55,212][INFO] Step 57: size: 57, coverage: 83.00%, cost: 139.0
[2024-10-08 23:02:55,220][INFO] Step 58: size: 58, coverage: 84.00%, cost: 145.0
[2024-10-08 23:02:55,228][INFO] Step 59: size: 59, coverage: 86.00%, cost: 157.0
[2024-10-08 23:02:55,235][INFO] Step 60: size: 60, coverage: 87.50%, cost: 167.0
[2024-10-08 23:02:55,243][INFO] Step 61: size: 61, coverage: 88.50%, cost: 174.0
[2024-10-08 23:02:55,251][INFO] Step 62: size: 62, coverage: 89.00%, cost: 178.0
[2024-10-08 23:02:55,258][INFO] Step 63: size: 63, coverage: 89.50%, cost: 182.0
[2024-10-08 23:02:55,266][INFO] Step 64: size: 64, coverage: 90.00%, cost: 186.0
[2024-10-08 23:02:55,274][INFO] Step 65: size: 65, coverage: 91.00%, cost: 195.0
[2024-10-08 23:02:55,282][INFO] Step 66: size: 66, coverage: 92.00%, cost: 204.0
[2024-10-08 23:02:55,290][INFO] Step 67: size: 67, coverage: 93.00%, cost: 213.0
[2024-10-08 23:02:55,297][INFO] Step 68: size: 68, coverage: 93.50%, cost: 218.0
[2024-10-08 23:02:55,305][INFO] Step 69: size: 69, coverage: 94.50%, cost: 228.0
[2024-10-08 23:02:55,313][INFO] Step 70: size: 70, coverage: 95.00%, cost: 234.0
[2024-10-08 23:02:55,321][INFO] Step 71: size: 71, coverage: 95.50%, cost: 241.0
[2024-10-08 23:02:55,329][INFO] Step 72: size: 72, coverage: 96.00%, cost: 248.0
[2024-10-08 23:02:55,337][INFO] Step 73: size: 73, coverage: 96.50%, cost: 256.0
[2024-10-08 23:02:55,345][INFO] Step 74: size: 74, coverage: 97.00%, cost: 264.0
[2024-10-08 23:02:55,354][INFO] Step 75: size: 75, coverage: 98.00%, cost: 280.0
[2024-10-08 23:02:55,362][INFO] Step 76: size: 76, coverage: 98.50%, cost: 289.0
[2024-10-08 23:02:55,370][INFO] Step 77: size: 77, coverage: 99.00%, cost: 299.0
[2024-10-08 23:02:55,378][INFO] Step 78: size: 78, coverage: 99.50%, cost: 316.0
[2024-10-08 23:02:55,387][INFO] Step 79: size: 79, coverage: 100.00%, cost: 333.0
[2024-10-08 23:02:55,387][INFO] Solved solution used 9 random steps
[2024-10-08 23:02:55,388][INFO] Size: 79 -> 72
[2024-10-08 23:02:55,388][INFO] Cost: 333.0 -> 316.0
[2024-10-08 23:07:48,793][INFO] Step 1: size: 1, coverage: 4.00%, cost: 1.0
[2024-10-08 23:07:48,799][INFO] Step 2: size: 2, coverage: 7.50%, cost: 2.0
[2024-10-08 23:07:48,805][INFO] Step 3: size: 3, coverage: 11.00%, cost: 3.0
[2024-10-08 23:07:48,812][INFO] Step 4: size: 4, coverage: 13.50%, cost: 4.0
[2024-10-08 23:07:48,818][INFO] Step 5: size: 5, coverage: 16.00%, cost: 5.0
[2024-10-08 23:07:48,824][INFO] Step 6: size: 6, coverage: 18.50%, cost: 6.0
[2024-10-08 23:07:48,831][INFO] Step 7: size: 7, coverage: 21.00%, cost: 7.0
[2024-10-08 23:07:48,837][INFO] Step 8: size: 8, coverage: 23.00%, cost: 8.0
[2024-10-08 23:07:48,844][INFO] Step 9: size: 9, coverage: 24.50%, cost: 9.0
[2024-10-08 23:07:48,850][INFO] Step 10: size: 10, coverage: 26.00%, cost: 10.0
[2024-10-08 23:07:48,857][INFO] Step 11: size: 11, coverage: 29.00%, cost: 12.0
[2024-10-08 23:07:48,863][INFO] Step 12: size: 12, coverage: 32.00%, cost: 14.0
[2024-10-08 23:07:48,870][INFO] Step 13: size: 13, coverage: 36.50%, cost: 17.0
[2024-10-08 23:07:48,876][INFO] Step 14: size: 14, coverage: 37.50%, cost: 18.0
[2024-10-08 23:07:48,883][INFO] Step 15: size: 15, coverage: 38.50%, cost: 19.0
[2024-10-08 23:07:48,889][INFO] Step 16: size: 16, coverage: 39.00%, cost: 20.0
[2024-10-08 23:07:48,896][INFO] Step 17: size: 17, coverage: 40.00%, cost: 21.0
[2024-10-08 23:07:48,902][INFO] Step 18: size: 18, coverage: 41.00%, cost: 22.0
[2024-10-08 23:07:48,909][INFO] Step 19: size: 19, coverage: 43.00%, cost: 24.0
[2024-10-08 23:07:48,915][INFO] Step 20: size: 20, coverage: 45.00%, cost: 26.0
[2024-10-08 23:07:48,922][INFO] Step 21: size: 21, coverage: 46.50%, cost: 28.0
[2024-10-08 23:07:48,929][INFO] Step 22: size: 22, coverage: 48.00%, cost: 30.0
[2024-10-08 23:07:48,935][INFO] Step 23: size: 23, coverage: 49.50%, cost: 32.0
[2024-10-08 23:07:48,942][INFO] Step 24: size: 24, coverage: 51.50%, cost: 35.0
[2024-10-08 23:07:48,949][INFO] Step 25: size: 25, coverage: 53.50%, cost: 38.0
[2024-10-08 23:07:48,955][INFO] Step 26: size: 26, coverage: 54.00%, cost: 39.0
[2024-10-08 23:07:48,962][INFO] Step 27: size: 27, coverage: 54.50%, cost: 40.0
[2024-10-08 23:07:48,969][INFO] Step 28: size: 28, coverage: 55.00%, cost: 41.0
[2024-10-08 23:07:48,976][INFO] Step 29: size: 29, coverage: 56.00%, cost: 43.0
[2024-10-08 23:07:48,983][INFO] Step 30: size: 30, coverage: 57.00%, cost: 45.0
[2024-10-08 23:07:48,990][INFO] Step 31: size: 31, coverage: 57.50%, cost: 47.0
[2024-10-08 23:07:48,996][INFO] Step 32: size: 32, coverage: 58.50%, cost: 49.0
[2024-10-08 23:07:49,003][INFO] Step 33: size: 33, coverage: 59.50%, cost: 51.0
[2024-10-08 23:07:49,010][INFO] Step 34: size: 34, coverage: 61.00%, cost: 54.0
[2024-10-08 23:07:49,017][INFO] Step 35: size: 35, coverage: 63.00%, cost: 58.0
[2024-10-08 23:07:49,024][INFO] Step 36: size: 36, coverage: 65.00%, cost: 62.0
[2024-10-08 23:07:49,031][INFO] Step 37: size: 37, coverage: 66.50%, cost: 66.0
[2024-10-08 23:07:49,038][INFO] Step 38: size: 38, coverage: 67.50%, cost: 69.0
[2024-10-08 23:07:49,045][INFO] Step 39: size: 39, coverage: 69.00%, cost: 74.0
[2024-10-08 23:07:49,052][INFO] Step 40: size: 40, coverage: 69.50%, cost: 76.0
[2024-10-08 23:07:49,059][INFO] Step 41: size: 41, coverage: 70.00%, cost: 78.0
[2024-10-08 23:07:49,066][INFO] Step 42: size: 42, coverage: 70.50%, cost: 80.0
[2024-10-08 23:07:49,073][INFO] Step 43: size: 43, coverage: 71.00%, cost: 82.0
[2024-10-08 23:07:49,081][INFO] Step 44: size: 44, coverage: 71.50%, cost: 84.0
[2024-10-08 23:07:49,088][INFO] Step 45: size: 45, coverage: 72.00%, cost: 86.0
[2024-10-08 23:07:49,095][INFO] Step 46: size: 46, coverage: 73.00%, cost: 90.0
[2024-10-08 23:07:49,102][INFO] Step 47: size: 47, coverage: 74.00%, cost: 94.0
[2024-10-08 23:07:49,110][INFO] Step 48: size: 48, coverage: 74.50%, cost: 97.0
[2024-10-08 23:07:49,117][INFO] Step 49: size: 49, coverage: 76.00%, cost: 103.0
[2024-10-08 23:07:49,124][INFO] Step 50: size: 50, coverage: 77.50%, cost: 109.0
[2024-10-08 23:07:49,132][INFO] Step 51: size: 51, coverage: 79.00%, cost: 116.0
[2024-10-08 23:07:49,139][INFO] Step 52: size: 52, coverage: 80.00%, cost: 121.0
[2024-10-08 23:07:49,146][INFO] Step 53: size: 53, coverage: 80.50%, cost: 124.0
[2024-10-08 23:07:49,154][INFO] Step 54: size: 54, coverage: 81.00%, cost: 127.0
[2024-10-08 23:07:49,161][INFO] Step 55: size: 55, coverage: 81.50%, cost: 130.0
[2024-10-08 23:07:49,169][INFO] Step 56: size: 56, coverage: 82.00%, cost: 133.0
[2024-10-08 23:07:49,177][INFO] Step 57: size: 57, coverage: 83.00%, cost: 139.0
[2024-10-08 23:07:49,184][INFO] Step 58: size: 58, coverage: 84.00%, cost: 145.0
[2024-10-08 23:07:49,192][INFO] Step 59: size: 59, coverage: 86.00%, cost: 157.0
[2024-10-08 23:07:49,199][INFO] Step 60: size: 60, coverage: 87.50%, cost: 167.0
[2024-10-08 23:07:49,207][INFO] Step 61: size: 61, coverage: 88.50%, cost: 174.0
[2024-10-08 23:07:49,215][INFO] Step 62: size: 62, coverage: 89.00%, cost: 178.0
[2024-10-08 23:07:49,222][INFO] Step 63: size: 63, coverage: 89.50%, cost: 182.0
[2024-10-08 23:07:49,230][INFO] Step 64: size: 64, coverage: 90.00%, cost: 186.0
[2024-10-08 23:07:49,238][INFO] Step 65: size: 65, coverage: 91.00%, cost: 195.0
[2024-10-08 23:07:49,246][INFO] Step 66: size: 66, coverage: 92.00%, cost: 204.0
[2024-10-08 23:07:49,253][INFO] Step 67: size: 67, coverage: 93.00%, cost: 213.0
[2024-10-08 23:07:49,261][INFO] Step 68: size: 68, coverage: 93.50%, cost: 218.0
[2024-10-08 23:07:49,269][INFO] Step 69: size: 69, coverage: 94.50%, cost: 228.0
[2024-10-08 23:07:49,277][INFO] Step 70: size: 70, coverage: 95.00%, cost: 234.0
[2024-10-08 23:07:49,285][INFO] Step 71: size: 71, coverage: 95.50%, cost: 241.0
[2024-10-08 23:07:49,293][INFO] Step 72: size: 72, coverage: 96.00%, cost: 248.0
[2024-10-08 23:07:49,301][INFO] Step 73: size: 73, coverage: 96.50%, cost: 256.0
[2024-10-08 23:07:49,309][INFO] Step 74: size: 74, coverage: 97.00%, cost: 264.0
[2024-10-08 23:07:49,317][INFO] Step 75: size: 75, coverage: 98.00%, cost: 280.0
[2024-10-08 23:07:49,326][INFO] Step 76: size: 76, coverage: 98.50%, cost: 289.0
[2024-10-08 23:07:49,334][INFO] Step 77: size: 77, coverage: 99.00%, cost: 299.0
[2024-10-08 23:07:49,342][INFO] Step 78: size: 78, coverage: 99.50%, cost: 316.0
[2024-10-08 23:07:49,351][INFO] Step 79: size: 79, coverage: 100.00%, cost: 333.0
[2024-10-08 23:07:49,351][INFO] Solved solution used 9 random steps
[2024-10-08 23:07:49,352][INFO] Size: 79 -> 72
[2024-10-08 23:07:49,352][INFO] Cost: 333.0 -> 316.0
[2024-10-13 15:18:28,287][INFO] Step 1: size: 1, coverage: 5.50%, cost: 69.0
[2024-10-13 15:18:28,296][INFO] Step 2: size: 2, coverage: 10.50%, cost: 115.0
[2024-10-13 15:18:28,303][INFO] Step 3: size: 3, coverage: 15.50%, cost: 165.0
[2024-10-13 15:18:28,310][INFO] Step 4: size: 4, coverage: 20.50%, cost: 216.0
[2024-10-13 15:18:28,317][INFO] Step 5: size: 5, coverage: 25.00%, cost: 272.0
[2024-10-13 15:18:28,323][INFO] Step 6: size: 6, coverage: 29.00%, cost: 287.0
[2024-10-13 15:18:28,330][INFO] Step 7: size: 7, coverage: 33.00%, cost: 321.0
[2024-10-13 15:18:28,337][INFO] Step 8: size: 8, coverage: 37.00%, cost: 379.0
[2024-10-13 15:18:28,343][INFO] Step 9: size: 9, coverage: 40.50%, cost: 382.0
[2024-10-13 15:18:28,350][INFO] Step 10: size: 10, coverage: 44.00%, cost: 402.0
[2024-10-13 15:18:28,356][INFO] Step 11: size: 11, coverage: 47.50%, cost: 443.0
[2024-10-13 15:18:28,363][INFO] Step 12: size: 12, coverage: 51.00%, cost: 523.0
[2024-10-13 15:18:28,369][INFO] Step 13: size: 13, coverage: 54.50%, cost: 606.0
[2024-10-13 15:18:28,376][INFO] Step 14: size: 14, coverage: 57.50%, cost: 607.0
[2024-10-13 15:18:28,383][INFO] Step 15: size: 15, coverage: 60.50%, cost: 609.0
[2024-10-13 15:18:28,389][INFO] Step 16: size: 16, coverage: 63.50%, cost: 615.0
[2024-10-13 15:18:28,396][INFO] Step 17: size: 17, coverage: 66.00%, cost: 629.0
[2024-10-13 15:18:28,402][INFO] Step 18: size: 18, coverage: 68.50%, cost: 652.0
[2024-10-13 15:18:28,409][INFO] Step 19: size: 19, coverage: 71.00%, cost: 735.0
[2024-10-13 15:18:28,416][INFO] Step 20: size: 20, coverage: 73.00%, cost: 737.0
[2024-10-13 15:18:28,422][INFO] Step 21: size: 21, coverage: 75.00%, cost: 750.0
[2024-10-13 15:18:28,429][INFO] Step 22: size: 22, coverage: 77.00%, cost: 763.0
[2024-10-13 15:18:28,436][INFO] Step 23: size: 23, coverage: 79.00%, cost: 776.0
[2024-10-13 15:18:28,443][INFO] Step 24: size: 24, coverage: 81.00%, cost: 795.0
[2024-10-13 15:18:28,449][INFO] Step 25: size: 25, coverage: 83.00%, cost: 856.0
[2024-10-13 15:18:28,456][INFO] Step 26: size: 26, coverage: 85.00%, cost: 926.0
[2024-10-13 15:18:28,463][INFO] Step 27: size: 27, coverage: 86.50%, cost: 929.0
[2024-10-13 15:18:28,470][INFO] Step 28: size: 28, coverage: 88.00%, cost: 938.0
[2024-10-13 15:18:28,477][INFO] Step 29: size: 29, coverage: 89.50%, cost: 950.0
[2024-10-13 15:18:28,484][INFO] Step 30: size: 30, coverage: 91.00%, cost: 962.0
[2024-10-13 15:18:28,491][INFO] Step 31: size: 31, coverage: 92.50%, cost: 984.0
[2024-10-13 15:18:28,498][INFO] Step 32: size: 32, coverage: 94.00%, cost: 1027.0
[2024-10-13 15:18:28,506][INFO] Step 33: size: 33, coverage: 95.00%, cost: 1030.0
[2024-10-13 15:18:28,513][INFO] Step 34: size: 34, coverage: 96.00%, cost: 1038.0
[2024-10-13 15:18:28,520][INFO] Step 35: size: 35, coverage: 97.00%, cost: 1057.0
[2024-10-13 15:18:28,527][INFO] Step 36: size: 36, coverage: 98.00%, cost: 1077.0
[2024-10-13 15:18:28,534][INFO] Step 37: size: 37, coverage: 99.00%, cost: 1120.0
[2024-10-13 15:18:28,542][INFO] Step 38: size: 38, coverage: 100.00%, cost: 1199.0
[2024-10-13 15:18:28,543][INFO] Size: 38 -> 38
[2024-10-13 15:18:28,543][INFO] Cost: 1199.0 -> 1199.0
[2024-10-13 15:39:45,107][INFO] Step 1: size: 1, coverage: 4.00%, cost: 1.0
[2024-10-13 15:39:45,114][INFO] Step 2: size: 2, coverage: 7.50%, cost: 2.0
[2024-10-13 15:39:45,120][INFO] Step 3: size: 3, coverage: 11.00%, cost: 3.0
[2024-10-13 15:39:45,126][INFO] Step 4: size: 4, coverage: 12.00%, cost: 79.0
[2024-10-13 15:39:45,133][INFO] Step 5: size: 5, coverage: 14.50%, cost: 80.0
[2024-10-13 15:39:45,139][INFO] Step 6: size: 6, coverage: 17.00%, cost: 81.0
[2024-10-13 15:39:45,145][INFO] Step 7: size: 7, coverage: 19.50%, cost: 82.0
[2024-10-13 15:39:45,152][INFO] Step 8: size: 8, coverage: 21.00%, cost: 122.0
[2024-10-13 15:39:45,158][INFO] Step 9: size: 9, coverage: 23.50%, cost: 123.0
[2024-10-13 15:39:45,165][INFO] Step 10: size: 10, coverage: 25.50%, cost: 124.0
[2024-10-13 15:39:45,171][INFO] Step 11: size: 11, coverage: 27.00%, cost: 125.0
[2024-10-13 15:39:45,178][INFO] Step 12: size: 12, coverage: 28.50%, cost: 126.0
[2024-10-13 15:39:45,185][INFO] Step 13: size: 13, coverage: 31.50%, cost: 128.0
[2024-10-13 15:39:45,191][INFO] Step 14: size: 14, coverage: 34.50%, cost: 130.0
[2024-10-13 15:39:45,198][INFO] Step 15: size: 15, coverage: 39.00%, cost: 133.0
[2024-10-13 15:39:45,204][INFO] Step 16: size: 16, coverage: 41.00%, cost: 214.0
[2024-10-13 15:39:45,211][INFO] Step 17: size: 17, coverage: 42.00%, cost: 215.0
[2024-10-13 15:39:45,217][INFO] Step 18: size: 18, coverage: 43.00%, cost: 216.0
[2024-10-13 15:39:45,224][INFO] Step 19: size: 19, coverage: 44.50%, cost: 286.0
[2024-10-13 15:39:45,230][INFO] Step 20: size: 20, coverage: 45.50%, cost: 287.0
[2024-10-13 15:39:45,237][INFO] Step 21: size: 21, coverage: 47.00%, cost: 320.0
[2024-10-13 15:39:45,244][INFO] Step 22: size: 22, coverage: 48.00%, cost: 321.0
[2024-10-13 15:39:45,250][INFO] Step 23: size: 23, coverage: 50.00%, cost: 323.0
[2024-10-13 15:39:45,257][INFO] Step 24: size: 24, coverage: 52.00%, cost: 325.0
[2024-10-13 15:39:45,264][INFO] Step 25: size: 25, coverage: 53.00%, cost: 388.0
[2024-10-13 15:39:45,271][INFO] Step 26: size: 26, coverage: 54.50%, cost: 390.0
[2024-10-13 15:39:45,278][INFO] Step 27: size: 27, coverage: 56.50%, cost: 393.0
[2024-10-13 15:39:45,284][INFO] Step 28: size: 28, coverage: 57.50%, cost: 460.0
[2024-10-13 15:39:45,291][INFO] Step 29: size: 29, coverage: 58.00%, cost: 461.0
[2024-10-13 15:39:45,298][INFO] Step 30: size: 30, coverage: 58.50%, cost: 462.0
[2024-10-13 15:39:45,305][INFO] Step 31: size: 31, coverage: 60.00%, cost: 508.0
[2024-10-13 15:39:45,312][INFO] Step 32: size: 32, coverage: 60.50%, cost: 525.0
[2024-10-13 15:39:45,319][INFO] Step 33: size: 33, coverage: 61.00%, cost: 526.0
[2024-10-13 15:39:45,326][INFO] Step 34: size: 34, coverage: 62.00%, cost: 578.0
[2024-10-13 15:39:45,333][INFO] Step 35: size: 35, coverage: 62.50%, cost: 579.0
[2024-10-13 15:39:45,341][INFO] Step 36: size: 36, coverage: 63.50%, cost: 581.0
[2024-10-13 15:39:45,348][INFO] Step 37: size: 37, coverage: 64.50%, cost: 583.0
[2024-10-13 15:39:45,355][INFO] Step 38: size: 38, coverage: 65.00%, cost: 679.0
[2024-10-13 15:39:45,362][INFO] Step 39: size: 39, coverage: 66.00%, cost: 681.0
[2024-10-13 15:39:45,369][INFO] Step 40: size: 40, coverage: 67.00%, cost: 683.0
[2024-10-13 15:39:45,377][INFO] Step 41: size: 41, coverage: 68.00%, cost: 685.0
[2024-10-13 15:39:45,384][INFO] Step 42: size: 42, coverage: 69.50%, cost: 688.0
[2024-10-13 15:39:45,391][INFO] Step 43: size: 43, coverage: 71.50%, cost: 692.0
[2024-10-13 15:39:45,399][INFO] Step 44: size: 44, coverage: 72.00%, cost: 716.0
[2024-10-13 15:39:45,406][INFO] Step 45: size: 45, coverage: 73.50%, cost: 721.0
[2024-10-13 15:39:45,414][INFO] Step 46: size: 46, coverage: 74.00%, cost: 723.0
[2024-10-13 15:39:45,421][INFO] Step 47: size: 47, coverage: 74.50%, cost: 776.0
[2024-10-13 15:39:45,429][INFO] Step 48: size: 48, coverage: 75.00%, cost: 778.0
[2024-10-13 15:39:45,437][INFO] Step 49: size: 49, coverage: 75.50%, cost: 780.0
[2024-10-13 15:39:45,444][INFO] Step 50: size: 50, coverage: 76.00%, cost: 782.0
[2024-10-13 15:39:45,452][INFO] Step 51: size: 51, coverage: 76.50%, cost: 816.0
[2024-10-13 15:39:45,460][INFO] Step 52: size: 52, coverage: 77.00%, cost: 818.0
[2024-10-13 15:39:45,467][INFO] Step 53: size: 53, coverage: 77.50%, cost: 913.0
[2024-10-13 15:39:45,475][INFO] Step 54: size: 54, coverage: 78.00%, cost: 916.0
[2024-10-13 15:39:45,483][INFO] Step 55: size: 55, coverage: 78.50%, cost: 1000.0
[2024-10-13 15:39:45,491][INFO] Step 56: size: 56, coverage: 79.00%, cost: 1002.0
[2024-10-13 15:39:45,499][INFO] Step 57: size: 57, coverage: 80.00%, cost: 1006.0
[2024-10-13 15:39:45,507][INFO] Step 58: size: 58, coverage: 81.00%, cost: 1010.0
[2024-10-13 15:39:45,515][INFO] Step 59: size: 59, coverage: 82.50%, cost: 1016.0
[2024-10-13 15:39:45,523][INFO] Step 60: size: 60, coverage: 83.50%, cost: 1021.0
[2024-10-13 15:39:45,531][INFO] Step 61: size: 61, coverage: 84.00%, cost: 1042.0
[2024-10-13 15:39:45,539][INFO] Step 62: size: 62, coverage: 85.00%, cost: 1047.0
[2024-10-13 15:39:45,547][INFO] Step 63: size: 63, coverage: 85.50%, cost: 1144.0
[2024-10-13 15:39:45,555][INFO] Step 64: size: 64, coverage: 86.50%, cost: 1167.0
[2024-10-13 15:39:45,563][INFO] Step 65: size: 65, coverage: 87.00%, cost: 1264.0
[2024-10-13 15:39:45,572][INFO] Step 66: size: 66, coverage: 87.50%, cost: 1267.0
[2024-10-13 15:39:45,580][INFO] Step 67: size: 67, coverage: 88.50%, cost: 1273.0
[2024-10-13 15:39:45,588][INFO] Step 68: size: 68, coverage: 90.50%, cost: 1285.0
[2024-10-13 15:39:45,597][INFO] Step 69: size: 69, coverage: 91.50%, cost: 1292.0
[2024-10-13 15:39:45,605][INFO] Step 70: size: 70, coverage: 92.50%, cost: 1299.0
[2024-10-13 15:39:45,614][INFO] Step 71: size: 71, coverage: 93.00%, cost: 1303.0
[2024-10-13 15:39:45,622][INFO] Step 72: size: 72, coverage: 93.50%, cost: 1397.0
[2024-10-13 15:39:45,631][INFO] Step 73: size: 73, coverage: 94.00%, cost: 1401.0
[2024-10-13 15:39:45,640][INFO] Step 74: size: 74, coverage: 94.50%, cost: 1406.0
[2024-10-13 15:39:45,648][INFO] Step 75: size: 75, coverage: 95.50%, cost: 1416.0
[2024-10-13 15:39:45,657][INFO] Step 76: size: 76, coverage: 96.00%, cost: 1422.0
[2024-10-13 15:39:45,666][INFO] Step 77: size: 77, coverage: 96.50%, cost: 1428.0
[2024-10-13 15:39:45,674][INFO] Step 78: size: 78, coverage: 97.00%, cost: 1434.0
[2024-10-13 15:39:45,683][INFO] Step 79: size: 79, coverage: 98.00%, cost: 1447.0
[2024-10-13 15:39:45,692][INFO] Step 80: size: 80, coverage: 98.50%, cost: 1454.0
[2024-10-13 15:39:45,701][INFO] Step 81: size: 81, coverage: 99.00%, cost: 1461.0
[2024-10-13 15:39:45,710][INFO] Step 82: size: 82, coverage: 99.50%, cost: 1469.0
[2024-10-13 15:39:45,719][INFO] Step 83: size: 83, coverage: 100.00%, cost: 1553.0
[2024-10-13 15:39:45,719][INFO] Solved solution used 23 random steps
[2024-10-13 15:39:45,720][INFO] Size: 83 -> 71
[2024-10-13 15:39:45,720][INFO] Cost: 1553.0 -> 1163.0
[2024-10-13 15:58:30,848][INFO] Step 1: size: 1, coverage: 4.00%, cost: 1.0
[2024-10-13 15:58:30,855][INFO] Step 2: size: 2, coverage: 7.50%, cost: 68.0
[2024-10-13 15:58:30,861][INFO] Step 3: size: 3, coverage: 11.00%, cost: 69.0
[2024-10-13 15:58:30,868][INFO] Step 4: size: 4, coverage: 14.50%, cost: 70.0
[2024-10-13 15:58:30,874][INFO] Step 5: size: 5, coverage: 15.50%, cost: 121.0
[2024-10-13 15:58:30,881][INFO] Step 6: size: 6, coverage: 17.50%, cost: 128.0
[2024-10-13 15:58:30,887][INFO] Step 7: size: 7, coverage: 20.00%, cost: 129.0
[2024-10-13 15:58:30,893][INFO] Step 8: size: 8, coverage: 22.50%, cost: 130.0
[2024-10-13 15:58:30,900][INFO] Step 9: size: 9, coverage: 23.00%, cost: 165.0
[2024-10-13 15:58:30,907][INFO] Step 10: size: 10, coverage: 25.50%, cost: 166.0
[2024-10-13 15:58:30,913][INFO] Step 11: size: 11, coverage: 27.50%, cost: 167.0
[2024-10-13 15:58:30,920][INFO] Step 12: size: 12, coverage: 29.00%, cost: 168.0
[2024-10-13 15:58:30,927][INFO] Step 13: size: 13, coverage: 30.50%, cost: 169.0
[2024-10-13 15:58:30,933][INFO] Step 14: size: 14, coverage: 32.00%, cost: 170.0
[2024-10-13 15:58:30,940][INFO] Step 15: size: 15, coverage: 36.50%, cost: 173.0
[2024-10-13 15:58:30,947][INFO] Step 16: size: 16, coverage: 39.00%, cost: 175.0
[2024-10-13 15:58:30,953][INFO] Step 17: size: 17, coverage: 39.50%, cost: 240.0
[2024-10-13 15:58:30,960][INFO] Step 18: size: 18, coverage: 40.50%, cost: 241.0
[2024-10-13 15:58:30,967][INFO] Step 19: size: 19, coverage: 41.50%, cost: 242.0
[2024-10-13 15:58:30,974][INFO] Step 20: size: 20, coverage: 42.50%, cost: 243.0
[2024-10-13 15:58:30,980][INFO] Step 21: size: 21, coverage: 43.50%, cost: 244.0
[2024-10-13 15:58:30,987][INFO] Step 22: size: 22, coverage: 45.50%, cost: 246.0
[2024-10-13 15:58:30,994][INFO] Step 23: size: 23, coverage: 47.50%, cost: 248.0
[2024-10-13 15:58:31,001][INFO] Step 24: size: 24, coverage: 49.00%, cost: 250.0
[2024-10-13 15:58:31,008][INFO] Step 25: size: 25, coverage: 50.50%, cost: 252.0
[2024-10-13 15:58:31,015][INFO] Step 26: size: 26, coverage: 52.00%, cost: 254.0
[2024-10-13 15:58:31,022][INFO] Step 27: size: 27, coverage: 54.00%, cost: 257.0
[2024-10-13 15:58:31,028][INFO] Step 28: size: 28, coverage: 56.00%, cost: 260.0
[2024-10-13 15:58:31,035][INFO] Step 29: size: 29, coverage: 58.50%, cost: 264.0
[2024-10-13 15:58:31,042][INFO] Step 30: size: 30, coverage: 59.00%, cost: 299.0
[2024-10-13 15:58:31,049][INFO] Step 31: size: 31, coverage: 59.50%, cost: 300.0
[2024-10-13 15:58:31,057][INFO] Step 32: size: 32, coverage: 60.00%, cost: 301.0
[2024-10-13 15:58:31,064][INFO] Step 33: size: 33, coverage: 60.50%, cost: 302.0
[2024-10-13 15:58:31,071][INFO] Step 34: size: 34, coverage: 61.00%, cost: 303.0
[2024-10-13 15:58:31,078][INFO] Step 35: size: 35, coverage: 62.00%, cost: 305.0
[2024-10-13 15:58:31,085][INFO] Step 36: size: 36, coverage: 63.00%, cost: 307.0
[2024-10-13 15:58:31,092][INFO] Step 37: size: 37, coverage: 64.00%, cost: 309.0
[2024-10-13 15:58:31,099][INFO] Step 38: size: 38, coverage: 65.00%, cost: 311.0
[2024-10-13 15:58:31,107][INFO] Step 39: size: 39, coverage: 67.00%, cost: 315.0
[2024-10-13 15:58:31,114][INFO] Step 40: size: 40, coverage: 69.00%, cost: 320.0
[2024-10-13 15:58:31,121][INFO] Step 41: size: 41, coverage: 70.50%, cost: 324.0
[2024-10-13 15:58:31,128][INFO] Step 42: size: 42, coverage: 72.00%, cost: 329.0
[2024-10-13 15:58:31,136][INFO] Step 43: size: 43, coverage: 72.50%, cost: 331.0
[2024-10-13 15:58:31,143][INFO] Step 44: size: 44, coverage: 73.00%, cost: 333.0
[2024-10-13 15:58:31,150][INFO] Step 45: size: 45, coverage: 73.50%, cost: 335.0
[2024-10-13 15:58:31,158][INFO] Step 46: size: 46, coverage: 74.00%, cost: 337.0
[2024-10-13 15:58:31,165][INFO] Step 47: size: 47, coverage: 74.50%, cost: 339.0
[2024-10-13 15:58:31,173][INFO] Step 48: size: 48, coverage: 75.00%, cost: 341.0
[2024-10-13 15:58:31,180][INFO] Step 49: size: 49, coverage: 76.50%, cost: 347.0
[2024-10-13 15:58:31,188][INFO] Step 50: size: 50, coverage: 78.00%, cost: 353.0
[2024-10-13 15:58:31,196][INFO] Step 51: size: 51, coverage: 78.50%, cost: 375.0
[2024-10-13 15:58:31,203][INFO] Step 52: size: 52, coverage: 79.00%, cost: 469.0
[2024-10-13 15:58:31,211][INFO] Step 53: size: 53, coverage: 80.50%, cost: 476.0
[2024-10-13 15:58:31,219][INFO] Step 54: size: 54, coverage: 82.00%, cost: 483.0
[2024-10-13 15:58:31,227][INFO] Step 55: size: 55, coverage: 82.50%, cost: 486.0
[2024-10-13 15:58:31,234][INFO] Step 56: size: 56, coverage: 83.00%, cost: 489.0
[2024-10-13 15:58:31,242][INFO] Step 57: size: 57, coverage: 83.50%, cost: 492.0
[2024-10-13 15:58:31,250][INFO] Step 58: size: 58, coverage: 84.00%, cost: 495.0
[2024-10-13 15:58:31,258][INFO] Step 59: size: 59, coverage: 85.00%, cost: 501.0
[2024-10-13 15:58:31,265][INFO] Step 60: size: 60, coverage: 86.00%, cost: 507.0
[2024-10-13 15:58:31,273][INFO] Step 61: size: 61, coverage: 87.50%, cost: 517.0
[2024-10-13 15:58:31,281][INFO] Step 62: size: 62, coverage: 88.50%, cost: 524.0
[2024-10-13 15:58:31,289][INFO] Step 63: size: 63, coverage: 89.00%, cost: 528.0
[2024-10-13 15:58:31,297][INFO] Step 64: size: 64, coverage: 89.50%, cost: 532.0
[2024-10-13 15:58:31,305][INFO] Step 65: size: 65, coverage: 90.00%, cost: 594.0
[2024-10-13 15:58:31,313][INFO] Step 66: size: 66, coverage: 90.50%, cost: 600.0
[2024-10-13 15:58:31,321][INFO] Step 67: size: 67, coverage: 91.00%, cost: 604.0
[2024-10-13 15:58:31,330][INFO] Step 68: size: 68, coverage: 91.50%, cost: 608.0
[2024-10-13 15:58:31,338][INFO] Step 69: size: 69, coverage: 92.50%, cost: 617.0
[2024-10-13 15:58:31,346][INFO] Step 70: size: 70, coverage: 93.00%, cost: 622.0
[2024-10-13 15:58:31,354][INFO] Step 71: size: 71, coverage: 94.00%, cost: 632.0
[2024-10-13 15:58:31,363][INFO] Step 72: size: 72, coverage: 95.00%, cost: 643.0
[2024-10-13 15:58:31,372][INFO] Step 73: size: 73, coverage: 95.50%, cost: 649.0
[2024-10-13 15:58:31,380][INFO] Step 74: size: 74, coverage: 96.00%, cost: 678.0
[2024-10-13 15:58:31,388][INFO] Step 75: size: 75, coverage: 96.50%, cost: 684.0
[2024-10-13 15:58:31,397][INFO] Step 76: size: 76, coverage: 97.50%, cost: 696.0
[2024-10-13 15:58:31,405][INFO] Step 77: size: 77, coverage: 98.00%, cost: 705.0
[2024-10-13 15:58:31,414][INFO] Step 78: size: 78, coverage: 98.50%, cost: 715.0
[2024-10-13 15:58:31,422][INFO] Step 79: size: 79, coverage: 99.00%, cost: 725.0
[2024-10-13 15:58:31,431][INFO] Step 80: size: 80, coverage: 99.50%, cost: 770.0
[2024-10-13 15:58:31,440][INFO] Step 81: size: 81, coverage: 100.00%, cost: 787.0
[2024-10-13 15:58:31,440][INFO] Solved solution used 12 random steps
[2024-10-13 15:58:31,441][INFO] Size: 81 -> 74
[2024-10-13 15:58:31,441][INFO] Cost: 787.0 -> 628.0
[2024-10-13 16:04:29,692][INFO] Step 1: size: 1, coverage: 4.00%, cost: 1.0
[2024-10-13 16:04:29,699][INFO] Step 2: size: 2, coverage: 7.50%, cost: 2.0
[2024-10-13 16:04:29,705][INFO] Step 3: size: 3, coverage: 11.00%, cost: 3.0
[2024-10-13 16:04:29,712][INFO] Step 4: size: 4, coverage: 13.50%, cost: 4.0
[2024-10-13 16:04:29,718][INFO] Step 5: size: 5, coverage: 16.00%, cost: 5.0
[2024-10-13 16:04:29,725][INFO] Step 6: size: 6, coverage: 18.50%, cost: 6.0
[2024-10-13 16:04:29,732][INFO] Step 7: size: 7, coverage: 21.00%, cost: 7.0
[2024-10-13 16:04:29,738][INFO] Step 8: size: 8, coverage: 23.00%, cost: 8.0
[2024-10-13 16:04:29,745][INFO] Step 9: size: 9, coverage: 24.50%, cost: 9.0
[2024-10-13 16:04:29,752][INFO] Step 10: size: 10, coverage: 26.00%, cost: 10.0
[2024-10-13 16:04:29,758][INFO] Step 11: size: 11, coverage: 29.00%, cost: 12.0
[2024-10-13 16:04:29,765][INFO] Step 12: size: 12, coverage: 32.00%, cost: 14.0
[2024-10-13 16:04:29,772][INFO] Step 13: size: 13, coverage: 36.50%, cost: 17.0
[2024-10-13 16:04:29,779][INFO] Step 14: size: 14, coverage: 37.50%, cost: 18.0
[2024-10-13 16:04:29,785][INFO] Step 15: size: 15, coverage: 38.50%, cost: 19.0
[2024-10-13 16:04:29,792][INFO] Step 16: size: 16, coverage: 39.00%, cost: 20.0
[2024-10-13 16:04:29,799][INFO] Step 17: size: 17, coverage: 40.00%, cost: 21.0
[2024-10-13 16:04:29,805][INFO] Step 18: size: 18, coverage: 41.00%, cost: 22.0
[2024-10-13 16:04:29,812][INFO] Step 19: size: 19, coverage: 43.00%, cost: 24.0
[2024-10-13 16:04:29,819][INFO] Step 20: size: 20, coverage: 45.00%, cost: 26.0
[2024-10-13 16:04:29,826][INFO] Step 21: size: 21, coverage: 46.50%, cost: 28.0
[2024-10-13 16:04:29,833][INFO] Step 22: size: 22, coverage: 48.00%, cost: 30.0
[2024-10-13 16:04:29,840][INFO] Step 23: size: 23, coverage: 49.50%, cost: 32.0
[2024-10-13 16:04:29,846][INFO] Step 24: size: 24, coverage: 51.50%, cost: 35.0
[2024-10-13 16:04:29,853][INFO] Step 25: size: 25, coverage: 53.50%, cost: 38.0
[2024-10-13 16:04:29,860][INFO] Step 26: size: 26, coverage: 54.00%, cost: 39.0
[2024-10-13 16:04:29,867][INFO] Step 27: size: 27, coverage: 54.50%, cost: 40.0
[2024-10-13 16:04:29,874][INFO] Step 28: size: 28, coverage: 55.00%, cost: 41.0
[2024-10-13 16:04:29,881][INFO] Step 29: size: 29, coverage: 56.00%, cost: 43.0
[2024-10-13 16:04:29,888][INFO] Step 30: size: 30, coverage: 57.00%, cost: 45.0
[2024-10-13 16:04:29,895][INFO] Step 31: size: 31, coverage: 57.50%, cost: 47.0
[2024-10-13 16:04:29,903][INFO] Step 32: size: 32, coverage: 58.50%, cost: 49.0
[2024-10-13 16:04:29,910][INFO] Step 33: size: 33, coverage: 59.50%, cost: 51.0
[2024-10-13 16:04:29,917][INFO] Step 34: size: 34, coverage: 61.00%, cost: 54.0
[2024-10-13 16:04:29,924][INFO] Step 35: size: 35, coverage: 63.00%, cost: 58.0
[2024-10-13 16:04:29,931][INFO] Step 36: size: 36, coverage: 65.00%, cost: 62.0
[2024-10-13 16:04:29,938][INFO] Step 37: size: 37, coverage: 66.50%, cost: 66.0
[2024-10-13 16:04:29,945][INFO] Step 38: size: 38, coverage: 67.50%, cost: 69.0
[2024-10-13 16:04:29,953][INFO] Step 39: size: 39, coverage: 69.00%, cost: 74.0
[2024-10-13 16:04:29,960][INFO] Step 40: size: 40, coverage: 69.50%, cost: 76.0
[2024-10-13 16:04:29,967][INFO] Step 41: size: 41, coverage: 70.00%, cost: 78.0
[2024-10-13 16:04:29,975][INFO] Step 42: size: 42, coverage: 70.50%, cost: 80.0
[2024-10-13 16:04:29,982][INFO] Step 43: size: 43, coverage: 71.00%, cost: 82.0
[2024-10-13 16:04:29,989][INFO] Step 44: size: 44, coverage: 71.50%, cost: 84.0
[2024-10-13 16:04:29,997][INFO] Step 45: size: 45, coverage: 72.00%, cost: 86.0
[2024-10-13 16:04:30,004][INFO] Step 46: size: 46, coverage: 73.00%, cost: 90.0
[2024-10-13 16:04:30,012][INFO] Step 47: size: 47, coverage: 74.00%, cost: 94.0
[2024-10-13 16:04:30,019][INFO] Step 48: size: 48, coverage: 74.50%, cost: 97.0
[2024-10-13 16:04:30,027][INFO] Step 49: size: 49, coverage: 76.00%, cost: 103.0
[2024-10-13 16:04:30,034][INFO] Step 50: size: 50, coverage: 77.50%, cost: 109.0
[2024-10-13 16:04:30,042][INFO] Step 51: size: 51, coverage: 79.00%, cost: 116.0
[2024-10-13 16:04:30,049][INFO] Step 52: size: 52, coverage: 80.00%, cost: 121.0
[2024-10-13 16:04:30,057][INFO] Step 53: size: 53, coverage: 80.50%, cost: 124.0
[2024-10-13 16:04:30,065][INFO] Step 54: size: 54, coverage: 81.00%, cost: 127.0
[2024-10-13 16:04:30,072][INFO] Step 55: size: 55, coverage: 81.50%, cost: 130.0
[2024-10-13 16:04:30,080][INFO] Step 56: size: 56, coverage: 82.00%, cost: 133.0
[2024-10-13 16:04:30,088][INFO] Step 57: size: 57, coverage: 83.00%, cost: 139.0
[2024-10-13 16:04:30,096][INFO] Step 58: size: 58, coverage: 84.00%, cost: 145.0
[2024-10-13 16:04:30,103][INFO] Step 59: size: 59, coverage: 86.00%, cost: 157.0
[2024-10-13 16:04:30,111][INFO] Step 60: size: 60, coverage: 87.50%, cost: 167.0
[2024-10-13 16:04:30,119][INFO] Step 61: size: 61, coverage: 88.50%, cost: 174.0
[2024-10-13 16:04:30,127][INFO] Step 62: size: 62, coverage: 89.00%, cost: 178.0
[2024-10-13 16:04:30,135][INFO] Step 63: size: 63, coverage: 89.50%, cost: 182.0
[2024-10-13 16:04:30,143][INFO] Step 64: size: 64, coverage: 90.00%, cost: 186.0
[2024-10-13 16:04:30,151][INFO] Step 65: size: 65, coverage: 91.00%, cost: 195.0
[2024-10-13 16:04:30,159][INFO] Step 66: size: 66, coverage: 92.00%, cost: 204.0
[2024-10-13 16:04:30,167][INFO] Step 67: size: 67, coverage: 93.00%, cost: 213.0
[2024-10-13 16:04:30,175][INFO] Step 68: size: 68, coverage: 93.50%, cost: 218.0
[2024-10-13 16:04:30,183][INFO] Step 69: size: 69, coverage: 94.50%, cost: 228.0
[2024-10-13 16:04:30,191][INFO] Step 70: size: 70, coverage: 95.00%, cost: 234.0
[2024-10-13 16:04:30,199][INFO] Step 71: size: 71, coverage: 95.50%, cost: 241.0
[2024-10-13 16:04:30,207][INFO] Step 72: size: 72, coverage: 96.00%, cost: 248.0
[2024-10-13 16:04:30,216][INFO] Step 73: size: 73, coverage: 96.50%, cost: 256.0
[2024-10-13 16:04:30,224][INFO] Step 74: size: 74, coverage: 97.00%, cost: 264.0
[2024-10-13 16:04:30,232][INFO] Step 75: size: 75, coverage: 98.00%, cost: 280.0
[2024-10-13 16:04:30,241][INFO] Step 76: size: 76, coverage: 98.50%, cost: 289.0
[2024-10-13 16:04:30,249][INFO] Step 77: size: 77, coverage: 99.00%, cost: 299.0
[2024-10-13 16:04:30,258][INFO] Step 78: size: 78, coverage: 99.50%, cost: 316.0
[2024-10-13 16:04:30,266][INFO] Step 79: size: 79, coverage: 100.00%, cost: 333.0
[2024-10-13 16:04:30,266][INFO] Solved solution used 9 random steps
[2024-10-13 16:04:30,268][INFO] Size: 79 -> 72
[2024-10-13 16:04:30,268][INFO] Cost: 333.0 -> 316.0
[2024-10-13 16:10:02,200][INFO] Step 1: size: 1, coverage: 4.00%, cost: 1.0
[2024-10-13 16:10:02,206][INFO] Step 2: size: 2, coverage: 7.50%, cost: 2.0
[2024-10-13 16:10:02,212][INFO] Step 3: size: 3, coverage: 11.00%, cost: 3.0
[2024-10-13 16:10:02,219][INFO] Step 4: size: 4, coverage: 13.50%, cost: 4.0
[2024-10-13 16:10:02,225][INFO] Step 5: size: 5, coverage: 16.00%, cost: 5.0
[2024-10-13 16:10:02,232][INFO] Step 6: size: 6, coverage: 18.50%, cost: 6.0
[2024-10-13 16:10:02,238][INFO] Step 7: size: 7, coverage: 21.00%, cost: 7.0
[2024-10-13 16:10:02,244][INFO] Step 8: size: 8, coverage: 23.00%, cost: 8.0
[2024-10-13 16:10:02,251][INFO] Step 9: size: 9, coverage: 24.50%, cost: 9.0
[2024-10-13 16:10:02,257][INFO] Step 10: size: 10, coverage: 26.00%, cost: 10.0
[2024-10-13 16:10:02,264][INFO] Step 11: size: 11, coverage: 29.00%, cost: 12.0
[2024-10-13 16:10:02,270][INFO] Step 12: size: 12, coverage: 32.00%, cost: 14.0
[2024-10-13 16:10:02,277][INFO] Step 13: size: 13, coverage: 36.50%, cost: 17.0
[2024-10-13 16:10:02,283][INFO] Step 14: size: 14, coverage: 37.50%, cost: 18.0
[2024-10-13 16:10:02,290][INFO] Step 15: size: 15, coverage: 38.50%, cost: 19.0
[2024-10-13 16:10:02,296][INFO] Step 16: size: 16, coverage: 39.00%, cost: 20.0
[2024-10-13 16:10:02,302][INFO] Step 17: size: 17, coverage: 40.00%, cost: 21.0
[2024-10-13 16:10:02,309][INFO] Step 18: size: 18, coverage: 41.00%, cost: 22.0
[2024-10-13 16:10:02,316][INFO] Step 19: size: 19, coverage: 43.00%, cost: 24.0
[2024-10-13 16:10:02,322][INFO] Step 20: size: 20, coverage: 45.00%, cost: 26.0
[2024-10-13 16:10:02,329][INFO] Step 21: size: 21, coverage: 46.50%, cost: 28.0
[2024-10-13 16:10:02,335][INFO] Step 22: size: 22, coverage: 48.00%, cost: 30.0
[2024-10-13 16:10:02,342][INFO] Step 23: size: 23, coverage: 49.50%, cost: 32.0
[2024-10-13 16:10:02,349][INFO] Step 24: size: 24, coverage: 51.50%, cost: 35.0
[2024-10-13 16:10:02,355][INFO] Step 25: size: 25, coverage: 53.50%, cost: 38.0
[2024-10-13 16:10:02,362][INFO] Step 26: size: 26, coverage: 54.00%, cost: 39.0
[2024-10-13 16:10:02,369][INFO] Step 27: size: 27, coverage: 54.50%, cost: 40.0
[2024-10-13 16:10:02,375][INFO] Step 28: size: 28, coverage: 55.00%, cost: 41.0
[2024-10-13 16:10:02,382][INFO] Step 29: size: 29, coverage: 56.00%, cost: 43.0
[2024-10-13 16:10:02,389][INFO] Step 30: size: 30, coverage: 57.00%, cost: 45.0
[2024-10-13 16:10:02,396][INFO] Step 31: size: 31, coverage: 57.50%, cost: 47.0
[2024-10-13 16:10:02,403][INFO] Step 32: size: 32, coverage: 58.50%, cost: 49.0
[2024-10-13 16:10:02,409][INFO] Step 33: size: 33, coverage: 59.50%, cost: 51.0
[2024-10-13 16:10:02,416][INFO] Step 34: size: 34, coverage: 61.00%, cost: 54.0
[2024-10-13 16:10:02,423][INFO] Step 35: size: 35, coverage: 63.00%, cost: 58.0
[2024-10-13 16:10:02,430][INFO] Step 36: size: 36, coverage: 65.00%, cost: 62.0
[2024-10-13 16:10:02,437][INFO] Step 37: size: 37, coverage: 66.50%, cost: 66.0
[2024-10-13 16:10:02,444][INFO] Step 38: size: 38, coverage: 67.50%, cost: 69.0
[2024-10-13 16:10:02,451][INFO] Step 39: size: 39, coverage: 69.00%, cost: 74.0
[2024-10-13 16:10:02,459][INFO] Step 40: size: 40, coverage: 69.50%, cost: 76.0
[2024-10-13 16:10:02,466][INFO] Step 41: size: 41, coverage: 70.00%, cost: 78.0
[2024-10-13 16:10:02,473][INFO] Step 42: size: 42, coverage: 70.50%, cost: 80.0
[2024-10-13 16:10:02,480][INFO] Step 43: size: 43, coverage: 71.00%, cost: 82.0
[2024-10-13 16:10:02,487][INFO] Step 44: size: 44, coverage: 71.50%, cost: 84.0
[2024-10-13 16:10:02,494][INFO] Step 45: size: 45, coverage: 72.00%, cost: 86.0
[2024-10-13 16:10:02,501][INFO] Step 46: size: 46, coverage: 73.00%, cost: 90.0
[2024-10-13 16:10:02,509][INFO] Step 47: size: 47, coverage: 74.00%, cost: 94.0
[2024-10-13 16:10:02,516][INFO] Step 48: size: 48, coverage: 74.50%, cost: 97.0
[2024-10-13 16:10:02,523][INFO] Step 49: size: 49, coverage: 76.00%, cost: 103.0
[2024-10-13 16:10:02,531][INFO] Step 50: size: 50, coverage: 77.50%, cost: 109.0
[2024-10-13 16:10:02,538][INFO] Step 51: size: 51, coverage: 79.00%, cost: 116.0
[2024-10-13 16:10:02,545][INFO] Step 52: size: 52, coverage: 80.00%, cost: 121.0
[2024-10-13 16:10:02,553][INFO] Step 53: size: 53, coverage: 80.50%, cost: 124.0
[2024-10-13 16:10:02,560][INFO] Step 54: size: 54, coverage: 81.00%, cost: 127.0
[2024-10-13 16:10:02,568][INFO] Step 55: size: 55, coverage: 81.50%, cost: 130.0
[2024-10-13 16:10:02,575][INFO] Step 56: size: 56, coverage: 82.00%, cost: 133.0
[2024-10-13 16:10:02,583][INFO] Step 57: size: 57, coverage: 83.00%, cost: 139.0
[2024-10-13 16:10:02,590][INFO] Step 58: size: 58, coverage: 84.00%, cost: 145.0
[2024-10-13 16:10:02,598][INFO] Step 59: size: 59, coverage: 86.00%, cost: 157.0
[2024-10-13 16:10:02,605][INFO] Step 60: size: 60, coverage: 87.50%, cost: 167.0
[2024-10-13 16:10:02,613][INFO] Step 61: size: 61, coverage: 88.50%, cost: 174.0
[2024-10-13 16:10:02,621][INFO] Step 62: size: 62, coverage: 89.00%, cost: 178.0
[2024-10-13 16:10:02,628][INFO] Step 63: size: 63, coverage: 89.50%, cost: 182.0
[2024-10-13 16:10:02,636][INFO] Step 64: size: 64, coverage: 90.00%, cost: 186.0
[2024-10-13 16:10:02,644][INFO] Step 65: size: 65, coverage: 91.00%, cost: 195.0
[2024-10-13 16:10:02,652][INFO] Step 66: size: 66, coverage: 92.00%, cost: 204.0
[2024-10-13 16:10:02,660][INFO] Step 67: size: 67, coverage: 93.00%, cost: 213.0
[2024-10-13 16:10:02,668][INFO] Step 68: size: 68, coverage: 93.50%, cost: 218.0
[2024-10-13 16:10:02,675][INFO] Step 69: size: 69, coverage: 94.50%, cost: 228.0
[2024-10-13 16:10:02,683][INFO] Step 70: size: 70, coverage: 95.00%, cost: 234.0
[2024-10-13 16:10:02,691][INFO] Step 71: size: 71, coverage: 95.50%, cost: 241.0
[2024-10-13 16:10:02,699][INFO] Step 72: size: 72, coverage: 96.00%, cost: 248.0
[2024-10-13 16:10:02,707][INFO] Step 73: size: 73, coverage: 96.50%, cost: 256.0
[2024-10-13 16:10:02,715][INFO] Step 74: size: 74, coverage: 97.00%, cost: 264.0
[2024-10-13 16:10:02,724][INFO] Step 75: size: 75, coverage: 98.00%, cost: 280.0
[2024-10-13 16:10:02,732][INFO] Step 76: size: 76, coverage: 98.50%, cost: 289.0
[2024-10-13 16:10:02,740][INFO] Step 77: size: 77, coverage: 99.00%, cost: 299.0
[2024-10-13 16:10:02,748][INFO] Step 78: size: 78, coverage: 99.50%, cost: 316.0
[2024-10-13 16:10:02,757][INFO] Step 79: size: 79, coverage: 100.00%, cost: 333.0
[2024-10-13 16:10:02,757][INFO] Solved solution used 9 random steps
[2024-10-13 16:10:02,758][INFO] Size: 79 -> 72
[2024-10-13 16:10:02,758][INFO] Cost: 333.0 -> 316.0
