[2024-10-15 01:48:28,183][INFO] Step 1: size: 1, coverage: 4.00%, cost: 1.0
[2024-10-15 01:48:28,194][INFO] Step 2: size: 2, coverage: 7.00%, cost: 2.0
[2024-10-15 01:48:28,204][INFO] Step 3: size: 3, coverage: 9.67%, cost: 3.0
[2024-10-15 01:48:28,215][INFO] Step 4: size: 4, coverage: 12.33%, cost: 4.0
[2024-10-15 01:48:28,225][INFO] Step 5: size: 5, coverage: 14.33%, cost: 5.0
[2024-10-15 01:48:28,236][INFO] Step 6: size: 6, coverage: 16.33%, cost: 6.0
[2024-10-15 01:48:28,247][INFO] Step 7: size: 7, coverage: 18.33%, cost: 7.0
[2024-10-15 01:48:28,257][INFO] Step 8: size: 8, coverage: 20.00%, cost: 8.0
[2024-10-15 01:48:28,268][INFO] Step 9: size: 9, coverage: 21.67%, cost: 9.0
[2024-10-15 01:48:28,279][INFO] Step 10: size: 10, coverage: 23.33%, cost: 10.0
[2024-10-15 01:48:28,290][INFO] Step 11: size: 11, coverage: 24.67%, cost: 11.0
[2024-10-15 01:48:28,301][INFO] Step 12: size: 12, coverage: 26.00%, cost: 12.0
[2024-10-15 01:48:28,311][INFO] Step 13: size: 13, coverage: 27.33%, cost: 13.0
[2024-10-15 01:48:28,322][INFO] Step 14: size: 14, coverage: 28.67%, cost: 14.0
[2024-10-15 01:48:28,333][INFO] Step 15: size: 15, coverage: 30.00%, cost: 15.0
[2024-10-15 01:48:28,344][INFO] Step 16: size: 16, coverage: 32.67%, cost: 17.0
[2024-10-15 01:48:28,355][INFO] Step 17: size: 17, coverage: 35.00%, cost: 19.0
[2024-10-15 01:48:28,366][INFO] Step 18: size: 18, coverage: 37.33%, cost: 21.0
[2024-10-15 01:48:28,377][INFO] Step 19: size: 19, coverage: 38.33%, cost: 22.0
[2024-10-15 01:48:28,388][INFO] Step 20: size: 20, coverage: 38.67%, cost: 23.0
[2024-10-15 01:48:28,399][INFO] Step 21: size: 21, coverage: 39.67%, cost: 24.0
[2024-10-15 01:48:28,410][INFO] Step 22: size: 22, coverage: 40.67%, cost: 25.0
[2024-10-15 01:48:28,422][INFO] Step 23: size: 23, coverage: 42.67%, cost: 27.0
[2024-10-15 01:48:28,433][INFO] Step 24: size: 24, coverage: 44.67%, cost: 29.0
[2024-10-15 01:48:28,444][INFO] Step 25: size: 25, coverage: 46.33%, cost: 31.0
[2024-10-15 01:48:28,455][INFO] Step 26: size: 26, coverage: 48.00%, cost: 33.0
[2024-10-15 01:48:28,466][INFO] Step 27: size: 27, coverage: 49.67%, cost: 35.0
[2024-10-15 01:48:28,478][INFO] Step 28: size: 28, coverage: 50.33%, cost: 36.0
[2024-10-15 01:48:28,489][INFO] Step 29: size: 29, coverage: 50.67%, cost: 37.0
[2024-10-15 01:48:28,501][INFO] Step 30: size: 30, coverage: 51.33%, cost: 38.0
[2024-10-15 01:48:28,512][INFO] Step 31: size: 31, coverage: 52.67%, cost: 40.0
[2024-10-15 01:48:28,523][INFO] Step 32: size: 32, coverage: 54.00%, cost: 42.0
[2024-10-15 01:48:28,535][INFO] Step 33: size: 33, coverage: 55.33%, cost: 44.0
[2024-10-15 01:48:28,546][INFO] Step 34: size: 34, coverage: 57.33%, cost: 47.0
[2024-10-15 01:48:28,558][INFO] Step 35: size: 35, coverage: 59.00%, cost: 50.0
[2024-10-15 01:48:28,569][INFO] Step 36: size: 36, coverage: 60.00%, cost: 52.0
[2024-10-15 01:48:28,580][INFO] Step 37: size: 37, coverage: 61.00%, cost: 54.0
[2024-10-15 01:48:28,591][INFO] Step 38: size: 38, coverage: 62.00%, cost: 56.0
[2024-10-15 01:48:28,603][INFO] Step 39: size: 39, coverage: 63.00%, cost: 58.0
[2024-10-15 01:48:28,614][INFO] Step 40: size: 40, coverage: 64.00%, cost: 60.0
[2024-10-15 01:48:28,626][INFO] Step 41: size: 41, coverage: 65.33%, cost: 63.0
[2024-10-15 01:48:28,637][INFO] Step 42: size: 42, coverage: 66.67%, cost: 66.0
[2024-10-15 01:48:28,648][INFO] Step 43: size: 43, coverage: 68.00%, cost: 69.0
[2024-10-15 01:48:28,660][INFO] Step 44: size: 44, coverage: 69.33%, cost: 72.0
[2024-10-15 01:48:28,671][INFO] Step 45: size: 45, coverage: 72.00%, cost: 78.0
[2024-10-15 01:48:28,683][INFO] Step 46: size: 46, coverage: 72.67%, cost: 80.0
[2024-10-15 01:48:28,694][INFO] Step 47: size: 47, coverage: 73.33%, cost: 82.0
[2024-10-15 01:48:28,706][INFO] Step 48: size: 48, coverage: 74.33%, cost: 85.0
[2024-10-15 01:48:28,718][INFO] Step 49: size: 49, coverage: 75.33%, cost: 88.0
[2024-10-15 01:48:28,729][INFO] Step 50: size: 50, coverage: 76.67%, cost: 92.0
[2024-10-15 01:48:28,741][INFO] Step 51: size: 51, coverage: 78.00%, cost: 96.0
[2024-10-15 01:48:28,753][INFO] Step 52: size: 52, coverage: 79.33%, cost: 101.0
[2024-10-15 01:48:28,765][INFO] Step 53: size: 53, coverage: 80.67%, cost: 106.0
[2024-10-15 01:48:28,776][INFO] Step 54: size: 54, coverage: 81.67%, cost: 110.0
[2024-10-15 01:48:28,788][INFO] Step 55: size: 55, coverage: 82.67%, cost: 114.0
[2024-10-15 01:48:28,800][INFO] Step 56: size: 56, coverage: 83.67%, cost: 118.0
[2024-10-15 01:48:28,812][INFO] Step 57: size: 57, coverage: 84.33%, cost: 121.0
[2024-10-15 01:48:28,824][INFO] Step 58: size: 58, coverage: 85.00%, cost: 124.0
[2024-10-15 01:48:28,836][INFO] Step 59: size: 59, coverage: 85.67%, cost: 127.0
[2024-10-15 01:48:28,848][INFO] Step 60: size: 60, coverage: 86.33%, cost: 130.0
[2024-10-15 01:48:28,860][INFO] Step 61: size: 61, coverage: 87.67%, cost: 136.0
[2024-10-15 01:48:28,873][INFO] Step 62: size: 62, coverage: 88.67%, cost: 141.0
[2024-10-15 01:48:28,885][INFO] Step 63: size: 63, coverage: 89.00%, cost: 143.0
[2024-10-15 01:48:28,897][INFO] Step 64: size: 64, coverage: 89.33%, cost: 145.0
[2024-10-15 01:48:28,909][INFO] Step 65: size: 65, coverage: 90.33%, cost: 152.0
[2024-10-15 01:48:28,922][INFO] Step 66: size: 66, coverage: 91.00%, cost: 157.0
[2024-10-15 01:48:28,934][INFO] Step 67: size: 67, coverage: 91.33%, cost: 160.0
[2024-10-15 01:48:28,946][INFO] Step 68: size: 68, coverage: 92.00%, cost: 165.0
[2024-10-15 01:48:28,959][INFO] Step 69: size: 69, coverage: 92.33%, cost: 168.0
[2024-10-15 01:48:28,971][INFO] Step 70: size: 70, coverage: 92.67%, cost: 171.0
[2024-10-15 01:48:28,984][INFO] Step 71: size: 71, coverage: 93.00%, cost: 174.0
[2024-10-15 01:48:28,996][INFO] Step 72: size: 72, coverage: 93.67%, cost: 180.0
[2024-10-15 01:48:29,009][INFO] Step 73: size: 73, coverage: 94.67%, cost: 190.0
[2024-10-15 01:48:29,022][INFO] Step 74: size: 74, coverage: 95.00%, cost: 194.0
[2024-10-15 01:48:29,035][INFO] Step 75: size: 75, coverage: 95.33%, cost: 198.0
[2024-10-15 01:48:29,047][INFO] Step 76: size: 76, coverage: 95.67%, cost: 202.0
[2024-10-15 01:48:29,060][INFO] Step 77: size: 77, coverage: 96.00%, cost: 206.0
[2024-10-15 01:48:29,073][INFO] Step 78: size: 78, coverage: 96.67%, cost: 214.0
[2024-10-15 01:48:29,086][INFO] Step 79: size: 79, coverage: 97.00%, cost: 219.0
[2024-10-15 01:48:29,099][INFO] Step 80: size: 80, coverage: 97.33%, cost: 224.0
[2024-10-15 01:48:29,112][INFO] Step 81: size: 81, coverage: 97.67%, cost: 229.0
[2024-10-15 01:48:29,125][INFO] Step 82: size: 82, coverage: 98.00%, cost: 234.0
[2024-10-15 01:48:29,139][INFO] Step 83: size: 83, coverage: 98.33%, cost: 240.0
[2024-10-15 01:48:29,152][INFO] Step 84: size: 84, coverage: 98.67%, cost: 246.0
[2024-10-15 01:48:29,165][INFO] Step 85: size: 85, coverage: 99.00%, cost: 254.0
[2024-10-15 01:48:29,179][INFO] Step 86: size: 86, coverage: 99.33%, cost: 263.0
[2024-10-15 01:48:29,192][INFO] Step 87: size: 87, coverage: 99.67%, cost: 272.0
[2024-10-15 01:48:29,205][INFO] Step 88: size: 88, coverage: 100.00%, cost: 285.0
[2024-10-15 01:48:29,205][INFO] Solved solution used 6 random steps
[2024-10-15 01:48:35,259][INFO] Explored 144705 neighbors, found 15363 feasible (10.62%)
[2024-10-15 01:48:35,349][INFO] Redundancy elimination: [np.int64(11), np.int64(83), np.int64(10), np.int64(68)] -> cost: 8.0
[2024-10-15 01:48:35,349][INFO] Redundancy elimination: [np.int64(46), np.int64(83), np.int64(71), np.int64(45), np.int64(68), np.int64(21)] -> cost: 14.0
[2024-10-15 01:48:35,349][INFO] Redundancy elimination: [np.int64(45), np.int64(71), np.int64(68), np.int64(83), np.int64(46), np.int64(10), np.int64(9), np.int64(21)] -> cost: 16.0
[2024-10-15 01:48:35,349][INFO] Redundancy elimination: [np.int64(71), np.int64(83), np.int64(68), np.int64(46), np.int64(9), np.int64(21), np.int64(10)] -> cost: 14.0
[2024-10-15 01:48:35,349][INFO] Redundancy elimination: [np.int64(68), np.int64(83), np.int64(71), np.int64(46), np.int64(45), np.int64(10), np.int64(9)] -> cost: 15.0
[2024-10-15 01:48:35,349][INFO] Size: 88 -> 80
[2024-10-15 01:48:35,349][INFO] Cost: 285.0 -> 269.0
[2024-10-15 01:48:35,350][INFO] Step 0: cost -> 283.0
[2024-10-15 01:48:40,718][INFO] Explored 134502 neighbors, found 1140 feasible (0.85%)
[2024-10-15 01:48:40,721][INFO] Step 1: cost -> 269.0
[2024-10-15 01:48:46,005][INFO] Explored 134502 neighbors, found 1140 feasible (0.85%)
[2024-10-15 01:48:46,007][INFO] Step 2: cost -> 269.0
[2024-10-15 01:55:35,180][INFO] Step 1: size: 1, coverage: 4.00%, cost: 1.0
[2024-10-15 01:55:35,191][INFO] Step 2: size: 2, coverage: 7.00%, cost: 2.0
[2024-10-15 01:55:35,201][INFO] Step 3: size: 3, coverage: 9.67%, cost: 3.0
[2024-10-15 01:55:35,212][INFO] Step 4: size: 4, coverage: 12.33%, cost: 4.0
[2024-10-15 01:55:35,222][INFO] Step 5: size: 5, coverage: 14.33%, cost: 5.0
[2024-10-15 01:55:35,233][INFO] Step 6: size: 6, coverage: 16.33%, cost: 6.0
[2024-10-15 01:55:35,244][INFO] Step 7: size: 7, coverage: 18.33%, cost: 7.0
[2024-10-15 01:55:35,255][INFO] Step 8: size: 8, coverage: 20.00%, cost: 8.0
[2024-10-15 01:55:35,265][INFO] Step 9: size: 9, coverage: 21.67%, cost: 9.0
[2024-10-15 01:55:35,276][INFO] Step 10: size: 10, coverage: 23.33%, cost: 10.0
[2024-10-15 01:55:35,287][INFO] Step 11: size: 11, coverage: 24.67%, cost: 11.0
[2024-10-15 01:55:35,297][INFO] Step 12: size: 12, coverage: 26.00%, cost: 12.0
[2024-10-15 01:55:35,308][INFO] Step 13: size: 13, coverage: 27.33%, cost: 13.0
[2024-10-15 01:55:35,319][INFO] Step 14: size: 14, coverage: 28.67%, cost: 14.0
[2024-10-15 01:55:35,330][INFO] Step 15: size: 15, coverage: 30.00%, cost: 15.0
[2024-10-15 01:55:35,341][INFO] Step 16: size: 16, coverage: 32.67%, cost: 17.0
[2024-10-15 01:55:35,352][INFO] Step 17: size: 17, coverage: 35.00%, cost: 19.0
[2024-10-15 01:55:35,363][INFO] Step 18: size: 18, coverage: 36.00%, cost: 20.0
[2024-10-15 01:55:35,374][INFO] Step 19: size: 19, coverage: 38.33%, cost: 22.0
[2024-10-15 01:55:35,385][INFO] Step 20: size: 20, coverage: 39.33%, cost: 23.0
[2024-10-15 01:55:35,396][INFO] Step 21: size: 21, coverage: 39.67%, cost: 24.0
[2024-10-15 01:55:35,407][INFO] Step 22: size: 22, coverage: 40.67%, cost: 25.0
[2024-10-15 01:55:35,418][INFO] Step 23: size: 23, coverage: 42.67%, cost: 27.0
[2024-10-15 01:55:35,429][INFO] Step 24: size: 24, coverage: 44.67%, cost: 29.0
[2024-10-15 01:55:35,441][INFO] Step 25: size: 25, coverage: 46.33%, cost: 31.0
[2024-10-15 01:55:35,452][INFO] Step 26: size: 26, coverage: 48.00%, cost: 33.0
[2024-10-15 01:55:35,463][INFO] Step 27: size: 27, coverage: 49.67%, cost: 35.0
[2024-10-15 01:55:35,474][INFO] Step 28: size: 28, coverage: 50.33%, cost: 36.0
[2024-10-15 01:55:35,486][INFO] Step 29: size: 29, coverage: 51.00%, cost: 37.0
[2024-10-15 01:55:35,497][INFO] Step 30: size: 30, coverage: 52.33%, cost: 39.0
[2024-10-15 01:55:35,508][INFO] Step 31: size: 31, coverage: 53.67%, cost: 41.0
[2024-10-15 01:55:35,520][INFO] Step 32: size: 32, coverage: 55.00%, cost: 43.0
[2024-10-15 01:55:35,531][INFO] Step 33: size: 33, coverage: 57.00%, cost: 46.0
[2024-10-15 01:55:35,542][INFO] Step 34: size: 34, coverage: 58.67%, cost: 49.0
[2024-10-15 01:55:35,553][INFO] Step 35: size: 35, coverage: 59.67%, cost: 51.0
[2024-10-15 01:55:35,564][INFO] Step 36: size: 36, coverage: 60.67%, cost: 53.0
[2024-10-15 01:55:35,576][INFO] Step 37: size: 37, coverage: 61.67%, cost: 55.0
[2024-10-15 01:55:35,587][INFO] Step 38: size: 38, coverage: 62.67%, cost: 57.0
[2024-10-15 01:55:35,598][INFO] Step 39: size: 39, coverage: 63.67%, cost: 59.0
[2024-10-15 01:55:35,610][INFO] Step 40: size: 40, coverage: 65.67%, cost: 63.0
[2024-10-15 01:55:35,621][INFO] Step 41: size: 41, coverage: 67.00%, cost: 66.0
[2024-10-15 01:55:35,633][INFO] Step 42: size: 42, coverage: 68.33%, cost: 69.0
[2024-10-15 01:55:35,644][INFO] Step 43: size: 43, coverage: 69.67%, cost: 72.0
[2024-10-15 01:55:35,655][INFO] Step 44: size: 44, coverage: 70.33%, cost: 74.0
[2024-10-15 01:55:35,667][INFO] Step 45: size: 45, coverage: 71.00%, cost: 76.0
[2024-10-15 01:55:35,678][INFO] Step 46: size: 46, coverage: 71.33%, cost: 78.0
[2024-10-15 01:55:35,690][INFO] Step 47: size: 47, coverage: 72.00%, cost: 80.0
[2024-10-15 01:55:35,702][INFO] Step 48: size: 48, coverage: 73.00%, cost: 83.0
[2024-10-15 01:55:35,713][INFO] Step 49: size: 49, coverage: 74.33%, cost: 87.0
[2024-10-15 01:55:35,725][INFO] Step 50: size: 50, coverage: 75.67%, cost: 91.0
[2024-10-15 01:55:35,737][INFO] Step 51: size: 51, coverage: 77.33%, cost: 97.0
[2024-10-15 01:55:35,748][INFO] Step 52: size: 52, coverage: 78.67%, cost: 102.0
[2024-10-15 01:55:35,760][INFO] Step 53: size: 53, coverage: 79.67%, cost: 106.0
[2024-10-15 01:55:35,772][INFO] Step 54: size: 54, coverage: 80.67%, cost: 110.0
[2024-10-15 01:55:35,784][INFO] Step 55: size: 55, coverage: 81.67%, cost: 114.0
[2024-10-15 01:55:35,796][INFO] Step 56: size: 56, coverage: 82.33%, cost: 117.0
[2024-10-15 01:55:35,808][INFO] Step 57: size: 57, coverage: 83.00%, cost: 120.0
[2024-10-15 01:55:35,820][INFO] Step 58: size: 58, coverage: 83.67%, cost: 123.0
[2024-10-15 01:55:35,831][INFO] Step 59: size: 59, coverage: 84.33%, cost: 126.0
[2024-10-15 01:55:35,843][INFO] Step 60: size: 60, coverage: 85.00%, cost: 129.0
[2024-10-15 01:55:35,856][INFO] Step 61: size: 61, coverage: 85.67%, cost: 132.0
[2024-10-15 01:55:35,868][INFO] Step 62: size: 62, coverage: 86.33%, cost: 135.0
[2024-10-15 01:55:35,880][INFO] Step 63: size: 63, coverage: 87.67%, cost: 141.0
[2024-10-15 01:55:35,892][INFO] Step 64: size: 64, coverage: 88.00%, cost: 143.0
[2024-10-15 01:55:35,904][INFO] Step 65: size: 65, coverage: 88.33%, cost: 145.0
[2024-10-15 01:55:35,917][INFO] Step 66: size: 66, coverage: 89.00%, cost: 149.0
[2024-10-15 01:55:35,929][INFO] Step 67: size: 67, coverage: 89.67%, cost: 153.0
[2024-10-15 01:55:35,941][INFO] Step 68: size: 68, coverage: 90.67%, cost: 160.0
[2024-10-15 01:55:35,954][INFO] Step 69: size: 69, coverage: 91.67%, cost: 167.0
[2024-10-15 01:55:35,966][INFO] Step 70: size: 70, coverage: 92.33%, cost: 172.0
[2024-10-15 01:55:35,979][INFO] Step 71: size: 71, coverage: 93.00%, cost: 177.0
[2024-10-15 01:55:35,991][INFO] Step 72: size: 72, coverage: 93.33%, cost: 180.0
[2024-10-15 01:55:36,004][INFO] Step 73: size: 73, coverage: 93.67%, cost: 183.0
[2024-10-15 01:55:36,017][INFO] Step 74: size: 74, coverage: 94.33%, cost: 189.0
[2024-10-15 01:55:36,029][INFO] Step 75: size: 75, coverage: 95.00%, cost: 196.0
[2024-10-15 01:55:36,042][INFO] Step 76: size: 76, coverage: 95.33%, cost: 200.0
[2024-10-15 01:55:36,055][INFO] Step 77: size: 77, coverage: 95.67%, cost: 204.0
[2024-10-15 01:55:36,068][INFO] Step 78: size: 78, coverage: 96.00%, cost: 208.0
[2024-10-15 01:55:36,081][INFO] Step 79: size: 79, coverage: 96.33%, cost: 212.0
[2024-10-15 01:55:36,094][INFO] Step 80: size: 80, coverage: 97.00%, cost: 220.0
[2024-10-15 01:55:36,107][INFO] Step 81: size: 81, coverage: 97.33%, cost: 225.0
[2024-10-15 01:55:36,120][INFO] Step 82: size: 82, coverage: 97.67%, cost: 230.0
[2024-10-15 01:55:36,133][INFO] Step 83: size: 83, coverage: 98.00%, cost: 235.0
[2024-10-15 01:55:36,146][INFO] Step 84: size: 84, coverage: 98.33%, cost: 241.0
[2024-10-15 01:55:36,160][INFO] Step 85: size: 85, coverage: 98.67%, cost: 247.0
[2024-10-15 01:55:36,173][INFO] Step 86: size: 86, coverage: 99.00%, cost: 255.0
[2024-10-15 01:55:36,186][INFO] Step 87: size: 87, coverage: 99.33%, cost: 264.0
[2024-10-15 01:55:36,200][INFO] Step 88: size: 88, coverage: 99.67%, cost: 273.0
[2024-10-15 01:55:36,213][INFO] Step 89: size: 89, coverage: 100.00%, cost: 286.0
[2024-10-15 01:55:36,213][INFO] Solved solution used 9 random steps
[2024-10-15 01:55:42,447][INFO] Explored 147909 neighbors, found 17382 feasible (11.75%)
[2024-10-15 01:55:42,539][INFO] Redundancy elimination: [np.int64(47), np.int64(71), np.int64(83)] -> cost: 8.0
[2024-10-15 01:55:42,539][INFO] Redundancy elimination: [np.int64(11), np.int64(45), np.int64(34), np.int64(46), np.int64(83), np.int64(47), np.int64(16), np.int64(10)] -> cost: 14.0
[2024-10-15 01:55:42,539][INFO] Redundancy elimination: [np.int64(10), np.int64(45), np.int64(83), np.int64(34), np.int64(46), np.int64(47), np.int64(16), np.int64(71)] -> cost: 16.0
[2024-10-15 01:55:42,539][INFO] Redundancy elimination: [np.int64(45), np.int64(83), np.int64(47), np.int64(34), np.int64(71), np.int64(16)] -> cost: 13.0
[2024-10-15 01:55:42,539][INFO] Redundancy elimination: [np.int64(71), np.int64(83), np.int64(47), np.int64(45), np.int64(34), np.int64(10), np.int64(46)] -> cost: 15.0
[2024-10-15 01:55:42,539][INFO] Size: 89 -> 81
[2024-10-15 01:55:42,539][INFO] Cost: 286.0 -> 270.0
[2024-10-15 01:55:42,539][INFO] Step 0: cost -> 284.0
[2024-10-15 01:55:47,974][INFO] Explored 133970 neighbors, found 1397 feasible (1.04%)
[2024-10-15 01:55:47,977][INFO] Step 1: cost -> 269.0
[2024-10-15 01:55:53,377][INFO] Explored 133970 neighbors, found 1397 feasible (1.04%)
[2024-10-15 01:55:53,379][INFO] Step 2: cost -> 269.0
