[2024-10-15 01:49:32,024][INFO] Step 1: size: 1, coverage: 7.67%, cost: 1.0
[2024-10-15 01:49:32,035][INFO] Step 2: size: 2, coverage: 14.33%, cost: 2.0
[2024-10-15 01:49:32,045][INFO] Step 3: size: 3, coverage: 20.00%, cost: 3.0
[2024-10-15 01:49:32,055][INFO] Step 4: size: 4, coverage: 25.67%, cost: 4.0
[2024-10-15 01:49:32,066][INFO] Step 5: size: 5, coverage: 30.67%, cost: 5.0
[2024-10-15 01:49:32,076][INFO] Step 6: size: 6, coverage: 35.67%, cost: 6.0
[2024-10-15 01:49:32,086][INFO] Step 7: size: 7, coverage: 40.00%, cost: 7.0
[2024-10-15 01:49:32,096][INFO] Step 8: size: 8, coverage: 44.00%, cost: 8.0
[2024-10-15 01:49:32,107][INFO] Step 9: size: 9, coverage: 47.67%, cost: 9.0
[2024-10-15 01:49:32,117][INFO] Step 10: size: 10, coverage: 50.67%, cost: 10.0
[2024-10-15 01:49:32,127][INFO] Step 11: size: 11, coverage: 54.33%, cost: 11.0
[2024-10-15 01:49:32,138][INFO] Step 12: size: 12, coverage: 57.67%, cost: 12.0
[2024-10-15 01:49:32,147][INFO] Step 13: size: 13, coverage: 60.33%, cost: 13.0
[2024-10-15 01:49:32,157][INFO] Step 14: size: 14, coverage: 63.00%, cost: 14.0
[2024-10-15 01:49:32,167][INFO] Step 15: size: 15, coverage: 65.33%, cost: 15.0
[2024-10-15 01:49:32,177][INFO] Step 16: size: 16, coverage: 67.67%, cost: 16.0
[2024-10-15 01:49:32,187][INFO] Step 17: size: 17, coverage: 69.00%, cost: 17.0
[2024-10-15 01:49:32,197][INFO] Step 18: size: 18, coverage: 70.67%, cost: 18.0
[2024-10-15 01:49:32,207][INFO] Step 19: size: 19, coverage: 74.00%, cost: 20.0
[2024-10-15 01:49:32,217][INFO] Step 20: size: 20, coverage: 77.00%, cost: 22.0
[2024-10-15 01:49:32,227][INFO] Step 21: size: 21, coverage: 78.33%, cost: 23.0
[2024-10-15 01:49:32,238][INFO] Step 22: size: 22, coverage: 78.67%, cost: 24.0
[2024-10-15 01:49:32,248][INFO] Step 23: size: 23, coverage: 79.67%, cost: 25.0
[2024-10-15 01:49:32,258][INFO] Step 24: size: 24, coverage: 80.67%, cost: 26.0
[2024-10-15 01:49:32,268][INFO] Step 25: size: 25, coverage: 81.67%, cost: 27.0
[2024-10-15 01:49:32,278][INFO] Step 26: size: 26, coverage: 83.67%, cost: 29.0
[2024-10-15 01:49:32,288][INFO] Step 27: size: 27, coverage: 85.67%, cost: 31.0
[2024-10-15 01:49:32,299][INFO] Step 28: size: 28, coverage: 87.00%, cost: 33.0
[2024-10-15 01:49:32,309][INFO] Step 29: size: 29, coverage: 88.33%, cost: 35.0
[2024-10-15 01:49:32,319][INFO] Step 30: size: 30, coverage: 88.67%, cost: 36.0
[2024-10-15 01:49:32,330][INFO] Step 31: size: 31, coverage: 89.67%, cost: 38.0
[2024-10-15 01:49:32,340][INFO] Step 32: size: 32, coverage: 90.67%, cost: 40.0
[2024-10-15 01:49:32,351][INFO] Step 33: size: 33, coverage: 92.67%, cost: 45.0
[2024-10-15 01:49:32,361][INFO] Step 34: size: 34, coverage: 93.00%, cost: 46.0
[2024-10-15 01:49:32,372][INFO] Step 35: size: 35, coverage: 93.33%, cost: 47.0
[2024-10-15 01:49:32,382][INFO] Step 36: size: 36, coverage: 94.00%, cost: 49.0
[2024-10-15 01:49:32,393][INFO] Step 37: size: 37, coverage: 94.67%, cost: 51.0
[2024-10-15 01:49:32,404][INFO] Step 38: size: 38, coverage: 95.33%, cost: 53.0
[2024-10-15 01:49:32,414][INFO] Step 39: size: 39, coverage: 96.33%, cost: 56.0
[2024-10-15 01:49:32,425][INFO] Step 40: size: 40, coverage: 97.00%, cost: 59.0
[2024-10-15 01:49:32,436][INFO] Step 41: size: 41, coverage: 97.67%, cost: 62.0
[2024-10-15 01:49:32,447][INFO] Step 42: size: 42, coverage: 98.00%, cost: 64.0
[2024-10-15 01:49:32,458][INFO] Step 43: size: 43, coverage: 98.33%, cost: 66.0
[2024-10-15 01:49:32,469][INFO] Step 44: size: 44, coverage: 98.67%, cost: 68.0
[2024-10-15 01:49:32,480][INFO] Step 45: size: 45, coverage: 99.00%, cost: 70.0
[2024-10-15 01:49:32,491][INFO] Step 46: size: 46, coverage: 99.67%, cost: 75.0
[2024-10-15 01:49:32,502][INFO] Step 47: size: 47, coverage: 100.00%, cost: 79.0
[2024-10-15 01:49:32,502][INFO] Solved solution used 6 random steps
[2024-10-15 01:49:34,443][INFO] Explored 69938 neighbors, found 5757 feasible (8.23%)
[2024-10-15 01:49:34,456][INFO] Redundancy elimination: [np.int64(22), np.int64(11), np.int64(13)] -> cost: 3.0
[2024-10-15 01:49:34,456][INFO] Redundancy elimination: [np.int64(11), np.int64(10)] -> cost: 2.0
[2024-10-15 01:49:34,456][INFO] Redundancy elimination: [np.int64(13), np.int64(12), np.int64(22)] -> cost: 3.0
[2024-10-15 01:49:34,456][INFO] Redundancy elimination: [np.int64(10), np.int64(11), np.int64(22)] -> cost: 3.0
[2024-10-15 01:49:34,456][INFO] Redundancy elimination: [np.int64(12)] -> cost: 1.0
[2024-10-15 01:49:34,456][INFO] Size: 47 -> 44
[2024-10-15 01:49:34,456][INFO] Cost: 79.0 -> 76.0
[2024-10-15 01:49:34,456][INFO] Step 0: cost -> 78.0
[2024-10-15 01:49:36,228][INFO] Explored 67039 neighbors, found 1423 feasible (2.12%)
[2024-10-15 01:49:36,229][INFO] Step 1: cost -> 75.0
[2024-10-15 01:49:38,006][INFO] Explored 67039 neighbors, found 1423 feasible (2.12%)
[2024-10-15 01:49:38,007][INFO] Step 2: cost -> 75.0
[2024-10-15 01:56:39,648][INFO] Step 1: size: 1, coverage: 7.67%, cost: 1.0
[2024-10-15 01:56:39,658][INFO] Step 2: size: 2, coverage: 14.33%, cost: 2.0
[2024-10-15 01:56:39,669][INFO] Step 3: size: 3, coverage: 20.00%, cost: 3.0
[2024-10-15 01:56:39,679][INFO] Step 4: size: 4, coverage: 25.67%, cost: 4.0
[2024-10-15 01:56:39,689][INFO] Step 5: size: 5, coverage: 30.67%, cost: 5.0
[2024-10-15 01:56:39,700][INFO] Step 6: size: 6, coverage: 35.67%, cost: 6.0
[2024-10-15 01:56:39,710][INFO] Step 7: size: 7, coverage: 40.00%, cost: 7.0
[2024-10-15 01:56:39,720][INFO] Step 8: size: 8, coverage: 44.00%, cost: 8.0
[2024-10-15 01:56:39,730][INFO] Step 9: size: 9, coverage: 47.67%, cost: 9.0
[2024-10-15 01:56:39,741][INFO] Step 10: size: 10, coverage: 50.67%, cost: 10.0
[2024-10-15 01:56:39,751][INFO] Step 11: size: 11, coverage: 53.67%, cost: 11.0
[2024-10-15 01:56:39,761][INFO] Step 12: size: 12, coverage: 57.00%, cost: 12.0
[2024-10-15 01:56:39,771][INFO] Step 13: size: 13, coverage: 58.33%, cost: 13.0
[2024-10-15 01:56:39,781][INFO] Step 14: size: 14, coverage: 61.67%, cost: 14.0
[2024-10-15 01:56:39,791][INFO] Step 15: size: 15, coverage: 64.33%, cost: 15.0
[2024-10-15 01:56:39,801][INFO] Step 16: size: 16, coverage: 66.67%, cost: 16.0
[2024-10-15 01:56:39,811][INFO] Step 17: size: 17, coverage: 69.00%, cost: 17.0
[2024-10-15 01:56:39,821][INFO] Step 18: size: 18, coverage: 70.67%, cost: 18.0
[2024-10-15 01:56:39,831][INFO] Step 19: size: 19, coverage: 74.00%, cost: 20.0
[2024-10-15 01:56:39,841][INFO] Step 20: size: 20, coverage: 77.00%, cost: 22.0
[2024-10-15 01:56:39,851][INFO] Step 21: size: 21, coverage: 78.33%, cost: 23.0
[2024-10-15 01:56:39,861][INFO] Step 22: size: 22, coverage: 79.67%, cost: 24.0
[2024-10-15 01:56:39,871][INFO] Step 23: size: 23, coverage: 80.67%, cost: 25.0
[2024-10-15 01:56:39,881][INFO] Step 24: size: 24, coverage: 81.67%, cost: 26.0
[2024-10-15 01:56:39,891][INFO] Step 25: size: 25, coverage: 83.67%, cost: 28.0
[2024-10-15 01:56:39,901][INFO] Step 26: size: 26, coverage: 85.67%, cost: 30.0
[2024-10-15 01:56:39,911][INFO] Step 27: size: 27, coverage: 87.00%, cost: 32.0
[2024-10-15 01:56:39,921][INFO] Step 28: size: 28, coverage: 88.33%, cost: 34.0
[2024-10-15 01:56:39,931][INFO] Step 29: size: 29, coverage: 89.33%, cost: 36.0
[2024-10-15 01:56:39,941][INFO] Step 30: size: 30, coverage: 90.33%, cost: 38.0
[2024-10-15 01:56:39,952][INFO] Step 31: size: 31, coverage: 92.00%, cost: 42.0
[2024-10-15 01:56:39,962][INFO] Step 32: size: 32, coverage: 92.33%, cost: 43.0
[2024-10-15 01:56:39,972][INFO] Step 33: size: 33, coverage: 92.67%, cost: 44.0
[2024-10-15 01:56:39,983][INFO] Step 34: size: 34, coverage: 93.33%, cost: 46.0
[2024-10-15 01:56:39,993][INFO] Step 35: size: 35, coverage: 94.00%, cost: 48.0
[2024-10-15 01:56:40,004][INFO] Step 36: size: 36, coverage: 94.67%, cost: 50.0
[2024-10-15 01:56:40,014][INFO] Step 37: size: 37, coverage: 95.33%, cost: 52.0
[2024-10-15 01:56:40,025][INFO] Step 38: size: 38, coverage: 96.33%, cost: 55.0
[2024-10-15 01:56:40,036][INFO] Step 39: size: 39, coverage: 97.00%, cost: 58.0
[2024-10-15 01:56:40,046][INFO] Step 40: size: 40, coverage: 97.33%, cost: 60.0
[2024-10-15 01:56:40,057][INFO] Step 41: size: 41, coverage: 98.33%, cost: 65.0
[2024-10-15 01:56:40,068][INFO] Step 42: size: 42, coverage: 98.67%, cost: 67.0
[2024-10-15 01:56:40,079][INFO] Step 43: size: 43, coverage: 99.00%, cost: 69.0
[2024-10-15 01:56:40,090][INFO] Step 44: size: 44, coverage: 99.67%, cost: 74.0
[2024-10-15 01:56:40,101][INFO] Step 45: size: 45, coverage: 100.00%, cost: 77.0
[2024-10-15 01:56:40,101][INFO] Solved solution used 4 random steps
[2024-10-15 01:56:42,042][INFO] Explored 72573 neighbors, found 5189 feasible (7.15%)
[2024-10-15 01:56:42,050][INFO] Redundancy elimination: [np.int64(23), np.int64(43), np.int64(22)] -> cost: 4.0
[2024-10-15 01:56:42,050][INFO] Redundancy elimination: [np.int64(11)] -> cost: 1.0
[2024-10-15 01:56:42,050][INFO] Redundancy elimination: [np.int64(22), np.int64(23)] -> cost: 2.0
[2024-10-15 01:56:42,050][INFO] Redundancy elimination: [np.int64(43), np.int64(22)] -> cost: 3.0
[2024-10-15 01:56:42,050][INFO] Size: 45 -> 42
[2024-10-15 01:56:42,050][INFO] Cost: 77.0 -> 73.0
[2024-10-15 01:56:42,050][INFO] Step 0: cost -> 76.0
[2024-10-15 01:56:43,824][INFO] Explored 70094 neighbors, found 1257 feasible (1.79%)
[2024-10-15 01:56:43,825][INFO] Step 1: cost -> 72.0
[2024-10-15 01:56:45,598][INFO] Explored 70094 neighbors, found 1257 feasible (1.79%)
[2024-10-15 01:56:45,599][INFO] Step 2: cost -> 72.0
