[2024-10-06 22:18:41,068][INFO] Step 1: size: 1, coverage: 7.00%, cost: 1.0
[2024-10-06 22:18:41,078][INFO] Step 2: size: 2, coverage: 13.67%, cost: 2.0
[2024-10-06 22:18:41,089][INFO] Step 3: size: 3, coverage: 19.67%, cost: 3.0
[2024-10-06 22:18:41,099][INFO] Step 4: size: 4, coverage: 25.00%, cost: 4.0
[2024-10-06 22:18:41,109][INFO] Step 5: size: 5, coverage: 30.33%, cost: 5.0
[2024-10-06 22:18:41,119][INFO] Step 6: size: 6, coverage: 34.67%, cost: 6.0
[2024-10-06 22:18:41,129][INFO] Step 7: size: 7, coverage: 38.67%, cost: 7.0
[2024-10-06 22:18:41,140][INFO] Step 8: size: 8, coverage: 42.00%, cost: 8.0
[2024-10-06 22:18:41,150][INFO] Step 9: size: 9, coverage: 45.00%, cost: 9.0
[2024-10-06 22:18:41,160][INFO] Step 10: size: 10, coverage: 48.00%, cost: 10.0
[2024-10-06 22:18:41,170][INFO] Step 11: size: 11, coverage: 50.67%, cost: 11.0
[2024-10-06 22:18:41,181][INFO] Step 12: size: 12, coverage: 53.00%, cost: 12.0
[2024-10-06 22:18:41,191][INFO] Step 13: size: 13, coverage: 55.33%, cost: 13.0
[2024-10-06 22:18:41,201][INFO] Step 14: size: 14, coverage: 57.33%, cost: 14.0
[2024-10-06 22:18:41,211][INFO] Step 15: size: 15, coverage: 59.33%, cost: 15.0
[2024-10-06 22:18:41,221][INFO] Step 16: size: 16, coverage: 63.00%, cost: 17.0
[2024-10-06 22:18:41,231][INFO] Step 17: size: 17, coverage: 64.67%, cost: 18.0
[2024-10-06 22:18:41,241][INFO] Step 18: size: 18, coverage: 66.33%, cost: 19.0
[2024-10-06 22:18:41,251][INFO] Step 19: size: 19, coverage: 68.00%, cost: 20.0
[2024-10-06 22:18:41,261][INFO] Step 20: size: 20, coverage: 71.33%, cost: 22.0
[2024-10-06 22:18:41,272][INFO] Step 21: size: 21, coverage: 73.67%, cost: 24.0
[2024-10-06 22:18:41,282][INFO] Step 22: size: 22, coverage: 76.00%, cost: 26.0
[2024-10-06 22:18:41,292][INFO] Step 23: size: 23, coverage: 78.33%, cost: 28.0
[2024-10-06 22:18:41,302][INFO] Step 24: size: 24, coverage: 81.00%, cost: 31.0
[2024-10-06 22:18:41,312][INFO] Step 25: size: 25, coverage: 83.33%, cost: 34.0
[2024-10-06 22:18:41,322][INFO] Step 26: size: 26, coverage: 84.67%, cost: 36.0
[2024-10-06 22:18:41,332][INFO] Step 27: size: 27, coverage: 86.00%, cost: 38.0
[2024-10-06 22:18:41,342][INFO] Step 28: size: 28, coverage: 88.00%, cost: 41.0
[2024-10-06 22:18:41,353][INFO] Step 29: size: 29, coverage: 89.67%, cost: 44.0
[2024-10-06 22:18:41,363][INFO] Step 30: size: 30, coverage: 90.67%, cost: 46.0
[2024-10-06 22:18:41,373][INFO] Step 31: size: 31, coverage: 91.67%, cost: 48.0
[2024-10-06 22:18:41,383][INFO] Step 32: size: 32, coverage: 92.67%, cost: 50.0
[2024-10-06 22:18:41,394][INFO] Step 33: size: 33, coverage: 94.00%, cost: 53.0
[2024-10-06 22:18:41,404][INFO] Step 34: size: 34, coverage: 94.67%, cost: 55.0
[2024-10-06 22:18:41,415][INFO] Step 35: size: 35, coverage: 95.33%, cost: 57.0
[2024-10-06 22:18:41,425][INFO] Step 36: size: 36, coverage: 96.00%, cost: 60.0
[2024-10-06 22:18:41,436][INFO] Step 37: size: 37, coverage: 96.33%, cost: 62.0
[2024-10-06 22:18:41,446][INFO] Step 38: size: 38, coverage: 96.67%, cost: 64.0
[2024-10-06 22:18:41,457][INFO] Step 39: size: 39, coverage: 97.00%, cost: 66.0
[2024-10-06 22:18:41,468][INFO] Step 40: size: 40, coverage: 97.33%, cost: 68.0
[2024-10-06 22:18:41,478][INFO] Step 41: size: 41, coverage: 97.67%, cost: 70.0
[2024-10-06 22:18:41,489][INFO] Step 42: size: 42, coverage: 98.00%, cost: 72.0
[2024-10-06 22:18:41,500][INFO] Step 43: size: 43, coverage: 98.67%, cost: 77.0
[2024-10-06 22:18:41,511][INFO] Step 44: size: 44, coverage: 99.00%, cost: 80.0
[2024-10-06 22:18:41,522][INFO] Step 45: size: 45, coverage: 99.33%, cost: 83.0
[2024-10-06 22:18:41,533][INFO] Step 46: size: 46, coverage: 99.67%, cost: 86.0
[2024-10-06 22:18:41,544][INFO] Step 47: size: 47, coverage: 100.00%, cost: 89.0
[2024-10-06 22:18:41,545][INFO] Size: 47 -> 44
[2024-10-06 22:18:41,545][INFO] Cost: 89.0 -> 84.0
[2024-10-06 22:21:43,576][INFO] Step 1: size: 1, coverage: 7.00%, cost: 1.0
[2024-10-06 22:21:43,586][INFO] Step 2: size: 2, coverage: 13.67%, cost: 2.0
[2024-10-06 22:21:43,597][INFO] Step 3: size: 3, coverage: 19.67%, cost: 3.0
[2024-10-06 22:21:43,607][INFO] Step 4: size: 4, coverage: 25.00%, cost: 4.0
[2024-10-06 22:21:43,617][INFO] Step 5: size: 5, coverage: 30.33%, cost: 5.0
[2024-10-06 22:21:43,628][INFO] Step 6: size: 6, coverage: 34.67%, cost: 6.0
[2024-10-06 22:21:43,638][INFO] Step 7: size: 7, coverage: 38.67%, cost: 7.0
[2024-10-06 22:21:43,648][INFO] Step 8: size: 8, coverage: 42.00%, cost: 8.0
[2024-10-06 22:21:43,659][INFO] Step 9: size: 9, coverage: 45.00%, cost: 9.0
[2024-10-06 22:21:43,669][INFO] Step 10: size: 10, coverage: 48.00%, cost: 10.0
[2024-10-06 22:21:43,679][INFO] Step 11: size: 11, coverage: 50.67%, cost: 11.0
[2024-10-06 22:21:43,689][INFO] Step 12: size: 12, coverage: 53.00%, cost: 12.0
[2024-10-06 22:21:43,700][INFO] Step 13: size: 13, coverage: 55.33%, cost: 13.0
[2024-10-06 22:21:43,710][INFO] Step 14: size: 14, coverage: 57.33%, cost: 14.0
[2024-10-06 22:21:43,720][INFO] Step 15: size: 15, coverage: 59.33%, cost: 15.0
[2024-10-06 22:21:43,730][INFO] Step 16: size: 16, coverage: 63.00%, cost: 17.0
[2024-10-06 22:21:43,740][INFO] Step 17: size: 17, coverage: 64.67%, cost: 18.0
[2024-10-06 22:21:43,750][INFO] Step 18: size: 18, coverage: 66.33%, cost: 19.0
[2024-10-06 22:21:43,760][INFO] Step 19: size: 19, coverage: 68.00%, cost: 20.0
[2024-10-06 22:21:43,771][INFO] Step 20: size: 20, coverage: 68.67%, cost: 21.0
[2024-10-06 22:21:43,781][INFO] Step 21: size: 21, coverage: 72.00%, cost: 23.0
[2024-10-06 22:21:43,791][INFO] Step 22: size: 22, coverage: 74.33%, cost: 25.0
[2024-10-06 22:21:43,801][INFO] Step 23: size: 23, coverage: 76.00%, cost: 27.0
[2024-10-06 22:21:43,811][INFO] Step 24: size: 24, coverage: 78.33%, cost: 29.0
[2024-10-06 22:21:43,822][INFO] Step 25: size: 25, coverage: 80.33%, cost: 31.0
[2024-10-06 22:21:43,832][INFO] Step 26: size: 26, coverage: 82.67%, cost: 34.0
[2024-10-06 22:21:43,842][INFO] Step 27: size: 27, coverage: 84.00%, cost: 36.0
[2024-10-06 22:21:43,853][INFO] Step 28: size: 28, coverage: 85.33%, cost: 38.0
[2024-10-06 22:21:43,863][INFO] Step 29: size: 29, coverage: 86.67%, cost: 40.0
[2024-10-06 22:21:43,873][INFO] Step 30: size: 30, coverage: 88.67%, cost: 43.0
[2024-10-06 22:21:43,883][INFO] Step 31: size: 31, coverage: 90.33%, cost: 46.0
[2024-10-06 22:21:43,894][INFO] Step 32: size: 32, coverage: 91.67%, cost: 49.0
[2024-10-06 22:21:43,904][INFO] Step 33: size: 33, coverage: 92.33%, cost: 51.0
[2024-10-06 22:21:43,915][INFO] Step 34: size: 34, coverage: 93.00%, cost: 53.0
[2024-10-06 22:21:43,925][INFO] Step 35: size: 35, coverage: 93.33%, cost: 55.0
[2024-10-06 22:21:43,936][INFO] Step 36: size: 36, coverage: 94.00%, cost: 57.0
[2024-10-06 22:21:43,946][INFO] Step 37: size: 37, coverage: 94.67%, cost: 59.0
[2024-10-06 22:21:43,957][INFO] Step 38: size: 38, coverage: 95.67%, cost: 62.0
[2024-10-06 22:21:43,968][INFO] Step 39: size: 39, coverage: 96.33%, cost: 65.0
[2024-10-06 22:21:43,978][INFO] Step 40: size: 40, coverage: 96.67%, cost: 67.0
[2024-10-06 22:21:43,989][INFO] Step 41: size: 41, coverage: 97.00%, cost: 69.0
[2024-10-06 22:21:44,000][INFO] Step 42: size: 42, coverage: 97.33%, cost: 71.0
[2024-10-06 22:21:44,011][INFO] Step 43: size: 43, coverage: 97.67%, cost: 73.0
[2024-10-06 22:21:44,022][INFO] Step 44: size: 44, coverage: 98.33%, cost: 77.0
[2024-10-06 22:21:44,033][INFO] Step 45: size: 45, coverage: 98.67%, cost: 80.0
[2024-10-06 22:21:44,044][INFO] Step 46: size: 46, coverage: 99.00%, cost: 83.0
[2024-10-06 22:21:44,055][INFO] Step 47: size: 47, coverage: 99.33%, cost: 86.0
[2024-10-06 22:21:44,066][INFO] Step 48: size: 48, coverage: 99.67%, cost: 89.0
[2024-10-06 22:21:44,078][INFO] Step 49: size: 49, coverage: 100.00%, cost: 93.0
[2024-10-06 22:21:44,078][INFO] Solved solution used 6 random steps
[2024-10-06 22:21:44,079][INFO] Size: 49 -> 46
[2024-10-06 22:21:44,079][INFO] Cost: 93.0 -> 88.0
[2024-10-08 22:46:46,450][INFO] Step 1: size: 1, coverage: 7.00%, cost: 1.0
[2024-10-08 22:46:46,462][INFO] Step 2: size: 2, coverage: 13.67%, cost: 2.0
[2024-10-08 22:46:46,473][INFO] Step 3: size: 3, coverage: 19.67%, cost: 3.0
[2024-10-08 22:46:46,483][INFO] Step 4: size: 4, coverage: 25.00%, cost: 4.0
[2024-10-08 22:46:46,494][INFO] Step 5: size: 5, coverage: 30.33%, cost: 5.0
[2024-10-08 22:46:46,504][INFO] Step 6: size: 6, coverage: 34.67%, cost: 6.0
[2024-10-08 22:46:46,515][INFO] Step 7: size: 7, coverage: 38.67%, cost: 7.0
[2024-10-08 22:46:46,525][INFO] Step 8: size: 8, coverage: 42.00%, cost: 8.0
[2024-10-08 22:46:46,537][INFO] Step 9: size: 9, coverage: 45.00%, cost: 9.0
[2024-10-08 22:46:46,547][INFO] Step 10: size: 10, coverage: 48.00%, cost: 10.0
[2024-10-08 22:46:46,560][INFO] Step 11: size: 11, coverage: 50.67%, cost: 11.0
[2024-10-08 22:46:46,571][INFO] Step 12: size: 12, coverage: 53.00%, cost: 12.0
[2024-10-08 22:46:46,582][INFO] Step 13: size: 13, coverage: 55.33%, cost: 13.0
[2024-10-08 22:46:46,593][INFO] Step 14: size: 14, coverage: 57.33%, cost: 14.0
[2024-10-08 22:46:46,603][INFO] Step 15: size: 15, coverage: 59.33%, cost: 15.0
[2024-10-08 22:46:46,613][INFO] Step 16: size: 16, coverage: 63.00%, cost: 17.0
[2024-10-08 22:46:46,623][INFO] Step 17: size: 17, coverage: 64.67%, cost: 18.0
[2024-10-08 22:46:46,633][INFO] Step 18: size: 18, coverage: 66.33%, cost: 19.0
[2024-10-08 22:46:46,644][INFO] Step 19: size: 19, coverage: 68.00%, cost: 20.0
[2024-10-08 22:46:46,654][INFO] Step 20: size: 20, coverage: 68.67%, cost: 21.0
[2024-10-08 22:46:46,665][INFO] Step 21: size: 21, coverage: 72.00%, cost: 23.0
[2024-10-08 22:46:46,675][INFO] Step 22: size: 22, coverage: 74.33%, cost: 25.0
[2024-10-08 22:46:46,686][INFO] Step 23: size: 23, coverage: 76.00%, cost: 27.0
[2024-10-08 22:46:46,697][INFO] Step 24: size: 24, coverage: 78.33%, cost: 29.0
[2024-10-08 22:46:46,707][INFO] Step 25: size: 25, coverage: 80.33%, cost: 31.0
[2024-10-08 22:46:46,718][INFO] Step 26: size: 26, coverage: 82.67%, cost: 34.0
[2024-10-08 22:46:46,729][INFO] Step 27: size: 27, coverage: 84.00%, cost: 36.0
[2024-10-08 22:46:46,740][INFO] Step 28: size: 28, coverage: 85.33%, cost: 38.0
[2024-10-08 22:46:46,750][INFO] Step 29: size: 29, coverage: 86.67%, cost: 40.0
[2024-10-08 22:46:46,761][INFO] Step 30: size: 30, coverage: 88.67%, cost: 43.0
[2024-10-08 22:46:46,772][INFO] Step 31: size: 31, coverage: 90.33%, cost: 46.0
[2024-10-08 22:46:46,783][INFO] Step 32: size: 32, coverage: 91.67%, cost: 49.0
[2024-10-08 22:46:46,794][INFO] Step 33: size: 33, coverage: 92.33%, cost: 51.0
[2024-10-08 22:46:46,805][INFO] Step 34: size: 34, coverage: 93.00%, cost: 53.0
[2024-10-08 22:46:46,816][INFO] Step 35: size: 35, coverage: 93.33%, cost: 55.0
[2024-10-08 22:46:46,827][INFO] Step 36: size: 36, coverage: 94.00%, cost: 57.0
[2024-10-08 22:46:46,838][INFO] Step 37: size: 37, coverage: 94.67%, cost: 59.0
[2024-10-08 22:46:46,849][INFO] Step 38: size: 38, coverage: 95.67%, cost: 62.0
[2024-10-08 22:46:46,860][INFO] Step 39: size: 39, coverage: 96.33%, cost: 65.0
[2024-10-08 22:46:46,871][INFO] Step 40: size: 40, coverage: 96.67%, cost: 67.0
[2024-10-08 22:46:46,883][INFO] Step 41: size: 41, coverage: 97.00%, cost: 69.0
[2024-10-08 22:46:46,894][INFO] Step 42: size: 42, coverage: 97.33%, cost: 71.0
[2024-10-08 22:46:46,905][INFO] Step 43: size: 43, coverage: 97.67%, cost: 73.0
[2024-10-08 22:46:46,917][INFO] Step 44: size: 44, coverage: 98.33%, cost: 77.0
[2024-10-08 22:46:46,928][INFO] Step 45: size: 45, coverage: 98.67%, cost: 80.0
[2024-10-08 22:46:46,939][INFO] Step 46: size: 46, coverage: 99.00%, cost: 83.0
[2024-10-08 22:46:46,952][INFO] Step 47: size: 47, coverage: 99.33%, cost: 86.0
[2024-10-08 22:46:46,964][INFO] Step 48: size: 48, coverage: 99.67%, cost: 89.0
[2024-10-08 22:46:46,975][INFO] Step 49: size: 49, coverage: 100.00%, cost: 93.0
[2024-10-08 22:46:46,975][INFO] Solved solution used 6 random steps
[2024-10-08 22:46:46,976][INFO] Size: 49 -> 46
[2024-10-08 22:46:46,976][INFO] Cost: 93.0 -> 88.0
[2024-10-08 23:01:28,706][INFO] Step 1: size: 1, coverage: 7.00%, cost: 1.0
[2024-10-08 23:01:28,717][INFO] Step 2: size: 2, coverage: 13.67%, cost: 2.0
[2024-10-08 23:01:28,728][INFO] Step 3: size: 3, coverage: 19.67%, cost: 3.0
[2024-10-08 23:01:28,738][INFO] Step 4: size: 4, coverage: 25.00%, cost: 4.0
[2024-10-08 23:01:28,749][INFO] Step 5: size: 5, coverage: 30.33%, cost: 5.0
[2024-10-08 23:01:28,760][INFO] Step 6: size: 6, coverage: 34.67%, cost: 6.0
[2024-10-08 23:01:28,770][INFO] Step 7: size: 7, coverage: 38.67%, cost: 7.0
[2024-10-08 23:01:28,781][INFO] Step 8: size: 8, coverage: 42.00%, cost: 8.0
[2024-10-08 23:01:28,791][INFO] Step 9: size: 9, coverage: 45.00%, cost: 9.0
[2024-10-08 23:01:28,802][INFO] Step 10: size: 10, coverage: 48.00%, cost: 10.0
[2024-10-08 23:01:28,813][INFO] Step 11: size: 11, coverage: 50.67%, cost: 11.0
[2024-10-08 23:01:28,823][INFO] Step 12: size: 12, coverage: 53.00%, cost: 12.0
[2024-10-08 23:01:28,834][INFO] Step 13: size: 13, coverage: 55.33%, cost: 13.0
[2024-10-08 23:01:28,844][INFO] Step 14: size: 14, coverage: 57.33%, cost: 14.0
[2024-10-08 23:01:28,855][INFO] Step 15: size: 15, coverage: 59.33%, cost: 15.0
[2024-10-08 23:01:28,865][INFO] Step 16: size: 16, coverage: 63.00%, cost: 17.0
[2024-10-08 23:01:28,876][INFO] Step 17: size: 17, coverage: 64.67%, cost: 18.0
[2024-10-08 23:01:28,886][INFO] Step 18: size: 18, coverage: 66.33%, cost: 19.0
[2024-10-08 23:01:28,897][INFO] Step 19: size: 19, coverage: 68.00%, cost: 20.0
[2024-10-08 23:01:28,907][INFO] Step 20: size: 20, coverage: 68.67%, cost: 21.0
[2024-10-08 23:01:28,918][INFO] Step 21: size: 21, coverage: 72.00%, cost: 23.0
[2024-10-08 23:01:28,928][INFO] Step 22: size: 22, coverage: 74.33%, cost: 25.0
[2024-10-08 23:01:28,939][INFO] Step 23: size: 23, coverage: 76.00%, cost: 27.0
[2024-10-08 23:01:28,949][INFO] Step 24: size: 24, coverage: 78.33%, cost: 29.0
[2024-10-08 23:01:28,960][INFO] Step 25: size: 25, coverage: 80.33%, cost: 31.0
[2024-10-08 23:01:28,970][INFO] Step 26: size: 26, coverage: 82.67%, cost: 34.0
[2024-10-08 23:01:28,981][INFO] Step 27: size: 27, coverage: 84.00%, cost: 36.0
[2024-10-08 23:01:28,992][INFO] Step 28: size: 28, coverage: 85.33%, cost: 38.0
[2024-10-08 23:01:29,002][INFO] Step 29: size: 29, coverage: 86.67%, cost: 40.0
[2024-10-08 23:01:29,013][INFO] Step 30: size: 30, coverage: 88.67%, cost: 43.0
[2024-10-08 23:01:29,024][INFO] Step 31: size: 31, coverage: 90.33%, cost: 46.0
[2024-10-08 23:01:29,034][INFO] Step 32: size: 32, coverage: 91.67%, cost: 49.0
[2024-10-08 23:01:29,045][INFO] Step 33: size: 33, coverage: 92.33%, cost: 51.0
[2024-10-08 23:01:29,056][INFO] Step 34: size: 34, coverage: 93.00%, cost: 53.0
[2024-10-08 23:01:29,067][INFO] Step 35: size: 35, coverage: 93.33%, cost: 55.0
[2024-10-08 23:01:29,078][INFO] Step 36: size: 36, coverage: 94.00%, cost: 57.0
[2024-10-08 23:01:29,089][INFO] Step 37: size: 37, coverage: 94.67%, cost: 59.0
[2024-10-08 23:01:29,100][INFO] Step 38: size: 38, coverage: 95.67%, cost: 62.0
[2024-10-08 23:01:29,111][INFO] Step 39: size: 39, coverage: 96.33%, cost: 65.0
[2024-10-08 23:01:29,122][INFO] Step 40: size: 40, coverage: 96.67%, cost: 67.0
[2024-10-08 23:01:29,133][INFO] Step 41: size: 41, coverage: 97.00%, cost: 69.0
[2024-10-08 23:01:29,144][INFO] Step 42: size: 42, coverage: 97.33%, cost: 71.0
[2024-10-08 23:01:29,155][INFO] Step 43: size: 43, coverage: 97.67%, cost: 73.0
[2024-10-08 23:01:29,167][INFO] Step 44: size: 44, coverage: 98.33%, cost: 77.0
[2024-10-08 23:01:29,178][INFO] Step 45: size: 45, coverage: 98.67%, cost: 80.0
[2024-10-08 23:01:29,190][INFO] Step 46: size: 46, coverage: 99.00%, cost: 83.0
[2024-10-08 23:01:29,201][INFO] Step 47: size: 47, coverage: 99.33%, cost: 86.0
[2024-10-08 23:01:29,213][INFO] Step 48: size: 48, coverage: 99.67%, cost: 89.0
[2024-10-08 23:01:29,224][INFO] Step 49: size: 49, coverage: 100.00%, cost: 93.0
[2024-10-08 23:01:29,225][INFO] Solved solution used 6 random steps
[2024-10-08 23:01:29,225][INFO] Size: 49 -> 46
[2024-10-08 23:01:29,226][INFO] Cost: 93.0 -> 88.0
[2024-10-08 23:03:03,621][INFO] Step 1: size: 1, coverage: 7.00%, cost: 1.0
[2024-10-08 23:03:03,631][INFO] Step 2: size: 2, coverage: 13.67%, cost: 2.0
[2024-10-08 23:03:03,642][INFO] Step 3: size: 3, coverage: 19.67%, cost: 3.0
[2024-10-08 23:03:03,652][INFO] Step 4: size: 4, coverage: 25.00%, cost: 4.0
[2024-10-08 23:03:03,662][INFO] Step 5: size: 5, coverage: 30.33%, cost: 5.0
[2024-10-08 23:03:03,672][INFO] Step 6: size: 6, coverage: 34.67%, cost: 6.0
[2024-10-08 23:03:03,683][INFO] Step 7: size: 7, coverage: 38.67%, cost: 7.0
[2024-10-08 23:03:03,693][INFO] Step 8: size: 8, coverage: 42.00%, cost: 8.0
[2024-10-08 23:03:03,703][INFO] Step 9: size: 9, coverage: 45.00%, cost: 9.0
[2024-10-08 23:03:03,713][INFO] Step 10: size: 10, coverage: 48.00%, cost: 10.0
[2024-10-08 23:03:03,724][INFO] Step 11: size: 11, coverage: 50.67%, cost: 11.0
[2024-10-08 23:03:03,734][INFO] Step 12: size: 12, coverage: 53.00%, cost: 12.0
[2024-10-08 23:03:03,744][INFO] Step 13: size: 13, coverage: 55.33%, cost: 13.0
[2024-10-08 23:03:03,755][INFO] Step 14: size: 14, coverage: 57.33%, cost: 14.0
[2024-10-08 23:03:03,765][INFO] Step 15: size: 15, coverage: 59.33%, cost: 15.0
[2024-10-08 23:03:03,775][INFO] Step 16: size: 16, coverage: 63.00%, cost: 17.0
[2024-10-08 23:03:03,785][INFO] Step 17: size: 17, coverage: 64.67%, cost: 18.0
[2024-10-08 23:03:03,795][INFO] Step 18: size: 18, coverage: 66.33%, cost: 19.0
[2024-10-08 23:03:03,805][INFO] Step 19: size: 19, coverage: 68.00%, cost: 20.0
[2024-10-08 23:03:03,815][INFO] Step 20: size: 20, coverage: 68.67%, cost: 21.0
[2024-10-08 23:03:03,825][INFO] Step 21: size: 21, coverage: 72.00%, cost: 23.0
[2024-10-08 23:03:03,836][INFO] Step 22: size: 22, coverage: 74.33%, cost: 25.0
[2024-10-08 23:03:03,846][INFO] Step 23: size: 23, coverage: 76.00%, cost: 27.0
[2024-10-08 23:03:03,856][INFO] Step 24: size: 24, coverage: 78.33%, cost: 29.0
[2024-10-08 23:03:03,866][INFO] Step 25: size: 25, coverage: 80.33%, cost: 31.0
[2024-10-08 23:03:03,877][INFO] Step 26: size: 26, coverage: 82.67%, cost: 34.0
[2024-10-08 23:03:03,887][INFO] Step 27: size: 27, coverage: 84.00%, cost: 36.0
[2024-10-08 23:03:03,897][INFO] Step 28: size: 28, coverage: 85.33%, cost: 38.0
[2024-10-08 23:03:03,908][INFO] Step 29: size: 29, coverage: 86.67%, cost: 40.0
[2024-10-08 23:03:03,918][INFO] Step 30: size: 30, coverage: 88.67%, cost: 43.0
[2024-10-08 23:03:03,928][INFO] Step 31: size: 31, coverage: 90.33%, cost: 46.0
[2024-10-08 23:03:03,939][INFO] Step 32: size: 32, coverage: 91.67%, cost: 49.0
[2024-10-08 23:03:03,949][INFO] Step 33: size: 33, coverage: 92.33%, cost: 51.0
[2024-10-08 23:03:03,960][INFO] Step 34: size: 34, coverage: 93.00%, cost: 53.0
[2024-10-08 23:03:03,970][INFO] Step 35: size: 35, coverage: 93.33%, cost: 55.0
[2024-10-08 23:03:03,981][INFO] Step 36: size: 36, coverage: 94.00%, cost: 57.0
[2024-10-08 23:03:03,992][INFO] Step 37: size: 37, coverage: 94.67%, cost: 59.0
[2024-10-08 23:03:04,002][INFO] Step 38: size: 38, coverage: 95.67%, cost: 62.0
[2024-10-08 23:03:04,013][INFO] Step 39: size: 39, coverage: 96.33%, cost: 65.0
[2024-10-08 23:03:04,024][INFO] Step 40: size: 40, coverage: 96.67%, cost: 67.0
[2024-10-08 23:03:04,035][INFO] Step 41: size: 41, coverage: 97.00%, cost: 69.0
[2024-10-08 23:03:04,045][INFO] Step 42: size: 42, coverage: 97.33%, cost: 71.0
[2024-10-08 23:03:04,056][INFO] Step 43: size: 43, coverage: 97.67%, cost: 73.0
[2024-10-08 23:03:04,067][INFO] Step 44: size: 44, coverage: 98.33%, cost: 77.0
[2024-10-08 23:03:04,078][INFO] Step 45: size: 45, coverage: 98.67%, cost: 80.0
[2024-10-08 23:03:04,090][INFO] Step 46: size: 46, coverage: 99.00%, cost: 83.0
[2024-10-08 23:03:04,101][INFO] Step 47: size: 47, coverage: 99.33%, cost: 86.0
[2024-10-08 23:03:04,112][INFO] Step 48: size: 48, coverage: 99.67%, cost: 89.0
[2024-10-08 23:03:04,123][INFO] Step 49: size: 49, coverage: 100.00%, cost: 93.0
[2024-10-08 23:03:04,123][INFO] Solved solution used 6 random steps
[2024-10-08 23:03:04,124][INFO] Size: 49 -> 46
[2024-10-08 23:03:04,124][INFO] Cost: 93.0 -> 88.0
[2024-10-08 23:07:57,657][INFO] Step 1: size: 1, coverage: 7.00%, cost: 1.0
[2024-10-08 23:07:57,668][INFO] Step 2: size: 2, coverage: 13.67%, cost: 2.0
[2024-10-08 23:07:57,678][INFO] Step 3: size: 3, coverage: 19.67%, cost: 3.0
[2024-10-08 23:07:57,688][INFO] Step 4: size: 4, coverage: 25.00%, cost: 4.0
[2024-10-08 23:07:57,699][INFO] Step 5: size: 5, coverage: 30.33%, cost: 5.0
[2024-10-08 23:07:57,709][INFO] Step 6: size: 6, coverage: 34.67%, cost: 6.0
[2024-10-08 23:07:57,719][INFO] Step 7: size: 7, coverage: 38.67%, cost: 7.0
[2024-10-08 23:07:57,729][INFO] Step 8: size: 8, coverage: 42.00%, cost: 8.0
[2024-10-08 23:07:57,740][INFO] Step 9: size: 9, coverage: 45.00%, cost: 9.0
[2024-10-08 23:07:57,750][INFO] Step 10: size: 10, coverage: 48.00%, cost: 10.0
[2024-10-08 23:07:57,760][INFO] Step 11: size: 11, coverage: 50.67%, cost: 11.0
[2024-10-08 23:07:57,771][INFO] Step 12: size: 12, coverage: 53.00%, cost: 12.0
[2024-10-08 23:07:57,781][INFO] Step 13: size: 13, coverage: 55.33%, cost: 13.0
[2024-10-08 23:07:57,791][INFO] Step 14: size: 14, coverage: 57.33%, cost: 14.0
[2024-10-08 23:07:57,801][INFO] Step 15: size: 15, coverage: 59.33%, cost: 15.0
[2024-10-08 23:07:57,811][INFO] Step 16: size: 16, coverage: 63.00%, cost: 17.0
[2024-10-08 23:07:57,822][INFO] Step 17: size: 17, coverage: 64.67%, cost: 18.0
[2024-10-08 23:07:57,832][INFO] Step 18: size: 18, coverage: 66.33%, cost: 19.0
[2024-10-08 23:07:57,842][INFO] Step 19: size: 19, coverage: 68.00%, cost: 20.0
[2024-10-08 23:07:57,852][INFO] Step 20: size: 20, coverage: 68.67%, cost: 21.0
[2024-10-08 23:07:57,862][INFO] Step 21: size: 21, coverage: 72.00%, cost: 23.0
[2024-10-08 23:07:57,876][INFO] Step 22: size: 22, coverage: 74.33%, cost: 25.0
[2024-10-08 23:07:57,887][INFO] Step 23: size: 23, coverage: 76.00%, cost: 27.0
[2024-10-08 23:07:57,900][INFO] Step 24: size: 24, coverage: 78.33%, cost: 29.0
[2024-10-08 23:07:57,910][INFO] Step 25: size: 25, coverage: 80.33%, cost: 31.0
[2024-10-08 23:07:57,921][INFO] Step 26: size: 26, coverage: 82.67%, cost: 34.0
[2024-10-08 23:07:57,931][INFO] Step 27: size: 27, coverage: 84.00%, cost: 36.0
[2024-10-08 23:07:57,941][INFO] Step 28: size: 28, coverage: 85.33%, cost: 38.0
[2024-10-08 23:07:57,952][INFO] Step 29: size: 29, coverage: 86.67%, cost: 40.0
[2024-10-08 23:07:57,962][INFO] Step 30: size: 30, coverage: 88.67%, cost: 43.0
[2024-10-08 23:07:57,973][INFO] Step 31: size: 31, coverage: 90.33%, cost: 46.0
[2024-10-08 23:07:57,983][INFO] Step 32: size: 32, coverage: 91.67%, cost: 49.0
[2024-10-08 23:07:57,994][INFO] Step 33: size: 33, coverage: 92.33%, cost: 51.0
[2024-10-08 23:07:58,006][INFO] Step 34: size: 34, coverage: 93.00%, cost: 53.0
[2024-10-08 23:07:58,016][INFO] Step 35: size: 35, coverage: 93.33%, cost: 55.0
[2024-10-08 23:07:58,027][INFO] Step 36: size: 36, coverage: 94.00%, cost: 57.0
[2024-10-08 23:07:58,038][INFO] Step 37: size: 37, coverage: 94.67%, cost: 59.0
[2024-10-08 23:07:58,048][INFO] Step 38: size: 38, coverage: 95.67%, cost: 62.0
[2024-10-08 23:07:58,059][INFO] Step 39: size: 39, coverage: 96.33%, cost: 65.0
[2024-10-08 23:07:58,070][INFO] Step 40: size: 40, coverage: 96.67%, cost: 67.0
[2024-10-08 23:07:58,081][INFO] Step 41: size: 41, coverage: 97.00%, cost: 69.0
[2024-10-08 23:07:58,092][INFO] Step 42: size: 42, coverage: 97.33%, cost: 71.0
[2024-10-08 23:07:58,103][INFO] Step 43: size: 43, coverage: 97.67%, cost: 73.0
[2024-10-08 23:07:58,114][INFO] Step 44: size: 44, coverage: 98.33%, cost: 77.0
[2024-10-08 23:07:58,125][INFO] Step 45: size: 45, coverage: 98.67%, cost: 80.0
[2024-10-08 23:07:58,136][INFO] Step 46: size: 46, coverage: 99.00%, cost: 83.0
[2024-10-08 23:07:58,147][INFO] Step 47: size: 47, coverage: 99.33%, cost: 86.0
[2024-10-08 23:07:58,159][INFO] Step 48: size: 48, coverage: 99.67%, cost: 89.0
[2024-10-08 23:07:58,170][INFO] Step 49: size: 49, coverage: 100.00%, cost: 93.0
[2024-10-08 23:07:58,170][INFO] Solved solution used 6 random steps
[2024-10-08 23:07:58,171][INFO] Size: 49 -> 46
[2024-10-08 23:07:58,171][INFO] Cost: 93.0 -> 88.0
[2024-10-13 15:18:32,358][INFO] Step 1: size: 1, coverage: 9.67%, cost: 18.0
[2024-10-13 15:18:32,368][INFO] Step 2: size: 2, coverage: 18.33%, cost: 31.0
[2024-10-13 15:18:32,379][INFO] Step 3: size: 3, coverage: 26.67%, cost: 115.0
[2024-10-13 15:18:32,389][INFO] Step 4: size: 4, coverage: 34.00%, cost: 118.0
[2024-10-13 15:18:32,399][INFO] Step 5: size: 5, coverage: 41.00%, cost: 155.0
[2024-10-13 15:18:32,410][INFO] Step 6: size: 6, coverage: 47.67%, cost: 205.0
[2024-10-13 15:18:32,420][INFO] Step 7: size: 7, coverage: 53.67%, cost: 215.0
[2024-10-13 15:18:32,430][INFO] Step 8: size: 8, coverage: 59.33%, cost: 226.0
[2024-10-13 15:18:32,440][INFO] Step 9: size: 9, coverage: 65.00%, cost: 237.0
[2024-10-13 15:18:32,450][INFO] Step 10: size: 10, coverage: 69.67%, cost: 285.0
[2024-10-13 15:18:32,460][INFO] Step 11: size: 11, coverage: 73.67%, cost: 305.0
[2024-10-13 15:18:32,470][INFO] Step 12: size: 12, coverage: 77.67%, cost: 329.0
[2024-10-13 15:18:32,480][INFO] Step 13: size: 13, coverage: 81.67%, cost: 357.0
[2024-10-13 15:18:32,490][INFO] Step 14: size: 14, coverage: 84.67%, cost: 364.0
[2024-10-13 15:18:32,500][INFO] Step 15: size: 15, coverage: 87.67%, cost: 389.0
[2024-10-13 15:18:32,510][INFO] Step 16: size: 16, coverage: 90.00%, cost: 406.0
[2024-10-13 15:18:32,520][INFO] Step 17: size: 17, coverage: 92.00%, cost: 433.0
[2024-10-13 15:18:32,531][INFO] Step 18: size: 18, coverage: 94.00%, cost: 465.0
[2024-10-13 15:18:32,541][INFO] Step 19: size: 19, coverage: 95.67%, cost: 495.0
[2024-10-13 15:18:32,551][INFO] Step 20: size: 20, coverage: 97.33%, cost: 535.0
[2024-10-13 15:18:32,561][INFO] Step 21: size: 21, coverage: 98.67%, cost: 568.0
[2024-10-13 15:18:32,572][INFO] Step 22: size: 22, coverage: 99.67%, cost: 570.0
[2024-10-13 15:18:32,582][INFO] Step 23: size: 23, coverage: 100.00%, cost: 571.0
[2024-10-13 15:18:32,583][INFO] Size: 23 -> 23
[2024-10-13 15:18:32,583][INFO] Cost: 571.0 -> 571.0
[2024-10-13 15:39:54,891][INFO] Step 1: size: 1, coverage: 5.67%, cost: 57.0
[2024-10-13 15:39:54,902][INFO] Step 2: size: 2, coverage: 12.33%, cost: 58.0
[2024-10-13 15:39:54,913][INFO] Step 3: size: 3, coverage: 19.00%, cost: 59.0
[2024-10-13 15:39:54,924][INFO] Step 4: size: 4, coverage: 24.33%, cost: 60.0
[2024-10-13 15:39:54,934][INFO] Step 5: size: 5, coverage: 27.67%, cost: 116.0
[2024-10-13 15:39:54,945][INFO] Step 6: size: 6, coverage: 33.00%, cost: 117.0
[2024-10-13 15:39:54,955][INFO] Step 7: size: 7, coverage: 37.00%, cost: 142.0
[2024-10-13 15:39:54,965][INFO] Step 8: size: 8, coverage: 41.33%, cost: 143.0
[2024-10-13 15:39:54,976][INFO] Step 9: size: 9, coverage: 42.67%, cost: 170.0
[2024-10-13 15:39:54,987][INFO] Step 10: size: 10, coverage: 46.00%, cost: 171.0
[2024-10-13 15:39:54,997][INFO] Step 11: size: 11, coverage: 49.33%, cost: 172.0
[2024-10-13 15:39:55,008][INFO] Step 12: size: 12, coverage: 52.33%, cost: 173.0
[2024-10-13 15:39:55,019][INFO] Step 13: size: 13, coverage: 55.00%, cost: 174.0
[2024-10-13 15:39:55,030][INFO] Step 14: size: 14, coverage: 57.33%, cost: 175.0
[2024-10-13 15:39:55,040][INFO] Step 15: size: 15, coverage: 59.33%, cost: 176.0
[2024-10-13 15:39:55,052][INFO] Step 16: size: 16, coverage: 61.33%, cost: 250.0
[2024-10-13 15:39:55,062][INFO] Step 17: size: 17, coverage: 63.33%, cost: 251.0
[2024-10-13 15:39:55,073][INFO] Step 18: size: 18, coverage: 65.00%, cost: 252.0
[2024-10-13 15:39:55,084][INFO] Step 19: size: 19, coverage: 66.67%, cost: 263.0
[2024-10-13 15:39:55,094][INFO] Step 20: size: 20, coverage: 68.33%, cost: 264.0
[2024-10-13 15:39:55,105][INFO] Step 21: size: 21, coverage: 71.67%, cost: 266.0
[2024-10-13 15:39:55,116][INFO] Step 22: size: 22, coverage: 73.00%, cost: 267.0
[2024-10-13 15:39:55,126][INFO] Step 23: size: 23, coverage: 74.33%, cost: 268.0
[2024-10-13 15:39:55,138][INFO] Step 24: size: 24, coverage: 76.67%, cost: 270.0
[2024-10-13 15:39:55,149][INFO] Step 25: size: 25, coverage: 77.67%, cost: 271.0
[2024-10-13 15:39:55,160][INFO] Step 26: size: 26, coverage: 79.67%, cost: 273.0
[2024-10-13 15:39:55,171][INFO] Step 27: size: 27, coverage: 80.67%, cost: 289.0
[2024-10-13 15:39:55,182][INFO] Step 28: size: 28, coverage: 81.00%, cost: 382.0
[2024-10-13 15:39:55,193][INFO] Step 29: size: 29, coverage: 83.00%, cost: 384.0
[2024-10-13 15:39:55,204][INFO] Step 30: size: 30, coverage: 84.00%, cost: 458.0
[2024-10-13 15:39:55,215][INFO] Step 31: size: 31, coverage: 85.00%, cost: 479.0
[2024-10-13 15:39:55,227][INFO] Step 32: size: 32, coverage: 86.67%, cost: 481.0
[2024-10-13 15:39:55,238][INFO] Step 33: size: 33, coverage: 88.67%, cost: 484.0
[2024-10-13 15:39:55,250][INFO] Step 34: size: 34, coverage: 89.33%, cost: 506.0
[2024-10-13 15:39:55,261][INFO] Step 35: size: 35, coverage: 91.33%, cost: 510.0
[2024-10-13 15:39:55,273][INFO] Step 36: size: 36, coverage: 92.67%, cost: 513.0
[2024-10-13 15:39:55,284][INFO] Step 37: size: 37, coverage: 93.00%, cost: 514.0
[2024-10-13 15:39:55,296][INFO] Step 38: size: 38, coverage: 93.33%, cost: 515.0
[2024-10-13 15:39:55,307][INFO] Step 39: size: 39, coverage: 93.67%, cost: 563.0
[2024-10-13 15:39:55,319][INFO] Step 40: size: 40, coverage: 94.00%, cost: 637.0
[2024-10-13 15:39:55,331][INFO] Step 41: size: 41, coverage: 94.67%, cost: 728.0
[2024-10-13 15:39:55,343][INFO] Step 42: size: 42, coverage: 95.33%, cost: 730.0
[2024-10-13 15:39:55,355][INFO] Step 43: size: 43, coverage: 96.00%, cost: 732.0
[2024-10-13 15:39:55,367][INFO] Step 44: size: 44, coverage: 96.67%, cost: 734.0
[2024-10-13 15:39:55,380][INFO] Step 45: size: 45, coverage: 97.33%, cost: 736.0
[2024-10-13 15:39:55,392][INFO] Step 46: size: 46, coverage: 98.00%, cost: 739.0
[2024-10-13 15:39:55,404][INFO] Step 47: size: 47, coverage: 99.00%, cost: 744.0
[2024-10-13 15:39:55,417][INFO] Step 48: size: 48, coverage: 99.33%, cost: 746.0
[2024-10-13 15:39:55,429][INFO] Step 49: size: 49, coverage: 99.67%, cost: 759.0
[2024-10-13 15:39:55,442][INFO] Step 50: size: 50, coverage: 100.00%, cost: 761.0
[2024-10-13 15:39:55,442][INFO] Solved solution used 15 random steps
[2024-10-13 15:39:55,443][INFO] Size: 50 -> 47
[2024-10-13 15:39:55,443][INFO] Cost: 761.0 -> 703.0
[2024-10-13 15:58:40,161][INFO] Step 1: size: 1, coverage: 8.67%, cost: 67.0
[2024-10-13 15:58:40,171][INFO] Step 2: size: 2, coverage: 14.67%, cost: 68.0
[2024-10-13 15:58:40,182][INFO] Step 3: size: 3, coverage: 20.67%, cost: 69.0
[2024-10-13 15:58:40,193][INFO] Step 4: size: 4, coverage: 26.00%, cost: 70.0
[2024-10-13 15:58:40,203][INFO] Step 5: size: 5, coverage: 31.00%, cost: 71.0
[2024-10-13 15:58:40,213][INFO] Step 6: size: 6, coverage: 35.67%, cost: 72.0
[2024-10-13 15:58:40,224][INFO] Step 7: size: 7, coverage: 39.67%, cost: 73.0
[2024-10-13 15:58:40,234][INFO] Step 8: size: 8, coverage: 43.33%, cost: 74.0
[2024-10-13 15:58:40,244][INFO] Step 9: size: 9, coverage: 46.33%, cost: 75.0
[2024-10-13 15:58:40,255][INFO] Step 10: size: 10, coverage: 48.67%, cost: 124.0
[2024-10-13 15:58:40,266][INFO] Step 11: size: 11, coverage: 51.67%, cost: 125.0
[2024-10-13 15:58:40,276][INFO] Step 12: size: 12, coverage: 54.33%, cost: 126.0
[2024-10-13 15:58:40,286][INFO] Step 13: size: 13, coverage: 57.00%, cost: 127.0
[2024-10-13 15:58:40,297][INFO] Step 14: size: 14, coverage: 61.33%, cost: 129.0
[2024-10-13 15:58:40,307][INFO] Step 15: size: 15, coverage: 63.33%, cost: 130.0
[2024-10-13 15:58:40,317][INFO] Step 16: size: 16, coverage: 65.00%, cost: 131.0
[2024-10-13 15:58:40,327][INFO] Step 17: size: 17, coverage: 68.33%, cost: 133.0
[2024-10-13 15:58:40,337][INFO] Step 18: size: 18, coverage: 71.33%, cost: 135.0
[2024-10-13 15:58:40,348][INFO] Step 19: size: 19, coverage: 72.67%, cost: 136.0
[2024-10-13 15:58:40,358][INFO] Step 20: size: 20, coverage: 74.00%, cost: 137.0
[2024-10-13 15:58:40,368][INFO] Step 21: size: 21, coverage: 75.33%, cost: 138.0
[2024-10-13 15:58:40,379][INFO] Step 22: size: 22, coverage: 77.67%, cost: 140.0
[2024-10-13 15:58:40,390][INFO] Step 23: size: 23, coverage: 78.67%, cost: 141.0
[2024-10-13 15:58:40,400][INFO] Step 24: size: 24, coverage: 80.33%, cost: 143.0
[2024-10-13 15:58:40,411][INFO] Step 25: size: 25, coverage: 82.00%, cost: 145.0
[2024-10-13 15:58:40,421][INFO] Step 26: size: 26, coverage: 83.00%, cost: 184.0
[2024-10-13 15:58:40,431][INFO] Step 27: size: 27, coverage: 83.67%, cost: 185.0
[2024-10-13 15:58:40,445][INFO] Step 28: size: 28, coverage: 85.00%, cost: 187.0
[2024-10-13 15:58:40,457][INFO] Step 29: size: 29, coverage: 86.33%, cost: 189.0
[2024-10-13 15:58:40,468][INFO] Step 30: size: 30, coverage: 88.33%, cost: 192.0
[2024-10-13 15:58:40,479][INFO] Step 31: size: 31, coverage: 89.67%, cost: 238.0
[2024-10-13 15:58:40,490][INFO] Step 32: size: 32, coverage: 90.67%, cost: 240.0
[2024-10-13 15:58:40,501][INFO] Step 33: size: 33, coverage: 91.67%, cost: 242.0
[2024-10-13 15:58:40,511][INFO] Step 34: size: 34, coverage: 93.00%, cost: 245.0
[2024-10-13 15:58:40,522][INFO] Step 35: size: 35, coverage: 93.67%, cost: 247.0
[2024-10-13 15:58:40,533][INFO] Step 36: size: 36, coverage: 94.33%, cost: 249.0
[2024-10-13 15:58:40,545][INFO] Step 37: size: 37, coverage: 95.00%, cost: 251.0
[2024-10-13 15:58:40,556][INFO] Step 38: size: 38, coverage: 95.67%, cost: 253.0
[2024-10-13 15:58:40,567][INFO] Step 39: size: 39, coverage: 96.33%, cost: 255.0
[2024-10-13 15:58:40,578][INFO] Step 40: size: 40, coverage: 97.33%, cost: 259.0
[2024-10-13 15:58:40,589][INFO] Step 41: size: 41, coverage: 98.00%, cost: 262.0
[2024-10-13 15:58:40,600][INFO] Step 42: size: 42, coverage: 98.33%, cost: 320.0
[2024-10-13 15:58:40,611][INFO] Step 43: size: 43, coverage: 98.67%, cost: 322.0
[2024-10-13 15:58:40,623][INFO] Step 44: size: 44, coverage: 99.00%, cost: 324.0
[2024-10-13 15:58:40,634][INFO] Step 45: size: 45, coverage: 99.33%, cost: 327.0
[2024-10-13 15:58:40,646][INFO] Step 46: size: 46, coverage: 99.67%, cost: 330.0
[2024-10-13 15:58:40,657][INFO] Step 47: size: 47, coverage: 100.00%, cost: 333.0
[2024-10-13 15:58:40,657][INFO] Solved solution used 5 random steps
[2024-10-13 15:58:40,658][INFO] Size: 47 -> 43
[2024-10-13 15:58:40,658][INFO] Cost: 333.0 -> 328.0
[2024-10-13 16:04:38,736][INFO] Step 1: size: 1, coverage: 7.00%, cost: 1.0
[2024-10-13 16:04:38,747][INFO] Step 2: size: 2, coverage: 13.67%, cost: 2.0
[2024-10-13 16:04:38,758][INFO] Step 3: size: 3, coverage: 19.67%, cost: 3.0
[2024-10-13 16:04:38,769][INFO] Step 4: size: 4, coverage: 25.00%, cost: 4.0
[2024-10-13 16:04:38,780][INFO] Step 5: size: 5, coverage: 30.33%, cost: 5.0
[2024-10-13 16:04:38,790][INFO] Step 6: size: 6, coverage: 34.67%, cost: 6.0
[2024-10-13 16:04:38,801][INFO] Step 7: size: 7, coverage: 38.67%, cost: 7.0
[2024-10-13 16:04:38,812][INFO] Step 8: size: 8, coverage: 42.00%, cost: 8.0
[2024-10-13 16:04:38,823][INFO] Step 9: size: 9, coverage: 45.00%, cost: 9.0
[2024-10-13 16:04:38,833][INFO] Step 10: size: 10, coverage: 48.00%, cost: 10.0
[2024-10-13 16:04:38,844][INFO] Step 11: size: 11, coverage: 50.67%, cost: 11.0
[2024-10-13 16:04:38,855][INFO] Step 12: size: 12, coverage: 53.00%, cost: 12.0
[2024-10-13 16:04:38,865][INFO] Step 13: size: 13, coverage: 55.33%, cost: 13.0
[2024-10-13 16:04:38,876][INFO] Step 14: size: 14, coverage: 57.33%, cost: 14.0
[2024-10-13 16:04:38,887][INFO] Step 15: size: 15, coverage: 59.33%, cost: 15.0
[2024-10-13 16:04:38,897][INFO] Step 16: size: 16, coverage: 63.00%, cost: 17.0
[2024-10-13 16:04:38,908][INFO] Step 17: size: 17, coverage: 64.67%, cost: 18.0
[2024-10-13 16:04:38,918][INFO] Step 18: size: 18, coverage: 66.33%, cost: 19.0
[2024-10-13 16:04:38,929][INFO] Step 19: size: 19, coverage: 68.00%, cost: 20.0
[2024-10-13 16:04:38,939][INFO] Step 20: size: 20, coverage: 68.67%, cost: 21.0
[2024-10-13 16:04:38,950][INFO] Step 21: size: 21, coverage: 72.00%, cost: 23.0
[2024-10-13 16:04:38,960][INFO] Step 22: size: 22, coverage: 74.33%, cost: 25.0
[2024-10-13 16:04:38,971][INFO] Step 23: size: 23, coverage: 76.00%, cost: 27.0
[2024-10-13 16:04:38,982][INFO] Step 24: size: 24, coverage: 78.33%, cost: 29.0
[2024-10-13 16:04:38,992][INFO] Step 25: size: 25, coverage: 80.33%, cost: 31.0
[2024-10-13 16:04:39,003][INFO] Step 26: size: 26, coverage: 82.67%, cost: 34.0
[2024-10-13 16:04:39,014][INFO] Step 27: size: 27, coverage: 84.00%, cost: 36.0
[2024-10-13 16:04:39,025][INFO] Step 28: size: 28, coverage: 85.33%, cost: 38.0
[2024-10-13 16:04:39,035][INFO] Step 29: size: 29, coverage: 86.67%, cost: 40.0
[2024-10-13 16:04:39,046][INFO] Step 30: size: 30, coverage: 88.67%, cost: 43.0
[2024-10-13 16:04:39,057][INFO] Step 31: size: 31, coverage: 90.33%, cost: 46.0
[2024-10-13 16:04:39,067][INFO] Step 32: size: 32, coverage: 91.67%, cost: 49.0
[2024-10-13 16:04:39,078][INFO] Step 33: size: 33, coverage: 92.33%, cost: 51.0
[2024-10-13 16:04:39,089][INFO] Step 34: size: 34, coverage: 93.00%, cost: 53.0
[2024-10-13 16:04:39,100][INFO] Step 35: size: 35, coverage: 93.33%, cost: 55.0
[2024-10-13 16:04:39,111][INFO] Step 36: size: 36, coverage: 94.00%, cost: 57.0
[2024-10-13 16:04:39,122][INFO] Step 37: size: 37, coverage: 94.67%, cost: 59.0
[2024-10-13 16:04:39,133][INFO] Step 38: size: 38, coverage: 95.67%, cost: 62.0
[2024-10-13 16:04:39,144][INFO] Step 39: size: 39, coverage: 96.33%, cost: 65.0
[2024-10-13 16:04:39,155][INFO] Step 40: size: 40, coverage: 96.67%, cost: 67.0
[2024-10-13 16:04:39,167][INFO] Step 41: size: 41, coverage: 97.00%, cost: 69.0
[2024-10-13 16:04:39,178][INFO] Step 42: size: 42, coverage: 97.33%, cost: 71.0
[2024-10-13 16:04:39,189][INFO] Step 43: size: 43, coverage: 97.67%, cost: 73.0
[2024-10-13 16:04:39,200][INFO] Step 44: size: 44, coverage: 98.33%, cost: 77.0
[2024-10-13 16:04:39,212][INFO] Step 45: size: 45, coverage: 98.67%, cost: 80.0
[2024-10-13 16:04:39,223][INFO] Step 46: size: 46, coverage: 99.00%, cost: 83.0
[2024-10-13 16:04:39,235][INFO] Step 47: size: 47, coverage: 99.33%, cost: 86.0
[2024-10-13 16:04:39,247][INFO] Step 48: size: 48, coverage: 99.67%, cost: 89.0
[2024-10-13 16:04:39,258][INFO] Step 49: size: 49, coverage: 100.00%, cost: 93.0
[2024-10-13 16:04:39,258][INFO] Solved solution used 6 random steps
[2024-10-13 16:04:39,259][INFO] Size: 49 -> 46
[2024-10-13 16:04:39,259][INFO] Cost: 93.0 -> 88.0
[2024-10-13 16:10:10,958][INFO] Step 1: size: 1, coverage: 7.00%, cost: 1.0
[2024-10-13 16:10:10,968][INFO] Step 2: size: 2, coverage: 13.67%, cost: 2.0
[2024-10-13 16:10:10,979][INFO] Step 3: size: 3, coverage: 19.67%, cost: 3.0
[2024-10-13 16:10:10,989][INFO] Step 4: size: 4, coverage: 25.00%, cost: 4.0
[2024-10-13 16:10:10,999][INFO] Step 5: size: 5, coverage: 30.33%, cost: 5.0
[2024-10-13 16:10:11,010][INFO] Step 6: size: 6, coverage: 34.67%, cost: 6.0
[2024-10-13 16:10:11,020][INFO] Step 7: size: 7, coverage: 38.67%, cost: 7.0
[2024-10-13 16:10:11,030][INFO] Step 8: size: 8, coverage: 42.00%, cost: 8.0
[2024-10-13 16:10:11,040][INFO] Step 9: size: 9, coverage: 45.00%, cost: 9.0
[2024-10-13 16:10:11,051][INFO] Step 10: size: 10, coverage: 48.00%, cost: 10.0
[2024-10-13 16:10:11,061][INFO] Step 11: size: 11, coverage: 50.67%, cost: 11.0
[2024-10-13 16:10:11,071][INFO] Step 12: size: 12, coverage: 53.00%, cost: 12.0
[2024-10-13 16:10:11,081][INFO] Step 13: size: 13, coverage: 55.33%, cost: 13.0
[2024-10-13 16:10:11,092][INFO] Step 14: size: 14, coverage: 57.33%, cost: 14.0
[2024-10-13 16:10:11,102][INFO] Step 15: size: 15, coverage: 59.33%, cost: 15.0
[2024-10-13 16:10:11,112][INFO] Step 16: size: 16, coverage: 63.00%, cost: 17.0
[2024-10-13 16:10:11,122][INFO] Step 17: size: 17, coverage: 64.67%, cost: 18.0
[2024-10-13 16:10:11,132][INFO] Step 18: size: 18, coverage: 66.33%, cost: 19.0
[2024-10-13 16:10:11,142][INFO] Step 19: size: 19, coverage: 68.00%, cost: 20.0
[2024-10-13 16:10:11,152][INFO] Step 20: size: 20, coverage: 68.67%, cost: 21.0
[2024-10-13 16:10:11,162][INFO] Step 21: size: 21, coverage: 72.00%, cost: 23.0
[2024-10-13 16:10:11,172][INFO] Step 22: size: 22, coverage: 74.33%, cost: 25.0
[2024-10-13 16:10:11,182][INFO] Step 23: size: 23, coverage: 76.00%, cost: 27.0
[2024-10-13 16:10:11,193][INFO] Step 24: size: 24, coverage: 78.33%, cost: 29.0
[2024-10-13 16:10:11,203][INFO] Step 25: size: 25, coverage: 80.33%, cost: 31.0
[2024-10-13 16:10:11,213][INFO] Step 26: size: 26, coverage: 82.67%, cost: 34.0
[2024-10-13 16:10:11,224][INFO] Step 27: size: 27, coverage: 84.00%, cost: 36.0
[2024-10-13 16:10:11,234][INFO] Step 28: size: 28, coverage: 85.33%, cost: 38.0
[2024-10-13 16:10:11,244][INFO] Step 29: size: 29, coverage: 86.67%, cost: 40.0
[2024-10-13 16:10:11,254][INFO] Step 30: size: 30, coverage: 88.67%, cost: 43.0
[2024-10-13 16:10:11,265][INFO] Step 31: size: 31, coverage: 90.33%, cost: 46.0
[2024-10-13 16:10:11,275][INFO] Step 32: size: 32, coverage: 91.67%, cost: 49.0
[2024-10-13 16:10:11,286][INFO] Step 33: size: 33, coverage: 92.33%, cost: 51.0
[2024-10-13 16:10:11,296][INFO] Step 34: size: 34, coverage: 93.00%, cost: 53.0
[2024-10-13 16:10:11,307][INFO] Step 35: size: 35, coverage: 93.33%, cost: 55.0
[2024-10-13 16:10:11,318][INFO] Step 36: size: 36, coverage: 94.00%, cost: 57.0
[2024-10-13 16:10:11,328][INFO] Step 37: size: 37, coverage: 94.67%, cost: 59.0
[2024-10-13 16:10:11,339][INFO] Step 38: size: 38, coverage: 95.67%, cost: 62.0
[2024-10-13 16:10:11,350][INFO] Step 39: size: 39, coverage: 96.33%, cost: 65.0
[2024-10-13 16:10:11,361][INFO] Step 40: size: 40, coverage: 96.67%, cost: 67.0
[2024-10-13 16:10:11,372][INFO] Step 41: size: 41, coverage: 97.00%, cost: 69.0
[2024-10-13 16:10:11,382][INFO] Step 42: size: 42, coverage: 97.33%, cost: 71.0
[2024-10-13 16:10:11,393][INFO] Step 43: size: 43, coverage: 97.67%, cost: 73.0
[2024-10-13 16:10:11,405][INFO] Step 44: size: 44, coverage: 98.33%, cost: 77.0
[2024-10-13 16:10:11,416][INFO] Step 45: size: 45, coverage: 98.67%, cost: 80.0
[2024-10-13 16:10:11,427][INFO] Step 46: size: 46, coverage: 99.00%, cost: 83.0
[2024-10-13 16:10:11,438][INFO] Step 47: size: 47, coverage: 99.33%, cost: 86.0
[2024-10-13 16:10:11,450][INFO] Step 48: size: 48, coverage: 99.67%, cost: 89.0
[2024-10-13 16:10:11,461][INFO] Step 49: size: 49, coverage: 100.00%, cost: 93.0
[2024-10-13 16:10:11,461][INFO] Solved solution used 6 random steps
[2024-10-13 16:10:11,462][INFO] Size: 49 -> 46
[2024-10-13 16:10:11,462][INFO] Cost: 93.0 -> 88.0
