[2024-10-14 10:52:47,711][INFO] Step 1: size: 1, coverage: 4.25%, cost: 1.0
[2024-10-14 10:52:47,727][INFO] Step 2: size: 2, coverage: 7.50%, cost: 2.0
[2024-10-14 10:52:47,742][INFO] Step 3: size: 3, coverage: 10.50%, cost: 3.0
[2024-10-14 10:52:47,758][INFO] Step 4: size: 4, coverage: 13.25%, cost: 4.0
[2024-10-14 10:52:47,774][INFO] Step 5: size: 5, coverage: 15.75%, cost: 5.0
[2024-10-14 10:52:47,789][INFO] Step 6: size: 6, coverage: 18.25%, cost: 6.0
[2024-10-14 10:52:47,805][INFO] Step 7: size: 7, coverage: 20.50%, cost: 7.0
[2024-10-14 10:52:47,821][INFO] Step 8: size: 8, coverage: 22.75%, cost: 8.0
[2024-10-14 10:52:47,836][INFO] Step 9: size: 9, coverage: 25.00%, cost: 9.0
[2024-10-14 10:52:47,852][INFO] Step 10: size: 10, coverage: 27.00%, cost: 10.0
[2024-10-14 10:52:47,868][INFO] Step 11: size: 11, coverage: 29.00%, cost: 11.0
[2024-10-14 10:52:47,884][INFO] Step 12: size: 12, coverage: 30.75%, cost: 12.0
[2024-10-14 10:52:47,899][INFO] Step 13: size: 13, coverage: 32.50%, cost: 13.0
[2024-10-14 10:52:47,915][INFO] Step 14: size: 14, coverage: 34.00%, cost: 14.0
[2024-10-14 10:52:47,931][INFO] Step 15: size: 15, coverage: 35.50%, cost: 15.0
[2024-10-14 10:52:47,947][INFO] Step 16: size: 16, coverage: 37.00%, cost: 16.0
[2024-10-14 10:52:47,963][INFO] Step 17: size: 17, coverage: 38.25%, cost: 17.0
[2024-10-14 10:52:47,979][INFO] Step 18: size: 18, coverage: 40.50%, cost: 19.0
[2024-10-14 10:52:47,996][INFO] Step 19: size: 19, coverage: 42.75%, cost: 21.0
[2024-10-14 10:52:48,012][INFO] Step 20: size: 20, coverage: 43.75%, cost: 22.0
[2024-10-14 10:52:48,028][INFO] Step 21: size: 21, coverage: 44.75%, cost: 23.0
[2024-10-14 10:52:48,044][INFO] Step 22: size: 22, coverage: 45.50%, cost: 24.0
[2024-10-14 10:52:48,060][INFO] Step 23: size: 23, coverage: 46.50%, cost: 25.0
[2024-10-14 10:52:48,076][INFO] Step 24: size: 24, coverage: 48.50%, cost: 27.0
[2024-10-14 10:52:48,092][INFO] Step 25: size: 25, coverage: 50.25%, cost: 29.0
[2024-10-14 10:52:48,108][INFO] Step 26: size: 26, coverage: 52.00%, cost: 31.0
[2024-10-14 10:52:48,124][INFO] Step 27: size: 27, coverage: 52.75%, cost: 32.0
[2024-10-14 10:52:48,140][INFO] Step 28: size: 28, coverage: 54.25%, cost: 34.0
[2024-10-14 10:52:48,156][INFO] Step 29: size: 29, coverage: 55.75%, cost: 36.0
[2024-10-14 10:52:48,173][INFO] Step 30: size: 30, coverage: 58.00%, cost: 39.0
[2024-10-14 10:52:48,189][INFO] Step 31: size: 31, coverage: 59.25%, cost: 41.0
[2024-10-14 10:52:48,205][INFO] Step 32: size: 32, coverage: 61.00%, cost: 44.0
[2024-10-14 10:52:48,221][INFO] Step 33: size: 33, coverage: 61.50%, cost: 45.0
[2024-10-14 10:52:48,237][INFO] Step 34: size: 34, coverage: 62.00%, cost: 46.0
[2024-10-14 10:52:48,253][INFO] Step 35: size: 35, coverage: 62.50%, cost: 47.0
[2024-10-14 10:52:48,270][INFO] Step 36: size: 36, coverage: 63.50%, cost: 49.0
[2024-10-14 10:52:48,286][INFO] Step 37: size: 37, coverage: 64.50%, cost: 51.0
[2024-10-14 10:52:48,303][INFO] Step 38: size: 38, coverage: 65.50%, cost: 53.0
[2024-10-14 10:52:48,319][INFO] Step 39: size: 39, coverage: 65.75%, cost: 54.0
[2024-10-14 10:52:48,335][INFO] Step 40: size: 40, coverage: 66.75%, cost: 56.0
[2024-10-14 10:52:48,352][INFO] Step 41: size: 41, coverage: 67.75%, cost: 58.0
[2024-10-14 10:52:48,368][INFO] Step 42: size: 42, coverage: 68.75%, cost: 60.0
[2024-10-14 10:52:48,384][INFO] Step 43: size: 43, coverage: 69.75%, cost: 62.0
[2024-10-14 10:52:48,401][INFO] Step 44: size: 44, coverage: 71.25%, cost: 65.0
[2024-10-14 10:52:48,417][INFO] Step 45: size: 45, coverage: 72.50%, cost: 68.0
[2024-10-14 10:52:48,433][INFO] Step 46: size: 46, coverage: 73.25%, cost: 70.0
[2024-10-14 10:52:48,450][INFO] Step 47: size: 47, coverage: 73.50%, cost: 71.0
[2024-10-14 10:52:48,466][INFO] Step 48: size: 48, coverage: 74.25%, cost: 73.0
[2024-10-14 10:52:48,483][INFO] Step 49: size: 49, coverage: 75.00%, cost: 75.0
[2024-10-14 10:52:48,499][INFO] Step 50: size: 50, coverage: 76.75%, cost: 80.0
[2024-10-14 10:52:48,516][INFO] Step 51: size: 51, coverage: 77.75%, cost: 83.0
[2024-10-14 10:52:48,533][INFO] Step 52: size: 52, coverage: 78.25%, cost: 85.0
[2024-10-14 10:52:48,550][INFO] Step 53: size: 53, coverage: 79.50%, cost: 89.0
[2024-10-14 10:52:48,566][INFO] Step 54: size: 54, coverage: 80.00%, cost: 91.0
[2024-10-14 10:52:48,583][INFO] Step 55: size: 55, coverage: 80.50%, cost: 93.0
[2024-10-14 10:52:48,600][INFO] Step 56: size: 56, coverage: 81.00%, cost: 95.0
[2024-10-14 10:52:48,617][INFO] Step 57: size: 57, coverage: 81.50%, cost: 97.0
[2024-10-14 10:52:48,634][INFO] Step 58: size: 58, coverage: 82.00%, cost: 99.0
[2024-10-14 10:52:48,651][INFO] Step 59: size: 59, coverage: 82.50%, cost: 101.0
[2024-10-14 10:52:48,668][INFO] Step 60: size: 60, coverage: 82.75%, cost: 103.0
[2024-10-14 10:52:48,686][INFO] Step 61: size: 61, coverage: 83.50%, cost: 106.0
[2024-10-14 10:52:48,703][INFO] Step 62: size: 62, coverage: 84.25%, cost: 109.0
[2024-10-14 10:52:48,720][INFO] Step 63: size: 63, coverage: 85.25%, cost: 114.0
[2024-10-14 10:52:48,737][INFO] Step 64: size: 64, coverage: 86.00%, cost: 118.0
[2024-10-14 10:52:48,755][INFO] Step 65: size: 65, coverage: 86.75%, cost: 122.0
[2024-10-14 10:52:48,772][INFO] Step 66: size: 66, coverage: 87.50%, cost: 126.0
[2024-10-14 10:52:48,790][INFO] Step 67: size: 67, coverage: 88.25%, cost: 130.0
[2024-10-14 10:52:48,807][INFO] Step 68: size: 68, coverage: 88.75%, cost: 133.0
[2024-10-14 10:52:48,825][INFO] Step 69: size: 69, coverage: 89.25%, cost: 136.0
[2024-10-14 10:52:48,842][INFO] Step 70: size: 70, coverage: 89.75%, cost: 139.0
[2024-10-14 10:52:48,860][INFO] Step 71: size: 71, coverage: 90.25%, cost: 142.0
[2024-10-14 10:52:48,878][INFO] Step 72: size: 72, coverage: 91.00%, cost: 147.0
[2024-10-14 10:52:48,896][INFO] Step 73: size: 73, coverage: 92.00%, cost: 154.0
[2024-10-14 10:52:48,914][INFO] Step 74: size: 74, coverage: 92.25%, cost: 156.0
[2024-10-14 10:52:48,932][INFO] Step 75: size: 75, coverage: 92.50%, cost: 158.0
[2024-10-14 10:52:48,950][INFO] Step 76: size: 76, coverage: 92.75%, cost: 160.0
[2024-10-14 10:52:48,968][INFO] Step 77: size: 77, coverage: 93.25%, cost: 164.0
[2024-10-14 10:52:48,986][INFO] Step 78: size: 78, coverage: 94.00%, cost: 171.0
[2024-10-14 10:52:49,004][INFO] Step 79: size: 79, coverage: 94.50%, cost: 176.0
[2024-10-14 10:52:49,023][INFO] Step 80: size: 80, coverage: 94.75%, cost: 179.0
[2024-10-14 10:52:49,041][INFO] Step 81: size: 81, coverage: 95.25%, cost: 184.0
[2024-10-14 10:52:49,059][INFO] Step 82: size: 82, coverage: 95.50%, cost: 187.0
[2024-10-14 10:52:49,078][INFO] Step 83: size: 83, coverage: 96.25%, cost: 196.0
[2024-10-14 10:52:49,096][INFO] Step 84: size: 84, coverage: 96.75%, cost: 203.0
[2024-10-14 10:52:49,115][INFO] Step 85: size: 85, coverage: 97.00%, cost: 207.0
[2024-10-14 10:52:49,134][INFO] Step 86: size: 86, coverage: 97.25%, cost: 211.0
[2024-10-14 10:52:49,152][INFO] Step 87: size: 87, coverage: 97.50%, cost: 215.0
[2024-10-14 10:52:49,171][INFO] Step 88: size: 88, coverage: 97.75%, cost: 219.0
[2024-10-14 10:52:49,190][INFO] Step 89: size: 89, coverage: 98.00%, cost: 223.0
[2024-10-14 10:52:49,209][INFO] Step 90: size: 90, coverage: 98.25%, cost: 227.0
[2024-10-14 10:52:49,228][INFO] Step 91: size: 91, coverage: 98.50%, cost: 232.0
[2024-10-14 10:52:49,247][INFO] Step 92: size: 92, coverage: 98.75%, cost: 237.0
[2024-10-14 10:52:49,266][INFO] Step 93: size: 93, coverage: 99.00%, cost: 242.0
[2024-10-14 10:52:49,285][INFO] Step 94: size: 94, coverage: 99.25%, cost: 247.0
[2024-10-14 10:52:49,304][INFO] Step 95: size: 95, coverage: 99.50%, cost: 254.0
[2024-10-14 10:52:49,324][INFO] Step 96: size: 96, coverage: 99.75%, cost: 263.0
[2024-10-14 10:52:49,343][INFO] Step 97: size: 97, coverage: 100.00%, cost: 277.0
[2024-10-14 10:52:49,344][INFO] Solved solution used 8 random steps
[2024-10-14 10:52:49,347][INFO] Size: 97 -> 91
[2024-10-14 10:52:49,347][INFO] Cost: 277.0 -> 264.0
[2024-10-14 13:40:14,135][INFO] Step 1: size: 1, coverage: 4.25%, cost: 1.0
[2024-10-14 13:40:14,151][INFO] Step 2: size: 2, coverage: 7.50%, cost: 2.0
[2024-10-14 13:40:14,166][INFO] Step 3: size: 3, coverage: 10.50%, cost: 3.0
[2024-10-14 13:40:14,182][INFO] Step 4: size: 4, coverage: 13.25%, cost: 4.0
[2024-10-14 13:40:14,197][INFO] Step 5: size: 5, coverage: 15.75%, cost: 5.0
[2024-10-14 13:40:14,213][INFO] Step 6: size: 6, coverage: 18.25%, cost: 6.0
[2024-10-14 13:40:14,228][INFO] Step 7: size: 7, coverage: 20.50%, cost: 7.0
[2024-10-14 13:40:14,244][INFO] Step 8: size: 8, coverage: 22.75%, cost: 8.0
[2024-10-14 13:40:14,260][INFO] Step 9: size: 9, coverage: 25.00%, cost: 9.0
[2024-10-14 13:40:14,275][INFO] Step 10: size: 10, coverage: 27.00%, cost: 10.0
[2024-10-14 13:40:14,291][INFO] Step 11: size: 11, coverage: 29.00%, cost: 11.0
[2024-10-14 13:40:14,306][INFO] Step 12: size: 12, coverage: 30.75%, cost: 12.0
[2024-10-14 13:40:14,322][INFO] Step 13: size: 13, coverage: 32.50%, cost: 13.0
[2024-10-14 13:40:14,337][INFO] Step 14: size: 14, coverage: 34.00%, cost: 14.0
[2024-10-14 13:40:14,353][INFO] Step 15: size: 15, coverage: 35.50%, cost: 15.0
[2024-10-14 13:40:14,368][INFO] Step 16: size: 16, coverage: 37.00%, cost: 16.0
[2024-10-14 13:40:14,384][INFO] Step 17: size: 17, coverage: 38.25%, cost: 17.0
[2024-10-14 13:40:14,400][INFO] Step 18: size: 18, coverage: 40.50%, cost: 19.0
[2024-10-14 13:40:14,415][INFO] Step 19: size: 19, coverage: 42.75%, cost: 21.0
[2024-10-14 13:40:14,431][INFO] Step 20: size: 20, coverage: 43.75%, cost: 22.0
[2024-10-14 13:40:14,447][INFO] Step 21: size: 21, coverage: 44.75%, cost: 23.0
[2024-10-14 13:40:14,463][INFO] Step 22: size: 22, coverage: 45.50%, cost: 24.0
[2024-10-14 13:40:14,478][INFO] Step 23: size: 23, coverage: 46.50%, cost: 25.0
[2024-10-14 13:40:14,494][INFO] Step 24: size: 24, coverage: 48.50%, cost: 27.0
[2024-10-14 13:40:14,510][INFO] Step 25: size: 25, coverage: 50.25%, cost: 29.0
[2024-10-14 13:40:14,526][INFO] Step 26: size: 26, coverage: 52.00%, cost: 31.0
[2024-10-14 13:40:14,542][INFO] Step 27: size: 27, coverage: 52.75%, cost: 32.0
[2024-10-14 13:40:14,558][INFO] Step 28: size: 28, coverage: 54.25%, cost: 34.0
[2024-10-14 13:40:14,574][INFO] Step 29: size: 29, coverage: 55.75%, cost: 36.0
[2024-10-14 13:40:14,590][INFO] Step 30: size: 30, coverage: 58.00%, cost: 39.0
[2024-10-14 13:40:14,606][INFO] Step 31: size: 31, coverage: 59.25%, cost: 41.0
[2024-10-14 13:40:14,622][INFO] Step 32: size: 32, coverage: 61.00%, cost: 44.0
[2024-10-14 13:40:14,638][INFO] Step 33: size: 33, coverage: 61.50%, cost: 45.0
[2024-10-14 13:40:14,654][INFO] Step 34: size: 34, coverage: 62.00%, cost: 46.0
[2024-10-14 13:40:14,670][INFO] Step 35: size: 35, coverage: 62.50%, cost: 47.0
[2024-10-14 13:40:14,686][INFO] Step 36: size: 36, coverage: 63.50%, cost: 49.0
[2024-10-14 13:40:14,702][INFO] Step 37: size: 37, coverage: 64.50%, cost: 51.0
[2024-10-14 13:40:14,718][INFO] Step 38: size: 38, coverage: 65.50%, cost: 53.0
[2024-10-14 13:40:14,735][INFO] Step 39: size: 39, coverage: 65.75%, cost: 54.0
[2024-10-14 13:40:14,751][INFO] Step 40: size: 40, coverage: 66.75%, cost: 56.0
[2024-10-14 13:40:14,767][INFO] Step 41: size: 41, coverage: 67.75%, cost: 58.0
[2024-10-14 13:40:14,783][INFO] Step 42: size: 42, coverage: 68.75%, cost: 60.0
[2024-10-14 13:40:14,800][INFO] Step 43: size: 43, coverage: 69.75%, cost: 62.0
[2024-10-14 13:40:14,816][INFO] Step 44: size: 44, coverage: 71.25%, cost: 65.0
[2024-10-14 13:40:14,832][INFO] Step 45: size: 45, coverage: 72.50%, cost: 68.0
[2024-10-14 13:40:14,848][INFO] Step 46: size: 46, coverage: 73.25%, cost: 70.0
[2024-10-14 13:40:14,865][INFO] Step 47: size: 47, coverage: 73.50%, cost: 71.0
[2024-10-14 13:40:14,881][INFO] Step 48: size: 48, coverage: 74.25%, cost: 73.0
[2024-10-14 13:40:14,897][INFO] Step 49: size: 49, coverage: 75.00%, cost: 75.0
[2024-10-14 13:40:14,914][INFO] Step 50: size: 50, coverage: 76.75%, cost: 80.0
[2024-10-14 13:40:14,930][INFO] Step 51: size: 51, coverage: 77.75%, cost: 83.0
[2024-10-14 13:40:14,947][INFO] Step 52: size: 52, coverage: 78.25%, cost: 85.0
[2024-10-14 13:40:14,963][INFO] Step 53: size: 53, coverage: 79.50%, cost: 89.0
[2024-10-14 13:40:14,980][INFO] Step 54: size: 54, coverage: 80.00%, cost: 91.0
[2024-10-14 13:40:14,997][INFO] Step 55: size: 55, coverage: 80.50%, cost: 93.0
[2024-10-14 13:40:15,013][INFO] Step 56: size: 56, coverage: 81.00%, cost: 95.0
[2024-10-14 13:40:15,030][INFO] Step 57: size: 57, coverage: 81.50%, cost: 97.0
[2024-10-14 13:40:15,047][INFO] Step 58: size: 58, coverage: 82.00%, cost: 99.0
[2024-10-14 13:40:15,064][INFO] Step 59: size: 59, coverage: 82.50%, cost: 101.0
[2024-10-14 13:40:15,081][INFO] Step 60: size: 60, coverage: 82.75%, cost: 103.0
[2024-10-14 13:40:15,098][INFO] Step 61: size: 61, coverage: 83.50%, cost: 106.0
[2024-10-14 13:40:15,115][INFO] Step 62: size: 62, coverage: 84.25%, cost: 109.0
[2024-10-14 13:40:15,133][INFO] Step 63: size: 63, coverage: 85.25%, cost: 114.0
[2024-10-14 13:40:15,150][INFO] Step 64: size: 64, coverage: 86.00%, cost: 118.0
[2024-10-14 13:40:15,167][INFO] Step 65: size: 65, coverage: 86.75%, cost: 122.0
[2024-10-14 13:40:15,184][INFO] Step 66: size: 66, coverage: 87.50%, cost: 126.0
[2024-10-14 13:40:15,202][INFO] Step 67: size: 67, coverage: 88.25%, cost: 130.0
[2024-10-14 13:40:15,219][INFO] Step 68: size: 68, coverage: 88.75%, cost: 133.0
[2024-10-14 13:40:15,236][INFO] Step 69: size: 69, coverage: 89.25%, cost: 136.0
[2024-10-14 13:40:15,254][INFO] Step 70: size: 70, coverage: 89.75%, cost: 139.0
[2024-10-14 13:40:15,271][INFO] Step 71: size: 71, coverage: 90.25%, cost: 142.0
[2024-10-14 13:40:15,289][INFO] Step 72: size: 72, coverage: 91.00%, cost: 147.0
[2024-10-14 13:40:15,307][INFO] Step 73: size: 73, coverage: 92.00%, cost: 154.0
[2024-10-14 13:40:15,325][INFO] Step 74: size: 74, coverage: 92.25%, cost: 156.0
[2024-10-14 13:40:15,342][INFO] Step 75: size: 75, coverage: 92.50%, cost: 158.0
[2024-10-14 13:40:15,360][INFO] Step 76: size: 76, coverage: 92.75%, cost: 160.0
[2024-10-14 13:40:15,378][INFO] Step 77: size: 77, coverage: 93.25%, cost: 164.0
[2024-10-14 13:40:15,396][INFO] Step 78: size: 78, coverage: 94.00%, cost: 171.0
[2024-10-14 13:40:15,414][INFO] Step 79: size: 79, coverage: 94.50%, cost: 176.0
[2024-10-14 13:40:15,432][INFO] Step 80: size: 80, coverage: 94.75%, cost: 179.0
[2024-10-14 13:40:15,451][INFO] Step 81: size: 81, coverage: 95.25%, cost: 184.0
[2024-10-14 13:40:15,469][INFO] Step 82: size: 82, coverage: 95.50%, cost: 187.0
[2024-10-14 13:40:15,487][INFO] Step 83: size: 83, coverage: 96.25%, cost: 196.0
[2024-10-14 13:40:15,506][INFO] Step 84: size: 84, coverage: 96.75%, cost: 203.0
[2024-10-14 13:40:15,524][INFO] Step 85: size: 85, coverage: 97.00%, cost: 207.0
[2024-10-14 13:40:15,543][INFO] Step 86: size: 86, coverage: 97.25%, cost: 211.0
[2024-10-14 13:40:15,561][INFO] Step 87: size: 87, coverage: 97.50%, cost: 215.0
[2024-10-14 13:40:15,580][INFO] Step 88: size: 88, coverage: 97.75%, cost: 219.0
[2024-10-14 13:40:15,599][INFO] Step 89: size: 89, coverage: 98.00%, cost: 223.0
[2024-10-14 13:40:15,618][INFO] Step 90: size: 90, coverage: 98.25%, cost: 227.0
[2024-10-14 13:40:15,636][INFO] Step 91: size: 91, coverage: 98.50%, cost: 232.0
[2024-10-14 13:40:15,655][INFO] Step 92: size: 92, coverage: 98.75%, cost: 237.0
[2024-10-14 13:40:15,674][INFO] Step 93: size: 93, coverage: 99.00%, cost: 242.0
[2024-10-14 13:40:15,694][INFO] Step 94: size: 94, coverage: 99.25%, cost: 247.0
[2024-10-14 13:40:15,713][INFO] Step 95: size: 95, coverage: 99.50%, cost: 254.0
[2024-10-14 13:40:15,732][INFO] Step 96: size: 96, coverage: 99.75%, cost: 263.0
[2024-10-14 13:40:15,752][INFO] Step 97: size: 97, coverage: 100.00%, cost: 277.0
[2024-10-14 13:40:15,752][INFO] Solved solution used 8 random steps
[2024-10-14 13:40:15,912][INFO] Redundancy elimination: [np.int64(47), np.int64(86), np.int64(76), np.int64(35), np.int64(142), np.int64(51), np.int64(13), np.int64(5)] -> cost: 18.0
[2024-10-14 13:40:15,912][INFO] Redundancy elimination: [np.int64(86), np.int64(142), np.int64(76), np.int64(35), np.int64(29)] -> cost: 14.0
[2024-10-14 13:40:15,912][INFO] Redundancy elimination: [np.int64(29), np.int64(86), np.int64(142), np.int64(33), np.int64(15), np.int64(76), np.int64(35), np.int64(5), np.int64(19)] -> cost: 19.0
[2024-10-14 13:40:15,912][INFO] Redundancy elimination: [np.int64(51), np.int64(86), np.int64(142), np.int64(47), np.int64(76), np.int64(35), np.int64(19), np.int64(13)] -> cost: 18.0
[2024-10-14 13:40:15,912][INFO] Redundancy elimination: [np.int64(76), np.int64(86), np.int64(51), np.int64(142), np.int64(29), np.int64(35), np.int64(19), np.int64(15), np.int64(5)] -> cost: 19.0
[2024-10-14 13:40:15,912][INFO] Size: 97 -> 88
[2024-10-14 13:40:15,912][INFO] Cost: 277.0 -> 258.0
[2024-10-14 13:54:42,753][INFO] Step 1: size: 1, coverage: 4.25%, cost: 1.0
[2024-10-14 13:54:42,783][INFO] Step 2: size: 2, coverage: 7.50%, cost: 2.0
[2024-10-14 13:54:42,813][INFO] Step 3: size: 3, coverage: 10.50%, cost: 3.0
[2024-10-14 13:54:42,844][INFO] Step 4: size: 4, coverage: 13.25%, cost: 4.0
[2024-10-14 13:54:42,874][INFO] Step 5: size: 5, coverage: 15.75%, cost: 5.0
[2024-10-14 13:54:42,904][INFO] Step 6: size: 6, coverage: 18.25%, cost: 6.0
[2024-10-14 13:54:42,934][INFO] Step 7: size: 7, coverage: 20.50%, cost: 7.0
[2024-10-14 13:54:42,958][INFO] Step 8: size: 8, coverage: 22.75%, cost: 8.0
[2024-10-14 13:54:42,975][INFO] Step 9: size: 9, coverage: 25.00%, cost: 9.0
[2024-10-14 13:54:42,993][INFO] Step 10: size: 10, coverage: 27.00%, cost: 10.0
[2024-10-14 13:54:43,010][INFO] Step 11: size: 11, coverage: 29.00%, cost: 11.0
[2024-10-14 13:54:43,026][INFO] Step 12: size: 12, coverage: 30.75%, cost: 12.0
[2024-10-14 13:54:43,043][INFO] Step 13: size: 13, coverage: 32.50%, cost: 13.0
[2024-10-14 13:54:43,060][INFO] Step 14: size: 14, coverage: 34.00%, cost: 14.0
[2024-10-14 13:54:43,076][INFO] Step 15: size: 15, coverage: 35.50%, cost: 15.0
[2024-10-14 13:54:43,093][INFO] Step 16: size: 16, coverage: 37.00%, cost: 16.0
[2024-10-14 13:54:43,109][INFO] Step 17: size: 17, coverage: 38.25%, cost: 17.0
[2024-10-14 13:54:43,125][INFO] Step 18: size: 18, coverage: 40.50%, cost: 19.0
[2024-10-14 13:54:43,141][INFO] Step 19: size: 19, coverage: 42.75%, cost: 21.0
[2024-10-14 13:54:43,157][INFO] Step 20: size: 20, coverage: 43.75%, cost: 22.0
[2024-10-14 13:54:43,173][INFO] Step 21: size: 21, coverage: 44.75%, cost: 23.0
[2024-10-14 13:54:43,190][INFO] Step 22: size: 22, coverage: 45.50%, cost: 24.0
[2024-10-14 13:54:43,206][INFO] Step 23: size: 23, coverage: 46.50%, cost: 25.0
[2024-10-14 13:54:43,222][INFO] Step 24: size: 24, coverage: 48.50%, cost: 27.0
[2024-10-14 13:54:43,239][INFO] Step 25: size: 25, coverage: 50.25%, cost: 29.0
[2024-10-14 13:54:43,255][INFO] Step 26: size: 26, coverage: 52.00%, cost: 31.0
[2024-10-14 13:54:43,272][INFO] Step 27: size: 27, coverage: 52.75%, cost: 32.0
[2024-10-14 13:54:43,288][INFO] Step 28: size: 28, coverage: 54.25%, cost: 34.0
[2024-10-14 13:54:43,304][INFO] Step 29: size: 29, coverage: 55.75%, cost: 36.0
[2024-10-14 13:54:43,320][INFO] Step 30: size: 30, coverage: 58.00%, cost: 39.0
[2024-10-14 13:54:43,337][INFO] Step 31: size: 31, coverage: 59.25%, cost: 41.0
[2024-10-14 13:54:43,353][INFO] Step 32: size: 32, coverage: 61.00%, cost: 44.0
[2024-10-14 13:54:43,369][INFO] Step 33: size: 33, coverage: 61.50%, cost: 45.0
[2024-10-14 13:54:43,386][INFO] Step 34: size: 34, coverage: 62.00%, cost: 46.0
[2024-10-14 13:54:43,402][INFO] Step 35: size: 35, coverage: 62.50%, cost: 47.0
[2024-10-14 13:54:43,419][INFO] Step 36: size: 36, coverage: 63.50%, cost: 49.0
[2024-10-14 13:54:43,436][INFO] Step 37: size: 37, coverage: 64.50%, cost: 51.0
[2024-10-14 13:54:43,452][INFO] Step 38: size: 38, coverage: 65.50%, cost: 53.0
[2024-10-14 13:54:43,469][INFO] Step 39: size: 39, coverage: 65.75%, cost: 54.0
[2024-10-14 13:54:43,486][INFO] Step 40: size: 40, coverage: 66.75%, cost: 56.0
[2024-10-14 13:54:43,503][INFO] Step 41: size: 41, coverage: 67.75%, cost: 58.0
[2024-10-14 13:54:43,519][INFO] Step 42: size: 42, coverage: 68.75%, cost: 60.0
[2024-10-14 13:54:43,536][INFO] Step 43: size: 43, coverage: 69.75%, cost: 62.0
[2024-10-14 13:54:43,552][INFO] Step 44: size: 44, coverage: 71.25%, cost: 65.0
[2024-10-14 13:54:43,569][INFO] Step 45: size: 45, coverage: 72.50%, cost: 68.0
[2024-10-14 13:54:43,586][INFO] Step 46: size: 46, coverage: 73.25%, cost: 70.0
[2024-10-14 13:54:43,603][INFO] Step 47: size: 47, coverage: 73.50%, cost: 71.0
[2024-10-14 13:54:43,619][INFO] Step 48: size: 48, coverage: 74.25%, cost: 73.0
[2024-10-14 13:54:43,636][INFO] Step 49: size: 49, coverage: 75.00%, cost: 75.0
[2024-10-14 13:54:43,653][INFO] Step 50: size: 50, coverage: 76.75%, cost: 80.0
[2024-10-14 13:54:43,670][INFO] Step 51: size: 51, coverage: 77.75%, cost: 83.0
[2024-10-14 13:54:43,687][INFO] Step 52: size: 52, coverage: 78.25%, cost: 85.0
[2024-10-14 13:54:43,704][INFO] Step 53: size: 53, coverage: 79.50%, cost: 89.0
[2024-10-14 13:54:43,722][INFO] Step 54: size: 54, coverage: 80.00%, cost: 91.0
[2024-10-14 13:54:43,739][INFO] Step 55: size: 55, coverage: 80.50%, cost: 93.0
[2024-10-14 13:54:43,756][INFO] Step 56: size: 56, coverage: 81.00%, cost: 95.0
[2024-10-14 13:54:43,773][INFO] Step 57: size: 57, coverage: 81.50%, cost: 97.0
[2024-10-14 13:54:43,790][INFO] Step 58: size: 58, coverage: 82.00%, cost: 99.0
[2024-10-14 13:54:43,807][INFO] Step 59: size: 59, coverage: 82.50%, cost: 101.0
[2024-10-14 13:54:43,825][INFO] Step 60: size: 60, coverage: 82.75%, cost: 103.0
[2024-10-14 13:54:43,842][INFO] Step 61: size: 61, coverage: 83.50%, cost: 106.0
[2024-10-14 13:54:43,860][INFO] Step 62: size: 62, coverage: 84.25%, cost: 109.0
[2024-10-14 13:54:43,877][INFO] Step 63: size: 63, coverage: 85.25%, cost: 114.0
[2024-10-14 13:54:43,895][INFO] Step 64: size: 64, coverage: 86.00%, cost: 118.0
[2024-10-14 13:54:43,912][INFO] Step 65: size: 65, coverage: 86.75%, cost: 122.0
[2024-10-14 13:54:43,930][INFO] Step 66: size: 66, coverage: 87.50%, cost: 126.0
[2024-10-14 13:54:43,948][INFO] Step 67: size: 67, coverage: 88.25%, cost: 130.0
[2024-10-14 13:54:43,966][INFO] Step 68: size: 68, coverage: 88.75%, cost: 133.0
[2024-10-14 13:54:43,984][INFO] Step 69: size: 69, coverage: 89.25%, cost: 136.0
[2024-10-14 13:54:44,001][INFO] Step 70: size: 70, coverage: 89.75%, cost: 139.0
[2024-10-14 13:54:44,020][INFO] Step 71: size: 71, coverage: 90.25%, cost: 142.0
[2024-10-14 13:54:44,039][INFO] Step 72: size: 72, coverage: 91.00%, cost: 147.0
[2024-10-14 13:54:44,057][INFO] Step 73: size: 73, coverage: 92.00%, cost: 154.0
[2024-10-14 13:54:44,075][INFO] Step 74: size: 74, coverage: 92.25%, cost: 156.0
[2024-10-14 13:54:44,093][INFO] Step 75: size: 75, coverage: 92.50%, cost: 158.0
[2024-10-14 13:54:44,112][INFO] Step 76: size: 76, coverage: 92.75%, cost: 160.0
[2024-10-14 13:54:44,130][INFO] Step 77: size: 77, coverage: 93.25%, cost: 164.0
[2024-10-14 13:54:44,149][INFO] Step 78: size: 78, coverage: 94.00%, cost: 171.0
[2024-10-14 13:54:44,167][INFO] Step 79: size: 79, coverage: 94.50%, cost: 176.0
[2024-10-14 13:54:44,186][INFO] Step 80: size: 80, coverage: 94.75%, cost: 179.0
[2024-10-14 13:54:44,204][INFO] Step 81: size: 81, coverage: 95.25%, cost: 184.0
[2024-10-14 13:54:44,223][INFO] Step 82: size: 82, coverage: 95.50%, cost: 187.0
[2024-10-14 13:54:44,242][INFO] Step 83: size: 83, coverage: 96.25%, cost: 196.0
[2024-10-14 13:54:44,260][INFO] Step 84: size: 84, coverage: 96.75%, cost: 203.0
[2024-10-14 13:54:44,279][INFO] Step 85: size: 85, coverage: 97.00%, cost: 207.0
[2024-10-14 13:54:44,299][INFO] Step 86: size: 86, coverage: 97.25%, cost: 211.0
[2024-10-14 13:54:44,318][INFO] Step 87: size: 87, coverage: 97.50%, cost: 215.0
[2024-10-14 13:54:44,337][INFO] Step 88: size: 88, coverage: 97.75%, cost: 219.0
[2024-10-14 13:54:44,356][INFO] Step 89: size: 89, coverage: 98.00%, cost: 223.0
[2024-10-14 13:54:44,375][INFO] Step 90: size: 90, coverage: 98.25%, cost: 227.0
[2024-10-14 13:54:44,394][INFO] Step 91: size: 91, coverage: 98.50%, cost: 232.0
[2024-10-14 13:54:44,414][INFO] Step 92: size: 92, coverage: 98.75%, cost: 237.0
[2024-10-14 13:54:44,433][INFO] Step 93: size: 93, coverage: 99.00%, cost: 242.0
[2024-10-14 13:54:44,453][INFO] Step 94: size: 94, coverage: 99.25%, cost: 247.0
[2024-10-14 13:54:44,472][INFO] Step 95: size: 95, coverage: 99.50%, cost: 254.0
[2024-10-14 13:54:44,492][INFO] Step 96: size: 96, coverage: 99.75%, cost: 263.0
[2024-10-14 13:54:44,511][INFO] Step 97: size: 97, coverage: 100.00%, cost: 277.0
[2024-10-14 13:54:44,512][INFO] Solved solution used 8 random steps
[2024-10-14 13:54:44,673][INFO] Redundancy elimination: [np.int64(47), np.int64(86), np.int64(76), np.int64(35), np.int64(142), np.int64(51), np.int64(13), np.int64(5)] -> cost: 18.0
[2024-10-14 13:54:44,674][INFO] Redundancy elimination: [np.int64(86), np.int64(142), np.int64(76), np.int64(35), np.int64(29)] -> cost: 14.0
[2024-10-14 13:54:44,674][INFO] Redundancy elimination: [np.int64(29), np.int64(86), np.int64(142), np.int64(33), np.int64(15), np.int64(76), np.int64(35), np.int64(5), np.int64(19)] -> cost: 19.0
[2024-10-14 13:54:44,674][INFO] Redundancy elimination: [np.int64(51), np.int64(86), np.int64(142), np.int64(47), np.int64(76), np.int64(35), np.int64(19), np.int64(13)] -> cost: 18.0
[2024-10-14 13:54:44,674][INFO] Redundancy elimination: [np.int64(76), np.int64(86), np.int64(51), np.int64(142), np.int64(29), np.int64(35), np.int64(19), np.int64(15), np.int64(5)] -> cost: 19.0
[2024-10-14 13:54:44,674][INFO] Size: 97 -> 88
[2024-10-14 13:54:44,674][INFO] Cost: 277.0 -> 258.0
