[2024-10-15 01:52:33,802][INFO] Step 1: size: 1, coverage: 7.75%, cost: 1.0
[2024-10-15 01:52:33,818][INFO] Step 2: size: 2, coverage: 15.00%, cost: 2.0
[2024-10-15 01:52:33,833][INFO] Step 3: size: 3, coverage: 22.00%, cost: 3.0
[2024-10-15 01:52:33,848][INFO] Step 4: size: 4, coverage: 27.75%, cost: 4.0
[2024-10-15 01:52:33,863][INFO] Step 5: size: 5, coverage: 32.75%, cost: 5.0
[2024-10-15 01:52:33,878][INFO] Step 6: size: 6, coverage: 37.00%, cost: 6.0
[2024-10-15 01:52:33,893][INFO] Step 7: size: 7, coverage: 41.75%, cost: 7.0
[2024-10-15 01:52:33,908][INFO] Step 8: size: 8, coverage: 46.00%, cost: 8.0
[2024-10-15 01:52:33,923][INFO] Step 9: size: 9, coverage: 50.00%, cost: 9.0
[2024-10-15 01:52:33,937][INFO] Step 10: size: 10, coverage: 53.50%, cost: 10.0
[2024-10-15 01:52:33,952][INFO] Step 11: size: 11, coverage: 56.75%, cost: 11.0
[2024-10-15 01:52:33,966][INFO] Step 12: size: 12, coverage: 59.75%, cost: 12.0
[2024-10-15 01:52:33,981][INFO] Step 13: size: 13, coverage: 62.50%, cost: 13.0
[2024-10-15 01:52:33,995][INFO] Step 14: size: 14, coverage: 65.00%, cost: 14.0
[2024-10-15 01:52:34,009][INFO] Step 15: size: 15, coverage: 67.25%, cost: 15.0
[2024-10-15 01:52:34,024][INFO] Step 16: size: 16, coverage: 69.50%, cost: 16.0
[2024-10-15 01:52:34,038][INFO] Step 17: size: 17, coverage: 71.25%, cost: 17.0
[2024-10-15 01:52:34,052][INFO] Step 18: size: 18, coverage: 73.50%, cost: 18.0
[2024-10-15 01:52:34,066][INFO] Step 19: size: 19, coverage: 75.50%, cost: 19.0
[2024-10-15 01:52:34,080][INFO] Step 20: size: 20, coverage: 77.50%, cost: 20.0
[2024-10-15 01:52:34,095][INFO] Step 21: size: 21, coverage: 79.25%, cost: 21.0
[2024-10-15 01:52:34,109][INFO] Step 22: size: 22, coverage: 80.50%, cost: 22.0
[2024-10-15 01:52:34,123][INFO] Step 23: size: 23, coverage: 81.75%, cost: 23.0
[2024-10-15 01:52:34,137][INFO] Step 24: size: 24, coverage: 84.00%, cost: 25.0
[2024-10-15 01:52:34,152][INFO] Step 25: size: 25, coverage: 84.75%, cost: 26.0
[2024-10-15 01:52:34,166][INFO] Step 26: size: 26, coverage: 85.00%, cost: 27.0
[2024-10-15 01:52:34,180][INFO] Step 27: size: 27, coverage: 85.75%, cost: 28.0
[2024-10-15 01:52:34,195][INFO] Step 28: size: 28, coverage: 86.50%, cost: 29.0
[2024-10-15 01:52:34,209][INFO] Step 29: size: 29, coverage: 87.25%, cost: 30.0
[2024-10-15 01:52:34,224][INFO] Step 30: size: 30, coverage: 88.00%, cost: 31.0
[2024-10-15 01:52:34,238][INFO] Step 31: size: 31, coverage: 89.25%, cost: 33.0
[2024-10-15 01:52:34,253][INFO] Step 32: size: 32, coverage: 89.75%, cost: 34.0
[2024-10-15 01:52:34,268][INFO] Step 33: size: 33, coverage: 90.25%, cost: 35.0
[2024-10-15 01:52:34,282][INFO] Step 34: size: 34, coverage: 90.75%, cost: 36.0
[2024-10-15 01:52:34,297][INFO] Step 35: size: 35, coverage: 91.75%, cost: 38.0
[2024-10-15 01:52:34,312][INFO] Step 36: size: 36, coverage: 93.00%, cost: 41.0
[2024-10-15 01:52:34,327][INFO] Step 37: size: 37, coverage: 93.75%, cost: 43.0
[2024-10-15 01:52:34,342][INFO] Step 38: size: 38, coverage: 94.50%, cost: 45.0
[2024-10-15 01:52:34,357][INFO] Step 39: size: 39, coverage: 95.50%, cost: 48.0
[2024-10-15 01:52:34,372][INFO] Step 40: size: 40, coverage: 95.75%, cost: 49.0
[2024-10-15 01:52:34,387][INFO] Step 41: size: 41, coverage: 96.00%, cost: 50.0
[2024-10-15 01:52:34,402][INFO] Step 42: size: 42, coverage: 96.25%, cost: 51.0
[2024-10-15 01:52:34,418][INFO] Step 43: size: 43, coverage: 96.50%, cost: 52.0
[2024-10-15 01:52:34,433][INFO] Step 44: size: 44, coverage: 96.75%, cost: 54.0
[2024-10-15 01:52:34,448][INFO] Step 45: size: 45, coverage: 97.25%, cost: 56.0
[2024-10-15 01:52:34,464][INFO] Step 46: size: 46, coverage: 97.75%, cost: 58.0
[2024-10-15 01:52:34,480][INFO] Step 47: size: 47, coverage: 98.25%, cost: 60.0
[2024-10-15 01:52:34,495][INFO] Step 48: size: 48, coverage: 98.75%, cost: 63.0
[2024-10-15 01:52:34,511][INFO] Step 49: size: 49, coverage: 99.00%, cost: 65.0
[2024-10-15 01:52:34,527][INFO] Step 50: size: 50, coverage: 99.25%, cost: 67.0
[2024-10-15 01:52:34,542][INFO] Step 51: size: 51, coverage: 99.50%, cost: 69.0
[2024-10-15 01:52:34,559][INFO] Step 52: size: 52, coverage: 99.75%, cost: 72.0
[2024-10-15 01:52:34,575][INFO] Step 53: size: 53, coverage: 100.00%, cost: 75.0
[2024-10-15 01:52:34,575][INFO] Solved solution used 5 random steps
[2024-10-15 01:52:38,353][INFO] Explored 110895 neighbors, found 19568 feasible (17.65%)
[2024-10-15 01:52:38,388][INFO] Redundancy elimination: [np.int64(26), np.int64(52), np.int64(16), np.int64(27), np.int64(17)] -> cost: 6.0
[2024-10-15 01:52:38,388][INFO] Redundancy elimination: [np.int64(12), np.int64(52), np.int64(16), np.int64(17), np.int64(37), np.int64(26)] -> cost: 7.0
[2024-10-15 01:52:38,388][INFO] Redundancy elimination: [np.int64(17), np.int64(52), np.int64(16), np.int64(26), np.int64(37), np.int64(12)] -> cost: 7.0
[2024-10-15 01:52:38,388][INFO] Redundancy elimination: [np.int64(52), np.int64(27), np.int64(26), np.int64(37)] -> cost: 5.0
[2024-10-15 01:52:38,388][INFO] Redundancy elimination: [np.int64(3), np.int64(26), np.int64(16), np.int64(37)] -> cost: 4.0
[2024-10-15 01:52:38,388][INFO] Size: 53 -> 47
[2024-10-15 01:52:38,388][INFO] Cost: 75.0 -> 68.0
[2024-10-15 01:52:38,388][INFO] Step 0: cost -> 74.0
[2024-10-15 01:52:41,409][INFO] Explored 94922 neighbors, found 1312 feasible (1.38%)
[2024-10-15 01:52:41,411][INFO] Step 1: cost -> 67.0
[2024-10-15 01:52:44,431][INFO] Explored 94922 neighbors, found 1312 feasible (1.38%)
[2024-10-15 01:52:44,432][INFO] Step 2: cost -> 67.0
[2024-10-15 01:59:41,372][INFO] Step 1: size: 1, coverage: 7.75%, cost: 1.0
[2024-10-15 01:59:41,388][INFO] Step 2: size: 2, coverage: 15.00%, cost: 2.0
[2024-10-15 01:59:41,403][INFO] Step 3: size: 3, coverage: 22.00%, cost: 3.0
[2024-10-15 01:59:41,418][INFO] Step 4: size: 4, coverage: 27.75%, cost: 4.0
[2024-10-15 01:59:41,433][INFO] Step 5: size: 5, coverage: 32.75%, cost: 5.0
[2024-10-15 01:59:41,448][INFO] Step 6: size: 6, coverage: 37.75%, cost: 6.0
[2024-10-15 01:59:41,463][INFO] Step 7: size: 7, coverage: 42.25%, cost: 7.0
[2024-10-15 01:59:41,478][INFO] Step 8: size: 8, coverage: 46.25%, cost: 8.0
[2024-10-15 01:59:41,492][INFO] Step 9: size: 9, coverage: 50.00%, cost: 9.0
[2024-10-15 01:59:41,507][INFO] Step 10: size: 10, coverage: 53.00%, cost: 10.0
[2024-10-15 01:59:41,522][INFO] Step 11: size: 11, coverage: 56.25%, cost: 11.0
[2024-10-15 01:59:41,536][INFO] Step 12: size: 12, coverage: 59.25%, cost: 12.0
[2024-10-15 01:59:41,551][INFO] Step 13: size: 13, coverage: 62.00%, cost: 13.0
[2024-10-15 01:59:41,565][INFO] Step 14: size: 14, coverage: 64.25%, cost: 14.0
[2024-10-15 01:59:41,580][INFO] Step 15: size: 15, coverage: 66.75%, cost: 15.0
[2024-10-15 01:59:41,594][INFO] Step 16: size: 16, coverage: 69.00%, cost: 16.0
[2024-10-15 01:59:41,608][INFO] Step 17: size: 17, coverage: 71.25%, cost: 17.0
[2024-10-15 01:59:41,622][INFO] Step 18: size: 18, coverage: 73.25%, cost: 18.0
[2024-10-15 01:59:41,636][INFO] Step 19: size: 19, coverage: 75.25%, cost: 19.0
[2024-10-15 01:59:41,650][INFO] Step 20: size: 20, coverage: 77.00%, cost: 20.0
[2024-10-15 01:59:41,664][INFO] Step 21: size: 21, coverage: 78.50%, cost: 21.0
[2024-10-15 01:59:41,679][INFO] Step 22: size: 22, coverage: 80.00%, cost: 22.0
[2024-10-15 01:59:41,693][INFO] Step 23: size: 23, coverage: 81.50%, cost: 23.0
[2024-10-15 01:59:41,707][INFO] Step 24: size: 24, coverage: 83.75%, cost: 25.0
[2024-10-15 01:59:41,721][INFO] Step 25: size: 25, coverage: 84.75%, cost: 26.0
[2024-10-15 01:59:41,736][INFO] Step 26: size: 26, coverage: 85.50%, cost: 27.0
[2024-10-15 01:59:41,750][INFO] Step 27: size: 27, coverage: 86.25%, cost: 28.0
[2024-10-15 01:59:41,764][INFO] Step 28: size: 28, coverage: 87.00%, cost: 29.0
[2024-10-15 01:59:41,779][INFO] Step 29: size: 29, coverage: 87.75%, cost: 30.0
[2024-10-15 01:59:41,793][INFO] Step 30: size: 30, coverage: 89.00%, cost: 32.0
[2024-10-15 01:59:41,808][INFO] Step 31: size: 31, coverage: 90.75%, cost: 35.0
[2024-10-15 01:59:41,822][INFO] Step 32: size: 32, coverage: 91.25%, cost: 36.0
[2024-10-15 01:59:41,837][INFO] Step 33: size: 33, coverage: 92.25%, cost: 38.0
[2024-10-15 01:59:41,852][INFO] Step 34: size: 34, coverage: 93.25%, cost: 40.0
[2024-10-15 01:59:41,866][INFO] Step 35: size: 35, coverage: 94.50%, cost: 43.0
[2024-10-15 01:59:41,881][INFO] Step 36: size: 36, coverage: 95.25%, cost: 45.0
[2024-10-15 01:59:41,896][INFO] Step 37: size: 37, coverage: 95.50%, cost: 46.0
[2024-10-15 01:59:41,911][INFO] Step 38: size: 38, coverage: 95.75%, cost: 47.0
[2024-10-15 01:59:41,926][INFO] Step 39: size: 39, coverage: 96.00%, cost: 48.0
[2024-10-15 01:59:41,941][INFO] Step 40: size: 40, coverage: 96.25%, cost: 49.0
[2024-10-15 01:59:41,956][INFO] Step 41: size: 41, coverage: 96.75%, cost: 51.0
[2024-10-15 01:59:41,971][INFO] Step 42: size: 42, coverage: 97.25%, cost: 53.0
[2024-10-15 01:59:41,986][INFO] Step 43: size: 43, coverage: 97.50%, cost: 55.0
[2024-10-15 01:59:42,001][INFO] Step 44: size: 44, coverage: 98.25%, cost: 58.0
[2024-10-15 01:59:42,017][INFO] Step 45: size: 45, coverage: 98.75%, cost: 61.0
[2024-10-15 01:59:42,032][INFO] Step 46: size: 46, coverage: 99.00%, cost: 63.0
[2024-10-15 01:59:42,048][INFO] Step 47: size: 47, coverage: 99.25%, cost: 65.0
[2024-10-15 01:59:42,063][INFO] Step 48: size: 48, coverage: 99.50%, cost: 67.0
[2024-10-15 01:59:42,079][INFO] Step 49: size: 49, coverage: 99.75%, cost: 70.0
[2024-10-15 01:59:42,095][INFO] Step 50: size: 50, coverage: 100.00%, cost: 73.0
[2024-10-15 01:59:42,095][INFO] Solved solution used 4 random steps
[2024-10-15 01:59:45,587][INFO] Explored 107077 neighbors, found 13212 feasible (12.34%)
[2024-10-15 01:59:45,611][INFO] Redundancy elimination: [np.int64(37), np.int64(16), np.int64(26), np.int64(17), np.int64(53)] -> cost: 6.0
[2024-10-15 01:59:45,611][INFO] Redundancy elimination: [np.int64(16), np.int64(53), np.int64(37), np.int64(26)] -> cost: 5.0
[2024-10-15 01:59:45,611][INFO] Redundancy elimination: [np.int64(17), np.int64(53), np.int64(16)] -> cost: 4.0
[2024-10-15 01:59:45,611][INFO] Redundancy elimination: [np.int64(26), np.int64(17), np.int64(37)] -> cost: 3.0
[2024-10-15 01:59:45,611][INFO] Redundancy elimination: [np.int64(53), np.int64(16), np.int64(37), np.int64(26)] -> cost: 5.0
[2024-10-15 01:59:45,611][INFO] Size: 50 -> 45
[2024-10-15 01:59:45,611][INFO] Cost: 73.0 -> 67.0
[2024-10-15 01:59:45,611][INFO] Step 0: cost -> 72.0
[2024-10-15 01:59:48,581][INFO] Explored 96147 neighbors, found 1300 feasible (1.35%)
[2024-10-15 01:59:48,582][INFO] Step 1: cost -> 67.0
[2024-10-15 01:59:51,524][INFO] Explored 96147 neighbors, found 1300 feasible (1.35%)
[2024-10-15 01:59:51,525][INFO] Step 2: cost -> 67.0
