[2024-10-15 01:53:18,371][INFO] Step 1: size: 1, coverage: 6.75%, cost: 1.0
[2024-10-15 01:53:18,386][INFO] Step 2: size: 2, coverage: 13.25%, cost: 2.0
[2024-10-15 01:53:18,401][INFO] Step 3: size: 3, coverage: 19.25%, cost: 3.0
[2024-10-15 01:53:18,417][INFO] Step 4: size: 4, coverage: 24.50%, cost: 4.0
[2024-10-15 01:53:18,431][INFO] Step 5: size: 5, coverage: 29.75%, cost: 5.0
[2024-10-15 01:53:18,446][INFO] Step 6: size: 6, coverage: 35.00%, cost: 6.0
[2024-10-15 01:53:18,461][INFO] Step 7: size: 7, coverage: 39.50%, cost: 7.0
[2024-10-15 01:53:18,476][INFO] Step 8: size: 8, coverage: 43.75%, cost: 8.0
[2024-10-15 01:53:18,491][INFO] Step 9: size: 9, coverage: 47.75%, cost: 9.0
[2024-10-15 01:53:18,505][INFO] Step 10: size: 10, coverage: 51.50%, cost: 10.0
[2024-10-15 01:53:18,520][INFO] Step 11: size: 11, coverage: 55.00%, cost: 11.0
[2024-10-15 01:53:18,534][INFO] Step 12: size: 12, coverage: 58.25%, cost: 12.0
[2024-10-15 01:53:18,549][INFO] Step 13: size: 13, coverage: 61.00%, cost: 13.0
[2024-10-15 01:53:18,563][INFO] Step 14: size: 14, coverage: 63.75%, cost: 14.0
[2024-10-15 01:53:18,578][INFO] Step 15: size: 15, coverage: 66.00%, cost: 15.0
[2024-10-15 01:53:18,592][INFO] Step 16: size: 16, coverage: 68.25%, cost: 16.0
[2024-10-15 01:53:18,606][INFO] Step 17: size: 17, coverage: 70.50%, cost: 17.0
[2024-10-15 01:53:18,620][INFO] Step 18: size: 18, coverage: 72.50%, cost: 18.0
[2024-10-15 01:53:18,634][INFO] Step 19: size: 19, coverage: 74.25%, cost: 19.0
[2024-10-15 01:53:18,648][INFO] Step 20: size: 20, coverage: 76.00%, cost: 20.0
[2024-10-15 01:53:18,663][INFO] Step 21: size: 21, coverage: 77.25%, cost: 21.0
[2024-10-15 01:53:18,677][INFO] Step 22: size: 22, coverage: 78.75%, cost: 22.0
[2024-10-15 01:53:18,691][INFO] Step 23: size: 23, coverage: 79.25%, cost: 23.0
[2024-10-15 01:53:18,705][INFO] Step 24: size: 24, coverage: 80.50%, cost: 24.0
[2024-10-15 01:53:18,720][INFO] Step 25: size: 25, coverage: 80.75%, cost: 25.0
[2024-10-15 01:53:18,734][INFO] Step 26: size: 26, coverage: 81.75%, cost: 26.0
[2024-10-15 01:53:18,748][INFO] Step 27: size: 27, coverage: 82.75%, cost: 27.0
[2024-10-15 01:53:18,763][INFO] Step 28: size: 28, coverage: 84.75%, cost: 29.0
[2024-10-15 01:53:18,778][INFO] Step 29: size: 29, coverage: 86.75%, cost: 31.0
[2024-10-15 01:53:18,792][INFO] Step 30: size: 30, coverage: 87.50%, cost: 32.0
[2024-10-15 01:53:18,807][INFO] Step 31: size: 31, coverage: 88.25%, cost: 33.0
[2024-10-15 01:53:18,821][INFO] Step 32: size: 32, coverage: 89.00%, cost: 34.0
[2024-10-15 01:53:18,836][INFO] Step 33: size: 33, coverage: 90.25%, cost: 36.0
[2024-10-15 01:53:18,850][INFO] Step 34: size: 34, coverage: 91.50%, cost: 38.0
[2024-10-15 01:53:18,865][INFO] Step 35: size: 35, coverage: 92.00%, cost: 39.0
[2024-10-15 01:53:18,880][INFO] Step 36: size: 36, coverage: 92.50%, cost: 40.0
[2024-10-15 01:53:18,895][INFO] Step 37: size: 37, coverage: 93.00%, cost: 41.0
[2024-10-15 01:53:18,910][INFO] Step 38: size: 38, coverage: 93.25%, cost: 42.0
[2024-10-15 01:53:18,925][INFO] Step 39: size: 39, coverage: 93.75%, cost: 43.0
[2024-10-15 01:53:18,940][INFO] Step 40: size: 40, coverage: 94.25%, cost: 44.0
[2024-10-15 01:53:18,955][INFO] Step 41: size: 41, coverage: 95.25%, cost: 46.0
[2024-10-15 01:53:18,970][INFO] Step 42: size: 42, coverage: 96.00%, cost: 48.0
[2024-10-15 01:53:18,986][INFO] Step 43: size: 43, coverage: 96.25%, cost: 49.0
[2024-10-15 01:53:19,001][INFO] Step 44: size: 44, coverage: 96.50%, cost: 50.0
[2024-10-15 01:53:19,017][INFO] Step 45: size: 45, coverage: 96.75%, cost: 51.0
[2024-10-15 01:53:19,032][INFO] Step 46: size: 46, coverage: 97.25%, cost: 53.0
[2024-10-15 01:53:19,048][INFO] Step 47: size: 47, coverage: 97.50%, cost: 55.0
[2024-10-15 01:53:19,063][INFO] Step 48: size: 48, coverage: 98.00%, cost: 57.0
[2024-10-15 01:53:19,079][INFO] Step 49: size: 49, coverage: 98.75%, cost: 62.0
[2024-10-15 01:53:19,095][INFO] Step 50: size: 50, coverage: 99.00%, cost: 64.0
[2024-10-15 01:53:19,111][INFO] Step 51: size: 51, coverage: 99.25%, cost: 66.0
[2024-10-15 01:53:19,127][INFO] Step 52: size: 52, coverage: 99.50%, cost: 68.0
[2024-10-15 01:53:19,143][INFO] Step 53: size: 53, coverage: 99.75%, cost: 70.0
[2024-10-15 01:53:19,159][INFO] Step 54: size: 54, coverage: 100.00%, cost: 73.0
[2024-10-15 01:53:19,159][INFO] Solved solution used 6 random steps
[2024-10-15 01:53:23,826][INFO] Explored 134210 neighbors, found 22178 feasible (16.52%)
[2024-10-15 01:53:23,863][INFO] Redundancy elimination: [np.int64(9), np.int64(25), np.int64(21), np.int64(6), np.int64(8), np.int64(24)] -> cost: 6.0
[2024-10-15 01:53:23,863][INFO] Redundancy elimination: [np.int64(24), np.int64(9), np.int64(52), np.int64(6)] -> cost: 5.0
[2024-10-15 01:53:23,863][INFO] Redundancy elimination: [np.int64(21), np.int64(8), np.int64(24), np.int64(52), np.int64(9), np.int64(6)] -> cost: 7.0
[2024-10-15 01:53:23,863][INFO] Redundancy elimination: [np.int64(6), np.int64(25), np.int64(8), np.int64(21)] -> cost: 4.0
[2024-10-15 01:53:23,863][INFO] Redundancy elimination: [np.int64(52), np.int64(9), np.int64(6), np.int64(8), np.int64(24), np.int64(21)] -> cost: 7.0
[2024-10-15 01:53:23,863][INFO] Size: 54 -> 48
[2024-10-15 01:53:23,865][INFO] Cost: 73.0 -> 66.0
[2024-10-15 01:53:23,865][INFO] Step 0: cost -> 72.0
[2024-10-15 01:53:27,697][INFO] Explored 118820 neighbors, found 2307 feasible (1.94%)
[2024-10-15 01:53:27,698][INFO] Step 1: cost -> 66.0
[2024-10-15 01:53:31,455][INFO] Explored 118820 neighbors, found 2307 feasible (1.94%)
[2024-10-15 01:53:31,456][INFO] Step 2: cost -> 66.0
[2024-10-15 02:00:25,619][INFO] Step 1: size: 1, coverage: 6.75%, cost: 1.0
[2024-10-15 02:00:25,635][INFO] Step 2: size: 2, coverage: 13.25%, cost: 2.0
[2024-10-15 02:00:25,650][INFO] Step 3: size: 3, coverage: 19.25%, cost: 3.0
[2024-10-15 02:00:25,665][INFO] Step 4: size: 4, coverage: 24.50%, cost: 4.0
[2024-10-15 02:00:25,680][INFO] Step 5: size: 5, coverage: 29.75%, cost: 5.0
[2024-10-15 02:00:25,695][INFO] Step 6: size: 6, coverage: 35.00%, cost: 6.0
[2024-10-15 02:00:25,710][INFO] Step 7: size: 7, coverage: 39.50%, cost: 7.0
[2024-10-15 02:00:25,725][INFO] Step 8: size: 8, coverage: 43.25%, cost: 8.0
[2024-10-15 02:00:25,740][INFO] Step 9: size: 9, coverage: 47.25%, cost: 9.0
[2024-10-15 02:00:25,755][INFO] Step 10: size: 10, coverage: 51.25%, cost: 10.0
[2024-10-15 02:00:25,769][INFO] Step 11: size: 11, coverage: 54.50%, cost: 11.0
[2024-10-15 02:00:25,784][INFO] Step 12: size: 12, coverage: 57.75%, cost: 12.0
[2024-10-15 02:00:25,798][INFO] Step 13: size: 13, coverage: 60.75%, cost: 13.0
[2024-10-15 02:00:25,813][INFO] Step 14: size: 14, coverage: 63.50%, cost: 14.0
[2024-10-15 02:00:25,827][INFO] Step 15: size: 15, coverage: 66.00%, cost: 15.0
[2024-10-15 02:00:25,841][INFO] Step 16: size: 16, coverage: 68.50%, cost: 16.0
[2024-10-15 02:00:25,856][INFO] Step 17: size: 17, coverage: 70.75%, cost: 17.0
[2024-10-15 02:00:25,870][INFO] Step 18: size: 18, coverage: 72.75%, cost: 18.0
[2024-10-15 02:00:25,884][INFO] Step 19: size: 19, coverage: 74.50%, cost: 19.0
[2024-10-15 02:00:25,898][INFO] Step 20: size: 20, coverage: 76.25%, cost: 20.0
[2024-10-15 02:00:25,913][INFO] Step 21: size: 21, coverage: 77.75%, cost: 21.0
[2024-10-15 02:00:25,927][INFO] Step 22: size: 22, coverage: 80.50%, cost: 23.0
[2024-10-15 02:00:25,941][INFO] Step 23: size: 23, coverage: 81.75%, cost: 24.0
[2024-10-15 02:00:25,955][INFO] Step 24: size: 24, coverage: 84.00%, cost: 26.0
[2024-10-15 02:00:25,970][INFO] Step 25: size: 25, coverage: 85.00%, cost: 27.0
[2024-10-15 02:00:25,984][INFO] Step 26: size: 26, coverage: 85.50%, cost: 28.0
[2024-10-15 02:00:25,998][INFO] Step 27: size: 27, coverage: 86.50%, cost: 29.0
[2024-10-15 02:00:26,013][INFO] Step 28: size: 28, coverage: 87.25%, cost: 30.0
[2024-10-15 02:00:26,027][INFO] Step 29: size: 29, coverage: 88.00%, cost: 31.0
[2024-10-15 02:00:26,042][INFO] Step 30: size: 30, coverage: 88.75%, cost: 32.0
[2024-10-15 02:00:26,056][INFO] Step 31: size: 31, coverage: 90.25%, cost: 34.0
[2024-10-15 02:00:26,071][INFO] Step 32: size: 32, coverage: 91.50%, cost: 36.0
[2024-10-15 02:00:26,085][INFO] Step 33: size: 33, coverage: 92.00%, cost: 37.0
[2024-10-15 02:00:26,100][INFO] Step 34: size: 34, coverage: 92.50%, cost: 38.0
[2024-10-15 02:00:26,115][INFO] Step 35: size: 35, coverage: 93.00%, cost: 39.0
[2024-10-15 02:00:26,129][INFO] Step 36: size: 36, coverage: 93.50%, cost: 40.0
[2024-10-15 02:00:26,144][INFO] Step 37: size: 37, coverage: 93.75%, cost: 41.0
[2024-10-15 02:00:26,159][INFO] Step 38: size: 38, coverage: 94.75%, cost: 43.0
[2024-10-15 02:00:26,174][INFO] Step 39: size: 39, coverage: 95.00%, cost: 44.0
[2024-10-15 02:00:26,189][INFO] Step 40: size: 40, coverage: 95.25%, cost: 45.0
[2024-10-15 02:00:26,205][INFO] Step 41: size: 41, coverage: 95.50%, cost: 46.0
[2024-10-15 02:00:26,220][INFO] Step 42: size: 42, coverage: 95.75%, cost: 47.0
[2024-10-15 02:00:26,235][INFO] Step 43: size: 43, coverage: 96.00%, cost: 48.0
[2024-10-15 02:00:26,250][INFO] Step 44: size: 44, coverage: 96.25%, cost: 49.0
[2024-10-15 02:00:26,266][INFO] Step 45: size: 45, coverage: 96.50%, cost: 50.0
[2024-10-15 02:00:26,281][INFO] Step 46: size: 46, coverage: 97.00%, cost: 52.0
[2024-10-15 02:00:26,297][INFO] Step 47: size: 47, coverage: 97.50%, cost: 54.0
[2024-10-15 02:00:26,313][INFO] Step 48: size: 48, coverage: 98.50%, cost: 59.0
[2024-10-15 02:00:26,328][INFO] Step 49: size: 49, coverage: 98.75%, cost: 61.0
[2024-10-15 02:00:26,344][INFO] Step 50: size: 50, coverage: 99.00%, cost: 63.0
[2024-10-15 02:00:26,360][INFO] Step 51: size: 51, coverage: 99.25%, cost: 65.0
[2024-10-15 02:00:26,376][INFO] Step 52: size: 52, coverage: 99.50%, cost: 67.0
[2024-10-15 02:00:26,392][INFO] Step 53: size: 53, coverage: 99.75%, cost: 69.0
[2024-10-15 02:00:26,408][INFO] Step 54: size: 54, coverage: 100.00%, cost: 72.0
[2024-10-15 02:00:26,408][INFO] Solved solution used 4 random steps
[2024-10-15 02:00:30,830][INFO] Explored 129306 neighbors, found 17220 feasible (13.32%)
[2024-10-15 02:00:30,867][INFO] Redundancy elimination: [np.int64(46), np.int64(9), np.int64(6), np.int64(21), np.int64(24)] -> cost: 5.0
[2024-10-15 02:00:30,867][INFO] Redundancy elimination: [np.int64(9), np.int64(6), np.int64(45), np.int64(21), np.int64(46), np.int64(24)] -> cost: 6.0
[2024-10-15 02:00:30,867][INFO] Redundancy elimination: [np.int64(21), np.int64(38), np.int64(6), np.int64(45)] -> cost: 4.0
[2024-10-15 02:00:30,867][INFO] Redundancy elimination: [np.int64(6), np.int64(24), np.int64(46), np.int64(45), np.int64(9)] -> cost: 5.0
[2024-10-15 02:00:30,867][INFO] Redundancy elimination: [np.int64(38), np.int64(6), np.int64(21), np.int64(45), np.int64(24), np.int64(9)] -> cost: 6.0
[2024-10-15 02:00:30,867][INFO] Size: 54 -> 48
[2024-10-15 02:00:30,867][INFO] Cost: 72.0 -> 66.0
[2024-10-15 02:00:30,867][INFO] Step 0: cost -> 72.0
[2024-10-15 02:00:34,494][INFO] Explored 114943 neighbors, found 2091 feasible (1.82%)
[2024-10-15 02:00:34,495][INFO] Step 1: cost -> 66.0
[2024-10-15 02:00:38,115][INFO] Explored 114943 neighbors, found 2091 feasible (1.82%)
[2024-10-15 02:00:38,117][INFO] Step 2: cost -> 66.0
